66430650
599663688
23482358
562986044
527030158
169515646
451927396
992780831
746937336
93898630
843207846
467714031
309914368
32373650
614380239
218044508
178339009
555573743
278976413
843974522
450687850
965243946
557820851
700167415
93768882
100441623
579875691
979992373
977485422
472750916
714797570
516383057
129720502
340980453
46598156
341482505
673161982
573375284
788975441
275205258
745810009
167026947
634247715
92363518
130159798
802676821
898721940
32384110
648816111
655015866
630174927
787638947
972813174
129720502
983780318
369314001
680441459
386265640
1
614380239
97037214
788975441
884750607
27736435
805885848
802676821
172901029
585240519
843974522
414070507
208917888
903221914
946950640
16977106
610378305
88323181
391131729
297721548
10
524632621
100441623
721617140
179597442
998689696
244092363
788975441
23482358
655015866
980877287
370881
795285863
749018590
487814049
189874901
999512770
747363900
844198098
681971828
67518121
5015051
342330165
249420944
314413453
455131417
342330165
639204363
204283292
904597318
973871569
200016492
278976413
384951437
470251328
58020252
695545008
621372446
607196614
349120238
669989313
821987704
884158612
416976073
746937336
162101766
388061120
659537022
103983004
986345000
161403251
977485422
466254724
107816356
967102009
614380239
444805188
248590766
650941699
388061120
992407830
479810800
592986880
770935442
300270468
3761461
189874901
151667782
721617140
399875574
734171268
309914368
253265671
556007948
827874435
103961583
996556599
227943607
564413839
683538680
581264389
305174163
499777259
556236941
176905258
787638947
993246911
986699863
743928632
227465186
756771547
903221914
63322283
251297295
275205258
170507467
736383643
773118870
494874175
556007948
787638947
412533633
316372179
516383057
436715057
995547968
389927427
275507421
66430650
291848212
316372179
887510260
979444186
66430650
717552752
281255127
746937336
482636632
773118870
493854947
280128240
683538680
507634900
3998093
379135191
329313371
824309164
875304626
747363900
318294545
834429163
8898603
933866206
836745818
354740411
103961583
444805188
16977106
10977639
44817066
387120643
979992373
114617150
891918068
843410497
983780318
747363900
706153832
604354499
388061120
578518160
167026947
806442151
103714509
995547968
494874175
562986044
862636349
402737690
513610769
599947610
189973554
249420944
199785190
523589715
179597442
638637380
439752238
678216378
843974522
379135191
117643267
354740411
93898630
131225688
249479266
96177646
157305698
397991399
163410716
807973025
19951016
116361766
493854947
546933580
428527358
587614078
178339009
492252442
859172763
137158394
690319247
270710518
1
453083206
526521147
369865985
416976073
467714031
983780318
193992127
649329457
329313371
455116137
482866441
271029772
273320985
178339009
753893333
716100284
656783842
416976073
992780831
198025561
314274700
78545185
324367954
388061120
242009563
46598156
514245021
93232780
129720502
779220677
397991399
977485422
137158394
165105338
686406158
731526683
458432099
883255351
873735929
34850360
768143183
630174927
131225688
826079867
711265915
227547313
199785190
314413453
241308472
751109629
115146866
288865384
950815130
849859696
711265915
683538680
981870925
95673858
903221914
903221914
807973025
950435730
653621048
402737690
280128240
797010792
375947794
880211059
527030158
661815621
983780318
849859696
291848212
661815621
995547968
444805188
30828089
683635382
894142973
514802540
940644413
369865985
728091607
405572486
482636632
172901029
993903423
386304079
711265915
308140864
224914906
95673858
728091607
494874175
459756422
27810873
977485422
92758893
658516737
404462807
964982728
806442151
3761461
802676821
527030158
129720502
945309929
721617140
388061120
397991399
281255127
981870925
487998326
614633990
32287383
195828062
369865985
174875262
884750607
29090988
415385114
810398049
680645541
448153628
90367647
109320
193992127
482636632
988302004
121413468
96507421
227465186
565076947
649329457
573375284
472750916
100441623
477546440
749018590
669989313
243456007
148516861
108563469
649032276
711265915
977485422
369865985
225202154
919965156
721617140
398038273
634247715
210470057
114617150
4578874
540791553
608423628
992407830
137158394
32111757
278976413
241279063
710517816
167026947
499528842
109320
514245021
103961583
773118870
424829041
107004760
903221914
398089477
448224737
751109629
270064945
980877287
397991399
10
561118832
129151366
649032276
650200503
708281718
649329457
504602768
967102009
27810873
93232780
193992127
873735929
860129906
444805188
364670984
397991399
837614702
369865985
92363518
649163450
524632621
205248445
109320
124887470
486167898
524632621
34850360
842176960
169231122
335362996
46598156
482866441
526610742
309914368
165803742
873735929
862636349
161958242
770935442
787638947
964982728
954765100
406287201
723873926
711265915
314413453
977485422
395816878
401016825
526524555
607322191
470598575
494992805
932563030
23482358
868162915
661815621
404050229
482020824
386265640
314413453
227465186
829563740
68082379
827874435
364670984
280128240
349603248
391664953
770935442
498805845
1
654475886
165803742
642375839
865494791
389349799
144577080
947683738
626701595
314274700
670452469
869414694
913408437
32373650
674956617
521591019
385463629
103961583
340980453
154221862
630174927
191671291
208917888
977485422
655015866
275127100
185501014
314413453
64353010
58020252
117643267
945309929
459756422
918055945
400505735
329313371
612125369
335362996
402737690
459756422
912135238
881775823
82229777
78646918
898721940
507634900
373635
176717014
924037576
32373650
978583117
367464741
873735929
988302004
416976073
83985854
524880099
208917888
21634869
524632621
575223283
945309929
460321258
913408437
969353455
39218592
989897475
397991399
548056668
212864327
379135191
716574648
986345000
12582463
751109629
694242446
787383704
137067068
803039224
495780310
477923943
680748079
495780310
818265792
379135191
76756955
704852441
96177646
314413453
540791553
347090776
818265792
967102009
68704122
770204493
791470502
591981464
927777991
876008563
275127100
32373650
649329457
1
527030158
486167898
54672045
32373650
94828826
972031111
714797570
823046072
162101766
199260963
868296475
867677207
820777211
688411835
677807982
245521338
17351571
963962664
717552752
10
55884872
711265915
731062412
107816356
198025561
140739068
919965156
96177646
540791553
978369227
251297295
459756422
677657046
898721940
46598156
630174927
211960357
275127100
163410716
4826160
648816111
655015866
130159798
93898630
473178420
200016492
700167415
720295202
140937029
612260923
150
305174163
478420462
711265915
700167415
649672174
129151366
673161982
617405578
412533633
480946336
25322078
751109629
168210228
227255957
478420462
179597442
945309929
144577080
130159798
354740411
581264389
655779725
151667782
362603295
487814049
199260963
671321971
594987972
457230381
4881554
648816111
415199457
405572486
332966857
17119491
901005178
3384
607196614
209163147
988265960
54116793
25322078
148826348
91934287
402737690
518407419
314413453
786990155
163410716
951776794
524632621
785865361
83761743
568368152
454933126
150
340980453
369865985
865544553
981870925
516383057
1
794289386
347090776
967102009
793446963
369381086
199785190
96177646
190065818
991435600
46598156
379135191
66430650
482866441
162440365
539831708
614380239
329313371
988265960
614380239
807327223
42310282
701638237
130835460
739551562
622743859
178339009
407767560
96507421
240879853
713205793
227547313
365777724
163821298
995064824
397129535
278976413
316372179
912208782
372339610
186587623
952041196
21980709
679855380
431154975
156440138
881014710
540791553
614380239
387120643
614633990
649032276
342330165
991435600
379135191
534632181
596813636
971436597
374368240
704827836
290767032
108563469
185930935
435979412
847590242
163410716
686406158
648816111
637653710
221535415
509464548
717666514
103961583
860531089
70843747
195828062
126764792
165803742
193992127
743292671
92758893
4826160
69349174
457230381
44478882
273320985
312499983
207908345
349120238
152080595
415385114
658516737
167026947
4826160
379031049
22065528
493854947
208917888
326901762
470445634
556007948
67086855
867677207
643056667
297721548
66430650
239487316
317529385
594611600
980877287
885392673
912135238
470598575
637653710
32373650
992780831
477546440
817385146
120303465
872456026
557423421
689075782
495780310
482636632
865544553
516383057
648816111
96507421
1
414226570
227382860
865494791
601659712
912208782
466644565
157899096
58020252
4578874
787251769
386265640
749018590
714797570
482636632
124887470
751109629
743928632
163410716
928419854
297721548
868296475
426867054
107816356
854887779
154221862
992780831
545525098
290767032
435818852
596813636
121413468
269522820
248004927
158686698
467714031
273320985
875803619
199785190
162101766
945309929
93898630
669989313
93898630
92363518
448491009
431528533
388061120
29257644
32384110
436715057
131225688
524632621
777001122
486167898
467394655
717552752
787015285
539831708
67633894
954560340
295247545
364670984
686406158
894545941
991435600
959807253
93898630
362603295
528998322
802261454
384951437
193275305
1
705309122
824309164
135823353
802676821
568368152
728091607
109261581
372339610
749238636
935572794
486167898
278976413
248590766
137067068
67633894
80485323
37511989
312499983
529091764
981870925
911522452
194836668
69349174
463535049
278976413
498805845
347090776
314413453
83761743
198025561
524632621
507634900
635677431
150
107816356
13144341
124887470
393658570
412097691
341482505
477546440
751109629
443607341
751109629
165803742
148516861
278976413
545467996
956498829
211960357
337031243
3384
32287383
39218592
764523640
149544260
485792650
884106298
608567631
764523640
548056668
690319247
326901762
548056668
495780310
227465186
23482358
227465186
649329457
991400574
458539767
453044707
202745008
186089018
427244288
482636632
524632621
414252458
988265960
260550553
362603295
552934977
439752238
34850360
451927396
603468535
690319247
129151366
451927396
184151516
980877287
988302004
4826160
735744550
914774218
509702826
107816356
810078868
919965156
349603248
387120643
100441623
70843747
764523640
398089477
673161982
222004446
179597442
702387745
133589639
273320985
802676821
595033883
771544629
369865985
721617140
607196614
160337504
861663429
93718562
451927396
10
825648313
69349174
92758893
369865985
930797222
495780310
482866441
185930935
489334816
991400574
478420462
333792366
325303951
988302004
527030158
117643267
754995819
275127100
740630647
275127100
658516737
172901029
614380239
992407830
412051143
602121847
700167415
464953846
347090776
270465875
297721548
865544553
585240519
478420462
829563740
179597442
916987917
404462807
340980453
388061120
129720502
787638947
912135238
404462807
983780318
684707791
186587623
654167456
70843747
598374889
281255127
165803742
555573743
184151516
137067068
545498508
118071355
23482358
963962664
280128240
379135191
444232445
93898630
248004927
135697991
444266403
743928632
933866206
198025561
488925495
103520151
764523640
412533633
127814090
874539733
807114556
178339009
189874901
721617140
298620610
294780030
532214478
198025561
512817370
995547968
172901029
482020824
287479581
700167415
164879431
621372446
3384
168210228
798497389
943907716
839980986
298620610
648816111
482636632
93898630
200016492
988302004
4450703
655015866
224925216
96507421
397991399
834815379
304697117
979266351
881775823
82229777
312499983
185501014
186587623
567102041
69349174
362603295
273320985
345422821
249420944
165105338
649008942
763040148
93898630
335362996
898119581
6851071
470251328
816756749
309914368
770137588
827874435
362603295
840517467
347690544
112814054
159853745
275507421
674121168
919965156
217525900
236526103
190024752
988265960
459756422
3384
787638947
227465186
649329457
602121847
137067068
129720502
885392673
294201367
297721548
992780831
88137938
873735929
715028813
227465186
564518089
167026947
928419854
107816356
314413453
842176960
110468114
749468613
816403399
507634900
3384
780068949
980877287
830384728
648816111
851824107
903221914
130159798
524632621
405572486
794289386
794289386
482636632
150
683538680
705234926
34850360
888798311
34850360
373635
105663951
436715057
24619653
121413468
92758893
820777211
148516861
259334049
291848212
937652212
820777211
67633894
608423628
199260963
977485422
183554005
539831708
122139726
275205258
858720610
385777194
979992373
478420462
32384110
345422821
575867832
903221914
965243946
275507421
794144518
865494791
806442151
384951437
885392673
745810009
137158394
573375284
316372179
824309164
141022884
666649663
146771262
992780831
681025017
121413468
740630647
902060183
436715057
509395742
379135191
802916844
3384
19006987
118799996
129151366
397991399
165803742
451927396
728091607
787638947
335586040
92363518
602121847
386265640
456022011
673279264
93718562
980877287
58020252
364670984
746937336
914696426
294780030
721617140
415385114
189874901
16977106
249420944
397129535
614633990
70843747
345788310
917036058
977485422
655015866
278976413
596813636
482020824
658516737
721268548
700167415
945309929
903221914
663349178
634247715
86878930
146214753
107816356
699322051
198316614
396881735
95673858
610313238
154221862
67633894
284436391
379135191
32373650
699050620
527030158
578145052
482020824
686984769
448224737
397991399
478420462
683538680
477546440
92363518
991400574
440502205
186587623
477546440
401016825
149544260
570584722
621374723
504215547
988302004
482636632
769929921
714797570
70843747
669989313
545525098
838831295
964982728
281876375
163410716
880968746
502606782
178339009
369865985
66430650
633866362
761380057
199260963
345422821
678579893
541130882
214175993
156285460
199785190
103961583
172901029
297721548
275205258
248590766
27810873
478420462
720386633
489334816
602121847
649032276
326765523
497120647
470598575
977485422
168210228
291848212
227255957
324367954
373635
174505867
596813636
593293243
227465186
280811537
807973025
318294545
806442151
278976413
424007951
167026947
129151366
867677207
168210228
223152305
563202104
436715057
32287383
637653710
596813636
614380239
823046072
92758893
591537117
795285863
373635
129151366
168146195
58020252
527030158
728091607
335362996
649329457
347090776
257823817
188338409
935930979
655015866
482020824
535269599
453142950
548056668
275205258
150
186587623
773505842
168352436
963962664
336927252
459756422
388061120
806442151
58020252
749018590
940644413
644184465
312084886
740630647
354740411
968506118
824309164
906067382
436715057
494874175
463535049
884750607
32373650
592193772
58020252
807973025
791382319
113370599
335362996
349120238
944510048
389927427
919965156
92758893
80786374
493854947
362399368
213852772
704153761
179068339
929230496
1037290
416976073
866325963
794722583
840517467
683538680
386265640
314274700
314413453
58020252
540791553
412533633
388061120
583971389
1
93898630
249479266
673161982
275507421
404462807
963962664
794289386
607935433
991400574
780265257
67086855
251297295
114617150
444232445
787638947
275205258
557820851
199785190
280756000
165105338
372339610
527030158
275205258
362399368
704936703
545525098
304697117
389927427
482020824
4826160
482020824
84784835
524632621
555573743
711265915
74751525
436350836
444805188
602121847
457230381
316372179
433110961
991400574
673161982
227465186
397991399
948161911
507634900
227382860
130159798
170864699
200016492
756804636
32111757
333025723
144577080
477546440
103961583
211960357
743222190
467714031
4578874
868296475
980877287
23482358
746937336
557820851
199785190
249479266
78849264
739007598
249479266
596813636
215858813
96177646
933891365
649032276
711265915
700167415
898721940
639500393
467714031
314413453
388061120
349120238
548056668
772214221
240128239
248590766
93898630
820777211
225799444
884158612
92363518
309480313
711265915
130159798
511867647
444805188
227255957
116359180
614380239
412533633
280128240
493854947
527030158
794289386
349120238
342330165
482036261
705234926
117643267
524632621
227255957
929928279
787638947
545525098
458432099
940644413
793333731
70843747
827874435
27810873
92975345
130159798
431314823
444232445
880404102
482020824
312499983
238032932
305174163
661815621
347090776
663349178
397991399
12605296
174875262
893109847
379135191
557820851
275507421
386265640
83761743
413628541
27810873
335352970
208917888
770935442
107816356
704200127
486167898
481140803
194465845
103961583
967102009
991400574
273320985
46598156
868296475
991435600
598374889
753626763
749018590
492306040
172901029
598374889
305174163
396101785
802916844
608752895
32384110
952041196
207908345
193275305
573070274
903221914
991400574
441063425
1
334667351
3384
700167415
873735929
32287383
105690010
726185148
721617140
314413453
103961583
329313371
573375284
940644413
964328745
137158394
929192353
69349174
326901762
33223501
96507421
697631369
386923663
234013438
46598156
779370659
545976424
991426493
560258225
661815621
714797570
326901762
348234499
195828062
8330058
151667782
486167898
995547968
206669470
251297295
683538680
760028246
548056668
25322078
83761743
436715057
995547968
558057901
387687131
195828062
195828062
968512545
373635
92363518
638521290
700167415
514245021
318713144
945309929
680748079
270710518
728091607
698436690
457835595
198025561
825719268
540791553
556007948
807973025
372339610
933866206
733063563
103961583
436715057
393658570
137067068
227255957
988302004
495780310
44988312
470598575
507222700
107816356
470598575
824309164
32185104
207908345
92363518
388061120
225799444
747363900
397991399
470598575
716100284
995547968
227255957
914160952
721617140
189874901
209481491
933866206
96507421
95673858
389927427
382851337
172901029
357066182
516383057
840517467
225799444
321611883
637378855
493854947
795285863
570836801
952041196
862636349
436715057
655678484
280128240
607196614
716574648
172901029
728091607
118364201
991435600
655015866
249479266
6630458
371774905
626701595
81253588
992780831
121413468
795938904
700167415
933866206
58020252
979992373
369865985
498943403
787638947
239487316
654167456
992780831
342330165
357506497
372339610
647294487
405572486
545525098
553118260
324367954
275507421
96177646
840517467
70843747
165803742
592650945
614380239
61922929
614633990
712039438
373635
654167456
764740090
82229777
189874901
436715057
679746132
648816111
412210813
472750916
69349174
596813636
58020252
995547968
165803742
554546788
378934392
195828062
728091607
734779659
259168139
441103553
843410497
83761743
69349174
649329457
386697286
189568530
813324378
105489741
823475245
451343531
92758893
137067068
524632621
62638071
637653710
393658570
397991399
280128240
596813636
834429163
548056668
490235666
843974522
341482505
342605133
593815408
179503910
23482358
347090776
27810873
23482358
743928632
533139427
151667782
198025561
568859327
992780831
131225688
408910855
769750584
4716888
294780030
398089477
654322365
654167456
740630647
712595253
679855380
680231688
468033136
326901762
415385114
96507421
309914368
983812703
290767032
661815621
167026947
96177646
807973025
87432583
228079926
470251328
778557779
1
705234926
486167898
942801460
498805845
96507421
210549131
535434229
913408437
32655133
58182026
384951437
324367954
913408437
489334816
919965156
314409236
70843747
683538680
540791553
821987704
95673858
988265960
534260654
454933126
746937336
581264389
898721940
984773907
144577080
802676821
78646918
824309164
249420944
275507421
621372446
683387785
444232445
997575442
130159798
800611801
701352632
393658570
952041196
58020252
373635
82229777
967102009
269522820
179597442
65273219
349603248
514811540
32111757
695087036
214933332
130159798
986345000
503444762
416976073
740630647
345422821
912135238
240879853
62036432
151667782
655015866
162979419
297095674
751109629
293233134
326901762
862376829
448224737
306749367
327036694
227255957
338911730
716100284
167026947
458432099
524632621
540791553
613175964
257889899
397991399
332162123
863404391
602121847
823677919
498805845
482020824
261161824
397991399
159703586
174875262
768081421
365777724
198025561
34220901
130312622
433300831
607196614
746937336
649329457
952313896
335362996
441220564
557820851
517661069
275127100
527030158
174875262
947831414
700167415
862636349
818265792
459756422
114617150
149544260
32384110
751885764
822621336
505115444
746937336
815708758
254545165
389927427
100441623
919965156
229724367
679855380
740630647
738200694
280128240
514245021
895461334
235123723
320147778
436715057
56137692
281255127
918055945
637653710
298620610
103961583
995547968
4578874
660225798
806442151
154221862
270710518
827874435
310386367
705234926
527030158
397129535
67633894
942554182
668420613
28267928
269885884
749018590
711265915
290767032
487814049
939365165
130159798
663349178
251058609
190876640
121413468
780869986
314409236
884158612
779342623
389927427
794289386
69349174
144577080
680636700
717552752
151667782
4826160
653000847
740630647
557820851
913408437
749018590
983780318
338911730
212766838
4826160
820777211
46598156
278741995
178339009
397129535
259488899
150
168210228
129720502
522224941
884750607
149544260
354740411
4578874
840517467
440114326
387120643
548056668
422884029
753332035
46598156
137158394
165803742
988302004
117643267
10
227382860
146174678
711265915
867677207
630174927
92363518
834429163
933891365
404462807
208917888
316372179
323851556
717552752
824309164
988265960
843974522
716100284
195828062
170864699
751885764
680748079
280128240
20880542
556007948
843974522
988302004
316372179
470251328
92758893
191972814
548056668
654167456
349603248
945309929
655015866
3998093
630780551
516383057
527030158
649032276
658516737
482636632
843410497
594847176
349120238
658516737
510520289
34850360
386265640
967102009
227876199
249420944
362435027
208917888
384951437
966325612
668347818
519837370
655015866
728091607
655015866
486167898
376358176
499224931
745810009
10
770935442
714797570
820777211
669477169
249420944
157890323
585240519
389927427
49826425
198025561
93718562
234736108
746937336
239487316
273692856
109320
117643267
907421650
634247715
596813636
545525098
129720502
443607341
788975441
176308439
878730989
803330553
186587623
885392673
1037290
204434900
275205258
991435600
845885590
227255957
654289022
820794752
298620610
658516737
959689791
42310282
657061773
3384
728091607
275127100
432838882
463535049
717552752
806999131
680748079
249479266
545525098
76618640
412533633
32384110
679855380
596813636
388061120
275205258
459756422
992780831
873240748
826671881
637653710
403706775
216761534
588501731
275127100
174875262
630174927
3384
980877287
32373650
637653710
768695110
493854947
114617150
568368152
865494791
444805188
340980453
126261966
367964176
199785190
425944422
189874901
705234926
769929921
905649634
174831513
679855380
716574648
459756422
83761743
364670984
113370599
648246433
489334816
41933040
235390408
309914368
463535049
339874343
355424767
402737690
626020494
558881657
95673858
369865985
602121847
106928340
614380239
55373033
482636632
675094020
159853745
144577080
938625075
649090538
208917888
186587623
389927427
794289386
487814049
4147432
404462807
614732372
843410497
451927396
137158394
298620610
356507466
96177646
804523025
566754354
186467181
806442151
786567147
326901762
83761743
621372446
185501014
165803742
249479266
249420944
507236163
556007948
186171257
457529072
397129535
314413453
300688471
933866206
683538680
365777724
80281963
451927396
384951437
326901762
593911001
186587623
321580740
829563740
364670984
932980493
3384
117643267
46598156
294780030
163024093
824309164
373635
885392673
833280001
823046072
168210228
835949032
865544553
494874175
347090776
581193746
556007948
162979541
92758893
176717014
690319247
614380239
637653710
992407830
683538680
477546440
893624624
953965294
78646918
708534394
428267915
470598575
689075782
498943403
195828062
191967396
271161522
27810873
568368152
690319247
230289175
165803742
184151516
436715057
275507421
227950501
444805188
986345000
668879348
748383133
389927427
326901762
648248520
163410716
282376698
721617140
347090776
218499610
314274700
511019824
345422821
241637545
533812699
392579177
829563740
482866441
364670984
873279413
792673392
992780831
46598156
343425692
514802540
451927396
199260963
539057410
23482358
964982728
267482036
172901029
700167415
654167456
795285863
193992127
67633894
185930935
9392779
747363900
225799444
494874175
498943403
364670984
852156657
42310282
486167898
167026947
654167456
477546440
291848212
933891365
165105338
829606814
129720502
494874175
137158394
227465186
4578874
484407105
581264389
387630913
83761743
475489832
773118870
275127100
467714031
743928632
442831547
775682317
912135238
746937336
318990614
807973025
27368441
362399368
295882765
655015866
813857621
933891365
69349174
716100284
795285863
498805845
514802540
160354716
554326137
779247097
163410716
983780318
365777724
69349174
32384110
110468114
441834806
326901762
988265960
717552752
489334816
2178932
348795158
932629519
464904144
314409236
637653710
869196767
454933126
770935442
482866441
479810800
338911730
225799444
478420462
550985984
833828609
67561493
278976413
163410716
986296315
760667696
524632621
329313371
172901029
522317207
151667782
195828062
340708871
678285639
349619979
249479266
129151366
611893929
545525098
239487316
669927034
124887470
523721431
34850360
32287383
654167456
48173167
873735929
427860176
58020252
716100284
304697117
493452341
964924274
770935442
557820851
316372179
124887470
698436690
596813636
655015866
168210228
108563469
981870925
275127100
424614948
32373650
463421258
312499983
78646918
82229777
25322078
124887470
614633990
364670984
906868148
1
165803742
648816111
56294214
486363668
294912147
867677207
25322078
342330165
608423628
198025561
715288477
545525098
372339610
607196614
275127100
698436690
940644413
207908345
415385114
721370023
397991399
227382860
846007419
820777211
164988906
806442151
69349174
482020824
714797570
271833814
4826160
689075782
166691928
943071809
746937336
318374354
3384
25322078
96507421
884750607
663349178
588695816
92758893
444176341
806972863
816188319
459756422
945309929
210767384
69349174
795285863
362264873
129720502
148516861
721617140
299586234
552882068
486167898
898721940
584713114
170864699
728210676
996305928
444994363
489343177
487814049
95673858
342330165
977485422
912135238
312499983
548338100
32111757
981870925
81072140
23482358
424614948
548056668
740630647
290767032
637653710
557032519
994855209
411395756
591361220
240879853
5197244
198025561
634247715
10
820777211
178339009
397451455
354740411
765378369
613194932
596813636
109704478
149544260
679855380
649032276
606801161
95673858
314413453
764523640
175257360
540791553
816456656
32384110
281255127
349603248
755310980
315448326
964982728
213968533
113425034
514811540
329313371
903221914
109320
532066079
280128240
368084996
705234926
773485779
103961583
470251328
170864699
114617150
602121847
23482358
651730333
550045764
477546440
254591722
421633044
919965156
903221914
740630647
162101766
849859696
634247715
191171984
658167446
179597442
683538680
397991399
823161480
188521007
487814049
163410716
573375284
751885764
911715707
812909068
298620610
751109629
369865985
13078783
148516861
39269828
458905985
598726366
23482358
129720502
493357842
4578874
772214221
988302004
621372446
388061120
25322078
275507421
248004927
700167415
3384
753750937
815552305
964925839
389927427
314274700
516383057
405572486
992780831
159853745
227255957
991400574
69349174
807973025
698436690
686406158
435265153
653449242
364670984
111806798
312084886
831512117
716100284
773726532
337691098
349603248
472750916
663349178
865494791
338911730
170864699
151667782
227255957
389928600
93898630
566198524
137158394
653983700
345422821
806232937
166829763
945309929
100441623
329313371
345422821
751109629
875839815
712881816
298620610
725576447
802916844
399682294
270404832
131225688
150
865494791
199260963
630174927
899047063
397129535
179305270
45658664
679855380
100441623
199785190
108563469
457230381
717552752
775890380
831512117
354740411
83761743
144577080
32287383
802676821
507634900
58020252
690319247
743928632
32111757
824309164
450516052
986345000
802916844
4578874
661815621
436715057
580957886
109320
27810873
96177646
100441623
418494610
887651382
795285863
178339009
679855380
470251328
364670984
574572769
490773095
172624258
95673858
556996971
123571720
185930935
162076939
787638947
617770025
820777211
32287383
369865985
489334816
156285460
747363900
497054797
159853745
548056668
765364026
751109629
726269640
309914368
113370599
945309929
637653710
770935442
122803559
114617150
787638947
150246486
532113788
168210228
95673858
677604929
32373650
312499983
721617140
240879853
379135191
16977106
988265960
300965660
769929921
903972360
23482358
806442151
823046072
248004927
25322078
189874901
704827836
345422821
174875262
835542533
365777724
983780318
505115444
338911730
16977106
193992127
320386792
219164934
470251328
405218576
137158394
928979279
807973025
314413453
211960357
626701595
270710518
632389633
1
871971012
283031848
995818700
280128240
897772722
444232445
764523640
787638947
239487316
647879037
357959996
772214221
493854947
477546440
898721940
95673858
788975441
108563469
58020252
412336
273035355
275127100
239399227
249479266
596813636
364670984
793605524
849859696
514802540
305174163
