524632621
199785190
977485422
524632621
67633894
634247715
51066627
995547968
700167415
568368152
787638947
242559032
557820851
950917675
556007948
436715057
444805188
66430650
451927396
992780831
598374889
897020785
95556376
227255957
275127100
913408437
398089477
983780318
298620610
130159798
884750607
952041196
225799444
908043314
884750607
945309929
329313371
314409236
149544260
780068949
4187937
390638404
342700849
540791553
655015866
178339009
338911730
728091607
608423628
249479266
749018590
557820851
289288668
70843747
384951437
751109629
540791553
327077964
770935442
524632621
986345000
93898630
909154334
906511277
297721548
23482358
531595040
690319247
468875212
507634900
743928632
540791553
388061120
109320
637653710
827874435
389927427
162101766
933593181
117643267
807500551
843974522
661815621
354740411
933891365
928419854
397991399
47794962
607196614
281255127
461661618
807973025
951324545
39218592
905869966
622206965
349120238
503444762
540791553
689075782
683538680
354740411
777161433
988265960
198025561
3384
327584778
186587623
294780030
82229777
314413453
349169831
39900816
66605158
918455197
78646918
768933455
275507421
540775633
743928632
338911730
867677207
281255127
49626306
540791553
386265640
482866441
227465186
482636632
865494791
159853745
769929921
548056668
847387539
238981310
912208782
826953712
27810873
787638947
933891365
149544260
568368152
225799444
568368152
363854693
747363900
398089477
275205258
560801492
717552752
824309164
614380239
496184730
4172808
450494681
65195832
978413051
92363518
273320985
364670984
154879276
448224737
375415318
507236163
205036477
516383057
108563469
683538680
728091607
988265960
72869385
369865985
740630647
280128240
189874901
979992373
208917888
69349174
318294545
227255957
714797570
747363900
695106172
462231243
144577080
67086855
980877287
478420462
516383057
249420944
470598575
458432099
624462289
459756422
154221862
298927819
658560579
433326170
108583594
83212366
568668054
367961480
927478664
107816356
472750916
193992127
665046316
933891365
527030158
114617150
554247911
280128240
482866441
673161982
788975441
69555593
251297295
364670984
93232780
457521796
404462807
397991399
493854947
103961583
749018590
92758893
287553398
823046072
354740411
963962664
919965156
184126928
634247715
405572486
4826160
795285863
591981030
66727077
294780030
160629882
193275305
952041196
720131941
248004927
995547968
304697117
208917888
228222474
96177646
842642366
159853745
614633990
815053710
898721940
650543984
988302004
974567900
431277100
174875262
150
46598156
304697117
992780831
524037559
362603295
491641055
824309164
610757174
986121044
517655434
764523640
273053915
304697117
366804326
964982728
980597018
92363518
680441459
67633894
290767032
746937336
248590766
459756422
141062854
364670984
249420944
935493054
27810873
792140290
500180038
193992127
794289386
716341650
510247182
791055978
903221914
316372179
524632621
689075782
249420944
312499983
658516737
575556341
995547968
755619264
546333358
3761461
458466688
96507421
227465186
940644413
672340633
150
1
853009830
172371593
976225413
100441623
842176960
93718562
704936703
347090776
3761461
314116173
379135191
747739960
372339610
190434366
67086855
977485422
704936703
131225688
836114161
427479337
989435660
912208782
614380239
42310282
185541547
881775823
947430601
184151516
32111757
412533633
517715924
818265792
806442151
275205258
998325409
43032124
92363518
573375284
297721548
905090850
144577080
227465186
596813636
398089477
486167898
520759358
557221978
249825026
565616131
354740411
649032276
251297295
548056668
69349174
131225688
220581841
683538680
195828062
345422821
454933126
598374889
927475910
598374889
557820851
539831708
375415318
655015866
178339009
92363518
524632621
691335781
912135238
649032276
372339610
487814049
630174927
991400574
487814049
679855380
184717733
843410497
581264389
404462807
751109629
865494791
864123655
749018590
228713738
483534395
188797582
527030158
866022001
648816111
912208782
507634900
133494977
179597442
46701852
144577080
598374889
100441623
812957030
977410942
493854947
547126697
977485422
873735929
193992127
397991399
792911850
648816111
107816356
516383057
950300835
349120238
413960064
787186956
715448122
637653710
868296475
117643267
672340633
344383005
679855380
886496735
842176960
444232445
980877287
555955665
940644413
548056668
10
865544553
324367954
992407830
178339009
467714031
426319677
76040294
248004927
222353944
163410716
397129535
365849836
472750916
897451938
378421466
354740411
145242845
34850360
397991399
137067068
473687360
713620440
92758893
92363518
362399368
401062440
364670984
716100284
831512117
563227577
933866206
404462807
179597442
542259562
326869214
130159798
96507421
507634900
803039224
787638947
986345000
185501014
309914368
479686226
126930055
3998093
401016825
342330165
384951437
16977106
654167456
585240519
249479266
290767032
3384
602121847
227255957
129709835
489334816
841797283
992407830
34850360
163410716
607196614
280128240
484745226
199785190
165105338
275127100
162101766
530645478
283005064
121413468
963962664
404462807
849565012
540791553
423908520
824999273
974711011
747363900
415385114
305174163
807973025
882935790
987833158
735412701
928419854
386265640
3998093
820777211
548056668
658516737
4826160
185501014
159853745
732861396
96507421
412396169
32384110
485170393
349603248
207908345
92758893
103961583
46701852
393658570
777857450
129720502
899162623
224896614
168210228
362399368
294780030
602121847
148516861
891246156
690319247
666620834
176717014
946278411
747363900
928419854
108563469
921486776
991435600
226926387
562986044
121413468
746937336
162101766
83761743
3761461
388061120
495780310
78646918
601725106
648556615
862636349
386265640
362399368
458432099
322561794
596813636
257854787
330936553
697917409
679855380
103961583
778557779
39218592
92758893
193992127
912208782
548444787
910256453
959939781
673161982
745810009
379135191
912208782
418247619
467714031
786359326
453017879
260686707
770935442
770935442
827874435
16977106
342330165
315195111
827874435
505945967
34220901
200016492
740630647
264550858
227465186
986345000
290767032
360800526
324367954
443607341
643163108
155114584
717552752
377513959
39218592
227382860
813679744
93898630
865494791
465224231
240879853
83875502
148516861
545525098
988265960
626701595
986345000
109320
415385114
855574464
487814049
788975441
672340633
802676821
326901762
723536512
103961583
154221862
58437133
137067068
61058895
82229777
676765536
683538680
721617140
845900330
705234926
995547968
266834227
717552752
633450931
298620610
716100284
324367954
849859696
568473616
199785190
164362356
387120643
940644413
58020252
412533633
918055945
110468114
524632621
721617140
32287383
732040809
977485422
349120238
373635
110973724
199785190
472750916
980877287
288061168
178339009
193992127
340980453
303361801
614633990
940644413
326901762
250742028
378188958
885392673
377349377
843410497
928419854
743928632
507634900
451927396
137158394
344383005
349549439
270081756
621372446
443707733
463535049
601946539
495780310
959391873
842176960
478420462
362603295
848440180
397129535
459756422
945828664
186012046
704527497
412766304
290767032
931491762
840517467
698436690
170864699
185930935
162101766
467714031
67086855
346688464
516329556
762830589
482866441
979610438
369865985
162101766
840517467
93232780
540791553
991435600
314047349
314786338
577782932
495780310
906554796
981870925
448224737
101003436
204434900
172901029
329313371
831512117
802676821
803039224
329313371
437127011
364670984
599140794
683538680
475875048
345422821
980877287
929003388
873095626
155524904
69368233
818265792
67086855
66605158
66605158
887136967
384951437
225799444
856546495
70490549
820777211
309914368
478241073
711265915
114617150
26303251
358626781
172901029
713191611
616747167
270710518
444805188
227382860
379135191
717552752
239487316
770681651
227097517
77669983
373635
805777101
988265960
614633990
93232780
779342623
297721548
854902540
245242828
154221862
607196614
93898630
227465186
314274700
32287383
275507421
25322078
505115444
21108469
883215705
3384
751885764
945309929
717552752
498805845
397991399
746937336
498805845
379135191
275507421
495780310
32373650
150
130159798
368669171
384951437
124887470
903221914
100441623
999661367
413286764
154221862
654167456
444805188
298620610
769929921
983860314
970083007
539831708
873735929
121413468
983780318
298620610
83761743
292504469
281255127
542368075
458432099
503337797
988265960
991878205
225605644
689075782
73975011
68899906
324367954
884750607
444805188
290767032
898721940
933891365
537759187
114617150
539831708
745810009
369865985
294780030
285516069
749018590
227255957
820777211
745810009
207908345
780068949
239487316
981870925
865544553
862636349
458432099
388061120
10
999646547
527030158
144577080
562740386
165803742
612225598
16977106
885392673
527030158
671931271
549797102
621266727
255257856
457230381
174875262
823046072
879414543
834429163
995973605
735417613
249479266
861216913
898721940
340980453
686406158
545525098
129720502
599352190
219676389
165803742
919965156
108563469
428690800
309914368
698587037
756765450
457230381
165105338
479810800
452035468
315229997
248590766
865544553
349603248
314355281
298620610
19225205
829563740
275507421
726185148
865544553
557820851
146307763
821987704
172505793
769929921
96507421
148516861
23482358
472393173
32384110
545525098
689075782
280128240
32111757
289831115
745810009
928419854
362603295
978536375
335362996
444232445
354740411
67633894
109320
566682136
448224737
329313371
354227865
745810009
151667782
329501051
393658570
494874175
769929921
242026776
787638947
165482920
347090776
149344111
507634900
607336473
980877287
918055945
172126116
456534154
494874175
436715057
788975441
151667782
862636349
539831708
507236163
868296475
539831708
628987936
96507421
347090776
618698228
706551961
66605158
92363518
55598964
71835711
496370904
457270468
348890692
977485422
992780831
70843747
746937336
470251328
511666068
185501014
527030158
164161247
823046072
661815621
335362996
527030158
167026947
200016492
149544260
704936703
93718562
885392673
32373650
362603295
193275305
567360679
448224737
41061571
663349178
46598156
40236428
670130004
711265915
248004927
963962664
27720656
503444762
545525098
165803742
284892040
67633894
108563469
316372179
986345000
221618000
264602862
843974522
248004927
840517467
798205358
607196614
369865985
740630647
67086855
531182166
933866206
44310877
93898630
734151544
986345000
704936703
823046072
397991399
482020824
32373650
779342623
545525098
493854947
144577080
981870925
868296475
204345086
573179608
346633309
395554152
416753665
873735929
498805845
244767741
746937336
999661367
379135191
312084886
3384
18924042
743928632
556007948
280128240
716100284
802797292
561360904
602121847
396486138
340980453
93898630
449721884
843974522
111958407
3998093
785816538
845632171
829563740
712624795
193549381
144577080
634247715
669989313
482636632
556007948
178339009
470598575
614380239
273320985
478420462
941960960
983780318
162101766
365777724
740630647
156285460
524632621
362603295
354740411
534252045
843213539
345422821
174875262
716100284
4826160
795285863
304697117
342501728
383210831
769929921
717552752
787638947
843974522
67086855
769929921
32384110
770935442
865544553
463535049
236388749
32384110
540791553
655015866
176717014
198025561
974763362
238463178
981870925
448224737
661815621
225799444
329313371
298620610
928419854
862970338
114617150
362312676
402737690
596813636
717567391
503337797
196715551
369865985
945931404
113887809
349603248
162101766
614633990
158124905
472750916
755153957
747058115
397991399
868541864
32287383
711265915
107816356
199785190
386265640
412533633
794289386
335362996
227465186
487814049
602121847
787638947
79365600
999661367
225799444
318294545
42310282
159853745
364670984
140206425
275507421
700167415
779370659
155403460
185930935
397991399
100441623
32373650
747363900
215157010
32287383
495780310
336613192
655015866
700167415
114617150
212334788
881775823
108563469
463535049
652419968
488613279
599317050
4826160
156285460
415385114
574577041
902786662
78646918
661815621
988265960
912863145
545525098
777161433
809588889
698638530
679550274
940644413
275507421
891675062
369865985
34850360
387120643
933891365
403017769
745810009
898721940
199785190
706924618
340980453
740630647
479810800
572631649
184151516
680192805
743947729
63009540
349120238
872345173
204434900
345422821
706153832
489334816
364670984
975890839
849859696
165956858
587220085
896227569
386265640
981870925
992780831
345422821
394443413
802676821
5423079
977017494
302289957
900929852
224519880
340980453
148516861
354740411
415385114
658516737
67086855
3612153
608423628
754687882
248004927
42088752
971852053
933891365
32031956
683921343
645779486
309914368
436715057
444805188
148516861
42310282
349603248
155114584
821987704
316654753
416976073
677386714
950821019
919965156
150
706153832
700167415
912135238
751885764
397991399
626701595
149544260
3384
479686226
149544260
312499983
634247715
477546440
199260963
3761461
802676821
227465186
207908345
227382860
621372446
331124279
686406158
596813636
405572486
270710518
884750607
362603295
349603248
207908345
407504624
607196614
179597442
100441623
150
362603295
732431921
129720502
27810873
783968121
335362996
248590766
100441623
227547313
945309929
776398715
285435709
347090776
655015866
326901762
861495485
170864699
751748697
865544553
445507593
92758893
32384110
884158612
863450013
294780030
963558842
931511809
745810009
106828810
626701595
995547968
278976413
965831984
768818335
340980453
912135238
933891365
996414542
67193750
199260963
823046072
706153832
992780831
692108359
185501014
933891365
194757986
912863145
716100284
720659697
220215599
340980453
992407830
633838620
204434900
933866206
717552752
335362996
794289386
548056668
841239251
248590766
806442151
67633894
90344775
704827836
227382860
945309929
198025561
69715625
251297295
787638947
239487316
368822054
148516861
835846357
129151366
962933555
444805188
441097625
152392611
404462807
787638947
951327369
865494791
66430650
389927427
778557779
297721548
680748079
191919012
318294545
498805845
67086855
172901029
727264599
607196614
337990385
912863145
371898357
986345000
630174927
581264389
479810800
821987704
673161982
517964716
711265915
373635
249479266
807973025
249420944
284060433
4826160
93232780
96177646
347090776
71948357
527839854
963962664
312084886
178339009
269522820
100441623
673161982
227547313
151667782
163410716
898721940
842176960
115607250
113370599
125975410
32384110
507634900
5980518
865589528
827874435
585240519
673161982
195828062
208917888
281579009
4826160
824111162
491611654
66430650
335362996
275127100
479810800
608423628
369865985
151667782
721617140
248590766
4731121
165803742
314413453
491996060
340980453
266058468
134130142
986345000
721617140
658516737
548056668
937182264
780068949
304697117
427030885
784289483
110425637
155936321
387120643
575326815
686406158
801735854
952041196
209616476
179597442
507634900
443607341
329313371
23143071
669862124
986345000
292196072
656841548
524632621
227255957
918055945
726185148
820777211
281255127
67633894
248004927
895324124
608423628
251297295
416976073
795285863
691494656
114617150
3384
981870925
524632621
316774357
103961583
507634900
716100284
92758893
514811540
248004927
189505485
352170934
758571549
1
768731168
208917888
38767064
388061120
478420462
545525098
738200694
795285863
198025561
773485779
68961621
751885764
567911447
769929921
227255957
278976413
52844755
934025270
673161982
319512465
680441459
198553512
387120643
268071848
709235404
93898630
144577080
127981619
275127100
112151011
755403786
193275305
557820851
650104548
367991812
335362996
70490549
324009709
827703837
258624474
902264494
298620610
540791553
150
129151366
489334816
727797918
354740411
711265915
362603295
711265915
616883913
436715057
303361801
546193910
585240519
165803742
865969252
167026947
806442151
275205258
93898630
993246911
67633894
461753960
988302004
472750916
824309164
928419854
193275305
679855380
933866206
917176487
70490549
807973025
397605069
479686226
387701872
498943403
693876370
416976073
873735929
683538680
148516861
275127100
150
904628198
746937336
726185148
807973025
549055101
131225688
772214221
562986044
933891365
96177646
83761743
797042570
454207549
862636349
184151516
341637548
173643577
862636349
991435600
227382860
390254653
770935442
275127100
983780318
123646785
78646918
596813636
977485422
96177646
291848212
448224737
993246911
129151366
807500551
589084843
207908345
225799444
785948029
86516794
728120458
362603295
419687040
952041196
543302818
303361801
853080826
722534038
48316013
764523640
704852441
274995627
679855380
345422821
717552752
568070636
41869586
986345000
92363518
382936634
46598156
787638947
646358001
108563469
168210228
479686226
464724495
198025561
364670984
312084886
714120560
148516861
55101689
513498905
294780030
280128240
167026947
34850360
163410716
342330165
803039224
751052699
482636632
945309929
40672673
658516737
991400574
827874435
138795541
898721940
227255957
637653710
71846079
95556376
198025561
590495837
881713838
114617150
270402499
151667782
165105338
557820851
940644413
227547313
651088724
1
107816356
933891365
881775823
913408437
472750916
573375284
66430650
487814049
168210228
92363518
443607341
704852441
757205430
212311649
294780030
661815621
39218592
372339610
754581691
275205258
716574648
189239321
803098785
761955776
389927427
716100284
451927396
130159798
658516737
881775823
386265640
479810800
137158394
722515605
680441459
67633894
318294545
740591386
278976413
913408437
298620610
681904513
500428279
865494791
680748079
16977106
165105338
940644413
250779325
27810873
914238650
751885764
108563469
66430650
196540344
594813899
193275305
802916844
804463675
260335872
991400574
93898630
162101766
251297295
345422821
677426235
298620610
621372446
898721940
137067068
93232780
404462807
482866441
189874901
397991399
179754409
335362996
137158394
903221914
503444762
32287383
35052659
224044459
394388570
843974522
386265640
165105338
607196614
179597442
369865985
516383057
255179360
705234926
539831708
881775823
201730105
655015866
354740411
912135238
585240519
498805845
843974522
458432099
329313371
648816111
172901029
312084886
516383057
709235404
338911730
163410716
699450494
227465186
159853745
308891810
885392673
436715057
340980453
70843747
680441459
516538673
704852441
669989313
373635
903221914
721617140
379135191
885392673
478420462
685743844
714797570
945309929
556007948
445921044
71767040
743928632
832042697
453881133
514245021
829563740
51066627
843410497
397991399
448224737
193275305
581264389
829263689
829563740
736771445
991400574
776834137
225799444
507634900
216415451
467714031
513777422
637653710
659942012
10
345422821
93718562
227465186
227547313
442924668
912208782
172901029
952041196
619931994
168210228
786453329
345422821
555573743
769929921
340980453
821987704
794289386
249479266
184644389
269522820
198025561
587025473
362399368
149544260
604830997
316901343
988302004
349120238
807500551
66605158
309914368
137067068
928419854
458432099
940644413
853338027
478420462
2879861
34850360
568368152
354740411
1
865544553
41728823
37879395
3998093
41227968
739805421
108563469
297721548
311724994
700167415
919965156
207908345
661815621
386265640
149544260
290313440
482866441
67633894
802676821
281255127
362603295
626701595
263907561
291848212
93232780
851814961
753353441
556007948
93232780
854830463
983780318
909447485
304697117
108563469
362603295
477546440
992780831
92758893
34850360
607395668
347090776
3384
865494791
726185148
774338971
634247715
516528515
3761461
493854947
10
70490549
316372179
770935442
779370659
648816111
778557779
117643267
540791553
658516737
248872688
10063227
918055945
492595990
365777724
986345000
700167415
401476868
341482505
649032276
783305007
469337187
516383057
807973025
58020252
827874435
170864699
983780318
298620610
679855380
716100284
148516861
689292406
156285460
451116642
634247715
314116173
53386829
4578874
275491074
979992373
4578874
704936703
836014200
479810800
992780831
198025561
728091607
46598156
314116173
455911600
280128240
933891365
802676821
647578033
602121847
269522820
251297295
88030091
773118870
992407830
464063534
389927427
314409236
807973025
163410716
170864699
150
730718339
412533633
479686226
174875262
887433754
555573743
174875262
82229777
514245021
303361801
32111757
4826160
416976073
387120643
83761743
912135238
208917888
467714031
553346497
110946836
915574792
96177646
149544260
581264389
160237288
511657595
168210228
516383057
482636632
389927427
181847325
149544260
716100284
985316567
751885764
175697775
630174927
928419854
170864699
4826160
10816302
912208782
933891365
165105338
312084886
114617150
1037290
162101766
494874175
362603295
32287383
489060889
898721940
34850360
198025561
807500551
991400574
32384110
36720477
669989313
532220021
877195249
389927427
479810800
784435279
838809572
103961583
607196614
275205258
451927396
1
637653710
656093166
248590766
788975441
988265960
233508381
87226859
495780310
514811540
144599883
840517467
121413468
459755842
96177646
517242087
952041196
179597442
137158394
805668623
912208782
286997
113370599
912208782
780068949
988302004
249420944
211960357
794289386
436715057
743928632
344383005
255366724
275507421
551853290
275205258
193275305
63248685
46598156
335362996
356851812
601422744
581264389
275507421
1
199260963
788975441
614266247
314413453
991400574
248590766
124887470
362519696
927806470
349603248
498928359
689075782
813439176
338615862
291848212
873735929
869828686
963268066
698436690
514802540
992407830
477546440
939219315
933866206
384951437
309914368
607196614
444232445
483581884
981870925
448224737
945309929
430584798
951586850
129151366
679855380
249420944
345422821
304697117
154221862
726185148
981870925
751885764
459756422
79184239
608868719
867600227
704181702
749018590
149544260
294780030
249479266
38637548
137067068
67086855
316372179
749018590
362399368
248004927
383364682
372339610
186587623
488102524
487814049
305174163
780068949
704852441
516383057
270729998
607196614
259773561
405572486
698436690
32373650
32384110
928419854
596813636
928419854
349603248
557820851
312499983
172901029
837445860
185501014
524632621
168210228
149544260
68899906
979992373
992780831
124887470
436715057
673161982
704852441
700167415
679855380
751885764
910178133
467714031
648816111
680687268
186587623
548056668
42310282
436715057
979992373
3488754
739005148
211960357
242026776
867677207
375889012
516383057
806442151
821987704
249479266
227547313
294654807
918055945
114617150
849859696
983780318
18794208
721617140
467714031
881775823
363883710
479810800
248590766
126066439
3761461
439752238
386265640
831512117
439752238
993246911
345422821
443607341
860883634
58020252
83761743
570561705
248590766
362603295
980877287
397129535
185930935
439752238
191152202
655015866
867677207
992780831
213646857
248004927
913408437
539831708
4578874
200016492
27810873
484458340
601653830
912208782
705234926
148516861
129720502
175342295
885392673
557337497
278027818
452327896
168210228
415452075
252068258
404462807
324367954
303188929
139743132
863351685
865544553
172901029
747363900
32384110
991400574
591696842
978321299
405572486
493854947
129720502
179597442
503444762
172901029
415385114
980877287
12767829
416976073
823046072
540791553
114617150
862636349
130159798
340980453
764605526
983780318
451068040
673161982
840517467
248590766
800841937
369865985
925552031
316372179
732263544
113491344
202240115
12161294
96177646
25322078
554590354
32384110
591873296
32384110
498805845
993246911
444805188
834429163
414443266
933891365
459756422
849859696
137067068
764523640
527030158
432472701
162101766
963962664
273320985
614633990
159853745
248004927
983780318
280128240
578398530
962823124
787638947
82229777
823046072
372339610
186587623
364670984
865494791
489610110
614380239
373635
156285460
922109118
877932375
716100284
482866441
314413453
988302004
215124589
437190512
413902681
689075782
58020252
488102524
903221914
448224737
921085071
903221914
503444762
912208782
208917888
539654620
114617150
168210228
443607341
613469437
308640331
278976413
769929921
799808100
167026947
813666099
650885306
945309929
369865985
482636632
757707223
598374889
309914368
298620610
539831708
467714031
66923545
344940316
275507421
193992127
915872338
342330165
208917888
314116173
130159798
752988695
524632621
749018590
806442151
788975441
207908345
364670984
92363518
66430650
353197099
992128061
154300470
849859696
993246911
540791553
706730825
654706857
77855924
309914368
726449376
445010381
853053353
914014249
59313981
69472709
10804794
683538680
395172939
930896453
330936553
34220901
988265960
458432099
208917888
483594871
178339009
32373650
393421814
193275305
459756422
208917888
224519880
274387176
728866891
612176781
382345546
248590766
93718562
184151516
179597442
362399368
862349639
668998065
658516737
521695467
655015866
27810873
170864699
821987704
561113861
1037290
172901029
576086491
298620610
794289386
270710518
952041196
349603248
393570400
239487316
48089126
457230381
13915474
795285863
983780318
416976073
806442151
298620610
738200694
740630647
270710518
199186778
778557779
304697117
198025561
802467723
185930935
227382860
118578893
108563469
184612312
69349174
887965865
401016825
992780831
307590737
548056668
369865985
863097236
280128240
185501014
269522820
527030158
239487316
185930935
103961583
3384
157212055
444232445
679855380
884158612
557820851
387120643
992407830
294288912
932947952
607156940
69349174
106944742
327213775
503444762
227255957
398089477
780068949
151667782
103276560
461868395
439752238
347090776
807973025
165803742
842846388
271157595
117643267
176717014
293797442
784850664
749897546
777329904
349603248
421325866
437746775
4294440
437258348
137067068
974058610
806442151
95164689
151667782
539831708
51254795
239487316
412608149
945309929
498943403
824309164
743928632
967498125
831468544
297721548
449631993
130159798
211960357
472750916
144577080
297721548
160025505
716100284
806097557
64942397
197279368
70490549
928419854
524632621
413960064
34850360
385386633
842176960
661815621
304410753
457230381
269522820
349603248
596813636
65217212
433227995
131225688
689075782
918455197
945309929
648816111
17235380
150
341482505
46598156
829563740
66552979
246831917
172901029
386265640
112657607
802916844
650287860
493854947
816205287
963962664
849859696
842176960
479630170
772940652
912135238
728091607
156285460
130159798
223131801
746937336
64628611
780068949
291848212
200836009
314413453
275127100
297721548
93815398
342330165
269522820
902798885
95673858
747363900
840517467
96177646
999661367
615543484
235710082
444281266
871366193
308395106
124887470
189874901
820777211
214703142
581264389
208917888
331145882
383228154
711265915
802916844
964953358
495780310
840517467
704936703
843410497
568368152
486167898
340980453
650442146
178339009
70843747
199785190
459756422
227547313
96125738
918055945
744423618
800067604
335362996
490430810
34850360
717552752
648816111
291848212
805276828
149544260
769223217
145791570
122331377
514245021
493854947
151667782
503337797
150
96177646
67633894
626701595
155114584
431823016
568368152
898721940
444232445
82229777
495083488
193275305
412533633
803039224
66605158
981870925
342330165
846281157
992780831
415385114
669989313
67294403
27810873
760809114
398089477
160767618
46598156
849859696
598374889
27810873
977485422
459756422
151667782
960151286
174875262
840517467
103961583
7978030
4826160
118073566
983780318
884158612
903221914
448224737
405516222
988265960
478420462
347090776
362603295
126821060
118007043
988302004
937753853
198837406
542250399
769929921
608423628
795285863
412533633
820536855
727875615
598374889
130159798
912135238
129720502
590319981
717552752
914706011
840517467
149556197
239487316
199260963
199785190
630174927
227255957
349603248
500342759
656741732
162101766
26168370
634247715
979992373
958449028
196077212
873735929
227255957
83454371
114617150
193992127
342330165
249717414
704936703
664441490
843410497
154221862
988265960
795285863
928419854
249479266
614633990
711574011
464063534
614380239
397129535
679855380
251297295
705234926
417672063
700167415
436715057
195828062
832984038
109320
336044522
318294545
482866441
495442574
96507421
185125803
154569217
251297295
199260963
219735395
977485422
862320617
448224737
806442151
66430650
96507421
309914368
39218592
369865985
338911730
373635
347090776
45776187
807500551
96507421
227255957
817504641
455545249
705234926
912863145
981412427
823046072
649329457
298620610
477546440
918055945
92363518
746937336
349120238
227547313
840679177
159853745
365777724
32373650
840517467
654167456
217916817
459756422
933535450
985895138
369538616
507634900
275036860
87127869
654167456
751885764
707016021
548444787
207908345
585240519
4578874
683538680
942990426
559954702
843410497
898721940
557820851
107816356
227465186
690319247
638555811
807973025
412533633
170864699
716574648
802676821
780068949
191769486
109320
66430650
617640630
4442132
817283398
314409236
690319247
829563740
493854947
240879853
170864699
103847813
704827836
293997881
912135238
773485779
802916844
618115196
207908345
379135191
761131503
174875262
869250546
997099584
862636349
178339009
736025044
503337797
750892160
746937336
698436690
354740411
548444787
912135238
154497380
165803742
95673858
163606229
227255957
324367954
933866206
405572486
963962664
421089404
806442151
451927396
721617140
401016825
751109629
362603295
472750916
791166507
130159798
637653710
148516861
706153832
163410716
444805188
93718562
451927396
589116240
79184239
32111757
654167456
239487316
67633894
979992373
482866441
693919735
673161982
707545468
891723780
16977106
912208782
963962664
388061120
303309986
104824483
913408437
172901029
150
347090776
928419854
227465186
215426348
137158394
764523640
397991399
439752238
340980453
709235404
721617140
716100284
23482358
34850360
365777724
826818507
452035468
42310282
507236163
168210228
807973025
358140128
178523322
888116052
150
116944632
159853745
998916533
318294545
193992127
324367954
562986044
548683188
727588690
165803742
648816111
459756422
953252963
196530192
826501419
452035468
452625427
66605158
646701558
8264770
992780831
170864699
793665718
395355472
686406158
954780473
304697117
988302004
807973025
432343552
746937336
806442151
361400361
992407830
117643267
614633990
933891365
619883048
754328374
749031435
548444787
482020824
211960357
69082363
249420944
767970909
780068949
260387020
919965156
170864699
213927474
198045195
968325474
412533633
488102524
70843747
57765743
95673858
444805188
968850336
364670984
865544553
559632702
664845624
189874901
648816111
865544553
727855900
420542996
344383005
225799444
977485422
280842078
451927396
316372179
993246911
93898630
585240519
843974522
803039224
101523500
31108906
25322078
189874901
498943403
769929921
557820851
416976073
354740411
927906377
123493001
489334816
439752238
362603295
592231116
249420944
121413468
436715057
275127100
176717014
912135238
873302044
631635550
414888883
424547753
470251328
539831708
637653710
705234926
467714031
988265960
329313371
103961583
92758893
979992373
991400574
117643267
362399368
167026947
16977106
557820851
553891882
686406158
640178890
156285460
10
467714031
249420944
548056668
802676821
505790441
668408842
952041196
364617242
304697117
326346686
71762595
991435600
294780030
903221914
273320985
451448665
69349174
819790321
619766002
207908345
711265915
227547313
391756983
780068949
33387723
227547313
661815621
96177646
919965156
137067068
149544260
158329581
482020824
232576319
493854947
867677207
488102524
988710064
248590766
977485422
129720502
773118870
58020252
634239013
415385114
552626764
472750916
898721940
159853745
269232688
568338818
154221862
157814659
130159798
933866206
195828062
766272
67350583
820777211
110468114
527220408
903907855
372339610
280128240
686406158
121413468
614380239
78646918
294780030
690319247
717552752
498805845
732742887
933866206
898721940
95673858
767729890
110468114
494874175
33571700
448224737
726108099
205851124
251297295
364670984
521823504
12005149
493854947
404462807
683538680
467714031
916184167
316372179
849859696
732074741
316372179
788925067
820777211
144577080
881514740
48433328
200046231
626701595
787638947
398089477
235559838
794289386
379135191
621372446
335362996
746937336
899162623
470251328
933891365
788883555
505115444
142163519
482866441
397991399
128516695
140857125
12311603
552772052
410342549
290767032
966497676
711265915
862636349
568368152
103961583
749018590
103961583
545525098
608423628
691978447
362603295
988265960
61345341
747363900
144577080
324367954
539831708
457230381
386265640
973455323
150
720761914
125575379
849859696
373635
993246911
125575379
494874175
869693314
242515887
324078702
888839626
364670984
416976073
401062440
961520677
866068028
34850360
448224737
545525098
316372179
207908345
498805845
25322078
340980453
958912906
275507421
602121847
32384110
567422555
373635
482866441
199260963
251467062
332860796
444232445
498943403
865494791
24766067
746937336
516383057
643385827
448224737
734708583
416976073
683249791
898721940
169900110
412533633
777343852
540791553
969324090
890445916
568368152
548056668
535937160
137067068
227547313
472750916
486167898
454933126
503444762
806442151
380481384
477546440
992780831
329313371
470251328
803039224
901719408
656264940
535304594
933891365
614633990
185930935
143881169
658516737
952041196
672340633
940644413
483064931
69349174
269522820
245864848
516383057
810959818
499301203
199260963
225799444
988302004
594430822
416976073
679142166
484193116
10
199444099
151667782
304697117
219014010
11238433
398564822
386265640
448224737
679855380
935022065
340980453
379135191
165803742
129747996
349603248
23482358
309914368
199785190
856302347
185501014
178339009
393658570
728091607
185501014
444199322
108563469
104575852
493854947
689075782
507236163
397991399
802916844
73612587
734130563
580605512
199260963
248590766
498805845
119285353
110468114
728091607
172940309
341482505
10
819358713
34850360
545525098
294780030
714797570
765273670
482020824
372339610
314413453
556007948
27810873
63978908
673161982
823046072
699826070
62182830
657006250
988541560
202739555
803039224
53789569
273320985
751109629
227255957
309914368
524632621
397624832
614633990
39218592
654167456
10
843410497
442100184
331735408
34850360
162116895
230987261
413960064
482020824
824624564
918055945
330936553
137158394
248401360
486167898
151667782
96177646
303361801
803039224
965243946
397665664
385060895
620697636
614380239
273320985
881202245
944648716
73390849
981870925
662414954
933891365
524632621
345422821
306412328
467714031
397991399
227255957
149544260
156930245
240879853
482636632
362603295
280128240
803453303
898971540
683538680
113370599
267633283
415535313
981268279
103961583
713620440
369865985
441458447
349603248
608625931
912135238
977485422
113370599
514541332
840517467
224519880
227465186
275205258
93898630
269522820
18115609
163476954
93232780
165803742
309914368
799711226
329313371
329313371
654133782
700167415
834429163
829563740
808423584
23482358
679855380
376004381
663349178
596813636
658041938
470251328
716100284
832211010
948830481
199260963
387120643
977485422
389927427
148516861
297721548
726185148
428549516
347090776
806442151
821987704
248192672
316372179
894831456
479686226
269105107
369382786
270710518
32287383
314116173
988265960
338318127
514245021
474120424
856420197
905836965
516621847
227255957
478420462
248004927
176717014
151853688
185501014
329313371
66605158
477633070
3998093
397991399
172901029
137158394
489334816
503444762
444636285
495780310
969112182
4826160
986345000
704827836
303621814
661815621
103661689
967102009
34220901
716100284
184151516
48276543
714797570
117643267
595774460
931459362
596813636
129151366
286906102
27810873
309914368
516383057
162101766
346162269
467714031
751885764
489334816
1627473
945309929
129151366
16977106
814283037
778557779
269522820
83761743
814979508
728947939
451927396
223578717
824309164
486167898
486667559
704827836
194637792
463535049
312499983
212769752
528103193
489334816
827874435
362603295
352726295
52532034
557337497
862340872
178160982
840517467
803039224
275127100
66430650
867677207
598239075
34850360
494874175
443129945
39218592
96507421
365207079
993246911
529389564
698436690
746937336
413960064
178339009
704827836
335362996
251297295
329313371
354740411
952041196
614633990
861655949
716473554
249420944
444232445
78646918
83761743
179597442
405572486
113370599
938190354
82229777
329313371
163410716
898721940
507236163
963962664
556007948
539831708
129720502
149544260
507634900
233296900
800231276
794289386
96177646
885392673
424614948
834429163
46598156
129151366
503337797
933891365
608423628
174875262
898721940
676878598
412533633
280128240
679855380
826527768
441151781
834061361
379135191
162101766
872059629
649032276
78646918
427763219
393658570
275507421
787638947
314413453
1
466499183
999661367
393658570
543028595
557820851
919965156
522692553
680748079
527030158
240879853
32384110
524632621
646632170
493854947
826390627
157092706
4826160
557820851
187366519
406622460
928419854
1037290
898721940
634247715
834631629
137158394
159284685
324367954
818650542
572548497
338911730
92363518
453597550
669989313
918055945
503444762
965243946
45891545
838195843
945309929
493098017
646863139
294237092
967102009
58020252
477898607
32373650
729522885
193992127
548056668
658516737
947782508
246925211
854887779
148516861
404573981
176717014
963962664
452035468
602121847
507634900
342330165
655015866
349603248
249420944
516383057
68899906
309914368
602121847
66430650
397991399
117946272
369865985
83761743
239487316
862636349
193992127
1687732
318294545
885879408
280128240
698614330
807973025
291848212
110468114
67086855
397129535
379805180
557337497
121413468
155114584
524632621
362603295
514811540
404462807
396416942
540500638
751885764
393658570
439973079
928253782
199260963
768731168
472750916
129720502
226732105
507634900
863103635
904798481
912135238
265159539
762118747
309914368
829563740
3384
911536675
387131049
117643267
605165293
598374889
898721940
249420944
707115456
820777211
913408437
114617150
344468180
1
10
873735929
614633990
67633894
297721548
103961583
743687329
29345989
983780318
227255957
945309929
107164887
240879853
602121847
868296475
908170221
713105750
222837336
663349178
46598156
803039224
23482358
658516737
364670984
862636349
618446145
341482505
843410497
193992127
648816111
415385114
482636632
347069644
807973025
548444787
489334816
527030158
439752238
318294545
397129535
682069005
416930572
362399368
516383057
378167453
172901029
980877287
912208782
193275305
129720502
42927777
716574648
249420944
227465186
397129535
705234926
308576628
487592146
210747690
843974522
227382860
92758893
802916844
365777724
794289386
862636349
780068949
700167415
965243946
528867971
804540773
721617140
540791553
130159798
304697117
556007948
130056403
364670984
777161433
689075782
482636632
456358300
913408437
444232445
571514457
690319247
683538680
795285863
220422534
946747545
683538680
96507421
291848212
689075782
87732513
281255127
79414135
109320
760058878
79184239
248004927
4578874
952041196
149544260
69184386
174875262
87237573
794538562
281255127
679855380
602121847
42310282
751885764
749018590
981870925
738200694
482866441
493854947
251297295
489334816
78646918
144577080
251297295
831512117
608423628
150
986345000
982276534
963962664
433361838
714797570
151667782
988265960
379001979
507634900
404462807
505115444
170864699
32384110
436715057
834429163
849859696
143809208
673855202
881775823
419377820
92758893
854887779
408583882
559410489
121413468
505106721
93232780
25322078
842176960
162101766
494874175
689075782
92758893
397129535
882621358
32111757
249479266
658516737
373635
193992127
829563740
458432099
705234926
181847325
350552032
288449697
716574648
308960370
581624448
678456325
648816111
912135238
820871139
378436161
249479266
280128240
23838667
456982551
67633894
802916844
413960064
47140760
992407830
227547313
690319247
952041196
416976073
995549428
14334065
475634304
269522820
172901029
251297295
482866441
787638947
489334816
843974522
543130396
58216343
412533633
828620601
969999425
637653710
95673858
862636349
851737887
673161982
239487316
149889488
242026776
654924342
829563740
165803742
298620610
329313371
365777724
928419854
119252253
457296873
532765211
150
831512117
714797570
795285863
330196180
773485779
977485422
69349174
248004927
793974370
393658570
193275305
163410716
865494791
174875262
182328285
123989138
658516737
743928632
614633990
183901441
840517467
1
991435600
362399368
108563469
191651498
333189982
881775823
611953053
775981428
3938859
463535049
193275305
539831708
148516861
489334816
225799444
658516737
818030188
759830494
613963095
867677207
982161714
93898630
92363518
114464343
329313371
972799220
716574648
806442151
3384
32384110
204434900
129720502
374641789
281255127
163410716
787638947
933891365
272213094
248004927
95673858
239487316
227255957
482636632
137158394
95673858
150
842176960
575302927
170864699
589676575
787638947
32384110
249479266
93898630
488102524
294780030
96507421
162452126
413433988
276692075
329313371
498943403
125575379
249479266
415385114
993246911
16487799
408888430
843410497
849859696
178339009
193275305
275205258
760592235
444232445
897592819
716100284
163410716
539831708
62969182
614633990
4826160
899162623
189874901
795279553
973387800
151667782
938101415
340980453
596813636
952041196
556007948
125575379
964982728
397129535
764523640
457230381
338911730
635037642
421412929
607578526
745810009
27810873
251297295
657537873
365777724
156285460
925087797
151667782
270710518
10
405572486
387120643
162101766
395822149
560978000
109320
912863145
167026947
172901029
364670984
347090776
673062757
412533633
174710635
639235953
362603295
699892400
93898630
981870925
248590766
884158612
66923545
311180290
121413468
114617150
184151516
539831708
648816111
493854947
745810009
372339610
167026947
174875262
291848212
977485422
184151516
278976413
993246911
769929921
505115444
451927396
339248951
648816111
884750607
984906754
841091167
227547313
466110288
10
673174452
808565250
669989313
384608897
452497637
468589327
156285460
981870925
389927427
545525098
928419854
443607341
525165211
793642888
829563740
66430650
334055098
992407830
25322078
416976073
342330165
137158394
717552752
415385114
23482358
520538677
634247715
184151516
416976073
704852441
78646918
704936703
624141944
689075782
387120643
249420944
347090776
25322078
728091607
610734649
679855380
824309164
259141210
864665121
823046072
275507421
716574648
489334816
227382860
749018590
93232780
83761743
270710518
933891365
154497245
478420462
829563740
649329457
32111757
585595378
664926588
278976413
945309929
573375284
4578874
130159798
698436690
463535049
557820851
988302004
34850360
977485422
539831708
315665576
113370599
478420462
598374889
414895498
349603248
977485422
787638947
70843747
903221914
884750607
444232445
514930213
539831708
397991399
928419854
802676821
412533633
758719566
10
165105338
527229783
193992127
794830004
233053138
912135238
713620440
840517467
165803742
482866441
865494791
209500736
528512942
373796669
3761461
93898630
148516861
494874175
557820851
794309847
993246911
227547313
109320
395030825
807973025
339001759
503337797
384951437
10
199260963
494874175
389927427
947370755
67633894
103961583
315583963
661815621
878305759
849859696
884158612
988265960
805596397
690319247
726185148
967102009
195292358
986345000
398089477
275127100
277418906
945309929
581264389
70843747
406409295
823046072
491344559
507236163
432549323
94821232
780068949
248590766
249420944
18210376
689075782
383003880
329313371
131225688
110468114
596813636
387120643
467714031
573375284
448224737
912208782
540791553
32111757
698436690
184151516
849859696
388061120
248004927
129720502
567519180
207908345
291848212
155114584
27806574
679855380
433506569
478420462
309914368
577613325
531454204
308197621
227382860
165803742
661815621
333531169
444805188
638727707
573375284
117643267
373635
698436690
264507401
332232082
174875262
988302004
388061120
467714031
873735929
443607341
78646918
713600715
242026776
92363518
3998093
199785190
349603248
585240519
451927396
706153832
682255534
728091607
338911730
649032276
688834667
3998093
424614948
61751417
155114584
248590766
658516737
873735929
3620896
297721548
108563469
32287383
482866441
663349178
717552752
137158394
773485779
486167898
297721548
227382860
507634900
784959980
165803742
200016492
308393858
204434900
749018590
4826160
227547313
672340633
159853745
463535049
130159798
486167898
69349174
435958976
581264389
514245021
479686226
952041196
658516737
444805188
740630647
216746455
195828062
596813636
820777211
762972008
862636349
349745800
585950058
482866441
714797570
589931035
936021001
731788315
227547313
102886508
919487004
843410497
898721940
259427579
27378075
598374889
865494791
607196614
494874175
514245021
711265915
792770917
379135191
1037290
199785190
769929921
479810800
498805845
844655805
873735929
457230381
314413453
494874175
591460656
129720502
109320
150
561149030
912208782
137158394
596813636
382698919
294780030
304697117
329313371
314274700
843974522
617333248
559886248
537106141
945309929
245850796
749076527
764523640
988302004
349120238
630174927
93232780
598374889
812649685
654167456
663001733
608423628
67633894
369865985
28556273
150
165524949
397991399
462518089
151866727
759782417
325434552
73839485
686406158
543912423
771043798
827874435
673161982
326162427
539938225
545525098
539831708
4826160
802676821
643278398
975544040
742378354
686406158
181247364
191749822
162101766
838740417
275507421
928419854
356757750
440788305
844723219
527030158
686406158
829563740
32384110
342330165
149544260
96177646
965243946
349384844
152763405
742264672
557820851
163039777
726185148
125575379
162452126
561688507
261123296
70786583
585240519
540791553
455835242
345422821
312499983
403356018
676410571
933866206
117643267
608423628
487814049
330936553
803039224
397309714
108669912
150
123614725
46598156
922328722
796903630
788975441
919965156
349120238
4826160
130159798
747492920
451927396
149544260
637653710
478420462
655015866
58020252
168210228
634247715
412533633
227382860
368051538
493854947
117643267
899824103
216688904
626288595
663349178
995547968
92363518
405572486
475911935
952041196
967102009
155114584
478420462
952041196
340980453
4956979
160350956
945309929
329313371
270710518
877926509
491188181
150
107816356
869952135
67633894
992780831
966745116
229592386
913408437
369865985
545525098
168100786
373425940
876799919
416976073
556007948
860795467
404462807
151667782
658516737
823046072
539831708
444805188
28493475
156285460
405572486
121529410
607456310
73561049
786899573
527030158
397129535
714797570
402737690
139627019
227547313
831512117
90946799
137067068
195828062
312659528
505115444
296181497
32287383
397129535
298620610
669989313
11953909
275507421
93232780
444805188
403553619
557337497
163410716
37437435
224026556
787638947
756413008
721617140
840517467
597873740
865544553
983780318
721617140
544951640
80399367
663349178
314409236
760121285
769929921
156285460
233290485
963962664
404462807
540791553
933866206
79184239
468932245
189874901
912135238
943667156
463535049
788975441
225799444
184151516
23482358
389927427
124887470
365777724
760145897
494874175
275205258
435283385
924201939
945309929
412396169
596813636
624715392
83761743
159853745
704827836
952041196
903221914
752859449
195828062
787638947
311789936
686406158
178339009
429049266
842176960
953773051
412533633
58020252
598374889
818265792
640857520
507634900
168210228
93898630
32384110
349603248
648556615
828214273
933866206
162101766
199260963
32384110
169558642
795135679
706574123
749371381
808067000
469746556
318294545
505115444
46598156
660218150
751109629
992780831
335362996
551685736
450136979
747363900
721179004
193275305
489334816
179597442
827262604
78511843
912208782
204916455
661815621
965243946
713620440
607196614
427457259
692067177
24365838
23482358
977485422
908556989
834519863
204683833
865494791
85513611
415385114
918055945
498943403
568368152
950630423
58020252
373270992
131225688
557820851
373635
645892406
821987704
654167456
32111757
100441623
884750607
193992127
248590766
995547968
304697117
918055945
314274700
347090776
482020824
341482505
802916844
488102524
673161982
548056668
887580762
275205258
818265792
404462807
991319439
114617150
208917888
58020252
573375284
200016492
933891365
721617140
245150999
834429163
631629589
483355090
585240519
142773736
16977106
834429163
3384
865202304
273320985
404462807
884158612
321363816
173643577
399424309
995547968
190477772
640356965
658516737
297721548
673161982
988265960
189874901
745810009
562476019
912135238
705234926
977024218
690319247
386265640
206743943
898721940
34850360
608423628
348573887
919965156
680748079
172901029
721617140
46598156
680748079
928419854
316372179
386265640
620306345
705981419
369865985
983780318
27810873
362603295
83761743
683538680
148516861
540791553
388061120
342330165
493854947
778557779
70843747
248004927
789534073
280128240
489334816
314413453
409530041
660192679
918455197
45571693
827874435
239487316
451927396
751885764
980877287
153561569
67633894
58020252
979992373
309914368
387120643
877120499
269522820
339451519
530975524
979992373
100441623
854442546
766595275
992407830
341482505
740630647
100441623
275205258
312499983
132219924
270710518
463640767
121079501
394154033
980877287
444805188
482020824
910262223
349603248
109320
812411730
728091607
176717014
448224737
117480055
587220085
58020252
564047424
137158394
862636349
665779217
454933126
884158612
193039324
806549933
494874175
130159798
556007948
248004927
516383057
304697117
198025561
150
172901029
23482358
129720502
186587623
828899990
248590766
953376706
649329457
915392063
669989313
25080245
711265915
535644586
482866441
770506108
269522820
402737690
109320
242026776
304697117
870478547
527421594
251297295
705234926
156276691
312499983
915334500
896881705
207508191
874009946
285108841
881775823
340980453
557337497
130159798
298620610
854887779
137067068
292698171
747290265
78646918
963962664
637237053
412533633
884750607
49136644
113370599
174875262
746937336
743928632
314413453
264637523
70843747
717552752
453557507
862636349
717552752
384951437
32373650
706153832
185501014
626701595
416976073
157992591
289075473
690547714
83761743
394631898
312499983
903221914
372339610
634247715
479810800
980877287
672340633
95673858
810505707
137067068
32373650
463316021
46247494
692894385
768731168
19597306
505115444
14600298
587079696
117643267
401016825
568368152
63673406
178339009
661815621
240562585
131225688
479810800
198222125
602121847
100441623
654167456
457230381
721617140
326901762
940644413
165105338
162101766
467714031
920534681
326579458
788975441
204434900
582885203
721617140
498805845
326359919
981870925
275205258
94310875
827874435
23482358
667167705
765322404
82229777
280128240
314274700
310784304
168210228
197151288
314409236
124887470
751885764
704936703
324367954
386265640
686406158
156285460
338911730
1
988265960
464063534
3384
752224147
489334816
578291401
387120643
349603248
405572486
572339987
919965156
273320985
789083651
700167415
444805188
362603295
979992373
991400574
178339009
875756379
199785190
326901762
144618930
280128240
95673858
281255127
704852441
862636349
991523880
986345000
58020252
608423628
614380239
773485779
149544260
36015146
634247715
397991399
578596504
193275305
286804195
903221914
495780310
658516737
458432099
928199942
941206329
317620735
982064143
489334816
179597442
487814049
156285460
690319247
506215578
516383057
4578874
4826160
114617150
86296134
514811540
98450556
769929921
198025561
802916844
305174163
524684092
843410497
769929921
401016825
247263146
101113394
839561815
700167415
583348810
342330165
910888948
345422821
516383057
759254714
849859696
354740411
482866441
179597442
823046072
4826160
298620610
489334816
794289386
445847638
486167898
357507782
106801695
23482358
995547968
540791553
224485990
598374889
787638947
1037290
478420462
464063534
169485367
3384
70843747
978631762
40058393
767286567
865544553
471658805
283264142
23482358
83761743
869682232
92363518
259546502
129720502
683538680
993246911
312499983
487814049
67633894
181847325
405572486
137067068
970787874
251297295
335362996
343430146
450500910
951600432
485994061
743928632
168210228
649329457
249479266
384951437
637653710
502823782
482636632
663349178
995463379
162101766
199785190
912135238
142330564
193275305
137067068
129720502
349603248
308003795
508672182
614633990
255887639
714797570
831512117
358364751
527030158
373635
865494791
548056668
403888586
607196614
769929921
148516861
865494791
259054395
807973025
443607341
193275305
489334816
239487316
204434900
673161982
520918665
110468114
458432099
848326278
326901762
562986044
533832194
749060832
103961583
991400574
866475884
683538680
8714071
844504403
514245021
309914368
302417729
769929921
96507421
974734982
159853745
547585223
430007697
34220901
83761743
802916844
226642262
712741188
440803229
199169063
803039224
284842233
143363209
498805845
289062102
128165066
223458785
721617140
884750607
251297295
627031534
424654646
66923545
840517467
803039224
477546440
204593922
535859005
459756422
514802540
166637329
486167898
21138899
110468114
251297295
493854947
255585732
485053830
25322078
165105338
365777724
999661367
137067068
299689353
379135191
290767032
70490549
827874435
3384
384951437
919965156
667480237
740630647
820144652
993925422
234250817
691659271
27810873
802676821
467714031
914357318
364670984
596813636
991435600
477184107
340980453
190498049
548056668
10
444805188
868934338
621372446
983780318
312499983
386265640
524632621
294780030
46598156
373635
988302004
721617140
585925030
137067068
296414836
747515232
726185148
137067068
298620610
764322848
185501014
865544553
705234926
46701852
843338664
149544260
884158612
248004927
10
347090776
92363518
516383057
384951437
108563469
661815621
548056668
316372179
179597442
829563740
199785190
344383005
459756422
755816732
598374889
482020824
991400574
772214221
726185148
386996263
658516737
51840373
843410497
983780318
404462807
344849275
222710760
482636632
4578874
159140389
362603295
270710518
121413468
159853745
490641213
508756416
593162899
412533633
741868499
362603295
239487316
106238534
969884739
482866441
585240519
298620610
691619534
384951437
327653122
362399368
493854947
364670984
49728626
372339610
884158612
482636632
573375284
817656407
478420462
484855256
988302004
96177646
602121847
4578874
525729411
873469983
39218592
601035807
225799444
700167415
539831708
726502573
711265915
557820851
349120238
340980453
637653710
680748079
648816111
751109629
107816356
918055945
503926892
807973025
919965156
487814049
195828062
885392673
349603248
304697117
982029675
672330078
448224737
539831708
843974522
803039224
460106797
901027959
482866441
129151366
249479266
903221914
673161982
155114584
273187184
412533633
495780310
992407830
130159798
70843747
25322078
324367954
24154832
865494791
485931372
233376266
673161982
527311854
807973025
899162623
478420462
714797570
600145327
413960064
335362996
51169838
290767032
830249282
227382860
32111757
314413453
714883145
548056668
716574648
32111757
661815621
498805845
389927427
93584867
146462929
673161982
452679301
680748079
769929921
524632621
312084886
149407771
39218592
314274700
358548543
505115444
459180602
386311246
162101766
16977106
524632621
482636632
79184239
151667782
717552752
296017602
928419854
402737690
540791553
698871691
415385114
821987704
184151516
179597442
170258980
742508386
482020824
397129535
4352406
212808479
479810800
378841628
426982693
803039224
208917888
346131944
195828062
249479266
154221862
227547313
840489042
482636632
779030246
659523563
341482505
568368152
750834766
1
514811540
607196614
804056403
780068949
607196614
795125422
706709588
649032276
568368152
740956082
716574648
654370538
470598575
314274700
103961583
953173993
405572486
404462807
562986044
405572486
980877287
353174184
3384
614633990
32287383
70843747
507634900
823046072
658516737
215336662
621372446
80910679
740630647
193275305
673161982
178339009
850310374
777161433
743928632
141670578
704936703
326901762
303361801
364670984
464063534
185501014
993246911
405578245
251297295
218718901
988302004
988265960
770935442
843974522
162101766
573375284
275127100
949268394
3384
275127100
467714031
513009639
940039831
854887779
457230381
898721940
988172221
103961583
258427500
598374889
568568837
95556376
275507421
527030158
113370599
249479266
749018590
470294592
507634900
29971343
278976413
181481544
602121847
121413468
308087548
793014437
479810800
562986044
424352400
981870925
673161982
148516861
129720502
615033939
981870925
84598529
803451230
733842533
438134950
360708451
100441623
388061120
165803742
532256910
747363900
979447631
766485109
314116173
96507421
130159798
58020252
728091607
198025561
632221919
751885764
123038199
957566094
751885764
807973025
117643267
32287383
165105338
168210228
369865985
51066627
275127100
659660944
655015866
72440626
129720502
275127100
295783463
443678780
581188980
93898630
392112115
648556615
965243946
389927427
700167415
918455197
178160982
711558843
131225688
309914368
884158612
629390048
986345000
679863311
802916844
405572486
472771071
479810800
227255957
281255127
174875262
341837540
704852441
298233340
704827836
479810800
700735253
403675376
329313371
948508465
912135238
663349178
362603295
162452126
477546440
249420944
704852441
470598575
688091199
693486896
133184672
827874435
661815621
459756422
280128240
184151516
621372446
165803742
553792468
770935442
467714031
495780310
493854947
666923129
644297080
467714031
227255957
337109380
933866206
137067068
314274700
548056668
39218592
388061120
186587623
67086855
46598156
745810009
93898630
679855380
379135191
607196614
493854947
787638947
451927396
818265792
186587623
654167456
445097208
345422821
842176960
683538680
349603248
208917888
919965156
275205258
787650651
159853745
163410716
248590766
95673858
683538680
199785190
820777211
251297295
477546440
198025561
964982728
393658570
137158394
309914368
919965156
672866561
482636632
913408437
779370659
139216881
251297295
70843747
952181993
66430650
482866441
722946270
328757612
151667782
520566483
368243937
185501014
393658570
913486418
329313371
314581558
270710518
1
738039658
34220901
150
748697422
459756422
405409272
249420944
482866441
347090776
38976186
482020824
765694508
637653710
806842300
733734173
412533633
507236163
885417692
430411284
498943403
562871205
311942603
25322078
482636632
679855380
364887069
987089862
10
806442151
275127100
93898630
712333891
773485779
402737690
232770899
834429163
919965156
952041196
982193909
467714031
373635
297721548
309914368
275507421
170864699
312084886
865544553
340980453
149544260
704827836
227465186
568368152
178339009
936147211
404462807
165803742
728091607
159853745
498943403
70289052
807973025
524632621
240879853
459756422
545525098
516383057
607196614
607066380
482866441
849859696
630174927
556007948
477546440
405572486
172901029
294780030
453356273
555573743
42310282
921429302
324367954
46598156
199260963
32424322
67086855
312499983
239487316
280128240
208917888
487814049
175132392
298620610
415385114
278976413
195828062
763635850
355975282
248590766
867677207
240879853
778557779
16977106
105876018
275507421
23482358
207908345
152957329
818265792
163945639
842176960
193275305
637653710
687378114
806442151
248590766
486167898
186856011
192133112
275205258
413433988
316374957
630174927
621372446
912135238
249515170
548444787
372339610
375077409
208917888
185930935
32373650
717552752
566167555
149544260
65920044
820936876
314116173
698436690
227465186
448224737
988265960
354740411
34850360
167026947
95673858
32373650
807973025
779342623
46701852
124770477
985297815
82229777
337670787
46598156
667998088
277242433
944058063
772214221
179335282
130159798
787638947
179597442
294780030
637653710
721617140
397991399
542936747
155673800
738200694
32287383
156285460
829563740
415910109
867677207
474412243
649574796
680748079
118810734
608423628
170864699
746937336
398089477
398089477
369865985
278976413
444105550
964982728
457230381
495079553
602121847
34220901
952041196
762278794
256319694
67633894
705234926
189874901
457230381
843410497
121413468
321917759
545525098
995547968
458170700
803039224
527030158
824309164
507236163
67086855
505115444
729224824
788975441
305345291
787638947
598411474
559298378
11421746
324367954
498805845
898721940
914352027
66605158
92363518
390612646
849859696
459756422
550121039
723712885
32287383
273320985
967323711
925772691
291848212
388061120
751109629
952856864
728091607
986345000
149544260
206655630
151667782
836768994
167026947
362603295
802676821
973028067
283710949
548056668
270710518
324367954
71619389
423763757
250096584
963962664
298620610
548444787
3761461
61916941
195828062
581264389
305174163
701916048
524632621
865494791
867677207
865494791
275507421
208917888
648420342
415385114
898721940
470251328
852537275
544707595
227255957
92758893
568368152
945309929
275127100
93232780
358108859
714797570
97534893
482020824
269522820
780068949
103961583
129720502
130159798
795285863
168210228
472750916
545525098
314274700
200016492
96177646
806442151
100441623
227465186
847313688
341937955
275127100
10
3384
460263100
472750916
585327108
608423628
3998093
991435600
827069356
124887470
372339610
898721940
387647273
760223583
743928632
484904957
711265915
469337187
205786964
189874901
679855380
220705943
107560408
102990603
362603295
686406158
155114584
505115444
620177581
181847325
751109629
166262203
882239738
32373650
614380239
281904912
95673858
181811519
346301687
291848212
731369916
436715057
912863145
338911730
131225688
361306063
280128240
564276225
4826160
621372446
185501014
902358167
404462807
780068949
484993175
918055945
202442208
952041260
581264389
234021163
556007948
773118870
933866206
493826230
862636349
893877696
495780310
630174927
397991399
514245021
129720502
152102178
179597442
779370659
58020252
227255957
95673858
643064953
508571028
581264389
178339009
364670984
885392673
217106338
548444787
662911099
451927396
493854947
100441623
843410497
700167415
679855380
933866206
242026776
865494791
120421468
428207709
248590766
93898630
875226975
436715057
807973025
573450450
952041196
517422428
269522820
795285863
168210228
324367954
82229777
946278411
824309164
227465186
988302004
661815621
92363518
448224737
109320
988265960
176717014
36205492
986345000
637653710
448976283
862636349
903221914
200016492
442385301
945309929
156285460
801704579
478420462
457230381
46598156
965243946
552950153
795033474
507634900
416976073
638798303
860827147
299017168
663349178
148516861
148516861
527030158
151667782
941211874
482020824
182419779
945309929
700167415
548444787
249420944
781902514
135020479
928419854
686406158
479810800
608423628
251297295
820777211
751885764
3998093
495780310
498805845
766921833
275507421
93232780
717552752
583088206
46701852
32384110
992780831
417610061
401016825
469337187
28795024
416753665
251297295
439752238
155114584
585240519
117643267
451927396
362399368
365777724
831512117
66923545
666850016
928419854
279127247
568368152
398089477
436715057
744429226
200016492
965243946
903221914
649032276
196818373
371872399
114617150
998867292
524632621
505115444
933891365
329824675
637653710
884158612
563150313
506945044
78646918
770935442
385767253
398551140
281255127
835268413
716574648
373880360
824309164
179597442
787638947
368048685
988265960
787638947
467714031
717552752
397991399
304697117
362399368
298620610
487814049
280128240
100441623
827842644
718331306
608090103
705234926
637653710
795524349
621372446
71615883
884750607
558415622
193275305
46598156
96507421
548608554
745810009
275205258
167541577
309914368
168210228
540791553
540824065
227255957
196911154
293340845
248590766
885392673
873735929
398089477
165803742
495780310
92363518
843974522
964201945
288535580
248590766
933680425
779370659
248004927
648816111
294576077
259761367
193275305
412533633
227382860
489334816
928419854
397991399
495151815
305174163
167026947
726185148
314413453
599444057
505115444
736229895
827874435
144577080
477925287
634247715
179597442
514811540
70582501
66206809
807973025
679855380
362603295
608423628
922955819
93232780
614633990
690319247
103652643
488102524
516582436
444232445
185930935
67633894
150
602121847
384993296
819584675
751109629
3384
401016825
87907400
32287383
102593238
162101766
1
728091607
9750280
388061120
347090776
884158612
424614948
170864699
797961853
8224551
69349174
459756422
444805188
163410716
74786355
738200694
711265915
607196614
275205258
66923545
372339610
341482505
808274655
557820851
630921750
991400574
451927396
221023219
129151366
35931634
174875262
988302004
545108338
372339610
949951403
378699652
991400574
16977106
298464481
964982728
505115444
780068949
193275305
495780310
349603248
399547434
568368152
193275305
548444787
807973025
96507421
820777211
291848212
138006717
67633894
740630647
411279138
884663869
27810873
566388529
362603295
518899108
207908345
831512117
649032276
629171541
4826160
764523640
67633894
751109629
275507421
648816111
349603248
112455264
124399202
176460218
977485422
933891365
723241170
898721940
795285863
873735929
449549626
992407830
251297295
648556615
114617150
619963981
472750916
55159499
863453891
940644413
185501014
390682030
838864472
12600907
275205258
949853688
193275305
224026556
476680865
58020252
539831708
95673858
983780318
959713339
537213646
751109629
941547661
389927427
412533633
275507421
199260963
884158612
720071269
269863339
424614948
231557806
154221862
988302004
514802540
142749230
602121847
661815621
768089270
802676821
199785190
413943172
199260963
314116173
802676821
401016825
189874901
806442151
137158394
634247715
174853895
568368152
716100284
137067068
184151516
32373650
95673858
314274700
661815621
303039807
227465186
113370599
227111154
199785190
83761743
330319125
802676821
663349178
596813636
768731168
547822012
621372446
447431109
716574648
528322247
940644413
213753573
25790646
342330165
162101766
249479266
165232329
686406158
163410716
568368152
711265915
885392673
470598575
492603003
827874435
273320985
447062318
482020824
129720502
486167898
885392673
717552752
899482106
451927396
185501014
686406158
254825751
137158394
482020824
198025561
398089477
472750916
312499983
417709368
317296688
269522820
198025561
772214221
751885764
401016825
992780831
521790009
159853745
249420944
171685137
198025561
484643892
108563469
849972737
32287383
170864699
185930935
912208782
539831708
829563740
354740411
482636632
405886834
461269215
32384110
451927396
824309164
829563740
342330165
658516737
34850360
192536890
362603295
542511006
114617150
227465186
912135238
773485779
802916844
746937336
58020252
275205258
486167898
787638947
15295657
186587623
844296540
401062440
125850783
778557779
831512117
4578874
637653710
751109629
967102009
1
96177646
93718562
111416354
199785190
32287383
275205258
37009243
637653710
462074742
227485970
823046072
816200912
433544191
714797570
296816047
290767032
524632621
740630647
436715057
449140700
727838860
721617140
67633894
168210228
658516737
345422821
913408437
834429163
820777211
477546440
452035468
689914608
805218239
981190165
66430650
349603248
224519880
129151366
479810800
126720425
275205258
788975441
58020252
989514087
225799444
130159798
505115444
514245021
154616626
596813636
248004927
275507421
669989313
557337497
354740411
482636632
137067068
867677207
457230381
928419854
873735929
42310282
840517467
498805845
149544260
963962664
952041196
716100284
638045506
602121847
200016492
588390303
185930935
92758893
487814049
184151516
3761461
967102009
556007948
328804697
788975441
573375284
738200694
607196614
540791553
100441623
448224737
928419854
685541525
369865985
467714031
625241597
154738936
973472407
714797570
928419854
498805845
193275305
113321775
298620610
154221862
108563469
332239189
777161433
251297295
796577
173400632
96177646
700167415
198025561
108563469
249420944
323809881
270710518
715680867
273320985
113370599
963962664
67237884
397991399
32287383
610891721
2016816
208917888
516383057
704852441
62350950
1
810175298
349120238
415385114
307265566
83761743
556007948
10
240879853
572931262
3384
10
743928632
495780310
255807353
658516737
149544260
773118870
779370659
4578874
965243946
109320
600498643
357206942
489334816
570775163
79836626
470548134
556007948
398731719
179597442
459756422
655015866
269522820
700167415
364670984
977485422
110468114
393831727
549890169
309011466
63799530
996954263
840517467
658516737
991400574
309914368
714797570
199322937
818265792
881775823
4826160
649032276
4826160
463535049
469317022
768731168
556007948
815971287
806103448
963111153
817058967
397129535
524632621
789850451
168210228
331031410
539831708
401062440
472750916
912863145
840517467
162101766
193275305
889856721
130159798
716100284
556007948
111437366
92363518
469611971
32111757
280128240
193275305
387120643
149544260
490246056
131225688
33917143
790734852
249420944
117643267
269522820
649329457
393658570
683538680
281255127
329349901
614380239
347090776
806442151
527684418
637653710
100441623
873735929
444805188
443607341
93898630
81331943
340980453
403700927
170864699
483028852
770935442
345422821
679855380
585240519
384951437
482636632
150
663349178
365777724
861729456
459756422
503444762
193275305
364670984
800209996
1
497898814
482020824
983780318
769929921
740630647
236009548
487814049
908686353
450061614
8823491
912208782
41409488
195828062
23482358
462369269
953127844
556868433
988265960
655015866
330788043
545525098
4578874
873735929
657038249
248590766
186587623
841175272
865494791
489334816
768664994
305174163
436715057
705234926
137067068
137158394
992407830
227547313
563603589
761668411
312499983
868296475
539831708
372339610
899162623
843410497
150614196
765920067
250609727
668242246
652777258
583648412
967102009
424614948
873735929
364670984
364670984
849859696
772931611
485283843
514811540
645148499
326901762
156285460
314116173
695699555
180889772
787819282
545525098
273320985
273320985
186587623
683538680
877663428
995547968
67086855
23482358
787638947
313468378
131225688
133082231
533587069
85530093
569659854
155114584
404462807
186587623
184151516
843974522
449213058
630174927
988302004
607196614
22564429
103961583
444232445
309914368
733746722
467714031
821077454
239487316
181268556
884750607
862636349
207908345
32373650
189636518
664714771
373183793
240879853
338911730
207908345
248590766
637653710
614633990
873735929
912208782
806442151
698436690
524632621
598374889
354740411
717552752
614633990
487814049
29700173
737547065
824309164
579971236
396649169
456853909
795285863
242026776
314409236
46701852
489334816
486167898
922026682
941247639
996393990
4826160
443607341
608423628
637653710
144577080
262269093
601221888
679855380
884158612
195828062
154565509
514811540
556007948
290767032
753117836
979992373
484336986
913805105
340980453
349603248
314274700
109320
58020252
515365729
540791553
275205258
557337497
13663202
179597442
4826160
706153832
275127100
912135238
743928632
573375284
493854947
992780831
763706471
67633894
154221862
626311660
690319247
740630647
867677207
986345000
91321790
683538680
386265640
178073941
178339009
956765948
349120238
314409236
4826160
208917888
743928632
365240502
835151105
322111663
93718562
507634900
42310282
802676821
163410716
459756422
614633990
612320317
802676821
108563469
457230381
373838487
539732701
308055086
831512117
121413468
475634304
704936703
439752238
524632621
673161982
540791553
717552752
877271541
358478035
186844347
794289386
340980453
470598575
389927427
107816356
714797570
477546440
27810873
184151516
189874901
111345122
992780831
472954976
807973025
436715057
794289386
329313371
704827836
249736826
312499983
163284318
965243946
291848212
114617150
412533633
746937336
280128240
779342623
747839485
690319247
559971836
505115444
352041590
963962664
597828359
487814049
264591040
387120643
557820851
68899906
329313371
928419854
34850360
590916734
178091160
599177120
555573743
768288306
527030158
114617150
67086855
437250841
130159798
3384
218217285
963962664
928419854
494874175
178760089
124887470
482866441
720904495
4826160
661815621
1409180
397991399
794289386
470598575
903221914
585240519
67633894
137158394
150
820777211
614633990
881775823
333127622
873735929
186587623
587220085
509873443
312084886
745810009
829563740
193275305
216013412
79702930
459756422
224519880
746277257
35409169
952041196
487814049
933605221
341482505
25322078
487814049
291848212
251297295
278976413
369865985
172901029
788975441
142778150
483778586
190873661
700167415
130159798
666750869
297721548
230059313
981521853
173088395
865494791
185501014
354740411
82229777
163410716
280128240
242026776
248004927
438552366
929811282
389927427
314274700
413433988
305174163
630174927
167026947
297721548
912135238
375578502
439752238
309914368
42310282
795285863
181847325
372339610
773118870
612789764
867677207
275127100
568368152
270710518
582894849
482866441
884750607
947649914
167026947
58020252
873735929
504344574
225799444
227465186
713620440
764523640
386265640
556007948
278506437
505115444
259981406
326907920
103961583
289484548
397129535
780068949
787638947
769127486
691700474
683538680
673161982
137158394
470598575
764523640
977485422
3761461
347090776
524632621
176290629
242026776
189874901
270710518
903221914
915186484
947290302
155114584
740630647
161659554
152505463
176850791
58622221
70843747
905626343
285180782
92363518
349603248
854887779
342330165
472412304
388061120
929788198
649329457
93898630
669210618
811234152
135721161
173643577
494874175
275507421
689453991
561652347
329313371
672340633
952041196
32111757
69349174
129151366
148516861
96507421
686406158
486167898
397129535
607196614
706153832
239487316
919485083
404199322
32111757
981870925
109320
314413453
77690835
3761461
98911143
239487316
549944965
745662790
647273061
943938054
992407830
820144652
482866441
173237712
751595967
262432180
2197804
747969432
648816111
305873238
163410716
505115444
354740411
735554422
96005996
207908345
807973025
881775823
382682336
539327955
462359060
340980453
342330165
601026876
349603248
284699136
602121847
591673356
313626540
449126405
726792778
530868997
680441459
32111757
185501014
545525098
779370659
364670984
42310282
407323277
148516861
190081933
193275305
93898630
827874435
791048654
704852441
903221914
912135238
936027458
548056668
393658570
117643267
100441623
207908345
711265915
919096670
664240254
61227447
679855380
93718562
885392673
280128240
849859696
482020824
903221914
156285460
705234926
330936553
540791553
927134870
934016007
712841519
74912292
78696197
538247
165803742
507236163
986345000
14852331
717552752
626701595
208917888
249479266
129720502
239487316
389927427
173643577
227255957
298620610
91063335
673161982
977485422
115539984
329313371
679855380
198025561
176717014
335362996
32373650
820777211
478420462
756419623
114617150
108720559
975919032
103961583
507634900
952041196
682201691
379135191
458432099
637653710
304697117
397129535
673161982
505115444
273320985
492878559
844998467
498805845
58020252
165105338
842176960
988265960
934714364
783257765
121413468
470598575
462480493
198025561
470598575
303361801
331218008
778557779
614380239
946278411
34850360
101939732
97889693
892123803
12920679
83761743
487814049
901245012
150
557337497
372339610
568368152
912863145
130159798
291532751
777161433
155114584
903221914
788975441
32111757
562986044
602121847
956298189
27810873
385971981
664916842
731748188
130159798
700167415
728091607
96177646
335362996
151667782
280128240
634247715
342330165
630174927
842176960
637653710
605341326
690319247
479810800
326901762
919965156
867311188
913178968
184151516
716055439
475457616
355044957
479810800
514245021
70843747
191502591
749018590
988265960
508458643
770935442
495780310
479015232
585240519
827874435
335362996
686406158
100441623
557820851
165105338
3998093
58020252
360046700
968169011
165803742
689075782
386265640
746937336
103961583
162101766
181847325
178339009
335362996
917369894
372189607
345422821
56028359
515999941
314274700
10
137158394
151667782
700167415
941446231
655015866
635797736
716100284
109320
747463101
3998093
39940855
312499983
181847325
295669445
372792121
309914368
874820623
347090776
3998093
933866206
864780896
176717014
341482505
198025561
96507421
297721548
34850360
269522820
916945871
648816111
992780831
788975441
526931060
679855380
548952228
58020252
4826160
698436690
807973025
553155146
545525098
150
198025561
498805845
92758893
198918748
673161982
673161982
124887470
843974522
821987704
505115444
87829793
227547313
477546440
58020252
717548287
369716899
787638947
746937336
658516737
802676821
820777211
316769897
835200178
274350682
170864699
912135238
568368152
401062440
983780318
495780310
516383057
96177646
368225596
788785488
898721940
384769789
364670984
573375284
198025561
53853765
577023510
179597442
103961583
305261276
943160237
121578577
251954878
477932971
186587623
72302439
341482505
96177646
23696372
275127100
168210228
379135191
70843747
988302004
314356225
794534370
630174927
788975441
297721548
802676821
384951437
3384
342330165
129720502
865544553
507634900
375415318
345422821
156285460
291848212
621253751
933663887
347090776
788975441
983780318
614380239
225799444
843974522
179239382
95673858
373635
571476335
338911730
486167898
540791553
868480736
240879853
341482505
614380239
43335517
67633894
940644413
648816111
103961583
96177646
802549827
401016825
199785190
740630647
470598575
986345000
290121946
95673858
705234926
928419854
448224737
607196614
607196614
608423628
184151516
415385114
453179873
873735929
163410716
854195714
32384110
204434900
983780318
253635838
352887293
330936553
770569346
38284538
342330165
178339009
404322122
794289386
516383057
32111757
239487316
704852441
527030158
412533633
807500551
444805188
826029007
173375309
637653710
295481153
278040732
114289052
608423628
314274700
4146847
160161084
884750607
806442151
482866441
314413453
229290790
100441623
769929921
807973025
505115444
209546079
394370947
487814049
531187380
769929921
338911730
463657262
280128240
198025561
740630647
929788198
436715057
633272196
462480493
579718664
655015866
398089477
42310282
92363518
291848212
477546440
747363900
397991399
278976413
81272499
362603295
192388274
349120238
309914368
416976073
655161562
342330165
204654057
412533633
4826160
174875262
661815621
829563740
107816356
683538680
843974522
404462807
548444787
621372446
689075782
436715057
633541542
658516737
609820827
100873811
986345000
545525098
70843747
521418993
397129535
412533633
4826160
364670984
486167898
430305433
162101766
109320
618392106
110468114
524632621
207219880
249479266
979992373
479810800
495780310
436715057
312499983
868296475
979992373
802676821
436715057
27810873
389927427
154221862
129151366
571892723
505115444
787638947
888751012
451927396
751885764
344646132
679855380
853995401
312084886
840725522
777161433
472750916
117643267
649329457
96177646
524632621
314409236
683538680
158083283
651987085
397147992
514245021
142247171
200016492
284664030
680748079
738200694
829563740
281255127
981870925
1
655015866
342330165
739377172
740630647
795285863
498943403
806442151
498805845
482314819
757953215
505115444
46080683
280128240
932201556
39303324
1037290
509961704
248590766
822042383
178339009
314274700
208917888
595535149
999661367
16977106
417423117
69349174
349120238
451927396
92363518
275127100
680748079
983780318
362603295
802676821
129720502
967102009
862636349
338911730
803039224
807973025
912135238
873735929
628493356
802916844
249420944
983781033
959356156
128388339
202269196
751109629
316059910
144577080
690319247
717552752
112512127
404462807
773485779
670970753
973270170
193275305
769929921
345422821
302103183
154221862
340980453
431036476
168210228
303361801
82229777
454933126
493854947
298620610
401016825
80294977
514245021
928419854
199785190
556007948
354479932
129720502
179597442
812460175
821985588
733218809
448224737
314116173
415385114
751109629
751109629
868296475
660791075
70843747
389927427
130159798
631350531
239055583
979992373
824309164
108563469
903221914
981870925
165105338
208917888
885392673
493854947
238176432
389927427
269522820
369086841
354740411
172901029
608423628
802676821
4578874
114617150
862636349
96177646
986345000
386413878
389927427
58020252
494874175
1
398089477
187054776
280128240
630174927
162260407
362603295
95673858
980877287
149544260
717552752
913408437
18329505
446057949
172901029
829222869
69349174
229148845
715138845
478420462
540791553
208917888
459756422
109320
362603295
470251328
827874435
927601626
494874175
103118210
240764705
982623882
545160154
156229682
865919926
405572486
939510536
498805845
893270199
979992373
162101766
498943403
83761743
807500551
114617150
706474025
26372178
387120643
270710518
964982728
249479266
660567282
130159798
992379709
83761743
716100284
149544260
721617140
131225688
823046072
648816111
754305634
992780831
227547313
479810800
244225113
326901762
698436690
884158612
983491485
415385114
766401476
477546440
740630647
981870925
510385338
193992127
297721548
82229777
704852441
280128240
788975441
610556723
103961583
906266997
870263330
160067209
834429163
986345000
726185148
96177646
706153832
92758893
527030158
428142581
233034838
793641145
749018590
514802540
159853745
416976073
479810800
912135238
429277496
121413468
23482358
451927396
362603295
316372179
329313371
23482358
92363518
884158612
49281372
489334816
475634304
549240077
275507421
275507421
275205258
873735929
46701852
899464472
239487316
180671616
117643267
482636632
3761461
158063521
608423628
346639391
75940523
168579123
193275305
782532120
992407830
198025561
227382860
726185148
479810800
338709512
248590766
596813636
78646918
635260688
362399368
93232780
148516861
986345000
773485779
168210228
397991399
977485422
281255127
482020824
372339610
992780831
655015866
324598026
96507421
221612696
960638898
100441623
493854947
455678521
992780831
467714031
340980453
162854841
249420944
704852441
498943403
401016825
482866441
239487316
193275305
867677207
227465186
172442153
43395080
249479266
862636349
179597442
986345000
634247715
482636632
173092135
32111757
514811540
470598575
129720502
90117952
415930278
103961583
170862075
113496405
712923859
945309929
248373223
806442151
441099652
498426240
507236163
779320890
326901762
498677050
148516861
100441623
477546440
150457406
78646918
178160982
617444789
890050500
918055945
186587623
871457802
312499983
926078656
503337797
100441623
704852441
32111757
489334816
318294545
341482505
53037425
573297689
928419854
472161028
655015866
940644413
500386722
482866441
787899175
44581636
881775823
482866441
746937336
649329457
34220901
16977106
458432099
482020824
3998093
912208782
913408437
109320
516383057
648816111
198025561
294780030
637653710
849507956
215025114
780068949
862636349
673161982
149544260
630174927
930567256
248004927
364670984
522308153
95673858
845065468
913587971
157100578
980877287
132062690
413960064
892675405
489334816
938281663
548444787
773409537
32384110
486167898
254581045
769929921
181847325
543810830
349120238
596813636
567617257
109320
498805845
372339610
329313371
107816356
591957020
388061120
769929921
10
751109629
548056668
324367954
185501014
451927396
124887470
719944429
350330767
913408437
66430650
373635
150
549424140
919965156
964982728
198025561
983780318
464063534
329313371
881775823
802916844
468867667
884158612
280128240
117643267
967615724
773118870
780068949
721617140
475321607
305174163
436715057
175995746
733341138
842176960
211960357
69285746
294780030
199260963
421574923
700167415
686406158
93342238
248004927
165803742
117643267
846740067
607196614
23482358
4826160
345422821
703520909
129720502
436715057
714797570
184151516
918055945
201431586
124887470
940644413
389927427
242026776
298620610
919965156
3384
83761743
444232445
727267797
514245021
499705919
96177646
479686226
704936703
342330165
95673858
829563740
634247715
491602457
151667782
386265640
162101766
995547968
117643267
523204253
988265960
458432099
514811540
66225231
225799444
902252495
26115402
873735929
709235404
227382860
505115444
17050074
555573743
412533633
424614948
751885764
69349174
244309559
100897659
700167415
905621002
398089477
898721940
239907025
364670984
992407830
397991399
694806964
714062571
248004927
1
114617150
373635
980877287
413960064
963962664
4826160
683538680
404462807
865494791
832331140
495780310
533457111
93718562
444232445
445750271
193275305
630174927
362399368
28385857
66430650
2189294
185501014
780276387
669989313
249420944
468669691
945309929
482636632
843974522
680748079
495780310
885392673
888815069
456248438
986345000
200016492
474841608
490330938
184151516
963962664
130159798
307389999
556007948
514078642
354740411
634247715
903221914
712919862
324367954
326901762
981513027
91154049
109320
328360679
469337187
930826423
478420462
349120238
726185148
326455131
444232445
354740411
109320
772214221
494874175
32384110
738200694
193992127
93718562
477546440
113578032
130159798
397129535
37919313
186587623
706153832
567991713
264528507
148365745
280128240
137067068
46325355
985858587
248590766
227547313
150
149544260
34850360
195828062
912863145
539831708
524632621
4578874
3384
172901029
736125910
297758412
986345000
275968770
256169869
93898630
354740411
53534193
185930935
78646918
477546440
959563364
428280314
540791553
451927396
794289386
843410497
545525098
302374194
700167415
227547313
540791553
130159798
95673858
964982728
141513571
155114584
168210228
498805845
150
159853745
227255957
475732209
93718562
249479266
507634900
273320985
764523640
4578874
227255957
729827872
324172950
39218592
482866441
165803742
968850488
199785190
335362996
945309929
880368536
777161433
911649189
181847325
397129535
297721548
545525098
265587768
439752238
379135191
151401731
159658183
654167456
979992373
275507421
463535049
531992028
103961583
486509607
254051116
933866206
227382860
269573132
823046072
621372446
928419854
778329388
168210228
698436690
770935442
728161103
442149638
378445985
144577080
469243366
881126358
32384110
95673858
831512117
807973025
51752635
199260963
34220901
53970492
806442151
129151366
113370599
602106794
397991399
654167456
103961583
275205258
184151516
349603248
852213347
327120978
568368152
137158394
929788198
342330165
745810009
378909897
598374889
482020824
540791553
790032910
918055945
59504606
193275305
137067068
389927427
46598156
281255127
912537577
957582706
93718562
724297173
487814049
933891365
833241910
386265640
189874901
304697117
23482358
651025050
980877287
412533633
913408437
3384
741647554
168210228
373635
1037290
545525098
383037436
113370599
843410497
269874783
749018590
843974522
673161982
341482505
137158394
61497567
195724731
408859709
39218592
740630647
130159798
443607341
755227259
270710518
451927396
634247715
912135238
593181548
993246911
854942311
479686226
275205258
686406158
734094380
596813636
162101766
780068949
184151516
404411637
185501014
319016867
673161982
568089663
226848240
806439298
32384110
467714031
95673858
614633990
362603295
3998093
278976413
823046072
493854947
462062381
840517467
457230381
655015866
315163581
831512117
412533633
83761743
482020824
113370599
298620610
189874901
977485422
936937387
436715057
514619368
69349174
598374889
193992127
273320985
787638947
90632172
556007948
26816567
384951437
357117560
986345000
32373650
598374889
517567430
314409236
148678427
573375284
768963569
903221914
467714031
32287383
493854947
482020824
603387521
144577080
687077119
444232445
439752238
149544260
147046612
594952663
764523640
479810800
379135191
669989313
746937336
285508568
764523640
367055163
329313371
937129014
663349178
952041196
573375284
326901762
425903083
498943403
973809717
507634900
93718562
280128240
557820851
275205258
726185148
416976073
239487316
49809962
448224737
711235070
669989313
239487316
505115444
644130581
996871407
614633990
507236163
329130821
602657364
482020824
711265915
95673858
131225688
573236295
903033758
124887470
689075782
93232780
945309929
130159798
227465186
375415318
3998093
802916844
487814049
316372179
42310282
290767032
671639348
528050833
109320
204434900
780078374
227255957
963962664
829563740
347090776
298620610
233023104
728091607
960384029
46598156
369865985
165803742
170864699
108563469
568368152
165105338
649329457
98432397
602121847
34850360
185501014
979992373
42310282
933891365
933891365
923216414
745810009
149544260
227547313
928419854
264592356
3998093
249479266
740630647
721617140
292091002
470251328
342330165
51199527
97935450
711265915
103961583
131225688
516383057
493854947
532561681
424748548
227465186
239569179
199785190
314413453
67086855
467714031
332861676
772214221
251297295
607763023
199260963
588696839
298620610
109744299
503070638
843410497
184151516
475634304
608423628
882642155
963962664
329313371
320830175
144577080
404462807
275205258
170864699
980877287
620091397
504603945
67086855
475634304
596813636
470548134
770935442
862636349
2259941
349120238
124887470
444805188
611954550
556007948
165803742
131225688
5165872
568368152
903221914
269522820
672340633
163410716
122964898
234288795
67633894
27498954
148516861
365777724
443607341
349120238
424283841
309914368
341887954
596813636
117567583
95673858
458432099
169645704
890508387
675870673
990650292
354740411
817562808
312084886
539831708
827396417
515742826
784921168
487814049
3384
248004927
467714031
874189953
830321593
482020824
992407830
113249436
298620610
780068949
58020252
29422898
117643267
667379408
831230217
969481029
619516836
67633894
416753665
639345948
131225688
686406158
242026776
18689548
690319247
884750607
912208782
225799444
679855380
717552752
314413453
903221914
326901762
617241244
824309164
487814049
498943403
428904812
807500551
912135238
162101766
979992373
716100284
921601515
769929921
621372446
912208782
4578874
478420462
249479266
389927427
805868544
596813636
389927427
113370599
626701595
280128240
614380239
198025561
261023131
291848212
204099372
457230381
482636632
388061120
913408437
608423628
958192535
335362996
148516861
137158394
67086855
988265960
275205258
105110352
32384110
842176960
23482358
448224737
412879429
986345000
130159798
829563740
107816356
991400574
186587623
227382860
318294545
242026776
539831708
240049459
952041196
329035966
992407830
172901029
165803742
405572486
275205258
388061120
372339610
100441623
621372446
716574648
661594476
640755485
193275305
626701595
780068949
100441623
746937336
312432921
338911730
700167415
82229777
524632621
347090776
349603248
16977106
314409236
928419854
431651253
1
751598657
364670984
146992001
457230381
587220085
4826160
384951437
342330165
167026947
584726398
626701595
34220901
514245021
992407830
137067068
54919105
93232780
10
495780310
495106387
412533633
32287383
972506603
362603295
470251328
362399368
829563740
980877287
470598575
805901745
903221914
415385114
863970451
787075029
253999968
458432099
505115444
637653710
129720502
439752238
197638353
444805188
477546440
714797570
467714031
436715057
861064485
477546440
528294334
60872810
809333378
524632621
746937336
486167898
516383057
208917888
416976073
843410497
127309749
443189385
933891365
67633894
186587623
367152603
479810800
314274700
988265960
362603295
345422821
281255127
214572846
62615631
314274700
248004927
199260963
199785190
843410497
309914368
940644413
904928693
988302004
903221914
227255957
3998093
200466544
900196021
404462807
145159612
304697117
673377549
539831708
608423628
93898630
988265960
933866206
165803742
557820851
457230381
305174163
673161982
660044203
679855380
515711893
988302004
269522820
117643267
27810873
493610172
199785190
137158394
637653710
109320
762281
298620610
109320
249420944
404462807
584050122
823046072
660067163
291848212
799746844
963962664
797449496
176717014
463761566
349120238
335362996
459756422
514802540
248590766
457230381
389927427
829563740
634787570
165803742
100441623
199785190
545525098
93232780
608423628
704827836
242026776
199260963
174875262
167026947
795474632
416976073
83761743
139104964
1
762614848
66430650
728091607
166471316
113370599
137158394
873735929
829563740
486167898
347090776
444805188
349603248
1
120437230
486167898
711265915
540791553
787638947
821987704
770374508
294780030
738200694
938980291
717552752
479810800
269522820
340980453
401062440
10849069
127892704
770935442
32373650
963962664
397991399
416976073
983780318
800012453
83761743
107816356
470251328
945309929
467714031
454257452
614380239
1
772214221
70843747
405572486
18422109
168210228
27371744
992407830
643505421
32287383
630174927
151667782
108563469
463535049
686406158
802916844
649329457
369865985
787638947
684592078
61027064
751109629
389927427
295695667
396421792
95556376
895351993
188317363
1
503444762
290767032
114617150
637653710
286744952
70843747
802916844
873735929
242026776
398089477
178339009
467714031
945309929
290767032
24975392
184937719
475634304
854759744
626000193
189874901
172901029
314274700
297721548
539831708
30404610
121413468
779370659
251413772
548444787
547890047
661815621
830604660
853638511
297721548
556007948
589202114
493854947
280128240
415385114
4826160
3384
314413453
309870225
555573743
329313371
298620610
486167898
240930996
185930935
548056668
556007948
193992127
861925768
402737690
840517467
149674828
498805845
873735929
174875262
648816111
791398567
823046072
58020252
655456277
704827836
401062440
404462807
524632621
379135191
96507421
93718562
386265640
114617150
548444787
661138802
186587623
439752238
78887402
66605158
973322661
626701595
115949669
184151516
661815621
687285715
1
457230381
848914403
178339009
227255957
724448773
302581432
198025561
131225688
375415318
778557779
339193392
129720502
945309929
83761743
614633990
823046072
867677207
278976413
386265640
4578874
751885764
524632621
46598156
768731168
652419968
126635556
842684004
918055945
16977106
898721940
912208782
144577080
624385462
994902193
763020508
165803742
165105338
397129535
185501014
253180585
230362785
486167898
901099672
602802566
726185148
303538468
369865985
634138467
758986908
581264389
397991399
156285460
649032276
656164942
1262046
174600601
148516861
10512278
58360793
991400574
821987704
755447039
672340633
541895636
680748079
379135191
20324827
669989313
849859696
3761461
983879779
345422821
204434900
320270310
626701595
683538680
679855380
787638947
715090597
870785976
297721548
342352137
280128240
318472010
67086855
480827170
404993847
242026776
454933126
598374889
300981952
42310282
318754655
462480493
945309929
210296136
498943403
47219750
963962664
803460238
486167898
248590766
973210991
412106669
598374889
231174373
704936703
267063567
486167898
986345000
590710539
165105338
46598156
448224737
716574648
110468114
261766118
248590766
32287383
516383057
373635
83761743
862636349
362603295
462480493
151667782
451927396
818265792
477546440
596813636
275205258
690319247
273320985
249098782
393658570
861705410
3761461
818959914
312499983
174875262
364670984
36750123
92363518
304697117
770935442
32287383
545525098
200016492
96507421
723789049
187242270
412533633
669989313
280128240
86324530
698436690
843410497
39218592
837389881
249479266
376719766
867677207
479810800
930992405
278976413
470598575
978064465
761517751
365777724
206187648
314413453
924620960
738200694
992407830
154221862
165105338
840517467
309600729
8742944
170864699
848535029
198025561
490694176
413433988
249420944
749018590
148516861
503444762
719937246
387541868
57415725
794289386
519047819
992606465
750962522
851981772
818265792
401016825
10641624
378417401
918455197
198929087
3998093
534386745
503337797
649329457
95673858
280128240
95092037
39218592
683155274
514245021
743788891
96507421
983780318
23482358
650046556
208917888
354295168
386166640
163406439
389927427
195828062
714797570
340980453
198025561
174875262
374287976
338911730
67633894
298620610
655015866
208917888
472003867
249479266
988265960
379135191
827874435
428821902
66923545
101645836
777161433
389927427
332094876
577276001
401016825
103961583
827874435
23482358
749018590
208708875
208917888
1037290
779342623
3384
983780318
983780318
401016825
937162097
992780831
305174163
131225688
959370243
159853745
498805845
661815621
56511355
489334816
164787363
103961583
355411562
67633894
349120238
459756422
770935442
193275305
439752238
658516737
988302004
716100284
917879337
387449298
335362996
385855955
823342769
413433988
3761461
444805188
928419854
498643821
433801033
787638947
134175686
403965173
486167898
912135238
794289386
398089477
527030158
868200086
463535049
129949203
189554800
885142506
827874435
680748079
314274700
415385114
93718562
156285460
912135238
479810800
227255957
384951437
478420462
199785190
96507421
487814049
496353413
794008465
470598575
345422821
620358627
439084253
827874435
550201201
198025561
480030424
670132078
497319906
777161433
195828062
882450509
507634900
329313371
227465186
92363518
156285460
78646918
52069439
888689350
191332275
297721548
919965156
690932406
98756701
131225688
897637645
827874435
552940738
249420944
144577080
150221675
354740411
862636349
514802540
103961583
865544553
743928632
829563740
608423628
150
728091607
280760337
384951437
275205258
193992127
32373650
963962664
227465186
751109629
373635
714797570
92758893
751109629
95673858
970156161
482636632
121413468
655015866
1
693131455
46598156
498943403
278564665
499185606
854649679
913408437
4826160
179597442
826223498
607196614
67633894
459756422
457230381
318294545
862636349
482866441
780068949
124887470
981870925
710753377
988265960
933866206
623784511
477546440
173940513
193992127
751885764
