314413453
439604734
494874175
172901029
326901762
493854947
634247715
193275305
124887470
4578874
23482358
707623914
862636349
516383057
3998093
318294545
298620610
398089477
405572486
4578874
4826160
448224737
167026947
1
217059197
593763980
745810009
933891365
32373650
493854947
92363518
478420462
987990409
313570596
199260963
388061120
342330165
46598156
788975441
168210228
137067068
176717014
156285460
803039224
347893725
148516861
703593420
251297295
770935442
154221862
649329457
940644413
494874175
249420944
824604117
163410716
764523640
207908345
873735929
820777211
66873387
83761743
885392673
436715057
637653710
55480683
556007948
751885764
933891365
280128240
16531977
154221862
507634900
505115444
980877287
983780318
82229777
82229777
780068949
275507421
788975441
527030158
10
823046072
373635
843974522
893589160
992780831
487814049
444805188
448224737
482636632
3998093
444232445
823046072
369865985
457230381
459756422
760942720
679855380
290767032
321559485
787638947
69349174
610520422
23482358
103961583
379135191
888863913
661815621
76532965
275507421
680748079
105348587
465793838
174875262
412533633
280128240
351586592
345422821
275507421
486167898
648706090
16977106
93898630
684906981
940644413
824309164
316372179
230074202
607196614
516654982
840517467
251297295
933891365
149544260
23482358
486167898
131225688
795447532
349120238
427487979
389927427
199260963
988302004
436715057
519377578
280128240
548056668
716100284
329313371
155114584
547037709
840517467
384951437
83761743
416976073
227465186
802916844
614380239
198025561
847076857
196909086
1
184151516
792307397
649032276
109320
323032948
155114584
96177646
484225810
803039224
933891365
416976073
94499385
96507421
477546440
946763274
27810873
505115444
516383057
493854947
151667782
326901762
11364518
324367954
829563740
630174927
92363518
642225143
492266026
717552752
705234926
151924955
150123344
304447929
507634900
362603295
721782114
347090776
700167415
482636632
147804203
903221914
354740411
274485717
227255957
717552752
802676821
32490203
854669755
178339009
991400574
716100284
34850360
482866441
988265960
95673858
479810800
280128240
101984248
495780310
349765340
275127100
463436014
54092999
326901762
884708784
297721548
348246474
540791553
614633990
548056668
275127100
249479266
104653934
884750607
329313371
802916844
290767032
61878668
487814049
482020824
298123812
494874175
345422821
986345000
829843047
607196614
235091058
200016492
963962664
163410716
503444762
740630647
341482505
711265915
787133945
96177646
121413468
548056668
988265960
989123508
589346288
129151366
912208782
345996638
207908345
602121847
349603248
928419854
155114584
31967698
981849605
40961934
174057751
800732275
867677207
248590766
32384110
492032133
318459254
906299909
661815621
770935442
362603295
862636349
114617150
823046072
508367554
434904243
372339610
224562480
127281971
297721548
388061120
193275305
598374889
926124013
751885764
820110984
335362996
802676821
167026947
573375284
564704940
486167898
32373650
354740411
159853745
649329457
78646918
885392673
174875262
32287383
980877287
913408437
200016492
227547313
775471356
482636632
69349174
545525098
655015866
398089477
347090776
314274700
151628942
291848212
974480999
130159798
335362996
829563740
252215084
630174927
977485422
820777211
767894243
415385114
159853745
38640432
314413453
940644413
721617140
545525098
770935442
357842005
155114584
673161982
478420462
338911730
23482358
151818318
609173184
649032276
193275305
130159798
498805845
32384110
82229777
482636632
103961583
992780831
251297295
314413453
494465344
121413468
362603295
477546440
718981028
57135576
806442151
341482505
189874901
582158365
316372179
67086855
630174927
677508102
489334816
607748163
313869903
898721940
474860141
716100284
721162665
299367477
117643267
654167456
382311622
940644413
359494336
714559232
240879853
596813636
180778865
614633990
149544260
840517467
137062723
658516737
150395070
493854947
788975441
92758893
373635
507634900
487814049
472750916
117643267
219736432
498805845
364670984
312084886
340980453
818265792
913168130
341535346
248590766
362603295
96177646
829563740
680748079
498805845
86228446
174875262
541265922
986345000
369865985
749018590
716699323
240879853
746937336
673161982
856188309
912208782
27810873
558773376
306962295
666654117
275205258
785518140
318294545
149544260
193275305
498943403
275205258
840539377
10
871281803
76972628
280128240
421172428
547234785
358131024
479810800
399456047
137158394
873735929
870863805
335362996
416976073
166840217
4578874
860384766
309914368
157380251
482020824
661815621
92758893
341482505
229809536
683821811
379135191
329313371
585943975
266911145
527030158
686406158
225799444
388061120
416976073
572417239
227382860
487814049
23482358
568368152
795285863
134016350
919965156
412533633
977485422
314274700
482020824
928754896
686406158
163410716
992780831
324367954
88260258
980877287
503444762
278976413
64217423
829563740
99227441
4826160
227547313
611216913
977485422
556007948
829563740
478420462
675979906
747363900
898437726
444232445
397822357
717552752
451927396
458432099
862636349
527030158
505115444
207696562
275205258
96507421
58020252
384951437
607196614
354740411
412533633
721617140
598374889
743928632
637653710
477546440
255552741
349120238
106042869
568368152
787638947
103961583
129720502
494874175
402737690
169537386
747363900
919821592
314413453
251297295
995547968
416976073
195828062
498808313
596550340
689075782
802676821
73575122
991400574
169626579
714835243
940644413
614380239
714797570
498805845
96177646
827874435
345422821
745810009
103961583
383158509
10
913408437
980877287
661854022
396290800
634247715
137158394
681954160
314274700
482020824
178319675
280128240
1
933891365
674461457
936532577
929791415
144577080
751109629
228842057
550502564
909174016
16977106
475797599
765436733
933891365
402737690
369865985
227465186
168210228
93898630
227255957
349603248
829642634
787638947
298620610
567749659
70513076
275205258
168210228
67086855
389927427
415385114
853246344
988265960
813017446
768297912
100441623
372339610
165713452
698879882
362603295
714797570
27810873
616757117
297721548
885392673
312084886
714797570
362603295
137067068
269522820
398089477
540791553
32287383
386265640
10
728091607
405572486
129720502
67633894
861003610
148516861
130159798
388061120
648816111
434124559
717551868
4826160
78225776
983780318
4826160
581264389
314413453
450301371
806442151
314413453
452772393
873735929
749018590
46598156
168210228
986345000
16977106
679855380
487814049
239487316
873735929
802676821
933866206
556007948
700167415
751885764
734045253
341482505
256184414
95673858
695288123
349603248
829563740
341968081
100441623
275507421
448224737
630174927
734373037
174875262
174875262
516383057
412533633
865544553
666463208
823046072
168210228
369865985
495780310
728091607
996535577
137158394
947937039
87928097
422412188
239487316
93898630
655015866
398089477
477546440
700549786
608423628
516383057
626701595
524632621
444805188
714797570
981446668
980877287
580507289
389927427
568368152
770935442
96507421
275205258
97379218
928419854
10
148516861
103961583
746937336
544741491
144577080
654131427
940644413
574784364
391217432
482438529
13873837
172901029
280128240
174875262
67633894
992780831
700167415
461866352
669989313
178739933
168210228
227255957
312499983
827874435
114617150
747363900
117643267
168210228
373635
130159798
109320
507634900
648816111
154221862
652269815
527030158
700167415
784848099
568368152
160734847
275127100
404462807
335362996
251297295
178339009
988284874
980877287
117643267
137158394
658516737
981349792
227382860
637653710
867677207
444232445
884750607
963962664
312499983
347090776
648816111
96507421
314274700
716574648
794737694
151667782
873735929
137067068
770935442
482636632
108563469
92758893
352375423
129720502
314274700
294780030
436715057
129151366
386265640
208917888
466263177
933891365
444805188
354740411
716100284
248590766
137158394
655015866
928419854
718425569
314413453
386265640
713959432
661815621
856514017
10
187250166
884158612
117643267
23023614
717552752
248004927
580625856
494874175
151667782
854458998
952041196
304705619
199785190
130159798
179597442
137067068
208650182
598331084
540791553
379135191
749018590
829563740
700167415
829563740
913408437
477546440
21213839
795285863
751109629
34220901
788975441
751109629
661815621
740630647
46598156
195828062
100441623
329313371
608423628
343410073
137067068
155114584
649329457
919965156
225799444
743928632
711265915
951953534
239487316
486167898
787638947
365777724
829563740
150
251572193
988265960
711265915
70843747
114617150
974573120
963962664
198025561
928419854
151667782
389927427
537216827
812165198
540791553
109603683
578894583
275507421
621097994
117643267
960235860
482636632
406893378
347090776
751109629
878583445
705234926
494874175
249420944
82229777
770935442
186587623
96507421
467714031
387782782
298620610
384951437
444232445
1037290
1
148516861
96177646
362603295
637653710
831884611
124887470
387120643
524632621
131225688
58169489
341482505
198025561
326901762
124887470
345422821
690319247
649329457
291848212
389927427
505115444
784077808
326901762
163410716
32111757
658516737
829563740
70843747
988265960
479810800
67633894
354740411
109320
482866441
905563707
655015866
482636632
4578874
298620610
174835418
952041196
23681460
341482505
168210228
341482505
360128364
986345000
198025561
389927427
963962664
253093345
517823572
822872039
93232780
556338890
743928632
221829335
572338238
459756422
151817730
342330165
540704605
933866206
195906206
384951437
548056668
823046072
93898630
648816111
991400574
117643267
88186450
364670984
253287692
963962664
493854947
608423628
451792539
405572486
524632621
954657980
614633990
714797570
176717014
527030158
