453263263
912135238
193384206
345422821
298620610
336336511
137067068
941416524
472750916
698436690
227465186
674945906
406825725
869520868
78646918
843974522
679855380
540791553
546009645
386265640
389927427
806442151
3998093
178339009
144619219
316372179
96177646
416976073
387120643
503444762
242741661
103961583
904484086
743928632
354740411
47979806
957843736
918055945
275127100
137067068
184151516
248004927
403688506
691397847
714797570
945309929
689075782
423043480
312499983
149544260
630174927
100441623
540791553
314413453
852720577
865544553
364670984
388061120
227255957
743928632
4826160
179041347
561665036
3384
278976413
39218592
928419854
96507421
491527738
586272744
648816111
34850360
349603248
415385114
443607341
779370659
4826160
387877977
165803742
823963757
566766815
670150254
251297295
162855630
988302004
174875262
130159798
495780310
130159798
249420944
663349178
803039224
489334816
389927427
67633894
482020824
648665845
862636349
182328585
493854947
46598156
933866206
195828062
294780030
137158394
129720502
524632621
661815621
749018590
595559370
478420462
728343996
884158612
167105381
704468285
794289386
189874901
23482358
33009457
893365064
208917888
587099607
248590766
650684483
540791553
504425964
347537111
568368152
500699259
970591437
505329651
207908345
964982728
400980254
811258010
689825010
149544260
793625616
388061120
276334207
96720846
382109124
952041196
781785539
489334816
248590766
824309164
109320
208917888
249479266
981014999
523126656
498805845
131225688
272818032
225799444
186587623
318294545
524632621
199785190
369870958
32287383
787638947
113370599
198025561
457230381
756335679
457230381
478420462
326901762
885392673
314274700
780068949
75680113
952839252
965243946
150
805326835
338911730
540791553
988265960
492107685
940221592
369865985
340980453
129151366
253301673
354740411
159853745
842176960
49222530
596813636
465080764
389927427
986345000
199260963
165803742
614633990
733628741
716574648
137067068
257644610
349603248
294780030
342330165
179597442
773441216
614633990
865544553
314274700
92363518
976259599
474982441
444232445
67086855
898721940
924865798
928419854
46701852
109320
412533633
634247715
438981959
193992127
721617140
940644413
745810009
275205258
398089477
273320985
919965156
149544260
294780030
169279218
131447365
244426
951630377
888369629
516383057
840517467
179597442
885392673
827219362
397129535
507634900
204022669
448224737
108563469
93336252
195828062
507236163
630174927
470598575
34850360
670867563
933891365
113370599
568368152
386265640
788975441
407363765
717527269
271472579
465417357
655015866
573375284
316372179
335362996
556007948
381602403
448224737
109320
663349178
480981966
933891365
700167415
980877287
156285460
945309929
230984197
805541337
341482505
269522820
198025561
117643267
940644413
78646918
350402110
309914368
602559185
680748079
980472403
195828062
513741281
415385114
740630647
854722732
824309164
930425804
128996270
608423628
278976413
314274700
803039224
751885764
868296475
165105338
397991399
342330165
141733816
242026776
198025561
39218592
981870925
527030158
96507421
156285460
979992373
266154570
401016825
852521595
397991399
375415318
94537543
151667782
234359590
721562952
213053336
249479266
981870925
977485422
988302004
542066694
388061120
368539204
92363764
478420462
992407830
743928632
658516737
96177646
250651169
248004927
148516861
717971422
586202711
398089477
614633990
397991399
95673858
10
917786992
867677207
881866753
379135191
329313371
753637423
95673858
692548180
222534779
369865985
1037290
201523030
531041025
598374889
607196614
145067597
124887470
922991609
968065174
489334816
329313371
559473653
93232780
881775823
320412915
751268843
455126612
556007948
70843747
275053282
679855380
618165960
283552609
900901714
3384
108563469
888722186
379699729
704852441
988302004
235808921
730317513
412533633
577082944
834429163
751885764
273320985
913408437
789431513
891146506
486167898
514802540
389927427
737052900
249479266
132044982
988302004
885392673
396914725
211960357
389927427
291608851
482020824
83761743
884158612
945309929
894094577
144577080
4578874
291991303
487814049
103961583
503337797
919678586
721617140
193275305
200016492
167026947
711265915
379135191
539831708
345422821
150
340980453
197763994
764523640
4578874
487814049
248004927
682179310
204434900
192772599
655015866
963962664
745810009
280899555
388061120
825426755
992780831
802676821
369865985
392487666
185930935
121931269
383874472
318029415
556007948
66430650
174875262
745810009
439752238
290767032
457230381
830322503
540791553
673161982
294780030
373635
770137272
154221862
329313371
897378766
137067068
378973713
610601400
440950537
987677374
824309164
890733881
913408437
673161982
166754957
273320985
436715057
791634439
388061120
653596697
373635
495780310
176717014
144577080
23482358
992780831
862636349
607196614
498805845
269522820
65028808
179597442
689075782
527030158
468252670
523465582
719686710
92758893
561435741
700167415
82229777
965243946
792873933
484681294
614380239
557820851
764523640
386535076
181645108
907751824
694819294
249479266
823046072
412533633
194048718
424614948
92363518
129151366
326901762
562986044
545525098
479362358
234161053
275507421
369865985
952041196
811582263
714797570
113271703
384951437
397991399
162101766
568368152
375254545
912135238
661815621
728091607
371720507
482866441
539831708
172889792
69349174
333558849
102601366
11971529
172901029
362603295
787174500
341482505
353070872
498943403
804939188
820222211
152615373
384951437
83761743
170864699
794289386
758679836
655015866
977485422
855944667
607196614
875404284
96507421
498943403
297721548
398089477
4578874
648412196
745810009
527030158
721910167
92758893
581726025
174875262
865544553
404462807
249479266
977765449
751109629
614380239
96177646
314413453
314040393
649329457
149544260
314274700
548056668
992216430
533417181
689075782
431026723
32373650
472750916
802916844
851218332
493854947
193992127
295479253
329027382
723422470
683538680
312499983
124887470
4826160
33753293
248004927
184151516
281255127
189874901
988265960
607196614
882579887
172901029
82229777
679329030
788975441
362603295
979992373
159853745
82229777
240879853
747363900
617899517
779370659
83761743
465476904
404462807
981870925
78646918
58020252
409262702
868296475
289432410
5042289
548056668
458432099
314274700
338209955
696763996
264907518
416976073
58020252
365777724
23482358
503337797
92758893
862636349
634247715
51066627
23482358
124887470
384624716
457230381
746937336
992407830
170864699
242026776
149544260
404462807
493854947
131225688
489334816
220882582
210965504
124887470
291848212
118736549
568368152
829563740
354740411
494874175
326901762
751109629
58251191
482866441
347090776
142696775
682777987
986345000
304697117
431810503
911360895
92758893
445786186
717552752
991435600
148675682
362399368
474165950
707593787
438764595
412533633
685378147
507124212
282095206
548056668
663349178
369865985
785511633
273320985
249479266
865494791
186587623
130159798
342330165
988265960
271382064
479810800
540791553
246563928
747363900
42310282
465215515
186587623
502241764
403490190
699420697
919965156
382130769
122724611
452263169
130159798
149544260
315928234
96507421
671597817
487814049
198025561
540791553
305877048
482636632
156285460
652630941
689075782
913021332
516383057
253228536
3910114
673161982
706588967
227465186
137158394
967102009
860344640
933891365
59164071
683883607
850734747
345184606
382976803
505115444
240879853
673161982
269522820
805548737
386265640
988302004
988265960
199785190
208917888
988302004
881775823
155114584
765390841
178339009
160733034
843974522
108563469
324367954
545525098
761859113
99601517
34850360
486167898
444805188
113370599
148516861
1
743928632
479810800
397129535
3384
349603248
100441623
275507421
92363518
174875262
195828062
258780058
3384
843974522
944084193
519985935
115074046
740630647
77816212
803039224
716100284
700047041
707300729
613378021
743928632
314274700
220522062
458432099
92758893
621372446
354740411
3998093
11420997
921827465
121413468
373635
988302004
32111757
689075782
772214221
413637618
475313097
92758893
193275305
39218592
631965369
84445073
442635932
32384110
686406158
556269619
478420462
207749286
573840684
320231761
698436690
174875262
862636349
711127567
597978784
384951437
792345784
144577080
701505618
175523756
4578874
669989313
121413468
898721940
709781432
275127100
369865985
130819945
18377549
780068949
428279527
952041196
246031767
612988760
199785190
117643267
251100161
251531782
27982762
404462807
249639839
482020824
788975441
516945415
242034208
167026947
70843747
227547313
39236523
680593793
641404308
338911730
272547933
668830324
484012315
113005584
658940110
168210228
509085818
607196614
283353290
489334816
129720502
129720502
349120238
294780030
280128240
21388472
415385114
516383057
751109629
189011785
292755464
584187858
495780310
105763199
170864699
108563469
156285460
673161982
316372179
85398453
137067068
698436690
2565434
212445827
165803742
360529611
109320
539831708
405572486
574530614
189874901
843974522
751109629
349378847
70577013
556945873
545525098
557820851
71048622
41241302
988265960
356533277
269522820
149544260
389255275
6113851
829563740
806442151
849859696
362603295
285136492
985386387
497283201
298620610
260846838
598374889
478420462
349603248
177678960
559851758
943320392
637653710
309914368
885611906
493854947
524632621
777161433
239715294
393658570
314413453
891712120
170678990
345422821
824309164
821987704
263542217
443607341
661815621
193275305
102838745
487814049
479805809
918927214
273320985
926220973
981870925
964610158
516383057
245904796
369865985
57349335
514245021
478997315
200637777
396268548
874935420
397991399
206298609
82229777
606085773
212093649
809845801
790841698
195444977
878952810
1
655015866
608423628
912863145
859383257
159853745
389927427
470580394
482866441
239487316
690319247
716100284
388061120
649329457
227465186
841626920
467714031
268980836
354740411
398089477
843410497
236857562
965758548
842176960
573073258
556007948
422277531
113816373
97582282
885392673
487814049
354740411
945309929
634247715
250352688
186587623
96507421
404812103
159676074
928419854
3384
113370599
717126024
448224737
728273267
527030158
823046072
504686671
388061120
41401471
769929921
574036016
96177646
397991399
470598575
275507421
149544260
248004927
314413453
769929921
825435473
308733724
634979107
963962664
648500862
9906697
187794467
919308477
342330165
690319247
45534790
490301040
251297295
965734420
394983816
101748290
866241515
871851420
201213842
137067068
95715093
338114969
933891365
574892594
514245021
807973025
329313371
159853745
199785190
993755935
545525098
190176378
159853745
150
478420462
928521800
540791553
95673858
884673223
726185148
480864047
345422821
165105338
345422821
697184169
9398984
940644413
10
764323266
882548562
291848212
195821799
208917888
70843747
933525933
683538680
975185019
684895590
23482358
686406158
422516363
34850360
971400051
411958312
42310282
203785724
211960357
297721548
168210228
242026776
174705871
373635
977485422
465760249
195828062
992557123
251297295
607196614
199785190
424614948
405572486
697308979
598374889
884158612
326385403
542380676
614380239
249479266
721617140
985350533
129720502
995547968
69349174
451689993
328926699
910308013
56443026
821624383
622870246
679855380
4578874
74010253
1037290
932776107
879045246
698436690
794289386
849859696
3384
186587623
27810873
369865985
995547968
803039224
207794807
204434900
95673858
751109629
345422821
316062778
507236163
716100284
718754699
467707714
778557779
86784414
444232445
679855380
721617140
520789394
904964567
514729978
986345000
621372446
275205258
717552752
803039224
144577080
467095006
281806787
121413468
193275305
539831708
820777211
679855380
673161982
349578792
349988500
608423628
585240519
144577080
356586276
69349174
490041974
912208782
137158394
275205258
478420462
596813636
479810800
248590766
131225688
881775823
1037290
901409237
945278189
596813636
173931779
314413453
189874901
367401951
680280365
364670984
397991399
1037290
963962664
913408437
539831708
747363900
721617140
135916510
582474043
957466626
697198570
771851197
63589512
198025561
880660329
239487316
362399368
42310282
740345248
179597442
129720502
96216068
940427307
4578874
963962664
362603295
482636632
524632621
482866441
10638503
38770792
751885764
290409964
904813510
389927427
883128617
386265640
733152814
815000490
959622954
275507421
444232445
614633990
221331887
159853745
227547313
46598156
96177646
294780030
596813636
887516915
738465298
863074021
819296264
614633990
5555867
305174163
720112979
121413468
412533633
539831708
563815972
661815621
368039972
880992609
835732799
482636632
745579280
373635
814972617
416547005
168210228
467714031
347816946
657805289
439333501
197229196
129720502
92363518
298620610
93718562
854887779
494874175
3384
791615876
630174927
452078964
946316705
193275305
666706124
507634900
100891362
700539448
843410497
771273410
3384
179597442
457230381
573375284
911486671
843410497
609550478
768776219
467714031
114617150
714797570
446953487
792583853
884158612
151667782
891998329
557820851
489334816
843410497
602121847
867677207
207908345
32373650
178913876
93898630
298620610
345588990
148516861
278976413
225799444
912135238
557820851
840517467
540791553
520289453
862554169
199260963
116399747
329313371
749018590
296296722
130159798
509522485
679855380
442849496
370992604
204434900
251433992
151667782
1325963
639353449
278939797
637096075
389927427
156285460
608423628
227547313
660547621
239487316
749018590
227382860
138768128
601459473
508825084
416976073
199901720
239487316
459756422
199260963
472750916
787638947
794289386
189874901
354740411
156285460
477546440
420006347
700167415
345422821
92758893
502436828
516383057
961773793
137158394
404462807
342337970
686406158
78646918
945309929
42441928
27810873
404820195
637653710
740630647
627528096
849859696
769929921
986769204
388061120
472526322
105639025
239579895
424614948
10
598374889
933891365
505115444
174875262
347090776
444936710
310114467
714797570
554144996
19405884
337716710
607196614
121413468
498805845
150
961203678
711265915
293966557
528454311
87064054
794289386
316372179
184151516
607196614
5742462
953890555
312084886
743928632
548056668
34220901
654167456
379135191
240879853
673161982
90569003
964483068
193275305
364863789
648816111
582303353
909611483
369865985
436715057
881775823
314274700
313877531
726742671
314413453
728091607
42310282
933993082
39218592
487814049
527030158
780462746
207908345
694677025
236948113
865494791
527030158
412533633
58020252
540791553
547927721
251297295
928419854
486167898
294780030
964982728
411723525
155726513
727618055
991400574
275127100
37677752
130159798
251297295
168210228
629689321
69349174
298620610
843974522
121413468
130569271
155114584
207908345
673161982
690319247
881775823
839022747
548056668
168210228
747363900
323034322
803039224
478420462
267122572
294780030
208917888
384951437
984411189
92758893
551957004
248590766
335362996
299765497
69349174
743543438
130159798
498943403
314274700
981870925
354740411
968502737
864129500
598374889
884750607
276096541
317938767
32287383
1037290
539831708
386265640
568441262
933891365
3998093
298620610
117643267
1
68899906
598374889
771607153
976137739
928419854
342330165
773485779
686406158
873735929
884158612
280128240
807973025
122931790
614380239
204514040
193992127
684550314
601572122
394169533
840517467
983780318
690319247
290767032
398089477
933891365
654892117
945653275
769046030
486167898
737341043
509059676
451927396
881775823
978239491
338911730
148516861
32287383
436715057
678848590
705234926
539831708
248590766
648816111
398089477
318294545
162101766
299670072
925882386
227547313
705234926
109320
451927396
606812958
700167415
185553810
672793217
80532156
839945875
397991399
46598156
419789131
231233404
770498330
981573535
557820851
912208782
3998093
191109371
626701595
630174927
535355618
705234926
479810800
870488602
498805845
661815621
850254152
787638947
448224737
787638947
4578874
898721940
80624921
294760686
630486451
811256032
249420944
675792659
418698577
834429163
388061120
70843747
557337497
788412713
298620610
471879403
840756999
867677207
341482505
100167635
10
23482358
973775540
634247715
299414754
676934289
114617150
248590766
491610295
480646396
374188188
362603295
700564871
614380239
442074848
663349178
193275305
686865168
608423628
199785190
163410716
669364620
112080275
94820668
486167898
716574648
493854947
540791553
129720502
751754735
882413035
787638947
179088436
274401203
634247715
943711268
205010466
680441459
318294545
103961583
792030942
540791553
482866441
469634446
162101766
637653710
923053044
93898630
195828062
679855380
705234926
958363655
392210121
122930397
919965156
690319247
704893682
743928632
596813636
747833573
656703685
843410497
905835848
227547313
290767032
992407830
364670984
306440183
717552752
349603248
849859696
251297295
81080127
207908345
173452655
779305691
103961583
965243946
489616251
477546440
622238941
893380113
711265915
1
386265640
335362996
92363518
516383057
72668924
70843747
689964042
39218592
645472682
436576201
475512195
973961600
495780310
208917888
527030158
275507421
497176678
167026947
281255127
5346331
150
789672002
843974522
981870925
912208782
612233261
159853745
841862361
321167674
153374419
650866380
680748079
170864699
60596233
530799859
150
802916844
144577080
144577080
249420944
486167898
745349517
868448625
439752238
435195678
218143027
316378565
524632621
734715299
523113784
553121899
904906592
365777724
218283666
918055945
482636632
199260963
672646670
249479266
601498743
548056668
988302004
596813636
802916844
131225688
385275401
498805845
9682176
637653710
489334816
130159798
225799444
386265640
746937336
683538680
802676821
444805188
46598156
103961583
457230381
448595777
170864699
156285460
239487316
174548711
689332592
477546440
457230381
360995494
285342800
327513811
446289352
442827156
913408437
96177646
315283039
868296475
248583225
67633894
679855380
820777211
482533198
189874901
65881702
269850998
316372179
402737690
822038667
704827836
389927427
401012583
4826160
717552752
690319247
873735929
272031775
774859680
93898630
482636632
207908345
503444762
444232445
459756422
289397878
365777724
340980453
862636349
439752238
410010937
290767032
973708237
325988076
167589012
227547313
45463514
745810009
128370549
314413453
309914368
314274700
717552752
981870925
831512117
236960480
227547313
802916844
96507421
148516861
26505090
290767032
606577188
608423628
972577310
107816356
853122010
347090776
557820851
980805644
193992127
317968472
558631211
992407830
971117617
743928632
314413453
740630647
67633894
185930935
330936553
249479266
865494791
130393188
314413453
100441623
458432099
480778035
93232780
461351016
598374889
57445757
679855380
820777211
248004927
69231138
329313371
675184566
443517935
288350149
807973025
195828062
596813636
716574648
193275305
743928632
180307380
491033424
827874435
364670984
818265792
433983290
103961583
654167456
998493373
130159798
787638947
114617150
95673858
397991399
716100284
16977106
70843747
130159798
12264207
982353458
210456355
444805188
537388469
826630190
689075782
354740411
500779057
790126550
235456299
645301458
992780831
746937336
946083193
448224737
562986044
568368152
239487316
63453497
338911730
32111757
198606443
529757626
326901762
993627707
46598156
27810873
669989313
842661056
979992373
313101833
995547968
130159798
67803186
389927427
821266762
745810009
884304664
275127100
53122912
309914368
926666173
121413468
639217141
551132238
90533160
508869152
918055945
963520578
836789075
762154637
950791446
494874175
886352408
17827833
10
641683406
388061120
964188948
119097770
483839568
486167898
354740411
199065507
610146046
387120643
658516737
866130521
435476271
823048443
393658570
75551546
360553339
140706955
67086855
992780831
554922368
130159798
156285460
507634900
409537188
473979680
679830809
92117971
408785079
369865985
441674738
779673884
995043364
751030008
806442151
882591681
984017771
827874435
45393426
225799444
973211568
912208782
444232445
772170770
170864699
316372179
310385670
697987452
32384110
875928875
945309929
384892443
291848212
820777211
505072977
772214221
389927427
779211343
304697117
862982527
306131128
717552752
467714031
573375284
790456996
227382860
468287236
721617140
347090776
981870925
392883278
845762122
704827836
884750607
911197958
18648113
301310441
807973025
862636349
802676821
129720502
988265960
184151516
170864699
717552752
129720502
501119879
524632621
64741321
96177646
448507176
42845390
634247715
778228735
866757078
828554127
314413453
397991399
738200694
747363900
810611329
225799444
479810800
690319247
711265915
159853745
494874175
678919394
305332375
686528151
92363518
113370599
751109629
156285460
751885764
224298372
788093584
717493372
178339009
963962664
819518059
402481787
306703708
751885764
995970438
939611177
805070778
633872037
640336917
834116665
275205258
248004927
742755436
690319247
255022654
304999168
717552752
895037197
873497570
100441623
827874435
919965156
777667785
486167898
354740411
498805845
248590766
841742945
129720502
679855380
269522820
314413453
805247543
121413468
865544553
646315417
655015866
451557649
945309929
524632621
482866441
46899057
124887470
70843747
718564404
528107342
544396495
165803742
92363518
344571285
162143083
811868004
773485779
205189990
865544553
225799444
165105338
596813636
199785190
364670984
126967443
860858512
84576869
239487316
372339610
459756422
340688295
208917888
345422821
137158394
919965156
153968708
614380239
991400574
762755288
979992373
11638054
479810800
444232445
10
93898630
67633894
379135191
664173718
459756422
747608377
661815621
773485779
973406407
159853745
23482358
32384110
297721548
642602652
163410716
34220901
379135191
788102079
151667782
192653041
458432099
375415318
199785190
415385114
275127100
649032276
78646918
280128240
591363989
521298774
964982728
315432644
652550040
388061120
933866206
551472741
745810009
804369
988265960
614380239
144577080
721617140
32287383
305174163
234311779
184151516
130159798
625413972
951209409
296263813
77541522
711265915
335276419
519227403
802676821
131465670
74709819
199785190
685268340
185930935
895057820
933891365
975599778
184151516
507634900
199785190
427226193
862780350
137158394
704852441
425443533
700167415
885392673
532985740
829563740
459205939
494874175
92363518
976309496
802916844
977485422
743928632
844627689
683647019
149050204
661815621
540791553
661449895
942351563
215656077
102537861
807973025
389927427
726185148
179597442
67086855
46598156
131225688
917932014
318294545
387120643
240640697
986665542
188268945
326901762
10
64892780
698436690
32287383
873735929
165803742
849859696
636636714
117643267
884750607
248004927
321983493
794289386
149544260
153259569
100441623
436639634
840517467
23482358
751109629
271758642
291848212
73073749
788190564
673235875
312499983
912135238
109320
919965156
556007948
379135191
794289386
754664023
150
862636349
275127100
924186436
607196614
664692201
318294545
133266826
303645504
380112187
893463056
35417942
56097959
357105078
93898630
751885764
887925223
943324418
200016492
397991399
96177646
988302004
49074451
1
201216867
988250228
779370659
829563740
114617150
442546706
442622680
770950135
516383057
433370609
415385114
340980453
598374889
340980453
56971065
498805845
912208782
358279846
802916844
747363900
137158394
189874901
436384627
673161982
170864699
362094439
551027505
478420462
159853745
154221862
398089477
404462807
129151366
661815621
554404140
62880744
810586659
172105415
489334816
39218592
938743505
83761743
402672051
658516737
478420462
882022423
728091607
716574648
174760431
373635
495780310
827874435
539831708
545525098
80443555
539923797
10
261135027
764523640
686406158
23436414
675267795
451927396
403744563
740618310
618338754
153127108
179597442
509403035
168210228
198025561
912135238
319572203
782372945
26004514
993246911
634247715
823046072
608423628
275507421
95673858
417997321
425157388
155054744
952041196
884158612
340980453
312084886
3384
683538680
849859696
149544260
698436690
4578874
923002242
163410716
635483482
150
794289386
984826174
492430371
248590766
499713289
605862811
676665484
673161982
16977106
49237975
168210228
182606651
365777724
137764664
154221862
717552752
335362996
437580601
751694190
362399368
79209895
711265915
275127100
290767032
443607341
843410497
185930935
25322078
457558851
1037290
227547313
595681072
95673858
597800765
585240519
939453392
10
679855380
287060747
489334816
834429163
456226050
208917888
58020252
743928632
778212488
461176493
769929921
820777211
302878087
243103935
169338804
475543115
288750867
602121847
843974522
208917888
570140112
181847325
658516737
988265960
372339610
198025561
195828062
1
820777211
743928632
773118870
200607923
470598575
498805845
803039224
193275305
165803742
772214221
364670984
95673858
137067068
689075782
482636632
66605158
103961583
807973025
678032719
182428352
93898630
309914368
266050842
443607341
746937336
792059259
912135238
137158394
366182463
376474190
108563469
197829361
24328648
345723294
545525098
993246911
323265045
980877287
218880430
737711916
425263609
688238413
96507421
305174163
849859696
436715057
820646928
340980453
700167415
208917888
700167415
992407830
487814049
983780318
199238860
278976413
106395595
78646918
655015866
3761461
649032276
312084886
697928555
493854947
952516622
673161982
32373650
117643267
724769166
114617150
487241386
251297295
365777724
448224737
1037290
333493821
463535049
637675322
945309929
995547968
82229777
34220901
330838981
494874175
764523640
794289386
92758893
347090776
46598156
23482358
415385114
240684230
602121847
571989586
287057140
114617150
778471476
988302004
601871576
767410882
484075317
721617140
993246911
482636632
227255957
630174927
934367203
281981270
751885764
100441623
444805188
981782156
803039224
436715057
67633894
834258971
3998093
137158394
492093420
586557435
260564924
910629607
820777211
104043836
342965893
992407830
965243946
204225494
178339009
277596169
342031674
458367865
141803752
489334816
440076631
814261542
473582704
680748079
428066113
615758677
92758893
879612033
829563740
144577080
179597442
156285460
137158394
95673858
199785190
983780318
199785190
93652291
919965156
827874435
673161982
988265960
581264389
42310282
294780030
673161982
862636349
186587623
93232780
991400574
74063827
128611620
870699151
839577646
868296475
470251328
387120643
278976413
32373650
629903127
179165691
830535919
7412466
345422821
439752238
988302004
661815621
921953929
849859696
821987704
904929405
885468934
444232445
373635
537051402
770935442
873360984
121413468
96177646
988302004
806442151
898721940
215195444
12388612
68446042
262657789
19001680
774347282
769929921
380327675
167026947
967102009
726185148
387424396
579291002
363543488
865494791
284591748
73895699
940644413
239487316
117643267
280128240
686406158
279344343
507634900
138435084
901897878
807973025
324828951
118993468
728294875
876841103
346012373
751885764
779011643
983780318
162101766
170864699
478420462
171792431
778557779
178339009
494874175
443607341
527030158
985477402
207908345
694631265
369865985
93898630
225799444
823046072
3384
162101766
436715057
698436690
564906879
25322078
100441623
856208960
992407830
721617140
345102487
412533633
329313371
867677207
186587623
531255666
162101766
211065833
780068949
701454140
939499782
834942248
626836435
154221862
227255957
401016825
753642705
329313371
398089477
439752238
614380239
873735929
151667782
637653710
153168116
345777013
87989110
404462807
159853745
653964140
673161982
227547313
663105133
211960357
114617150
779303295
607196614
467714031
918713662
239487316
290767032
27328550
946109573
174875262
364670984
988302004
849859696
204434900
653039736
981870925
129525453
489334816
807500551
431221890
479810800
843974522
249479266
787259164
482020824
539831708
873735929
563887791
127912988
711265915
781831715
163378413
656299570
44141850
690633282
780068949
67086855
482020824
236897605
498943403
705234926
949542903
847227072
249479266
655015866
769929921
174875262
787638947
275494707
375415318
304985857
482636632
683538680
801891887
594626755
96177646
485330457
46598156
269522820
918055945
949407719
227382860
919965156
581264389
742342518
297298450
383469094
204434900
503444762
185501014
73395627
827874435
761306513
655015866
389927427
333058836
298620610
524632621
658516737
722657585
557820851
67633894
314274700
162958490
704827836
249420944
248004927
121413468
787638947
912208782
365777724
227255957
487814049
654167456
865494791
626701595
993246911
149544260
778557779
165105338
704936703
630174927
824309164
539831708
964982728
69349174
487814049
705211245
986345000
867677207
603020334
507634900
150131480
788975441
668529805
704852441
564476870
842176960
4578874
872872660
704852441
165982227
170864699
167617572
109320
384951437
483633128
3384
305650317
912135238
704936703
873735929
478420462
217115556
995547968
996944745
849282752
843028053
526060681
494874175
225799444
912208782
663349178
349120238
110540938
113370599
478420462
669989313
335360629
678024771
399938260
780068949
526433812
751885764
195828062
646999077
444232445
610352024
3998093
337523
705234926
967209219
4826160
2918780
679855380
150
10
573375284
255073233
249420944
275507421
877564433
556007948
155114584
940644413
380878319
158263720
928419854
373635
614380239
144577080
168210228
934530344
635204933
646160562
310748568
162101766
4826160
671471401
231699240
780068949
46598156
129720502
86945038
34850360
630174927
225799444
714797570
92363518
77489767
162101766
806442151
155079536
96177646
345422821
397991399
988265960
751885764
199785190
992780831
865494791
347090776
457230381
318294545
93142105
952041196
41756657
324582101
388061120
970006101
795285863
889738335
151667782
433573725
416976073
179597442
865494791
941274859
864489056
995547968
912135238
840154790
162101766
371821729
972384878
388061120
448224737
783717516
680261028
156285460
716100284
676462429
674973000
854887779
414806703
698215510
355147891
478420462
498805845
1
748380680
32373650
993246911
590486241
414470498
123300366
322928000
347090776
32111757
977485422
364354494
324367954
174875262
137158394
54635976
329313371
114617150
198025561
117181301
291848212
137067068
248004927
298620610
78646918
890939451
498943403
727273437
728091607
275205258
638592083
151667782
516383057
884158612
524632621
893394494
910118150
582692754
58249948
672336968
700167415
895917467
1
743928632
1
185501014
27810873
738200694
912208782
537110114
903221914
335910882
108779931
818753078
129720502
498805845
410420282
679524750
104244436
746937336
918055945
278976413
373635
316238676
614633990
179597442
981870925
159853745
679871965
275127100
493854947
602121847
607196614
602121847
649032276
309914368
269522820
415385114
107816356
722834388
354740411
179597442
518472127
633590695
843410497
34220901
297721548
436715057
690319247
92013825
730153494
302800627
708368805
955504132
397991399
66605158
178490104
107816356
217000417
96177646
716100284
849859696
393658570
130159798
42310282
570148581
992407830
769929921
93370081
637653710
657126246
107816356
539831708
570589730
619331583
673161982
93718562
746465932
340980453
497834515
714797570
227547313
275205258
149544260
457230381
227382860
131225688
458432099
189874901
349120238
743928632
113370599
803039224
398089477
418709160
690319247
470251328
32287383
716100284
764523640
486167898
959594914
342330165
792754532
451927396
495780310
335362996
933891365
962340141
649032276
514245021
149544260
986345000
621372446
904868379
314413453
16977106
82229777
364670984
154221862
884158612
290767032
193992127
743928632
106497589
770935442
314274700
207908345
167026947
726185148
784123896
770935442
326901762
4578874
179597442
598374889
63305210
312499983
305174163
479810800
89246652
438606231
294780030
992780831
885392673
67633894
372339610
945309929
654167456
863406047
248004927
223924379
711265915
66605158
498805845
302784205
573670228
477546440
361928653
364670984
705234926
320516160
482636632
92758893
42310282
362399368
96507421
670707006
32384110
919965156
275127100
444805188
860812479
6929481
478153817
275507421
324305631
607196614
196286930
921738422
279895883
199260963
478420462
498805845
170798234
779471955
167026947
444232445
801334866
781470609
51337390
294780030
929163807
402737690
291848212
916345688
239487316
783600323
463285406
168210228
225799444
305627772
979121198
32384110
340305368
849859696
248340974
503444762
918055945
114617150
896442189
142355647
416976073
270710518
557820851
815139221
829563740
988302004
986064240
227547313
188741712
533080224
154221862
562986044
27810873
297691938
167780348
582640360
835174181
193275305
608423628
514643260
477546440
124464128
401016825
227100819
444561104
795285863
165105338
916694480
470251328
986345000
273320985
539831708
772214221
751885764
991400574
967102009
841145990
304697117
419422851
193992127
865494791
823046072
912208782
964982728
111248361
710870984
281255127
769929921
692602856
764523640
424614948
721617140
376005767
749018590
743928632
671541619
979992373
154221862
780068949
495780310
770935442
281255127
112370208
481910256
751109629
294780030
540791553
686406158
287304185
992407830
93718562
472750916
673161982
749018590
737297125
197291941
372339610
270710518
903221914
468689579
95673858
959547713
514245021
367243702
3998093
779342623
103961583
179597442
573375284
362399368
3384
32287383
940644413
3384
865494791
700167415
661815621
340980453
362603295
664702162
186424544
444805188
764523640
193992127
32287383
654414751
649329457
719527297
679855380
130159798
518461874
124887470
616755496
853019408
369865985
163410716
129720502
772214221
990188000
285246842
114617150
347090776
786138538
940644413
304426360
887298654
77757370
732953453
277498071
23482358
68855266
700167415
281108680
661815621
662966318
227547313
635208408
329195046
907999977
39218592
27810873
58020252
928419854
557820851
849555621
690319247
514245021
903221914
787612205
868296475
4826160
678207286
540791553
404462807
716389109
3761461
46598156
507634900
988302004
414029905
211960357
397524077
67633894
944669089
749018590
416976073
178339009
444232445
236551078
865494791
751109629
113370599
170864699
963962664
121413468
165803742
404551442
275127100
484695232
482636632
878436911
728091607
405572486
444232445
140717761
282570372
196834983
630174927
335362996
25878196
275205258
415385114
478420462
58020252
156285460
387120643
944816777
369898472
658516737
95673858
912135238
489334816
467714031
522912672
967102009
67086855
747363900
165222356
935164447
250825913
949499095
67086855
988302004
527030158
516383057
4826160
167026947
758153111
251297295
843974522
679509398
342330165
556007948
557820851
4578874
10
650114313
689075782
770935442
362603295
823046072
56594001
199785190
171887839
548056668
40644539
716102392
655769338
373635
912208782
386265640
93898630
860860956
933891365
200016492
37327898
669989313
288776968
487814049
743285202
31483039
545525098
865494791
337141767
994842359
28789099
486167898
151667782
470567388
524632621
144577080
770935442
149544260
367535535
365777724
482020824
43375709
873735929
3384
459756422
503285816
482636632
673161982
612215917
220090837
642189427
802676821
67633894
274968305
340980453
487814049
661815621
185930935
742491116
234056997
244260114
294780030
309914368
842176960
607196614
998935705
397991399
387120643
457230381
644716681
790193171
511133871
933891365
467567673
379058317
794289386
745561956
193992127
329313371
598374889
482866441
343994610
634247715
867677207
648816111
365777724
648816111
840517467
193275305
477546440
842176960
940644413
207908345
608423628
514245021
56846694
130159798
981870925
368338006
821833979
915897933
172901029
500746409
156285460
677532905
249479266
482866441
751109629
151667782
374824269
903221914
204434900
150
170864699
401434684
463535049
151667782
780068949
995547968
614380239
199785190
487814049
609896901
451927396
307440024
239487316
4826160
209094708
154017709
963962664
189874901
372339610
278976413
673161982
354740411
618317789
91606264
446607415
663349178
459756422
504815466
545525098
991400574
362603295
227701234
369865985
945309929
193275305
456177196
415385114
823046072
596813636
478420462
297415152
436715057
482636632
129720502
269522820
27810873
193992127
477546440
342330165
855387463
237499506
208917888
137067068
780068949
538725933
116419630
964982728
209371110
16977106
806442151
198025561
83761743
151694248
677354945
347090776
862509472
495780310
316372179
14121502
270710518
894909633
874037807
100441623
369865985
556007948
80519398
696170477
912208782
602121847
479810800
96945195
305687210
424614948
738200694
467930487
297721548
314413453
1
774508214
301897785
397991399
549097835
671263272
821987704
174875262
471407050
898551909
451927396
342525209
713314624
32287383
988302004
227438424
182578650
342330165
607196614
113370599
192623163
766661324
401016825
248004927
135098949
412533633
919965156
416976073
444805188
379135191
193868610
345422821
4826160
207908345
312084886
124447184
44403647
77180926
840517467
31152942
269522820
436715057
767985236
156285460
614380239
769929921
635666771
472750916
778557779
748962980
349603248
426028200
199260963
672864439
494874175
120814671
324367954
199785190
767831702
444232445
508583454
914016337
415385114
599745000
349603248
885392673
644171213
633106387
239487316
494874175
362603295
832207494
335362996
779033958
747363900
862636349
248590766
165803742
386265640
726185148
131980461
354740411
927008166
279790154
596813636
373148013
78646918
834429163
516383057
280128240
121413468
27810873
1
32287383
32373650
507634900
227382860
673161982
719808891
94357276
100441623
614633990
345422821
577608892
998823649
919965156
142535307
227547313
954036339
415385114
865544553
367798511
156285460
58020252
117643267
405572486
100441623
468551068
575223276
938286740
472750916
100441623
32111757
836440472
746937336
744239311
548056668
109320
743928632
403457178
305174163
1
482866441
382217434
636865813
331434460
354740411
655015866
193992127
913408437
970142186
312084886
482020824
59764920
309408843
273320985
95673858
675656454
476267576
70033194
945309929
342330165
596813636
904873783
17426510
488588212
347090776
486167898
213000579
172901029
275127100
780068949
988302004
386265640
988265960
95673858
829563740
345422821
516383057
129720502
227382860
144577080
919965156
689075782
167026947
615497562
275205258
149544260
994973617
686406158
174875262
93898630
347090776
416976073
67086855
318589138
463290002
509559101
96177646
590020766
32373650
433403435
307200545
952041196
802676821
358603200
608423628
254719728
159853745
887864954
341482505
654167456
148516861
866053603
417456867
78646918
112979239
154221862
442337890
649032276
914155851
92363518
721617140
991435600
362602231
626701595
326901762
199260963
983780318
807721126
398089477
514245021
193992127
568368152
942420296
383531208
444805188
813611739
825341090
290767032
347300330
342330165
248590766
248004927
343258058
981870925
120935718
477546440
472750916
963962664
884158612
607196614
179597442
151667782
369865985
347090776
4826160
100441623
365777724
113370599
607196614
690319247
498805845
199260963
981870925
46598156
689075782
865494791
349603248
170864699
705569636
865767314
857014318
220029152
1037290
412533633
795285863
314409236
386265640
665121814
1112888
387120643
661815621
544987286
227255957
153025238
333231686
634247715
290767032
503444762
199785190
575545116
451927396
714797570
151667782
367926785
416976073
161588266
100441623
438691960
340603824
478420462
388061120
144577080
412533633
179852018
259863829
326901762
991435600
741417039
165803742
918055945
503444762
275127100
495780310
459756422
648816111
212391639
716100284
23482358
177479808
881775823
227255957
4578874
203942075
595245874
70843747
937422153
297721548
199260963
372339610
640872836
149544260
929574406
984178937
309914368
714916684
312499983
963962664
91560718
983780318
662513108
898721940
482549746
907519357
764523640
764523640
639027354
130159798
512150278
465787226
170864699
560170927
309914368
568368152
802676821
93898630
543347815
602121847
751885764
539665451
983780318
568368152
150
163172020
562986044
495780310
166165050
601968359
445501918
647936061
149544260
470598575
728091607
690319247
8783974
109320
70843747
795238062
555229015
225121597
32287383
412533633
647850194
764523640
70843747
672647777
622930551
206565725
444805188
906951924
974594220
354740411
669989313
70843747
362603295
275212331
705234926
919693902
314274700
654167456
840359287
802676821
119081056
823046072
121413468
380757049
740630647
933866206
773329201
129151366
785401923
614380239
928419854
23482358
35723793
137158394
978884747
316372179
821059104
740630647
726185148
278120430
345422821
248004927
658516737
988302004
179597442
312084886
507634900
290767032
548056668
1
112966497
393658570
949009377
340980453
960821029
539831708
326901762
455075603
364670984
881775823
802676821
172901029
573375284
23482358
779415058
607196614
165803742
291848212
880110000
607196614
349603248
174875262
207908345
964982728
809538404
779370659
358691020
393175824
980877287
69349174
486167898
947830124
482636632
622737562
169391135
332332977
347090776
782381935
498943403
597067888
275205258
155114584
412533633
802676821
827874435
824309164
172901029
862636349
199260963
630174927
136517023
110468114
566460905
795285863
4826160
988265960
614380239
32373650
444232445
602121847
932928139
409267081
794289386
251297295
70887967
992780831
363855361
114617150
824309164
178339009
338011215
834430168
108563469
109345670
108563469
716100284
298919988
836860048
481340508
412533633
695869569
16593769
185368875
963962664
443607341
211960357
467714031
240412538
556007948
93232780
1037290
44994230
583431808
885392673
596813636
316372179
540791553
637653710
655015866
679855380
444232445
549242203
976566468
865494791
483346708
32204233
96507421
179537493
4578874
885392673
388061120
163410716
349603248
13738838
919640172
124887470
482866441
819152151
822840865
34124854
963962664
219165100
543513373
749018590
349120238
666134746
585240519
983780318
749018590
180301038
299126003
498655173
522004224
834429163
388061120
92563909
444232445
349603248
463535049
1
803039224
489686661
169234072
137158394
962108672
454872179
683538680
139791040
402737690
130159798
862636349
148516861
1160306
70843747
178339009
983136742
345422821
362399368
899279165
706720742
897631942
512654596
751109629
239487316
820777211
648927093
329313371
174875262
807973025
804768002
740630647
262735083
912135238
560985636
482636632
314274700
142261136
362603295
96177646
280128240
564277709
977485422
131902783
402737690
873735929
945309929
121413468
717552752
198948291
100441623
527030158
716574648
543267785
788260561
503337797
968020424
389927427
873406502
573375284
57805626
480967265
903221914
843410497
83761743
160738290
818265792
32373650
649329457
490130596
129720502
912208782
940644413
581359905
314274700
324367954
971943924
281255127
13428263
933891365
316372179
743928632
789675498
280128240
998758693
416976073
658516737
27810873
562986044
227255957
514245021
680441459
823046072
746937336
89681676
354740411
120512662
312084886
444232445
898721940
79141430
204434900
698436690
486167898
372263196
482636632
540521739
178339009
243871766
297721548
42310282
297721548
918055945
482020824
973932405
137158394
770935442
700167415
482866441
129720502
248004927
364670984
199841874
981605462
405592118
778557779
241572855
298620610
293873913
285920476
743928632
981870925
156237184
399043811
92363518
57148460
540791553
479810800
986345000
991400574
540791553
312499983
312499983
527030158
264796097
802676821
746937336
219764821
51066627
980877287
379135191
527030158
591458670
507236163
185930935
582798203
474450814
700167415
149910972
185729192
451927396
96507421
498805845
489334816
940644413
539831708
716114256
100441623
349884068
135347744
271467035
728091607
208917888
557820851
637653710
69349174
675815822
749018590
156285460
398089477
185501014
928419854
412533633
281255127
400435598
394742661
746937336
802676821
588189255
622789871
179597442
4826160
988265960
306478990
676042312
255937261
130159798
939326548
680748079
820375791
191470180
740328543
860205797
548444345
873735929
342330165
951382728
821383359
679855380
32373650
990001299
144577080
843410497
199785190
993622185
359456236
746937336
251297295
131092526
848064341
336685109
424614948
4578874
581709021
988265960
831289547
249479266
144577080
589700437
476872482
137067068
382689994
806442151
117643267
199785190
649032276
225235480
53650803
107816356
275205258
489334816
843328456
494874175
10
721617140
225799444
318274304
674566200
831512117
498805845
814293564
714797570
912208782
751885764
46598156
974204239
588533697
256481464
482020824
683099695
211981395
199785190
321320029
780068949
728091607
146444280
862636349
121413468
297721548
25322078
178339009
232879634
980877287
193992127
852761507
702763241
156285460
410040139
67086855
980877287
275507421
658516737
401016825
687742949
680748079
884376292
571971568
174875262
482020824
545525098
963962664
227255957
240879853
472750916
273320985
907057148
477349334
829563740
743928632
275127100
135444719
524632621
67633894
498805845
206216702
525578286
952041196
606429281
827874435
451927396
341930511
522324333
737162650
741330413
227547313
100441623
479810800
845525924
32384110
829563740
842176960
202014631
629534592
827874435
162101766
626701595
133769097
649329457
389927427
243994335
986345000
184151516
23482358
349603248
765431391
512027695
164893454
56961374
348494199
751109629
865494791
47448790
655015866
427033996
339568710
185365078
23482358
954383659
717552752
334084343
477684441
991400574
780068949
83761743
193992127
598374889
764523640
772214221
137067068
669623811
555573743
133489011
178518114
933891365
397050974
22948155
58247024
156285460
548056668
614380239
70843747
831512117
575318013
345422821
540791553
285273163
655539343
251297295
494874175
514802540
103961583
849859696
75358826
493854947
888693258
493854947
511473412
331474151
583102435
859052871
130682260
137067068
594827438
93898630
747363900
137158394
181847325
493724630
130510515
919965156
162101766
130159798
516383057
184151516
630174927
448224737
477319162
539831708
495780310
759744891
615160244
964982728
354740411
933866206
673161982
858240719
723564348
152166410
36114749
253763956
242026776
716188414
980877287
495569521
514811540
829576660
251297295
721617140
843974522
259617213
275127100
170864699
294780030
149235527
557820851
788975441
607196614
239487316
475086861
371037286
110468114
751885764
695216775
270710518
721617140
650632560
507634900
82968821
67129233
3384
387120643
130053923
326901762
129720502
960353185
697264825
904560593
898721940
185501014
451927396
960316001
103961583
349120238
928419854
188804037
367052561
172901029
95528130
178339009
18689658
765650020
424614948
829563740
23482358
907339214
109320
912208782
159853745
963962664
493854947
602121847
884158612
246372557
598374889
277403732
743928632
3384
443434462
867677207
479810800
351063802
245353067
614633990
977485422
109828700
913408437
333550833
189874901
610294197
563183143
10
763041661
495780310
309914368
451927396
705234926
514802540
516383057
770935442
596657055
275507421
12147027
842986103
634247715
995547968
573375284
487814049
395547053
82229777
372339610
980877287
754824483
514245021
121413468
349120238
429885103
261492097
443755886
190866281
51066627
431550764
516383057
10
470655291
649032276
965243946
649329457
683538680
795285863
746937336
179597442
275127100
154221862
810501284
239487316
189874901
482866441
738200694
828141322
312084886
714797570
32373650
82229777
104348133
249479266
27810873
540791553
156285460
286145894
93898630
470932201
903580577
376263984
326901762
71446158
326901762
489334816
514811540
156285460
60018567
933891365
82229777
765914134
802916844
527030158
137158394
762135983
613649918
487788229
347090776
903640560
630174927
340980453
498805845
165803742
621491754
586225499
848602202
912208782
734486661
728057904
770935442
514245021
28296979
952041196
144577080
918055945
868184654
841500906
507634900
698436690
995547968
942440233
545525098
993246911
349603248
666315384
556007948
602121847
354950951
704852441
489334816
314413453
134285767
924842142
131225688
607196614
740630647
515269966
185501014
163410716
362603295
847952455
773118870
275127100
482636632
107816356
391188929
913408437
745810009
742021341
167026947
527030158
207908345
207908345
884158612
393658570
608423628
586197923
193275305
516383057
336473547
738287696
305174163
716100284
568368152
706243776
326901762
398089477
693349764
224118952
369865985
507519144
524632621
945309929
786603009
608692218
275127100
557820851
843974522
881818424
777161433
487156396
467714031
282076042
714797570
199785190
227255957
257732477
716023828
206840939
832387939
249420944
743928632
507236163
782730126
188697106
319319473
150
204434900
358295217
541576406
964429017
339396021
393252442
402737690
290767032
984832456
843974522
988265960
913408437
276835850
314274700
472750916
15791414
129720502
984757711
347090776
198025561
27810873
163842702
607196614
162101766
686523334
516383057
366971578
707311288
734444532
67633894
814144668
195828062
963962664
476129724
870661463
613591956
348841710
174875262
275507421
46598156
4826160
649329457
301349800
386265640
842176960
580112806
377634644
39218592
185482493
707281621
637653710
697191111
324367954
698436690
29613641
248004927
555573743
669989313
649329457
686406158
174875262
67633894
299069662
304697117
884158612
314409236
347090776
46598156
493854947
3384
178339009
478420462
827874435
540791553
969341945
140677954
309914368
920209920
487814049
109320
954080467
683538680
49657468
769929921
486167898
135806554
721617140
298515592
859313666
133909928
945309929
779370659
174875262
1037290
193992127
714742327
88327347
577945726
740630647
174875262
297721548
689075782
178339009
494874175
924634079
144577080
602121847
374914563
150
929605945
248864767
436715057
342008186
654167456
314274700
3384
92758893
92363518
912135238
821987704
179307519
4826160
436715057
663349178
746937336
550199497
4578874
184151516
981870925
115299871
22532634
694118992
251297295
93232780
248004927
698436690
415385114
195828062
298010939
459348539
636580922
482866441
764523640
100441623
305174163
919965156
717552752
99797741
324367954
191569317
596813636
137158394
32384110
734740485
15884992
792758686
472750916
983805506
444232445
81561517
248590766
25322078
80439259
824309164
918333084
23482358
74199287
913408437
459756422
369865985
492949286
602121847
168210228
616796508
181186648
387416236
979992373
977470588
770935442
607196614
362399368
162101766
280128240
280128240
885392673
227465186
608423628
970084577
324367954
294780030
314274700
419031037
643428341
493854947
365777724
637653710
637653710
398089477
239487316
401016825
399531611
122548490
304593174
170864699
399652020
137158394
797619354
870716371
75973193
775201810
344540043
162101766
150
26557678
326901762
654167456
459756422
482866441
107816356
251297295
345422821
451927396
793463387
683538680
142064739
858326659
568368152
751109629
557337497
581264389
805705191
780068949
298620610
174875262
457230381
695881033
849859696
524632621
45228695
290767032
96507421
388061120
295813500
824309164
185501014
780068949
479810800
272311617
93898630
448224737
96177646
556007948
700167415
584344562
884750607
3384
248004927
184498146
16645827
118496902
3998093
193992127
918055945
698785866
313806161
349120238
133881816
46598156
108563469
843974522
100441623
557321457
347090776
207908345
401773017
898721940
806442151
524730682
596813636
564772798
780289168
912863145
784154112
517928276
548056668
172901029
963633314
10
637653710
505115444
683538680
316372179
165803742
457230381
165186283
740630647
711339124
1
498805845
98535736
694790485
785552383
174875262
95673858
507634900
419907445
171378936
966315100
349603248
876738286
527030158
804299399
278976413
272809925
992780831
664898825
367936192
750557891
103436192
548056668
870534759
507634900
301877484
92298645
4826160
847017022
980877287
843410497
934228456
704827836
393658570
163410716
121276840
747363900
248590766
852994016
249479266
911901846
181847325
898721940
10
698436690
700167415
66430650
444232445
32373650
121200969
337440141
704852441
372339610
78646918
479810800
426221410
3998093
933866206
346661843
294000377
314413453
259020729
448224737
334323359
872926842
671748367
802916844
4578874
988302004
616017882
821537940
738200694
482866441
388061120
193384666
705234926
172901029
780014669
32373650
195828062
456621088
34220901
258528292
621372446
546588482
498805845
312084886
46598156
979992373
868296475
50105419
208917888
124887470
711265915
875218722
249479266
345422821
602121847
249420944
340326857
275127100
724609626
764523640
928419854
731211728
787638947
115523801
178339009
121792065
778557779
602121847
827874435
388061120
117850439
93232780
686191866
241179808
179597442
503444762
117643267
463535049
568368152
607196614
251297295
767563779
62885297
556007948
749018590
828007284
614380239
686406158
150
109320
527030158
148516861
116355897
620347420
672340633
482020824
103961583
991435600
4578874
67633894
70843747
733840689
4578874
295355117
986345000
185501014
493854947
780068949
723338847
155114584
598312078
290767032
981870925
317325075
212774643
174875262
324367954
987522479
265925082
482020824
107816356
655015866
388061120
769929921
275507421
446209273
275507421
187678875
854402515
737059635
726836859
751885764
487876047
654167456
683538680
32287383
239487316
143968445
977485422
415011007
155114584
79186530
207908345
355677956
499558068
291848212
93898630
986345000
859283043
280263191
260476206
728091607
505350958
302762523
602121847
507634900
103961583
843410497
970319296
791182696
167735395
795285863
84905021
362603295
988265960
733539518
225799444
865494791
615647489
349603248
72338820
661396224
761111925
58020252
486167898
234131279
297721548
780068949
493854947
714797570
23482358
32111757
385569432
388061120
912208782
746937336
684839555
809135536
977485422
329313371
471849574
602121847
773118870
347090776
740630647
498805845
114735452
967102009
482866441
881775823
910173466
457735201
700167415
210947176
155298703
963962664
799222554
91958917
345422821
770935442
503318141
313147586
121413468
642604828
516383057
198025561
133471145
346994773
667625651
548352283
727243444
903221914
93232780
189874901
461000606
384951437
297721548
10188565
415385114
840517467
332865759
940644413
382811170
478420462
749018590
298966886
675771600
964982728
989378795
103961583
545525098
963962664
983780318
616803119
20125579
862636349
242026776
516102040
271801223
32287383
849859696
983780318
992780831
463549640
3998093
365777724
338911730
178339009
291848212
692320915
307852347
341741051
172901029
787638947
362603295
25322078
467714031
554609249
4826160
163410716
865494791
288278838
108563469
802916844
889866790
597835865
521008715
280128240
227465186
444232445
793153561
314409236
565475803
845058275
806442151
96507421
661815621
316766486
634247715
227465186
806442151
144577080
745810009
227465186
774230639
655015866
67633894
539831708
862636349
716100284
130159798
918565558
195630533
926573942
728091607
829563740
802916844
195828062
302915220
386265640
853636741
355009869
462756140
34220901
92363518
679855380
669989313
345422821
312499983
782826163
879654886
269522820
936260056
803039224
621372446
711265915
475059618
539831708
386596222
740445379
903221914
602121847
945309929
992774316
168210228
910930424
46598156
345949936
663349178
470354636
31497401
526464156
172901029
803039224
269522820
341482505
884158612
900656617
150
179648520
952041196
387120643
503444762
504426477
585074658
470251328
672839848
32384110
369865985
1037290
168210228
179775938
349603248
829563740
103961583
802916844
769929921
275507421
53590109
393658570
263378870
73686350
310695028
705234926
599661945
987937858
497977604
951573716
396633899
883509405
241778061
680748079
487692530
1037290
716100284
913483391
686406158
721617140
227547313
227255957
269522820
3384
129151366
56797716
524632621
314413453
614633990
955225260
70843747
82229777
448464158
138941416
788975441
770935442
178865194
84034898
179597442
186587623
32373650
836258121
843410497
901365508
592093240
398089477
444805188
706153832
918055945
96177646
251297295
379135191
156285460
168727455
637354069
439752238
746348454
70843747
492493959
239487316
726101032
275507421
129720502
169956921
701306231
829563740
305174163
548056668
716100284
780068949
185501014
964982728
539831708
102464158
478420462
405572486
179597442
113370599
77592006
25322078
877181828
149544260
610590149
922287055
495780310
614380239
70843747
178691612
179597442
717552752
607196614
802916844
96507421
168210228
936034421
686406158
23482358
198025561
66605158
290767032
280128240
314413453
862636349
148516861
698436690
862636349
749018590
251297295
417458135
27810873
158495320
200016492
717552752
912208782
751885764
477546440
676383254
126361453
149544260
701650070
940644413
924571997
924923581
876281298
787638947
103961583
178433485
97571827
209665581
820777211
863101601
584882933
208917888
993246911
67633894
635796322
630174927
52838444
290767032
27326300
168210228
884158612
245354362
58020252
885392673
478420462
980900704
43493357
964982728
669989313
164960391
507236163
992780831
68593251
743928632
239630894
556007948
135060864
256792375
824309164
128668404
114617150
275389320
239487316
478420462
456334257
101173572
4857330
769929921
695880424
722611110
119807359
32111757
943025396
945309929
445399553
677773260
824309164
154221862
745810009
823046072
875575873
823046072
23482358
78911748
390960899
560740139
494874175
265746756
35597735
270710518
96177646
721617140
284337262
972548541
457230381
550705911
121101769
564222287
312499983
167026947
267148784
486167898
988267069
689249495
251297295
700167415
212633006
753238123
267230942
401064561
109320
230457043
100441623
338911730
903221914
728091607
436715057
487814049
797049332
498805845
683538680
988265960
903221914
686406158
430690265
326901762
329631350
373635
807500551
959896300
773118870
204434900
794289386
109320
295204347
945309929
545525098
10
818265792
463535049
109320
66306868
770935442
513893903
93898630
291848212
862636349
829563740
16977106
92363518
818265792
726157195
785159726
704827836
444805188
281255127
493854947
818265792
225243125
770959246
992780831
843974522
918526399
202453206
344295980
792295707
738222441
129720502
884158612
637653710
67633894
644246686
716100284
117485844
843974522
151667782
48179038
365043838
149544260
199785190
896374064
393970448
482020824
930433615
73999497
614633990
926161726
373585302
270710518
28230259
312499983
96177646
698436690
885392673
64466140
