732190763
980877287
156161844
862636349
991400574
824309164
27737768
656997234
986345000
276088292
823046072
757309957
129720502
482636632
685309133
706414385
724746502
186587623
482020824
347090776
217512162
467714031
843410497
165803742
730545017
249420944
57807351
92363518
248590766
69349174
436715057
210542903
113370599
365777724
275127100
249420944
323849382
649032276
540791553
560714399
457845482
329313371
121997498
482020824
470598575
103961583
389494381
133690107
918055945
502795589
912135238
281255127
384951437
275127100
751885764
853836128
121413468
779370659
638411195
251297295
107816356
554078672
514245021
27810873
178339009
928419854
340980453
42310282
568368152
280128240
716100284
931924312
167026947
82229777
726185148
232434850
100441623
689075782
32287383
251297295
749018590
362603295
927663370
918419808
326901762
43927246
751109629
865494791
303706791
251297295
608423628
538484307
228311368
129720502
72227697
129720502
933891365
440016830
507634900
602740475
32287383
210642066
516383057
919965156
598374889
568368152
823500547
185501014
459756422
32111757
503444762
992780831
992780831
716574648
162101766
873735929
489334816
165803742
928419854
988265960
993087962
540321478
129720502
749018590
940644413
524632621
222055293
655123085
314413453
649329457
557820851
854048340
67633894
448224737
168210228
653787277
444805188
901347194
745810009
830660495
117643267
342330165
557820851
51422148
498805845
32287383
738985226
563037495
794300870
200016492
297721548
573375284
184151516
193275305
275127100
607196614
992611963
806597451
683538680
189874901
137452050
933875324
156285460
27810873
92363518
460076213
532701584
389927427
711432381
746937336
227547313
42310282
364670984
96177646
4826160
349119080
415975400
573375284
596813636
129151366
621372446
498943403
148516861
208917888
249479266
349603248
92363518
198197882
160309448
249719434
227255957
677969213
457230381
999661367
170864699
425445662
443448378
225799444
155114584
365777724
625952099
9580321
988067759
174875262
745810009
330426421
454742873
291848212
172901029
252111311
369865985
661750041
436715057
498805845
977694090
726743022
389927427
239487316
132588931
816668291
740630647
446980836
926906097
252613174
479810800
172901029
746937336
239487316
507634900
806442151
291848212
818215479
661815621
384951437
155114584
174875262
677824026
258439054
743928632
279415911
415385114
802676821
375250313
979992373
774181924
349603248
195828062
362603295
608423628
215550052
341482505
199785190
185501014
489334816
362399368
980877287
289580564
860221695
125588818
109320
482020824
451927396
298620610
498805845
654167456
746937336
992407830
637653710
459398746
864814402
711265915
873735929
514245021
456299346
705234926
493854947
174875262
600618170
326901762
349120238
807973025
942493459
318294545
507634900
34220901
12980677
831512117
227465186
981584363
482866441
820777211
892926553
756438871
53970755
773485779
184151516
663837572
704827836
539034219
805994675
637653710
802916844
759259714
375332314
416976073
569810446
1
356673251
150
983780318
374932024
119082552
884750607
945309929
826318133
946889110
280128240
363356363
145452130
3384
249420944
198025561
865494791
113370599
342330165
952041196
316372179
594974377
548155225
212058418
3998093
340659028
193992127
482020824
795285863
720566344
833843952
830553502
67640086
183043067
463023124
903221914
741450994
93898630
611032280
827874435
608423628
596813636
150640071
661815621
217912251
769929921
610678057
802676821
648820268
482020824
764523640
37536106
912208782
607196614
843410497
4578874
137158394
178962164
23482358
131270723
992741048
302150963
95985217
918055945
269522820
84472716
806350413
275205258
751109629
275507421
972603223
129720502
945309929
661815621
462994972
743928632
240879853
539831708
397615411
875454753
586795507
516383057
159667440
711265915
885913649
172901029
716574648
117643267
4578874
672114377
26633693
912208782
980863643
867677207
873735929
940644413
137067068
705234926
275127100
444232445
685847135
294780030
862636349
193275305
21915260
307090698
389927427
554554662
94652721
614380239
676102224
131393504
568368152
130002455
503440030
705234926
885392673
643908345
4826160
109320
305174163
341771316
482866441
211528984
300733659
275205258
988265960
912135238
581024939
311693351
393898006
520040267
354244339
275507421
793690078
17590975
884158612
680546145
871273830
689075782
639839480
617335742
683538680
172901029
198248024
448224737
745810009
364670984
728091607
130798719
296550917
309411984
880249931
389927427
986345000
86504090
285105142
496270806
829563740
745810009
100441623
4826160
335362996
489334816
465404614
316641751
561174949
919389760
846986544
873929061
246610196
769929921
870509798
171442401
991435600
341482505
389927427
951046097
829563740
783384712
988302004
683538680
389927427
992780831
724874859
400150404
980895483
995547968
897790233
683538680
494874175
183417911
919129885
614633990
124365068
787638947
569064526
498805845
779598071
555918988
349603248
773118870
32384110
823135241
637653710
613864104
329313371
117643267
637653710
705234926
326901762
777603965
596813636
362603295
398089477
807973025
880302530
877482702
648816111
151667782
840811219
983780318
185501014
696456210
788975441
780068949
451927396
181847325
273320985
69349174
130159798
23482358
465378107
550044023
498805845
199785190
459756422
147637888
507634900
635053820
354740411
898326630
279778174
486072196
817322286
827874435
372339610
393193378
965243946
704852441
379135191
885392673
318294545
385778922
323057467
372339610
4578874
283342824
225799444
200860313
852068228
151667782
900620757
172901029
275127100
945309929
861441454
743928632
898120388
482020824
342330165
109320
156285460
986345000
661815621
835155133
683538680
7730652
96177646
208917888
764523640
78480720
93898630
32373650
704852441
239487316
298620610
846261866
102595198
389927427
261709788
700167415
291848212
873735929
751885764
427461371
25322078
342330165
991400574
57729672
495780310
477022516
693719653
470251328
297452655
612927432
208780766
69349174
993246911
485300427
757763130
956502186
678719691
988302004
827874435
27494313
545525098
648816111
487814049
607539046
275507421
314274700
314413453
811893818
808592716
992643565
716100284
614633990
908236028
405572486
843101045
728091607
429465897
794289386
199260963
168210228
743928632
991435600
329313371
454933126
32373650
843974522
824309164
574160970
324367954
85581558
723509691
476739899
495780310
201739484
342330165
503444762
972504812
787638947
871140510
722779386
991400574
498805845
738247577
621372446
868296475
309914368
655015866
165105338
835925722
129151366
951401606
918055945
698436690
127674637
530758445
717552752
917157775
934509586
230678111
362603295
163410716
807973025
545525098
806442151
151667782
340980453
611722674
275205258
745120020
269522820
597729158
60974904
634247715
980877287
983789359
314116173
237301889
185501014
704852441
806442151
189874901
473071816
337165420
392917592
896671758
313098819
23482358
981870925
135732304
890035038
200016492
752300549
198025561
137158394
821987704
503444762
67530927
408665377
690319247
244787784
240075655
913408437
362603295
749018590
677256506
199260963
16977106
993909378
19144971
165005981
425317043
103961583
705234926
326901762
172901029
162101766
787638947
565463390
32384110
67086855
662749710
405572486
689075782
3384
920661635
717552752
812879463
121413468
227255957
323426195
933866206
555573743
446655874
412533633
117643267
749553550
96177646
227547313
381842368
661324827
104747940
568368152
287374885
431376394
514245021
761408898
514245021
757417523
689075782
351064724
189874901
635289637
172932925
470598575
251297295
992407830
746937336
345422821
474506196
154221862
335362996
596813636
93718562
956784245
843410497
185930935
275127100
194588851
991310920
36827984
658516737
92363518
380808411
971051356
83761743
227465186
109320
290140085
364670984
481933665
227465186
3384
240879853
335362996
275509390
105418711
872092468
912135238
997531533
815143811
479810800
227547313
802916844
37267672
114617150
991266737
405572486
193275305
649329457
135025518
582513609
340980453
945287920
347090776
470598575
503444762
451927396
100441623
227255957
787638947
898721940
771351348
609450914
4578874
128279932
236266721
32287383
310145598
986406083
853773437
32287383
168210228
357194465
270710518
141340846
195828062
136722506
329258954
953862874
386265640
162101766
73894559
427012158
721617140
881177268
96177646
928419854
69349174
130159798
167026947
34220901
655015866
398089477
165105338
992780831
165803742
807973025
431726878
614633990
280271154
249479266
863658188
630174927
129151366
233516849
479810800
309914368
746369233
539831708
765555262
810094376
165803742
787638947
309914368
178339009
149544260
967102009
977485422
198025561
537074216
592044411
903221914
949062658
693486941
928419854
314515761
27810873
130159798
795285863
387120643
129720502
933866206
799996409
39770944
749018590
370049713
705234926
467714031
294780030
614633990
379135191
573375284
42310282
545515679
248590766
738200694
690319247
638819382
802676821
957755040
389927427
176717014
985651667
299797513
309914368
412533633
527030158
416943967
827874435
919760297
494874175
794289386
802676821
868778397
249479266
169640148
746937336
824309164
251297295
873735929
824973684
335362996
405572486
952041196
472750916
349603248
341482505
288631660
795285863
227465186
952041196
516383057
79148928
787638947
16977106
388061120
568368152
316372179
168210228
182860704
417608754
4156179
500947104
58020252
831512117
239487316
837924988
849859696
983417886
763503985
71607509
746937336
507634900
150
494874175
273717420
779370659
706153832
794289386
162101766
444714471
291848212
679855380
540791553
669989313
1
78646918
468603125
634247715
149544260
390391090
385765766
598047090
620187770
42310282
682493562
691118812
618576056
93898630
335362996
704852441
473644858
130159798
218214224
280959844
240879853
838828198
746151827
862636349
109320
278331987
83761743
865544553
714797570
388900732
700557965
67633894
614380239
349603248
482636632
148516861
833850286
614380239
248590766
843410497
769929921
83761743
668939600
34850360
827874435
479810800
329313371
597190461
914577666
761345741
444232445
467714031
592581948
622514494
933891365
198694639
857193867
32384110
193992127
334275353
482020824
977485422
34850360
17778708
62537143
137067068
46598156
840517467
477546440
719205882
197108862
883060272
275205258
472059894
880597065
275205258
294780030
614380239
315165407
334787325
60894703
805979798
634247715
275507421
933891365
312499983
96177646
683538680
152449391
186157429
700167415
227255957
607196614
225490111
494874175
324151827
110468114
144577080
224490179
789044422
470598575
769929921
533858186
787638947
491407428
527030158
861829360
605391997
467714031
478504069
648311944
129720502
747363900
995547968
133430824
259662233
799055607
78419349
199785190
249420944
548444787
661815621
243316384
706713873
664187437
710760226
773118870
495780310
478420462
211175408
161704480
362603295
461159603
478420462
467714031
273320985
404462807
246593264
540791553
227255957
829563740
1
772086709
738259608
860215614
794289386
829563740
780881162
992780831
397991399
172901029
884158612
865494791
48449862
327407753
514802540
312499983
681315478
524632621
273320985
891583191
460366962
2604003
858499063
986345000
532281178
242026776
916739058
908010710
933891365
716100284
316372179
148516861
540791553
405572486
1
658052588
581735535
489334816
858927030
69349174
398168899
947694720
109320
3384
159853745
398089477
807973025
169017455
913408437
992780831
184186912
251297295
628806760
537066987
405572486
275507421
362603295
411663477
780068949
832985967
376657540
249479266
214508052
556007948
162101766
297721548
138529334
714797570
173452354
698436690
149544260
843410497
728091607
249420944
436715057
751597487
379135191
743928632
486167898
556368697
965068869
806442151
479810800
67633894
988265960
977485422
764523640
419204320
539559519
386265640
971998445
750923617
124704159
154221862
689075782
249420944
792266370
899495969
654167456
749018590
988986664
443607341
482636632
940644413
669098841
757114864
459756422
803105066
679855380
165803742
56046627
773485779
354740411
988302004
243899517
461146987
986345000
614633990
732536761
928419854
770935442
988302004
754547534
239831757
453562156
750487754
444805188
450672043
734469752
903221914
329538480
710946806
954730124
27810873
139395949
377820344
843974522
745810009
269522820
843974522
436715057
254204281
689075782
275205258
70843747
32287383
329313371
503166204
482866441
630174927
711265915
121413468
472750916
354740411
803039224
679855380
342330165
118814056
76246339
383569210
738055885
297721548
270710518
129151366
248590766
349120238
705234926
577400592
73961156
947098929
933866206
637653710
349120238
130159798
840517467
10
130159798
495780310
439752238
621372446
200016492
150
728091607
867987014
316589744
578861295
714797570
67633894
126335128
837082945
326901762
386265640
865494791
663349178
165803742
602121847
873735929
173685821
769994797
565407643
865544553
397991399
46850275
490151076
137067068
275507421
392754696
227465186
150
524632621
778557779
824309164
279544811
981870925
885392673
316372179
326925388
275507421
968776073
578875943
4826160
398089477
354740411
492398657
1
451927396
397129535
290767032
200016492
415385114
3384
141921458
590126014
467714031
614380239
72455391
637653710
273320985
280128240
27810873
3998093
448224737
492791063
131225688
680441459
937409364
312499983
137067068
279972962
199785190
912135238
413529801
548056668
329313371
630174927
937579142
415385114
448224737
245994680
324367954
149544260
744040826
908764815
26068757
92363518
66130009
113370599
557820851
16977106
90240337
265569668
769929921
347090776
898721940
588433683
198744029
704852441
314409236
70843747
795619123
181847325
78646918
882220378
32384110
314413453
482020824
802676821
108563469
436715057
479594268
61101994
614633990
4826160
275507421
293812633
77194702
344067539
740630647
855290771
514245021
249119101
912208782
249479266
896250456
573375284
741452530
391880088
984732615
945309929
395813245
661815621
597848767
721617140
930928583
302498626
482636632
687938912
681566752
747363900
347090776
654056657
295473624
829563740
372339610
338998925
251297295
630174927
443607341
457230381
163410716
440339802
748484652
169620167
387120643
82098444
199785190
679855380
421259659
282325460
96507421
568368152
154221862
505115444
227255957
329313371
507236163
983780318
150
896860306
862636349
195828062
991400574
596813636
96507421
749018590
427859528
32287383
795285863
440907896
225799444
508675487
280112000
717931788
83761743
3998093
436715057
997202703
188698684
316372179
569715675
178339009
658516737
107915206
103961583
309914368
309914368
390694570
170328739
933866206
419986855
700167415
144577080
118582454
742049696
884750607
806442151
539831708
503444762
185930935
898721940
340980453
415385114
517129263
17859711
409818404
117643267
825600108
402807424
124887470
270710518
993639214
772214221
278177345
527030158
386265640
726185148
198025561
169540306
917201435
477546440
881818443
773118870
362408200
326901762
493854947
162101766
599055749
454933126
787638947
472750916
294780030
823046072
102662827
46598156
27194985
310224370
93232780
148516861
770935442
658587482
70490549
495780310
117643267
806442151
362603295
743928632
309914368
195828062
643683357
156285460
278976413
772767945
111547156
451927396
448224737
117643267
641902200
482636632
430611291
375312579
912863145
845883969
309914368
992255123
458432099
782833731
137067068
770935442
92758893
806442151
312084886
184080871
986345000
693226623
495780310
82229777
462554930
354740411
795285863
923414886
436715057
649329457
607196614
78646918
988678619
898721940
892157094
471879950
27810873
82229777
130159798
721617140
3384
119688980
418449827
314413453
113370599
987424941
195828062
401016825
467714031
582530071
146724765
843974522
556007948
32287383
249420944
144568896
557820851
808883818
862636349
374902677
227255957
189874901
106057283
227382860
194119099
523501144
144631204
342330165
100441623
174875262
945309929
183708386
885392673
586275872
780068949
205534444
1
249479266
95673858
992407830
154760818
477546440
67779583
457319294
291047613
176717014
1
963962664
341876481
341482505
3384
673161982
607196614
986345000
526637963
307078035
154221862
333314273
192809574
402982613
507309311
4578874
467714031
47855245
217432104
386265640
248004927
91280410
689075782
708679876
778557779
178339009
3761461
613595236
714797570
689075782
654942725
335142041
986345000
8893850
986345000
47063083
82229777
93718562
394626931
511026858
291848212
442333159
802676821
32111757
897372582
365777724
237223827
866233161
150
985985068
334832930
18980094
341482505
435855458
721869621
144577080
885867078
389927427
27810873
482402233
745040127
154221862
802676821
83761743
843974522
751109629
903221914
541336556
174875262
68899906
448224737
226636799
662176045
810597201
686406158
667837976
34850360
773058500
497112601
751109629
689075782
487814049
32111757
482636632
749177648
27810873
973485232
395013337
67086855
11948209
167026947
556007948
520540288
614633990
602121847
504300770
439752238
365777724
711265915
317836400
827874435
581264389
770140490
156285460
195828062
275127100
671536490
787638947
136335004
912138482
866165558
265861199
802041672
202770522
397991399
92758893
493854947
812318304
112555533
988265960
82229777
156285460
357390520
309914368
730888827
316372179
496852922
51090134
148605450
505115444
304697117
486167898
764523640
298620610
971297397
459756422
362603295
198025561
176717014
150
340980453
495338428
463535049
248590766
1
779370659
4578874
683538680
974856726
102490455
212773265
795285863
248826891
10
225799444
979992373
159853745
700167415
467786434
479810800
62570744
32111757
606621746
170864699
692052823
919248980
168210228
773088886
938238294
278341586
345422821
700167415
311219602
207908345
165803742
843974522
213131072
346875366
27810873
558363159
562018924
557337497
780068949
316372179
280128240
444232445
150
372339610
442145211
607196614
478420462
108563469
458432099
496914945
738200694
467714031
646698677
842544218
784653863
386265640
340796683
849859696
168210228
636387502
983780318
472750916
211656076
134024434
614380239
647538881
338911730
769929921
184151516
525358608
100482429
699592330
347090776
680441459
913408437
482273812
162101766
803059240
172901029
545525098
95673858
448224737
53391470
787638947
349120238
630174927
912208782
150
199260963
700167415
341482505
294780030
312499983
30932631
165105338
903221914
211814244
819790200
315445215
930695571
470251328
689075782
891466668
412533633
548056668
658516737
477546440
762464303
217896102
848974980
130159798
92363518
4578874
4578874
914360
10
18060533
240879853
468256962
746631667
493854947
347090776
539831708
978572015
93718562
160082981
868468482
265579884
369865985
32111757
400367897
630174927
596813636
913408437
614633990
614380239
340980453
67633894
980190409
974241634
114617150
815559853
716100284
768776285
763828921
121413468
83761743
281255455
117643267
96507421
873735929
805423578
32373650
34220901
730323570
151939879
339157240
780068949
137067068
892127800
885392673
940527530
707554339
746937336
524632621
495780310
980877287
199260963
751885764
199260963
459756422
470598575
227465186
312084886
903221914
346350886
347090776
654167456
316834044
545525098
903221914
233446821
478420462
912135238
571123711
295231321
918055945
275507421
777161433
634247715
487814049
398089477
1037290
478875227
991435600
912135238
371926454
387120643
548056668
802916844
404462807
717552752
444805188
968721896
47831130
448224737
162101766
897509261
964982728
995547968
988302004
230526067
69349174
16977106
94790246
884158612
227465186
342330165
3384
699720340
433696001
136390436
483648738
415525386
166842258
389927427
121413468
159853745
451927396
92363518
290809489
10
746937336
345422821
747363900
72721797
526982649
292173388
314413453
457230381
991435600
802676821
807973025
992780831
701708466
199260963
659630589
917878215
862636349
93513984
492125252
149544260
103961583
23482358
351048867
113370599
495620420
911373901
597823954
679855380
73115147
100441623
3539973
32373650
248590766
81179559
661815621
184151516
398089477
356844159
135118279
167026947
121413468
690319247
185501014
912208782
167026947
945567042
381234888
686406158
827655863
539831708
706153832
969038934
39218592
487814049
314413453
436715057
882756211
318316676
442010469
714797570
771728659
824309164
875464499
67633894
872271467
309914368
156285460
33709444
312084886
749018590
658597778
905903043
514802540
759690400
794289386
412533633
988302004
743928632
643156850
198025561
326901762
769929921
873735929
747363900
705234926
227255957
124788566
865544553
170864699
896180048
685451295
716574648
551886227
983780318
4826160
623214118
448224737
298620610
179597442
100441623
364670984
889330796
207908345
34214455
149544260
933866206
726185148
540791553
296414795
585773477
949830589
818928395
149544260
387300896
278976413
206835458
199869351
411441554
116196395
726183045
92758893
785044160
457230381
545525098
851839539
165803742
958074337
193275305
135486604
487814049
96177646
1
648421889
195828062
664389028
524632621
557337497
379417329
906904562
514245021
516383057
343026840
264691840
128659664
482636632
979663665
398089477
950051285
78646918
539831708
821665404
918055945
833044308
608577039
265292864
862636349
207821735
645115808
769929921
280128240
701067289
179597442
663349178
185501014
694642116
324747387
626701595
698436690
1037290
723126701
204434900
195828062
738200694
388061120
67086855
318294545
486167898
545525098
898721940
451927396
347008214
186587623
802916844
679855380
246947147
969234894
364670984
444073553
108563469
317132300
225799444
470251328
167026947
349476953
634247715
1161917
52750569
686406158
764534862
70843747
667503909
375415318
699752831
999661367
557820851
832296814
991400574
649329457
129720502
297266205
787262273
3761461
706688862
329313371
340980453
4826160
820777211
143016987
362603295
97009692
179597442
207908345
843974522
780068949
239487316
933866206
151667782
614633990
705234926
590394383
598374889
908659725
199785190
436715057
720184000
495780310
182702359
495549941
988302004
193275305
291848212
437309270
912167585
772882821
362399368
172901029
248004927
69349174
539831708
971072431
673161982
980877287
195828062
81179559
70144347
260042200
700879920
175909060
27810873
389927427
501699319
444232445
345422821
648816111
193894296
692734725
671027800
981870925
148516861
937716132
3998093
887349375
731434530
365777724
807973025
398089477
342330165
186587623
608423628
479810800
316372179
1287514
988302004
648816111
787638947
275205258
709081438
83761743
5973035
686406158
391628538
645454965
570397054
349603248
843410497
404462807
402737690
607196614
669989313
429029851
843974522
986345000
194686688
207908345
144577080
3384
704852441
547786119
225799444
402737690
389927427
444232445
534211047
983780318
872759804
795285863
847547836
72414402
280128240
721350006
360590853
477126438
964982728
30077494
137067068
992407830
278929734
477546440
291848212
602121847
555840550
166153889
721617140
124878506
609649691
198025561
280128240
548056668
333468188
172901029
193992127
983581097
69349174
32384110
208917888
211960357
178339009
275205258
912208782
498805845
291848212
249667182
539831708
227255957
981870925
439752238
842176960
669989313
608423628
674175598
514245021
379135191
249420944
560814572
545525098
3816761
992780831
172362175
341482505
898721940
743580588
114617150
507236163
117660442
167026947
661815621
559533708
630174927
658516737
329313371
746937336
503933818
891018134
714797570
172901029
168413153
318294545
842176960
641327426
394991505
829563740
965087852
713787421
913408437
495780310
168210228
248590766
340980453
309914368
751885764
389519751
924746681
269522820
621372446
159853745
505115444
162068974
310699867
885392673
527030158
248590766
17295862
345422821
704852441
673161982
472750916
42851443
66430650
32111757
692318210
598374889
92758893
221998934
32287383
679855380
505115444
915772950
185310966
704827836
93718562
137067068
150
107816356
335362996
973361503
155114584
419227783
113370599
275205258
649032276
955724482
700167415
362654423
784724464
382339209
505115444
655015866
156285460
933891365
279182084
807973025
482020824
56681586
507634900
704852441
318294545
642023050
314413453
179597442
673161982
728723791
545525098
820777211
95673858
979992373
402663864
769929921
548056668
871989512
227382860
482020824
935750564
885033715
451927396
3384
482866441
850308992
185501014
207908345
873735929
992780831
540791553
716100284
251297295
369865985
124887470
177991033
527030158
991400574
29254905
842070637
743928632
548444787
402739993
174875262
747363900
898891365
311904989
602121847
103961583
149544260
472750916
275127100
47700629
199785190
386265640
309914368
226748668
868191012
316372179
38036509
96507421
329313371
406781755
10
384951437
919965156
964982728
32287383
870233827
439142888
668751702
804103668
34220901
323128748
3384
493611761
896075296
413169244
779606576
728091607
981129137
740630647
672437457
818265792
249479266
742545285
156285460
806442151
685507732
228338006
373635
493854947
397991399
101994098
780068949
471748142
165803742
248004927
384951437
899708611
204434900
451927396
980877287
680748079
429587807
838997522
456263585
124887470
613308982
163410716
999472795
714797570
503444762
448224737
667053840
110468114
166414168
159853745
444805188
228123769
679855380
637653710
258214075
265101988
32373650
806442151
660526549
598374889
92758893
458168390
275507421
698436690
124887470
470251328
952041196
214175993
404462807
273320985
397991399
770935442
912135238
634247715
605418347
134644047
918055945
751109629
608423628
448224737
715510684
382502968
794289386
364670984
837964406
514245021
630174927
912208782
3384
290767032
103961583
326901762
32111757
990676204
979992373
172901029
751885764
470598575
156285460
707098380
977485422
986345000
164012708
433878280
289754115
487814049
843139101
655015866
309914368
125730301
470598575
862444809
912135238
293692344
486167898
148516861
393658570
838809853
67086855
627318471
884158612
379135191
373635
894003342
386265640
93898630
557820851
444232445
452798611
843974522
829563740
738589035
150
402042360
248590766
838508246
751206683
21842046
451927396
944929768
106285139
940644413
335362996
219794849
741215889
903221914
988265960
504364721
67633894
895284632
199785190
780068949
668380302
468656221
777681240
700560157
415385114
163410716
919965156
211960357
557820851
865494791
386265640
291848212
298949994
456558314
794289386
721617140
314413453
614633990
347090776
353066035
623939349
467714031
92758893
802968363
144577080
721617140
821373477
610789470
389652508
175694448
598374889
93898630
93898630
10
482636632
514802540
92758893
11190
754574758
480584628
476694040
451927396
946879201
504841269
448224737
524977741
867677207
162101766
912135238
802676821
297721548
329313371
225799444
32287383
673161982
967102009
389927427
711265915
658516737
160440910
928419854
495692511
96507421
700167415
233778375
865583073
405572486
457230381
892686719
415385114
974793363
312333583
714313442
355128240
199260963
524632621
673161982
843974522
655015866
23688438
545525098
329313371
482020824
849859696
4826160
580195326
710524002
683538680
184151516
129151366
360276415
439517126
23345370
227547313
167026947
249479266
524632621
137158394
366437575
746937336
314274700
69349174
1
1017518
27810873
482020824
129149613
661413857
379135191
269904127
482866441
980877287
32287383
749018590
129151366
928419854
349586291
333200043
70843747
227382860
596813636
208917888
760789940
494874175
32373650
326901762
300573622
583578309
87186015
312084886
398089477
130159798
132852026
548444787
4826160
539831708
673161982
283167747
227255957
818265792
185447018
692038249
95673858
114617150
151667782
225799444
96507421
820777211
114617150
769929921
482636632
940644413
248132562
179597442
32373650
316372179
187072795
498805845
992780831
204434900
444805188
199947432
787638947
467714031
4826160
655015866
156285460
329313371
172901029
100908159
555573743
896743576
342330165
852692293
557337497
726347098
199785190
345777372
649032276
638813567
307279636
557820851
439752238
32373650
376822606
155114584
342330165
269522820
88077810
725434282
66923545
995547968
991400574
57858886
495780310
109320
148516861
166288177
67086855
711265915
270710518
659102492
19886285
144577080
821987704
807318531
829563740
470118680
528317246
924268783
867491164
165803742
227547313
728091607
965243946
320671817
1037290
121413468
873735929
200016492
482636632
398089477
679855380
173252849
507634900
787638947
637653710
567053549
907772193
655015866
716574648
764016327
151667782
470598575
952041196
495780310
726185148
789691370
258632758
41249706
360051223
751885764
514245021
1
717552752
654145039
954738545
608423628
349603248
983780318
236656650
507634900
20797296
649032276
658957720
329313371
507634900
447919897
207908345
898721940
302076191
275507421
824362949
219960477
312084886
61356759
500526544
626701595
712733812
477546440
96177646
79376444
699509867
50315692
96177646
539831708
130159798
942536589
31555428
952041196
792765730
937394129
162101766
716100284
220389783
658329133
227547313
92758893
991400574
304697117
743928632
943298603
806938573
83761743
873735929
178339009
207908345
387453812
398089477
16977106
683538680
843410497
305725048
796290427
778557779
115209767
390355905
151667782
796118019
340980453
24444328
826267278
1037290
199260963
301248731
298620610
349603248
540791553
714797570
249479266
373635
755106626
173998184
772144862
349603248
527030158
400639901
163410716
788883064
320458485
103961583
170864699
991400574
206765562
802676821
27810873
853858653
720474618
319563478
148516861
463535049
335073958
362490490
168210228
340980453
454440680
405572486
134969674
322511273
438184001
547579385
456368116
329139860
536248250
991400574
397991399
598374889
482866441
154442826
803039224
363569148
182109158
298620610
472750916
159853745
643531837
913408437
349603248
26672413
770012445
559347563
10
248590766
743921644
167026947
189231876
275507421
884158612
137158394
55505598
614633990
32373650
957728678
945137013
109320
818265792
66923545
995547968
498805845
236166096
806442151
107816356
150
193992127
470598575
658516737
945309929
387120643
335362996
540935575
136588775
517979207
745810009
812241036
249479266
648816111
179597442
197266326
99237898
388061120
714797570
658516737
270710518
340980453
397811765
193198629
67633894
31335947
719044415
829563740
207908345
514245021
507614927
915498186
372339610
933891365
100441623
658516737
100441623
276775227
168210228
498943403
505115444
807973025
706687710
123538286
404462807
88008313
28121154
378835582
103961583
433620864
963115174
986345000
345422821
467714031
716574648
137158394
598374889
398089477
402737690
174875262
42947018
84913839
981870925
58020252
524632621
716100284
329676007
458432099
429934742
113792649
298620610
137815348
997524931
798978686
539811324
834429163
3761461
979992373
251200238
309914368
540791553
802676821
165070599
703803936
225799444
275127100
792059195
143435925
788975441
337160077
933891365
347090776
227547313
63720066
504735782
519366019
340980453
862636349
161315780
150048131
568368152
175158130
364090566
752573522
238213860
661815621
89206667
787638947
96177646
840676543
441300498
806818040
3998093
448224737
67086855
849633211
885392673
294780030
803039224
747363900
207908345
673161982
616939465
240879853
114617150
172901029
658516737
130159798
389927427
249479266
227255957
942998749
3384
873735929
416976073
364670984
882124996
704852441
335362996
93718562
933891365
364670984
507634900
82229777
849859696
338599703
34220901
862636349
297721548
167026947
145041380
827874435
69645257
157614265
951361424
66605158
122102192
275205258
211960357
415385114
226602651
677702709
482020824
159853745
801813264
249479266
117643267
451927396
829538279
227465186
124887470
620175998
30379411
195828062
614380239
368313839
711043612
511793193
34850360
734090760
865494791
405572486
883425831
335362996
411600740
806442151
353066575
964982728
185501014
539831708
721617140
756986411
108563469
711265915
103961583
560962764
248590766
802676821
78646918
367224319
366924427
179597442
794289386
3384
156285460
969133557
3998093
711265915
23482358
178238569
612100207
227255957
269522820
743928632
913408437
981870925
393658570
349603248
1645655
225799444
144577080
96507421
991396037
772214221
641245072
498805845
573375284
802916844
208917888
842176960
399288546
93898630
113866942
769929921
118641659
227255957
230155106
988265960
664283891
451927396
208917888
257784214
907428798
769929921
227255957
167026947
280128240
581264389
362603295
152045470
717552752
807973025
700167415
405572486
340980453
860418601
294780030
248590766
246723917
912208782
124887470
338911730
510899913
347090776
14929140
705234926
43478795
546494008
113370599
479414148
945309929
109320
596813636
1692824
788975441
802676821
964982728
268792409
841530561
967102009
273320985
873735929
818111858
416976073
431415661
574742835
280128240
384951437
602121847
76771457
669989313
944367327
714797570
865544553
304697117
32287383
751109629
780592347
585240519
130159798
78646918
117643267
207908345
316372179
743928632
415385114
993983393
342330165
898721940
933891365
723006458
905714206
478408661
818265792
248004927
482866441
885392673
297721548
540791553
275507421
871766232
996007068
130159798
51745226
34220901
39218592
130159798
360638127
651091814
802916844
208917888
608423628
496937289
280128240
58020252
911684064
991400574
802916844
505115444
318900202
806442151
944344677
40366840
454933126
606996819
195828062
4578874
257465241
540791553
375730318
992407830
595748156
368350248
194153182
855031289
23482358
647490822
745810009
198025561
369779126
165870623
69349174
919714594
955206211
111855244
900343945
182618745
68595671
931928704
797949301
174875262
30553608
225799444
844175998
658516737
291848212
741680225
862636349
366739176
915728179
16977106
163410716
130159798
494874175
223677770
580483359
3287610
299461043
226358831
769929921
789538714
124887470
402648785
637653710
711662451
59537400
314274700
988265960
732603654
936614475
463535049
686075876
433788352
412533633
986345000
176717014
149544260
4826160
915569741
172901029
952041196
316372179
721617140
137158394
42310282
739087862
743928632
751109629
605235383
81425131
746937336
539831708
604549196
117643267
191059869
981835565
199260963
184151516
3801000
868223233
159853745
362510095
270710518
248590766
129151366
787638947
47593187
690319247
354740411
148516861
279758977
991435600
746937336
316372179
637653710
369865985
507634900
608423628
10
502231827
683538680
3384
81555849
1037290
108563469
393658570
658516737
199785190
482636632
789678130
827874435
866757243
137158394
124887470
275205258
331856205
342330165
291848212
886708425
477546440
227465186
690319247
3998093
470598575
113370599
137158394
96177646
624374724
478420462
314413453
487814049
298620610
93898630
704827836
58020252
482636632
992407830
249479266
156285460
174875262
150
92758893
92758893
240879853
222584852
607196614
614019303
195828062
596813636
278976413
373635
751109629
516383057
928419854
96636139
82229777
193275305
457230381
1
163410716
917408352
273320985
185930935
25322078
966244659
988265960
467714031
717552752
412533633
309914368
139386687
717552752
303231598
135074094
10
477546440
373635
62270040
482636632
42310282
648843779
243970279
92758893
750256960
562086292
569888878
4826160
165803742
4578874
152831023
69349174
494874175
103482930
42155115
858230567
717552752
815407332
602121847
348809866
386265640
217658201
865494791
321595493
934434225
751109629
830549770
290354098
227255957
21767067
840517467
167026947
478399436
802191719
637653710
336089414
68010501
803039224
873735929
137067068
372339610
957193305
404706008
102736590
743928632
630174927
117643267
865544553
117643267
130159798
167026947
711265915
751109629
479962311
149544260
225799444
802916844
121413468
873735929
255151666
395972526
585240519
759410292
930341712
777161433
207908345
679855380
948252300
151667782
963962664
198007007
626701595
129151366
167026947
23482358
834429163
399042570
823046072
824309164
335362996
148516861
568368152
365777724
312499983
688292083
92363518
178339009
946005975
747783125
92758893
329313371
834429163
648816111
900415070
107816356
991435600
372339610
143880267
66605158
514802540
569434776
555817445
680748079
621372446
299194544
981870925
32019433
340980453
364988290
344727435
80044183
843974522
464652802
419474477
571432617
415385114
502941606
200016492
645955594
384951437
92363518
165803742
207908345
436715057
802676821
563771849
776815217
741000709
189874901
422688662
630985262
785674074
700167415
46601936
728091607
977485422
545525098
601286621
32287383
357939192
906166090
632330880
498805845
249479266
103464761
843410497
967102009
248590766
81936926
596813636
939921092
297721548
151667782
319338979
363596803
545525098
849859696
689075782
701345892
587284222
248004927
199260963
557820851
472750916
335362996
557820851
389927427
108782414
309914368
312165936
96507421
83761743
411755507
557820851
953562752
379135191
842176960
415385114
855064979
865544553
78646918
873735929
372339610
147623253
22982330
510300606
530097805
920287564
397991399
991990446
655015866
316372179
73145431
59989733
314413453
298620610
354740411
130159798
850681575
11529003
329313371
386265640
886915176
913408437
110960076
933891365
503444762
93898630
362603295
673161982
980877287
172901029
988302004
709987096
820777211
541396151
469786809
540791553
818265792
802676821
844898916
10
467714031
176717014
877495147
503444762
248590766
849859696
982277717
335362996
862636349
608423628
695047899
519839628
96507421
372652922
867677207
347090776
486167898
251297295
673161982
482020824
208917888
831512117
199785190
784687203
82229777
207908345
513656974
743981499
451927396
338911730
710789398
795285863
866614826
785017620
3998093
436715057
692886411
770935442
775827699
988302004
225799444
375415318
100441623
445870404
862636349
83761743
524632621
827874435
156285460
528395427
32373650
335362996
35845863
661815621
963962664
862636349
444232445
751109629
372339610
838603772
107816356
137158394
498805845
290767032
283589840
536132481
251297295
151667782
405362947
225799444
281255127
700167415
518295152
995547968
540731708
42834284
977485422
60571046
18322758
369320874
630174927
312499983
605915416
974462940
968262256
862167423
248004927
405572486
582014898
460373685
297721548
986422037
420496644
690325153
686406158
179742717
848093896
189874901
239487316
714797570
509650708
193275305
942443624
284139666
686406158
698436690
526621074
647297090
131225688
721617140
950982910
503337797
207908345
349603248
178339009
637653710
45547373
794289386
341482505
4578874
322667827
991400574
476130859
888170131
503878638
641093206
16977106
200016492
189874901
359997054
150
27810873
468946319
467714031
660396199
539831708
574000301
316372179
262400370
429360144
138839031
803039224
763614020
547742298
556007948
179597442
524790581
322016070
4826160
277245075
249479266
1037290
82637069
39933060
754075296
493971003
277388851
342330165
312499983
980877287
623121938
402737690
722833872
505115444
759313272
711265915
66605158
384951437
912208782
516383057
130159798
606503339
308302563
683538680
794289386
407002007
842176960
96177646
393658570
397991399
364670984
4826160
649064938
933891365
912863145
288256302
903892387
486482835
865494791
507634900
840769973
527030158
275507421
383095403
325057122
993246911
683538680
319962981
349603248
28783897
478420462
876235096
316368694
977485422
728091607
817988781
675556654
404462807
912208782
839799543
341482505
489334816
27810873
3384
612750379
261350253
626701595
803301568
738200694
69349174
275205258
515195402
58020252
788052422
945309929
92758893
981870925
858214288
354740411
745810009
163410716
451927396
769929921
738200694
509201424
940206259
1037290
862636349
630174927
398998723
919965156
743928632
843974522
823046072
369865985
711265915
559532052
791183324
986808651
93562533
981870925
305174163
305174163
447236924
654167456
840517467
498805845
197307940
960619792
981870925
331565318
928419854
250793235
159853745
126880691
763687193
655015866
167026947
67633894
95673858
760476487
811451366
431312059
225799444
871905212
486167898
92758893
933891365
898721940
88710432
372339610
359673508
312914987
991435600
843410497
275507421
908179618
346852277
58020252
904855828
596813636
85581786
268021458
444805188
193992127
23482358
666165384
249420944
412533633
314413453
898721940
444232445
903221914
26396055
993086515
362603295
316372179
665257857
540791553
601404566
280128240
312499983
270710518
297721548
195828062
829563740
470010910
345422821
770935442
67633894
150267225
87288564
720788615
802916844
397129535
981870925
556007948
911130459
225799444
977485422
314409236
952041196
952465359
818265792
546701734
383668881
917984432
314274700
489634022
729936982
159853745
961578222
4826160
964143203
1
714710306
918055945
186587623
354740411
570931706
34597569
377875165
373635
96177646
701679834
338911730
278976413
548056668
802916844
894591948
920962898
866338794
828709242
362603295
827488834
680748079
242026776
6695939
344325080
773485779
799987133
536947986
178509986
498943403
354368418
184151516
156285460
791677548
397991399
992407830
773384009
704274550
144983511
32373650
125032390
482866441
655015866
1
807973025
280128240
199260963
472750916
679855380
557385078
121413468
319448109
832911403
448224737
458432099
673161982
251297295
619371801
493854947
109320
606510546
519488461
607196614
717552752
416976073
802676821
933891365
743928632
510600095
743928632
920050575
312314033
436715057
721617140
65893499
18503592
498805845
312499983
486167898
125669751
278976413
347090776
92758893
464158761
245395795
704827836
1
314413453
590171478
137067068
802676821
299171873
127628036
661815621
47966734
767972446
991435600
596813636
478158876
92363518
92363518
648816111
370484869
1
989499923
387120643
735839985
364670984
899577288
335362996
227547313
658562339
129151366
988302004
435649055
276703079
662164292
525873416
489334816
563708961
152666933
468304397
129151366
213452320
470598575
291848212
395744946
137067068
114617150
388061120
34850360
630955534
683538680
883078092
673161982
207908345
10
151667782
198025561
704936703
8443781
651525350
115270767
433265181
457355428
991435600
163410716
82748768
372339610
865544553
154221862
387120643
678382109
397129535
227255957
821121790
704852441
297721548
1654577
126215913
200016492
933866206
661815621
32384110
349806709
108563469
988302004
32111757
329313371
345422821
251297295
747363900
507634900
60069324
614380239
93898630
690319247
362603295
182198551
505115444
752414791
10269886
320045154
683538680
539831708
362603295
338911730
532569609
227547313
740630647
270710518
498943403
854770005
283157020
32373650
867712513
498805845
912862429
398089477
443607341
952041196
854887779
649032276
150278943
751885764
522948148
941707745
568368152
248004927
300430197
151667782
967102009
472750916
739861339
70843747
165438884
518110079
952041196
283115657
539831708
959771040
208917888
717552752
275127100
312280100
704852441
637653710
96507421
227465186
683701163
895940616
113370599
216097431
415385114
929037250
514811540
3384
199260963
149544260
645300320
248004927
310631148
824309164
329313371
724061695
996791694
745810009
923060041
341482505
332534568
193667297
470598575
578118317
379135191
495780310
207908345
961611776
690319247
585240519
495780310
280128240
704852441
555573743
67633894
443607341
933866206
648816111
899352910
824309164
333588211
1
294780030
326901762
868296475
267820882
747363900
773061316
456322931
856747150
222359887
993252665
275127100
130159798
398502020
903221914
471190323
298620610
314478095
62250501
110946174
347090776
275507421
263175013
124887470
398089477
807973025
137158394
136650092
931141925
807973025
717552752
830395499
8963776
860159809
369865985
74000512
598374889
514245021
728091607
309914368
504260168
92363518
912208782
352799018
372339610
174794443
170864699
227255957
494874175
345422821
708696386
373635
584709321
292555223
482020824
497657445
461178903
42310282
763380977
404462807
155114584
669659482
52359170
381722475
150
82229777
751885764
448224737
309914368
83761743
273320985
93898630
679855380
197415878
319694166
148516861
555573743
773118870
865544553
398089477
240879853
840517467
876037352
980877287
398089477
743928632
661815621
251297295
843974522
182163190
535441328
327858382
933891365
200016492
918055945
249479266
115518041
227255957
298620610
717552752
489830817
945117746
527030158
347090776
349120238
740630647
977485422
992407830
443607341
248590766
95673858
415385114
903221914
518831077
495780310
124887470
604411848
716100284
179597442
676565299
981870925
4826160
278976413
992407830
163410716
402737690
988543678
42310282
69349174
379432627
673161982
168210228
498805845
354740411
637655814
795285863
1
154221862
803039224
493854947
34850360
249420944
833393881
281255127
493854947
329311969
797447187
746937336
227465186
827874435
398089477
680748079
802916844
154221862
458432099
270710518
479810800
787638947
206628606
345422821
275127100
946310128
505115444
492559188
688362657
399223632
794289386
16977106
555210150
186587623
963962664
884158612
482636632
894842266
190750365
137067068
743928632
467714031
71045605
388057874
764523640
824687721
991400574
891055242
806442151
379135191
312499983
714797570
499904498
113370599
758155437
992780831
112334971
690319247
524632621
389856624
369865985
939187598
397409425
468110669
663892901
149544260
249479266
355251520
884750607
596813636
113370599
65392314
649032276
397129535
664233628
690319247
908038620
487323133
802676821
413924353
1037290
598374889
655015866
614633990
508721164
129151366
935492942
779755443
269522820
938164982
174152605
150
913408437
298620610
325983991
857923868
649329457
914901941
482866441
436715057
275507421
769929921
248590766
299496317
444232445
734775312
826247665
705234926
298921065
802676821
124911781
364963799
663349178
83594334
746937336
297721548
661815621
516383057
778109545
179597442
498805845
268842620
527017566
995483969
947419873
780068949
843974522
444232445
807973025
191322075
913408437
92363518
634247715
527030158
92758893
488299975
313176725
32373650
96507421
69349174
938633588
46598156
494874175
770935442
992407830
655015866
746937336
482636632
25782017
467714031
347090776
162746832
487814049
312499983
275127100
675243574
294188403
16977106
573375284
937706676
165803742
405547043
913123788
345422821
786811820
186587623
729144417
124887470
658516737
941670015
823046072
369865985
958484752
469205190
514245021
863814407
32384110
919965156
304697117
14419502
918055945
686406158
740856678
129151366
32111757
747363900
172980980
362609772
704827836
470093869
196937633
869145153
474423246
740630647
387301862
623294948
482020824
487814049
717552752
711265915
678832506
829563740
402737690
704852441
945309929
816386665
787638947
964270642
299316245
928419854
331300746
717552752
183208334
654167456
82229777
370446268
575104675
239487316
251297295
807973025
236762598
349603248
401016825
340980453
714797570
172901029
341482505
480294945
861380975
398089477
751109629
129151366
280128240
557820851
170864699
46598156
507620054
912208782
312499983
493854947
312499983
421073898
728091607
174875262
304697117
683538680
94179967
711265915
329313371
884158612
242026776
16977106
843824919
251297295
800777455
406992919
683538680
248004927
700167415
227255957
165803742
780068949
32287383
497871558
392545105
885392673
648816111
928419854
728091607
870305181
340980453
340980453
875685384
862636349
912135238
661815621
621372446
495780310
683538680
397991399
998379622
193275305
507634900
778610722
170864699
194335320
798781574
768021918
986161931
918055945
728091607
820777211
744357922
780068949
179597442
701601978
121990001
728091607
92363518
993313762
655015866
759466743
883790434
130159798
387120643
934523616
300128708
514245021
96177646
799309716
110921899
307762044
881775823
248004927
479810800
798754656
195857538
540791553
626869993
898721940
548056668
318294545
99582031
114617150
32384110
952842178
585917171
35330765
815234937
606280989
144577080
303629572
788975441
67633894
779891482
397991399
442019225
589302699
621398981
948629682
990923986
137158394
159853745
32373650
780892632
256674295
991435600
658516737
324367954
721616270
130159798
459756422
627344841
273320985
163410716
990469799
608423628
914786017
683538680
208917888
492643530
607196614
498805845
254241620
227382860
146028920
802676821
275507421
203108232
458432099
339710382
412533633
618328959
991435600
410498167
489334816
366674182
424614948
743928632
607196614
598374889
482020824
614633990
39357452
988302004
96177646
373635
32373650
300395351
699170188
127849290
820777211
92363518
521973377
4826160
648816111
702572974
156285460
964803524
184685894
421749092
803097467
200142229
859457581
