1
9
10
127
147
149
150
2769
3268
3337
3375
3380
3383
3384
87651
104605
107264
108779
109049
109221
109291
109306
109315
109319
109320
3818773
4590366
4719728
4794637
4809626
4819381
4823611
4824792
4825541
4825919
4826062
4826111
4826140
4826154
4826159
4826160
219623391
265332655
273319675
277988346
278981086
279633837
279925156
280014793
280072774
280103293
280116116
280121491
280124864
280126691
280127540
280127897
280128066
280128164
280128213
280128233
280128239
280128240
136121809
567191939
183851287
546526627
626592017
679552808
703576962
711347843
716421962
719144926
720340315
720877668
721221918
721415606
721512434
721558730
721583812
721599373
721608138
721612638
721614821
721615910
721616512
721616855
721617029
721617105
721617132
721617139
721617140
524081934
400619595
894723054
445737536
269966785
465754336
847470804
641677502
163114875
446030092
573216709
632414916
670712179
692636424
703942794
709616642
712830903
714872428
716067570
716721565
717071180
717266998
717385972
717459495
717502078
717525411
717537816
717544495
717548263
717550454
717551684
717552312
717552597
717552708
717552743
717552751
717552752
229740887
869244715
749195331
281859075
598055103
773162001
520811325
418020042
605139796
132188191
886882256
373996983
245071591
61112659
538165906
298047909
737871762
20294992
188514851
283074940
335545771
366132165
385301514
397478563
404829457
409110588
411583977
413051036
413958873
414532926
414888936
415100590
415222479
415291722
415331405
415354675
415368515
415376610
415381099
415383397
415384465
415384905
415385060
415385104
415385113
415385114
205937257
860154007
156391282
785748106
131259203
477779425
639689808
863144771
753887686
25528574
703488012
287037717
690345643
889118239
529209529
767486283
312826857
957484173
206341895
177617055
646506319
680527574
881654419
940805477
206579830
962540628
413357734
689979693
866493028
981260229
54788038
100521825
128503977
145647491
156339019
163163277
167573684
170402907
172176008
173258848
173909243
174298092
174532072
174674345
174761114
174813265
174843504
174860103
174868607
174872622
174874339
174874988
174875197
174875251
174875261
174875262
304742537
4544154
61333012
182964874
290609747
25866228
614210710
4557213
163977839
105324883
568459058
143907628
692934111
240376667
411760267
852616009
421667908
142938320
754439041
871048665
665018613
532911968
459483493
332711918
806355732
943302763
699040620
822885918
861214622
934179946
930769841
438977455
399423373
155863531
568967109
153633243
206379524
902459537
355536639
646111707
831556493
950543197
27833536
78665636
112273501
134372875
148697514
157820714
163547831
167115898
169337095
170724633
171593721
172135854
172468855
172667640
172781546
172843543
172875301
172890460
172897115
172899755
172900678
172900952
172901017
172901028
172901029
313925518
828156237
792345896
876353664
902153672
502785226
112176210
49379892
814010542
336656587
55472352
291830081
961923616
668934805
336993918
646486953
582767978
999270823
495573129
972373757
465815127
900226390
494962407
192969223
459140160
759062207
203163793
298766244
752656469
588215041
231830610
219179727
87898293
791745368
481639849
289523395
65046144
776768591
61270468
220292098
367242465
410369079
119312500
104077274
601834882
33903384
351379530
221674909
119635802
375796621
212055140
773088041
151644071
407248121
578901708
693002982
767929264
816597092
847978586
868148970
881108969
889436573
894773007
898163652
900283094
901575399
902337744
902769630
903003019
903122502
903179988
903205716
903216285
903220199
903221473
903221824
903221901
903221913
903221914
767077273
116686604
4913895
2190476
487046967
298884829
857682481
403861189
490394644
188365431
108293052
602875225
328089691
992081474
965960254
390063589
150377802
79089754
311353380
686581547
722173009
6730726
519273417
497617857
96199368
742623290
169148535
899771283
856021657
267438085
461014600
755875371
807017523
931860081
497579142
714872288
802570247
335871511
862132147
140668104
227440825
153606433
381779075
252863282
833454140
912191393
601042999
246479587
147889114
862032776
436532503
555897491
112734738
79484617
829658418
223382563
829524092
623627467
413862197
142586878
125593269
242521914
79661589
30984272
365736922
271490030
880701555
287160915
556700238
734771612
852171594
929435326
980120009
13153197
34442177
47934408
56294848
61331787
64266943
65913120
66797290
67249574
67468469
67567881
67609807
67626005
67631634
67633349
67633790
67633880
67633893
67633894
69523544
819175405
757483856
789402993
194479836
669871536
986322284
84412735
813203684
209711242
402654248
590575379
815766255
424842880
274642141
498060952
679254219
878105232
550192885
627165940
77769774
886049182
96844514
854175991
917571060
396060316
864420
766033665
201245308
657688175
704165775
788969965
110930197
940226059
196394327
284051870
320727260
833558027
154324988
391535442
522854041
945002377
730692538
79501460
633171403
29553194
104983118
677803166
454406310
62591864
850337884
182125542
64326881
589800078
413178801
986503759
436755555
749803664
584165378
786491349
789147167
557848028
421418011
502139992
204728477
397711032
673342540
570362940
57556094
46367882
311407265
974778919
622728582
111851950
129231257
569005443
779932091
727351018
101121633
390457536
938240547
981721733
683236709
153032912
465768310
672076836
806456585
892535114
946541877
979601208
999271263
10605656
16907371
20274322
21995096
22831700
23216020
23381445
23447458
23471545
23479434
23481694
23482239
23482343
23482357
23482358
945438772
269461090
791381679
2913669
668576240
208208679
486495530
815146809
629403312
524472850
481776607
767637659
718587957
652264981
355959269
437936356
187016654
320972640
261096859
876887652
64727751
219726869
953914248
936590746
808174076
635054326
846159291
199839050
141620171
834676906
577237992
443765828
690320331
801483166
928515779
949354661
476925221
238540356
815482449
699346197
684080417
924665061
658031426
436375956
237566610
8280581
271143679
561854271
569265035
490665374
71525257
161019022
160629596
687591390
656419035
611099523
652340511
529073545
791974834
734065350
606231675
984097552
476819371
570498294
807444123
158753284
108045992
600846465
716977497
715013537
615608049
75999013
963902560
837509952
985848992
86706352
875177278
464533031
974196110
534071563
929086207
243421306
767415214
922200735
779959861
702218807
567384847
983782316
800691044
148957966
172493260
556449001
917904982
98803155
385584963
671952082
577227602
530640921
830209083
683274410
234185552
583197487
799485188
930240422
7141270
51016639
75227291
88103993
94678980
97887016
99374278
100024936
100291274
100392187
100427087
100437900
100440824
100441488
100441607
100441622
100441623
833763107
875769674
733397405
493476335
40982784
569262328
127134367
963328782
734811569
870588690
499459032
576049993
716006706
481314722
717435759
776294236
512329130
446541197
622154804
639528259
148399744
246946470
643115870
605329162
254944657
595305708
144996320
104462548
700821121
338359599
399857518
962584649
574690376
578024500
281453481
712105905
701570597
888020187
97398194
390340847
278952281
833181177
282600937
183563597
750781411
462512740
854290042
632486158
122717633
120005826
680378474
104338750
683156248
371724198
280254218
956489166
269547760
467314204
354877257
35254189
737911817
195886510
744786184
328793993
659130771
124761422
729301300
483728722
682635914
369220809
473974107
722029649
704503346
918644942
985348538
643876314
261610746
103907375
991413938
369336264
414724438
932680382
694703105
471564141
428647177
639437545
178623075
850635505
801486514
503852175
902278952
414245079
305516504
61608686
576391956
919853311
922966194
954863375
581399022
115206757
403902747
606990552
213063689
157734745
615152281
837827823
291508076
253825976
999527045
667360557
885054691
214096844
463242511
908369761
446660671
705270609
118590839
983733486
500706420
801610603
971804709
65104543
114529527
139743859
152081489
157844132
160398739
161466084
161882771
162033120
162082556
162097092
162100815
162101614
162101749
162101765
162101766
174254254
240298178
427139155
948355395
752479226
54280594
888034691
151285779
350731821
604679697
22302189
777987148
310158763
495463700
480346445
804471739
232626840
160815360
665312628
780070751
387432075
455436961
29420870
258994502
340155993
794815708
987512652
393355289
989491843
341132652
476041940
494528672
293942246
426032238
698979111
109339168
231136085
380816602
382025707
562020349
297210741
874157628
394669203
284033553
524821250
461244354
311128951
778503373
661308456
354298991
186663481
481133840
381219562
413105192
761192240
765460443
797418864
786137688
672949298
58500290
317356968
657431217
186906915
670260311
452776885
144763896
883678165
501958468
111906289
77684439
698306048
394707393
331380114
851237844
271311670
806270808
255188744
567962389
549789045
15649658
694184184
277516059
500085657
217370857
434970509
151733947
470626219
110659039
344685403
539474378
735114410
752720128
426085843
894765387
462027836
524494576
773506369
444422820
341532129
389912566
782976314
664613096
491308365
348318226
758906690
865733989
35037812
321243866
188114219
528429761
467080534
551019167
878778143
360559101
724315176
164766735
647770929
743970225
348423517
609561640
709970773
700449341
299686323
372848834
654322640
161383341
646832738
356014986
285930839
90448181
734421039
968993697
678444537
133641400
176777968
355078592
16465338
376955930
567252994
664250217
711822456
734180363
744200640
748458274
750161301
750796983
751015978
751084624
751103834
751108508
751109459
751109611
751109628
751109629
544206006
971850626
300989990
746948805
779690258
992154601
17170478
441900959
730004839
47951901
387317510
623683661
994014488
384061895
992482155
62240837
339313000
707196740
58756958
462714519
404867606
864302790
727549392
780367151
75164204
332864700
447349393
287642473
815583530
532841515
502482585
191386492
675200357
431205571
77114839
229797645
5970366
519647657
867450155
608503442
178634791
811710241
771068486
205767907
812787504
79620348
566025042
189641338
90642384
522151831
507245351
342669879
260554127
642791431
827964312
657649575
923452833
738841681
558130048
385018924
982734457
945175412
915831384
991497198
517777426
889724693
561275968
174693549
711493772
476753627
792187443
380058514
554174679
75838755
295808088
217440648
179583042
802154084
147553418
942520550
249610566
90724813
793320115
556653921
74219270
158077278
566672350
79933445
367325533
740862091
277853719
570216276
820270867
424185819
60749783
81897980
497375879
923214758
562259755
154558327
263354249
434550468
759167741
149962536
274750034
959395424
720425480
870252804
555653179
974523221
285141423
151322600
786516306
235394570
723495581
454722013
487832503
571528509
786930867
237394928
467534125
314406694
928271513
532886479
808407174
594219911
404383649
415264332
587416119
946775819
18507688
990301458
307500753
30871115
493719731
811940914
35543079
755593531
509581241
183358590
687687962
437780082
555848195
230856102
290272731
749637891
890831337
263638767
893681432
901295449
681069081
753227651
370609650
944931017
340961399
75605683
449759382
633616017
720475429
759762602
776691868
783600857
786252212
787200540
787513186
787606837
787631842
787637637
787638758
787638928
787638946
787638947
50700290
423835074
898440282
40961934
752736869
605997249
528066028
855034953
331260871
619914673
434913583
648393652
398537813
557774265
563465140
390323233
897567209
624904491
885121842
12721471
866056046
394265127
604430614
932354030
879966501
990213964
951996541
151144193
628305807
624111235
159581766
662535981
859741566
608256547
808529537
291321696
936581784
131688405
489070407
727503515
200113306
517447704
198025535
705320398
36788747
595457317
681274884
286421297
960720499
287398582
718565832
488371276
590708207
932168284
863466787
35003458
824214013
260217259
519076047
428731882
698430189
7006154
424502593
385190341
911509134
108732303
561661798
5439431
550441797
244807028
830944297
808366362
679975723
694280898
821765507
674169857
38944947
651580777
588867610
360716129
557159593
127519834
999258719
201953075
994451453
253728868
787470993
964869930
302607393
478816028
809266984
424420958
250415503
590215613
13864426
415375617
365583584
234343509
677918840
372496242
161988348
642279584
369871111
89729651
647382052
315427582
796338177
23102234
109523669
443767039
675944609
953571086
99689959
101272790
606591661
27395946
523742414
441029807
826805133
888447604
919898716
164100454
5919957
417230241
448087170
96666701
230861226
676433208
732603281
993002489
699775413
805627829
288240547
680084631
981164978
700018429
897664202
933460139
401076129
973778078
794885948
339522373
793588947
575742955
489972370
778288766
569164560
862636468
188737227
591902755
133885843
460717559
74010424
650736618
656819318
701623030
25622041
849982717
803916476
97563634
364641539
14723504
377921484
778650019
841314458
728473792
577662275
88243528
978913671
864583788
971045313
5444406
422472981
265180911
711858459
423891716
761771281
915794211
982957729
10834067
21781146
25819236
27205971
27644378
27770139
27802249
27809354
27810664
27810853
27810872
27810873
