803344543
248590766
482866441
928419854
992977038
260432303
854887779
324367954
189874901
365777724
32111757
749018590
251297295
709488255
76418881
636105148
358482529
983780318
92758893
19709307
539831708
482636632
881775823
614633990
448224737
585668755
717552752
740630647
327818271
30599695
452108595
136515067
743928632
278976413
834580303
513368998
984917266
494874175
680748079
7004240
309471238
701128942
124887470
850989114
873735929
544473303
211781876
849859696
960068592
97993091
679855380
873735929
372339610
93898630
93898630
751109629
151667782
489334816
195230894
314413453
572222122
596813636
493854947
602319567
573375284
309634733
32384110
156285460
227547313
379041832
207908345
98181890
227255957
129720502
680748079
44023664
663349178
855294290
289717928
972072138
542004339
407133302
227465186
652634356
571434321
250168576
505641119
220488566
393658570
488102524
195828062
312499983
251297295
120625390
714797570
248590766
47228901
980877287
769929921
208917888
928419854
880115179
793038979
986345000
994887833
527030158
764886634
227547313
564288445
963962664
305174163
263803621
136559810
734749501
477546440
715157023
76840069
714440180
585240519
552094057
745810009
55854737
200447872
135879364
315807828
557820851
804304810
184151516
710144628
162402421
185930935
97237532
888539047
415385114
778557779
204434900
16588595
208917888
269522820
444805188
607196614
349525541
486167898
415385114
557820851
494874175
349603248
294157628
298574219
862636349
335362996
150
945309929
787638947
995547968
511587871
1
1632232
774833894
242041667
655015866
239431149
482020824
783509667
96177646
719037612
185930935
397991399
372339610
131225688
430263624
107816356
160007853
996833302
92758893
95673858
679855380
661815621
56933491
478420462
69349174
130159798
103961583
62531526
59143236
705234926
120981181
524795953
585240519
836133347
58020252
32824146
335362996
309436603
847172452
386481191
539831708
291848212
898721940
928820944
824309164
908664537
76847185
600972118
873735929
1037290
189830870
940644413
736088731
992780831
474287097
751885764
276797228
840517467
482866441
955823089
649329457
172901029
947897349
181358221
262460083
314413453
769929921
747363900
319568359
723821555
305174163
943260127
172901029
487814049
990057954
129720502
387120643
397991399
548056668
314413453
113370599
382991540
362603295
988302004
193275305
314274700
168210228
52857425
384336638
514811540
912135238
524632621
937062055
70843747
193275305
444805188
687697288
100441623
41977060
630174927
388061120
93898630
913408437
977485422
865494791
179597442
321501431
557337497
349120238
426625783
474933799
31120752
540791553
23482358
110332601
384672697
16977106
154221862
459719889
198872908
70843747
536258666
506578964
879375523
275205258
745810009
92758893
285424222
717552752
347090776
349603248
603039118
829563740
103961583
230451634
454933126
469148996
198025561
130017643
958494783
591991324
403429131
34850360
827874435
242026776
386265640
806442151
155114584
987044300
263717547
912863145
130159798
304697117
329313371
609593962
25322078
229618596
365791599
386265640
29889755
16977106
456991041
208917888
193275305
513340560
186673636
448224737
428396909
607196614
507634900
298620610
598977228
596813636
556868169
131427396
434440305
56307971
665465632
607196614
158701112
673161982
642747597
663349178
163310297
309914368
868296475
167026947
477546440
193275305
988302004
507634900
952041196
657296534
964982728
126449685
200016492
193992127
568368152
532777573
521961971
546564503
576191685
227547313
341482505
912135238
83761743
740526767
811571519
912135238
605296880
103961583
3761461
10
545525098
831512117
983780318
950187966
680748079
108563469
290767032
349227963
294269495
322695416
349603248
162389116
124118311
266417398
139376318
95673858
807973025
820777211
364670984
309914368
831512117
23170402
261140466
829563740
498805845
673161982
717552752
658516737
329313371
598235609
662821300
716574648
965543327
992677951
167026947
807500551
988265960
512715886
174875262
314413453
998624942
240879853
884750607
949157838
719758711
457230381
503337797
290767032
199260963
198025561
251297295
441923473
467714031
318804655
148516861
66605158
25322078
711265915
808428262
568368152
93898630
150
704852441
514245021
309914368
225799444
58020252
309914368
887269893
840185182
230354925
35224063
318294545
165105338
108563469
991400574
728091607
999661367
792859226
717552752
407647472
716584357
539831708
341482505
32111757
770935442
764523640
471824414
649032276
514245021
340980453
448312223
329313371
454933126
865494791
357479369
3998093
248004927
802288729
962462530
479810800
822942869
568368152
491368348
92758893
360072425
751885764
480508960
570907387
155114584
690319247
385789260
479810800
827874435
4578874
174875262
46598156
598374889
451927396
639688900
155114584
285605648
393658570
150
32315313
397991399
673161982
480005294
934114738
347090776
608423628
912208782
885392673
773118870
207908345
614380239
964982728
851554673
67086855
514811540
503328274
121413468
799954719
903221914
661815621
806442151
618053037
304697117
193992127
789334722
513289587
239487316
151080553
862636349
78646918
849627167
114617150
347090776
339279734
415385114
591270480
772214221
458432099
802676821
705626004
704827836
649329457
260570634
100441623
369865985
540791553
769865247
988302004
457230381
928419854
507634900
249812108
698436690
270710518
298620610
23482358
199785190
162101766
305174163
66430650
274261549
375415318
404462807
689075782
312499983
179597442
379135191
705126184
457230381
304697117
367667720
680748079
879544183
178732993
831512117
538511623
32384110
405572486
115385791
146257412
865595843
803039224
186587623
213682037
327471797
658516737
206911052
963962664
493854947
388061120
700167415
46598156
969765757
986345000
151667782
305624842
389927427
547504833
387406951
718848936
635063635
608423628
912863145
459437228
486167898
193723608
56165314
466983472
599554581
597685738
972222730
928419854
648556615
185501014
224770347
314409236
144488739
555573743
412533633
69349174
227465186
769929921
828458540
45290559
103961583
491431577
366230570
181847325
501625739
865045526
199785190
881775823
148207972
663349178
168210228
680748079
682762830
469950131
777161433
498943403
132394793
13069102
354740411
963962664
880510077
539831708
410208639
273320985
821384657
404462807
564401252
373635
542861789
898012171
280128240
803039224
802916844
131663558
864326149
168210228
454043725
92758893
131225688
624910059
759502976
246954712
32111757
397991399
170864699
567117819
83761743
23482358
678797466
193992127
297407325
629304445
249420944
68899906
405572486
382338014
386265640
830755234
629000835
798134354
558662151
388061120
708820894
403716250
556007948
638200422
240879853
354740411
539831708
171999472
498864697
493854947
92758893
444232445
709079045
722199177
788975441
32934084
888838883
988302004
63810658
189874901
275205258
747363900
591953785
49128560
114617150
683538680
275205258
747363900
194670261
362603295
416976073
751885764
345422821
374129223
575336641
933891365
464063534
297721548
119042199
3881949
887470949
3384
151488918
369658737
991400574
341350267
92363518
729613439
103961583
991400574
193992127
32384110
201963946
557820851
514245021
27810873
304426162
972476679
199260963
581264389
940644413
165105338
456316397
673161982
334219645
170864699
508610243
69349174
919965156
590333881
621297987
309914368
227382860
884750607
214149909
249479266
614380239
200016492
787638947
444414184
655899481
498805845
167144107
185930935
654167456
508122252
4826160
831512117
992407830
519057226
342330165
10267154
698291547
46477899
174875262
312084886
384152455
27810873
130760913
411251548
923987902
738200694
248590766
910268145
905644704
375887861
667659741
125575379
34220901
700584283
225763925
514245021
832541320
1
95556376
148516861
528630910
964982728
162452126
992780831
750226152
751885764
422382092
445535005
181847325
716100284
704936703
208917888
999661367
227255957
407472152
737458584
885392673
952041196
330781749
117127192
269522820
165803742
186587623
745810009
211960357
751109629
540791553
123865440
548056668
179597442
698436690
278976413
93232780
680329935
198025561
548686863
159544833
958072983
103961583
988265960
144577080
839672048
479810800
405572486
585801761
115005905
665086204
596813636
444232445
117643267
318294545
23482358
335362996
887053362
317052487
663220622
648556615
525613657
585240519
649329457
696797309
129720502
251297295
476429781
983780318
281255127
568368152
188706120
690790973
83761743
227255957
669989313
362603295
186587623
614633990
149544260
581264389
968243197
915211000
487814049
362603295
921002958
764523640
792414546
719964035
34850360
716100284
806442151
716100284
25322078
3384
682448284
722173849
684937384
800616765
904065824
770935442
557337497
912208782
779912502
193992127
275205258
335031494
992407830
968602026
980877287
12972069
195828062
783110412
711265915
728091607
423949301
52606992
669989313
95673858
189494653
27810873
278976413
4578874
193275305
240879853
103961583
193275305
324367954
806442151
50848499
211960357
281525505
349603248
198025561
884158612
121413468
10
32111757
275205258
700167415
245786843
740630647
833749935
482866441
156285460
885392673
107023749
156285460
121658424
15648002
843410497
343951598
393658570
42560239
527030158
156285460
663585217
398089477
252745263
545525098
477546440
576056428
516290574
945309929
903844548
92265284
669989313
32373650
32373650
283874752
571844769
597033648
430556962
314413453
747363900
312084886
596619015
167656541
444232445
285486889
3384
812736816
387120643
505047113
232049119
634247715
181847325
779370659
107816356
117772668
988944514
988265960
849859696
395472022
184151516
34850360
396388024
109320
16977106
76027829
607196614
427804723
609370390
581264389
780068949
257180558
372339610
666322542
878577212
755152302
545525098
1037290
113370599
558988186
113370599
933866206
389927427
562986044
662652309
506598824
507167751
965243946
478420462
93232780
196903561
751109629
711183346
806202707
170864699
79146500
174875262
67633894
764523640
144577080
106302340
631107185
683113499
148516861
507513133
548056668
472750916
137158394
22388226
539831708
593406190
178339009
269522820
648816111
603321312
248004927
275507421
133983964
536100400
933891365
957227566
825128819
840517467
743928632
16977106
486167898
823046072
415385114
714469412
478420462
121559547
326901762
159853745
168210228
924315798
51554663
721617140
834498011
204434900
537223850
496373703
951563423
794289386
73553572
794651152
772214221
78646918
150891016
165105338
776766226
85680716
366941802
673161982
331822257
281255127
796257463
314413453
275127100
964982728
167026947
345909016
384951437
1
198025561
647072774
67633894
405572486
756291678
389927427
159477023
471658805
859773247
1
110899591
100280581
807973025
701440826
3998093
39218592
884158612
711265915
398089477
3384
207908345
968371507
95673858
421239458
700301227
548056668
369865985
789577663
749018590
354740411
23482358
489334816
802676821
246609079
332394736
912135238
235016375
199785190
174875262
807973025
600049965
108563469
67086855
912208782
686953707
195828062
683538680
143014289
855206017
72243447
584228559
780068949
493654538
602889157
145690220
967040889
32384110
178339009
398089477
607481059
508563202
711780092
821987704
992780831
4578874
414859260
893103077
983780318
42310282
3998093
168210228
690294276
942932869
848222577
167026947
56726073
778557779
424614948
278915076
548056668
434015663
704936703
876443044
764305961
155109284
867271963
109996762
79389253
304697117
577283516
107816356
542351087
779370659
912135238
637653710
495780310
482020824
225799444
673161982
658971466
459756422
168210228
877868067
165803742
884158612
854587023
340980453
579635884
415718824
372339610
903108502
249420944
557337497
333450365
341482505
375909509
983780318
418883234
433420894
889667275
472022086
32384110
239487316
806124911
827874435
884750607
162101766
49540478
415385114
275507421
390543630
313456403
303361801
444232445
519867161
711265915
751109629
69349174
680748079
822745247
281431524
489410971
851349846
413269809
324367954
673161982
806395294
440476379
92758893
927043659
498805845
388061120
458983195
58020252
933866206
913408437
728091607
678513268
109320
434820903
150
661815621
843410497
63385309
96177646
319740143
16977106
482636632
165803742
945309929
314413453
290767032
887619526
998180943
807973025
269522820
527802721
689425617
608423628
605337894
992469819
795285863
694519646
148516861
83761743
401062440
379135191
593031488
316744397
680748079
242026776
829563740
444805188
561190156
312109113
131225688
684230775
100441623
305431871
563155986
651823274
143196449
143083398
729567252
467714031
298620610
198025561
10511582
109320
331890984
107816356
756731920
562986044
242026776
580737468
401062440
266623582
690319247
32287383
607196614
487147738
227465186
449978484
124887470
199260963
600153332
482636632
251297295
199785190
557820851
728091607
986345000
507634900
470598575
994132485
690319247
750387837
505115444
66923545
463535049
626701595
539831708
751109629
4578874
840517467
156285460
755906849
305174163
275507421
704852441
945309929
717552752
12275795
940644413
28492838
807973025
654167456
347090776
820777211
67086855
595723195
275127100
795285863
96507421
342330165
165803742
73686265
167026947
443607341
482020824
919965156
737348897
69349174
995068739
751109629
439752238
250623855
362603295
589230398
412533633
884436764
770777371
130159798
445184038
415385114
717029190
386419520
716574648
661815621
379135191
304697117
479810800
704936703
326901762
706454996
412533633
507634900
683538680
612726432
412533633
456197511
329313371
342330165
514245021
988302004
181847325
854246627
207908345
248004927
34220901
842176960
505115444
416976073
932116657
758044502
957643519
542362256
354740411
392826203
743928632
10039295
477017828
780183980
248590766
467474850
544129364
269522820
155114584
397991399
648689559
335362996
700167415
240879853
181847325
554385454
980327582
148516861
992396510
433983024
690518587
275127100
720788863
741957052
58337056
461612033
649329457
34850360
249479266
174875262
868255946
208917888
255661679
490421167
667928255
770935442
282957780
32111757
766150819
862636349
159853745
404462807
892200873
704827836
951883682
4947313
40141514
347090776
577481829
99420372
447456608
198025561
689075782
917969187
637653710
179597442
130159798
919732442
275127100
436715057
630174927
498805845
986345000
903221914
67633894
151667782
495780310
284383609
614633990
679855380
683538680
634247715
986345000
265796669
312499983
184151516
795285863
516383057
609227710
524705968
172813304
144657709
686406158
224108746
569762882
361271754
573375284
673161982
366282392
74041708
802034325
78646918
275507421
58998569
602121847
364670984
746937336
540791553
885392673
179597442
345422821
522091613
915200609
23482358
121107606
756182094
900029926
977503465
683538680
189874901
314409236
159853745
827874435
439752238
979992373
555573743
237240953
928419854
110468114
227255957
239592478
130159798
511344499
648055430
207908345
156285460
227465186
884158612
417938114
627475787
424614948
745810009
121023082
780068949
463535049
884756390
692665716
533671147
602121847
341482505
585240519
121728000
157726384
478420462
439752238
743142486
765351379
107816356
170864699
730220606
420126359
162101766
921852900
457946477
518747519
988302004
747363900
137067068
977485422
516383057
797362755
925999528
290767032
648556615
86962148
834429163
445529997
227547313
912208782
168210228
651326072
843974522
170864699
934779898
514245021
506498035
137158394
978893076
918455197
393658570
846801988
503444762
656330712
637653710
129720502
361273353
991370207
721617140
163144079
249479266
44435521
663349178
188245731
695432868
875930269
198025561
604494746
501634358
100441623
743928632
78646918
46598156
281365858
661815621
22551232
815877224
922174179
406882200
991400574
895556781
304697117
100264410
137593332
316372179
249420944
772532900
124887470
316372179
669989313
114617150
395220383
372339610
499746617
96283455
933891365
712115174
683538680
93718562
507634900
401062440
57048354
557148270
10
965243946
193992127
651374847
541926683
32384110
673161982
198025561
537648223
892909260
439752238
540791553
380878028
955629684
130159798
251297295
779342623
673161982
940390047
1
807973025
986345000
425339514
978033494
699757056
680441459
977485422
109599712
174875262
149544260
981870925
745810009
482636632
933860545
227382860
159853745
32373650
700167415
170864699
986345000
795285863
725213969
329313371
927384783
694131034
244592870
770935442
873735929
388061120
745028208
591671516
778557779
181512313
193275305
992407830
995547968
121413468
560800554
524699668
32373650
870624370
227547313
262155190
655015866
945309929
280529210
649032276
129720502
795420461
66605158
807973025
729128156
661867619
162101766
263796560
867677207
16977106
843974522
824309164
482636632
494874175
873735929
275127100
354740411
862636349
686825405
254816590
113148716
842176960
977485422
995547968
3998093
165803742
151667782
251297295
843410497
265434644
384838642
340980453
661815621
615090814
130544421
421416975
316372179
466632118
959926409
248004927
972171777
324621970
117643267
717552752
680441459
20601948
385981648
54656210
3998093
481869955
93718562
791398006
444346993
464063534
912135238
964982728
634085520
840755520
385656054
832057329
843410497
818581709
627839674
439752238
412533633
289998567
10
162101766
364670984
451927396
749018590
240879853
193275305
341482505
96177646
802676821
27810873
193275305
396873417
865544553
384951437
78646918
461373801
744779958
563441756
986515028
278976413
269522820
413642160
751885764
162452126
1037290
449309557
909143830
187385013
39218592
498805845
773485779
275127100
843974522
800586604
548165362
821987704
584733002
100441623
495780310
610001160
693602178
634247715
129720502
716100284
159853745
312499983
76331016
498943403
883934582
963962664
995572262
489334816
85238452
974653466
170795002
78646918
813628621
373254165
822231567
227255957
669989313
87044002
926068838
109320
443607341
608423628
698436690
227255957
328973397
56762095
700167415
656326135
827874435
704852441
711265915
501904550
185501014
482020824
711265915
129720502
319997898
402737690
806442151
206197439
912208782
967102009
988302004
374418516
787638947
291491094
472750916
493854947
265982772
108477325
472750916
788975441
505115444
198025561
655015866
769929921
988302004
113370599
8957396
407154154
514245021
750206375
389927427
172901029
25322078
67086855
351954309
326901762
325802566
792416348
186537125
910130865
476672003
647888872
105496478
88010382
772214221
71474805
124887470
823046072
370706217
165105338
699056990
656624708
375782529
704775593
186587623
721617140
516383057
807973025
347090776
312499983
397991399
459756422
29161057
823955581
27810873
544607749
567330190
820777211
112796260
705234926
895629344
912208782
182891985
386265640
200016492
842661746
384951437
802916844
3384
178339009
199877565
614380239
482866441
873735929
983780318
766543724
467714031
746937336
863097096
397991399
829563740
722982910
947144055
585044145
468370864
454933126
479810800
290426075
185501014
199348429
964982728
903221914
945309929
787638947
278976413
8639360
275545155
95673858
249479266
661815621
32287383
208917888
88479824
769929921
167026947
459846543
177640189
490188910
850018721
981870925
797835840
163410716
262774503
34850360
849353060
554510614
945309929
569055455
49462881
633214597
611726819
697383810
25426457
69349174
436715057
83761743
221121362
507634900
980877287
131225688
309914368
769929921
3504835
451927396
884108321
181565767
342491943
817455061
404462807
385177855
103961583
901545952
704936703
275127100
881081540
752055891
93232780
312499983
669989313
945309929
881775823
6326545
159853745
984330377
692300161
658158063
660052560
95959938
982221481
289100988
351264618
478206292
632145798
3384
27810873
883516539
980877287
4826160
290767032
129720502
549013291
354740411
227547313
839685326
185177408
662010967
369865985
957205587
743928632
129151366
952937479
711593102
429071219
284673214
886736823
539831708
967102009
764523640
415385114
174875262
514245021
680748079
581264389
298620610
779993797
573375284
751109629
479038740
482866441
252319683
573375284
716100284
919965156
273320985
721617140
614633990
314413453
329313371
248590766
989791311
990229907
397129535
404462807
156285460
701646073
778043631
726185148
405572486
186587623
354967304
977485422
275507421
986251523
46701852
764523640
794289386
275127100
401016825
717552752
884750607
988302004
868496643
193992127
695279635
144626971
649329457
482636632
281255127
41777440
108563469
176717014
100441623
743928632
988302004
633837071
170864699
617646340
467371786
673992469
596234874
582398295
708924454
69349174
346266161
251297295
155114584
451927396
443083010
533625070
662107276
425836491
129720502
672407066
614380239
149077957
208631922
711265915
896859516
372339610
849243615
333182706
67633894
650939147
829563740
567382925
549031537
452035468
144577080
283850755
840517467
788975441
557343314
195828062
820777211
561173896
27810873
607196614
634513373
83761743
27810873
364670984
716574648
614380239
853217337
747363900
672340633
369865985
692598867
669989313
149544260
995547968
717552752
85015779
516641620
467714031
862636349
648009304
840517467
945309929
207908345
298620610
168210228
365777724
301147358
374459891
195638383
314413453
460118639
144577080
722914407
362603295
186587623
928419854
512478605
919965156
293364406
23482358
977485422
540791553
607196614
816868812
402737690
251297295
227255957
599827464
354740411
665980190
4058069
207908345
457230381
580354512
363337457
354740411
224519880
109457364
626701595
444805188
553380542
515887663
746937336
10
878817782
585240519
139158190
807973025
983780318
704827836
144577080
608423628
254059220
307453260
488102524
129720502
829563740
545525098
224187840
823046072
874610724
273320985
471222348
114617150
438178587
75040531
44009101
153389803
524632621
631916816
528067911
224150142
23482358
321556112
840517467
693735408
497805283
843410497
275205258
799834565
648816111
823046072
156285460
679577394
596813636
623915551
129720502
740630647
516568675
541919356
515462104
404462807
252857628
661815621
114617150
184151516
309028662
918650521
369865985
129720502
93915411
983780318
759236699
634247715
14438004
670267529
845129687
353672482
602121847
705234926
372339610
199785190
463966063
807973025
275205258
811213402
302667963
597597229
724416984
150
727208106
364580145
118225016
46598156
743928632
919965156
210375094
686406158
1
151667782
384335322
467714031
516383057
963962664
778500830
37451737
96650812
208917888
933866206
458432099
477347748
802676821
38305615
294780030
630174927
646011540
740878513
824309164
503444762
699537172
787965365
568368152
826940162
373635
564943969
478420462
479686226
637653710
109320
214259322
108563469
365647596
646319007
304697117
827866832
154221862
482636632
498805845
440147974
248590766
340980453
892796257
388942955
672512852
628654748
364670984
386265640
383775006
847891265
824309164
17649862
815513132
406065199
58020252
993213159
868296475
562986044
167375239
580062117
616488079
865494791
931394431
717552752
150
27810873
448224737
174875262
666092497
95982446
887828992
131263126
680441459
834547127
917967950
150
402737690
234028590
451054489
619225419
555472062
467714031
540791553
751885764
225718862
469296604
367591838
111968367
96507421
329313371
67633894
129720502
72634601
829563740
191875776
240879853
127772120
583368257
658516737
802039632
540791553
415385114
781309312
412533633
881775823
912208782
862604725
658516737
22714630
163280316
679855380
178339009
131225688
227255957
518240582
787638947
112062959
70843747
32287383
686406158
163410716
92363518
680216841
322802943
514802540
248004927
596813636
309914368
287840769
525973511
674991617
401016825
799224701
709961207
280436901
582311504
807973025
498805845
649329457
658516737
977485422
842176960
679855380
364670984
738200694
489334816
799410406
228173225
24528787
305174163
42310282
26746489
159853745
482020824
741033133
294087969
471992466
37267359
402737690
210808631
280128240
312499983
24242663
639118770
807973025
12564427
67086855
326901762
503849467
827874435
827874435
507634900
144577080
630174927
745810009
609732566
463593053
145141922
361824478
170864699
370173252
459756422
3761461
324367954
493854947
148516861
397991399
909945393
940644413
49175637
747338860
71471874
183501793
184151516
227465186
4578874
912135238
505115444
354740411
151667782
225799444
239487316
751885764
988265960
342330165
352502680
241806522
114617150
325730186
993246911
820777211
451927396
150
129720502
529362711
303158720
227465186
698436690
743928632
704852441
794289386
912135238
280128240
654889730
110468114
70843747
991400574
33472061
195828062
83761743
227465186
593060808
945309929
899162623
195828062
582613704
275127100
865494791
200825811
951386945
159853745
750711839
309914368
472750916
700167415
441988230
540782705
480083679
877488253
386265640
391396025
349603248
193275305
55846597
373635
180224407
316372179
683538680
816022344
444212950
93898630
527030158
242026776
13424142
840517467
783200383
602121847
826922439
12858145
663597723
379135191
707444912
945309929
988265960
66430650
524632621
397991399
933891365
747536824
716574648
689754471
503444762
898721940
705329302
149544260
707409923
128870200
362603295
165803742
614380239
967102009
635860106
824309164
988265960
280128240
858100500
787638947
278976413
711265915
720921229
64077437
565037204
32111757
956004105
124887470
53409189
637541721
393658570
96177646
982802584
302839669
479810800
980877287
903306143
842670396
121413468
482484418
623718983
394882657
790883038
174875262
879721812
224519880
743928632
365254488
385891770
263236016
179597442
795285863
458432099
568368152
211919251
679855380
151667782
518368281
507425761
503444762
842176960
305174163
397867548
162101766
993246911
149544260
124887470
652348496
291848212
874944475
275219843
665576811
820777211
718700331
721617140
225799444
843410497
182546861
416359773
619265901
72150335
414115286
803039224
193992127
249479266
918055945
714797570
316314520
10
514811540
679236621
157287282
963780821
912135238
312499983
680748079
952502087
179597442
747363900
467714031
316372179
314274700
865494791
318294545
559053884
373972970
711265915
275127100
162101766
907102712
524632621
179597442
260491145
802676821
372339610
534972878
929687831
818265792
527030158
923992823
60905806
828527924
828169533
807862084
416872395
390519534
545525098
598374889
79565911
167026947
162101766
787638947
335362996
568379511
655015866
316372179
165803742
93898630
762295645
489334816
896710775
467714031
208917888
108563469
314413453
638450243
227382860
992622445
167026947
150
242730529
800730683
199785190
669311367
275205258
795285863
516040658
812752779
796859922
969779149
689075782
165555876
482866441
909786730
849859696
477546440
487814049
589931035
329313371
280128240
176717014
290767032
654167456
345422821
669890398
135989543
898747390
207908345
200016492
788975441
167026947
806442151
340980453
444232445
810817300
831512117
491060538
570082488
298620610
855525236
829563740
172901029
388061120
323988167
686406158
596813636
354740411
23482358
370436175
447361621
477503918
109136049
548056668
494874175
769929921
248004927
240258346
478420462
862838181
488102524
167026947
764523640
320957358
384951437
444805188
349603248
25322078
737940185
117643267
507634900
493854947
899904451
614380239
479810800
200016492
453715664
309914368
482636632
244314395
338911730
340980453
508437175
627865084
933866206
824309164
563292264
843410497
345039242
747363900
868296475
418069685
743928632
92363518
403171065
436715057
280014260
489334816
415385114
98486776
771479091
507236163
199785190
342330165
404462807
232049126
280933402
103961583
248590766
168210228
108563469
799902868
314809478
424614948
137366325
439752238
124887470
848730899
159853745
610818172
40769227
746937336
539975297
398089477
347090776
123444840
58020252
498805845
472750916
673161982
340980453
210195853
338612034
616754722
249479266
107816356
829563740
662114107
807973025
379135191
939193588
198025561
977485422
193275305
732629699
896483378
489334816
87568035
705234926
108170931
704852441
249479266
958285639
749018590
769929921
147862873
287201137
182608637
824309164
943207163
869833124
503444762
608331391
822773957
661815621
314413453
704852441
743893873
940644413
393582311
527030158
933891365
780229079
390046739
513834844
683538680
82229777
646878491
155114584
696298756
637653710
248590766
638485912
557820851
133141617
986345000
206563116
505115444
370479383
153794192
698436690
340792779
750826245
862636349
225799444
5360579
373635
337527250
829563740
451927396
778557779
128848770
856148761
223362670
273320985
63596047
457230381
751109629
884018050
455055536
557337497
438092871
539831708
878971776
305174163
285179246
742107525
156920738
608423628
952041196
83756717
347090776
843974522
626701595
919965156
881775823
779370659
473780333
726185148
652045174
180588741
717552752
67086855
312499983
176717014
65255504
291297228
672151091
248004927
283045702
840517467
298630797
100441623
244410535
32384110
273836585
939331072
182790467
941144712
458050586
511746452
776439758
415385114
493854947
364730648
539048217
78646918
751109629
67824232
728091607
824408668
912208782
598626705
240885425
899759309
977485422
703083842
82229777
740630647
743809984
1263868
704852441
802676821
160723197
129151366
967102009
991400574
342330165
158946109
637653710
614380239
557820851
743666114
118207752
824309164
124887470
918055945
188526106
627122875
912208782
906992785
991630872
557820851
600271033
96177646
70843747
516102519
527030158
246553023
898266789
557820851
546641397
3384
828746668
898721940
184151516
989868912
945309929
95673858
462638447
117643267
195828062
451927396
840517467
172801487
440575234
270355718
936515406
163410716
865544553
340980453
78646918
632589262
18298971
92363518
73719063
103961583
344686399
634601337
269503108
459756422
269522820
157808063
271609458
440539804
280128240
428812842
149544260
478420462
137067068
131225688
505115444
79582530
598374889
141553246
279963841
349603248
135511821
175110781
865544553
992407830
820777211
412533633
802676821
117643267
495780310
886685696
402737690
635884542
148516861
654232775
579360841
98875055
631755605
629076940
459835983
58020252
227465186
444224007
195479429
406107288
275127100
658516737
780068949
250177383
765130352
273320985
291848212
873835489
361300285
986345000
467714031
827874435
743928632
103961583
737049299
326901762
971550584
172901029
322310658
664515923
577752058
373084793
299305983
314413453
775518481
1
70843747
249479266
209743510
200016492
402737690
199785190
780723009
151456185
129151366
185501014
193275305
679855380
494874175
700167415
913561020
477546440
101597014
467714031
986345000
995547968
498943403
988265960
335362996
482020824
748524219
769929921
661707728
199260963
977360313
995020857
933891365
977485422
185930935
70843747
745810009
701890806
137067068
404197153
188385523
93898630
198025561
110468114
977485422
985291679
16977106
109320
323356650
297721548
913408437
434627729
101410894
137158394
680441459
495780310
544676949
986345000
982746203
341482505
482636632
614380239
280128240
225799444
117643267
304697117
264045681
818265792
64839814
646771764
316372179
179597442
129720502
162101766
66430650
314274700
270710518
750115241
236443713
67633894
103059837
992407830
356938784
813614995
998868138
94511113
673161982
527626684
839613747
788975441
108563469
818211684
412533633
928444627
129151366
284342682
843974522
919965156
788222855
189874901
92726790
281255127
890280577
912208782
912208782
654167456
861595616
986345000
445783941
467714031
341344616
672245629
341482505
184151516
275127100
91563218
651711178
768731168
314413453
716100284
557820851
721617140
96177646
362399368
125912998
404462807
505644759
362399368
314413453
507634900
68899906
540791553
913408437
704936703
516369726
2537908
739660754
290767032
376666177
505115444
42310282
131225688
486167898
75211158
988265960
843974522
130887086
487814049
278976413
988302004
193992127
3384
227255957
156285460
844378490
482020824
415385114
669328887
248004927
294780030
513599995
312499983
3384
527030158
995547968
591432672
236785340
401876998
150
312084886
384951437
873735929
743928632
489334816
726185148
833476663
787638947
298620610
4357021
507236163
269522820
89672624
340980453
690385196
156285460
323036996
919965156
921150373
885928652
951592935
439752238
129720502
654023582
461309519
155396880
505115444
32373650
903221914
627847406
4826160
172901029
748930026
508295392
278976413
787638947
269522820
888911569
200016492
477546440
58020252
318294545
109320
995547968
607196614
505115444
83761743
614633990
169324289
486167898
58020252
144994455
497518185
305174163
147513557
945309929
675542185
498805845
58604782
689075782
227382860
8218310
167026947
1
105162655
347090776
868296475
369690305
540791553
247670684
77982251
515052502
714919069
227586037
121413468
870109206
619079250
964982728
806442151
834429163
193275305
134483597
494491067
151667782
330626823
98153430
77135290
129151366
324367954
208917888
92758893
165803742
93898630
817972957
398089477
940602961
743928632
504385192
67633894
551787170
324367954
779370659
263379371
387120643
912208782
847201604
698436690
881775823
152781982
952041196
353492090
248590766
691849185
311974303
964143314
745810009
804266194
704936703
782216921
972926320
273320985
111028637
436613083
680748079
571233185
991400574
843410497
933891365
58020252
676511963
540791553
849706655
802676821
427896971
137158394
710066853
691420208
648816111
137158394
186584904
626328329
149909476
696707522
607886647
499740833
770935442
314274700
963962664
233031727
451927396
992780831
619891720
710801593
248590766
1231913
773118870
477823203
155114584
299091086
736181841
341482505
865213432
171219753
68899906
349603248
4578874
159964645
77424434
505115444
608423628
297721548
234671172
614633990
738200694
95673858
634771527
412533633
540791553
209195388
933891365
117453533
300972950
381608653
156285460
335362996
109320
834669185
851203608
859294083
108563469
435694879
150
818286136
69349174
10
186587623
746937336
316372179
746937336
177653253
470251328
885392673
507634900
143648132
89511393
712526471
746937336
185930935
80988114
705261089
802916844
964982728
78646918
675650295
648816111
239487316
299344783
453052083
454239290
498943403
249479266
353156083
69349174
100441623
185930935
883133671
986944033
903221914
963127513
350896259
119038789
210012347
693305840
743377760
416976073
908129534
46598156
32373650
510960495
362603295
159286214
779342623
275232464
943934603
977485422
114617150
482636632
4826160
830269125
598374889
637653710
188308203
626701595
949922706
503444762
1
275507421
425859834
137067068
933891365
587473857
679855380
93898630
342330165
159853745
556007948
194406432
787638947
649490883
842176960
386433479
206701057
83761743
545525098
766519471
802676821
542174685
193749627
821987704
967425302
388061120
174875262
389927427
716100284
616399808
818851239
11936825
439046910
740630647
630174927
725835195
96177646
316430163
823046072
552297253
39247141
680748079
453936462
107771204
918362319
99560434
482866441
487814049
213135751
945309929
363652815
751109629
67633894
292463471
820777211
527030158
335362996
61211018
912135238
150728368
921380666
995547968
566753375
296439662
93718562
795285863
290014911
227465186
540791553
275127100
4826160
19977651
589922526
992780831
781535636
999661367
236302269
465883560
991400574
684724058
294780030
276553022
32384110
863812443
479810800
15952512
548320410
241580264
690319247
404462807
801055686
498805845
602891535
369865985
185930935
362017579
347090776
4826160
711265915
988302004
738200694
436715057
365886058
345422821
711265915
162101766
663349178
912863145
342330165
540233702
945309929
751109629
563145018
480443402
817321337
471657716
296484784
759982015
467714031
65602467
117643267
945309929
595295074
785224865
291848212
424614948
912208782
876955713
280128240
716959058
25322078
32373650
700167415
299772011
397991399
46598156
3384
711265915
414153189
806442151
603215597
273320985
963962664
606365485
348547601
249420944
375311788
915813418
778557779
801693930
93232780
365174272
943041332
578880170
728091607
137067068
349603248
598374889
518072891
67633894
498943403
168210228
679664220
992780831
895124705
751109629
818919693
291848212
689075782
452389888
932468579
787638947
175953831
249420944
27810873
80182208
824309164
612312151
598277236
124887470
202146096
4578874
94949759
79184239
69349174
747363900
503444762
179597442
436715057
634247715
1037290
740630647
227255957
787638947
297721548
155114584
258552027
326901762
797838009
447639029
838437991
658516737
482636632
865930576
356157617
397129535
571913653
478420462
351770548
275127100
291848212
341482505
455080096
770935442
254111548
501605671
144577080
971107160
32384110
981870925
83761743
114617150
387993707
995557273
995547968
873735929
57743697
450484622
362399368
166245414
835921042
672939970
81280137
275507421
137067068
509793256
192170434
312843954
724138441
903221914
768977416
674913131
439752238
103961583
430859462
788975441
349120238
457230381
928419854
817143613
711265915
494874175
326901762
992780831
179597442
82229777
654501900
745161674
840517467
309914368
885392673
566765961
83761743
137067068
863214818
690319247
144577080
34850360
273320985
95578249
655015866
717552752
384797596
482636632
806442151
111510414
290147361
714247008
290767032
572092062
80381181
908416886
652524823
986345000
423943703
614633990
178339009
661815621
279301533
740630647
249420944
880192020
716574648
234993857
952041196
187812037
36585587
725361840
379135191
663349178
705234926
545525098
498871242
150
592641015
172901029
46598156
274667871
898721940
248590766
276872037
74294567
961359115
124887470
482636632
19945439
834429163
843410497
262691835
958836240
181847325
527698857
781302934
417690787
137158394
493854947
314274700
513253578
32373650
103961583
174875262
992780831
1
769929921
198719037
704852441
349120238
291848212
507236163
933891365
649032276
988265960
369865985
802676821
527030158
963962664
679855380
113370599
331491828
843410497
637653710
943546571
773118870
884158612
704852441
109320
288634882
839922418
354740411
728091607
507634900
980877287
905471488
227255957
884750607
340980453
180867176
494874175
547388552
167026947
494874175
195828062
728091607
189874901
458385346
92758893
714797570
487814049
608423628
977485422
167026947
404462807
117960144
345631736
448224737
988265960
831208916
326901762
113370599
198025561
940644413
882298777
988302004
156285460
195828062
772214221
294780030
738428927
362399368
354740411
477546440
748272383
347090776
761444611
928885033
174875262
354740411
92363518
820777211
199785190
745270960
603713665
881775823
88827138
489789517
824309164
54280483
678481776
467714031
677224354
103117818
704936703
306428962
843280746
773869762
941990953
67633894
658516737
59636579
608423628
739180083
607196614
704852441
853479009
161756088
614633990
92758893
751109629
227382860
349120238
108563469
705234926
983529737
167213487
32111757
860198
342330165
716574648
524632621
347090776
493854947
681709951
721617140
704852441
806639872
539831708
903685728
429466031
711265915
114617150
184151516
482636632
331550425
680748079
557337497
398089477
98448782
829563740
249420944
416271515
668879841
32373650
463331371
480557505
504256280
345422821
499607720
811088638
172901029
981453783
304971759
412533633
32111757
318499725
199260963
651355952
165803742
195828062
191885137
411911680
448224737
614380239
442715177
686406158
687831172
354740411
319754081
428722373
607196614
342330165
829563740
415948689
587220085
259975479
312111130
369865985
42221211
774262323
514245021
314409236
216910722
109841357
199785190
436715057
297721548
847590260
945309929
148516861
677368765
519084578
852873235
239487316
482866441
873303034
794270998
897355483
831252985
48247622
964982728
34220901
281662905
482636632
399429037
345118641
693676575
155114584
824309164
614633990
278976413
251297295
818265792
704852441
273320985
743928632
320829977
108563469
32111757
478420462
185501014
818265792
651765175
145738439
883640828
548056668
174875262
769929921
673161982
498805845
404462807
178130211
548056668
652152340
275127100
690319247
683538680
967102009
404462807
189874901
227255957
487814049
614380239
441463444
550694695
661815621
93898630
912208782
397991399
267507984
329313371
690319247
93898630
862442029
119469517
792175191
933866206
873735929
626701595
870627243
189874901
137067068
95139825
577582836
386932189
335362996
31086480
986345000
614633990
820144652
988265960
149544260
773118870
93898630
963962664
829917652
156285460
894630964
335362996
248590766
436715057
249479266
773118870
913408437
788975441
624177705
341482505
273320985
802916844
707615409
467714031
242650435
56570180
234157446
992780831
1
448224737
832500624
241450709
225263850
479810800
193992127
138667808
4578874
280128240
397991399
507634900
540791553
109320
977485422
527030158
945309929
340980453
174875262
829563740
928419854
607196614
198025561
361426502
398089477
119521901
113443364
114617150
179597442
824007177
576395754
208917888
790316987
287070197
163410716
686406158
16977106
509428286
486167898
44271570
442848227
353213243
10
461729151
108563469
963962664
721617140
32384110
486167898
314116173
52369750
280632412
963962664
631470668
10
186587623
903221914
787638947
596813636
557820851
717938278
884158612
78646918
679855380
324058642
204434900
69349174
934909664
405572486
389927427
475657286
93898630
398089477
619384558
770935442
823046072
843410497
780068949
489334816
114617150
477546440
861509388
199260963
251297295
227465186
609105441
721617140
764523640
32384110
291848212
690319247
986345000
301592028
559127569
349603248
342330165
129151366
643453236
630174927
627590778
82229777
820777211
149592406
225799444
270710518
62288492
269522820
27810873
144577080
117113101
457230381
837098158
373635
737664874
992407830
615381250
899162623
27810873
721617140
271259520
415385114
873735929
686406158
384951437
458432099
482020824
649329457
239487316
802916844
341482505
172901029
12829213
694479091
167026947
468543241
863783883
852122634
232898075
205546482
369865985
368639117
273320985
1344186
613168977
494874175
195828062
1076700
57966094
341606439
964982728
124887470
865494791
988265960
727968490
382439204
998197205
952041196
249420944
832235520
698436690
607196614
778072192
451927396
704936703
404462807
430717583
74082193
482866441
704827836
872952227
714797570
885473603
494874175
137067068
34850360
67633894
227255957
582861718
898721940
32287383
302098491
443607341
554630702
935063274
945309929
760755360
585240519
664479837
328041123
131128626
92758893
514802540
179597442
593885752
747363900
286673645
477546440
67472991
928419854
452151190
493854947
227255957
967164101
121413468
68899906
716574648
912135238
493854947
234876000
178339009
332373934
34850360
637653710
334631982
32373650
716100284
103961583
148516861
912208782
273320985
596813636
461498236
854887779
885392673
873735929
827874435
137067068
69026821
772214221
945305185
117643267
557820851
178339009
788432101
493854947
222228213
130159798
912208782
280128240
494967600
614331972
271519875
633247284
991435600
849859696
704936703
170864699
209008264
516383057
463535049
443764783
193275305
67633894
527030158
104012983
150
700167415
407275154
991400574
326901762
649329457
649032276
1037290
350990682
408701168
689075782
912208782
409632443
802676821
466116401
34850360
249420944
69349174
665286380
937583386
10
498805845
142800009
649329457
873735929
507236163
207010322
653522541
928419854
305105302
342330165
451845108
83761743
478420462
352245922
479686226
824309164
701511254
6983456
150
349603248
304697117
93718562
802916844
280128240
607196614
444232445
999661367
609138388
197523760
345422821
614380239
676706710
807973025
648816111
596813636
477546440
349603248
47728968
86827328
764141739
617953241
298620610
899162623
271535047
850335382
305174163
309969947
852641333
898721940
34220901
991435600
852249387
110468114
314274700
945309929
985304743
413960064
195828062
193275305
469485568
827874435
148200349
740794937
788420533
458432099
312499983
116017408
413433988
274161661
78646918
386265640
663349178
189874901
207908345
829563740
280128240
225799444
373016242
95673858
278976413
548056668
219851063
324675949
507634900
865544553
51066627
474686692
190146553
658516737
655015866
704300846
700318605
23482358
576365082
269814996
865494791
923792761
861494388
347090776
385421198
478420462
607196614
10722015
943065169
239487316
507634900
471272757
369865985
397991399
70843747
365526932
185930935
424614948
3761461
452536347
608423628
70490549
282745706
163410716
663349178
981870925
834429163
290767032
186702556
648816111
479349618
162101766
275205258
878125622
362603295
991400574
98040014
673161982
113370599
503444762
324367954
259410004
185930935
851658380
96177646
788975441
780196143
682885178
472750916
3998093
840517467
353975508
107816356
341801661
444805188
816331244
724789037
237488609
178339009
743928632
349603248
672364926
655015866
928419854
588158763
714797570
885392673
149544260
751885764
16376225
3384
489334816
163410716
981870925
979992373
918055945
733132251
463535049
964448723
554804933
206755059
121413468
345422821
972280834
207908345
764723970
78646918
408132526
935607008
415385114
373635
179597442
779370659
682757359
445848326
165803742
514245021
637653710
953476445
873735929
963332450
634969950
726185148
815083103
108563469
843410497
876147712
657420421
598374889
482636632
147050600
151667782
113370599
51948461
347090776
738200694
103195689
275507421
655015866
43727559
529196262
106107292
412533633
148516861
20822172
362399368
559695981
828715791
807973025
507634900
448224737
986239000
173752696
925884917
174875262
167026947
148516861
884750607
714797570
23482358
827874435
582732832
568368152
756844094
347090776
986466328
170751390
679578246
316372179
23482358
728091607
357653702
129720502
335362996
248590766
758515223
963962664
431927295
557820851
521607197
865544553
704827836
862636349
279908319
398450801
837757234
795050501
312499983
93232780
727557313
510321594
637653710
787638947
498943403
824309164
151667782
743928632
648315706
978386154
242026776
933413087
598374889
714797570
746157174
397129535
893410196
26968629
170864699
135973512
198025561
655015866
136456134
232073502
562986044
70490549
588698774
199785190
69349174
545525098
389927427
168210228
742642263
648100370
986884453
397129535
767550469
743928632
457230381
519675413
193275305
598374889
843410497
207908345
992780831
164882075
683538680
683538680
349120238
502495079
401016825
751109629
749018590
714797570
996756364
995153998
459756422
673161982
656088399
539831708
138068829
195828062
343521284
4578874
539831708
375781145
229350419
988302004
404462807
984902863
369865985
755460191
28415351
294780030
290767032
721617140
933866206
82229777
513524332
162101766
493854947
308994972
482433854
976703472
802916844
865494791
93718562
314116173
349603248
329313371
745843922
607196614
247629063
343836709
340980453
451618626
146547949
148516861
906999265
520088639
96177646
778952927
129720502
242026776
749018590
355823415
778557779
820777211
390164308
885248313
700167415
32287383
67633894
514811540
637653710
273320985
359998659
514245021
548056668
700167415
590537653
4578874
92758893
686406158
549424140
545525098
823046072
720785134
551956442
752599550
865544553
444805188
379135191
420293636
679855380
717552752
615514542
724667676
986345000
871168811
967102009
401014304
715980428
51935095
856844632
96177646
439752238
618046888
873735929
723223791
124887470
345422821
698436690
32111757
490415205
745810009
952041196
253434839
34850360
721577043
520158853
843974522
3384
520107401
41445668
93232780
667651718
482636632
96507421
557820851
93232780
714797570
855585777
374693463
397991399
156679409
693752186
952041196
417673607
397129535
170864699
578975294
522974094
986345000
349120238
109320
312499983
444805188
198025561
269876272
172901029
39218592
973125075
489334816
493854947
524632621
728091607
694706470
802916844
801623632
331254066
275205258
310448977
208917888
251297295
411442850
32196637
661815621
596813636
493854947
961733622
507634900
711265915
285282463
596813636
642521052
129151366
988265960
794289386
769929921
11050976
699513257
341482505
730600651
314274700
596813636
168210228
776812878
273268294
109320
511154462
630174927
279748700
793825176
806442151
162101766
948948109
489334816
97987390
397991399
986345000
512518997
884158612
3761461
210271786
864117470
626701595
137158394
433145420
174875262
309914368
341482505
721617140
683538680
275205258
714797570
290767032
366399302
248590766
124887470
545525098
297721548
137303402
83761743
787638947
826807927
941284883
96177646
103961583
225799444
412533633
885392673
788975441
108393719
918055945
103961583
92363518
369865985
172901029
275205258
107010303
648816111
174423218
955668050
202402924
912208782
780068949
92363518
743928632
988302004
988265960
239404760
634247715
241328890
843974522
498805845
165803742
68161491
266275807
991435600
873735929
503337797
829563740
980877287
918055945
258118483
67633894
397991399
744884732
316372179
98764442
898721940
551732369
10
956940256
121038788
524632621
3761461
964982728
114617150
96177646
113370599
275205258
4826160
545525098
150
912208782
467714031
4826160
474901634
885392673
343077071
806442151
82229777
181353985
105322899
802916844
361296890
34850360
756981252
621124308
986095235
859547272
772214221
364670984
116537259
920467661
585240519
240879853
729506218
472750916
33727033
154221862
467714031
412533633
1
304697117
463535049
479686226
885392673
758020552
717552752
195672094
349597937
275205258
477546440
113370599
32384110
680441459
694396485
341482505
686429460
602121847
170864699
428115680
655015866
861999125
545043196
110468114
152186977
425327450
829563740
249420944
911065794
472485386
787638947
467714031
562986044
710442913
843974522
186587623
928419854
78646918
304861692
961512289
468685150
239487316
4930270
712126922
803039224
404462807
162784540
133528820
330325536
353706188
849102862
137158394
933891365
312084886
451266001
722425363
565694406
450174988
348965987
603565729
493649401
855305109
34220901
380103177
932285445
624863750
801906125
673161982
275205258
779342623
4826160
614787256
137067068
779370659
303361801
137158394
741498291
181847325
729276196
902483730
482636632
743928632
48629247
867677207
293503352
868261017
172901029
690319247
795911976
32111757
131834964
849859696
32384110
660114185
581122098
649514208
239487316
929504523
820777211
326901762
648816111
436715057
773118870
349603248
227465186
591149181
204434900
185930935
110468114
10
10
155114584
933891365
842176960
69349174
89370405
156285460
479810800
842176960
249420944
108661143
92758893
524632621
137067068
486167898
67633894
568368152
730203432
539831708
614633990
1887235
130159798
970445591
648586308
889304849
717552752
788412855
83761743
323695686
165803742
362603295
57683160
953517393
913408437
850754489
991400574
109320
654167456
42310282
316372179
69349174
148516861
918455197
679855380
415385114
368915970
630174927
405751762
513515454
67633894
596813636
721617140
933866206
144577080
621372446
349603248
132177503
843974522
733360872
471596074
913408437
346530952
823046072
891200048
747065987
309860867
933891365
487814049
962281204
436715057
483797436
66605158
93224861
225799444
882487814
66605158
832164390
846526389
920153363
314274700
684351828
458043589
855133335
768313963
347090776
442212835
156285460
858679244
539402287
4826160
862636349
630174927
774819558
719672355
103878533
962184703
491906175
69349174
568368152
463683334
483329178
631483364
747363900
131907257
209553018
96507421
165803742
28590568
479686226
456700580
919965156
444805188
380745157
412533633
884158612
83761743
236046523
168210228
669989313
663349178
318294545
982217900
131225688
324909445
114617150
803903509
168210228
103959821
921212220
464595486
280128240
294780030
66605158
414811783
802916844
577906996
836946370
3761461
316372179
341482505
264345710
208917888
275205258
131225688
372339610
345422821
365777724
477546440
165803742
114617150
836233419
204434900
996276549
743928632
345422821
34220901
448067127
548056668
774975500
25322078
705234926
340980453
634247715
388061120
342330165
248590766
948854819
189612468
314867310
909419005
631079409
970704953
254191737
622394971
137067068
362399368
324882104
865494791
701600256
199785190
467250938
68899906
503444762
279408506
162101766
633872030
80551383
785446503
991400574
493854947
123112187
995150681
540791553
113370599
536193835
964982728
398089477
403701330
248590766
751109629
717552752
168210228
683538680
933866206
46598156
242054159
674511116
933891365
364266762
509955261
379135191
764523640
992780831
273320985
342330165
603503682
547798508
634120460
462768582
204434900
117643267
388061120
764523640
70843747
714797570
593878665
137158394
539831708
912135238
397991399
96177646
3761461
451927396
919782007
121413468
585708520
700167415
473463357
690319247
344383005
630174927
297721548
618817737
101445541
127069797
93899293
240465402
539831708
884158612
630395091
371844859
648816111
156285460
654167456
402737690
179321405
357235092
927613678
768818023
383820844
41155414
457230381
768526303
64322750
340980453
416976073
114617150
478420462
689075782
498223172
952041196
815325171
130159798
46598156
198025561
600532775
136676082
318294545
326901762
145338301
963962664
349603248
339067157
809510333
912135238
364670984
498943403
497014550
67633894
568281388
156912547
263682795
397991399
451927396
108563469
503444762
44456930
954842208
185501014
838383095
130159798
439752238
176717014
745810009
651492418
585240519
16977106
96177646
892416611
278976413
915823046
984695796
683538680
405572486
198025561
324367954
545525098
992780831
10137553
39218592
172901029
912208782
305174163
903221914
312084886
406930840
983780318
388351093
598374889
469337187
129720502
199785190
1
130159798
78646918
4826160
444805188
534440286
562986044
93036552
93898630
159853745
249479266
820777211
393658570
865494791
575994655
614380239
369865985
722798906
609611739
273320985
146350106
738544949
264767287
607196614
275205258
607982055
179597442
940740531
840517467
55196005
814041997
557820851
266173304
778507124
983780318
275507421
912135238
696727254
200366959
421534753
829563740
444176007
778557779
752259110
227382860
188718647
252618382
794289386
475634304
145786678
10
207718849
876327427
556621746
764523640
969787280
163410716
717552752
666886905
436715057
728091607
903221914
794289386
4578874
129720502
362603295
976075840
803039224
893574616
369865985
405572486
345872973
280128240
532425975
198025561
239487316
482866441
311911633
199260963
495693050
941452198
431607745
312499983
436715057
174875262
46598156
242026776
181847325
507634900
389927427
686406158
129720502
371249446
855045136
607196614
935360751
117643267
340980453
452403732
24920130
101601788
600516298
4578874
780068949
976619572
938141418
103961583
662538407
507236163
148186201
107483775
649329457
671051742
240879853
843410497
487814049
633171791
67633894
193275305
655015866
372339610
173582157
83675305
275507421
977485422
151667782
490122742
724921765
740110413
269522820
412533633
61890238
843410497
614380239
415499626
444232445
269522820
843410497
585355500
397129535
248004927
510417849
869063031
865494791
439752238
486167898
467114596
673161982
994899882
494874175
393658570
439752238
991435600
278976413
687175208
992780831
815669498
416511550
721617140
865544553
505115444
540791553
706153832
534276365
988265960
885392673
985496744
777610780
818265792
813614963
663135482
681177115
941594522
637948617
843410497
93718562
788753745
444805188
711061354
454314781
1037290
438362667
771389246
498805845
415385114
81002161
92758893
273073500
970741832
70029178
368166578
473801010
745810009
698436690
108563469
1
66882366
829563740
457230381
305174163
314413453
928419854
278976413
740630647
830183278
700167415
70843747
658516737
178339009
276657107
482866441
10
482956089
795876204
109320
96177646
630174927
249479266
340980453
981870925
470251328
704936703
227255957
988302004
501584093
199785190
326901762
818265792
669989313
998416608
486167898
506066221
92363518
338209027
193992127
415385114
362603295
548056668
827874435
513243312
200094046
150260353
913616119
428336454
174875262
245386691
435808920
402802042
743829043
302910337
945309929
843537436
974275533
655015866
23482358
458432099
144577080
596813636
837324793
386887696
933891365
304697117
412533633
505115444
479810800
200016492
461263259
988302004
988302004
125998739
916787663
580107487
607196614
423091494
63351573
601036707
115789268
114617150
185501014
834429163
745810009
23482358
498943403
582506537
314379801
545378638
991400574
194383652
493854947
679855380
144577080
658516737
16977106
69019856
67633894
763139632
952814155
662171527
96507421
907073526
58020252
568368152
840597673
211960357
978307828
598441518
451927396
388061120
172901029
857106990
862636349
75966915
722384531
436983000
787638947
290187493
345422821
770935442
322305753
695923280
556007948
144704570
128142672
503444762
946278411
184151516
156285460
898427979
447704969
165803742
388061120
649329457
285491006
967857494
661356269
144577080
66605158
227255957
673161982
827874435
117834195
919965156
156285460
340980453
387120643
387120643
690319247
261987367
34421488
556007948
626701595
717552752
863931132
227465186
676666608
172901029
647983500
404462807
149544260
170864699
254989766
564114435
199785190
749018590
3761461
249479266
414829031
90811980
540791553
422347441
962129833
679855380
959080280
309914368
678149940
212722189
41070928
114617150
124887470
239972777
717552752
1
470112806
721521725
96177646
275127100
482636632
398089477
977485422
524632621
28669974
3998093
208917888
42310282
573375284
161947770
19536606
970073593
674103736
679855380
443607341
514759333
726185148
25660089
637653710
652089502
586621395
189874901
854887779
349603248
686406158
275507421
585791418
970031633
573375284
364670984
412533633
178339009
524632621
10
137158394
977485422
122579635
690319247
231941201
176717014
754306179
502197121
514245021
329313371
324367954
62439256
66605158
524632621
495884343
900632216
251297295
78646918
344383005
861184272
5707630
275127100
139998735
373635
114617150
555830469
913043992
788975441
389694589
235648107
412898969
608423628
795285863
23482358
884750607
746531881
227547313
690537184
275127100
251676116
689075782
773118870
227547313
151667782
154221862
686110289
32384110
503444762
540791553
444232445
570438543
673161982
859373132
66605158
688580276
344726007
498805845
829563740
154221862
480232112
388061120
549424140
174875262
912863145
661815621
130159798
818265792
536702618
493849426
251297295
278352032
814178818
487814049
494874175
383883665
4826160
568368152
120415555
337055907
156285460
103260763
6721473
4578874
630174927
179597442
903221914
137158394
309572203
173613648
3384
441562496
75763329
714814041
286632011
271020639
986345000
155114584
397991399
388061120
839906396
539831708
174875262
198025561
506553307
178339009
505115444
165803742
689075782
243385790
995212565
93898630
746937336
834429163
458432099
524632621
745810009
211500754
989825144
711265915
240879853
719599050
164080285
614633990
27810873
714797570
298816752
95673858
341482505
637653710
424840614
329313371
482636632
880967772
429249903
606796180
275205258
751109629
193275305
261460432
3118169
455876682
335362996
486708336
90176675
280128240
342330165
49169586
933891365
42310282
780068949
829563740
458540968
3998093
249479266
176717014
349603248
398089477
315650032
912863145
600567538
996800504
134809734
82229777
966339076
402347041
1037290
248004927
366426072
354831931
78646918
596813636
743928632
354740411
487814049
802916844
827874435
912208782
794586679
824309164
558441818
560053058
183029285
347035138
693398559
304697117
808740812
170864699
288554889
630073601
863425237
26457357
873735929
459756422
254455110
275127100
366865197
300595770
67633894
368872036
278976413
436715057
42310282
354740411
149488249
152401908
519929390
129720502
624809197
507634900
175526384
556007948
743063986
321949371
540791553
609294948
178339009
326901762
913408437
416976073
525570179
743928632
770229456
144577080
481963899
184151516
251297295
23820102
479810800
302862352
129720502
29749453
977485422
615271733
100441623
902536480
155114584
93898630
546731604
721617140
809796845
372339610
79184239
405924401
788975441
649329457
304697117
248004927
633106690
614633990
980405801
459756422
109320
964982728
713726550
92758893
398089477
395836095
224026556
95673858
898721940
978391783
304697117
683538680
362640025
936557642
719741441
179597442
721617140
249420944
408773327
689075782
743898637
573375284
945105328
679855380
732619511
454933126
66605158
34850360
227547313
482020824
387684678
713620440
742332336
140366401
616684242
110783996
81046915
507634900
689075782
354740411
144577080
227255957
568368152
630174927
615154676
761551096
298620610
503444762
507585554
858943415
482020824
417531923
614380239
697679505
824309164
498943403
115921472
335362996
514245021
32373650
503267745
3384
138005869
278976413
607196614
649032276
714797570
227255957
539831708
3384
626268530
410956051
431708320
514802540
527944293
992407830
92363518
608423628
884158612
16977106
524632621
337749556
42310282
819716460
919965156
646149304
427214210
32384110
989267160
865607061
482866441
498943403
732111282
644460315
495156690
802676821
781914337
23482358
477546440
708307938
794322209
10163533
802916844
903221914
562986044
704936703
933866206
919965156
211305172
16977106
70843747
894007072
79423234
486167898
884158612
498050535
770935442
889531754
823046072
979992373
172901029
806442151
24138185
489585301
607196614
487165178
397991399
724200076
1
314413453
802676821
601661669
7356723
425872247
736839005
384951437
451089062
609414322
747363900
354740411
275205257
32384110
69349174
269522820
833607852
807973025
209818261
881775823
654167456
100441623
562990101
378925656
981870925
207159008
94984422
992780831
514245021
389927427
149544260
159853745
848537422
201520446
802916844
386265640
58532712
147015516
242026776
711265915
258262710
250882782
444805188
711265915
227255957
70843747
964921711
314409236
442898538
779584726
162101766
385075714
96507421
778557779
165105338
472750916
563399163
8601013
802676821
67086855
194815842
873735929
222513000
248004927
174740203
260868769
608423628
716081400
581264389
746937336
185930935
486167898
731690734
312499983
362603295
936103287
843974522
545525098
993667562
686406158
136907573
983780318
726185148
913408437
892445166
705234926
811005150
761323008
603202137
372339610
185930935
199260963
854544489
724224943
476061913
75081541
472750916
745613163
991400574
341482505
831512117
273320985
557337497
426038441
32287383
644444511
117643267
179132275
224496286
753163558
138757585
614633990
994886362
74691074
541930578
99119769
405572486
343406045
895419490
602397124
751109629
109320
176148388
919965156
983780318
248590766
902723405
109298130
336518775
914550062
884750607
27810873
540617336
821475984
151667782
743928632
204434900
103961583
221243228
441173926
629635527
159807913
996042267
745810009
193275305
510126915
227547313
405572486
820488309
933891365
32287383
12819271
608423628
405572486
389927427
770935442
199260963
221647589
624544828
740630647
843974522
816663483
109286597
1
995547968
348003666
280128240
109320
952456131
173843139
573375284
362399368
986345000
745810009
100441623
749018590
32740392
207908345
642349329
349310096
929480117
297721548
843974522
248004927
912715738
242026776
369865985
335556532
80055902
524632621
51066627
372339610
624412172
524632621
873735929
269522820
872828590
202405437
478420462
746937336
250776366
31153833
212764283
305174163
746937336
614633990
281645281
795507866
227255957
173532271
343123541
493854947
751109629
163410716
124887470
673161982
238384043
436715057
373635
992780831
227255957
10
341159267
607196614
503337797
568368152
779370659
795285863
823046072
416976073
199260963
178339009
269522820
179597442
314409236
210802343
933866206
178339009
349120238
503337797
78916634
451927396
92758893
448224737
682237741
280128240
556007948
778557779
304697117
787638947
181847325
351994373
362603295
980877287
293593216
929210415
100441623
764209402
70490549
873735929
178339009
21526910
898721940
440200206
244888468
489334816
661264021
290767032
634590895
510998089
347090776
457230381
416976073
486167898
99101122
573375284
493854947
162330496
732261529
227255957
705123732
351777110
771371616
868296475
520340045
195828062
614633990
850223428
179377635
879836220
657379030
482636632
275127100
166596193
716100284
186587623
824309164
92758893
649329457
514245021
58481908
249479266
436715057
802916844
78717246
389927427
354740411
611654608
966623661
498805845
227255957
470013539
278976413
96507421
524632621
137158394
316372179
933891365
67633894
122629094
686406158
4826160
690319247
868296475
986345000
600977235
716574648
704182987
165803742
36460478
705234926
61458977
505115444
769929921
246840537
912863145
33919919
988302004
176121983
524632621
587643804
898721940
117643267
384951437
596972365
723521635
184151516
412533633
314314247
204434900
693176185
910627571
952601769
168210228
397991399
415385114
975770635
992407830
251297295
354740411
865544553
917840819
777681270
78949517
259623597
192449367
977485422
788975441
912208782
398089477
991400574
464850379
113935146
840517467
248004927
739141174
475452772
562986044
514245021
648556615
137158394
388061120
329313371
434960959
93232780
944936778
199785190
614633990
714797570
711265915
542416418
34850360
67086855
269701350
722030481
416521573
188521577
135804766
896976388
829563740
712997981
828296264
684729595
435293672
248004927
766569232
722812724
753669334
695137670
314116173
976717346
210605405
250368520
648816111
352409920
527030158
293671600
933891365
778557779
406440027
753120335
199785190
616331796
514245021
159853745
827225608
354740411
172901029
648816111
116936942
340980453
384951437
129151366
884158612
202732595
151667782
581264389
789532591
632870453
952041196
219317056
131225688
960438382
502496002
169720960
561713937
892896824
787638947
794770908
963494160
312499983
4826160
96177646
129720502
558342381
711265915
598374889
770827794
275127100
246987201
39218592
470598575
709864459
524831175
290260809
150
507634900
802676821
466182342
443607341
3998093
149544260
467714031
498451393
764821759
933891365
951724482
738200694
714797570
340980453
461668254
500517263
856866846
190864320
82229777
457230381
10
992905960
275127100
588438425
602121847
137158394
648556615
738421732
919018862
605947495
168210228
608423628
46598156
96177646
82229777
991400574
218761465
614380239
720141842
58020252
654167456
507236163
479686226
915869677
494874175
34850360
174102606
387120643
15885694
275127100
401016825
163421470
645879826
700167415
415385114
690547754
721617140
83761743
345422821
199785190
537203996
32111757
919965156
963962664
821565901
903221914
537969894
200016492
314274700
124887470
27810873
544821816
741070633
843410497
227255957
392711737
464063534
991400574
86965717
677102904
61854106
950908431
304697117
124250666
187336504
632103318
4578874
265444132
430715124
784216025
981870925
864201443
513134034
373967908
843974522
244582116
736655375
818265792
340802175
312499983
486167898
143959112
154207148
524632621
862636349
15223733
963962664
269522820
487784891
98322713
49933868
669989313
318294545
151667782
281212201
556007948
802916844
398089477
915016333
495780310
572968523
912863145
457230381
545525098
527350927
3384
362603295
346083291
620132872
326901762
775769971
887959599
918055945
114617150
769929921
563927668
482636632
936103995
937136335
827874435
919965156
886314304
920763090
527030158
8304751
157557320
705234926
883060177
862636349
768163241
548056668
92363518
945309929
615115851
82229777
763290874
539831708
158837855
69349174
462234292
941741098
704852441
514802540
154221862
919965156
439752238
545525098
223198663
38995378
150390126
820777211
507634900
419805487
965243946
51066627
173067607
721617140
545525098
339454721
323358798
335362996
493854947
386265640
136231428
322219159
272173262
234478053
362603295
265668490
842176960
457230381
700167415
776768082
291848212
227382860
530752645
458434542
888080278
941645472
928419854
93898630
137067068
725453635
78148962
342330165
192048504
957514476
619528511
23482358
46598156
275507421
556992742
93232780
479066364
200016492
408705107
649329457
524632621
275507421
162101766
21774721
970198236
100441623
714797570
912208782
286823039
315050993
768673146
865864600
649382484
614380239
285835261
514245021
83761743
