1
9
10
127
147
149
150
2769
3268
3337
3375
3380
3383
3384
87651
104605
107264
108779
109049
109221
109291
109306
109315
109319
109320
3818773
4590366
4719728
4794637
4809626
4819381
4823611
4824792
4825541
4825919
4826062
4826111
4826140
4826154
4826159
4826160
219623391
265332655
273319675
277988346
278981086
279633837
279925156
280014793
280072774
280103293
280116116
280121491
280124864
280126691
280127540
280127897
280128066
280128164
280128213
280128233
280128239
280128240
136121809
567191939
183851287
546526627
626592017
679552808
703576962
711347843
716421962
719144926
720340315
720877668
721221918
721415606
721512434
721558730
721583812
721599373
721608138
721612638
721614821
721615910
721616512
721616855
721617029
721617105
721617132
721617139
721617140
524081934
400619595
894723054
445737536
269966785
465754336
847470804
641677502
163114875
446030092
573216709
632414916
670712179
692636424
703942794
709616642
712830903
714872428
716067570
716721565
717071180
717266998
717385972
717459495
717502078
717525411
717537816
717544495
717548263
717550454
717551684
717552312
717552597
717552708
717552743
717552751
717552752
229740887
869244715
749195331
281859075
598055103
773162001
520811325
418020042
605139796
132188191
886882256
373996983
245071591
61112659
538165906
298047909
737871762
20294992
188514851
283074940
335545771
366132165
385301514
397478563
404829457
409110588
411583977
413051036
413958873
414532926
414888936
415100590
415222479
415291722
415331405
415354675
415368515
415376610
415381099
415383397
415384465
415384905
415385060
415385104
415385113
415385114
205937257
860154007
156391282
785748106
131259203
477779425
639689808
863144771
753887686
25528574
703488012
287037717
690345643
889118239
529209529
767486283
312826857
957484173
206341895
177617055
646506319
680527574
881654419
940805477
206579830
962540628
413357734
689979693
866493028
981260229
54788038
100521825
128503977
145647491
156339019
163163277
167573684
170402907
172176008
173258848
173909243
174298092
174532072
174674345
174761114
174813265
174843504
174860103
174868607
174872622
174874339
174874988
174875197
174875251
174875261
174875262
304742537
4544154
61333012
182964874
290609747
25866228
614210710
4557213
163977839
105324883
568459058
143907628
692934111
240376667
411760267
852616009
421667908
142938320
754439041
871048665
665018613
532911968
459483493
332711918
806355732
943302763
699040620
822885918
861214622
934179946
930769841
438977455
399423373
155863531
568967109
153633243
206379524
902459537
355536639
646111707
831556493
950543197
27833536
78665636
112273501
134372875
148697514
157820714
163547831
167115898
169337095
170724633
171593721
172135854
172468855
172667640
172781546
172843543
172875301
172890460
172897115
172899755
172900678
172900952
172901017
172901028
172901029
313925518
828156237
792345896
876353664
902153672
502785226
112176210
49379892
814010542
336656587
55472352
291830081
961923616
668934805
336993918
646486953
582767978
999270823
495573129
972373757
465815127
900226390
494962407
192969223
459140160
759062207
203163793
298766244
752656469
588215041
231830610
219179727
87898293
791745368
481639849
289523395
65046144
776768591
61270468
220292098
367242465
410369079
119312500
104077274
601834882
33903384
351379530
221674909
119635802
375796621
212055140
773088041
151644071
407248121
578901708
693002982
767929264
816597092
847978586
868148970
881108969
889436573
894773007
898163652
900283094
901575399
902337744
902769630
903003019
903122502
903179988
903205716
903216285
903220199
903221473
903221824
903221901
903221913
903221914
767077273
116686604
4913895
2190476
487046967
298884829
857682481
403861189
490394644
188365431
108293052
602875225
328089691
992081474
965960254
390063589
150377802
79089754
311353380
686581547
722173009
6730726
519273417
497617857
96199368
742623290
169148535
899771283
856021657
267438085
461014600
755875371
807017523
931860081
497579142
714872288
802570247
335871511
862132147
140668104
227440825
153606433
381779075
252863282
833454140
912191393
601042999
246479587
147889114
862032776
436532503
555897491
112734738
79484617
829658418
223382563
829524092
623627467
413862197
142586878
125593269
242521914
79661589
30984272
365736922
271490030
880701555
287160915
556700238
734771612
852171594
929435326
980120009
13153197
34442177
47934408
56294848
61331787
64266943
65913120
66797290
67249574
67468469
67567881
67609807
67626005
67631634
67633349
67633790
67633880
67633893
67633894
69523544
819175405
757483856
789402993
194479836
669871536
986322284
84412735
813203684
209711242
402654248
590575379
815766255
424842880
274642141
498060952
679254219
878105232
550192885
627165940
77769774
886049182
96844514
854175991
917571060
396060316
864420
766033665
201245308
657688175
704165775
788969965
110930197
940226059
196394327
284051870
320727260
833558027
154324988
391535442
522854041
945002377
730692538
79501460
633171403
29553194
104983118
677803166
454406310
62591864
850337884
182125542
64326881
589800078
413178801
986503759
436755555
749803664
584165378
786491349
789147167
557848028
421418011
502139992
204728477
397711032
673342540
570362940
57556094
46367882
311407265
974778919
622728582
111851950
129231257
569005443
779932091
727351018
101121633
390457536
938240547
981721733
683236709
153032912
465768310
672076836
806456585
892535114
946541877
979601208
999271263
10605656
16907371
20274322
21995096
22831700
23216020
23381445
23447458
23471545
23479434
23481694
23482239
23482343
23482357
23482358
945438772
269461090
791381679
2913669
668576240
208208679
486495530
815146809
629403312
524472850
481776607
767637659
718587957
652264981
355959269
437936356
187016654
320972640
261096859
876887652
64727751
219726869
953914248
936590746
808174076
635054326
846159291
199839050
141620171
834676906
577237992
443765828
690320331
801483166
928515779
949354661
476925221
238540356
815482449
699346197
684080417
924665061
658031426
436375956
237566610
8280581
271143679
561854271
569265035
490665374
71525257
161019022
160629596
687591390
656419035
611099523
652340511
529073545
791974834
734065350
606231675
984097552
476819371
570498294
807444123
158753284
108045992
600846465
716977497
715013537
615608049
75999013
963902560
837509952
985848992
86706352
875177278
464533031
974196110
534071563
929086207
243421306
767415214
922200735
779959861
702218807
567384847
983782316
800691044
148957966
172493260
556449001
917904982
98803155
385584963
671952082
577227602
530640921
830209083
683274410
234185552
583197487
799485188
930240422
7141270
51016639
75227291
88103993
94678980
97887016
99374278
100024936
100291274
100392187
100427087
100437900
100440824
100441488
100441607
100441622
100441623
833763107
875769674
733397405
493476335
40982784
569262328
127134367
963328782
734811569
870588690
499459032
576049993
716006706
481314722
717435759
776294236
512329130
446541197
622154804
639528259
148399744
246946470
643115870
605329162
254944657
595305708
144996320
104462548
700821121
338359599
399857518
962584649
574690376
578024500
281453481
712105905
701570597
888020187
97398194
390340847
278952281
833181177
282600937
183563597
750781411
462512740
854290042
632486158
122717633
120005826
680378474
104338750
683156248
371724198
280254218
956489166
269547760
467314204
354877257
35254189
737911817
195886510
744786184
328793993
659130771
124761422
729301300
483728722
682635914
369220809
473974107
722029649
704503346
918644942
985348538
643876314
261610746
103907375
991413938
369336264
414724438
932680382
694703105
471564141
428647177
639437545
178623075
850635505
801486514
503852175
902278952
414245079
305516504
61608686
576391956
919853311
922966194
954863375
581399022
115206757
403902747
606990552
213063689
157734745
615152281
837827823
291508076
253825976
999527045
667360557
885054691
214096844
463242511
908369761
446660671
705270609
118590839
983733486
500706420
801610603
971804709
65104543
114529527
139743859
152081489
157844132
160398739
161466084
161882771
162033120
162082556
162097092
162100815
162101614
162101749
162101765
162101766
174254254
240298178
427139155
948355395
752479226
54280594
888034691
151285779
350731821
604679697
22302189
777987148
310158763
495463700
480346445
804471739
232626840
160815360
665312628
780070751
387432075
455436961
29420870
258994502
340155993
794815708
987512652
393355289
989491843
341132652
476041940
494528672
293942246
426032238
698979111
109339168
231136085
380816602
382025707
562020349
297210741
874157628
394669203
284033553
524821250
461244354
311128951
778503373
661308456
354298991
186663481
481133840
381219562
413105192
761192240
765460443
797418864
786137688
672949298
58500290
317356968
657431217
186906915
670260311
452776885
144763896
883678165
501958468
111906289
77684439
698306048
394707393
331380114
851237844
271311670
806270808
255188744
567962389
549789045
15649658
694184184
277516059
500085657
217370857
434970509
151733947
470626219
110659039
344685403
539474378
735114410
752720128
426085843
894765387
462027836
524494576
773506369
444422820
341532129
389912566
782976314
664613096
491308365
348318226
758906690
865733989
35037812
321243866
188114219
528429761
467080534
551019167
878778143
360559101
724315176
164766735
647770929
743970225
348423517
609561640
709970773
700449341
299686323
372848834
654322640
161383341
646832738
356014986
285930839
90448181
734421039
968993697
678444537
133641400
176777968
355078592
16465338
376955930
567252994
664250217
711822456
734180363
744200640
748458274
750161301
750796983
751015978
751084624
751103834
751108508
751109459
751109611
751109628
751109629
544206006
971850626
300989990
746948805
779690258
992154601
17170478
441900959
730004839
47951901
387317510
623683661
994014488
384061895
992482155
62240837
339313000
707196740
58756958
462714519
404867606
864302790
727549392
780367151
75164204
332864700
447349393
287642473
815583530
532841515
502482585
191386492
675200357
431205571
77114839
229797645
5970366
519647657
867450155
608503442
178634791
811710241
771068486
205767907
812787504
79620348
566025042
189641338
90642384
522151831
507245351
342669879
260554127
642791431
827964312
657649575
923452833
738841681
558130048
385018924
982734457
945175412
915831384
991497198
517777426
889724693
561275968
174693549
711493772
476753627
792187443
380058514
554174679
75838755
295808088
217440648
179583042
802154084
147553418
942520550
249610566
90724813
793320115
556653921
74219270
158077278
566672350
79933445
367325533
740862091
277853719
570216276
820270867
424185819
60749783
81897980
497375879
923214758
562259755
154558327
263354249
434550468
759167741
149962536
274750034
959395424
720425480
870252804
555653179
974523221
285141423
151322600
786516306
235394570
723495581
454722013
487832503
571528509
786930867
237394928
467534125
314406694
928271513
532886479
808407174
594219911
404383649
415264332
587416119
946775819
18507688
990301458
307500753
30871115
493719731
811940914
35543079
755593531
509581241
183358590
687687962
437780082
555848195
230856102
290272731
749637891
890831337
263638767
893681432
901295449
681069081
753227651
370609650
944931017
340961399
75605683
449759382
633616017
720475429
759762602
776691868
783600857
786252212
787200540
787513186
787606837
787631842
787637637
787638758
787638928
787638946
787638947
50700290
423835074
898440282
40961934
752736869
605997249
528066028
855034953
331260871
619914673
434913583
648393652
398537813
557774265
563465140
390323233
897567209
624904491
885121842
12721471
866056046
394265127
604430614
932354030
879966501
990213964
951996541
151144193
628305807
624111235
159581766
662535981
859741566
608256547
808529537
291321696
936581784
131688405
489070407
727503515
200113306
517447704
198025535
705320398
36788747
595457317
681274884
286421297
960720499
287398582
718565832
488371276
590708207
932168284
863466787
35003458
824214013
260217259
519076047
428731882
698430189
7006154
424502593
385190341
911509134
108732303
561661798
5439431
550441797
244807028
830944297
808366362
679975723
694280898
821765507
674169857
38944947
651580777
588867610
360716129
557159593
127519834
999258719
201953075
994451453
253728868
787470993
964869930
302607393
478816028
809266984
424420958
250415503
590215613
13864426
415375617
365583584
234343509
677918840
372496242
161988348
642279584
369871111
89729651
647382052
315427582
796338177
23102234
109523669
443767039
675944609
953571086
99689959
101272790
606591661
27395946
523742414
441029807
826805133
888447604
919898716
164100454
5919957
417230241
448087170
96666701
230861226
676433208
732603281
993002489
699775413
805627829
288240547
680084631
981164978
700018429
897664202
933460139
401076129
973778078
794885948
339522373
793588947
575742955
489972370
778288766
569164560
862636468
188737227
591902755
133885843
460717559
74010424
650736618
656819318
701623030
25622041
849982717
803916476
97563634
364641539
14723504
377921484
778650019
841314458
728473792
577662275
88243528
978913671
864583788
971045313
5444406
422472981
265180911
711858459
423891716
761771281
915794211
982957729
10834067
21781146
25819236
27205971
27644378
27770139
27802249
27809354
27810664
27810853
27810872
27810873
778869059
373306316
790459075
360147619
553375749
419229699
882153046
813023836
322202130
58304438
811312460
156840611
538583311
887824622
177982769
350120822
972723419
398263980
709076531
195457865
195141408
758409485
362125381
982418285
849245612
806210103
897133947
386193650
222941842
117940794
341308187
773447346
858215386
314901348
993905903
994839968
140749772
119175973
405199814
543267412
680828647
407814600
410004641
462750941
111972639
852842667
552081980
937332512
931278219
352697193
368512015
899280896
137699951
774381434
635851435
153558842
859033185
78384264
486153909
419416572
468186216
458453868
584692001
661702884
177616424
871676272
793765079
515293735
812523242
491576435
73631870
82411969
300460765
889342943
232533913
644295246
681925596
847291046
706399376
537580401
329800832
843749583
684819887
490189044
530021639
162591806
392669590
116982703
998615646
831599280
537122615
911742290
129705909
969557844
210115354
134124448
474953099
433891032
541898524
706860221
541052556
213221650
559176703
831468010
908663948
105007327
308250480
334032477
27982061
223862876
55454136
578512576
698894567
658914421
890689847
30201903
583387765
389692741
988160167
59286254
816633333
146548839
839192677
50580800
55857295
238327748
298707762
53338248
798112418
429156526
508803882
712695147
36081629
461970139
743888856
131150596
523692674
712180168
267021457
445322447
95607536
302290036
737838511
373897479
714552391
236614452
400911514
211619171
915043297
805217736
959495121
268163505
569858935
211428640
132392107
100202531
107462492
12235946
140337270
329174566
792633025
976540835
464828573
183526922
98374457
362653106
486309082
393981955
294307494
772010554
134116460
114160408
368679000
204953851
69325388
507696344
951011629
385756990
538611326
601651017
880116298
345226210
350336961
277346836
286662565
400862583
680776762
126396571
65082594
113845360
277058134
333822901
356189368
961527267
724157229
40109643
644028807
910068406
22085068
66938219
83915025
89944752
91936389
92541291
92707786
92748520
92757144
92758663
92758872
92758892
92758893
272620829
307609782
478170658
543915262
500591494
338499144
399932192
928940715
250722602
384919595
694878013
197277763
136225473
585519476
828144836
927319658
555405498
436015369
229620572
485940390
14771338
226134847
27409624
596464102
173268855
625735780
588146963
334160146
14276682
573083554
334756593
71569380
660921301
125104655
79404103
797890705
340855621
566058061
513776387
202282169
235408349
723792330
841264413
656748551
584893774
571794740
990867660
317184104
562430542
258842339
187558953
845926618
795010555
514443485
393092930
229327876
924480960
863628202
282567270
900205543
182574667
401302036
961120313
795786116
544840035
867312012
475948519
212522187
785504303
881629088
981428669
580481536
164899372
216924957
702069107
239663591
429687654
530008772
663040881
582077417
190735269
333741302
252706338
852757716
262667908
557966483
901154792
254583503
473563957
54356739
563560581
81850875
489142091
524290990
354632024
727903779
613608852
540465005
56133230
480998163
234397018
27061174
168110775
112387437
97223158
977953893
525787085
400259839
809913473
536182757
104133164
966828198
387012587
55783280
587331232
536505128
897812380
363879257
467566568
190559376
498894618
956727824
468732218
183894332
411271525
921512088
484307336
118573280
747910963
253303352
326353173
738778804
108536310
57235184
429980629
495889752
259061835
555800519
166658937
966495062
705840911
732693746
486731768
945745890
873092425
505999646
29315962
851404813
412562541
35241331
949370052
889784613
19537472
81168162
725744860
301902892
230560045
313341359
245929896
117209526
544231615
624034526
722921916
661115407
855867460
949667870
37688298
91744047
734069175
648612764
922497749
881980961
808997834
924093365
878833549
47494709
981225001
598162002
927249286
274310211
468014134
470170463
667709044
661591717
111657035
603645319
322188334
815377565
224153640
675004989
553507874
100671756
906431229
993656457
666916325
704385556
202802256
474805427
331089029
631418760
49791646
401318295
222823816
799060213
169074634
877058247
655573470
341333574
752178245
718375588
746035215
724947866
540648625
299584617
36154142
167385775
535987446
588636696
37366782
220057276
290731101
316551775
325395643
328209784
329032288
329249890
329300997
329311370
329313119
329313349
329313370
329313371
915840876
595892788
926242906
707212640
513532423
237708179
192910774
451315442
925912382
228087514
42102519
43455384
868826588
614877842
173235341
723894488
854465559
865332943
86553206
745131706
855940224
185114740
507086584
241620425
171364631
963086941
527724564
238243068
451403233
920832738
395029916
461585918
899377085
928957919
615275243
988337762
396419923
839873014
387873223
837159310
404280370
816134030
86669276
453855906
225907420
203632491
768576639
221019580
476360795
90281986
221411174
783755982
471235411
172617526
439327035
717822767
266972538
154611308
376185951
294336433
663492238
524386767
237218763
411836030
171045808
63830812
402842300
275771043
987653057
639501352
974211179
395120650
73668391
472080773
775176748
274935045
848053810
145908049
496557786
554223221
78555206
572268632
532075411
199665273
163119185
416201138
234817532
874551079
988615016
691861127
444098580
533333871
906390737
959058727
563116643
164031496
893174766
98940626
4315820
815359650
219929354
597223377
637147822
497250999
911259558
81162251
847506799
114194254
271397788
617985948
242790823
630873254
669441139
71495387
724172719
21091909
670557475
733416776
423871282
639345626
851131346
139238027
465315428
712342264
812327662
135769988
887509112
140847092
475563481
678398808
951192751
175836882
945038194
987127659
141242495
119224289
717792354
964409068
88799025
970961262
291266452
148078059
278291903
954064725
659942929
412978021
313222591
459595253
597828496
85989507
861885611
357664223
970975105
812173411
408641949
808483684
741033133
804475488
204714464
360217909
294064560
699341501
942533263
287962693
454503263
50993701
740210455
919795478
313022422
577014659
509501741
81872317
518780822
336773277
203027084
164547567
45845826
552820321
963375028
988587574
182764449
287389061
391357468
911597822
934459436
92785352
94517295
505822200
599653536
277065920
44106035
51208285
539924692
938092899
817825304
958907324
281906353
251778513
176611862
893196108
778623607
285848910
457548643
951653312
37903614
322850504
998064524
766418395
620229874
773601160
573769806
977760581
266721957
368744063
944743965
49463267
540139596
358351046
483293705
416363040
160798086
52271611
108648518
803563652
877398403
417863521
791536782
913276576
357340826
29631013
17410387
594526250
205463065
788741228
393106733
181771479
211500233
504659462
666587058
459912983
200589658
492536247
601792342
640374612
653136208
657053936
658157523
658438606
658502087
658514461
658516462
658516714
658516736
658516737
392183635
538128580
520665217
554125840
359844332
797464271
295886523
967660926
479169466
242800441
475674944
985670560
148059922
118778530
421374683
969813709
566118320
211702018
642646142
521571180
719852331
686695146
609287250
246685904
896560322
222828014
2076202
491428621
305987222
88119119
945641437
917157644
38395897
220740223
238208769
764445454
613979895
479194075
769902457
563902020
745362011
434573755
588899952
951934851
774742073
46422857
318291186
482114088
937423480
383638963
48922278
512331252
827336759
454938389
702512533
972108370
576285256
194844049
63471528
875122521
384626558
382250975
718375912
260078045
88091814
765920422
635290326
965822522
801186954
594944084
589926420
842804772
285378796
213372599
930833021
873786926
259625315
132493562
930326804
222649971
350864138
710190054
475840041
891205108
368941205
65436702
53191412
962686121
727543830
564376667
333780443
615391928
767594786
261513383
326266048
236499971
734529102
236229457
162869959
535993136
375007072
57418907
145655120
790733598
909274099
782228135
717228981
549651453
466082637
427679840
402636650
310970554
742400481
133057102
301210075
659823180
357880915
478464845
800223209
939489758
701112127
680815904
470567028
364262987
813905191
354398908
682775620
25779356
876312402
600292421
281648781
516383023
555487351
827171091
562762929
394629705
786835933
249333797
419470076
228815920
10954368
861862152
688801469
867469236
352058600
669113637
170330282
173371849
378052252
889333516
334876292
667668107
990989721
9979875
981424394
630239358
143300615
145552240
619490340
520301587
251821930
255447309
99187756
54387369
46510022
306745675
67476068
795128584
676122744
660023667
107244746
426479993
559895770
501127407
744990229
663849569
986492938
942613520
796830352
225022221
960843231
498687799
899744185
21061423
306319300
510070159
212068188
886975989
857248219
107622472
185947546
145727327
869512859
89241245
956199238
569639786
682034136
491707027
125551362
951387291
315483525
475760182
168146195
203512307
897148241
889462397
773607078
540670966
806481453
955043493
57601019
544610412
87875660
176122328
67641491
251966025
353428502
449374543
555672105
907703469
807317949
698074301
881304540
671023935
119148451
332555349
503405887
256793983
158240200
443196297
8972671
450508313
231365839
811023724
751133468
78226243
863226060
265549386
365519657
368041268
949192847
769922149
871952345
949790944
323446173
939682649
615567668
626655199
183503181
371246071
227439211
970852602
271787233
900650833
541756118
605746605
58800270
928575786
193985783
670731041
117747538
271604813
263534492
462138246
920065325
86045808
142770203
160912328
166292857
167755658
168114872
168193003
168207653
168209929
168210204
168210227
168210228
516488242
258541968
387691153
108680227
134446078
886606283
980567353
20653769
516426931
31309252
804331707
515595560
577017309
427873350
868914432
176622479
469637993
165275423
788418579
295786710
643486591
996009266
640670710
101984248
727995157
473465407
782667410
778847333
769782915
952849848
413620306
294267147
339848385
112546237
874123026
768936440
868038421
667750416
731251880
685889387
757173618
122569310
741490608
128619939
983286017
601224858
173691717
356726933
764745987
381342906
483752291
669013716
721439012
795885128
287243060
436764049
161171794
131930425
169697781
398348999
775021624
389527404
570876947
859753075
994488782
469362094
359645431
438885786
428502407
34319191
158052198
298128605
113272155
922510072
714400149
75472983
619306749
156360407
60314903
396281018
641529841
664121599
394073285
737240745
888866577
953055382
131940795
371851284
64986932
781190138
276218601
112173327
413452869
995663434
699977450
70316313
190373668
791293035
954521317
695741421
490149923
513964473
347571597
307590265
752685384
63636036
829871673
486870078
880900107
260875226
480159300
174310405
760904837
35704567
361702057
442939517
806564985
78842609
570336790
95874481
183857127
610541077
839501206
172599940
267728744
285618592
623523208
49307739
945121431
408638852
165193682
685065126
643158698
797054171
74315858
601085437
461676335
629146119
521343016
162606621
365677584
913881410
769953669
325958532
141669512
477785573
910422118
716446743
650933530
700805719
962084611
563806305
850963002
360120946
948341612
594522218
352470410
354876247
910062063
776675651
782701930
978740838
229169967
693790700
347027638
222088356
235932035
950260011
39657505
702341552
258899606
100218050
437949287
39027764
446459197
286462440
2537511
209829523
190976969
118238248
136149245
787456615
398159651
409153624
194092408
275814468
246535652
601322464
898578943
358301165
101872764
136814899
90328273
811855878
893762843
257583138
448040215
317479060
955512636
780009691
122306607
471812955
983563177
698680732
791580035
230613191
980208108
76153551
724979853
291091114
998953707
358572091
981014176
778285565
601766681
3713589
744517568
42604882
665638486
441387483
835624217
300247536
168512092
850822079
496095848
467950151
174707865
857796344
319346228
499477084
77967078
84769871
209620088
906559598
773671008
121382505
657991549
617338870
190489696
623757666
45064640
24032743
492191267
903083760
219590571
750655343
761862704
565954938
663548330
941030090
467708610
120692098
389106542
332790031
343313753
373990547
582328036
581098877
745176201
844019636
443633645
210595801
877100173
525419248
694765039
775237739
844055910
464169404
506604672
981046034
973349019
209823576
679681625
650356573
445042504
385525470
582857857
479279700
746839102
373293212
935756842
45166793
284801242
259025687
756504881
806967571
703572986
608248722
314320704
562465614
644630034
670070059
677367959
679285330
679739900
679835256
679852481
679855056
679855355
679855379
679855380
707470685
225279832
105792905
769907957
541913800
39686079
672668468
188718675
124219614
192710982
959623823
807638796
413527284
135211920
421890850
879664457
758124872
541534060
774648176
651551410
262638311
716872294
335554687
196073289
917461999
926162719
636310029
72940697
256876932
623550238
538972407
352382320
906465219
150048575
530534801
89145033
220321200
32041406
236368168
271878596
916457194
199451827
298132445
393266599
441620589
286345548
484597536
601945244
696757045
542967320
857536050
212551679
533920432
930165046
600561422
420911738
871697155
117020211
746608444
915486207
716530622
218814830
409126219
590977520
593422049
40410281
405537334
268068179
243883639
424391428
220125974
456729219
116560798
345725826
884993631
140395319
786613837
78613585
338964414
35152972
183627638
666254003
263766739
67869475
410317953
800667539
46511501
483461737
903511857
918501087
269123480
531819223
263986947
311649428
358064082
167653252
349315945
295242463
419475325
900297258
49898171
943158712
216119474
318617041
371018294
942367615
839147880
327151745
620218712
900365654
381598556
64345509
612189046
370279711
475939456
710002012
544086726
924190516
885251581
209867592
929435068
456823778
401520137
135552678
700091545
596427532
417505015
621125107
465409579
945425700
638045452
82420222
138742946
260313718
3683987
939688111
610793117
73790745
10487010
520344246
145937633
717190413
972709207
812973636
215821162
907368068
851407283
546176287
661698357
955477058
722027295
324640610
896619369
468510537
298320691
918419289
942387161
988385381
475988316
443488311
572952919
445445186
740697572
125681709
31616654
878732710
61715049
369507164
306838169
776180950
642406373
75910540
56464419
64848696
486301012
441287623
951445552
423266620
334185311
978513711
834463095
640089498
241413518
277378795
998336606
317813702
705834646
97539471
364014259
66733639
488900112
210974442
410166354
962366168
745841779
891743070
140468450
738378653
750478772
926827380
357571498
783299146
505721934
403559514
319887596
380425500
618874962
212524947
466525372
993879641
903528796
628139390
254225100
563234505
328177877
906799295
949700728
501675797
844544559
210775282
347386060
604201822
534752416
608698064
106410861
137395320
214445575
330682467
223566000
980836317
524186394
728756526
728578961
645376376
516471098
91171220
748609334
862584133
913137132
68557459
90648985
371751391
145842284
687672944
405800021
553325856
294346464
601490714
304233398
193241452
770484959
378720000
912870125
16346463
216718995
256861039
258311154
930701243
618740773
871849660
81516427
973802173
572182332
804716811
577356987
616654636
176676668
200754615
170574247
368890221
102921849
235758171
729083871
388148775
859057189
440968883
484309217
116470007
686126884
243340158
218964911
732870765
658670210
944987755
767625538
107141724
499241066
261720302
463592450
402574715
257599443
841821046
741862799
426889359
817889491
77387525
687984194
139965817
137325045
166482549
401266777
695595437
792592960
993168640
926184918
232747079
976845624
611534204
6588335
427418028
350768527
223656336
199938730
271545388
637080064
754469830
789695176
799480497
801967918
802537968
802653448
802673572
802676471
802676795
802676820
802676821
22422635
942886392
496429169
475585476
545782949
742839564
241049016
895990281
873725631
713354906
482618831
746772603
851547903
385827054
7759856
58151043
433175375
925812651
194322781
243040227
193280869
692817005
2358985
586924692
95227216
695110774
772389904
591395277
862613987
54153061
41687075
312154739
246443712
528336339
109164353
609009344
99555514
880101711
851780033
392305614
120122526
709555068
352247541
347648760
360154747
496685648
697236372
935636623
118970847
882170938
148835916
448041682
898711911
976031191
386663689
505077319
503200213
976286107
442470002
344557016
368142892
483951689
893447024
764121324
140354021
848998171
788810319
637153990
845144620
957477217
491511198
83897348
541476996
340449996
451409525
584844000
68712607
334022842
740436692
287875567
734882868
373997824
629204651
702716349
140126406
10780161
425176813
667707759
773471264
310895034
389614753
692137263
661938506
713035471
105934788
954450522
683261061
346152151
991268134
639820371
889285553
944344424
507952199
130284216
713448914
439284841
180395071
130396423
335442653
564592052
849901644
986848160
455957625
32441420
305165006
263585761
139406015
492823334
555289027
704547513
282289201
989055874
516515042
728976223
231512367
414606522
555647888
992622564
489065539
536281858
634530692
463197490
938100444
215717446
427083745
732636540
241920033
320685717
629618493
62461443
242861960
288677662
467649555
264073404
692868497
987663572
875216828
978151355
534725416
560208087
232920464
144205795
692477427
407265086
984549516
302499423
246022264
816681757
991652295
768204682
451274285
598314784
5359750
538280742
951913062
26063856
912403237
463957787
287817669
836569205
404787595
299632503
103104945
571159037
937272622
259123366
319196875
629496645
485839360
308322909
612410461
989112729
413035479
617604982
272908405
431165925
284691443
369127439
888659464
909906945
180117768
38765731
60290569
519087287
858176873
383416962
619091895
640276478
756652278
996787952
890188404
800637021
448623142
655462795
803703284
267429104
913429578
865420767
116267429
570017234
519292533
868611765
86305606
897509680
203525468
462994209
617113379
822063764
606256959
62338770
458291618
169657060
90420307
911957867
962417439
205012579
28598077
29208792
606333199
127497887
477304151
944921321
937143608
184004241
935181625
93329544
396798871
461490172
835569976
44903999
624426602
790408545
58879868
71737065
159694172
629987116
431761553
213741590
619646764
185611846
110251555
860382076
783726971
717253599
695832441
185212895
694987958
259893584
712987024
537574302
173745727
986911289
892332889
386579817
630239833
81831419
964853629
622414971
337268297
75866701
692247765
328451636
621654358
247798442
148156914
558248862
456349334
333238981
906361824
656592676
630753943
714337649
583511067
829386865
742274760
316130034
730930923
710923942
984347893
932174349
296844389
21761152
760708421
71866992
664697486
809327901
159314658
8345177
706919802
497153807
69121744
579977143
420375726
227924359
197055810
273305334
430433577
177730436
341413567
566658650
255726795
12309041
380517772
621531818
134244513
376521030
411233076
595444587
952497355
481312246
254738575
112734488
815042528
926288073
588597471
253916898
890109818
291519855
398601239
408685100
218193281
94685184
664614926
490446123
681588740
477677219
852936012
304844299
883864784
486602868
17734294
183331051
231538042
244519687
247716011
248424914
248563767
248587140
248590389
248590739
248590765
248590766
196099691
912691678
947603126
606993442
544260338
749936516
723090416
402013709
43165126
364902572
507170428
376053341
943994271
886220251
144723141
834598444
687515242
346363951
845762122
621382591
464501396
505172218
455302759
651125129
413096646
250511762
330050805
705022499
229723663
700968733
388956841
998295383
904345502
244740458
318174765
797999199
730365154
478559147
815825383
134538693
226301913
443955739
474980852
284645503
37465950
652711751
511187648
487439574
693943075
459380889
311303110
474441119
427653850
776765362
620130554
116176521
320520871
228451189
539261788
270797225
689593762
889174511
86917728
23813064
123402553
618171437
134894426
346895508
662284315
375470378
892966416
238970356
31403507
663354915
938782984
420294335
882755792
723327606
141823713
424666636
720227942
98840992
873467897
527617250
979769906
262610423
289317451
824475893
750729403
191711351
111260275
286690210
739558115
837154104
770029635
99022529
429313669
207410393
210123012
116190178
378977638
801091970
331691188
121664515
428995805
647779777
326971715
909181739
775307781
451641398
841273698
210352961
403331007
601886307
927070806
420234980
300674653
678308626
97419596
676996073
559631689
909246921
902991875
376033836
77118301
437833627
495780156
743781778
757370449
700447698
23921853
20664418
897849177
728134815
707186697
74303527
457505169
417817922
547825724
40312297
776426345
607206591
944891928
537089888
40050797
38048351
398267352
727305130
144751187
310099490
74789294
550172187
887036830
835222046
647633631
252460494
726618883
100792225
572970798
30426909
297346759
492561737
108845313
583847630
537408273
894638647
597615176
222596062
75457562
76293192
62805460
801598179
414106611
781750164
283931373
943691561
702438640
524942863
243765264
122045186
511154358
832939780
747061278
629809295
945241661
776088950
877340008
104652470
522557745
736401709
816420682
944011931
57072592
726956022
41993026
346969673
903405590
62717757
353947613
407283193
285469873
194080045
788202312
838915071
398266691
304038350
391598002
636162954
611817521
996366510
674311340
425757938
166070953
543558406
513511086
543128664
225020127
338929535
11933760
3766487
632244387
819514115
943654628
244151067
588892807
797885158
282381695
457316326
313902016
566270650
661704439
117669412
480725127
539517723
410367669
746617495
937410436
191449063
901579127
379874075
329178391
715458328
363679637
107445732
973767839
667134513
587720728
565553004
674141855
399501204
353468714
617958207
645175312
513189867
818203196
900991222
351586592
759525384
545716696
940179725
818378739
656897383
589850744
609469439
34032146
487922722
243799057
987309556
998160461
834338766
492754146
79953262
250815070
535695001
295776461
858741148
217905095
172920336
831157282
764126747
593442921
382049164
857618319
820571456
632380163
513035903
50758820
239493917
578708442
247541690
489431802
518136462
854147693
346711954
480170841
839251118
294140199
389494092
54984857
302400025
542480563
344828071
414689003
948293377
407606703
557647303
641938821
785500107
872920848
14120640
272798859
225151278
187182265
523729816
535151512
231928889
25530659
326477028
692285268
49519746
453303729
359713498
161763223
971998445
94923868
487820690
150939762
785501123
762749497
278294610
682672833
625809076
818001556
980903133
881792648
762543103
982844388
185913701
835877775
191630446
850797563
678686063
924470936
861896425
782977080
887276947
367484296
968960387
933828799
65496801
498575513
820841873
480833710
475507578
833988533
791059444
641048971
480954637
511352122
665257704
249233544
7378187
574380220
345293767
740948528
684694995
49420977
811408882
42265347
107525062
124577786
128648865
129523620
129689472
129716471
129720097
129720474
129720501
129720502
609930008
666496641
276733298
535074043
735711163
587385955
18082248
381800234
883970136
608369896
666783497
4717836
761461306
219645885
142795509
941818571
628789533
262975822
168625521
825134835
133644047
878888491
686672236
466810044
535463727
94680300
657894282
711931923
895602278
582166206
306257707
703375453
833143318
141607999
74289415
811049733
492982343
780951249
844692972
704873245
404372642
6043136
948677226
387580486
706814656
235740843
576035417
177108921
452608337
456361582
601258906
16177744
308144848
22373411
639211862
728094940
67000650
472797251
851358374
804822527
779226441
261476537
123238601
27657934
406471321
538007995
333340557
371109474
832649609
467647266
153651520
178998938
156755149
258432139
236666145
102322591
577685681
298894589
595386325
365107351
267642203
303760547
437832023
934810881
133513334
615637349
527091184
637778715
234573147
483508923
137544533
131974761
280462297
513515199
656861134
193267870
695078261
571309972
904888032
928780906
270564886
66514500
456996638
407861401
885055661
913381740
947312996
477853446
197217670
833344803
719388395
788258187
885331701
897712524
479887475
223283209
509486204
684174651
655637654
694965520
453286798
584052706
578266406
631040975
856701863
974019844
910795173
939675668
158577725
667586107
772182932
740326294
354278027
878791899
252453497
536089844
996930521
91218208
251115100
270284283
388738975
12832065
35243160
32384698
903001545
205478739
68690760
93819118
763470007
941553554
420883453
510251192
258555094
446317437
648962642
833093426
723270136
309795108
229408984
508838648
688057752
518391758
334605442
641731213
657149958
655012042
184593711
589219146
299628793
783755448
333700327
949626606
480846649
585630613
740190173
528345634
822265098
442873067
16813996
725144868
623103499
254153081
625099346
37635932
928012653
797865675
193933549
679634027
612775971
661966782
476817962
320008989
392101859
985775781
639142534
797943784
432214913
719882420
751051203
378209907
128481655
836760186
455740877
959707376
380766281
308469334
918645515
529593607
203100707
57350486
948581878
435188492
953716327
63252407
23471979
301749860
805069142
357650822
609369070
577000802
565642720
546248187
342760156
224422356
607137550
245212703
728804782
333035717
544223780
674630021
723316254
514837894
642569261
834441778
333181324
608081373
467703990
48632090
483044618
211498860
864672918
411832613
873615751
181874894
231330187
394218638
720746726
584443241
580576068
89049988
497872603
546392161
157666315
272611033
967305564
159385050
76106064
421980
230297861
887957605
94375797
685340221
973209275
430427201
855112640
653570772
617897232
136877533
593013957
146655882
381268690
37164031
681010108
594373836
694877858
867205673
622702981
79850800
191226548
752744535
524490281
971363569
795167840
151457642
12109852
681249149
338453995
151877720
676820310
548799555
618977140
596487554
603333465
732063475
4953701
922850599
65814177
595100924
862136555
908636135
312441114
19516463
449471754
724143764
610999507
849121275
767014760
582422455
255207796
142242283
99966500
915759109
692818725
155417773
380869831
115433669
121301135
217066192
78247641
316115423
404692902
602408664
438123702
886078395
217966701
518771529
251575471
849193367
31072373
34534710
316122398
176848626
898820982
267768941
325666072
887173421
163045893
584880574
495013194
891986251
458408796
934931243
998577094
301288889
629846704
273632702
194858145
638255607
556382284
401712162
796099326
902926551
162265525
715376519
377881364
713140346
563885455
219842709
609383589
797899427
344740786
59288108
579375153
660283507
337548063
34295921
572451532
321283127
675474541
716096345
517437234
830498956
186012224
440071854
467867767
193868068
349576708
544922695
609105742
240249163
549127799
198014591
852227522
147959491
486620556
975292094
624057959
242426339
706889144
587376102
709718417
265058699
49485434
438257415
883282929
963582454
281894074
369349229
391544669
396687385
397759022
397955904
397986934
397990965
397991370
397991398
397991399
18927811
367702949
318884665
800241826
633176013
349997391
417583740
74227824
499258682
463754740
503192131
822174751
433237319
669424206
630311399
946900384
580065733
216843175
68883683
425399125
540353044
146757381
600785589
443791164
977918063
914456794
756134253
739571143
885724977
358180715
725729780
121799692
274112835
445675351
610609307
897893617
932759003
858650780
429423147
291610086
206173879
664589294
870277200
108552636
358408884
267947141
954031056
805313958
3841063
991673983
511240297
894567367
765449831
137657439
93432698
55691556
680620532
467757435
235964518
172845696
487623300
256756354
535638076
310271570
550020987
139648033
544409996
837981322
48183984
529849484
899520033
436740622
354900195
775921523
897701169
607693577
840523713
133775972
693203490
597898276
203323006
669329043
174565671
569022417
594248318
149010215
900515751
86732636
423858847
144270554
285227564
499994024
727538644
115015204
156968060
202222964
977899271
282381076
810663290
15817175
178426935
563954660
723974058
195826353
301825659
324608382
381763256
306138315
53701172
615607142
600366674
578962020
60722830
133341740
98865027
582705939
578829993
770096783
447518474
166163061
942860937
369223405
712613023
404687911
260506164
5176984
913013939
48234542
324966380
890803719
191132305
412833007
668534289
868295730
385236557
89702749
888726464
74302542
736466996
641743060
913148127
902782812
461256061
957977438
313174757
600474616
471742382
124325161
574947654
28471331
600600417
216644508
575806886
312040338
451703506
946529414
528224189
831204834
967551182
145261184
110210290
318861315
571765004
773260190
506837618
849162802
756995803
488401316
606474691
844366520
559851334
828565
489525141
800193195
69998193
687805056
797610148
777513604
178570516
211812232
494142138
441593002
17522807
51677154
382549976
511267157
756897270
835894946
464395700
752400595
409421677
491757725
84794380
479654718
904922561
871484812
52915035
186922817
729700988
53212639
425635043
340542575
459464326
511467283
361585675
673180248
785077556
448510903
908230961
735662275
657370419
91776378
693904917
189201470
444168675
930740988
476015580
562910084
226294828
992906740
760200439
437298594
786730389
194768064
534770394
909432880
249146313
932384491
529110244
137519001
953643940
989247192
436275772
785620669
245229773
955806925
238546437
383835628
600856760
205612985
428672850
910925698
956348323
709033070
684539136
931708137
215472463
92813355
855880571
864942579
444297793
92591607
202424091
320484937
625933438
799595656
370245742
253578088
157858970
600976695
740166339
735951560
603800985
132780179
29367438
429855636
716490647
39119454
474967878
267712718
826594189
455894153
703586569
249011153
321156305
546228534
984115165
604815450
904122036
793815173
37271380
50714542
761788125
112485740
338448102
951134619
474341112
45789708
584233415
109286799
981422805
302705625
6419320
76884928
439599623
566237678
842931382
950368671
843384322
609889813
391944715
593377513
48935082
592712749
684851913
192235115
671807397
387075249
219001238
193701314
555346626
935203940
549178312
702347998
249385823
362806361
104295340
316581797
92501178
94565843
776936044
306829578
448654409
563289016
815410653
453705253
122919284
38200977
841660967
335737471
941814641
634508797
425244156
171577250
123857966
595576913
561010435
965283986
898805983
129305103
340674792
783552700
72825143
265986051
879089285
582966987
718974354
973562529
70930072
833351056
178081064
764639350
231211839
457148467
406758142
293793498
774975680
479369317
720788615
568721441
40380052
348530499
89238929
869408191
156628029
912035648
511469616
991399283
200870116
681261501
277452624
48228781
770050080
496365631
480280117
20674455
885966099
387230721
727399845
617637256
766990143
524446095
370087365
734081178
11552947
254559595
147772361
9255733
44184782
483754826
85833147
124344550
480220994
641984998
319171986
254693192
861260225
928451359
496743526
101493482
260713607
380064735
316737921
229720372
153792833
357285353
405654748
258721770
47607427
205349663
54213263
254190071
799953955
49985856
961356706
384056011
157989451
313554511
4656766
815272070
503545052
636477752
984983717
944717701
459426171
893835123
9932441
38574611
45021341
46325355
46557732
46593227
46597692
46598126
46598155
46598156
