42310282
711265915
46598156
32384110
179597442
95673858
275507421
765269378
444805188
178339009
933891365
248004927
443607341
416976073
345004515
618688331
306425309
699766766
751109629
46598156
341482505
269320964
884705738
399418671
379135191
912208782
980877287
114617150
364736365
654167456
32287383
404473386
789348682
169744284
436715057
903221914
498943403
467714031
919965156
965558411
170864699
215750399
154603004
32373650
598374889
227465186
540791553
193275305
159853745
390104014
362613912
201777929
737153012
143436378
379135191
643882113
290767032
683538680
207908345
952041196
371339553
912208782
758806207
178339009
788975441
13313741
32287383
540791553
480102889
309837066
384007151
742636215
852311880
397129535
370673373
646275151
495780310
884158612
489334816
347090776
545525098
314274700
585240519
582317424
705563724
598374889
113370599
716100284
103045048
340980453
617909733
898721940
479810800
505115444
865494791
144486583
682965740
698436690
478282066
32287383
142459798
843410497
818915120
186587623
107816356
746937336
335362996
275127100
270710518
34850360
685713090
992407830
185501014
764523640
436715057
83761743
201574026
829563740
578177578
211114180
903221914
477546440
778557779
607196614
185501014
444805188
96177646
977485422
392710751
910548930
100441623
185501014
103064354
590682868
258735736
242965336
792613061
467714031
624042465
717316686
661815621
270710518
648816111
369865985
107816356
466201190
831512117
297721548
807882849
314413453
979992373
824003275
75518649
634247715
167026947
552873275
302592790
787638947
305174163
827998925
668797183
433286855
4578874
291848212
406808557
509341787
802676821
78646918
131225688
73960478
186734197
705234926
514811540
185930935
32287383
336401405
431922800
207908345
995547968
435313995
637653710
176717014
398675131
282741198
759424942
4826160
573375284
556007948
992780831
855243309
441367533
316372179
23401475
96507421
745810009
286794935
604702454
846788320
820777211
482866441
658516737
324367954
788975441
477546440
704852441
291848212
903221914
404462807
761943845
865544553
369865985
342583219
644878454
400257074
556007948
27810873
168210228
100441623
458432099
193006534
106674480
386265640
436715057
986345000
88177006
537541964
193275305
885392673
717552752
963962664
290767032
198025561
834429163
415385114
446043587
109320
314413453
918055945
487814049
913408437
335527536
326901762
743928632
829563740
326901762
698436690
148516861
189874901
364670984
403042288
92758893
388061120
900116905
67086855
226749919
315389609
439752238
214445267
227382860
269522820
404462807
260958625
986345000
178339009
770935442
912208782
93898630
53327571
829563740
10
325177369
769929921
482636632
718589811
121413468
952041196
239487316
711265915
630174927
239487316
942563108
859488932
544828053
705234926
510971362
964982728
489334816
347090776
842176960
291848212
312084886
867677207
227465186
387120643
249420944
137067068
129315111
704827836
380211187
384951437
185501014
96507421
93898630
498805845
225799444
824309164
700167415
294780030
403411866
5494407
131225688
321229940
457230381
351615622
637653710
992780831
324367954
69349174
507634900
199785190
939947951
937272929
478420462
227547313
335362996
326901762
952041196
180230283
818265792
208917888
11948344
199260963
690319247
96177646
314274700
507777410
200016492
636863432
751885764
200016492
918055945
849348719
159080481
986345000
227382860
690685649
347090776
596813636
614633990
58020252
482866441
784286461
722680812
493854947
912208782
248561164
291848212
384951437
120694245
298620610
683538680
467714031
207908345
404462807
130159798
185501014
1883742
512716694
407262355
482020824
10
721617140
889663071
342330165
100441623
349120238
655015866
928419854
125622486
818265792
96177646
994881180
227382860
412533633
620833177
443607341
825525987
933891365
843410497
607196614
923819294
167026947
728091607
482636632
248590766
780068949
267643970
795930356
188434931
436715057
389927427
743928632
933891365
940644413
151667782
524632621
3998093
130159798
362603295
354740411
595604158
904505715
653149881
473954573
963962664
185501014
489492031
93898630
539831708
648816111
341482505
162101766
410063582
679855380
487814049
977485422
539831708
230472964
716100284
528441455
281255127
952041196
365777724
780546383
482020824
818265792
742517036
928419854
462569188
404462807
788975441
507634900
185501014
224932988
249479266
439752238
122017936
198025561
393658570
170588734
704827836
626701595
163410716
130159798
711265915
993539680
199260963
554388980
98770435
898721940
779342623
1
961293321
818073263
92869300
470214245
162101766
200016492
773118870
591952644
290862197
643542511
186587623
401016825
590832709
492017487
3761461
324367954
803094439
314413453
23482358
144577080
132092172
933891365
992780831
498943403
199785190
409114737
2021662
514245021
751109629
148516861
415385114
457230381
826179181
198025561
470598575
37609214
177315367
862636349
925346681
525059658
121413468
283198093
240879853
77571481
614380239
15201301
297721548
885392673
669989313
556007948
843410497
795519371
810708170
169215733
961444686
3384
540791553
817432214
389578632
92363518
705234926
277244541
163410716
538543473
324367954
780068949
397991399
242026776
393658570
503444762
492218179
516383057
749018590
788975441
507634900
1037290
945309929
745810009
297202639
823046072
193992127
4826160
843410497
121413468
4314638
574678305
663349178
326901762
107816356
93898630
634716895
845515055
478420462
539403047
103961583
794289386
992407830
150
291247483
517963311
881775823
933866206
129151366
992407830
885392673
342330165
93898630
630174927
773485779
917165177
269522820
412533633
993246911
823046072
179597442
458432099
23482358
67633894
658516737
539831708
746937336
527030158
964982728
199785190
495780310
362399368
159853745
326901762
83985521
167026947
649329457
821987704
890221454
165803742
198025561
349120238
387120643
105375356
997216030
665476189
768293522
82229777
50635030
304697117
614380239
165803742
227465186
614633990
751885764
99779802
851257731
42812341
316372179
654167456
747063606
777728292
764453946
591470195
840517467
728091607
329313371
320212285
312084886
867677207
477546440
10597683
189874901
275507421
195828062
349603248
35606092
117643267
943693375
493845909
498943403
151667782
486167898
123209664
898721940
631418908
884750607
326901762
186915217
172901029
269522820
269522820
803039224
100441623
776496367
598442400
92363518
415385114
701201225
326901762
928419854
885392673
32111757
548056668
14734553
92363518
416976073
655015866
516383057
270627214
227382860
384951437
248590766
487814049
676531436
928795535
806442151
168210228
152740219
404462807
911814203
985784357
92363518
365777724
397129535
424614948
4578874
885392673
719326577
477546440
206178086
83771651
416976073
108563469
141993863
297721548
342737222
193275305
249420944
436715057
359399514
189742735
405572486
411634302
167026947
107243007
714797570
605342902
82229777
156285460
242906437
906160595
237208475
988265960
329313371
373635
4826160
178339009
379554586
398089477
459756422
297721548
249479266
172901029
313750409
837597151
137158394
536038858
179597442
61822772
821202938
275205258
498805845
711265915
364670984
193275305
898721940
305174163
676470362
952041196
820777211
109320
32287383
516383057
4578874
977485422
609768781
174875262
248590766
227255957
964982728
427810268
298620610
704852441
637653710
195828062
458432099
207908345
172901029
470598575
275205258
314409236
58020252
554447317
170864699
897253014
204434900
200016492
539831708
278976413
200883348
249479266
487814049
78646918
373635
860597612
991435600
986345000
402737690
577563544
705234926
933866206
444232445
545525098
330843228
972432106
314413453
354740411
548056668
862636349
718494658
342330165
309914368
46598156
894227274
239487316
312499983
258126251
386265640
278976413
912208782
649329457
151667782
34850360
840517467
452023592
683538680
63408624
952041196
269522820
598820887
487814049
494874175
983780318
340980453
717552752
505322957
314274700
267579034
1
393658570
493854947
150
737283589
369104070
545525098
107325556
316372179
988302004
807973025
32287383
482636632
249479266
522707761
354740411
457230381
897153525
227382860
768982410
141383143
913408437
562986044
470598575
679855380
746937336
670507040
32287383
384951437
562986044
318294545
130081766
227382860
751885764
936130296
498805845
874796014
381773968
397991399
703984171
589048382
341482505
945309929
165803742
614633990
144577080
843974522
758674146
649032276
23482358
67633894
3998093
789390431
165803742
849442321
514811540
498943403
773485779
881775823
165803742
32373650
596813636
855675867
880441506
898721940
530716355
20557417
3761461
487814049
746937336
746937336
92363518
557820851
770533694
986345000
818265792
129720502
928419854
144577080
278976413
275507421
109320
314274700
3761461
942413159
470251328
151667782
498805845
769929921
148422232
231446838
854887779
309914368
654408938
34850360
548056668
314639218
494874175
807426580
615706501
827874435
195828062
324367954
340980453
204434900
567714464
634247715
255184495
149544260
843410497
607196614
527030158
769929921
335362996
972061491
207908345
114617150
505115444
248004927
362183860
335362996
443662331
251297295
597289022
779342623
314413453
728091607
489334816
199785190
298620610
10
67418026
489334816
843410497
740630647
679855380
648564688
199785190
46598156
834429163
884158612
507634900
69349174
189874901
340980453
436715057
524632621
343848398
843410497
977485422
457230381
110962358
721617140
820750005
436715057
967102009
829794601
661069421
482020824
1
364670984
834429163
827874435
82229777
817312618
649329457
979992373
540135199
131225688
865494791
755495010
394589283
614380239
92794729
672167528
124887470
251297295
98490891
379135191
402737690
137158394
873735929
294780030
270710518
507634900
991435600
326901762
198025561
885392673
778557779
96177646
881775823
23482358
700167415
885392673
185930935
556007948
649329457
988302004
573375284
4826160
854785570
96177646
248004927
794289386
622813362
174875262
940459643
149544260
170864699
661815621
162101766
314413453
114617150
110468114
304697117
451927396
634247715
121413468
150251083
965243946
248004927
802676821
290767032
436715057
329313371
160064776
994413898
345422821
155114584
367607968
918055945
459756422
95673858
662224608
510089768
225799444
963962664
365777724
298620610
237862146
260108899
312499983
986345000
882023428
92758893
154221862
103961583
173630745
785617091
802916844
251297295
952397999
431199385
32373650
958290586
834429163
700167415
738200694
963962664
444805188
178339009
842314928
498805845
204222286
608423628
487814049
861758820
90073711
159853745
117643267
357603293
862643229
207908345
34850360
548281791
275507421
256976832
275127100
986345000
871261466
816347398
329313371
82229777
204434900
933891365
275127100
248456500
504208227
995547968
249420944
711265915
384951437
249479266
690319247
586062447
933866206
868296475
23482358
357675222
843410497
918055945
859388246
686406158
738200694
199785190
275127100
329313371
114617150
843410497
555573743
555573743
780068949
170587794
802676821
168210228
591632164
825741341
945509495
352593305
118472602
820777211
304780460
178339009
679855380
479810800
335362996
912208782
227255957
907078750
253392312
109320
823046072
275205258
482636632
745810009
721617140
137659844
365777724
602121847
934279781
641097710
764523640
746937336
742261529
105554831
673161982
844759248
489334816
614633990
314413453
159840668
375179278
477546440
532496037
489334816
1037290
568368152
568080930
67633894
995547968
486167898
129151366
482020824
871379036
59013482
658516737
39218592
988265960
16977106
634247715
679855380
598374889
574857285
185930935
747363900
199260963
242847218
443607341
167026947
4578874
779370659
213313424
993056413
865544553
294780030
524632621
109320
216136414
847403979
495780310
705234926
700167415
280128240
690319247
439752238
93898630
477128551
294780030
389927427
32287383
472750916
353338954
378096836
167026947
716882802
608318249
401016825
92363518
527030158
358219424
269522820
680441459
96507421
689075782
124887470
439184294
176498164
823046072
184151516
82229777
823046072
721617140
362603295
494874175
753711880
193992127
557015927
365777724
198025561
992407830
770935442
150
595336407
130159798
327532257
529863612
305174163
992407830
524632621
384951437
495780310
117414405
523228485
205993879
4578874
114617150
451927396
103961583
993246911
278976413
458432099
728091607
714797570
621372446
791950786
347090776
256839591
928318577
596813636
727095988
139245577
777436093
397129535
363328938
471681419
107829936
621372446
227465186
416159569
443410003
100164923
193275305
721617140
581264389
658516737
70843747
803039224
585240519
987512829
155114584
386265640
316372179
524632621
562986044
101214583
376873941
933866206
1
482023947
769929921
163410716
881775823
385221094
881775823
157183169
108563469
3998093
3998093
482866441
757958182
711265915
226500704
96177646
253837430
351617676
447204057
704827836
899511816
129151366
556007948
117643267
384951437
167026947
69349174
276518168
717552752
121413468
980877287
3384
608423628
129720502
657265007
130159798
290767032
898721940
410340004
129720502
821678380
372339610
459756422
596813636
933891365
778557779
885392673
193992127
32287383
354740411
514245021
557337497
740630647
614380239
995547968
316372179
4578874
198025561
705759152
305174163
846512825
683538680
652423771
433604375
436715057
162101766
208917888
70843747
275507421
314413453
494874175
655015866
658516737
607196614
96507421
381569633
995547968
364670984
558295499
398089477
885392673
557820851
711265915
287301920
867677207
193275305
92363518
96177646
138940888
769929921
988265960
199785190
140570527
780068949
658516737
354444728
807973025
914682452
10
57786941
270390614
467714031
337689594
178339009
297721548
634247715
637653710
251297295
545525098
93898630
34499739
137067068
477546440
598374889
713322603
795285863
703876586
940644413
850804781
163410716
663349178
27810873
34850360
654167456
844784038
27810873
802916844
329313371
699790291
505115444
614380239
546381746
680441459
614633990
545525098
928419854
372339610
745810009
3384
873646020
225799444
193992127
716100284
444805188
457241545
285684041
721617140
415385114
673161982
3384
227465186
184151516
457230381
420968868
853247658
717410977
409185522
991400574
398089477
954470005
389927427
843974522
515771403
94504741
673161982
95673858
359822535
393658570
314413453
142938626
479810800
746937336
579608796
67230567
655015866
113370599
14117768
473902391
159853745
664736146
854002323
614380239
597356760
973626863
3384
290767032
683538680
386452142
505115444
340980453
412978094
751109629
150
170864699
354740411
865494791
803039224
802676821
933866206
393658570
199785190
679855380
95673858
792359365
976180820
770935442
110468114
680617305
174875262
78646918
316372179
137158394
273320985
802916844
198025561
108563469
314413453
193275305
423685354
764523640
434370112
769929921
90695674
278976413
391670758
150
397991399
8901939
820777211
607270856
721617140
728091607
393608519
527030158
226819201
770935442
365777724
359950913
394628783
568368152
581547083
31930527
556007948
185930935
980877287
316372179
459756422
117643267
383497996
683538680
802916844
514802540
347090776
296559589
493854947
137158394
524632621
751109629
977485422
297721548
930047715
769929921
297721548
489334816
187753002
699733159
227675151
407069123
34220901
637653710
842176960
743928632
585055864
916776335
189874901
989341326
23482358
510636030
986345000
477546440
843410497
945309929
940644413
1
780068949
728091607
199785190
103961583
186011098
991400574
199260963
373635
178339009
478420462
988265960
347738868
109320
304697117
626701595
6996370
991400574
548056668
269522820
156272360
877231557
919669371
872699583
451927396
249479266
1037290
950976110
614380239
495780310
846240254
451927396
780068949
831986832
113829576
941260829
654167456
669989313
67633894
860397661
109320
23482358
204434900
963962664
144577080
448931830
154221862
201957283
968720536
342330165
602024265
4578874
957992044
3384
728963281
896864260
802676821
903221914
316372179
251297295
219857253
524632621
67086855
607196614
439979267
270710518
78646918
347090776
96177646
538811308
769715880
117643267
67633894
92758893
248590766
792307979
108563469
172901029
249479266
208917888
32384110
453083206
678833526
514811540
912208782
981870925
829563740
347090776
186587623
239487316
912135238
397129535
728091607
477546440
472750916
148516861
654978719
751109629
339829784
769929921
779370659
746937336
96350364
545525098
787638947
451927396
163410716
663349178
827874435
751109629
932915498
312499983
992407830
556007948
843974522
68010729
387120643
973951145
92758893
773925502
291848212
124887470
504713063
185501014
32373650
165803742
161965110
614380239
903221914
867677207
746937336
820777211
312766155
548056668
874583934
340980453
658516737
540791553
562596289
354740411
834741076
698436690
312084886
988408602
583897210
818755948
769466087
176717014
928797260
129720502
234473176
107816356
27810873
298620610
67633894
862636349
265577644
548056668
952041196
991400574
900860225
807973025
722684128
545525098
329313371
349603248
542072147
820777211
877965186
827874435
675790577
358175555
10
362603295
988265960
83761743
158237176
412533633
1
911973952
729976074
114617150
179597442
619952418
400228641
113370599
416416744
802676821
364670984
634247715
780068949
225799444
903221914
345422821
130159798
556007948
198025561
372339610
837828630
386265640
581264389
163410716
270710518
983780318
327044596
780068949
136400060
711265915
524632621
66430650
416976073
362603295
154273377
347833530
946597068
607196614
193275305
969715708
562986044
82229777
792172846
453391978
912208782
721617140
654167456
420995042
70843747
314274700
831589646
820777211
728091607
482866441
16977106
969056048
933866206
32111757
372339610
32373650
291848212
444232445
507634900
3384
621650190
965243946
270710518
364670984
981870925
213966123
928037761
93898630
124887470
991435600
3761461
558995523
749018590
661815621
806442151
786479157
387120643
199785190
89352907
658516737
200568539
113370599
516383057
746937336
714797570
307171784
314413453
96884985
495463719
82401308
614633990
144577080
326901762
70843747
527030158
144577080
342330165
405572486
34850360
751885764
906110271
809514983
103961583
615652883
3384
728091607
683538680
179597442
498805845
716100284
349603248
278976413
516094254
463535049
269522820
269522820
397129535
749018590
478051965
581264389
842176960
163410716
861523835
129720502
350245401
444805188
83761743
100441623
127669673
773132348
482636632
506910398
314413453
96507421
79017369
482866441
964982728
562582779
284620447
787107807
827874435
148516861
316372179
450569734
721617140
991400574
977485422
980877287
25322078
225799444
303202303
3440775
32373650
298620610
248590766
588019303
807973025
507634900
802676821
964982728
118410720
33976638
309453981
977485422
945309929
540791553
137067068
329313371
842176960
67086855
348805315
150
700167415
290767032
258224369
487814049
341482505
151667782
912135238
67633894
868567505
130159798
96507421
556007948
683538680
728091607
467714031
498805845
291848212
527030158
630174927
670317170
589172364
107816356
759576331
799741821
278976413
199785190
4578874
149997825
255773932
932863677
539831708
478420462
402737690
740630647
129720502
155114584
122126684
845667108
227547313
630174927
200016492
307268835
280128240
581264389
918055945
773485779
249966927
933891365
349120238
56224209
309914368
298620610
717196361
711912564
944514499
32287383
167026947
69349174
208917888
332574865
402737690
689075782
603997191
436715057
297721548
952041196
151667782
150
718154970
498805845
338911730
436715057
444232445
92758893
174875262
193275305
174875262
69349174
986345000
258162468
86999318
992780831
607196614
952041196
663349178
988302004
420319648
937113822
362603295
746937336
524632621
580240706
151667782
379135191
398089477
117643267
176717014
10
340980453
648816111
507634900
903303077
32287383
876315285
3384
219131314
129151366
769929921
163410716
113370599
885392673
542811399
482020824
497180696
977485422
227547313
455170531
227547313
96507421
401016825
945309929
495780310
251297295
137067068
496343675
34850360
66605158
824309164
649329457
980198587
933866206
853995186
269522820
854887779
512328429
265104674
972497410
397991399
673161982
256560605
681482798
398089477
482636632
649329457
4826160
3998093
541255441
607196614
912135238
126621338
708524907
498805845
249420944
487814049
278976413
225799444
365777724
369865985
345422821
34850360
948541241
490230854
482636632
592227898
67633894
700167415
595077469
124935746
156285460
387120643
345422821
23482358
527030158
410703808
388433596
992780831
554622206
770935442
933866206
316372179
824309164
155114584
885392673
556007948
873735929
649329457
880206853
100441623
940644413
271623558
412533633
38592664
95673858
954312595
290767032
603614277
429199326
23482358
842176960
393658570
282969809
314274700
508125547
637327544
389927427
649032276
137158394
621892373
611113638
701637813
704852441
981174415
486167898
297721548
568368152
451927396
340980453
778557779
749018590
478182963
831512117
524632621
514802540
486167898
829563740
849859696
735864034
349120238
788975441
450606966
507236163
316372179
93232780
928238975
855063142
10
225799444
199408657
405572486
167026947
318294545
679855380
397991399
202468462
129151366
964240977
977485422
482866441
494874175
294780030
137067068
415385114
620769860
711265915
751109629
495642272
743928632
494874175
946152796
397129535
297721548
514916029
465953195
281584381
269522820
843410497
964982728
193992127
162101766
304802064
435408008
269522820
291848212
70843747
596813636
32287383
711265915
773868660
992407830
700167415
185501014
190360427
77402576
3998093
444232445
162101766
556007948
988265960
843410497
516383057
913408437
172901029
345946233
130159798
416708524
456011214
436715057
444232445
602121847
630174927
3384
630174927
489334816
4826160
93232780
114617150
865544553
937520472
34850360
527030158
60868655
721617140
373635
128088452
121413468
964982728
193732449
457230381
98855203
58020252
937158194
185501014
96177646
384951437
150
100441623
159853745
114617150
4578874
457230381
186587623
787638947
995547968
309914368
230911807
995065425
269522820
294780030
814416010
17930647
159853745
468859835
379135191
141467988
416976073
314413453
464237201
891368941
965243946
253818431
995547968
479810800
679269668
816742194
498943403
354740411
92758893
660025318
712506163
398089477
322135261
393658570
83761743
751109629
248004927
815470608
273320985
721617140
134553289
312499983
150
397991399
159853745
193275305
412533633
251297295
824309164
540687334
761666694
275507421
779875879
992407830
362399368
451927396
977485422
314413453
340980453
661815621
251482442
296022631
31370589
46913441
614380239
933866206
365777724
274416894
149544260
32111757
372339610
148516861
487814049
945309929
486167898
69349174
652299297
200016492
117210037
16977106
341482505
251942767
557820851
661815621
841898106
227465186
27810873
972711554
193992127
655015866
649462858
195828062
562986044
412533633
248590766
479810800
149544260
168924370
188542775
698436690
535213085
472750916
716100284
673348991
745737940
27810873
490447668
130584762
384974901
913408437
498943403
32384110
933891365
167026947
648816111
388061120
854777668
27810873
88655575
329313371
568368152
164576283
436968141
977485422
1269235
149544260
172901029
598374889
725274304
225799444
986704793
945309929
140633402
827874435
608423628
843974522
561661972
67086855
335362996
266722228
634868309
195828062
162101766
629393892
309914368
680748079
165803742
162101766
32111757
540791553
570408711
482020824
673161982
986345000
345422821
581264389
249420944
362603295
151060987
415385114
479810800
479810800
711265915
479810800
798575049
482866441
843974522
787638947
591236544
992780831
912135238
127699765
544639020
808707253
459756422
415385114
499375421
70110767
482866441
232693916
615147436
42310282
223455504
159853745
199785190
770935442
802676821
585240519
153779033
680748079
802676821
487814049
807973025
198025561
103961583
802676821
373635
944429557
72833332
338911730
341482505
413101532
641843529
316610221
555930753
512713751
174875262
827874435
684672032
516499079
248004927
225697360
893737657
32287383
148516861
498805845
162101766
596813636
743928632
100441623
918055945
538509255
548444787
198025561
503608097
804352732
401016825
482866441
912208782
596813636
144577080
562986044
189874901
241032349
46598156
92363518
773002396
103961583
362603295
751885764
933891365
223554966
783085361
312499983
141497094
505115444
280128240
868296475
149544260
527030158
779370659
922737999
73914356
185017845
677850699
516383057
451927396
411140338
144577080
403963289
436715057
478420462
270710518
254159598
792294926
952041196
346368124
829563740
412533633
207908345
988265960
873735929
654167456
514245021
807973025
397991399
220082745
397991399
345422821
989182245
827874435
933891365
113370599
210639510
176717014
568368152
291848212
349603248
381654105
314274700
894561169
690319247
787638947
479810800
210012773
66605158
534624759
981761309
919315745
849859696
32384110
726185148
163410716
769929921
865494791
144577080
309999050
67633894
577439452
387120643
326321888
16977106
3384
967568515
721617140
32287383
227255957
148516861
658516737
450030300
770935442
867677207
405572486
831659748
738200694
3998093
404462807
498805845
3384
267566223
154931507
156099222
275507421
842176960
608423628
239487316
198025561
588652558
174875262
679855380
179597442
178339009
988265960
58861622
483782836
894879928
472709087
82229777
482866441
696260482
239187109
227255957
373635
762454928
415385114
686406158
705234926
630174927
239487316
10
661815621
379135191
605656014
32111757
862636349
615950714
503444762
933866206
658516737
944698485
611747059
189874901
281110240
39218592
661815621
1
982700835
945309929
374346387
100441623
699122307
92758893
46598156
39218592
759953334
193275305
516383057
486167898
964479153
743928632
807973025
459756422
227547313
706153832
179597442
416976073
4578874
910882399
707511365
568368152
69349174
109320
100441623
109320
471786259
93898630
548056668
782954334
354740411
354740411
338911730
270710518
626701595
740630647
342330165
545525098
129151366
195828062
70843747
843974522
83761743
919965156
909010390
415385114
404462807
505115444
298620610
275507421
426996715
373635
384951437
162101766
287659201
596813636
700167415
273320985
92363518
316372179
557337497
464335053
23482358
436715057
751109629
185501014
596813636
482866441
919965156
186481483
151667782
398089477
129151366
505115444
373635
913408437
884750607
470251328
353716422
549180259
124887470
23482358
249479266
388061120
802676821
402519321
472750916
124887470
524632621
545525098
291848212
995547968
632863532
108563469
96507421
458432099
169800988
569699680
991400574
82229777
967102009
374442465
749018590
117643267
913408437
661815621
183524795
278976413
479570351
345422821
598374889
354740411
995547968
248004927
16977106
198025561
251297295
135783547
747363900
728091607
1
479810800
301397715
387542443
634654548
170864699
386265640
461365458
658571816
961215884
772214221
314413453
396226925
476438487
184151516
371884431
606290642
96507421
802916844
349120238
95673858
444805188
329313371
795285863
627442549
199785190
275127100
165803742
129720502
67086855
312499983
843974522
963962664
386265640
843410497
218240461
477546440
329313371
527666403
108563469
140405086
991400574
251297295
765744066
795119074
482636632
215963030
793073123
109320
583191948
498943403
280128240
864158874
963962664
199260963
248004927
507634900
170864699
944194280
345422821
655015866
802916844
831512117
160621907
810742865
981870925
23482358
614633990
42356351
819418895
163410716
278976413
458432099
338911730
778557779
251297295
912135238
470598575
822233356
304697117
3803870
802676821
345422821
416976073
780068949
172901029
136108343
464316562
155114584
172901029
396546619
687498906
814593936
172901029
251297295
794289386
536037844
802916844
674713540
159853745
607196614
818265792
424614948
649032276
649329457
67086855
301082240
291848212
975019346
25322078
986345000
604058
799450565
267276949
266546441
312499983
513464972
338911730
117643267
514245021
70843747
524632621
345422821
172901029
912135238
630174927
280128240
67086855
321850760
58000411
993246911
658516737
568368152
444805188
249420944
144577080
67633894
962271169
820777211
251056192
227547313
614380239
121413468
291848212
324495556
83761743
862636349
179597442
154221862
444232445
170864699
3384
518215677
93898630
673161982
329313371
251297295
4826160
169553676
457230381
448224737
95673858
829563740
294780030
177607700
4578874
885392673
505115444
968694939
82229777
204659303
129151366
340980453
382827631
472090239
14031743
389927427
928419854
304697117
329313371
129151366
199260963
867010450
493179053
975099641
297721548
820777211
178339009
448224737
996345044
482020824
4826160
21819406
269522820
933891365
227547313
716100284
494874175
507634900
129720502
738200694
96177646
655015866
510735997
477546440
362399368
658516737
179597442
773118870
24344289
23482358
439752238
300257155
895522407
379135191
65668538
493854947
103961583
367970531
933891365
13260388
227255957
681378095
32384110
787638947
779370659
353102533
124887470
557820851
151667782
167026947
963962664
362603295
516383057
489334816
607196614
736865765
58020252
340980453
3384
180703444
207908345
269522820
507634900
32287383
386265640
470598575
949191682
576762429
705234926
148551457
477546440
398089477
807973025
338911730
596813636
459756422
548056668
602121847
338911730
738797952
72900871
991435600
686406158
771898866
117643267
273320985
198025561
573375284
312499983
239487316
898721940
1037290
107816356
93898630
305174163
596843339
258808669
67633894
186587623
649329457
764523640
829563740
240879853
503444762
548056668
988302004
269522820
228287654
521712384
875092564
775443698
718575563
182279084
728091607
444232445
167026947
556007948
108563469
449619164
100441623
747845234
96507421
649032276
412439076
444805708
853094350
749018590
824309164
614380239
227255957
764523640
532805281
467255274
717811910
925243469
404462807
704936703
933866206
545043433
769929921
369865985
991400574
495780310
716574648
148516861
305174163
514811540
362603295
459756422
746711792
673161982
107816356
137067068
406905358
519978320
482020824
655015866
154221862
455120762
653362246
227547313
482866441
952041196
105298718
312499983
150
884158612
635629786
275205258
829563740
482020824
198025561
807973025
925632792
803039224
208978061
933866206
137158394
955351197
275507421
470598575
207908345
149544260
25322078
186821321
918293417
314413453
545525098
215494130
952041196
991400574
514811540
389927427
751109629
280128240
933891365
233427916
118185114
413289323
912561973
200016492
117643267
23908884
386265640
3384
130159798
675840845
362603295
482866441
21571942
404950833
336777917
227382860
604367108
862636349
189132512
798197176
341482505
372339610
621372446
92758893
770935442
514245021
342594309
291848212
178339009
95673858
275127100
988265960
167026947
93898630
312084886
144577080
168210228
482636632
324367954
275127100
27711627
903221914
349603248
596558219
495780310
827874435
457230381
209827788
364600223
130159798
507634900
608188586
714797570
781780176
711265915
495780310
120264376
933638481
771911673
34850360
454325566
34220901
992780831
928419854
581264389
165803742
276406318
60875938
865494791
747363900
764523640
305174163
354740411
149544260
973414320
273945970
345422821
524632621
93898630
290767032
70843747
388061120
149544260
58020252
545525098
121413468
225799444
988302004
243660191
312084886
207908345
596813636
347090776
32384110
248590766
664975033
208917888
70843747
354740411
298620610
185501014
714797570
112526319
637653710
92758893
341482505
726398003
721617140
683538680
714750055
680748079
700167415
184151516
854538595
418141177
477546440
770935442
58242490
988265960
78646918
95673858
658516737
398089477
183233700
913848833
755778254
820224073
312305202
917388869
503444762
397129535
168210228
240879853
100441623
369520619
406275727
217637806
856722272
806442151
467714031
823046072
964982728
728091607
679855380
843974522
988265960
900080798
791533483
698436690
797815054
300761527
945309929
117643267
3384
470251328
193992127
747937283
472750916
340980453
214880986
964982728
329313371
58020252
103961583
745810009
251297295
82229777
820777211
198025561
467310968
486167898
980877287
694242981
107816356
387120643
345422821
755647841
751109629
50023905
831516183
478420462
207908345
189874901
388061120
738200694
548056668
397991399
316372179
673161982
698011839
32373650
843410497
208917888
149544260
412533633
198025561
986345000
278976413
113370599
992780831
822102471
945973661
770935442
714797570
602121847
903221914
598374889
943393719
548444787
686608270
711265915
712777069
372339610
402737690
658516737
556007948
495836748
162101766
254173247
423413334
41377765
440397772
700167415
507236163
364670984
149544260
365777724
465241722
503444762
312084886
680748079
557808372
250399801
614633990
679855380
362603295
472750916
227382860
598374889
943204694
828772757
845743983
585240519
843974522
952041196
56248013
991400574
912208782
168210228
489334816
747514327
716100284
585240519
751814125
269522820
747363900
342275155
150
1
335362996
556007948
824309164
507634900
345422821
608423628
995547968
865544553
179597442
25322078
802676821
174875262
274032882
903221914
245820757
101535396
208917888
596813636
614633990
369865985
91374203
885392673
60755334
831512117
130159798
919965156
634449573
309914368
683538680
10
963962664
249420944
548056668
986345000
746937336
373635
545525098
362077242
168210228
824841701
751109629
630452552
545525098
928419854
918055945
151667782
258761574
397991399
414098422
884158612
379135191
842176960
925289643
112520336
745810009
903221914
715747360
296565701
164837369
917993817
516383057
227382860
168210228
492352600
663349178
901197830
449360213
329313371
705234926
973335473
111696599
82229777
557820851
992780831
316372179
306134911
372339610
516383057
906811063
159853745
527030158
977485422
395017888
995547968
980877287
199785190
46598156
495627838
501070174
105835411
942750802
240879853
74996385
817174381
995547968
92363518
478420462
324367954
1037290
524632621
225799444
919965156
70843747
238403191
992407830
751109629
369865985
516283625
884750607
878423793
137158394
794289386
884158612
78646918
482866441
851180853
945309929
335362996
426604862
412533633
28333747
275205258
507236163
193275305
3384
249420944
918055945
487814049
818265792
185501014
854887779
728091607
607196614
275507421
735645805
992780831
240879853
458432099
81154496
416976073
275127100
470598575
273320985
614380239
967102009
119709415
751109629
34850360
717552752
794289386
254781860
843974522
679855380
58020252
558341215
477546440
50121535
545525098
459756422
342330165
377819326
986345000
529773273
248004927
689075782
341482505
474698968
92758893
472750916
479810800
32111757
428128465
347090776
764523640
291848212
482020824
113370599
673161982
712810072
397991399
746515200
757934566
829563740
135960523
992780831
769929921
846828209
498805845
178339009
983780318
80591388
524632621
498943403
843410497
945309929
614633990
532754020
280416295
749680777
172901029
444232445
615737841
174875262
806442151
933891365
743928632
705234926
995645198
675209029
778557779
415385114
162101766
557494851
609574982
29123128
225799444
530088422
673823187
421548414
684891151
4826160
728091607
156285460
493854947
974510591
780068949
1
922061107
478420462
661815621
637653710
673161982
548056668
82229777
977485422
865544553
771610843
928419854
108668086
498574041
640704911
349603248
388061120
234285260
986345000
165803742
352131784
802676821
495780310
404462807
168210228
393658570
899355748
507634900
199260963
524632621
716100284
900024433
4578874
332604951
444232445
571537067
349120238
981870925
827874435
766701911
252432876
389927427
156285460
589943745
860383498
144275111
19738282
369865985
275205258
649197190
107816356
611608229
780068949
16977106
114617150
77150595
539831708
182731760
189874901
468062188
903221914
620074170
634247715
59913371
389927427
845821497
96507421
114617150
769929921
849859696
769124559
912135238
369865985
995547968
251700245
27810873
630174927
227382860
316372179
138765194
918055945
655015866
576685339
598374889
130159798
703303458
193992127
384951437
868531244
689075782
967102009
239487316
158315154
607196614
29195293
58020252
100441623
829563740
983780318
686406158
556348433
947033722
354740411
672885521
518032839
766627689
803039224
227547313
686406158
757441118
291848212
129151366
2063582
195828062
364670984
772214221
72998043
159853745
983780318
459703515
46598156
207908345
121413468
940644413
436715057
207908345
312084886
740089890
548056668
816047992
107816356
38526468
93898630
686406158
27810873
558288620
335137945
365777724
397129535
303533021
945309929
82229777
284324985
117643267
745431926
436715057
860485048
935328345
648816111
243227188
444805188
482866441
803039224
770935442
354740411
870720308
114622348
412533633
980877287
460644678
661815621
69349174
527030158
818265792
27810873
654167456
648816111
176717014
270710518
829563740
117643267
353343326
498805845
705234926
744758937
539831708
482636632
275507421
717552752
206043383
794289386
193259176
343365927
993246911
519408822
818265792
318294545
92758893
963962664
170864699
751885764
227255957
495780310
988302004
661815621
379135191
625294938
162101766
96177646
69349174
124887470
843410497
10
346810570
912208782
913408437
309914368
862636349
778557779
883773136
727764128
494874175
821987704
117643267
82694412
992780831
303889425
885392673
387120643
103961583
137158394
365777724
819979508
898721940
162101766
297721548
516383057
249420944
980877287
700167415
903221914
643487401
548056668
749018590
644177918
327862019
291848212
167026947
524632621
518453059
843223426
543321047
67633894
314413453
992780831
787638947
297721548
39997005
503444762
673161982
862636349
93898630
458432099
364670984
867677207
269522820
945309929
126262928
144577080
386987772
884158612
498805845
840969212
34220901
557820851
971791711
935174200
899951437
36694376
155114584
991400574
516383057
581264389
174875262
766928350
842176960
570874327
34850360
23482358
129720502
117643267
795285863
846073258
291848212
412533633
96507421
240360432
715958649
593974317
602121847
655015866
293298917
568368152
25322078
991400574
207908345
459756422
150
155114584
71566134
365777724
806442151
3384
88504121
275205258
968046869
827874435
1
766629908
156285460
129720502
751109629
159092236
829563740
964982728
387944967
482636632
347090776
444805188
342019751
32384110
204434900
806442151
225712879
92758893
251297295
275507421
227255957
314274700
912208782
411243434
46598156
419327010
843974522
598374889
17736208
154221862
193275305
795285863
186587623
25322078
304418035
514245021
545525098
728091607
176717014
163410716
524632621
340980453
964982728
802676821
113370599
683538680
773118870
1037290
553256669
567631787
193992127
734474540
25322078
93898630
665938251
614380239
57450350
770935442
393658570
814250292
288081282
560613998
316372179
162806744
