198025561
545525098
625077889
377969264
397991399
164426525
807500551
749018590
554265297
16977106
999657971
32384110
865494791
329313371
514802540
197575656
834429163
342330165
46598156
129720502
671536347
156285460
493967496
25322078
66430650
717552752
993246911
683861236
487422687
993246911
25322078
820521596
459756422
838837450
32111757
3761461
680748079
888987524
451927396
172901029
171758014
675492146
148516861
347090776
651343227
690319247
602121847
18610551
92758893
314409236
940644413
353410520
165803742
4826160
275507421
174710635
714797570
960672952
165803742
372339610
178797155
903221914
449249106
926175473
34850360
314409236
249479266
251297295
584632912
571539909
729747455
95673858
766128017
369420950
275127100
67633894
986345000
659761410
342330165
694127222
187626297
275127100
20016543
721617140
751885764
882717663
472464224
803039224
738200694
752652807
32373650
902911076
347090776
62650000
240884256
293202815
798463806
738200694
225799444
388061120
636751456
362399368
711265915
479686226
790905636
170864699
700167415
806525679
298620610
851861776
93898630
347090776
165803742
149544260
743928632
21398096
198025561
820777211
199260963
159853745
634247715
114617150
772726058
180811047
85692301
536258564
186587623
818265792
614380239
4826160
912208782
977485422
387109152
992780831
520278489
54093620
571259292
700167415
488102524
764523640
939051479
270710518
225799444
411632698
748025775
503444762
557820851
108563469
786855476
372572419
301890515
833294311
880124045
472750916
977485422
96507421
661123012
179597442
95673858
596813636
964982728
721617140
772214221
196129196
66430650
643607476
834429163
354740411
149544260
239487316
634247715
751109629
761685085
248590766
185501014
379135191
314274700
3998093
991435600
734438298
412533633
516383057
539831708
150
341482505
392983710
663349178
540791553
459034704
992780831
314274700
634247715
213840197
585900370
472750916
536428827
699473922
962830385
199785190
173879390
509902898
610643205
488102524
156285460
572430418
206633721
690319247
716100284
314116173
32111757
916947490
330936553
827874435
555573743
166817392
981870925
232554041
829762728
887433451
334503942
16977106
458287044
329313371
899162623
459756422
885392673
173643577
23482358
527030158
401016825
787638947
1
260174976
165803742
109320
928708977
41432085
608423628
807973025
698436690
919965156
32373650
331209211
630174927
680904592
193275305
402737093
489334816
67086855
130159798
816998321
391315426
155114584
598374889
775863027
669989313
494874175
773485779
225799444
899162623
146468656
285558726
962403917
10
729190925
242026776
634247715
27810873
150
415544507
539363781
185930935
162101766
546378750
514811540
862636349
482866441
100441623
140926599
614380239
649032276
479810800
743928632
738200694
568368152
178339009
602738346
901929673
658516737
831512117
69349174
347090776
193275305
161471731
440903800
655015866
988265960
480671933
478420462
137158394
934041856
200672575
103961583
755824683
155114584
345765164
909283493
96340486
249479266
505115444
298175278
887849704
93898630
23826235
249420944
23482358
873735929
481791517
278883711
655015866
578940969
714987760
368473349
429199150
621372446
392627188
956308512
270710518
538090878
227255957
219026340
117643267
581264389
773162579
159853745
507270134
945309929
988265960
251297295
478420462
514245021
679855380
514811540
166955569
467714031
121413468
335534349
195828062
713092808
168210228
843410497
391719501
780068949
470598575
967102009
406422176
25322078
348618992
57435047
338911730
730076821
881580261
963962664
540791553
302206612
925891390
736033408
962459639
316372179
174875262
602993016
469337187
743928632
834171652
493854947
754145865
24551185
518529741
865544553
976531994
459756422
845364500
1037290
251297295
704827836
925244194
556007948
95673858
964982728
285277927
716100284
327913031
864651905
170864699
105235778
981870925
983780318
738200694
635575004
580320711
778813706
854887779
803039224
117643267
92706939
596813636
448224737
680748079
945309929
335625754
459756422
967102009
751109629
193992127
342330165
34220901
784920176
119602027
188864527
93232780
707718814
249125903
386265640
389927427
192269732
886915952
84638734
952041196
515598294
480232625
884750607
273942270
325415015
162602727
648816111
248590766
176107810
125575379
964982728
829563740
482636632
764523640
342330165
788975441
978600626
645775212
697940542
224519880
983375898
189736153
337459604
795285863
568368152
179597442
910828621
32111757
688772277
913408437
275507421
843974522
3761461
760621189
249479266
807490323
165105338
386265640
689075782
165768120
652774635
846515478
479810800
567615272
137158394
658516737
176717014
556007948
444232445
704939756
516383057
979992373
79215590
952041196
820777211
16317360
404462807
711265915
991528761
66430650
205943803
402737690
622908141
493854947
903221914
951363573
378598047
960560095
46598156
330936553
315992870
647527820
46598156
341766718
945309929
898289533
655015866
982992521
35242733
780068949
858780732
443607341
714797570
540791553
694344813
76575134
470489964
34220901
824309164
347090776
753029279
689075782
927033415
58020252
946278411
443685662
92758893
886201602
389927427
407921385
598374889
132115334
518400123
384951437
592568394
786229433
362603295
436715057
150
448224737
547363236
503444762
386429305
717552752
570429827
4826160
964982728
66605158
382255276
489334816
618621885
188006618
602121847
570385080
573478050
93232780
129151366
763815271
673048189
624035470
413960064
294780030
596813636
963962664
87943664
444805188
873396082
255671228
314274700
988718271
677891134
330936553
318294545
499504518
991400574
59560986
121413468
66430650
121413468
934573241
329313371
59866399
174875262
450517594
966357558
63766488
27810873
663349178
227547313
305174163
210091667
71318779
70843747
4578874
912425641
439752238
614633990
159853745
248004927
229429610
34850360
444232445
199893486
988265960
516383057
802916844
813874221
540791553
949440322
761045018
298620610
980877287
884615330
146738481
649073282
912208782
716574648
721617140
207436886
297721548
891335622
557820851
187920342
347090776
655015866
99299368
101077190
372339610
93898630
29487583
389927427
129720502
144577080
51066627
11588988
118870575
641626411
556007948
778557779
78652021
479810800
584432370
43574251
498805845
95410126
451513825
269522820
729649822
568368152
827874435
894551751
843974522
794289386
298620610
117643267
489334816
90061766
862636349
852221086
401016825
22520610
540791553
308872241
661815621
489334816
340980453
679468889
107816356
595744049
814416590
933891365
929788198
818265792
472750916
270710518
452035468
193275305
850765668
154221862
614454544
488102524
79184239
605240660
424435829
573375284
313661817
110468114
909261403
928419854
573375284
249332175
556007948
9553540
704852441
23482358
711265915
192593624
976545776
155114584
230186784
683538680
500027538
713620440
167026947
69349174
314409236
127554765
569631841
393658570
109320
453233489
309914368
727536228
988222224
454321103
436715057
524632621
779370659
173643577
341482505
607196614
465605713
703590995
354740411
286323725
32373650
721617140
832680774
29858892
501698890
900218962
27810873
728091607
349603248
545525098
471487309
519407541
614868988
392130971
939452409
249479266
259799017
991435600
232079319
248946101
988265960
129151366
369865985
370490117
690319247
107308265
362603295
404091693
155114584
439752238
498805845
983780318
185501014
716100284
513423750
821987704
498805845
40148762
138415153
156644378
850955539
159853745
621372446
843410497
885392673
749018590
802916844
144577080
50053873
179596886
218872954
248004927
714797570
797724766
847982619
993246911
539831708
634909434
721617140
100441623
227255957
349505659
877208741
74750672
368849807
885392673
479686226
524632621
835859725
977368611
787638947
249479266
941586933
995547968
67633894
388061120
486970376
655015866
486167898
94116158
318294545
505115444
783790716
340503841
62351594
707798830
649329457
92758893
576857202
912135238
386265640
663053305
280183113
326901762
410314399
249479266
982704820
229379566
154221862
953363400
349603248
928419854
916639380
248004927
458432099
342330165
372339610
443478135
251297295
933852742
121413468
475634304
51066627
369865985
728091607
269522820
482636632
318775097
548444787
729190925
514245021
479810800
824309164
422720391
401016825
992780831
204434900
721463014
630864769
482636632
721617140
167026947
602121847
321018919
858176076
194772736
412533633
137067068
590617576
323072490
372339610
821987704
193763199
464063534
174710635
699159122
747363900
940644413
590826226
166373810
423546710
221085887
448198839
904546313
980877287
540791553
193275305
885392673
679861265
637804216
470598575
144577080
750465545
794289386
711265915
823046072
32373650
386265640
298620610
137067068
454933126
188249754
679855380
92363518
312499983
69349174
630174927
170864699
813371070
977485422
103961583
772214221
239315593
980877287
995667605
918055945
33355637
779898322
423116777
974825453
641526109
436715057
751109629
747459982
131225688
967440865
494874175
167026947
26581653
485196546
992780831
777161433
83761743
716100284
459756422
773485779
898721940
273320985
117784520
108563469
96507421
33317651
314413453
182014244
715510153
820777211
631837065
443120512
663349178
873735929
364670984
227465186
92758893
842176960
199260963
747363900
885472720
585067395
270710518
883401491
181847325
913408437
312499983
980877287
88731798
444232445
66430650
946278411
933866206
168210228
397129535
185501014
159853745
539831708
369865985
751109629
486167898
955062372
312898217
911699828
369467420
305174163
387943636
592830440
898721940
32287383
717208422
689075782
517872822
815988902
460276767
929639971
988502640
36685055
477546440
494874175
618782860
919965156
721617140
482020824
397129535
557337497
806442151
209997660
686406158
63262911
950031892
547492207
513875596
683586187
952041196
407270741
22984803
193992127
444805188
291848212
369865985
167026947
181847325
912863145
171370738
198025561
227255957
558693250
416075153
401062440
258053544
885392673
32111757
262530724
364670984
918055945
926147158
417797357
504215605
540499493
178339009
416976073
802916844
275127100
178339009
171685314
206335809
12207767
5626286
389927427
903221914
738200694
279549979
422271313
397991399
314413453
602121847
716100284
716100284
185501014
482020824
387120643
673161982
312574822
93898630
192890153
279309318
457230381
129151366
52763705
10
10
495478659
818265792
449627411
312625093
893441124
354740411
663349178
903221914
751885764
489334816
275936074
306270464
208917888
481215756
773485779
676222375
903221914
598374889
913408437
100539192
290295444
827713397
705234926
185747755
693459297
92466490
952041196
992407830
156117009
177303377
988265960
539831708
507634900
873735929
326726784
919212903
335362996
444678229
716574648
689075782
633998901
717552752
507634900
556007948
444805188
80905949
592075998
699119290
933866206
482636632
498805845
891778420
763665140
540791553
227547313
431355958
482866441
79847344
820777211
903221914
516383057
489334816
151667782
229615917
557337497
996981726
204434900
316372179
42310282
401648709
290767032
587380718
714797570
86682516
751885764
915577416
488102524
743928632
751109629
309620683
519162513
986345000
151667782
622657806
659995069
323345997
367021401
843410497
137067068
204353437
695869843
802676821
103961583
945309929
964161046
1
802916844
61440450
962403917
364670984
195710989
225799444
749018590
780068949
916302939
488102524
441124817
132930152
435136370
892039087
898721940
168257346
854887779
472750916
275205258
764523640
705234926
344383005
432438693
75252376
349120238
243782913
167663819
700167415
581264389
924022250
303361801
115420106
494874175
193275305
126594982
444805188
379135191
888166644
980169328
928419854
290767032
69349174
482020824
674809749
793400729
211960357
491581243
925540808
626701595
354328396
545525098
70843747
457230381
405572486
314413453
315351361
478420462
714473647
275507421
338200182
386621407
386265640
634247715
280128240
365777724
514802540
33609583
380700979
772214221
420905506
661815621
549272194
634247715
556007948
130159798
91191273
405572486
680748079
763811182
729487846
165766516
407753449
649329457
84688556
773485779
3761461
988302004
130159798
379135191
83787777
870979214
3867979
649329457
413090138
516383057
921311566
356421475
186321998
369865985
716100284
191655724
312212285
100441623
991435600
700167415
185501014
65748953
364670984
918165527
770935442
435739259
928419854
706376851
67086855
416976073
154221862
35488843
384951437
493854947
857141821
312499983
962403917
827874435
802916844
853303841
414514748
704936703
278501493
318294545
108563469
398788260
898727930
818265792
451927396
362603295
249129722
985877382
462480493
150
397243599
675316909
442656325
746937336
199785190
714797570
849859696
195828062
1
963962664
439064880
369865985
747363900
803039224
827874435
482636632
206447652
479686226
16977106
195828062
661815621
231232697
610938556
807973025
585240519
436715057
159853745
401062440
67633894
181847325
482866441
874826502
32111757
482866441
842176960
794119913
704936703
663349178
482636632
69349174
346035535
66430650
305995153
704168057
144268215
404462807
95673858
900823898
325398813
677074820
354740411
58020252
764523640
295450231
964982728
168210228
963962664
158679799
821987704
137067068
179597442
912208782
943598977
681115069
827874435
911362804
806442151
129720502
683538680
331892041
424614948
341482505
275127100
786116322
802916844
10
908210617
580782158
962365558
173764199
137702165
4578874
988265960
839270159
66923545
873735929
711265915
706153832
861493256
416976073
242026776
417080409
482020824
397991399
335362996
755588443
107816356
884750607
109320
499857833
298620610
386265640
587272310
470193643
363219555
945216064
986345000
843974522
888911787
335362996
585240519
683538680
930074938
124656526
265935656
638536184
791385079
489334816
46701852
912863145
540791553
514811540
680748079
854278313
249479266
933866206
643839646
101077190
873735929
516383057
981870925
92363518
879635255
149544260
316372179
733046659
459756422
359949180
482020824
940644413
464420332
340980453
189874901
717552752
469675691
269522820
230186428
23482358
787638947
706664839
728091607
67086855
227382860
515499779
311158241
919965156
3998093
129720502
444232445
159853745
738200694
981870925
482020824
178339009
967102009
527030158
96507421
495780310
214489366
398089477
608423628
655015866
216945006
986345000
148516861
321224873
404999447
83761743
312499983
920459334
198025561
451927396
990258622
913644562
393999205
364670984
919965156
145526363
34592392
533616577
685922305
615835101
309914368
157281466
432007952
123453337
170434833
459756422
601444830
834429163
463535049
333195315
373635
557337497
307654321
705234926
155114584
992780831
301562866
280590153
851468460
225799444
278976413
745063518
745810009
165105338
807500551
764197656
820144652
704852441
715028230
523515079
577658569
988302004
100441623
478420462
992014804
996062006
482636632
903221914
503551299
362399368
540791553
962403917
129151366
207908345
174875262
999328919
159853745
95673858
817594767
658516737
873735929
459756422
354740411
602121847
312084886
23482358
928419854
745582377
867677207
273320985
178339009
362603295
640666866
987842648
189197666
849859696
198025561
93898630
540791553
324367954
185501014
144548113
673161982
716520045
144128607
917381357
862636349
802916844
314413453
413960064
189874901
54225768
227255957
168210228
963962664
468942790
227255957
998488239
741527189
764523640
499719493
714797570
184212311
614633990
95673858
42123887
450314754
598374889
304697117
241302263
898721940
149544260
753003929
249479266
431517923
704283235
349603248
137158394
329313371
919965156
107690000
95673858
851830357
992992129
32111757
416976073
195828062
704827836
840517467
982516480
165803742
268223078
928419854
486167898
999661367
170864699
834274701
349603248
770935442
337965520
681778454
660590049
539831708
198025561
789190295
62276735
316372179
630174927
563785942
546616562
946278411
980299473
871243725
144577080
702924888
612642074
144577080
781262885
683963993
556007948
634247715
992780831
338911730
630174927
787607578
992780831
342330165
349603248
349120238
144577080
940644413
708172071
42310282
717552752
716574648
545525098
928419854
405572486
227382860
862636349
983237500
834429163
482636632
634247715
706428715
814344262
615198305
329313371
797299405
621372446
944449612
493294681
3384
755646490
884158612
439752238
986345000
305174163
109320
251297295
314413453
434785960
535392769
556007948
568368152
478420462
46598156
235400370
404462807
849859696
63253820
498943403
802325869
655015866
779702965
273320985
596813636
153365827
304697117
344771101
866487410
193992127
267380277
572825827
344383005
198025561
51066627
927092752
667577976
83043082
982134072
251478149
541708275
717552752
196895532
117525961
385608239
280128240
903221914
477548039
543306219
168210228
743928632
343073758
475634304
725204824
444805188
968647702
442470746
346518108
495780310
163003979
823046072
868296475
540791553
704852441
4578874
627310668
167026947
184151516
486167898
362399368
931530609
610364237
556007948
4826160
66430650
113013450
828530177
478420462
42948524
764880480
443607341
151667782
140582860
778119543
199785190
438815035
412386290
248004927
273378120
749018590
545525098
165745042
6271620
364316069
591430280
240879853
463535049
557820851
184084845
993246911
704827836
310096446
436715057
659775638
938104497
281255127
51066627
372339610
993246911
791063090
280128240
637653710
376981608
497685136
35576856
507236163
48619106
730463986
751885764
843974522
583956069
251297295
395130922
983780318
661815621
690006492
761949507
290767032
468274839
401016825
294780030
571042067
26445882
722896196
663349178
944686486
416976073
442046336
721617140
248004927
487814049
280128240
571293128
238271688
233141881
992407830
78246701
372339610
769929921
992780831
1
617134528
200707679
514245021
674259026
721617140
329313371
341482505
919965156
374303705
649329457
79879458
96507421
32111757
68407626
185501014
459756422
479810800
515347902
326901762
96177646
318294545
928419854
388061120
311637052
95856510
451927396
365109234
294203506
676461739
477546440
46598156
407132009
498332002
151667782
532716672
806442151
914924609
405572486
602121847
330936553
287947648
165105338
113370599
556007948
184151516
751885764
802676821
648556615
893441124
928133442
433127820
334827745
373635
151667782
933891365
153030412
686406158
658516737
225799444
3384
313595719
475634304
137158394
918455197
67086855
806442151
881722325
162101766
992780831
71758664
416976073
533928720
988265960
714797570
980675353
215762577
903326203
901185130
458432099
555573743
818152588
708016211
36603317
372339610
448224737
79184239
185501014
617451348
341482505
275507421
665107689
875373761
204434900
316134728
995547968
329313371
119248714
3384
980877287
165803742
165803742
69349174
780068949
991342440
505115444
992780831
185556968
365777724
994101894
631598854
273320985
253759094
184151516
12830809
275127100
275127100
568368152
189874901
4826160
952446645
723713787
161082084
548056668
983780318
463296680
620371303
806442151
795285863
488324824
530773956
324367954
753257767
114617150
246533971
393658570
831047955
287971323
169111367
752838346
291848212
607196614
716460829
303361801
648816111
282069722
548056668
557337497
277931850
124635182
93232780
910704176
993246911
654167456
342330165
564975619
422774061
559377385
874028878
227255957
1037290
424614948
369865985
711265915
479810800
174875262
176496307
586756924
487814049
10
96177646
227255957
846687172
853080211
4578874
764523640
354740411
404805291
305174163
700167415
288419538
550134374
682982706
743928632
32111757
113370599
160270373
706153832
129151366
814775623
503337797
993246911
74720167
58020252
885392673
309914368
654167456
929788198
729254160
508462697
634247715
886064724
917587746
26364983
135635332
690742577
174875262
908683851
814883038
83761743
301281241
248590766
443607341
590379944
25322078
296225824
658516737
993246911
780068949
885392673
472750916
227255957
297721548
637653710
735592380
330936553
280128240
448224737
173647843
663349178
281255127
827328010
92758893
4390385
362399368
93898630
397991399
85475491
842176960
477546440
439752238
108563469
983780318
329313371
358555085
144014048
344180334
683538680
170864699
224026556
482636632
55747388
40219719
566467966
672340633
444805188
779370659
123460089
315991143
363133824
436234899
772702165
239487316
314413453
179597442
934759378
318294545
680441459
679855380
637934301
479810800
921151957
344383005
885392673
745810009
373635
827874435
709483742
386265640
1
179597442
504685915
472750916
856538731
315291470
92363518
103961583
646504034
215713265
489334816
165803742
655015866
184151516
90616971
649329457
489334816
38903450
954061582
115564542
92758893
23869606
69349174
66605158
200275335
619983851
505334734
530083506
291848212
314274700
784889497
372339610
999661367
550067607
178339009
341482505
436715057
977633603
312499983
32373650
712178553
721135751
278976413
518075459
70490549
248590766
320491315
906041150
714797570
978728829
717552752
151667782
740630647
162452126
751109629
102074870
353568818
172901029
372339610
114617150
329313371
759631704
499546801
503444762
945309929
532833237
159853745
394334681
249479266
836370716
96507421
295291808
487814049
659470657
375415318
345422821
765243589
288015946
991400574
381017180
94951545
964982728
174161343
347090776
538069873
337615506
635950732
344383005
689075782
347090776
444178011
88130305
340980453
129227240
723800952
540927733
507236163
113370599
138732000
372339610
842176960
751288465
83761743
67086855
859527011
548444787
372339610
227382860
190842091
10
803039224
669989313
286752184
144062499
280128240
32384110
577654693
330936553
787638947
313996446
482020824
107816356
397404912
312084886
992407830
93898630
729747455
707266862
738200694
819382930
70505759
764523640
398089477
384951437
843974522
698436690
824309164
794076660
669067704
92363518
58020252
149544260
646475970
716574648
163410716
34220901
620895964
93232780
779370659
170864699
881775823
185930935
588825827
441961154
986345000
607196614
381290657
457230381
980877287
174875262
963962664
423556063
573375284
566355687
172901029
281255127
163410716
416976073
95556376
156925678
349603248
452035468
606922954
746937336
373635
250497881
764523640
683538680
3998093
308655747
331228884
742180551
555573743
788470255
671783162
150
996449303
824663763
131698273
885392673
349120238
829563740
181847325
439039082
859604409
148516861
482636632
837516310
975843776
893441124
596813636
77126585
903221914
127733280
98365391
280406601
413960064
431530228
225799444
622484381
290767032
241216179
598374889
452806245
188435401
67086855
716100284
174875262
312499983
992780831
108563469
820777211
493854947
314409236
762025986
405572486
764523640
309914368
180965320
714797570
386265640
607196614
129008063
769929921
680748079
32111757
589931035
537119204
162101766
328599576
297721548
93718562
843411238
280128240
607196614
249420944
365777724
178339009
444232445
129151366
716100284
784891201
37062351
337042170
312084886
208917888
872128472
769929921
941941776
770935442
281255127
649329457
514245021
407413577
381562511
868296475
544462414
935301492
902619115
639977773
661815621
227382860
988302004
893441124
223732910
607196614
1
896227038
100970410
276527304
290145538
10
717609473
743928632
820144652
324367954
605859758
385089287
421475597
821883267
22028443
714797570
100441623
467918483
832239626
834946997
227255957
984035775
527030158
342812209
655015866
552317838
532595695
66605158
844433349
108563469
362603295
112665548
879368238
843410497
648556615
576412741
52724575
688421191
405010947
362603295
800502933
207908345
195828062
275205258
208917888
657530784
96177646
755799860
108563469
23482358
32373650
144577080
349603248
398089477
767099152
824309164
576697409
539831708
843974522
508475244
672340633
843974522
807558425
495780310
451502447
721617140
349603248
119628931
523684457
67633894
238823738
387120643
918535981
278976413
404462807
273320985
278852295
298620610
199785190
165105338
556168975
686406158
565926531
314274700
478316721
661815621
151667782
25322078
269522820
482636632
779342623
384951437
541425572
311127682
912135238
212412156
995547968
156285460
669642264
115794209
959707687
714797570
656336030
444232445
347090776
176717014
195828062
209215016
379135191
769929921
82977367
403350081
100441623
933891365
498805845
482636632
345743306
166947181
769929921
381744815
349603248
616472
663349178
324367954
138732000
342330165
312499983
124887470
460543492
173758716
806442151
245764747
641810110
70490549
407402691
490191285
137158394
345422821
806442151
281440259
572013367
100441623
498943403
514245021
482636632
865544553
998305282
772214221
149544260
679855380
266988174
717115659
1
660555327
988155677
963962664
995547968
269522820
694907287
23482358
544166287
198025561
710439562
32287383
619476859
296441946
459756422
354740411
788894940
775321806
778557779
444805188
124887470
176556863
92363518
922756801
185378365
892587677
620061383
311408659
745028902
717552752
461088233
198025561
314274700
69349174
297721548
32287383
705234926
451927396
170864699
397129535
27810873
156641515
150
578458128
67086855
278976413
952041196
329313371
568444889
456130360
552618089
120555547
848007056
451445803
439752238
249479266
96177646
721555583
323405958
150
128563625
681907478
324367954
745539127
151667782
443607341
900391504
93718562
304697117
705234926
647680742
912208782
948155768
743928632
992780831
251007127
844686565
165105338
173643577
577855985
959496973
778557779
67086855
109320
824309164
787638947
619574044
278081176
784027656
330936553
607024355
365777724
262291635
58977702
740176626
172901029
824309164
588990387
672445457
747497380
314131028
988265960
1
780068949
107936577
316372179
476460273
103888684
269522820
314116173
495780310
885392673
460490496
514329567
312499983
655015866
167026947
305174163
596813636
766510913
504183635
738200694
667506011
69349174
309914368
565504588
428131251
518809442
237677513
405572486
482020824
751885764
444805188
714797570
368042182
741587777
393658570
110468114
253407555
548056668
251297295
316372179
408999511
57066617
352879226
291963856
173643577
227465186
290767032
486167898
943528871
137067068
827874435
50053873
404592999
369865985
82699430
705234926
506450371
703207818
807973025
849859696
820777211
335362996
69349174
275879238
751885764
655015866
803039224
167026947
456796289
980747093
480270219
65779926
607213960
716574648
271373527
834429163
493854947
121413468
435707401
397129535
631071106
667482830
193992127
787638947
803771094
630174927
937172741
382873361
313864239
988265960
397129535
802916844
280128240
795285863
912208782
655015866
874668115
82969023
168210228
933866206
75276817
928419854
66430650
73642021
830482377
137067068
162068646
482866441
467965621
874599061
184151516
935284846
121413468
482866441
740630647
755124117
737221803
155996702
369833374
397129535
73683309
51066627
764523640
82229777
507634900
562986044
818265792
894081937
608423628
861805934
507634900
830501138
514802540
514245021
436715057
269522820
387120643
743155574
150
34850360
275507421
251297295
167671387
207908345
721617140
637653710
93898630
284427753
227169005
66605158
510100697
451927396
713287993
981870925
181847325
779342623
636428721
553148947
658516737
393658570
936685835
248590766
787638947
50157474
634435712
104506
977485422
96177646
966546041
167026947
717552752
812323482
482866441
568368152
439246076
827874435
995547968
148516861
486167898
614380239
900168741
849859696
109320
114617150
131225688
232895734
404462807
119291983
27810873
614633990
330484397
768731168
704963053
862636349
2435534
787638947
955577812
618356657
611035776
364670984
82229777
610056609
482866441
644290275
865275724
705234926
379135191
893441124
820777211
416976073
607196614
660078274
761919356
813607933
439752238
386265640
636846662
865544553
26308860
694234282
83881277
369865985
55186155
622820684
451927396
341482505
469477128
718053735
614380239
119633453
630174927
826097195
636688527
865544553
902802188
62877610
246620796
14801882
952041196
159853745
829563740
275127100
679855380
168210228
46598156
498943403
78646918
673161982
248004927
451607569
795285863
457230381
540791553
777161433
170857747
130159798
672340633
52631807
144577080
267083317
802873609
751885764
683986395
514245021
573492268
290767032
465669406
149008624
360100530
199785190
788975441
227004762
704852441
318294545
746937336
157149426
862636349
517931079
487814049
87782402
103961583
846947081
709235404
472796131
540791553
754776917
577127992
542437788
806442151
728091607
239487316
317365783
991763035
735905258
651228980
531887653
722016982
397991399
933866206
648816111
511341589
225799444
112785186
991435600
981870925
993160683
162101766
473211535
435673054
289932358
162101766
193275305
149544260
233464848
555882274
279978992
69349174
867677207
787638947
459756422
362603295
379135191
150798240
923113372
315980679
576547014
859826050
154221862
101077190
1
129151366
807973025
163410716
581264389
178339009
470598575
779370659
373635
960319787
933866206
943412097
842176960
988302004
608188073
280128240
155114584
280128240
189709305
546709267
832955523
348376199
601202416
176717014
213916298
179597442
402961503
800091509
717552752
991400574
258221538
507236163
103829748
416976073
117643267
986581654
32111757
199785190
540791553
421966461
340980453
674606240
278976413
848943082
312499983
769572854
843974522
174875262
898721940
162624864
495780310
3998093
75773778
606720937
614380239
242026776
755273467
278976413
32373650
373635
364670984
441553157
946278411
837339337
117643267
883395697
275127100
349603248
416976073
359355612
979015917
977485422
494874175
34850360
949872957
539831708
335307263
883328863
3384
347090776
34850360
170864699
495780310
840517467
770935442
621372446
34850360
412533633
578121460
172901029
314409236
107816356
787638947
137158394
698436690
27810873
950850434
384951437
603369659
159853745
54071428
482866441
885392673
472750916
705234926
908212325
746937336
965732764
843410497
220008951
275507421
164299987
658516737
470251328
275507421
384951437
318294545
362603295
46598156
34220901
168210228
820642604
912135238
27810873
967102009
764523640
581264389
349603248
61537749
804451524
511291156
17120061
144577080
199785190
225799444
172901029
197534868
898316695
16977106
690319247
856161614
93232780
113353788
42019005
478420462
746937336
548056668
23319662
779342623
349603248
164833788
994735732
626701595
878240078
336241444
45639821
539831708
281698692
521890613
114617150
246376123
32384110
39218592
663349178
762120210
884750607
526326849
354740411
912208782
137158394
235042296
463535049
568368152
407773562
540791553
38649
738650180
657074137
127045186
229394614
924427726
32384110
962403917
31948267
548056668
843974522
979721625
703838109
404462807
444683696
626701595
728091607
203200877
436325341
79434095
482636632
404462807
132045136
644366506
76606198
770935442
304697117
743928632
224519880
693038154
747363900
852694285
748556439
912208782
756377325
162101766
459756422
728091607
26602704
644085769
992780831
945309929
843974522
389927427
843410497
93898630
557337497
67633894
808467946
463535049
745810009
327666801
738200694
96177646
155114584
573375284
362603295
862636349
898721940
637653710
401016825
516383057
70938989
167980252
397880411
82059137
211960357
704852441
472750916
728091607
713315640
278976413
340980453
383255044
621372446
215234892
459756422
4578874
362971180
130159798
312084886
605080138
388580203
645907560
649329457
505115444
834428164
705234926
273320985
113700465
196461276
824309164
721617140
463220091
834429163
32287383
882499889
415385114
570382555
79184239
630174927
275507421
239487316
150
665912823
829563740
553305688
661815621
713768775
444232445
637653710
768731168
198025561
482636632
487814049
472455003
204842891
831512117
245050927
884750607
709235404
340980453
134316046
986345000
661815621
652199771
849859696
318294545
628528515
386265640
596813636
228727625
495988651
246398717
70843747
829563740
340980453
381659333
614633990
405391068
912135238
469361271
821987704
3998093
977485422
550283719
610376765
375012256
867924900
451927396
980877287
130159798
932468169
506886688
34220901
308144861
478420462
971249473
178339009
200016492
487814049
743928632
159853745
852192097
908665402
988302004
96177646
530909321
916896690
533125936
423747193
386865102
540791553
447040782
843974522
340980453
224026556
75382970
916556159
535535720
999661367
291848212
309914368
750960156
584360452
227382860
366853233
1
596813636
540791553
834513774
874400350
305128452
918055945
372339610
150
130159798
369865985
990819636
329313371
673161982
185501014
402951624
770935442
967095375
133180630
607196614
713620440
397991399
804430331
251297295
665216644
748679205
168210228
297721548
720160275
936316088
514811540
316372179
663349178
704852441
843974522
772680920
94188640
714797570
103961583
556007948
239487316
824309164
424614948
207908345
387120643
253989175
307370345
428001040
281958840
817610688
687273072
557820851
983780318
249479266
554093657
963112534
982179599
214608661
375367660
324112111
743928632
906410002
892773866
35578990
165803742
787638947
999661367
843410497
149544260
862636349
965243946
316372179
555970894
22041692
802676821
689075782
764523640
189874901
441130030
459344386
903221914
94511689
151667782
92758893
879976460
3998093
843974522
177380849
935929286
945309929
645711444
988302004
388061120
237672078
265153788
494874175
557337497
794289386
150
100441623
278081176
637653710
880766360
469337187
348836330
940100533
682897662
46479989
487814049
579447342
723388538
373635
275127100
873735929
839196271
407141516
95673858
502242461
630174927
188020716
32287383
587645101
345664046
199785190
314413453
459756422
655015866
131225688
865544553
986345000
83761743
469381994
444805188
300607596
426203177
732564385
428372896
608423628
820309065
844360767
309914368
477546440
172901029
39218592
988302004
233182255
95673858
387120643
193275305
684684969
782029864
477546440
440760187
304697117
304697117
404462807
514319705
928197985
637682150
207908345
387120643
772214221
198952517
405985300
658516737
369013587
904355338
581264389
802676821
902976774
259762079
379135191
174875262
868296475
159228320
493854947
246183271
364670984
878356804
253043445
199260963
637653710
68899906
459199507
3384
248004927
174875262
493854947
589931035
213006108
137158394
207394733
467714031
76908098
458532207
364670984
32111757
505115444
251297295
27810873
332199141
199785190
540791553
995547968
704852441
742143083
93232780
523637983
117643267
275507421
149479949
314274700
723401656
270610678
698436690
780068949
384951437
167026947
128972833
227382860
928950874
648556615
251297295
740630647
59832866
353495885
397991399
979131708
787638947
706153832
347090776
683538680
388157736
275127100
162101766
637653710
553299119
936432775
596813636
571391910
817625379
389927427
478470102
457230381
429864446
470251328
372339610
995547968
867677207
3998093
312499983
275127100
979992373
933891365
704815333
807973025
447088813
457230381
834429163
424614948
964705290
396970725
405591880
995547968
717552752
162101766
632919726
686406158
154221862
69349174
702969793
713768775
721617140
345422821
179597442
787638947
705234926
66430650
546210192
602121847
393658570
198025561
940644413
836123512
651200118
246695922
614043330
448224737
860775011
583252705
574909347
387120643
849977464
991435600
959867775
129720502
224401887
507634900
648556615
654167456
395568476
396924921
802676821
27064150
647346725
607196614
704827836
185902040
378916015
430768850
634247715
159853745
184151516
352764237
195828062
568368152
18929007
93232780
23482358
751885764
467714031
988034708
178339009
743928632
443607341
32287383
16977106
478460960
273320985
507236163
340980453
521567140
412533633
516383057
275484968
240879853
393658570
919965156
16977106
792707653
839503459
365777724
34850360
437096213
602121847
158752480
824309164
637653710
873735929
735621418
280128240
799077943
750871428
607196614
498943403
820777211
275139761
381990893
585376605
181847325
388061120
459247421
736153794
95673858
954142632
700167415
186587623
901341935
398503818
498805845
493962361
364670984
772530478
721617140
573358240
834429163
430529558
983780318
910225123
173643577
687732449
436176260
182868509
393658570
76569131
517834299
297721548
786839296
386276843
131225688
964982728
679855380
248590766
217271176
918055945
781696377
318294545
69349174
51540858
2515431
840517467
550736974
41298644
505115444
113081140
779370659
349120238
384923836
78758951
482636632
244794830
737742962
459756422
273320985
46598156
651653786
616481386
171735620
764523640
531303543
921650686
76099796
988265960
316926454
827744876
226187527
865494791
344383005
621834446
240879853
540791553
773485779
269522820
314887950
516383057
864712753
861802253
837062481
413960064
451927396
940644413
489334816
659625051
793697576
493854947
167026947
482866441
954692501
105688482
404462807
195828062
603628061
218979518
258763665
686406158
842176960
680902365
705234926
340980453
857063478
196449862
1037290
556007948
303566588
198025561
548444787
899162623
75857353
578986692
977485422
545916109
398089477
444232445
880816811
20792561
3814407
32287383
545525098
486167898
993400170
304062055
334929439
596813636
240879853
903221914
467714031
242026776
293624326
572641865
148516861
977485422
663349178
349603248
470598575
225823343
25322078
96507421
913408437
778557779
781029735
384951437
83761743
537336450
228764821
375415318
821987704
806442151
186587623
382481609
916298563
749018590
388061120
751109629
479553147
477546440
514245021
285542260
910223933
984129530
787638947
885392673
802916844
881775823
720097101
823046072
137067068
578679504
827874435
27810873
126382557
358858272
827874435
409088111
98542989
105617102
779342623
436715057
863262521
742729632
368479365
637653710
598374889
64195948
704827836
397991399
32784015
472750916
664117443
342330165
349603248
32287383
978898943
507236163
404462807
693818591
162101766
213312080
973889295
724835080
579343219
25322078
787638947
249479266
545648791
250311234
1037290
167026947
346877865
454933126
992780831
93898630
417675355
884627352
67633894
912135238
654167456
988302004
716100284
510760809
971170685
658516737
884158612
21058648
95673858
490767671
1
456631068
998992697
528403188
482020824
4826160
402841309
764913222
467714031
379219692
573375284
516556372
326901762
127316679
158615465
265416498
641433712
29762929
614633990
70490549
277203963
199785190
82229777
184151516
316558025
275205258
10
459756422
680748079
16043708
251297295
16977106
335362996
198025561
843974522
239487316
278081176
645122396
444731863
992780831
649329457
432617903
75724351
864433717
239781249
494874175
356238530
67980602
362603295
46598156
297721548
683538680
477546440
356402695
586867713
842176960
67633894
263070734
845022305
113370599
5204922
381738818
17744983
112867268
431530228
719479334
398089477
249420944
704089628
943096361
507634900
447893365
711265915
382940103
704424751
62399055
513233031
482866441
3384
834429163
144193643
747363900
769929921
562008666
224836071
573367607
689075782
596813636
80965494
329313371
940644413
705234926
249420944
137067068
914097784
278081176
856750275
608423628
305801040
529953438
107816356
93232780
717552752
912208782
108034262
70843747
285042836
42310282
477411526
32111757
637653710
524632621
269522820
489304047
655015866
482020824
912208782
392586089
540102670
14466788
479686226
376166988
881775823
34850360
843974522
787025333
93898630
607196614
489325580
560776247
321594958
953190897
412533633
802676821
721617140
598374889
679855380
524632621
361798543
124887470
806442151
107676881
636110826
267920588
809550425
503337797
546485527
720638714
46598156
665074736
54276872
179597442
66221930
114617150
291848212
200016492
138732000
318294545
479810800
239487316
80913801
626701595
906281889
444805188
737430525
548056668
163410716
603550189
588916192
217290631
505115444
568580001
651447554
729190925
248004927
171017618
503444762
22524520
848824484
780068949
67633894
214216901
227382860
967102009
573375284
611388705
412214217
67633894
673161982
389805911
459756422
444805188
402737690
384951437
357267693
524695177
20014347
832014992
807973025
484420744
956268433
997005213
843974522
843410497
345422821
803109035
314409236
66605158
511073664
32111757
803329782
820777211
270710518
652762723
249531150
106476386
506786656
572616070
768731168
488102524
16041452
386265640
918055945
569867042
482020824
162101766
155114584
83639150
227547313
172019252
779370659
827874435
418217790
189741331
951875994
843974522
924485576
312499983
368537799
179597442
23482358
658516737
181674577
233048111
773485779
686406158
269522820
515308229
144577080
83761743
679855380
15628451
466110568
413849311
239487316
414377623
190131509
711265915
991400574
689075782
68514272
444805188
980877287
803039224
109320
472573436
58020252
275742540
792505226
278976413
621649075
168210228
193275305
263770137
141861836
956202848
466402649
365777724
672340633
137067068
129720502
126579442
705078634
151667782
507236163
843974522
829563740
796207106
26953135
321486801
865544553
482020824
346220161
444232445
842176960
155114584
275056515
484423665
721617140
795669248
830298083
698436690
649329457
512485829
975025750
673161982
427630850
118266582
614380239
416976073
780068949
424592057
752334286
648816111
93718562
174710635
548444787
780068949
404462807
650484652
333202118
227255957
731970068
743928632
1037290
149544260
394365473
80499763
862636349
141115948
543330337
991400574
472750916
39218592
207908345
413433988
199260963
860761217
275127100
669989313
121413468
892030765
132921837
124887470
349603248
471625259
227465186
193275305
278081176
981870925
503444762
199260963
275389753
100441623
67633894
362603295
865544553
429585463
556007948
199785190
314274700
389927427
549259163
865544553
873735929
47771935
472750916
227465186
680748079
824309164
229347250
489105525
275127100
779342623
649435745
170128108
289157609
649329457
751885764
58020252
39218592
173643577
312499983
746937336
270710518
364670984
78329269
109320
67410822
273320985
986345000
298620610
903306214
431628645
933866206
66390078
472750916
562986044
714712696
690114326
498943403
614311733
686406158
314409236
193992127
397053761
254342848
204434900
526975449
149544260
248004927
114919466
616809844
479500666
180783479
746937336
18902237
269522820
325357043
324367954
940644413
751109629
843410497
240310168
189874901
412533633
829563740
884750607
676043635
312753313
505115444
555573743
385464678
291848212
986345000
539831708
775835511
548056668
985957004
198025561
514245021
362947301
614380239
739877349
787638947
195828062
344383005
823046072
92758893
638710601
825325479
796866094
305583053
27810873
843974522
96507421
416976073
451927396
316372179
788975441
768731168
185501014
607196614
189874901
457230381
397129535
545525098
832342745
945309929
157316854
842959609
617079811
630174927
929594138
836430111
995547968
843974522
76830224
557337497
362148865
193275305
839138965
291848212
248590766
773485779
372339610
804877508
820777211
13622993
67633894
482636632
314274700
348793118
700167415
999661367
415746549
272144691
945277045
539831708
711265915
103961583
364235108
706120062
199785190
654167456
79705145
804307403
780068949
999661367
124887470
321388378
729466962
507236163
369865985
282872214
365777724
408148780
57009552
131207198
607196614
324367954
979992373
273320985
255584138
640342018
186587623
508583784
404462807
486167898
573375284
297196875
162452126
416976073
611552329
705234926
614633990
227465186
105738512
467714031
34065962
561222863
542151851
68356480
335362996
526696841
3998093
690808154
752659779
900677170
312499983
829563740
977485422
170018789
82229777
493854947
679855380
345422821
680448351
532015002
819337313
4578874
163410716
947509153
806442151
375591552
524144449
361964498
511632289
450701657
894828698
145319891
663349178
967102009
307765402
108563469
124887470
25322078
748703799
778557779
986345000
318294545
189874901
992780831
620566778
516383057
745810009
607196614
34220901
516383057
489304047
109320
992780831
69349174
121413468
731801717
655015866
965970342
224026556
800258405
967102009
714797570
92363518
898721940
235328029
113370599
398089477
24172504
864153228
32373650
661273521
83761743
180512035
738200694
747749197
479810800
93898630
478350575
174710635
711265915
158496358
524851438
70843747
353944980
873735929
507634900
319166533
46598156
489334816
744492366
345466012
166355095
318294545
469337187
933866206
159853745
124887470
33830646
362603295
819993450
575955486
865494791
637653710
493854947
482636632
472750916
21720156
785170280
717552752
751109629
488102524
362603295
490903842
634433243
314413453
249420944
986345000
479686226
683538680
135063382
27810873
527030158
459756422
556007948
993246911
626701595
486167898
716100284
679855380
640034533
803388712
329313371
780068949
273320985
673161982
463287350
428142467
602121847
704852441
397991399
649032276
903221914
679855380
412533633
881821186
377908234
548056668
993246911
540791553
92363518
704936703
251605533
999486853
10
884750607
616848384
602121847
44246381
593222821
725981926
931010655
206420454
626701595
83761743
945309929
689075782
477812483
281255127
88212498
952041196
3384
475009039
240879853
239487316
879204181
933866206
347090776
286977656
690125391
470251328
11904906
279626636
834429163
540791553
507634900
686406158
833527667
16043708
124672281
455742099
193992127
573065799
467714031
702904613
704827836
83761743
414279012
72586958
759378682
379143762
372339610
962403917
42639218
93898630
277922908
693578617
23482358
443607341
713768775
144577080
290767032
754790386
459756422
125575379
162101766
827694070
159853745
294780030
611962504
503444762
817323970
485052181
91224322
632199591
666802783
596282316
578739260
842176960
271673519
928989102
530195436
349167053
445926582
945309929
661091036
711265915
557337497
555573743
249479266
677802361
225799444
273320985
299848608
731942750
673161982
248004927
225799444
596813636
686406158
275507421
32384110
416753665
495710466
717552752
16977106
497397824
444805188
414491022
15112927
233075006
746937336
661815621
655015866
112683715
372071164
1129569
711657827
470598575
32287383
637653710
794289386
940644413
728091607
214307784
384951437
680748079
170864699
794880606
551261788
87447652
807500551
907538704
379135191
391449138
829563740
517227257
705234926
227382860
208917888
431530228
519909414
176717014
42310282
584033506
251297295
362603295
987460442
665687314
379135191
995547968
599392728
195828062
509356327
478420462
275127100
59164666
912208782
341482505
950966939
488102524
482636632
514802540
159853745
465575378
345422821
721617140
777003591
514811540
865544553
369865985
770139524
490394945
244900526
350057689
743928632
389213178
404462807
436715057
905877543
127247985
130159798
704936703
372859135
842176960
155114584
227465186
326901762
824054735
602121847
874668115
52469132
444232445
124887470
107816356
316372179
130159798
772214221
907639276
463535049
154752716
952177854
129720502
397129535
649329457
563428285
207908345
92758893
774267954
614380239
249479266
281255127
32384110
514802540
443607341
918055945
318294545
613014658
569634744
999661367
32416534
82229777
707209478
326901762
103961583
750021904
458036300
747369253
393658570
53858408
505115444
865544553
913408437
297963216
132872717
149255717
34850360
459756422
178141214
991435600
843410497
314274700
45309961
761393876
291489045
749018590
530964800
829563740
415385114
269522820
989039225
208209728
168210228
977485422
280128240
188425728
388061120
568368152
23482358
179597442
963962664
50464662
751165223
841083899
444805188
777161433
253043445
802676821
865494791
32287383
649329457
201074462
833771290
614633990
912208782
67086855
463535049
167026947
46598156
980877287
459835088
82911481
679855380
34220901
316372179
330430936
16626172
713620440
918924185
781737083
245882742
498805845
165105338
326901762
244239719
678475285
415385114
912208782
39218592
448224737
842176960
875672702
193275305
827383269
885392673
535482490
240420378
67633894
156285460
704852441
927646646
928243537
510360936
189874901
702037450
472750916
71769080
867677207
988302004
346606766
649329457
451927396
717552752
962712411
773833820
728091607
740251230
495780310
25322078
384951437
435359043
820777211
93232780
444805188
34850360
751109629
982630183
960036315
802676821
986345000
711265915
479810800
686406158
138732000
919654637
239487316
144577080
991435600
648556615
294115390
275507421
501461191
338911730
596813636
963962664
711265915
193275305
78646918
108550660
195828062
820314711
977400704
48364372
457230381
23482358
368517766
124887470
798907148
240161471
923463848
720197822
373635
884750607
333836092
756226214
679855380
269522820
369865985
249479266
495780310
294780030
324902094
364670984
556317845
371101464
823002644
67410822
408430973
150
664102632
290767032
655015866
673272999
533998714
451927396
231772354
608423628
263653281
470251328
913408437
268852636
693677358
467714031
248004927
154291532
870613751
278976413
398089477
124887470
700339839
642233399
401016825
462480493
918055945
469337187
802388003
919519358
275127100
963962664
489334816
881775823
384698405
662930794
144604789
167028685
269522820
698436690
684545000
25322078
907842491
585240519
393658570
314409236
557075999
679434661
199785190
916702328
444805188
503444762
92363518
203541537
826159263
173420241
687694814
151667782
986345000
981843263
572251350
69349174
305052929
93898630
473387495
372339610
991435600
278965759
326901762
545235569
202724155
587838284
972570827
772214221
228336746
4024027
384951437
798132050
689075782
557820851
384951437
933891365
176717014
109320
195558467
100441623
121413468
834429163
992780831
520794244
270710518
159853745
4826160
108563469
91801836
189377930
770935442
397991399
58020252
999798210
535858596
338846501
248590766
172901029
977485422
354740411
581264389
248590766
296651446
844670646
700769633
838536632
50130693
521177355
202776875
810289835
135102680
384944485
248590766
136448194
386265640
927623381
70469886
137158394
779973171
764523640
326901762
596813636
185501014
335362996
4578874
151667782
379135191
985063502
568368152
911212509
712451330
379135191
642544904
24414908
516383057
807973025
248590766
548056668
4826160
981870925
488598404
507236163
589608205
444805188
913976688
507634900
507634900
769217673
898721940
312084886
397129535
933891365
96507421
92758893
375415318
843974522
25322078
305174163
16977106
110234970
663349178
49397841
811962057
349120238
747363900
800478315
587220085
577469933
520051049
562986044
313839984
397129535
354740411
965815428
489334816
948654293
718238717
482636632
238603552
928419854
751109629
362603295
269522820
748577612
130159798
185501014
4826160
614380239
67086855
788975441
836745703
101806291
141930976
743287540
390767848
150
69349174
753988869
131225688
10
472750916
516653054
701985191
205172461
980877287
44611317
326901762
573375284
988302004
554310462
556007948
514245021
349645892
802676821
500655837
705234926
96507421
163410716
445967244
303361801
151667782
452035468
964982728
967102009
1
430416289
340980453
661815621
176717014
167026947
168210228
768731168
980877287
134821592
527030158
132710851
916937776
634247715
527030158
371454962
193275305
199260963
717552752
606986304
478420462
252268823
544770702
690319247
1
820144652
935008382
384951437
129720502
174875262
281255127
494874175
995547968
275507421
842475750
39218592
952110521
32384110
281860988
130497809
608047083
573176849
516383057
485897078
491217585
814658881
195828062
186587623
454933126
340980453
347546262
865544553
943381943
457230381
275127100
92363518
472037485
696303990
171121353
248004927
46598156
156285460
573375284
356452151
711265915
764523640
807500551
208917888
503444762
704852441
467061046
42297041
995547968
199785190
602121847
769929921
130159798
981870925
667586313
397455094
66923545
607196614
248590766
171848270
693849119
240113682
865544553
916186991
416976073
65590034
487814049
874070747
617534887
557337497
648816111
634247715
900107573
32373650
856977276
465374127
974157997
270710518
680441459
4578874
751109629
704827836
895578453
683538680
840517467
502982816
503444762
854887779
541776142
648816111
590574491
983780318
475634304
211960357
649634583
788975441
992904518
240166343
240820102
439752238
605123317
165105338
266906904
83761743
482636632
47382003
482866441
431987318
476460273
82229777
297721548
273601478
124887470
3236008
92363518
43777507
4826160
109320
746937336
912208782
866445785
314409236
305174163
479686226
881775823
199785190
949474823
436715057
653650056
799951890
184151516
118550925
704936703
341482505
412533633
573375284
214294561
807973025
92758893
66923545
326901762
74490225
207884411
316372179
844376597
170864699
131225688
240879853
614380239
705234926
704827836
181847325
487814049
831512117
278976413
432810755
768731168
608824961
716856446
481727974
298620610
655015866
204088640
548056668
498943403
991400574
744814451
424614948
713620440
251297295
878648488
885207896
393658570
667226771
705971445
865494791
933891365
614633990
482636632
777161433
816936169
663349178
685311484
291848212
74465973
32287383
553166671
668444371
40800376
621372446
96507421
261074394
482866441
96084611
935717789
301373841
953558204
150
362603295
113370599
519417409
728091607
648816111
827874435
795285863
670254002
349603248
482866441
705234926
801703255
129720502
884750607
756586003
897678
631833696
144577080
114617150
39218592
298620610
581264389
193992127
326901762
933866206
655015866
25322078
516383057
290767032
303361801
159853745
372339610
460135311
888813708
780068949
180802030
362011656
856684754
401016825
240879853
412921700
803039224
127596795
340980453
489304047
773118870
829895444
945309929
607196614
33187225
312084886
865494791
689075782
919965156
568368152
690319247
100441623
568368152
603004187
505568796
520651315
151667782
548444787
416704218
823046072
774163289
459756422
340980453
873735929
598669769
629062385
191002950
475955196
386265640
849859696
686406158
884158612
4578874
314274700
589803497
34220901
159853745
23482358
843974522
243931136
961014623
998932800
4826160
363621507
95581622
34220901
621372446
364670984
416976073
514802540
862636349
25322078
68899906
281977790
754624820
912135238
163410716
366701764
775009163
821304089
417739020
365777724
838619823
234767617
375566149
972208228
714797570
647781707
995547968
874131516
305174163
795167367
747363900
294780030
958876460
162452126
96177646
82837527
137203848
773754140
479810800
843410497
466086062
435544524
884960465
885392673
32384110
769929921
889592655
70843747
227547313
424614948
83761743
394536723
164761108
269522820
458791339
844924366
960879270
227382860
673161982
677871890
879663409
607196614
940644413
818265792
217359464
283548247
527030158
479810800
632943929
144577080
459756422
70843747
982956031
751109629
687358907
144577080
312499983
747363900
820777211
45807901
365777724
424614948
609150430
717552752
199785190
922403528
304697117
733509322
190995068
109320
568403957
211960357
457965870
131861556
691426535
389927427
469337187
225799444
751109629
227382860
43334403
78646918
362603295
568444889
649329457
932077321
963962664
451927396
648219995
938874595
457230381
355216978
227382860
132784979
868296475
32287383
32287383
162101766
404462807
167026947
787638947
867677207
638127280
270710518
703571413
802676821
225814629
418055582
920459454
61662103
24327656
124887470
114617150
514245021
261174189
977485422
36587219
516383057
387120643
964982728
930959402
913408437
912135238
770935442
791422074
115678083
903221914
375415318
467926284
635350612
341482505
749018590
745651668
319072792
807515487
248590766
186587623
221744976
347090776
130159798
524632621
150
508779621
482636632
199535996
630174927
627347908
62898978
649329457
443607341
364670984
455343340
398764391
807973025
117643267
136764876
14976835
240879853
185501014
717552752
198025561
867677207
873735929
980877287
807183834
275205258
373635
548241630
606968164
594754841
548444787
885392673
491733542
607196614
316372179
912135238
185930935
764523640
3776168
834429163
787638947
651061404
785818697
787638947
69350381
462480493
862636349
415385114
179597442
335656764
614633990
773402568
3384
486167898
849859696
843974522
327878735
912208782
885392673
356490141
45535904
677859109
674291987
716574648
486167898
581641744
893522774
159853745
145199960
184151516
981870925
314274700
804159617
1
365777724
66530730
572401037
227255957
903829352
394886259
968144888
596813636
479810800
124849678
212303528
802916844
479810800
625413124
337990950
964993768
351243706
416976073
781874197
251297295
131225688
988302004
162452126
614633990
683538680
310135123
39218592
96507421
686470410
503444762
131225688
514245021
897003960
335362996
945309929
179597442
493854947
324367954
375547533
160437769
137067068
320821636
758944365
921063777
489334816
498297296
689075782
802184208
436715057
669989313
275205258
289812293
843259505
938557518
481901230
33921752
824309164
479810800
148516861
145223527
843410497
764523640
32516131
493854947
347090776
898721940
597699733
305568575
148310741
545525098
615064222
270710518
507634900
151402846
34220901
130159798
46598156
704936703
479810800
227255957
163939846
811466217
248590766
179597442
487464161
232482446
898721940
504447771
682638638
661815621
956945345
459756422
778071115
801905342
316372179
478420462
487319394
965243946
689075782
137067068
150
963962664
109320
303194954
651190234
275507421
983780318
32373650
118492092
157065036
724269924
486167898
489304047
373635
964982728
478420462
338911730
309914368
204434900
618460770
341019425
137158394
69349174
85298360
249479266
527030158
85840338
458432099
883553054
167026947
154563216
928419854
572873504
242850574
763546376
79184239
630174927
977441585
881775823
516383057
496665982
347090776
735546096
482020824
458214135
695318838
294184064
22704334
433403960
207908345
272303446
908062020
330399482
96507421
373635
144577080
514245021
204434900
820777211
32287383
58020252
177318474
977485422
568368152
528849954
92758893
172901029
764046808
649032276
253577456
818265792
16606076
117643267
104457904
519731504
42310282
794289386
824309164
338911730
312464470
335362996
834645150
341482505
918590435
973323918
648556615
297721548
3384
770935442
178339009
501300682
751885764
193183979
413960064
165803742
642118901
661815621
380439185
794289386
881992013
187455921
155114584
389493981
581264389
608423628
101077190
32928454
144577080
690319247
493854947
387120643
382890028
373635
426175835
82229777
1
726185148
843974522
802676821
58020252
507236163
779370659
912208782
93718562
815560299
298620610
131932157
672340633
193992127
397129535
498805845
862636349
876206524
193275305
93898630
264464890
413433988
673637078
517267543
671323139
764523640
329313371
227547313
68899906
59401232
239487316
365777724
70843747
884750607
269522820
275127100
503444762
10
881775823
248590766
758067196
436715057
269522820
995547968
265025029
881967052
280128240
857691499
500404607
163410716
884158612
183390341
695303629
475634304
189874901
482866441
474743437
174249884
770122514
814883038
548056668
218700726
720754132
4826160
465430457
100441623
602121847
773118870
831678612
227255957
380035613
713620440
387120643
614380239
67633894
663349178
687267178
471476653
25322078
630174927
362056518
568477330
743813901
27810873
304082815
727154578
548056668
150
980416850
247271243
619954830
444805188
39218592
556007948
504646361
778557779
834909957
451927396
92758893
811611685
680748079
197027596
679855380
413960064
345422821
531992049
225301383
503444762
338911730
581264389
489582895
632049028
239487316
988302004
952041196
268590904
630174927
70843747
945408093
312499983
802916844
852824811
486167898
292772542
486167898
227255957
349120238
477546440
142984653
159853745
498943403
751109629
34850360
363950315
397991399
711265915
993312589
32384110
159853745
568368152
67633894
764523640
225799444
330936553
780111158
444805188
868048085
493854947
297721548
1
611785854
415385114
814883038
974965435
178339009
942456205
820777211
794289386
176717014
344890253
581785945
270061910
163410716
150
928560293
113860100
324367954
131334964
176990889
236608317
154221862
614380239
59891897
780384024
372339610
290767032
119976072
20758159
184151516
809210642
992780831
935173834
977485422
178339009
315232614
764523640
669646630
767053813
82229777
386265640
439752238
144577080
596813636
444232445
38172210
452552067
298379996
488046211
669989313
441047749
806442151
208917888
405572486
568368152
178389385
299057304
193275305
4578874
996954730
404462807
264508512
113851097
514330980
634402069
743928632
37710351
239487316
373310035
458906032
716100284
620688931
821987704
868296475
397991399
25322078
3384
918810175
630174927
527418366
770935442
351286548
687285465
200016492
90035257
386728482
843974522
930725287
130159798
498943403
344383005
989341514
82229777
931546177
10
516048761
107816356
464281361
869130354
964982728
87956798
873735929
686406158
281255127
622968359
163410716
23482358
539298226
27810873
154170656
195828062
539276633
10
384951437
463535049
594323547
162101766
162101766
779342623
78646918
726635396
704936703
250227517
240879853
605179149
970758727
178339009
648816111
915392650
596813636
100441623
168210228
34691238
318294545
442657178
150
92758893
802916844
382615224
227465186
3761461
805912542
481775771
131225688
964982728
397129535
754568974
738115885
88421620
174710635
323184174
10
108705559
459756422
111562437
239501828
714797570
354740411
458432099
773118870
131225688
882176299
3998093
206894091
493854947
613561810
556007948
745810009
100441623
556007948
588233612
32111757
557820851
780068949
887067693
806962135
686406158
603031995
992407830
843974522
347090776
770467766
463960328
448224737
475634304
895729900
502905852
275205258
898721940
655015866
585240519
767999581
225799444
383772402
117643267
478420462
240879853
199260963
207908345
717552752
719615807
557337497
342330165
32384110
93232780
762439605
721617140
498805845
102013435
294780030
379135191
988265960
393658570
91453781
117643267
591766664
568368152
78646918
412533633
179280802
816393470
401062440
557820851
820269049
562986044
713620440
539831708
117173943
829563740
696124970
131225688
842758635
551818209
28907090
259524323
638048743
482730771
555573743
154221862
92363518
537951266
192063945
349603248
189874901
275054017
700167415
148516861
384951437
214392743
251297295
522852580
882311215
155465098
144577080
862636349
251822027
498143025
227382860
598553570
404462807
988265960
648951122
995547968
533077051
76436621
16977106
51019090
386265640
472750916
528601884
659458176
287415474
298620610
39417583
16977106
843974522
472750916
751109629
92758893
448224737
83761743
831512117
991435600
167026947
4578874
795285863
865494791
507634900
591090241
318294545
337419148
683999668
267368614
391796808
397991399
479810800
227547313
85509448
114617150
314274700
680748079
549843506
476460273
695345476
335362996
867677207
459756422
749018590
557820851
716100284
382140812
398089477
168210228
531712436
379135191
683538680
630174927
316372179
853185832
324367954
988265960
297721548
750934712
764523640
354740411
873735929
632293383
787638947
486167898
663349178
101761117
444805188
454567072
949541239
792221684
667077240
314413453
581264389
347090776
726185148
326901762
32111757
977485422
751885764
351244393
693038154
335362996
666995040
571962253
842176960
524632621
60573489
657884149
595872875
502398620
227382860
155114584
39218592
227465186
465231836
82229777
921360909
131225688
124887470
658516737
977485422
541669254
646240423
208917888
933891365
309364353
413040089
354740411
903110992
988302004
578235960
25680026
314409236
291848212
342330165
771841824
764523640
130159798
557820851
824309164
46598156
760705881
156285460
731842158
988550900
227255957
779342623
457230381
309914368
686406158
773118870
960941860
981994540
208917888
630174927
390965779
3384
680748079
10
794289386
248004927
507236163
870061362
649032276
698582515
67633894
873735929
373635
483465969
987023830
32111757
500762806
875847011
614707907
496667803
757701391
193275305
937590745
251297295
606547566
555580794
503444762
202927490
124887470
144577080
93898630
634247715
312499983
523607738
70490549
918455197
679855380
78646918
94117427
156285460
349120238
379147529
673161982
621372446
933866206
60419122
95673858
168210228
32373650
911725321
316372179
429710561
939943668
226058124
129151366
424458274
244242379
103961583
59796042
556007948
294780030
779370659
92363518
243732346
542629675
254988943
144736648
746647435
835420822
46701852
293889891
685796929
196152521
58020252
200016492
683538680
386265640
304697117
557820851
424614948
992407830
537392232
193992127
516383057
794122633
151756119
912135238
281255127
683538680
312918479
416976073
340980453
499771217
388061120
655196558
580779921
213173166
807500551
14715936
344777935
836730474
251297295
314413453
397991399
977485422
158833453
513249184
865494791
995547968
919965156
549424140
214594296
249479266
66430650
200016492
634392274
634247715
827874435
208917888
728091607
669738418
70843747
594295034
342330165
494874175
865544553
486167898
244287259
95673858
415385114
347090776
933891365
893441124
397251316
194405272
719360644
96177646
208414643
498805845
689075782
32287383
568368152
186342972
701160539
71461956
745810009
989424501
817466611
146100373
78646918
802676821
172901029
877833204
362603295
227382860
79184239
626701595
594306106
167026947
555695850
885392673
977485422
514245021
534298970
602121847
803039224
805579009
717552752
203432849
356986978
802916844
251297295
557820851
695863903
482020824
840517467
71828021
692941113
737055259
820777211
140512908
649032276
634247715
793678981
988265960
289982322
388061120
162101766
868296475
746937336
802916844
403288766
360879800
213464542
95488522
555573743
144577080
93232780
70490549
322915284
873735929
597203486
174875262
291848212
711265915
298620610
424614948
985888315
494874175
749256039
680748079
688542302
683730251
275127100
70843747
180577707
821987704
240788691
686406158
595123791
884750607
275127100
25813102
174875262
777329205
545525098
350054365
190848687
141651941
207908345
585102974
286962824
609846325
454933126
529742113
695720571
518926482
183382480
34220901
351998085
928419854
68899906
991400574
137158394
419784809
843410497
671890163
472273652
898721940
690319247
439752238
881775823
498805845
5219356
912863145
167026947
960231639
514811540
573375284
198025561
803039224
242026776
384951437
96507421
992407830
829832845
163410716
200994855
440139845
933866206
199785190
281255127
514245021
248590766
324367954
412533633
716574648
933866206
951803025
780068949
608452026
540791553
294780030
7661258
248004927
412533633
49029347
275127100
345422821
983780318
107816356
788975441
965243946
179597442
314409236
256442276
16977106
431593199
248004927
444805188
557337497
487814049
273320985
117643267
704852441
726185148
992780831
678278157
621372446
921304131
331026503
172901029
451927396
194068812
918055945
330936553
158398862
843974522
579051349
500483613
840551063
165803742
326901762
292049934
280128240
673161982
777020682
769929921
70179378
316372179
498943403
611756896
75626529
25322078
291409359
275127100
305174163
709640261
270710518
751885764
514245021
867677207
545991197
751109629
655015866
275205258
556007948
915263550
498805845
176634885
39698165
225799444
316352849
239487316
655593008
371172343
992407830
883465417
168210228
666903251
503444762
608423628
208917888
347090776
444805188
232443443
448224737
904479023
312084886
67633894
19936531
714797570
365777724
127439889
146887108
335362996
842176960
848609973
918055945
70179378
331646179
436715057
672340633
646389562
151667782
4578874
938365508
912135238
607487524
919965156
797005432
993460443
18556566
39442365
431228291
294677307
799510244
93898630
572590932
132522649
168210228
425132530
204434900
354740411
693912155
766983360
479686226
239487316
865206171
802916844
535163580
986345000
178582993
412396169
316372179
260380673
100441623
182740803
249420944
509608985
713405078
253486263
262613552
150
21471031
514811540
764523640
945309929
961970108
740630647
442475589
41364428
840517467
297721548
568444889
802676821
547027444
741331586
149544260
94880968
585240519
278976413
137067068
448224737
568368152
280128240
451349422
67633894
468966043
290767032
933866206
879536123
482866441
950809258
193992127
93898630
648556615
832983535
4826160
10854332
779342623
526909080
834429163
59075107
991400574
306315273
637653710
185760012
679855380
156285460
389228668
482020824
402861007
903805401
330484397
489334816
663349178
810315344
51066627
613587361
702435319
124887470
680748079
83761743
417370986
27092845
649792310
78646918
738200694
875154499
739134025
342116869
569206822
948229654
167026947
324367954
421556851
120054326
70843747
740630647
573375284
882081081
488470704
928419854
921114645
248004927
710923011
673658918
794289386
642234867
185501014
314116173
102740472
689075782
667637652
282748698
548056668
840517467
567829546
914243971
488721382
672470683
893477608
868296475
367542587
912135238
336194028
170209685
648816111
240022183
507236163
248004927
218935613
630174927
118971203
157633813
335362996
991400574
464850039
304122726
240523578
479686226
602121847
843974522
290767032
977967246
884750607
448224737
93232780
308753408
385988937
341482505
314978805
788975441
176717014
401016825
185819144
751885764
740630647
81151405
354740411
215826049
368896696
976793319
298620610
121211199
711265915
239487316
137158394
862137531
929788198
185930935
827441995
227002079
115590226
860849364
1037290
168210228
56358036
614380239
638552578
162101766
17357337
71211751
477044688
292621391
743859127
933891365
751885764
562311757
41906823
184151516
155114584
113370599
903424282
121413468
751885764
32287383
335362996
602121847
884750607
198025561
632710846
751855331
840517467
79184239
165105338
833452640
714797570
379135191
555389263
403726934
596813636
227255957
58334699
92363518
199826415
291848212
766429106
770935442
251297295
137738534
540791553
573375284
237212806
420825131
728091607
948682319
995547968
711265915
482020824
743945635
276654390
340980453
110211748
475732893
17263024
602121847
436715057
511967535
912208782
818129289
524799820
25322078
121413468
459756422
227547313
728091607
208917888
615305709
207908345
149544260
526321492
945309929
831512117
464168444
155210144
23482358
462480493
249420944
498943403
568044475
412533633
161300155
612599817
779342623
257723024
538224668
278976413
106230352
742140288
373635
636806368
75381095
507236163
186744648
630174927
129720502
683538680
755782021
504839515
539831708
399277013
394976523
653590576
748679205
723047366
903221914
329313371
681534609
680710130
705234926
824309164
912863145
660111903
812863006
124887470
405294950
572572981
982718955
131575202
513311900
988302004
151885830
743928632
346099179
315981739
700167415
39067567
957080122
897180209
570306084
653060054
926592557
156285460
339804099
217679471
108947253
781157806
137158394
361241811
36950332
400179022
686406158
704852441
986345000
151380753
354740411
489334816
216824
189874901
162101766
472230975
551121769
687024366
559116618
362578660
542272246
645220033
956160459
899384995
144577080
843974522
830211875
965243946
66430650
315367567
34850360
281255127
171232806
471460115
304697117
634247715
843974522
32111757
340980453
137067068
788975441
91159252
933505923
977485422
596813636
632310377
679855380
655015866
524632621
634388137
918108161
458432099
649329457
732402259
224148394
32384110
787922944
248312538
388177254
381298896
92758893
839709060
673643155
514802540
487814049
32111757
291848212
462480493
478420462
364670984
579923284
614380239
404462807
788975441
103961583
302049230
69947681
623801231
649032276
372439527
180313723
823168754
988302004
130159798
107816356
751109629
787638947
960973256
93232780
66923545
843410497
697866693
193634050
93898630
634247715
573375284
162645719
970826165
773118870
952079607
297721548
928419854
342330165
10862291
350706186
833629300
128171019
647996227
648998150
544186483
82229777
968294963
125575379
219684004
486167898
238401750
65265305
878068464
539913917
27810873
751469890
373227593
479810800
3384
698281494
493854947
520526224
498805845
548056668
928419854
273838604
824309164
494971987
181847325
124887470
251164520
227382860
778557779
52174437
602121847
467714031
700670907
156285460
639234527
512169521
884750607
165105338
417036518
669865308
25322078
567544915
4578874
248004927
198025561
738200694
549540629
823046072
987950418
806442151
108563469
493854947
880651670
953077261
750717281
580571220
200838840
482636632
679855380
891830383
903221914
326901762
251297295
788975441
814883038
393658570
808913967
269522820
893441124
898326027
775884401
783292975
548444787
173892136
772214221
884074591
996613410
630174927
747363900
405572486
162101766
312499983
673161982
32373650
478420462
750293608
868627083
718623787
477546440
207908345
824309164
868296475
793634937
598374889
298620610
424730195
314116173
778557779
150
912208782
565169814
991435600
386265640
225799444
540791553
290300968
29833021
32287383
940644413
195828062
281907154
168210228
568368152
14495581
484203106
545525098
654462853
281255127
744699154
514802540
165105338
413960064
486928367
51824576
579028910
738200694
326901762
1037290
699790997
167026947
130159798
280910012
121413468
251297295
466240339
465469720
129151366
344855359
353043308
672340633
239487316
686406158
365777724
208917888
444232445
159853745
602121847
254001635
67633894
844658114
26850209
938085523
709914649
482636632
945309929
329313371
239487316
16817851
477546440
30875494
795285863
946278411
345422821
855331021
393658570
820777211
931547905
444805188
179597442
943862778
625154788
273320985
174875262
988302004
156285460
552423479
516383057
841388092
108283794
494874175
622944085
672340633
621372446
982682385
843410497
683538680
486167898
375437067
275565123
262888379
224431366
168210228
452253610
721617140
360801914
995547968
225571740
557820851
366640883
891441699
168210228
798606947
985726234
748679205
295497184
802676821
677953081
316372179
79706814
794446911
314274700
807973025
515069803
184151516
146560339
79948406
354740411
170864699
912863145
540894262
586642853
93155124
109320
133992532
859069843
58020252
716100284
26919765
459756422
387120643
224334646
857806726
272879328
189874901
582005489
557820851
341482505
32373650
162101766
39218592
823123701
816020943
198025561
505115444
156285460
290767032
486167898
80847660
227465186
562986044
155817409
873735929
524632621
16165360
172901029
823046072
228602138
784744297
95673858
577654938
874520900
693572330
384951437
824309164
827874435
614380239
740630647
728091607
342330165
298620610
346154984
458432099
696974879
822847134
389927427
717552752
804193929
312499983
936340475
592941329
815106861
253043445
998890793
821987704
198447378
369865985
509053723
101758334
379235911
787638947
821987704
986345000
387120643
807973025
442060668
957105257
824309164
200016492
795165260
129720502
907924629
375803514
527170273
78646918
482866441
992780831
795285863
129151366
977485422
365777724
41343461
4198645
174875262
2537687
294780030
469256273
402737690
524632621
738252747
393658570
933891365
945309929
573375284
524632621
263293742
641387399
244546622
757526456
806442151
165803742
404462807
557337497
72477512
314972310
673161982
514802540
93898630
165803742
862636349
176301794
704852441
170864699
926817232
349603248
572434108
437969364
730076821
151667782
227255957
452065372
369865985
678930929
193992127
398089477
15185711
873735929
83761743
580573853
952041196
674803143
639098955
648816111
502723905
37628602
867677207
658516737
946278411
345422821
804872977
361442808
843974522
654167456
963962664
153316578
868524438
67633894
843974522
658516737
987206509
600906115
93898630
384951437
3998093
149884081
933891365
747363900
121413468
398089477
573375284
309914368
524632621
372339610
131225688
508584272
248590766
527030158
989456124
986345000
16977106
777161433
100441623
524651856
991435600
156285460
257886759
338911730
384951437
93934674
58020252
111434409
800440819
695194463
444805188
518215735
66605158
185501014
598374889
29303067
335362996
488951404
470251328
794289386
824309164
802676821
172901029
165105338
121413468
581062973
398089477
68746352
297721548
884750607
749018590
840697703
313821953
108563469
46598156
881775823
463535049
484057525
275205258
297721548
415385114
195828062
673161982
23174426
676555047
444232445
329313371
124887470
272166826
488102524
939820140
67633894
805000596
745810009
305597502
452736487
929724028
948641873
995547968
291848212
314274700
459756422
195828062
121541464
48630706
97113156
655015866
130159798
408126923
314413453
639033993
782625204
562986044
992780831
393658570
156285460
549502436
439033854
903221914
416976073
729747455
405572486
464675999
777493046
96507421
562986044
539831708
871678653
740630647
397129535
608423628
977485422
23482358
239487316
165420065
398089477
803039224
672340633
49954370
70490549
335362996
873735929
181281180
440864732
249420944
692458428
176717014
981904233
480076544
397274936
607196614
124887470
296197894
254839002
347090776
628903101
649329457
167026947
412957077
843410497
780068949
514811540
503444762
433157453
966475567
4578874
165803742
96177646
211624478
487624462
829563740
970078065
409323916
486167898
704827836
634247715
314116173
755633820
823046072
992780831
154178730
812815029
945309929
772214221
736517608
27810873
598374889
236592893
568731395
928419854
498943403
452035468
416976073
279191352
493854947
149544260
692313915
493854947
316372179
842176960
134049906
765135172
424614948
224026556
430767651
390066138
478420462
807973025
778557779
242026776
146527215
952041196
165803742
665074734
34220901
426379131
349603248
168210228
647523905
329313371
556007948
820301533
930128699
335362996
379972880
827710797
82229777
790962735
711265915
167026947
843974522
573156264
214099999
862636349
239487316
485326214
448224737
545525098
179597442
108563469
249420944
412533633
94455692
468515877
228538078
413960064
453301750
714797570
113728613
673161982
777161433
212508075
98819048
754968093
269522820
10806414
729747455
207908345
195828062
830922664
548056668
137067068
841865132
469337187
103961583
963962664
47603193
303361801
751885764
780068949
622490630
168210228
312499983
309914368
342330165
621900133
891814067
68389349
673161982
716200108
280128240
291848212
159853745
405572486
335901515
186587623
807973025
893832292
933866206
770935442
349120238
270501662
295281149
630174927
704852441
100441623
614380239
892381802
314274700
648556615
202765818
70490549
96746923
159263118
93898630
386510441
728091607
404462807
63464674
96507421
780068949
312084886
303361801
797726647
977485422
648351292
358966451
66430650
314274700
768731168
507236163
278976413
389927427
794289386
489334816
714094751
614380239
57793101
561380107
117643267
794289386
700167415
174875262
208917888
276414510
386265640
314413453
495288677
556007948
494874175
986345000
680748079
516383057
486167898
442976511
792123620
199260963
686590733
750955419
930801500
294780030
524632621
524867908
208917888
679855380
772110744
101077190
198025561
745810009
967155906
527030158
787638947
472553889
573440156
788655276
557820851
557820851
208917888
10
798607955
742734203
20952531
862636349
464269484
869931529
527030158
110624493
270710518
694531653
412188476
58020252
537400544
540791553
850728924
514245021
170864699
200574907
103961583
475634304
174337881
802916844
980877287
700167415
401016825
596813636
692416859
467714031
254591150
36015046
964982728
834429163
549424140
867677207
626701595
730666882
58020252
614380239
563189442
923285772
495780310
649032276
918670480
451927396
34850360
404994251
717552752
527030158
903221914
312084886
174875262
848405515
27810873
159853745
211960357
156285460
714797570
975786555
255571197
67086855
199009319
155114584
754870861
34356902
843410497
327033236
435793263
646067077
269522820
459756422
728251324
103961583
126752700
95673858
16043708
120972784
824309164
746937336
765066023
46701852
517001204
429009477
608423628
148516861
32384110
777358306
717552752
824309164
375415318
989768087
345422821
373635
240879853
127831982
24470069
936509881
670642630
807500551
398089477
865494791
661815621
248004927
379135191
165803742
878078477
461242616
745817933
294321745
992407830
630174927
679855380
108563469
790946247
118879312
159891957
464063534
284620145
379135191
109320
767723578
10
963962664
507634900
108282734
303361801
849859696
314274700
356556991
445713788
154064979
255804874
482866441
3761461
471888347
772214221
482205219
204434900
95673858
943057334
94631990
764325255
478779668
661815621
155114584
162452126
690319247
31386674
927456595
527030158
482636632
747363900
347090776
768540075
783143859
980877287
680748079
4578874
829563740
100441623
478420462
514245021
354740411
415385114
173879390
5831770
788975441
700167415
148516861
743928632
540791553
420676413
742643269
979138849
525842760
751109629
843410497
719189184
482020824
721617140
129720502
760906396
413433988
803039224
78646918
540791553
977820843
23420339
470598575
342330165
10
444487082
458432099
413433988
297390673
464063534
666398356
581264389
326901762
341482505
980877287
489304047
478420462
205704549
180422387
427494401
775465706
792862781
745810009
95080340
984954162
671862596
365697525
980877287
373089314
608567733
575023098
986447338
298620610
62533788
505115444
227382860
803039224
909390219
770935442
338557049
338911730
225799444
913408437
10
581264389
114617150
316372179
177874490
309186724
386353007
67086855
78646918
823046072
751109629
749018590
246938787
964982728
129943960
365777724
458432099
986345000
181519166
459756422
93232780
980877287
107816356
940644413
275127100
178339009
451694154
719347853
807973025
298620610
280128240
130159798
350835770
240879853
482636632
241874666
165803742
697613514
163410716
129151366
730106240
610617126
103961583
368137262
690319247
451927396
291848212
345240025
137158394
371827414
59282300
770935442
23482358
663204177
959594083
769929921
322761519
107816356
924908268
979992373
969375797
545950844
786079056
362603295
349603248
705234926
728091607
220427072
530304852
91604455
326567561
654167456
309914368
986345000
627934472
457562910
704852441
128423918
477546440
626701595
440249037
751109629
711258926
749018590
391050359
771576008
336782546
78646918
789577596
1037290
933413027
842242415
540791553
948336636
632076794
4578874
549424140
108181450
515752915
983676305
683538680
466269760
398730048
794289386
867677207
893449597
47245377
854086045
448224737
187256678
933891365
178257287
294780030
78646918
275127100
534337915
110468114
556007948
981340521
786140045
256569516
573375284
195828062
288085916
632594752
693038154
743928632
746937336
150
685461835
981981548
885392673
540791553
862636349
109320
849859696
131369515
412396169
672034679
946278411
820411826
495708032
732105325
965243946
345147202
999213685
748679205
962108634
482866441
928419854
704827836
802916844
341482505
294780030
308218049
114617150
121066415
199595053
980877287
207908345
801861041
251297295
408230747
67633894
67086855
354740411
961908776
273320985
779370659
178339009
83761743
895841187
32111757
860484166
853131341
446168799
189874901
654167456
66923545
548056668
95576823
117643267
540791553
817131558
487814049
56499861
348474856
946278411
345422821
402954349
818265792
163926880
416976073
199260963
556007948
456490181
673161982
130159798
456045764
842969901
269522820
113370599
46598156
950253170
806442151
387120643
439752238
17958675
313857689
557820851
806442151
369865985
199260963
728091607
95556376
884158612
997819256
964982728
297721548
697820796
148516861
269522820
556986912
38768204
239487316
227255957
103961583
34220901
930950114
105464790
581264389
658598262
67633894
734730873
128843115
696483235
372339610
698126014
145418080
75060343
353275660
113370599
281255127
67633894
554007422
602019379
634247715
303249923
444232445
255456966
156285460
1037290
436715057
306847245
614380239
294780030
598374889
537420086
388061120
105222774
482020824
958249828
116031682
2809942
472750916
648168557
795285863
634247715
462480493
696396044
639297959
823046072
451927396
912135238
787234688
470598575
222549083
121413468
764523640
372339610
39218592
225799444
136995482
992780831
843974522
121413468
109320
307513466
329404009
281255127
291848212
32384110
167026947
795285863
909087395
746937336
890411607
67086855
444232445
952041196
818265792
470251328
298620610
991400574
507634900
199785190
737943793
269522820
743928632
295874596
769929921
194908927
312499983
782530120
779370659
648816111
922756757
596813636
444805188
940644413
932141830
398089477
162101766
743928632
512416858
205361108
751109629
843974522
298620610
973646907
111374607
872061861
507634900
526929424
596813636
69349174
919965156
700167415
999661367
570736632
237224342
95507798
314274700
249420944
170864699
108563469
462480493
565137069
672520538
280710665
189874901
60628993
654167456
715263573
85339857
743928632
454618538
802676821
686406158
507883982
647034873
304697117
172901029
999661367
167026947
340980453
39909133
743928632
880152220
269522820
751109629
154221862
742534789
833369580
405572486
21049774
201694951
991400574
918218778
603345772
669989313
952041196
788975441
185972201
200354469
47425643
32287383
150
730648862
686406158
928419854
499209261
806442151
261752264
240879853
898721940
323466363
470251328
746937336
1037290
683538680
278805752
324367954
314413453
479393999
51066627
980877287
4578874
912208782
865544553
154221862
769929921
689075782
78646918
95673858
207880754
717552752
247963266
415385114
70490549
67633894
740630647
834429163
109798810
302108848
940644413
534312447
144577080
389927427
589931035
283664305
390537668
117166783
152655355
625454752
335362996
855762300
67633894
3998093
350754607
312499983
649329457
458432099
520934247
290767032
109320
482636632
606916116
780068949
711265915
405572486
138765865
314116173
387120643
124887470
514811540
645504367
858631987
802676821
607196614
743928632
912208782
351262792
457230381
878545911
967975638
557820851
769929921
88943881
227382860
494874175
68899906
109320
417065387
89405652
763522071
979992373
602121847
788975441
990667
108242579
898023165
824309164
51066627
555573743
747839557
117643267
892187151
143767694
96507421
915114859
378079785
95673858
804507242
906317842
92363518
719086289
658516737
209022082
92758893
913408437
233358834
93232780
539831708
32373650
208917888
885392673
199260963
131225688
479810800
130159798
375415318
751109629
912135238
137067068
769929921
150
225799444
542478566
770935442
183654654
865494791
952041196
193275305
493854947
961130325
493854947
711723610
55761537
505115444
991400574
632104362
16043708
121413468
918843573
404462807
472750916
649898401
318294545
167026947
173643577
67633894
364670984
986345000
798928970
98749861
210739136
307110768
198082308
993246911
176717014
516383057
458432099
478420462
908616936
696849585
163410716
211960357
300981600
187747321
289326721
773485779
211960357
327228717
806442151
149544260
276493209
305174163
521987645
410092009
470598575
113370599
365777724
336155572
402304050
482866441
409357614
282643678
405572486
327380566
121413468
149544260
367768904
918455197
163410716
792001698
67411101
867677207
156285460
184151516
602121847
527030158
865208848
479810800
516383057
663826086
929897356
498805845
714797570
743928632
170864699
412533633
1037290
290767032
616680013
632958124
524632621
743928632
221649833
883806918
229497945
849859696
482636632
716100284
820144652
766005377
137067068
165092529
129151366
386265640
979247020
884750607
138670244
145774647
358842476
553194839
144456107
992780831
78646918
474198881
746307019
200016492
146603492
663349178
444232445
359494757
630174927
977485422
242026776
954804427
117643267
96177646
952041196
868296475
127117961
68899906
248004927
992407830
903221914
345422821
319803301
778557779
884158612
58020252
778557779
66430650
50432203
413960064
349427567
453477609
429780214
346044255
389927427
73725445
349603248
32111757
827874435
672340633
899168667
642710243
443607341
728966004
715755081
608423628
945142868
649032276
672340633
562986044
851063715
208917888
774615224
42433846
240879853
690319247
507634900
980877287
644527288
738200694
401016825
172743589
893441124
3384
740630647
16334151
806442151
404650388
211960357
22608865
988302004
586511833
397403135
240879853
388061120
661975561
172901029
771909878
291848212
873735929
448224737
991400574
269522820
155114584
193992127
661038359
57409997
227255957
37482684
656093094
882842376
495182398
467714031
912208782
899162623
227255957
770111327
349183643
764523640
193992127
515411242
415385114
117643267
945309929
3384
137067068
423325721
109624313
887814280
707969705
193992127
600570720
487814049
179597442
67633894
698436690
559008057
82229777
286247828
136180135
204434900
843974522
605025704
96177646
721617140
686202208
670140639
779370659
37026869
513386605
705234926
661815621
650555698
444805188
209478357
772537922
269522820
114617150
193275305
824309164
974418093
849859696
399892454
48228617
456289274
313149182
383125670
341482505
704827836
273320985
870536546
746937336
274499836
354877805
345422821
663349178
704827836
752170418
246666495
768291340
365777724
169301630
700228235
269522820
788975441
41988867
397129535
673382132
69349174
151667782
151667782
314413453
514811540
568368152
742952487
662812735
66430650
938256094
883610241
316372179
963962664
745810009
158796364
42310282
107816356
485299701
316372179
125118390
953627445
314274700
27810873
502338750
759883714
117643267
345422821
874668115
117422112
93554313
278976413
683538680
495780310
105272897
716100284
728091607
446098863
914378998
249420944
871716110
172901029
648816111
717552752
165803742
100441623
281575528
207908345
827874435
70843747
243879342
865544553
968927061
935552873
185501014
78646918
444805188
67086855
802916844
505115444
130159798
823046072
977485422
121413468
3610685
493854947
94902478
602121847
926488746
792124321
681604777
777166445
913408437
316372179
202275448
487814049
379135191
648816111
494874175
687499068
714797570
415385114
76066318
802916844
478918179
174242390
404462807
174428315
349603248
186587623
536777289
156248765
346823948
222345111
179597442
575794608
503444762
373635
234038740
347591928
137158394
174216556
573375284
676194926
450093658
181326922
494874175
952041196
680748079
985698990
701929803
451927396
683538680
398089477
747363900
394169528
935658096
704936703
453586114
626701595
669989313
122597964
794289386
165803742
802676821
207908345
912863145
297721548
899952800
195828062
500277574
15170037
845306447
304697117
412533633
945309929
981870925
309914368
991400574
437529590
482866441
341482505
576149782
174710635
823111483
940644413
472750916
614380239
298038668
168523489
714592111
779342623
991902981
655015866
34850360
984266176
47492231
773485779
610990959
759407273
66430650
573375284
654687013
198025561
95673858
486167898
150643999
568368152
397991399
4826160
649329457
252701923
448224737
720367586
974160097
67086855
307906140
742814846
918055945
564228331
174710635
23482358
107816356
886305016
310959217
981870925
353158684
862636349
444805188
807973025
751109629
908995256
436358754
851772586
751885764
333994787
100441623
344383005
562986044
219740592
608423628
242026776
25322078
91409341
868296475
873857567
82229777
342330165
536927151
843410497
27810873
314116173
379135191
275205258
430002043
992780831
548056668
716100284
827874435
884690625
137158394
986345000
489334816
684836862
702847817
451927396
185501014
109320
927007356
575051151
467419563
673161982
602319700
16513444
753094437
634247715
354740411
174875262
549039263
794364493
494874175
802916844
379823212
152478694
216443174
453308291
241997322
1
162166058
10
933891365
880598781
505115444
184151516
424614948
824309164
607196614
96507421
368762009
470861510
630174927
445402741
248590766
980877287
686692206
716100284
275127100
963997615
23482358
963962664
316372179
557820851
125154928
884750607
48865016
412533633
251297295
608423628
240879853
208917888
452035468
498805845
415385114
388061120
536709815
342330165
290767032
977485422
388061120
168033101
641126423
746055656
150951153
176717014
884045602
740630647
983780318
770935442
913408437
413433988
545953181
477546440
269522820
743996089
803039224
539831708
227382860
686814131
743928632
66430650
820144652
333608554
740630647
811300631
883854412
914591038
473756604
875341091
413433988
772214221
570177836
912863145
674187872
541119460
497845870
248004927
587355226
416143067
193992127
778557779
365777724
165803742
482636632
704249062
816370772
740630647
498447451
662284329
478007946
112586761
23482358
598374889
731343667
519064067
216653869
137158394
248590766
890122792
531646479
861993920
107816356
770935442
820144652
270710518
952041196
775858335
962714137
32384110
649329457
927052420
649032276
667654555
427906510
318294545
172901029
903221914
980877287
596673427
207908345
673161982
655015866
163410716
716100284
995547968
218394077
278745449
857190977
226001542
486167898
717552752
708602469
686406158
193992127
329313371
214129582
417681268
151667782
643355190
961346365
207908345
324367954
726185148
170864699
349630031
507634900
717552752
514245021
648556615
93898630
227255957
876543704
1037290
746937336
778097775
769929921
309914368
199785190
135129676
854887779
184151516
185501014
721617140
459349127
33108052
516383057
859218141
151058135
210509486
614380239
486577408
227547313
829563740
617282960
485274962
236187612
823046072
999661367
340980453
557337497
540791553
596813636
482636632
204434900
993246911
66430650
463535049
31384732
642101405
558597778
548056668
401016825
154221862
908346092
426013394
637653710
806442151
649329457
916607245
477546440
418643015
751109629
207908345
668442522
568368152
653031455
940644413
472750916
329208617
590972246
807500551
402737690
369865985
32373650
335362996
372584029
444232445
418660508
666136594
803039224
711265915
673161982
193992127
340980453
831512117
482020824
65051180
992407830
641854295
940644413
729190925
621372446
204434900
110468114
749018590
573149001
442810733
980877287
117643267
477546440
561128054
298620610
950260664
69177260
128094434
415385114
100441623
674761743
167026947
585664747
568368152
577522161
493781506
353597546
352638317
4578874
275205258
858131261
124887470
933496964
67086855
92363518
805001674
503444762
96177646
263189128
868296475
640937783
706153832
673161982
528237931
662630260
700167415
581264389
153274477
384951437
628779024
305174163
251233016
975971369
227255957
180694615
981870925
479686226
216068294
418082527
32287383
309914368
345422821
844589348
58827665
365777724
72350626
514802540
962403917
114617150
909481575
275127100
995547968
507236163
19557093
335362996
78646918
412396169
880512671
67633894
839805262
459756422
398089477
683538680
721617140
912208782
316372179
637340591
93718562
788975441
275507421
912863145
933866206
356266341
129720502
752011124
772214221
900124234
176278431
304697117
840517467
109320
906815764
267664118
743928632
711265915
835336826
679162467
377178454
111556658
713768775
4826160
779342623
555685398
901287450
704852441
888423759
565104979
314116173
165803742
765344009
885392673
32373650
357851023
940644413
337460960
928419854
843974522
455400616
562131568
975579977
144577080
706153832
248438079
725845053
991400574
92758893
721015848
861831961
82229777
438367697
634860925
131225688
179597442
91503012
23757432
109320
514802540
482636632
364524469
856945483
107816356
565320322
275127100
865494791
82229777
598374889
561981414
189874901
167026947
524067753
199260963
829563740
704852441
836334488
704827836
976097866
323421994
915080904
581264389
165803742
401633063
123024579
310818301
10127585
587220085
413433988
793781441
586133484
39442365
379135191
5960270
986345000
858894555
386265640
336154866
598696257
745909959
751109629
573375284
372339610
384951437
401627516
316320730
608423628
1632019
658516737
341482505
485330598
670032532
842176960
910349924
141067375
275507421
556007948
401062440
46701852
90961668
412533633
448224737
950221777
955887318
929576439
922752669
526446593
915483882
171141067
389927427
477681290
66430650
912863145
613505290
777161433
787638947
185930935
673161982
70843747
574810909
92363518
956950084
829563740
298620610
189874901
620073635
114617150
124887470
725060381
743928632
780068949
659754288
400230634
404634256
437232602
180972776
539831708
837938728
495214827
418603743
728091607
181251949
320553523
949403672
113370599
248590766
234833364
248004927
428131251
91344483
70843747
280128240
14153830
649032276
918055945
87747769
249479266
70843747
843974522
778240676
240879853
686406158
983780318
291848212
19260819
9217083
649400973
329313371
185501014
540791553
820777211
150990710
794123518
705234926
144577080
287963282
458818561
92758893
167026947
195828062
345422821
779342623
184151516
498311767
246359453
280128240
303361801
316372179
516383057
817026220
48736231
829563740
275127100
806442151
338087931
840106428
155114584
349120238
486167898
149544260
100441623
891156987
928419854
479810800
551792207
494874175
170864699
683538680
497544031
349603248
297320052
100441623
986345000
487814049
562986044
718736237
121413468
947484396
634247715
436715057
34220901
424614948
556007948
364525126
404462807
463691867
672340633
154221862
462247416
794289386
398089477
988302004
216836194
327003401
189874901
16977106
55017542
493854947
843974522
318294545
527030158
743928632
912135238
482020824
716100284
419611370
458432099
275205258
847845111
137158394
270710518
178798618
364839183
769929921
533245349
474442162
738637037
346934662
655015866
57898793
27469991
347090776
305174163
341576408
67633894
56577279
154221862
218429437
862636349
338477161
343709458
773485779
749018590
109868068
912208782
109320
607196614
156285460
317687572
154221862
278976413
516383057
810950373
807973025
743928632
690586170
632935705
174875262
251297295
93898630
191232951
432738959
404462807
649032276
335362996
1964661
918055945
163410716
368129285
983780318
856868616
824309164
56547190
768731168
150
249479266
307123239
184151516
991400574
467714031
468650466
988265960
361720173
581264389
227465186
623131426
225799444
295216957
415984038
4826160
