296462091
275507421
689075782
371017093
254505554
845219046
134548192
290251371
472750916
27810873
556007948
117643267
188367892
751109629
365155651
440003093
380110346
401016825
498805845
123310938
251297295
92267645
751109629
283128985
896299956
885392673
159853745
977485422
298620610
162452126
364899152
697922245
4578874
945901724
493854947
41841774
977485422
597674278
184437085
714797570
981547355
314274700
806442151
96507421
983780318
986345000
677243510
403867248
639114410
205128357
83761743
137067068
384672690
149544260
384951437
1259674
482636632
569525935
69349174
272411043
629772226
412410545
777161433
750730591
117643267
69680170
706173905
439752238
185501014
482866441
207908345
458692256
69349174
820777211
193275305
746937336
486167898
787401887
630174927
388061120
227382860
297721548
649329457
834429163
39218592
342904685
304697117
634247715
458432099
4826160
711265915
314413453
83761743
32287383
248590766
614633990
271298252
369865985
575078685
388061120
555573743
772214221
773758704
856034847
32384110
241028607
598374889
341482505
578705364
642431584
605760750
239487316
734526271
280128240
689075782
227547313
886873763
434423754
505115444
767001231
137158394
818347915
587220085
549424140
503296297
686406158
114617150
578211152
955838456
273320985
992780831
4052312
324708901
649032276
227255957
246367897
971250990
447769822
953244714
290767032
603742788
602121847
494874175
952041196
884158612
780068949
17637131
32384110
139318304
248004927
539831708
362603295
208623167
568921405
823046072
763805988
242026776
184151516
92363518
868296475
269522820
467714031
375415318
868296475
269522820
92758893
369865985
634445127
375415318
337072028
23482358
580449505
807500551
578032
843410497
299630071
498535365
131225688
654167456
177897719
275127100
270694312
495743413
18096722
831512117
216003023
442641731
199260963
227465186
96177646
877789468
34220901
981487787
384202939
129720502
746937336
354740411
335362996
393658570
514245021
803039224
512731279
779370659
507026189
829563740
992780831
663676998
967102009
125260852
996948315
347090776
412533633
802916844
275127100
450111664
93232780
1037290
877526078
310252326
986345000
751755736
225503426
527030158
498943403
193992127
109320
424614948
99015781
479686226
602121847
768731168
711265915
146554252
698436690
487193179
686406158
472750916
505115444
716100284
469465891
162865447
802916844
980877287
193275305
992407830
290686040
993246911
608423628
868296475
195996511
614633990
514802540
239487316
675554686
924544553
393658570
786028049
912135238
370289902
588249294
794985512
144577080
96507421
389927427
183582493
354740411
436715057
843974522
539831708
189874901
373635
704827836
314413453
941390105
349603248
482636632
658516737
792988896
865544553
147453063
637653710
14675025
92758893
353036730
291848212
345422821
807817565
379135191
862636349
312499983
587139746
51488499
772214221
248590766
568368152
952041196
175390041
874036995
239415150
735266449
294780030
386265640
765425077
654167456
547877921
721617140
362399368
193992127
673161982
550148191
591229286
872023611
274254268
148516861
69349174
281255127
42310282
58020252
979992373
854973896
524632621
180671945
137067068
505115444
199468674
505969429
442565230
614380239
154221862
482020824
637029567
42310282
168210228
178339009
999661367
415385114
219779967
232736959
963962664
314622220
249479266
66760996
221702422
70843747
275507421
673161982
788975441
205724796
387120643
248590766
134709243
495780310
269360420
280128240
376866300
928947668
275507421
290437579
798240013
539831708
457230381
614380239
249420944
168210228
225204877
928843250
383571298
787638947
144577080
10
1
100441623
565079108
829563740
312999501
806564977
4266543
527030158
270554085
227547313
623927449
602121847
42310282
298620610
92758893
41391535
275507421
66923545
928419854
344383005
614380239
568368152
415838142
962403917
995547968
976643276
980877287
827874435
415385114
135044582
673161982
66430650
67633894
11951433
885392673
695916221
23482358
849859696
67633894
963962664
945309929
979992373
314274700
904269647
314409236
167026947
408993649
648816111
290767032
68292401
171158632
918055945
714797570
747363900
763203212
679855380
450719840
992780831
208917888
695830197
997196333
462945189
540791553
411129845
478420462
233998485
624263176
841972588
660804405
768731168
444805188
373635
680114664
709235404
162101766
988302004
253153033
186587623
70362533
770935442
634159106
787246070
686406158
23482358
607196614
787638947
312084886
999661367
890301484
514245021
854887779
650250345
932460295
840127167
769929921
514811540
704852441
918055945
482020824
95673858
984022275
103961583
946321609
794895594
189880799
505115444
324006119
537809966
165741556
482636632
337727631
214669381
655015866
957783382
130159798
451927396
320257240
274230920
614380239
415385114
443510022
850241891
607196614
656201798
69349174
660747256
432722389
150543899
648816111
849859696
174875262
728091607
362603295
843410497
574916176
269522820
550189855
993246911
513926853
480148594
751885764
837827092
156874902
412533633
615482341
803889979
498863935
899162623
607196614
183677062
27810873
912135238
548056668
459756422
178339009
70554124
162101766
439752238
705234926
249479266
568368152
658516737
389927427
654167456
200016492
860587133
735162314
436715057
146338384
829563740
686406158
993393780
412533633
320581422
865544553
527386718
388753077
310477326
557337497
635948610
596472570
415180475
248004927
903221914
32384110
933866206
66424397
673161982
818265792
83761743
986694856
397991399
755144549
342908870
958985173
796592304
486167898
794289386
227255957
124887470
581716718
980877287
90446192
467714031
743928632
314274700
714596694
745810009
67633894
108563469
403119669
195828062
96177646
277350160
608423628
34065036
568368152
456259838
771631427
873735929
630174927
779342623
511617802
655015866
560181986
540791553
983780318
752554562
58020252
249479266
683538680
477546440
83761743
817034896
292335547
898721940
687606911
67633894
685942192
698460952
199260963
207908345
298620610
843410497
653123312
185501014
96507421
113370599
313335395
795285863
807973025
689075782
602121847
802419231
663349178
227547313
783406515
514245021
256925803
472750916
309914368
964441281
412533633
238758937
96507421
545525098
44889566
749130670
425024844
548056668
448224737
614380239
309914368
193275305
970498357
657564527
818265792
545525098
198025561
742700428
967595835
165803742
297721548
227547313
297721548
780068949
928419854
673161982
981870925
53718353
179597442
347523566
802676821
345334169
452035468
149544260
113370599
340980453
489334816
912863145
986345000
581264389
291848212
309914368
614380239
482636632
745810009
843410497
19248097
489334816
568368152
362253253
498805845
280128240
963962664
988265960
950277591
581264389
717552752
917140020
382314107
249420944
479810800
964982728
785778864
648816111
93232780
178339009
569140121
208917888
774179791
10
107816356
389927427
692449112
444805188
96507421
658516737
947813186
412396169
377347485
249479266
81572006
387120643
716100284
649032276
495147054
811539801
654167456
389783657
597737744
945309929
874143082
46701852
269522820
542652274
338911730
338911730
717552752
404462807
718246701
986345000
110468114
992780831
137067068
940644413
524967077
933891365
502180811
626576068
854600905
161609424
3384
596813636
865544553
260221124
269522820
963962664
142935841
743928632
348502872
95738305
514811540
614931758
388061120
326901762
607196614
983713492
177808311
275205258
634273773
131225688
777233767
506371343
10
557820851
93696431
802676821
1037290
365777724
773485779
397129535
95673858
457230381
843410497
48321886
906578524
401016825
942144174
199260963
843974522
454933126
354740411
257693868
379135191
158013350
436715057
673161982
802916844
137067068
704936703
451927396
200016492
861404476
482866441
389927427
704852441
838237181
484555724
673840447
736101494
167026947
198025561
850730129
505115444
967102009
136883191
3384
130159798
314274700
32287383
918055945
743928632
541387784
630896415
488087954
211960357
699054054
415385114
3998093
558946419
487814049
502927769
252907764
384951437
648556615
213386798
204960085
295843812
138005024
151667782
992780831
992780831
746937336
641834957
905674914
347090776
381654488
686406158
787638947
901566952
582219849
169149190
807500551
614100150
246052521
516383057
341482505
912135238
1
794289386
242026776
864080796
874785514
164893421
556007948
416976073
804639013
884158612
384951437
770935442
23482358
320027080
753072422
912208782
414703742
746937336
244544130
427016341
345422821
632780148
493854947
751109629
297606865
873735929
813450165
347090776
952041196
66605158
609373773
33326578
67633894
903221914
855748206
178477175
242026776
912208782
17820429
863515788
96177646
493854947
46598156
305174163
66605158
689075782
778557779
92363518
364670984
364670984
991435600
291777708
144577080
314413453
314274700
779342623
117643267
867677207
129720502
291848212
986345000
602121847
991400574
269460902
436715057
153437379
988265960
764031172
548056668
198025561
172901029
362603295
524632621
963962664
803039224
111181156
397991399
309914368
193275305
92758893
768301063
918455197
212738157
774956470
596813636
459756422
884158612
912135238
678931358
992407830
929788198
93718562
248004927
799503693
342896498
467714031
795285863
18511294
630174927
241107535
436715057
351103333
314274700
305667363
100441623
496000167
181847325
981870925
805251172
751109629
986345000
777161433
316372179
154221862
305038003
700167415
716574648
93232780
240879853
489334816
690319247
275127100
273320985
318398816
787638947
751885764
248590766
779342623
865494791
804326375
108563469
802916844
832409428
746196395
486167898
460425918
52313246
107816356
140660040
8799197
394747514
470598575
501227363
514245021
527030158
794289386
467714031
280128240
527030158
23846060
249479266
795102269
703300587
309914368
992407830
458432099
873795417
58020252
828716663
843974522
602121847
393627194
634276324
294780030
744858282
463535049
607196614
349120238
671794343
481268629
100441623
823046072
393658570
467714031
963962664
168028385
129151366
150
988149906
920304596
224519880
898811988
169665349
805688266
227255957
533945887
5043603
721617140
751109629
251297295
730915407
648816111
4578874
124042321
683538680
93718562
3384
576558043
457230381
188079704
482020824
189905082
464063534
70490549
391296297
312499983
820777211
294780030
39218592
477373927
416753665
305174163
803039224
482020824
195828062
493854947
787638947
274462861
227255957
448224737
479810800
459997067
745810009
32111757
59460152
92363518
933866206
386265640
898550270
340931301
96507421
515488218
786786804
137158394
843410497
436715057
193275305
608423628
697001194
210391735
817756078
100441623
227255957
291848212
169653574
282909651
248721395
56970603
663349178
207908345
928419854
44038029
369865985
873735929
465359805
170864699
940644413
178339009
146062135
909823017
23482358
868259885
619667700
444778790
354740411
898361244
113370599
953958726
349603248
249479266
360283070
928419854
747363900
750994598
743928632
548001319
721617140
52329346
78646918
424614948
769929921
862469820
46598156
172901029
75799018
446267985
960211608
773118870
290294496
225799444
275507421
185930935
253297578
326901762
843410497
172606270
860910837
478420462
58020252
967102009
224026556
527030158
843410497
249479266
83761743
388061120
324367954
587220085
783957536
481319872
614380239
188491536
168210228
621738522
690319247
653035481
349603248
540791553
549424140
155114584
503366674
764523640
399682051
843974522
354740411
236473752
495326739
626701595
704852441
251297295
873379217
200016492
559705489
1
489334816
507302755
326901762
34850360
745810009
992065448
149544260
345422821
34850360
46772013
841298180
275205258
227465186
495297305
545525098
679855380
827874435
148875651
963962664
963962664
482866441
127945223
933866206
74268689
224080544
979992373
310325773
773485779
278976413
986345000
482020824
67086855
672340633
1283427
16043708
199785190
280128240
109910129
151667782
876241226
117643267
365777724
738200694
318294545
918455197
270710518
686406158
156285460
364670984
248004927
952041196
180575364
664302799
176717014
787638947
545525098
295674408
783591403
27810873
933108175
527030158
280128240
379135191
402737690
251297295
395323467
93718562
159853745
721617140
452035468
129151366
156285460
498943403
14601180
912863145
823046072
269522820
820777211
47201529
233827009
716100284
137158394
749018590
165803742
314413453
704827836
884158612
983434301
131848793
498943403
698909691
184151516
406875989
69349174
717552752
489992027
773394403
956716260
67086855
303006074
943984124
796527909
827874435
439752238
443607341
662032620
348692062
459756422
698436690
608423628
751109629
470251328
884158612
174710635
316372179
585240519
701169178
331828104
129151366
614633990
316372179
275507421
878563416
913408437
627012766
397991399
663827000
919965156
375415318
894203810
484968305
32287383
885392673
919854691
779084657
305174163
649329457
318294545
617679730
954019651
1037290
204816918
862636349
240879853
364670984
66923545
470251328
347090776
463535049
905839793
34850360
451927396
111628494
795942764
334744339
486506698
802676821
34850360
185930935
252986054
439752238
227465186
34850360
995547968
314848769
227547313
478879573
634247715
746937336
503444762
555573743
860358348
181847325
208963201
983780318
913408437
842176960
240879853
281255127
154221862
120902074
795285863
439752238
698436690
439752238
349603248
233770708
486719746
347090776
290767032
83761743
576123428
412533633
440949821
415385114
27509577
96507421
388061120
251006150
899162623
3384
193275305
459756422
199074478
862501889
1
630174927
424614948
185930935
686406158
137067068
327392355
412029728
67704718
472750916
207908345
933891365
239487316
770935442
658516737
206189401
993246911
312084886
764523640
174875262
155114584
66605158
275127100
745810009
120086327
751885764
179659209
281255127
444805188
967102009
843709277
938665931
614380239
457230381
199260963
114617150
445657339
737889197
823046072
988265960
385762645
129151366
843410497
747363900
431217429
463535049
636087825
956356779
386265640
305174163
614633990
405572486
172901029
338642102
819701098
455760092
963962664
436715057
342330165
162452126
323946958
557820851
655015866
803039224
130055567
725950529
170864699
129720502
806981591
649329457
912863145
27190958
479810800
721617140
168210228
648556615
836295647
993817017
341482505
23998489
751109629
660595824
298620610
365777724
482866441
341482505
652924306
898721940
83761743
261802003
512777976
787638947
473354259
680441459
505115444
448224737
933866206
964264182
429420370
757438719
179597442
964982728
856988349
25257835
175293596
991435600
862636349
42310282
991400574
349603248
634844126
743928632
153299452
453897595
262678928
979757986
977485422
172901029
410180627
246048793
459756422
202134130
624115930
581264389
887652099
690319247
459756422
335362996
865494791
918455197
821987704
757718351
498805845
107816356
56292065
676031602
398089477
170864699
903806137
78646918
873735929
539831708
92758893
70843747
208126783
831701656
997402127
999204696
686406158
443485982
628181343
848727796
628333831
472750916
700167415
312499983
349603248
992407830
96507421
344502318
637653710
517148732
789837172
802916844
270710518
684775320
981870925
359360133
32384110
100441623
280128240
487814049
472750916
541969987
483683346
691892498
185501014
482866441
986345000
680455472
177021760
58020252
768731168
673161982
401016825
269522820
275127100
504063134
96507421
304697117
329313371
729989753
862636349
862636349
272042971
920939995
398089477
340980453
93898630
32287383
103043572
690319247
964982728
227465186
367698197
312499983
275127100
908779555
224544108
664240918
176955982
823046072
738200694
575707003
690319247
969394064
752256363
532302379
86979761
549424140
630174927
595582343
454933126
227255957
248590766
868296475
168988452
185501014
82810485
769426120
335362996
912208782
679855380
711265915
561022959
291848212
720033091
167026947
607196614
77085521
316372179
661815621
598374889
598374889
933866206
843410497
324367954
242026776
439752238
314274700
165803742
345422821
649329457
444805188
607539831
714797570
995526145
827874435
467714031
841004256
275127100
716574648
81180520
144577080
179597442
764523640
121635037
209965050
397991399
227382860
467714031
988265960
667192630
295860277
614380239
416183225
493854947
326685256
199785190
82334658
178339009
291848212
39235040
788975441
284507692
451927396
674682538
316372179
117643267
227465186
645500902
519567372
928289225
515867948
95469004
298620610
498606140
73886947
595611343
114617150
626769136
862636349
470251328
991400574
806442151
986307067
820777211
607196614
452035468
705234926
933891365
607196614
108563469
479810800
124887470
992407830
381649070
869506267
18702932
3998093
779342623
232021510
149544260
444232445
594230693
556164828
986345000
568368152
314274700
479810800
828616423
986345000
248004927
4578874
70843747
477527716
482636632
280128240
577533184
444232445
51066627
198557391
952662503
268910250
995547968
827874435
495780310
656548912
158616038
843410497
117053546
977485422
619548018
251297295
884750607
129151366
312499983
457540512
692691500
16977106
340980453
993035633
616838013
557337497
632315826
379135191
208917888
827874435
389927427
918455197
714797570
751109629
769929921
70846413
712137934
69691692
486167898
66923545
271349402
159853745
607196614
340980453
270710518
740630647
83761743
290767032
681234037
448224737
704827836
10
227547313
4578874
318294545
717552752
373635
270710518
401062440
849859696
812866866
388061120
107816356
717552752
555573743
404462807
451927396
67086855
297721548
897308786
494118932
199260963
476862612
479810800
767597834
227465186
744684454
489387265
364670984
103961583
167399572
945309929
634247715
474492732
168210228
324308501
3998093
598374889
795660840
69349174
949466018
803457874
185501014
959853784
372100139
342584989
97850523
885392673
634247715
349120238
298620610
275205258
704936703
186587623
44886889
721617140
150276058
25322078
642805170
67086855
329056097
533763581
585240519
778557779
383323657
108563469
354740411
460898486
554751982
277121779
150
843528531
387120643
787638947
717552752
210113012
498805845
831512117
80591005
208917888
109320
131225688
992831416
827874435
240879853
568134038
650370462
360666184
704827836
34656888
539831708
527030158
700167415
824309164
34220901
137158394
623143390
680748079
697478815
564544110
626701595
275205258
349603248
988302004
436715057
3193008
167026947
241105451
713620440
113370599
199785190
499597221
733317867
707678317
66923545
842176960
995547968
172901029
135334898
675365744
912208782
477927472
114617150
312507496
721617140
103961583
218486518
129151366
700167415
486167898
838938872
407637570
649032276
916650036
69349174
748800647
248208586
384951437
619784512
416976073
168210228
943111231
193312344
781741048
198025561
498943403
43453931
379135191
416976073
736007634
278446458
637653710
773485779
862636349
386265640
345422821
227547313
503444762
928684606
167026947
34850360
548056668
650335026
649329457
329313371
364670984
577578811
1559470
868296475
895305477
347090776
980544937
4578874
302135327
156285460
349120238
150
912135238
698436690
649032276
843410497
916912446
626701595
433829661
32384110
444232445
486252272
249420944
663349178
818265792
413433988
955747219
764523640
278081176
470598575
711265915
673161982
983780318
658516737
614380239
189874901
195828062
320850325
527030158
631935277
716100284
199785190
167026947
493854947
92758893
92758893
567665127
243956086
124887470
362603295
980877287
896196869
260959048
78145526
995547968
10458414
3761461
764481652
956730947
488102524
364670984
313767582
227255957
980877287
95673858
333812942
823046072
568368152
825109403
125549878
314409236
221765796
540791553
705234926
459756422
439752238
372339610
661815621
494874175
401061361
517157543
829563740
449366222
967102009
24689576
58020252
890067672
22258503
686642576
164015233
507236163
227382860
705498213
507634900
314413453
195828062
242026776
349603248
131225688
195828062
345422821
349603248
150
92758893
770935442
778557779
516383057
478420462
714797570
404462807
195384505
831512117
648816111
773485779
683301656
322108235
83761743
947023232
680441459
365777724
291848212
933866206
477546440
433895087
154221862
375415318
540791553
683538680
962028862
236536692
165803742
986345000
159853745
66605158
439752238
649329457
902057107
698323482
238641557
949963988
769929921
277185496
324367954
183235224
721617140
181847325
909212215
391449133
150093553
482636632
248004927
459756422
893427856
764523640
467714031
714797570
661815621
919955062
831564625
183057450
92526383
945323069
275127100
218796754
359698964
58020252
564800210
771624056
16977106
716100284
125575379
818521539
780068949
608423628
194194097
973619473
539831708
186587623
621372446
658516737
623836076
208917888
617177088
479810800
925293887
873735929
555573743
137158394
233792845
323249897
704852441
984013571
202399584
285292173
838244192
124887470
882880384
463266851
503337797
669989313
787638947
25322078
121413468
489334816
923660283
248004927
979992373
296435025
991400574
992407830
349603248
743928632
314274700
362603295
637758939
335362996
23937500
958586795
45869025
46701852
509535031
516383057
62448701
770266771
988302004
340765071
34220901
225229099
585240519
45156877
170864699
453285725
991400574
415385114
329313371
487814049
744448245
745810009
34850360
130159798
988265960
534937612
39653792
489334816
340980453
747363900
100852498
198197012
415385114
388060035
186587623
42310282
858975363
372020821
428335486
950631651
178339009
342330165
66605158
121413468
278976413
873735929
253085172
117643267
22574210
852903918
832594119
747363900
4578874
442905139
470598575
686406158
438778617
114617150
216339147
314413453
206060130
977485422
25972880
444805188
608423628
326901762
454912431
787638947
564215777
3466363
792454243
208917888
747363900
440801914
480348947
416753665
363426727
625487450
189874901
248590766
545525098
802676821
83976529
540791553
412533633
275507421
787638947
490936505
654167456
751109629
268021268
704936703
93898630
36895635
164157977
862636349
801020305
704827836
875541635
468081768
337357872
913408437
49415368
46598156
873735929
60061792
95379785
602121847
156285460
614633990
986457709
29388448
1
162101766
709511922
155886613
663349178
304697117
129720502
108455082
127115387
249420944
648816111
438439377
806336218
806442151
93232780
498943403
818292463
585240519
843974522
402737690
854766603
300191237
137158394
464063534
743928632
920701992
598857453
823046072
462480493
163618629
316372179
282988142
178339009
482866441
865544553
3384
124887470
138348970
273320985
9296155
148516861
889244143
493854947
122963151
379135191
818116845
199785190
103718431
304697117
365594816
983780318
919965156
249479266
648816111
577845699
5255536
764224098
873735929
329232672
753811986
398089477
865494791
144577080
446856267
686406158
734046924
728091607
788975441
229922429
911664139
592506034
167026947
126512928
517161076
993246911
694230031
329313371
356017038
32384110
10
872840764
103961583
250435199
854887779
507236163
562986044
251297295
373635
865544553
843750793
32111757
10
825108623
314879612
868296475
163972017
185501014
314409236
738200694
102508166
566675600
198025561
991400574
791511116
125575379
415385114
250669902
436715057
514245021
70513569
342330165
259951572
148516861
849859696
820777211
470598575
516383057
477546440
210503415
787638947
633144136
131225688
543289459
275507421
999661367
884750607
175925361
270710518
342911012
304697117
740016792
438978486
427458948
414901318
248590766
979992373
302339750
503444762
488102524
312084886
660506601
67086855
294780030
602121847
148516861
223949823
265723037
755438875
174783901
130159798
239487316
865494791
132550327
202758480
3998093
704936703
608423628
928419854
873735929
636509886
62449475
642257461
747363900
369865985
129720502
679855380
184151516
4933069
648816111
698436690
746937336
886312965
981870925
426933051
397991399
340980453
103160501
369865985
23809382
138733104
32373650
986345000
305174163
606399726
114617150
124887470
96177646
526048852
977485422
33608242
871636734
472750916
269522820
678135875
630174927
661815621
113370599
912208782
305174163
354740411
326901762
721617140
721617140
16977106
272746066
705234926
711265915
181847325
144577080
275205258
680291089
291848212
794289386
149544260
64797353
93898630
227255957
562986044
774221617
779030417
133420891
179597442
889700276
482020824
557820851
550725479
367466904
193992127
459756422
873735929
573375284
290767032
193992127
192974074
598094827
747363900
393658570
482020824
342330165
840517467
779342623
572976269
114617150
900397249
3998093
140138548
844689629
459756422
148516861
581264389
603514488
648816111
413960064
272448713
314413453
819202160
1
137067068
275205258
750025993
568368152
434608986
827874435
303361801
487814049
901585826
269522820
174875262
150
546047519
689075782
397991399
385221426
568368152
184151516
700587496
630174927
904604675
450338969
39218592
988302004
865657191
785807084
225799444
758759644
208917888
571932295
773485779
918055945
831512117
708232290
615074323
787638947
928419854
4826160
912135238
453641517
498805845
151338387
16977106
397129535
113370599
635034166
992780831
986345000
416753665
58020252
601158674
342330165
92758893
802916844
525234942
457230381
416976073
193275305
482636632
794289386
227465186
379135191
913408437
776465884
843410497
547204513
749018590
130159798
961918648
470598575
294650737
729190925
448224737
32287383
32384110
32384110
32125777
716574648
70179378
842176960
988265960
507622215
865494791
430089775
178457472
854675925
3998093
740630647
66605158
32373650
130159798
856512688
902779178
918055945
717552752
706153832
991435600
649032276
992780831
725942887
622339734
199260963
614380239
347090776
77528954
953036890
249479266
130159798
505115444
704852441
191521789
347090776
186587623
746937336
32373650
940644413
189874901
843410497
35240853
32373650
273320985
514245021
165803742
150
27810873
178339009
457230381
938578830
144577080
148516861
39442365
940644413
235716101
933866206
165803742
235513465
762949859
557937593
389927427
71534861
239487316
708741911
633743129
130276621
312499983
82229777
738200694
365188056
167026947
562986044
849859696
776155889
988841288
482866441
197197448
503444762
398089477
314409236
69349174
298620610
154221862
770935442
172901029
865544553
235052118
176717014
93898630
966459804
10242771
506952604
67633894
128501934
416012383
298620610
101947935
873735929
469337187
83761743
972097288
95556376
130159798
478420462
744987054
843410497
280128240
717552752
174875262
95673858
873735929
155335275
840517467
398089477
176998607
133148553
505115444
155114584
32287383
321989052
514245021
108563469
736108636
45274224
405572486
341482505
549447095
165803742
693172103
770935442
39245518
721617140
278976413
18788100
763370442
507634900
806724554
125427034
360596254
114617150
226826198
614633990
422892688
342330165
807973025
221119963
237814356
340980453
322763936
728525837
249420944
354740411
89878572
614633990
412533633
123123758
789751855
991400574
156285460
444805188
137158394
747363900
394138448
655015866
364670984
607196614
196158684
743006347
444805188
354740411
623530228
873735929
641752137
784360948
607196614
852989265
698436690
70843747
113370599
242600327
163410716
39835386
156285460
714797570
4826160
259581718
347483522
861659997
758820065
373635
211960357
479833929
144577080
349603248
32287383
228401062
675141449
389927427
184225761
178339009
475866024
704852441
820777211
148516861
988302004
366995531
514811540
114617150
580543888
32373650
774059960
489334816
652339101
585240519
703079049
248590766
449951875
690319247
196178149
401062440
162101766
384283397
80423074
1037290
76758287
342330165
365777724
669940783
964729719
431733113
557820851
373635
607196614
316372179
608423628
999661367
251297295
614380239
375415318
788975441
457230381
423068975
683538680
983780318
441291254
841558354
988302004
964982728
336135922
222303085
672593910
478420462
503559902
864989351
704852441
876656995
991435600
25322078
615904858
995547968
25731780
745810009
764523640
507368284
92758893
912208782
893344781
884750607
314409236
862636349
928419854
168210228
355769573
80418363
728091607
103961583
410327299
686406158
96507421
204434900
362603295
507236163
314274700
172901029
46598156
114617150
228584880
108563469
329844893
802916844
389927427
840232647
227382860
163410716
165105338
662516000
912552008
580385343
39218592
856452764
413960064
505115444
97549280
324367954
981870925
643198070
765920798
2050157
298620610
812148049
280128240
347090776
167026947
721617140
186111066
520604878
626701595
913408437
945309929
505115444
613578651
495780310
467714031
165803742
331357153
880825189
988265960
332508954
654167456
951499788
527030158
170502610
820777211
552493586
362399368
48899115
676337515
1
873305459
712095409
634247715
485514008
829563740
596813636
423955605
867677207
558436594
992407830
77301701
928419854
568368152
148516861
743928632
73903144
865494791
477375167
3998093
276210579
69349174
34220901
690319247
194321833
405572486
67086855
477546440
444232445
375265809
251297295
704107204
526513204
451927396
4826160
588008428
527030158
650231452
304697117
318294545
884521687
92363518
482636632
891413809
3384
770866147
777161433
561704370
524632621
103961583
19913770
885392673
194467970
773118870
510185728
314274700
448224737
83761743
714797570
652806862
489334816
69349174
68378358
898721940
801133352
693144938
248004927
191775692
27810873
539831708
489334816
340980453
155497983
794289386
634247715
828935009
745810009
451693294
144577080
773118870
648816111
4826160
269522820
174492664
32384110
745810009
883280343
237788569
93232780
74208997
100770198
842176960
340593019
326320220
706829250
405149885
486223991
345422821
992780831
648302720
458432099
873735929
884750607
225083389
304697117
713485485
259128981
176717014
198025561
248590766
231472795
546786319
581264389
69349174
820777211
280128240
884750607
966861822
291848212
436715057
573375284
314409236
159853745
249479266
319182975
683013198
655189413
514802540
479810800
824309164
704852441
199785190
672340633
201669587
988302004
96177646
607196614
602121847
324367954
32384110
269522820
389927427
689075782
159853745
698436690
364520492
400264877
898721940
207908345
58689610
948230391
347090776
967497390
656563723
614380239
275205258
772864835
954817402
70843747
415385114
802916844
130159798
505115444
479810800
539831708
948343198
578537779
921677809
846832500
704687092
172901029
340980453
824309164
622270403
444805188
26246147
326901762
739418644
3384
183919812
25322078
202671182
448224737
705234926
621024564
172494758
749018590
751885764
773017763
444805188
705234926
457230381
281255127
362399368
4826160
703848519
444805188
519123882
227465186
867677207
207799405
386265640
964982728
738200694
658516737
686406158
151667782
282027088
151667782
820777211
240879853
644290275
622315214
507236163
997802194
472750916
709235404
58020252
354740411
4578874
415160133
69349174
402737690
185501014
415385114
393658570
406388752
67633894
421682270
150
341482505
819244384
713620440
386265640
928603674
834429163
96177646
107027812
113370599
291848212
517952360
437011782
59924164
479686226
585240519
536251445
290273228
168894154
93898630
779370659
345422821
314413453
39988889
451441635
44218089
843410497
963962664
342330165
208917888
335362996
788357961
112097457
630192017
341482505
373635
903221914
802916844
196609113
426467295
743928632
1
991435600
27810873
110468114
865494791
738200694
863536139
416753665
309914368
370167267
216218336
78646918
898721940
751109629
537870497
31413414
714797570
342330165
648816111
919965156
314661162
117643267
898121579
3998093
290767032
415385114
92758893
225799444
565863234
660157504
889982725
443607341
807973025
486167898
349603248
482866441
107816356
614633990
724054146
261251799
436715057
698226331
679855380
731338509
518591110
203689541
683538680
512043631
195928415
320464941
498805845
706153832
10
963727421
157697740
372339610
444805188
250564134
375415318
198025561
795285863
172901029
669989313
270710518
657554212
607196614
375415318
451927396
443607341
521048568
444805188
933891365
884750607
270710518
479810800
32373650
807973025
494917514
372949939
273320985
524632621
355559887
648556615
659268932
698436690
626701595
92363518
520093963
983780318
32384110
350028009
458432099
397991399
435355611
581954961
790080263
549761124
159853745
113370599
122562826
3384
723870248
843410497
405572486
278976413
113580511
690319247
83761743
913408437
991400574
372339610
227465186
673771608
484147927
842176960
725319246
726185148
717552752
372339610
620847808
999661367
582377617
855839634
148516861
180800855
773485779
159853745
124887470
938256044
680441459
314413453
751109629
748992712
983780318
444805188
986345000
918055945
806396715
65736721
768020898
227547313
536336176
842176960
162101766
267690471
4826160
472750916
562986044
174710635
716100284
32287383
163410716
940644413
496608750
199785190
284307590
607196614
129151366
58020252
870477459
689075782
163410716
224972025
407008571
877933001
39218592
212370173
963962664
416976073
843410497
144577080
46598156
116099928
25571858
297721548
229653729
103961583
494874175
96177646
805993912
392826465
945309929
472238811
349603248
227255957
401062440
392718330
416976073
109320
711265915
309914368
557820851
893559256
805056583
806442151
634327940
291848212
702509221
403314824
337255496
772214221
404049391
516383057
704936703
648816111
705234926
614633990
358172592
397991399
365777724
964982728
185501014
478420462
994271411
72207363
524632621
103392100
891384953
679656438
317559910
991435600
824394942
73907886
482636632
820777211
58149137
388061120
448224737
539831708
704936703
36377774
836020200
222158732
989694997
329313371
420609634
84562246
260585742
795285863
913744094
373635
514802540
768731168
831512117
704852441
52324303
963962664
168210228
398089477
353312898
487814049
690319247
698436690
170864699
479810800
862636349
933866206
986345000
479810800
605400625
742547907
137067068
424118716
645925790
648556615
929303444
394834582
907189019
46598156
47829425
133267683
969134551
354740411
773118870
151667782
349120238
144577080
818265792
614633990
388660363
1037290
586938076
397991399
44570246
207908345
711265915
477546440
602121847
870400086
41093963
370858750
329313371
475634304
437904577
497085372
446382894
225799444
174875262
807973025
716574648
889763854
364670984
96507421
574757607
618464353
459756422
109320
608423628
691058856
121413468
548056668
298620610
696014583
32111757
347090776
190465346
156285460
726185148
191454786
722718125
100441623
799442715
405572486
188892678
818866699
823046072
918055945
8440125
33591737
67633894
46701852
144577080
280128240
498805845
648816111
946632119
903221914
128718882
96507421
560501434
648556615
776628634
733107327
372339610
121413468
326901762
679855380
27810873
527030158
312932749
975825282
275507421
181847325
199260963
249881993
466096852
398089477
444805188
568444889
311176912
292680628
83761743
124887470
436715057
16977106
508769087
562986044
227465186
167026947
390566566
5701840
150
637653710
647958925
555573743
342330165
439752238
167026947
884750607
32373650
494874175
662952632
312632930
964812082
69349174
195828062
498805845
124992774
181921748
773118870
893441124
918055945
614633990
124925861
828742139
4578874
249532925
95542370
995547968
493661820
4578874
840438678
795285863
482636632
557820851
770935442
482229833
282460632
802676821
285550807
940644413
828050920
273320985
406426119
607196614
209460035
624998929
802916844
533158730
373635
724428160
93718562
532417836
967744384
482636632
73379813
913408437
672340633
459756422
58020252
162101766
397129535
162101766
298620610
46598156
540505401
470365828
881384965
208917888
711265915
205851770
514245021
723581461
883419697
951906673
107816356
88283585
23482358
934472053
129720502
32111757
275127100
779342623
413960064
338535834
496476380
992780831
803039224
165105338
413411250
724802704
478650726
58020252
727629027
384419811
1037290
148516861
385425542
690535412
686406158
3384
349603248
928419854
120836720
184151516
614380239
73695723
444805188
207194743
402737690
181587555
243716651
902864260
378276605
988302004
345422821
669895393
32839181
388061120
952041196
267195563
539831708
841229894
537526197
912135238
388061120
263468171
32384110
198718572
493854947
387880361
477546440
803039224
749018590
868296475
614380239
369865985
952041196
335485130
910099495
780068949
442063289
191516111
839671401
721617140
32384110
326901762
404462807
507236163
34850360
86769554
655015866
770935442
324463855
289544281
728091607
78646918
745810009
157979865
827872666
328534291
149544260
945309929
342330165
510492838
155114584
127162836
110468114
779342623
738200694
27810873
770935442
195828062
107816356
312084886
505115444
779037522
818265792
70490549
250533909
154221862
225317536
568368152
918455197
141057078
457230381
399649995
557820851
976132237
189874901
4578874
110468114
816002875
151667782
270710518
130159798
716100284
527030158
386265640
843410497
647744378
714284275
721617140
227547313
372339610
358750043
992780831
163410716
517078504
913408437
711265915
686406158
189874901
347090776
340980453
873735929
96177646
193298102
487814049
787638947
208572249
181847325
10
404074636
494874175
803039224
451927396
165803742
117266891
312499983
227382860
330936553
95673858
107816356
840021048
96507421
270504333
351034279
208917888
780068949
770935442
211960357
178632230
10
898721940
715627503
634247715
694043052
249479266
174875262
456446563
376673851
130159798
46701852
109320
539831708
126659499
369853673
739503465
249420944
464063534
727272028
898721940
815557715
464063534
39218592
794289386
654167456
597777836
844310445
340980453
360623054
489304047
587618016
496441862
172901029
144577080
494864685
269522820
498943403
451927396
770935442
542267833
232089153
913408437
95673858
945309929
931880001
988265960
349603248
479686226
362603295
507634900
448224737
208161368
208917888
21518123
558740213
649032276
689075782
906253323
316372179
773118870
25322078
823046072
321480820
444805188
335362996
945309929
291716867
344383005
598374889
228852757
183696398
503337797
743928632
160750681
717294646
312084886
341482505
480630087
411283988
918055945
330936553
7546876
236951966
34850360
119080329
803365108
56943181
27810873
694781509
621412171
193275305
220796489
49730509
993246911
227382860
919965156
608423628
963962664
85653545
820144652
801780027
992780831
34850360
382942098
458432099
638673518
565713037
252098291
554909162
981870925
466351084
412533633
115731370
673350086
787638947
673161982
116989217
545159852
451927396
404423728
777161433
987612895
803039224
227465186
349722160
848014582
93898630
239487316
165105338
887111269
454600651
148516861
185501014
372339610
482866441
174875262
66605158
253557160
48424824
291848212
342330165
945309929
163410716
23482358
405572486
482866441
973194218
545525098
387120643
42310282
93898630
780068949
608423628
986345000
241468111
384951437
470598575
817426007
470251328
779342623
749018590
362603295
556007948
89354733
151667782
996446457
96507421
602121847
516369546
67633894
67086855
802916844
756803877
918055945
130109857
72485441
215337592
927930635
124887470
28733989
172901029
940644413
821376482
991400574
831512117
195828062
673161982
227382860
940644413
401016825
8722436
732528789
498087380
988265960
769029340
46598156
336503892
878661044
393611093
557820851
747363900
984632517
965109194
988265960
92363518
373635
746937336
472750916
193992127
873543824
463879924
2138983
751109629
554881647
93898630
167418932
318997530
3761461
787638947
174875262
46598156
179597442
238404793
444232445
556007948
56912014
663349178
451927396
621372446
379135191
66923545
905668267
987246935
347090776
207908345
881775823
805434004
460118655
109320
312084886
614380239
174875262
614380239
822478498
992998293
435281524
354740411
751885764
141845422
479686226
208917888
514245021
491201126
918055945
700167415
507634900
794289386
503444762
167026947
753981280
977485422
737644906
4578874
66923545
281391465
245046291
867677207
140224397
284879595
988265960
96507421
834429163
992780831
514166770
581070007
868296475
891090973
573914646
482020824
679855380
983211641
757568495
415385114
95673858
424614948
816355189
514245021
983935722
162101766
351986688
185930935
581264389
309429572
993246911
172901029
744755264
769929921
888489420
648556615
69349174
424614948
248004927
614675131
995547968
70179378
198025561
193275305
472750916
347090776
397991399
769929921
482866441
335362996
275507421
657632584
898721940
189874901
30823128
92791090
881252755
396711704
329313371
557582624
479686226
943146222
270710518
717552752
1037290
612676751
701520556
749018590
109320
602121847
986345000
596813636
489334816
172901029
943296895
68985136
906454736
824309164
995547968
683538680
616410070
372339610
438490379
751885764
185930935
680441459
408859663
11422007
529090737
854728717
275507421
393658570
479686226
66872267
516383057
884158612
912135238
986345000
671643668
794289386
387441500
520986340
893150785
912863145
290767032
348734199
746937336
789894881
4826160
598303952
602121847
704852441
66605158
780068949
903221914
26198481
362603295
155114584
482831463
270710518
174048007
559025034
953603616
625250234
340980453
388095014
334649304
738374829
247896803
384951437
339119906
545525098
163410716
568444889
109320
843974522
96507421
362399368
773118870
71260934
444091974
833783969
827874435
493854947
961992555
539831708
275507421
324367954
743928632
714797570
143255430
557337497
151667782
703032517
539831708
204434900
548056668
667747274
144391193
751109629
362603295
111350363
649032276
330663278
397129535
320238134
713620440
555573743
275507421
59684020
794289386
148516861
16977106
663349178
963962664
212290188
527814733
57985193
690319247
542937472
134842298
42310282
885392673
137367988
977485422
601157719
498805845
736477780
498805845
338911730
338911730
711265915
761146979
912208782
992407830
5754861
185115781
194144530
314274700
864112870
208917888
697419558
341482505
969473132
981870925
49772536
248590766
472750916
772214221
806442151
251297295
154221862
873337815
804779039
928419854
294645259
290767032
645575658
726185148
243470908
119166475
874123210
25322078
545525098
9958068
919965156
745810009
797511987
199785190
932909148
420547036
389927427
444805188
249479266
482020824
363769686
131225688
841299633
827874435
514308502
787638947
596813636
780068949
76960105
165803742
83761743
280128240
913408437
97212875
555574438
108795115
32373650
288406081
291848212
96177646
669989313
335362996
981870925
331055904
959819024
527030158
797549127
977485422
16977106
404462807
545525098
576065209
1
275127100
516383057
865544553
448203527
148516861
875865456
704827836
451698572
503337797
689075782
133975032
614633990
788195340
661815621
425734283
737239270
676844721
578213391
365777724
393286160
514811540
131225688
837746971
896075634
908988109
280128240
861176879
673161982
144867115
96177646
414968792
964961918
109753573
560648139
151667782
437097064
16977106
39218592
514245021
507634900
270710518
807500551
557337497
643238662
119963293
706153832
121413468
596813636
168210228
679855380
463535049
278976413
260403832
212507124
820144652
225813940
280128240
648816111
95673858
608423628
4826160
60997557
145372398
185501014
458432099
58113737
637653710
816930472
249479266
465353620
168210228
103961583
700167415
919965156
963962664
980877287
527030158
494012135
240649201
973025010
608648088
719958351
298620610
76420300
680748079
648556615
175212734
280128240
230516137
137039559
69349174
898721940
527030158
828366948
713456675
829859222
373635
163410716
385257046
366164930
108563469
459756422
142789284
892020449
412533633
802676821
868296475
401016825
254665083
519010904
780068949
457230381
941585406
568368152
124887470
193275305
598290881
342330165
873735929
95673858
751109629
259161214
489334816
993246911
831512117
709829143
39218592
246478222
167026947
416976073
963962664
602121847
820777211
746937336
686406158
872656486
947671741
92363518
813081
770935442
140447629
463535049
493854947
165803742
807973025
286323725
819896939
548627974
962403917
802676821
401016825
338911730
228773082
314116173
384951437
655015866
262753105
208917888
338952343
966310543
393658570
397991399
589931035
590007458
648969680
346653213
204322018
330134347
556007948
691746287
269522820
32373650
753823716
379135191
167026947
884158612
689075782
286323725
931480261
654167456
468651700
154842126
172901029
258417783
705234926
131225688
842176960
465854694
300020971
415596143
283147528
661815621
979632805
433601567
545525098
482020824
298620610
865494791
500778963
208131877
130159798
713620440
495780310
340980453
413960064
124887470
663349178
4578874
457463173
741939431
349120238
683538680
267008811
721617140
683538680
150
149544260
698436690
210896146
162101766
93718562
69964891
185930935
188150830
554975198
240879853
284150364
275127100
403954965
777161433
149544260
659238650
664053868
69349174
317603109
113370599
167026947
24261904
137368128
412533633
673161982
162493777
539732102
165803742
717552752
992780831
705234926
935208174
95673858
598374889
779471955
568368152
297721548
992407830
663349178
1
109320
943788722
384951437
516782786
727773553
827874435
842716009
780068949
4826160
678953858
507236163
915573731
425586823
73009123
155114584
27810873
398089477
312499983
235994074
468134584
418576678
807973025
155114584
881887693
155624719
614633990
92363518
527030158
787638947
155114584
185153412
704827836
464063534
179462050
275127100
883581891
751109629
216278790
260057679
608480240
864688930
109320
992407830
444514299
239487316
800553713
426105995
980877287
794289386
227595342
396078104
208917888
199260963
568368152
109899466
151667782
84414352
538891205
649032276
225799444
784570532
770935442
170864699
746937336
881775823
390564776
820777211
704852441
36755057
626701595
570583247
993246911
865544553
458432099
716100284
210661160
425228843
248004927
681684042
493854947
436715057
648816111
83761743
728091607
249420944
241839370
404462807
768731168
130159798
734407051
478420462
795285863
823046072
362350391
70978433
516383057
248590766
728091607
142659259
726185148
807500551
686406158
339659204
172901029
342271172
55699225
275205258
918055945
449549038
520735794
72010083
965531884
988302004
804370474
242026776
647745820
305174163
913408437
163868696
740630647
992407830
566267026
458432099
587220085
93898630
138652335
980877287
46598156
577661036
199785190
649032276
735813273
151667782
665644471
281255127
67633894
228082640
173598501
342330165
834523417
826035588
619851725
186587623
714021400
347090776
547308982
549424140
810315344
918455197
281255127
429902745
70375072
454328215
70843747
686406158
979984172
275205258
322572769
486757892
109749495
248590766
777161433
617231976
310476301
913408437
467714031
919965156
170864699
309914368
251297295
204434900
770935442
931610355
534384531
386265640
251297295
364670984
381460449
749018590
482866441
402737690
404462807
368101758
787638947
919965156
415385114
436715057
247023862
287025190
614038628
570376508
413433988
184151516
573375284
841119962
184547133
275507421
516383057
829369538
486167898
630174927
803039224
326901762
507236163
910063263
898721940
165803742
324367954
787638947
137158394
486167898
843410497
133860666
829563740
493854947
119841871
172901029
137067068
988265960
982788195
109320
524632621
829381981
67086855
516210622
318294545
621372446
373635
273320985
477546440
556380401
854236499
557201875
172901029
527030158
249479266
526982186
477546440
993246911
945309929
901538890
413972076
779370659
109537869
305174163
788975441
898721940
59142919
675477564
66605158
312499983
828886054
226834941
912208782
431530228
96177646
93898630
886339407
109320
917670262
711265915
342806982
70843747
346398689
717552752
269522820
462206927
45975323
713021670
42310282
114617150
698258138
898721940
493854947
920194701
67633894
740630647
137158394
280128240
478420462
903221914
503444762
200016492
167893645
113370599
294780030
216160427
83761743
621372446
314274700
58020252
776968094
329313371
129720502
472750916
3384
581686377
373635
788975441
703974385
275190833
21277570
23638735
777161433
489620299
318772143
93898630
69170553
235767716
209768120
988302004
802916844
945309929
162709537
898721940
375415318
562986044
963964833
884750607
129151366
787638947
799282859
524148316
501293718
362603295
524349501
623961918
779730005
689075782
67086855
451639615
109853400
101874342
525588312
679855380
790033997
161668018
137158394
679855380
280128240
198025561
831105381
747363900
485127093
918055945
845027917
159853745
770935442
92758893
131225688
64157967
69349174
937038500
275205258
645029390
800562773
940644413
556007948
193992127
950798382
568368152
122780091
165803742
948338809
436715057
66430650
444805188
995547968
522312740
764523640
883093193
543106708
810910643
997784749
312499983
913408437
421414435
722223606
349120238
354881384
714797570
375579385
185930935
711265915
198025561
687220486
107816356
78646918
680748079
898721940
608423628
276562551
376377441
986345000
717552752
373137327
885970059
803039224
387120643
316372179
185501014
207858454
83450429
144577080
412533633
686406158
739455053
779370659
726185148
347090776
78646918
953142696
802768899
257986406
919965156
269522820
523923794
919965156
903801223
23482358
644622933
557394093
227255957
523745313
275127100
121413468
995547968
294780030
903406670
823046072
297721548
546621316
58020252
275127100
522100334
988302004
56199431
388061120
312084886
791208678
271074289
46598156
167026947
4826160
487193221
404271568
630174927
83761743
185501014
168210228
113903433
990054422
987756543
389927427
482578187
398089477
780068949
319372118
69349174
770832217
178339009
104628909
189874901
405572486
68799974
92758893
227255957
480295921
548444787
802916844
200322925
211960357
795693656
749018590
248004927
92758893
384951437
83761743
983780318
109320
78646918
171062111
335362996
101331343
16977106
121413468
824309164
608423628
555573743
242026776
262287916
131225688
614380239
530934600
773118870
933891365
362399368
341482505
693206813
135206519
981870925
304697117
374060055
850623205
933866206
806442151
124887470
174420372
717552752
614380239
310186486
93898630
436715057
867677207
689075782
51716018
380059012
227465186
752408989
987916064
148365745
750050211
85184098
708635976
836063382
470885299
803039224
840167163
669989313
908927743
93898630
341482505
67182531
884750607
964982728
573270646
867741773
475634304
356127824
459756422
829563740
979992373
335362996
843410497
787638947
539887224
917346306
482866441
3998093
411493705
67633894
680748079
912135238
443607341
78466773
818265792
17719360
270710518
592137092
330936553
980877287
349120238
186587623
503337797
377983098
811530974
566315619
247781443
834429163
412533633
184151516
93718562
270710518
983780318
479686226
167026947
393658570
170864699
833347035
227465186
302008940
27810873
582826854
176717014
372339610
158969177
865494791
700877320
482020824
297476226
189874901
459894888
400420724
873735929
131254165
30508184
819217747
479810800
582268894
69349174
110468114
412533633
96507421
436715057
913408437
821987704
994630470
683097006
436715057
540791553
861805466
511918883
745810009
494768367
248590766
782212610
199260963
387868807
78646918
92758893
349603248
233432006
349603248
831512117
545525098
291848212
150
278543214
602121847
401062440
505086957
207870821
165105338
319909063
258079982
477546440
730264862
412533633
204434900
199785190
751109629
487814049
342143846
347090776
639013340
303147112
714279640
264127487
824309164
467556857
834465099
957699446
837527711
32373650
32384110
449531546
808478064
435036329
167026947
946863738
607196614
309523350
835651930
596671155
507382916
197600827
239487316
970085024
474340881
658516737
903784162
347090776
804153411
745810009
338704828
587220085
401062440
472750916
204434900
373635
103300297
93898630
312084886
30499427
843974522
802916844
162101766
698436690
170864699
462957234
129151366
568036054
294760115
195828062
727573322
764523640
827874435
831581498
803039224
472750916
494874175
787011936
786209367
560556014
228705441
665920899
107816356
245583057
447952276
458432099
893109687
712225970
224026556
270710518
929799092
680748079
713909767
386265640
568368152
658516737
215405560
859086821
201729833
475634304
992780831
269522820
612954364
347090776
345422821
294780030
249420944
314413453
858630781
470598575
150
105700575
275127100
977754585
82229777
803039224
405276062
751885764
114617150
581264389
230274224
573383650
669989313
159116100
680002337
191544744
364601475
717552752
23482358
185501014
717378737
147702297
99154587
818265792
58020252
19183501
787638947
147938823
1
519801328
291848212
516383057
93718562
540791553
481446806
129720502
493341264
291848212
587914722
4826160
391842621
820777211
116340610
689075782
43058416
788975441
745810009
404462807
487793190
420974914
32373650
61009506
109245331
67633894
448562331
93898630
653512058
573375284
131225688
527030158
402792610
933866206
356242396
759572695
372339610
362399368
499084863
918055945
769912273
568770087
405941425
581264389
560331227
840517467
240634106
820777211
32111757
843974522
503444762
730635145
895401369
27810873
842176960
660559741
297721548
92758893
751109629
967102009
802916844
93197301
822713328
872899515
165803742
249420944
963962664
862636349
369083456
375079904
476974908
903221914
151667782
673161982
928419854
860201085
4826160
399698622
573197300
113370599
227382860
131225688
731711699
55354989
334230439
185501014
248004927
67633894
807973025
190948783
843410497
275205258
932066163
372339610
769929921
743683297
443607341
195828062
841642297
312499983
658516737
93898630
32384110
64523530
149448978
920061620
479810800
477546440
923042155
294780030
4826160
570401854
275205258
23482358
22458598
67185024
470251328
482020824
933866206
842176960
463535049
999210394
377615066
965178930
401062440
34220901
304697117
986345000
269522820
850235018
322285679
680441459
598374889
137158394
873735929
486167898
494874175
170864699
888268294
3384
900540901
679855380
755055370
516383057
802916844
159853745
393658570
96507421
200016492
92758893
647640568
444805188
617833736
275507421
603255547
1
963962664
32373650
972462151
867577723
557820851
298620610
503444762
129151366
493466410
159738308
378845096
751109629
434207852
899162623
172901029
479810800
621372446
405572486
66215024
649032276
179597442
764523640
137067068
599443209
919965156
843410497
615050123
354740411
222784604
751885764
251297295
686406158
68899906
115830999
688582193
204434900
92363518
630174927
965762148
777161433
716100284
275127100
952041196
655015866
173643577
314413453
170864699
193275305
988265960
263750393
448224737
933681619
59221819
893441124
964982728
156285460
66605158
903221914
32287383
60031681
251297295
415385114
629919143
413455194
251297295
156285460
249420944
385648772
983780318
868296475
598374889
108563469
69349174
933891365
129720502
314413453
995384375
56070501
787638947
340980453
369865985
387120643
748880146
714333592
129720502
568368152
362603295
150
154221862
63563947
898721940
388061120
899162623
448224737
821987704
278976413
149544260
397991399
467714031
46418133
475634304
690319247
468611576
3384
248004927
168210228
516356865
430675120
489334816
314413453
402737690
125632424
32384110
365777724
469294307
153808179
953368244
841064947
227547313
890450094
156285460
25322078
342330165
78646918
436715057
740750217
896218379
658516737
747206389
4826160
903221914
585656695
27810873
520152254
218410252
392071193
174875262
614633990
486167898
898896185
129720502
918055945
150596620
493854947
9983365
93898630
100441623
548444787
689240129
764523640
751109629
824309164
95673858
166977263
162101766
806440881
164599523
34850360
819940308
16977106
12777765
349603248
621110409
92758893
95673858
982622135
208917888
983780318
716574648
432607642
704852441
124887470
58020252
461151835
163603916
224026556
249420944
66605158
673161982
947315317
208917888
240879853
411674370
66605158
823046072
540243823
749018590
340980453
206692424
596813636
965243946
991435600
92363518
959889118
766568391
716574648
905428213
803039224
487814049
573146229
862636349
957753573
69394119
174875262
240879853
686406158
922340370
649032276
281895053
581264389
198145958
66605158
275205258
606464198
633288002
170864699
536490278
323840907
679855380
796451531
993784771
83761743
919965156
747363900
967102009
235161993
93898630
732481774
752899147
405572486
312499983
457230381
740630647
253072897
884158612
679855380
903221914
740247042
1
293211209
524563286
580674627
803366432
745810009
524632621
862636349
489334816
471470396
414091214
986345000
405572486
144577080
354740411
369493360
121530201
856268873
514811540
987046529
790473898
458037691
336573903
744921431
175386475
405572486
862636349
764523640
556007948
942092441
990537044
903221914
631599134
678643732
405572486
210917389
179120778
275127100
398055803
373635
555573743
981870925
608423628
967102009
149544260
524632621
683538680
357084506
362399368
349603248
637653710
673092177
65637495
25322078
149544260
732170404
988265960
144577080
964982728
269742912
187395291
436715057
107816356
967644846
194608139
32373650
649032276
129720502
121413468
239487316
849859696
545525098
880152395
81904063
10384616
227255957
612653439
275205258
738200694
314274700
239487316
282687332
129151366
933866206
714797570
187818468
780068949
162101766
690236311
505115444
198025561
806017817
298620610
310505538
172901029
347090776
82229777
129720502
275127100
222332054
711356951
109144859
773303047
320540907
965243946
782892467
655015866
393658570
298620610
9128307
472750916
382863308
342330165
527030158
545525098
498805845
834457038
32384110
613140811
478853156
709235404
671570457
498805845
616410824
503444762
988302004
602121847
407125065
46701852
667966475
995547968
914123255
109320
383463856
479810800
29388137
397218797
895103265
884158612
862636349
151667782
364135056
778557779
654167456
348529647
545525098
216317487
874887906
172901029
658516737
621372446
20838108
340980453
786183294
988265960
314409236
145781341
79184239
227465186
124887470
240879853
772214221
677117703
691990402
589931035
78646918
663349178
787638947
496970101
389927427
898494918
717552752
346973371
761748425
888082849
290594497
397991399
829563740
985891912
113880833
77670131
603453851
714797570
654167456
354740411
354460265
474319976
806442151
291811654
248590766
349228172
208917888
514245021
698436690
934769216
92363518
69349174
677324539
86763019
395167396
494874175
613163445
3384
297721548
275127100
124887470
658516737
443607341
725384531
367803741
137158394
863136880
207908345
928419854
26267318
227255957
647422787
32373650
10
4578874
648728264
67633894
172901029
506424300
494874175
716574648
504565140
239487316
711265915
27810873
930216644
891535293
168210228
683771657
243522650
93232780
847624250
95673858
340980453
798572719
42310282
829563740
155408508
834429163
369865985
305174163
974449466
149544260
405572486
740630647
700167415
701854930
364670984
167026947
723155191
912863145
747363900
209079289
493854947
524632621
312499983
686090964
67086855
239487316
290767032
272748684
93898630
230130957
207156671
690319247
977485422
762823292
988302004
378638418
117643267
470251328
482020824
107206713
654167456
198025561
35034796
743669238
117643267
147949166
314116173
845804770
654167456
240879853
467714031
489334816
799961193
515083829
527201623
599759496
728091607
1
1
987810216
993246911
369865985
568368152
675867915
648816111
227274346
976778367
290767032
705234926
981870925
393658570
704827836
537051761
912208782
46701852
834429163
178339009
173092989
773118870
960575196
707944757
391400931
67633894
372339610
597659439
482383615
988265960
807973025
661815621
801378625
58020252
326901762
867677207
280128240
405572486
362437159
894007180
1
673161982
812520965
909533214
137067068
461514170
32287383
416976073
436715057
207908345
306755175
314409236
137158394
211960357
992780831
481627000
999792499
865494791
108563469
398089477
884158612
167026947
780068949
455513543
563532392
743928632
649329457
294101785
467714031
843410497
240899863
679855380
249420944
156285460
155114584
918461694
16977106
204434900
93898630
883091183
959343933
149544260
335362996
400099570
200016492
893441124
780068949
507634900
820368643
870062725
239487316
714797570
352130570
168107061
275127100
516383057
884750607
624077211
451927396
503444762
13833850
655034043
630843728
273369501
188749357
488102524
429207454
34220901
751832045
286644831
690319247
413960064
493854947
522306204
291848212
728091607
482020824
765669544
107816356
803039224
170864699
700167415
700772691
280128240
69462246
89132654
897110963
891257503
556625809
207026085
472750916
275205258
755184204
780068949
92363518
48471563
248159492
125336280
103961583
413545712
516383057
314274700
700167415
717552752
349603248
489304047
483789163
312499983
740630647
269522820
557820851
39218592
195828062
807973025
733496167
312499983
96177646
612304676
170864699
93898630
477546440
827874435
256380201
613533380
502470191
428233178
302427720
342330165
163410716
928419854
149544260
540791553
417127131
995547968
208917888
341482505
423295429
802916844
93718562
410722273
745810009
482636632
769929921
663349178
326570351
890104704
865544553
846698155
717552752
648816111
92758893
945309929
514802540
482636632
4826160
581571975
409304332
832253210
155114584
473398182
555573743
630174927
185501014
780068949
464063534
114617150
787638947
573375284
396309929
115091841
112393479
351005949
982073931
312499983
74071167
568368152
503444762
683538680
806442151
764523640
714797570
706153832
527030158
137158394
975490363
10
249404292
557820851
312084886
940644413
992720258
842176960
194590234
487814049
483566121
873735929
828542116
807973025
673161982
213681229
176717014
673319516
576013652
96177646
23482358
293328672
379135191
298620610
493854947
179597442
888842516
544031515
69349174
269522820
121413468
88545443
655015866
903221914
489039834
620758854
273320985
314274700
389927427
977485422
273320985
824309164
677050161
438823259
704071834
176274691
464063534
648556615
92363518
463535049
772214221
573375284
354740411
787638947
706153832
768731168
477546440
329313371
415385114
211960357
326901762
623788126
726185148
193275305
343927321
740630647
307486769
913503748
417904115
355589735
498805845
150
281255127
585978475
174875262
598374889
744798961
467749910
348620854
548056668
475634304
388131659
940644413
413960064
548056668
735178042
545525098
116066791
829563740
454851127
79184239
443607341
821987704
314274700
672945994
775405196
779370659
692863544
640787895
389927427
508531198
386265640
172901029
10074907
671812187
283864074
589931035
747363900
185501014
314413453
100441623
225799444
634247715
458432099
849859696
829563740
505115444
309914368
772214221
945309929
395824190
489304047
700167415
552505150
606243384
630174927
341218691
711817722
198025561
706153832
275507421
316406234
808042385
608423628
251297295
907114331
109320
387120643
654167456
859020127
278976413
898721940
614380239
517284211
415385114
96507421
278081176
654860847
885392673
873735929
928419854
136765109
227382860
923602663
121863727
859559278
168210228
93898630
997957211
717081220
492922658
865494791
394666921
782495505
971170096
341482505
154428969
526327971
176717014
988302004
270710518
48130171
38541253
462448188
321529168
404462807
458432099
136325256
741289518
764523640
475167614
227465186
516383057
747363900
605357602
93232780
159853745
58020252
773118870
486167898
496447034
911383329
20477893
193924968
487997135
66605158
700167415
749018590
144821055
457230381
251297295
918055945
980877287
463720644
129151366
208917888
893601380
963962664
720959322
200785122
973972327
981870925
807500551
728091607
457230381
409141252
778557779
686406158
862636349
553090064
402169532
539831708
865494791
732469478
716100284
227255957
392086887
32384110
168210228
728091607
4826160
716100284
534991834
945309929
498084643
804886682
364670984
397991399
988302004
292999276
667586854
507634900
538606697
873470118
70843747
316372179
896802142
751885764
347090776
962475142
569798680
778557779
86257608
178339009
83761743
362681516
822847662
182093770
10
129720502
867677207
129720502
696225056
470251328
402737690
548444787
608423628
717552752
540791553
747363900
58020252
487814049
197620740
983780318
602121847
698436690
83761743
780068949
775983887
704936703
10
663349178
227255957
539831708
345422821
974585558
764523640
421791432
898721940
372339610
267971267
185930935
439485856
675255681
362603295
312499983
3998093
494874175
859639255
794289386
209372016
316159757
557785440
903221914
242578737
121643391
125575379
740630647
928419854
884158612
933866206
44403948
986345000
991435600
410021437
981870925
249094056
448224737
335362996
747363900
379135191
312084886
825322306
172901029
359080784
296284001
634247715
193275305
562986044
543486909
179388555
362603295
596813636
940644413
700167415
867677207
298620610
412533633
32287383
868296475
93232780
977485422
137158394
153178863
415252260
485010605
893441124
176889156
316372179
524632621
318294545
156285460
398089477
316372179
780068949
443607341
211960357
411665295
1
637653710
255450649
393473827
402654202
539831708
416976073
477546440
843410497
598988650
590875850
658516737
278976413
548946571
275205258
482636632
393658570
743928632
386265640
211919776
444805188
127267749
903221914
39218592
228495617
478420462
988302004
823046072
988302004
227255957
199785190
251297295
680701287
164277416
548056668
514811540
83821158
340980453
943688996
324630289
920046986
399834328
250449348
680441459
226806532
307049670
470559884
49677535
827874435
969801409
793515292
280128240
973416711
443607341
179597442
764523640
738200694
34850360
758052626
92363518
768731168
500185487
891944249
138645270
717041538
672993855
556693200
69349174
201049919
700167415
446056079
486167898
129151366
288204464
288809954
494874175
314274700
347090776
768731168
117643267
138676087
337717484
885187103
995547968
743928632
660600621
472750916
376769840
751109629
899822558
184151516
902013346
342330165
853437129
598374889
162060909
189874901
820777211
251297295
912208782
770935442
802916844
538563186
143354084
174875262
944787822
482866441
802676821
689075782
265186200
58020252
395503029
820706057
843974522
692317672
773118870
462480493
81628726
992780831
528432524
194929365
827874435
831512117
852563951
843974522
364670984
248590766
708319733
788975441
318294545
210744789
721617140
66605158
92363518
298620610
773118870
758397704
995547968
70843747
626701595
947392692
386265640
133255522
470598575
721617140
332011900
95673858
702403204
144577080
89453257
452035468
416976073
3384
297721548
125517149
637653710
668544218
142434923
296408152
326901762
722819976
840517467
827874435
822312693
354691698
992780831
280588432
249479266
981870925
189874901
54668538
415247309
919965156
478183210
770935442
667411657
683035244
928323159
7922335
479810800
16977106
839598316
474143774
557337497
4826160
459756422
933891365
660498908
340980453
843974522
167026947
533119786
634247715
843410497
453291562
478113339
72461468
648816111
305174163
843410497
686406158
242026776
124588300
113370599
821330965
822094578
189874901
700167415
39218592
43248860
992407830
621372446
489334816
157193449
187251076
157438977
647370199
638024167
728091607
316034911
979992373
534425454
912135238
326149739
364670984
249479266
544368669
503337797
636250742
800606860
747463091
816757604
964780258
415385114
685651784
548444787
402737690
251297295
163841662
171168592
988302004
487814049
82229777
788975441
499591503
8483413
276487168
918055945
843609254
389927427
514245021
113370599
843410497
543331781
540791553
867677207
789553370
516383057
605490094
150
314116173
663349178
124887470
312499983
168210228
199260963
357886315
444232445
66923545
995547968
750217599
843410497
310514404
573375284
3384
884750607
782924179
516383057
249479266
548444787
992407830
945309929
114347485
590029407
698436690
929657881
913408437
309914368
573375284
427803425
92758893
402737690
700167415
397047057
23482358
404462807
130891304
545525098
1
992780831
398089477
144577080
224026556
802676821
341482505
129151366
565382050
46598156
478420462
137067068
469337187
764523640
384951437
290767032
448224737
726185148
942971914
278976413
238523461
193992127
680441459
107816356
389927427
314274700
186587623
270710518
656452301
174875262
347090776
124887470
945309929
372339610
67633894
993246911
840266503
716574648
8450637
248004927
185501014
778557779
527030158
185930935
723424156
918455197
739516447
873735929
862636349
503444762
865494791
11233871
401016825
67086855
980877287
130159798
373635
148516861
248590766
448748475
952976373
92758893
596201194
305174163
507236163
585240519
329313371
873735929
340980453
547161441
96177646
655015866
630174927
278976413
527030158
365777724
595366481
743928632
92758893
829827574
677074880
832564322
751885764
581264389
207908345
957709130
275507421
304170010
507634900
34850360
228085798
164126612
473592853
475526897
494874175
163410716
265805922
414982511
729190925
66923545
143244231
479810800
757731578
540924814
769929921
316372179
4578874
919965156
862636349
964982728
444232445
415385114
445686682
740630647
698436690
262234626
590338481
514245021
281255127
913408437
979350584
807973025
32111757
608423628
193275305
60837599
822882645
78921779
376550760
479810800
233541695
32384110
512126463
239487316
981870925
281255127
743928632
219526343
648816111
476807998
459756422
981755004
724964916
658516737
417300581
452025961
124887470
159853745
479810800
716100284
107587145
950270122
159853745
93898630
280422251
963962664
4826160
862636349
388061120
834429163
225799444
373635
593808370
459756422
278976413
609129860
704129875
498943403
130159798
227465186
514245021
251297295
96507421
108563469
179597442
764523640
108338188
137158394
416976073
39218592
444805188
945047278
101404199
746595767
673161982
953359901
988302004
843716144
150
4578874
227255957
711265915
58020252
746937336
436715057
523646062
540791553
149544260
198025561
462480493
273320985
457230381
66605158
23482358
490372540
75422275
32373650
658516737
404462807
354740411
109320
931705096
239226694
131225688
496670947
126668308
249479266
634952510
124887470
110468114
290767032
793171839
300451139
902472446
942030199
690635640
493854947
513952212
945309929
486167898
457230381
780068949
751085860
988302004
316372179
85605594
548922861
14257410
698984793
70490549
803764423
192914334
486167898
933891365
780996616
549090183
185380099
794289386
379761442
619144743
820777211
782922669
109320
604372109
227382860
61456792
327600274
838872398
843974522
933866206
489334816
943603746
208917888
162723053
372339610
324367954
676406809
349603248
174710635
590988458
1037290
369865985
268974471
924416147
108563469
4826160
227255957
626701595
780068949
498805845
373235166
711265915
614380239
162452126
773118870
758808083
933891365
372768254
536949119
988265960
912208782
744034008
975162112
614380239
980877287
189874901
117643267
794289386
571968299
172901029
470598575
531940114
58020252
381927903
227547313
251297295
95556376
649329457
806693707
124887470
963962664
729186014
869637890
27810873
529214128
686406158
137158394
638093412
637653710
874486344
74548991
275127100
273756881
582503445
482866441
944914645
993246911
364670984
63097612
443607341
233455580
614633990
249479266
655015866
626623882
977485422
113370599
755240746
184151516
155114584
873804395
371714090
797925827
622081195
760859117
329313371
248590766
505115444
663349178
109773321
781457848
201044819
910918292
297721548
29980039
126238346
27810873
568368152
494874175
951432478
39218592
489334816
290993207
524632621
329313371
32287383
144577080
802676821
400663768
3384
545525098
940644413
680748079
172901029
16622254
362603295
21603595
379135191
990516702
849859696
475634304
842961198
349603248
193992127
948676849
924458615
272016145
362930612
485590819
175626656
614380239
41898777
107816356
101069784
598374889
568368152
270710518
516383057
779342623
806442151
112521361
764523640
862636349
551969286
851688182
867677207
251297295
103961583
211960357
274694936
539831708
548056668
585240519
918435005
957602875
92758893
32384110
743928632
93718562
151667782
840517467
807973025
329313371
364670984
447256575
404462807
240879853
389151838
963962664
109320
193088494
349120238
711265915
78646918
314987897
992322864
507638756
304697117
1
373635
463793564
827874435
706535436
777970450
711265915
598120573
224026556
740630647
155114584
779370659
802676821
630603735
298620610
329313371
706627280
108563469
443607341
4826160
298620610
436387199
216515879
202292632
471458176
248590766
774741931
770051772
414031512
466389009
92363518
464063534
689075782
324367954
858534342
108563469
972770655
415385114
721617140
498805845
952041196
32287383
130159798
27810873
314413453
991400574
763796377
27810873
478420462
773118870
318294545
338911730
983728698
918055945
676848981
764523640
869457953
704255802
401016825
186587623
933891365
149544260
184151516
341482505
482866441
95673858
397991399
121761240
986345000
498943403
686406158
824309164
992407830
758376461
476959821
498805845
393365806
912135238
316372179
160481475
416976073
527030158
349603248
761388625
674979700
451642053
199260963
340980453
117643267
858504435
434469057
294780030
751109629
31637830
227547313
679855380
869043845
753197594
867870997
78646918
387120643
388061120
172901029
486167898
582559902
167026947
352311980
556007948
794289386
275205258
597515570
397991399
184151516
405572486
66430650
990319022
95673858
986345000
477331539
150
462480493
545525098
305174163
507791415
760306199
840517467
977850003
737877822
992407830
753969337
137067068
46598156
444112557
375415318
179818365
804748632
207908345
700167415
441831336
139922466
912863145
504228929
209974751
96507421
415385114
130159798
544460438
820777211
568368152
986345000
364670984
482866441
843974522
540791553
148768834
475283798
770935442
608423628
838534523
283735640
806621821
514802540
270710518
673161982
291848212
514245021
662760716
42310282
548211232
67086855
99963077
644915154
225799444
373635
305174163
219349760
3384
585240519
596813636
657527898
314116173
714009179
32373650
439752238
192358766
854800425
585240519
1037290
649032276
324473596
312763260
416976073
29783228
86959154
507634900
289835257
199765311
4333829
110775903
672293668
533066039
402737690
706153832
637653710
773557727
373635
771259990
167026947
489334816
346565607
637653710
680548987
162101766
3384
747363900
34220901
599455832
912863145
964982728
386265640
807500551
159853745
794289386
476163236
714797570
224519880
255286741
70432451
169841696
156049512
510526264
32287383
103961583
717552752
454933126
658516737
686406158
692615576
82229777
657711903
955979025
27810873
819703353
353377900
162979799
548202975
868951760
635173006
963962664
32373650
150
694421499
933891365
448224737
824309164
933898260
980877287
915616305
479810800
173686297
193275305
454281789
738200694
771040000
131225688
159853745
629312162
41605412
32287383
170864699
249420944
438388939
165105338
866830061
721617140
843974522
967102009
707355765
329313371
349120238
791772245
686406158
527030158
46598156
92363518
382537283
193992127
596813636
991435600
539831708
179591927
148516861
915897489
225799444
437538398
749018590
705234926
172901029
507634900
124535120
92758893
51066627
178339009
581264389
103741106
473954438
238223200
986345000
151894552
372339610
977485422
794697873
661815621
772504869
751885764
360444452
93232780
841101282
110468114
780068949
865494791
22611413
347090776
472185559
931012077
794289386
83761743
91143779
472750916
952939423
696034440
299248132
802916844
444805188
467714031
62710784
588656568
772653988
308382568
32384110
167026947
216109477
740630647
314319652
107816356
607196614
270710518
467714031
151667782
885392673
167026947
189874901
148516861
2486682
747363900
716100284
637653710
907806904
126194851
114617150
721617140
92363518
307071571
673161982
498805845
36750676
464942381
448224737
386265640
884750607
93898630
401016825
341482505
388061120
386265640
388061120
991400574
565510341
834429163
573375284
713620440
459756422
58020252
545525098
919965156
669674361
986345000
413960064
156285460
891182423
451927396
107816356
996100480
312181000
67086855
903221914
630174927
307150737
241400742
843974522
318916490
150
1037290
818265792
248590766
67633894
204006100
455457365
525439580
167026947
227255957
159853745
545645314
416976073
463535049
443150615
995547968
314409236
273320985
589944003
985105197
648816111
974180050
412533633
341482505
940644413
32373650
178489849
597099012
569924889
172901029
362355714
168210228
991400574
157119417
405572486
524632621
261220329
966275722
4826160
163410716
189874901
153033291
938100948
362399368
333373681
278976413
425513062
34941048
711265915
822885204
109509648
95673858
514245021
738200694
42310282
109320
746937336
514245021
718929088
340980453
787638947
782947119
185930935
431530228
658516737
168210228
389725772
884158612
137158394
602683858
578419342
482636632
526737598
524632621
916868628
199260963
251848675
772214221
736968445
595750070
717552752
199260963
151667782
462480493
938789841
30788105
711046576
815141893
397991399
810495071
727694265
69349174
243990610
161206261
823046072
315054331
278976413
243461045
193275305
614633990
614380239
599808924
424614948
4578874
687484443
305174163
294472589
227255957
540791553
235325767
545489601
93232780
824309164
630174927
991400574
827874435
933891365
626701595
341181494
341482505
159853745
40228639
569522983
415026258
743928632
108563469
524632621
275205258
325484264
735898881
458432099
648556615
536903996
809199873
364670984
979173713
716100284
177214812
439752238
133890254
486167898
683470504
827874435
416976073
721617140
966353
788353432
70843747
207860324
113370599
386265640
717230686
32373650
69349174
242026776
840517467
401016825
751885764
463535049
818265792
386595200
673161982
457230381
104941681
679855380
483887025
224026556
63906466
489334816
100441623
530698631
172901029
614633990
207908345
412533633
448224737
23482358
779370659
503337797
983780318
82880881
404009677
637653710
397129535
322520383
127795312
873735929
914723505
834429163
952041196
531927447
425876870
903221914
605344236
970790645
4826160
427379795
370758048
155114584
155114584
416976073
810059766
46598156
931874437
814883038
287587990
300457686
873735929
807973025
189874901
819585007
802676821
428116551
170864699
10
227255957
495780310
952041196
211960357
983780318
823046072
314409236
93232780
795361335
808005136
463535049
3384
176717014
382437326
107816356
514245021
728091607
270188440
100441623
913709182
562905235
70490549
843410497
940906567
112747590
539831708
347090776
718849953
780068949
265444135
290013936
160649958
412396169
842506682
211960357
629264423
740654740
933866206
624233817
340553744
843410497
692547241
28957735
748762583
573375284
843410497
71833611
444805188
524632621
1037290
680441459
730340375
669989313
32384110
802916844
503337797
833503256
704852441
899757055
314413453
165105338
704852441
950121168
113370599
404462807
121006771
898721940
912135238
919965156
416323337
873735929
503395720
6672087
527030158
131541404
787638947
489177465
146429424
372339610
166078014
489334816
422151710
667297451
749032785
411974041
714797570
630174927
46598156
535322240
514245021
903221914
83761743
304697117
326901762
450992848
137158394
113370599
280128240
205375170
983780318
637653710
156285460
918827579
814116386
470368126
92765314
860348919
548056668
392378610
379135191
144577080
108563469
275205258
249479266
598374889
270632248
110468114
865544553
387120643
773953488
404462807
397991399
704936703
770935442
886018529
764523640
745810009
291632117
137067068
940644413
68899906
768731168
442327911
669989313
198025561
472115095
498943403
362399368
178160982
207008801
437916982
834429163
321017438
417857202
330936553
614380239
130892836
4578874
554248068
143474868
193992127
728091607
802916844
358108237
596813636
364670984
802676821
861692913
711265915
695146655
404462807
471995389
507634900
69349174
714284075
524378588
540720223
706153832
78646918
693118286
728091607
514245021
171792293
679855380
802676821
92330379
81055252
686406158
8939286
178339009
862475555
1037290
941111317
168210228
730823832
564821560
787638947
161398890
225799444
458432099
67086855
1
679855380
129720502
315260941
167026947
589514402
107816356
508709108
415385114
986345000
389927427
86149113
168210228
977485422
870348051
649017980
743494488
898123847
807973025
630174927
926121937
802676821
207908345
137067068
460684866
443607341
986345000
407805113
417478803
197407639
895596217
898721940
19366907
745810009
648816111
587241756
690319247
259311955
573375284
658516737
806442151
410322487
649329457
4578874
977485422
789309135
697553434
365777724
507634900
118119050
486679013
787638947
121158769
83761743
305174163
149544260
714797570
779456262
340980453
471437278
654167456
545430087
275205258
159853745
862636349
165803742
368141858
649329457
856467863
773118870
404462807
824309164
461191131
421422501
34850360
155114584
477342557
495780310
770935442
861670300
448224737
67633894
117939289
275127100
988265960
787638947
798813571
1
173263503
479686226
965243946
898721940
416976073
784528335
823046072
109320
280128240
524632621
495431600
867677207
67633894
322732148
62044077
637475216
442180046
345422821
159853745
607196614
874016722
69349174
78646918
983780318
802916844
527030158
598374889
277341681
227255957
618358155
503337797
903221914
717552752
545525098
509545982
4826160
36959132
204434900
710009974
78646918
669989313
843974522
854887779
983780318
992890557
269522820
729803767
108563469
291347199
780068949
769929921
100441623
666393846
820144652
962377183
942020541
429206087
131703109
977485422
904104692
727424234
153299235
15700257
518293597
669989313
368929337
185930935
906764748
686406158
413960064
942805475
658516737
193992127
275507421
630174927
38169813
704936703
179597442
828545429
888700982
500247712
159853745
67086855
249479266
945309929
633449568
70843747
342330165
787638947
108563469
188454255
661815621
988302004
691509650
361643163
276621535
454933126
275205258
478420462
109320
433761827
504946236
881775823
325971541
482866441
498805845
494874175
472750916
504444796
637923733
77237087
468097773
165105338
728091607
802676821
239487316
339638691
630174927
16977106
979992373
482866441
471319581
746937336
548444787
388061120
46731231
991400574
152899859
516383057
312084886
470251328
470598575
834429163
654167456
67086855
251561801
338211727
397991399
738614496
818866981
129151366
597677308
16667872
486167898
78646918
684286308
679855380
873735929
673161982
414233912
824309164
498943403
912135238
451927396
772214221
792553852
101399122
715255549
349120238
3384
659373387
981606706
526112414
200016492
251297295
988265960
454933126
338661926
765500457
107816356
372881162
623459960
705234926
360346275
101347344
239487316
261202408
746937336
46598156
341482505
749018590
162101766
770935442
402737690
314274700
534876854
649329457
100441623
424614948
806442151
608762410
42310282
78646918
108563469
823046072
96177646
66605158
638954784
912208782
3998093
972344733
746713696
344066822
130159798
69349174
69349174
198025561
714931383
51066627
847802391
156203624
3384
928419854
802916844
67086855
851267026
211960357
227255957
248590766
588978384
294780030
25322078
349603248
281255127
474805146
101811181
945309929
827874435
347189034
524846694
388061120
524632621
557820851
124887470
163410716
148516861
837987454
69349174
149544260
347090776
652538645
23482358
411020408
256846350
335362996
487814049
614633990
995978317
88848764
557800577
884158612
109320
545525098
32373650
514491407
97511959
787638947
991400574
240879853
115684745
68899906
82229777
763648401
823046072
913408437
623284260
464222356
448224737
884158612
179597442
102350672
30057247
919965156
326856897
472750916
227547313
305174163
410408590
200853607
137158394
307660195
908615079
867677207
165912503
463511039
335362996
151667782
711360130
199785190
824309164
42310282
222149007
482636632
318365783
614380239
294780030
683538680
316372179
174710635
972122970
516383057
992407830
351429724
675144784
884750607
231056153
770851034
338911730
58940767
362399368
92758893
23482358
92363518
46598156
189874901
463937287
227382860
102434342
912135238
884158612
96507421
364670984
227547313
39218592
276005450
41654107
709235404
23482358
227465186
827874435
462673827
496983027
239487316
842176960
149544260
498943403
199260963
227547313
314413453
184151516
826736376
743928632
679316582
669989313
472750916
704936703
462480493
413960064
76280637
66430650
402737690
32384110
165803742
813598455
760005761
2471678
326901762
806442151
384476068
934445838
716574648
912863145
303462271
222914454
367690942
525987269
786418134
1255491
398089477
940644413
802676821
31759400
149544260
524632621
829563740
514802540
943554779
789957704
25322078
554796102
875703124
298620610
70843747
556007948
706153832
148516861
823497350
329313371
227547313
404462807
123009
498805845
95673858
728162148
945176551
686406158
658516737
655015866
379312876
193275305
113370599
195547205
166743002
770935442
527030158
163410716
847670943
3761461
428119274
614380239
533490291
981057994
69349174
443607341
29695672
251297295
527138509
798580765
155114584
489334816
275127100
307596040
131225688
621372446
985585019
744732407
980877287
987651768
49240438
537077746
131225688
149544260
794289386
269410184
689184897
92363518
309914368
545525098
599401371
367570097
290767032
794289386
369865985
704827836
786862939
983707984
738013563
94823664
908229431
95673858
184151516
342330165
935203444
893441124
593611840
608423628
635846320
68422826
227031855
498805845
32111757
1037290
474856839
381305189
842176960
965243946
199260963
397991399
843974522
19050607
707633101
840517467
691638648
32577622
393658570
673161982
686406158
437055979
629938247
916022498
275507421
694679473
151667782
206551303
753627987
802916844
770935442
382973518
614380239
336691932
993246911
166310731
749018590
239487316
165803742
744264441
479810800
107412393
397129535
339311434
335362996
92758893
787638947
655015866
746937336
982015594
304697117
397129535
350265238
312084886
766644737
612968448
995547968
884158612
426019548
991400574
834344485
490380633
629567059
769056265
862636349
827874435
592218517
885392673
349603248
10
119780794
298620610
482020824
880498057
81811098
178339009
185930935
482866441
933891365
770986970
482636632
390609033
556007948
457230381
607196614
479686226
280391026
988265960
23307516
700167415
247932541
198025561
383559242
589931035
34220901
637653710
565684771
92758893
992407830
678648974
185930935
673161982
176717014
161884973
124067722
945309929
607196614
369865985
297721548
826825592
269522820
195828062
495780310
655337004
463535049
743928632
345422821
878591684
538418801
174875262
165803742
820237043
760305037
335213066
172901029
362399368
73623951
977485422
807973025
729495014
18143006
136711249
338911730
596813636
31979501
297721548
76157827
444232445
3998093
599005955
34220901
659702410
539831708
948534576
93407923
489334816
102835341
614380239
93718562
200016492
314413453
114617150
646819748
42310282
159853745
83761743
190553263
831512117
316133316
170864699
4826160
362399368
444232445
849859696
83761743
393658570
788975441
32287383
615937401
124887470
667423721
245015486
193992127
444232445
564793766
273320985
858304495
470251328
7586984
673328288
199785190
163410716
743928632
803039224
963962664
936201163
587220085
439752238
248004927
702286393
248031608
462480493
248004927
482020824
131410457
843410497
992407830
677411471
149544260
80079288
431436861
728091607
806442151
868296475
940240021
778557779
548056668
431078613
650044137
275127100
58020252
305174163
204434900
357160593
229070704
807973025
745810009
698436690
69349174
67633894
779640227
412533633
283833650
213278175
820777211
113370599
326901762
770935442
963962664
933398378
163410716
194612232
444232445
13714256
688749211
544373082
716100284
199260963
239487316
227547313
663791623
498943403
598374889
717552752
383786539
704827836
211960357
400899562
235960307
95673858
557820851
995547968
415970521
714614160
992407830
156285460
397991399
486167898
598308924
168210228
989862550
304697117
598374889
55642262
794663427
189874901
514245021
482636632
933891365
966199032
788975441
47489003
751109629
857583643
238054641
32373650
986345000
897853828
489334816
614633990
165803742
240008609
162101766
555573743
109320
470598575
348323520
137158394
589693886
199328288
35326393
347090776
898721940
918055945
435769745
1037290
734258726
651847691
90705095
764523640
107816356
386265640
208917888
92363518
32287383
469984402
335714568
567973606
912909429
802916844
940463460
131956256
61692325
459756422
570729531
630174927
184151516
46598156
103961583
778426725
90299349
924927497
93898630
117643267
457230381
434733228
1
354740411
944514409
256074041
395257464
933866206
993246911
807973025
536451534
32287383
390440966
654167456
821572740
144577080
764523640
102791520
873735929
943765253
644201771
443607341
743928632
635684029
914394324
379135191
297721548
23482358
661815621
873735929
96507421
159853745
298761160
189174304
524632621
1
636112406
149544260
451927396
621372446
162452126
335362996
137158394
898721940
434942345
711265915
794289386
802916844
488580902
227465186
248590766
365777724
591693429
472750916
788014233
354740411
548056668
185501014
44774856
654937205
48061068
867677207
661815621
284880581
193275305
451927396
614380239
559787648
193629619
658516737
162101766
751885764
100441623
165803742
174875262
248004927
514245021
805167404
60027270
23482358
329313371
711265915
780068949
787638947
416753665
280128240
40903250
291848212
213335917
746937336
92363518
349603248
162101766
371580664
8144509
658516737
933891365
807973025
457854712
684446613
802676821
470598575
162101766
621372446
47861756
802676821
404462807
654167456
423017897
638047201
444232445
440813434
514611033
153444121
865494791
488102524
477546440
169759420
831512117
919965156
635051070
3761461
3384
10
330973901
933891365
963962664
388061120
129720502
362603295
634247715
314160495
275507421
486537039
162101766
114617150
362399368
172901029
137158394
482866441
264188698
717552752
643994430
827874435
802916844
549358873
842176960
630174927
702657147
386265640
507634900
647538280
66605158
736879557
106332189
918055945
798307343
952086261
275507421
433258342
541540400
745810009
444232445
777637393
12262124
314409236
912208782
458432099
162101766
683538680
562882980
560188328
555573743
56674604
355319075
599780972
568539221
10
614380239
964982728
413960064
876868804
148516861
787525472
93898630
482020824
444805188
312084886
607196614
788975441
68224417
113370599
205074703
501883073
417659019
700167415
227255957
459228158
151667782
963962664
128838690
935532078
96177646
539365171
227547313
493854947
386265640
498805845
975244463
294780030
163410716
159776475
208917888
919857465
870873277
750305469
299624171
457754711
740630647
822862299
963962664
614633990
162101766
251297295
275205258
721617140
965770526
275507421
183383235
32111757
952041196
240366102
167026947
443607341
467714031
54497444
172901029
172901029
925083119
777161433
32373650
747363900
402737690
163410716
728091607
324367954
714797570
156285460
673161982
527030158
125575379
514802540
34220901
11737019
963962664
248004927
986054611
92758893
140126256
998015047
906709962
503444762
279780449
561398255
201705180
490684410
626701595
369525030
184151516
532266422
788975441
347090776
207908345
27810873
884158612
683538680
462012667
484433717
467714031
239487316
344383005
769929921
716100284
910402580
388061120
602121847
3761461
405572486
486167898
539831708
369865985
92758893
778557779
751109629
524632621
752916803
522231848
541435550
573375284
174710635
477546440
428131251
443607341
556007948
524632621
196087558
112629436
870345500
291848212
598374889
345422821
818265792
211953633
50363239
714797570
96177646
3384
978130654
229603170
373635
362399368
826630082
340980453
458987208
493504183
826471268
386265640
470598575
10
32111757
454933126
410951694
280128240
369865985
465186696
680441459
977485422
562986044
81067516
604197361
248590766
179597442
227465186
72413829
63420946
227255957
562006660
807973025
181847325
716100284
751109629
824309164
227255957
802676821
535024298
1037290
865494791
514245021
667437365
112393550
545525098
675045420
994198056
444805188
386743094
909873656
822378170
499044586
189874901
912135238
448224737
416732467
163410716
487814049
82229777
965788762
412533633
184151516
97346237
704852441
633488726
661815621
329630291
96507421
676777115
458432099
673161982
114617150
843410497
165105338
569894523
285868697
275205258
787638947
819146517
12440703
507972665
46598156
498943403
364670984
94610757
416976073
493854947
787638947
101664286
290767032
199785190
345422821
912208782
823046072
952041196
286050852
402737690
424614948
536969900
648631067
787638947
21497968
314413453
416976073
963962664
371069557
745810009
93898630
389927427
398089477
901205706
107816356
919965156
147346098
269522820
534868327
412595149
290767032
362603295
1037290
795285863
568444889
889647652
477546440
778578361
705234926
945545216
795285863
686880811
802676821
793786070
925551816
873735929
291848212
326901762
745975155
778557779
778557779
815945022
939095205
95673858
868296475
637653710
980877287
4578874
35134590
493854947
772214221
884750607
463535049
479810800
479686226
705234926
607196614
179597442
397991399
185501014
314425407
96177646
514245021
137067068
821987704
913408437
574249987
69349174
93898630
749018590
409720595
77685568
314274700
170864699
933866206
867677207
585240519
314274700
309914368
453211617
340980453
423463010
568368152
404462807
424881092
463535049
330936553
505115444
341482505
208479509
945309929
388061120
436715057
83761743
415385114
913765422
787638947
900976417
761242727
442196280
743670562
32384110
655015866
273320985
335362996
160216136
642532136
398164892
174257255
704852441
95673858
654167456
225799444
95673858
239487316
342330165
179895612
780068949
573375284
824309164
248004927
342330165
487814049
707490785
297721548
298620610
524632621
630174927
908212461
195828062
734571722
707712216
848027367
458064661
144577080
904174791
717552752
807973025
185759437
386265640
672340633
764523640
418551440
932059064
151667782
448224737
955165713
621372446
477546440
806442151
199260963
159853745
893441124
918455197
398089477
248590766
198025561
779342623
559499427
986345000
121413468
630174927
418327761
444805188
802916844
17290860
457230381
106928436
997985404
70843747
176717014
806442151
471987642
329546485
404462807
479810800
78646918
314409236
193275305
314409236
349120238
93898630
115658464
885392673
16586410
585240519
92758893
335818667
316372179
186587623
608462662
92363518
980877287
704936703
380756409
527030158
96177646
83761743
743928632
557337497
153729737
557820851
802916844
322938261
58020252
397129535
844405170
404462807
607196614
481545852
389927427
348041597
649329457
169864345
140718031
751885764
747363900
92758893
98736844
482866441
124887470
372339610
290767032
914689865
401016825
479810800
992780831
129720502
137067068
847290562
812144700
298620610
251297295
562986044
250113647
494874175
155618564
988227226
439339192
791680066
630174927
862636349
843410497
121413468
54955540
179597442
592381210
649329457
981870925
174875262
109564749
679855380
918055945
224390358
298620610
104411469
132905513
410166589
980877287
278976413
120502500
176717014
991400574
199785190
747399593
413433988
259779086
721617140
129720502
912208782
565060018
771760196
540791553
346874625
129720502
348856150
486167898
329148552
269522820
25322078
110468114
312499983
787638947
700167415
460215667
780068949
992432653
199785190
227382860
234766509
779370659
165105338
956324634
555573743
495780310
56110518
179597442
818265792
788975441
680441459
686406158
460190667
286323725
769929921
416976073
67086855
330692953
199260963
746080579
335362996
165139067
335362996
1
853569020
278976413
275205258
187839125
697139046
721617140
527030158
673161982
794289386
340980453
172901029
614633990
87651606
114617150
862636349
324367954
913408437
557337497
933050876
463101280
475634304
548056668
159853745
669989313
602121847
690319247
248590766
269522820
290767032
34048423
797422311
279693578
714797570
108563469
3384
404750445
148516861
769540556
404462807
345420188
295430549
511982109
95673858
25322078
933866206
230860058
829563740
899483703
48133540
802601525
802676821
550045178
348279342
103961583
412533633
773118870
478420462
874346661
516383057
269353115
198025561
881367913
784742042
198025561
23482358
224519880
792130274
658516737
912208782
909065957
517008630
647498023
749018590
5060021
721617140
416976073
761503763
168399794
121413468
39218592
687806967
771664229
686406158
526196022
655015866
174875262
248590766
459756422
144577080
686469144
596813636
85523437
178339009
715102169
326901762
706022043
790338440
207908345
167026947
386265640
189874901
67633894
929788198
278976413
3998093
992780831
746380159
256750107
415385114
397991399
110793178
834070433
806442151
174875262
747363900
78580241
226903399
68899906
698436690
539831708
964982728
80778957
843410497
843974522
448224737
751109629
862636349
199785190
46598156
70354311
992780831
634093645
174694965
539831708
903241514
776586656
765865905
988265960
607613114
981870925
16977106
769929921
172590826
109320
468287236
301077691
67431061
482866441
679855380
148516861
213007156
32384110
23482358
467714031
807973025
971209169
162101766
658516737
362603295
412533633
467714031
389927427
211960357
166516467
995299330
174166238
942017745
360123048
640501800
498887637
585935056
655015866
992407830
866170001
416976073
137067068
199785190
713620440
461201585
209879311
581579148
679855380
365777724
340980453
330936553
794289386
604176064
78646918
429350953
764417095
96177646
875094863
703858560
248590766
338911730
527030158
602121847
232661366
680441459
892893201
658516737
396994955
669989313
185501014
979992373
548056668
372339610
326901762
986345000
640354624
269522820
820777211
364670984
193275305
595932846
166561202
269522820
275127100
780068949
