875340780
130159798
185381524
151667782
454976956
394370218
415385114
75123912
698783269
96507421
843974522
867677207
130159798
648816111
843974522
663349178
702148911
347090776
69349174
795285863
764523640
21693318
746937336
746937336
378230941
448224737
944318417
479810800
4578874
811269946
780068949
833361895
556007948
193992127
248590766
661815621
415385114
298620610
175498775
280128240
365777724
570102007
607477174
898721940
364670984
679855380
505115444
717552752
23482358
179597442
193992127
168210228
740630647
32287383
416976073
873735929
198025561
663349178
834999007
975272614
751109629
764523640
802676821
129151366
3998093
280128240
749616096
489334816
457230381
683538680
983780318
199260963
243962804
415385114
408359305
436715057
114617150
988265960
787638947
839994130
372339610
852367065
137158394
743928632
914431387
314413453
827874435
727787404
539831708
780068949
298620610
507634900
482636632
686406158
298620610
23482358
137067068
103476980
820777211
404462807
156285460
482636632
933866206
824309164
208917888
970241679
364670984
794180235
794289386
96507421
165803742
451927396
297721548
1
519146507
273320985
137067068
93232780
770935442
573375284
10
648816111
309914368
114617150
372339610
364670984
540791553
379135191
549520960
928419854
170864699
345422821
964330712
457230381
716201282
494874175
840517467
412533633
451927396
27810873
316372179
347090776
416976073
680748079
106499062
498943403
148516861
151667782
248590766
109320
930454161
918055945
291848212
746937336
270974313
93898630
568368152
227382860
991435600
271535135
163487342
199297892
705234926
275507421
865739716
734588468
850971506
4826160
398089477
195828062
185501014
661815621
602121847
439752238
649329457
372339610
235647041
679855380
137067068
199260963
314413453
751109629
980877287
945309929
335362996
963962664
42310282
503444762
744684772
227255957
148516861
314413453
227465186
980877287
195828062
880336838
67086855
458432099
312499983
248004927
561117237
749018590
188966717
516383057
249479266
361666566
185501014
184688307
309914368
188009887
96177646
316372179
93898630
129720502
634247715
873735929
249479266
457230381
78646918
32287383
275127100
595642246
485151280
479810800
105955124
427405236
648816111
794289386
717552752
95673858
828554410
100441623
487814049
673161982
728316390
587505057
273320985
751885764
345422821
92363518
928284068
237962694
345422821
912208782
743928632
318294545
335362996
983780318
933866206
364670984
821164025
165803742
58020252
165803742
751885764
391807783
27810873
448224737
251297295
807973025
645513872
503444762
404462807
600698673
989035560
189874901
862636349
648816111
885392673
565345802
397991399
309914368
397991399
342330165
346156550
309914368
716100284
743928632
845330733
296837963
963962664
130159798
34850360
345422821
721617140
514245021
986345000
21278344
389553749
199785190
130159798
912208782
448224737
498805845
988302004
408365913
93898630
172901029
195828062
992407830
885392673
716100284
476024146
193992127
32373650
176717014
335362996
974770860
568368152
507634900
298620610
493854947
95598032
150
983780318
116735176
309914368
501973057
892704666
986345000
824309164
928419854
107816356
679855380
518841301
655015866
227255957
700167415
341482505
329313371
495780310
178339009
82229777
349603248
816823160
827874435
435315485
472750916
663349178
100441623
415385114
918532640
239487316
388856394
198025561
251297295
479810800
711265915
690319247
700167415
910777216
746937336
602121847
846507349
680748079
412533633
716100284
626000991
614380239
151667782
291848212
655015866
928158243
505052810
639851982
486167898
682437616
663349178
770866270
148516861
721617140
700167415
3384
596330808
711792532
851796411
151667782
598374889
157984484
912208782
156285460
151667782
32287383
248004927
27810873
624336965
131225688
482020824
788975441
200016492
349603248
86850262
448224737
915157856
185501014
121473859
195828062
58186935
873735929
70843747
444232445
618079483
70843747
387120643
151667782
624027276
285732561
189874901
439584573
16977106
343821994
275507421
507634900
349120238
422927908
512793517
431127220
444232445
802676821
679222873
557820851
50855398
290767032
494874175
717552752
149544260
208917888
144577080
486167898
945960781
607196614
873735929
93898630
354740411
912208782
176717014
913408437
309914368
159853745
124887470
96177646
963962664
32287383
840517467
155482694
163410716
305174163
909439663
225799444
25744079
405572486
248004927
349603248
933891365
698436690
178339009
298620610
903221914
751885764
88731151
444805188
314413453
858562464
963962664
95673858
347090776
148273296
963962664
614380239
83508794
129720502
630174927
751885764
912135238
400181533
342330165
992407830
843974522
479225390
602121847
150
294780030
267810889
439327035
630174927
389927427
137158394
745810009
113766160
314274700
69349174
774401696
598374889
903221914
850220866
162101766
207908345
76729032
683538680
843410497
749018590
670752704
863666566
903221914
673161982
103961583
92758893
58020252
714886109
335362996
129151366
117643267
391976474
314274700
264163247
199785190
207908345
865544553
990401355
13186770
523384336
225799444
3998093
275127100
518168296
340980453
507634900
232968200
550126047
607196614
553046511
186587623
568368152
58020252
82394045
556007948
280128240
514245021
4826160
249420944
63162699
251297295
698436690
218923687
700167415
898721940
749018590
76089576
516066950
304697117
181365490
156285460
387120643
481651299
151667782
461754937
444232445
508219969
464412669
912135238
301005840
410357439
630174927
658516737
717552752
4578874
83761743
952041196
165803742
503444762
305174163
326901762
748887866
345422821
291848212
556007948
933891365
873735929
275507421
365777724
235934441
749018590
349120238
207908345
92363518
429538105
144577080
291848212
457230381
457230381
752001723
109320
769929921
239487316
648816111
742275655
988265960
912208782
10
200016492
347090776
416976073
384951437
745810009
156285460
547739327
103961583
239487316
479810800
928419854
137067068
96177646
103961583
109320
661815621
394201217
928419854
109706500
304697117
151667782
195828062
458973109
988302004
887704925
6215076
581264389
991400574
124887470
614380239
186587623
347090776
273320985
482020824
489334816
615792633
269071866
279093858
770935442
507634900
725072354
67086855
967638358
305174163
237428856
728091607
168686063
314413453
388061120
703195401
649329457
404462807
711265915
938579197
117752939
764523640
327008916
963962664
658516737
144577080
550288229
472750916
683538680
150
283759258
798717521
472750916
34220901
137067068
514245021
457230381
469251186
312499983
648816111
557820851
176717014
151667782
150
93898630
787638947
746937336
130159798
178339009
482636632
951876062
634247715
634363006
995547968
270710518
303015794
168210228
95673858
25322078
198025561
159853745
151667782
195828062
802916844
919554541
432480281
444805188
755303661
368079110
193275305
275507421
505115444
495780310
995547968
277213112
658516737
683538680
326901762
354740411
467714031
493854947
193992127
217283392
309914368
114617150
165803742
743928632
4826160
849859696
673645560
507634900
992780831
103961583
992446631
982432356
354740411
843974522
354740411
144577080
714797570
964982728
614633990
326901762
457540789
36322853
728091607
155927981
96507421
100737359
806442151
843410497
774013905
802916844
372339610
498805845
705234926
751109629
280128240
17761462
539831708
412533633
540791553
596627591
148516861
627828501
884115366
278976413
172080174
82229777
404462807
111342462
429602474
729409980
364670984
922768858
89715430
444805188
168210228
820777211
349603248
829398933
278976413
300687686
332413772
912208782
227255957
912135238
687524088
275205258
124887470
354740411
349120238
625605264
373635
350035966
717552752
728091607
439752238
885392673
1037290
994271155
30929693
884750607
249479266
199260963
843974522
31373615
482636632
690319247
83761743
297721548
807878937
150
349603248
193275305
829563740
912135238
990697592
548881817
129720502
445372466
404462807
398089477
70843747
498943403
495780310
890048022
96507421
498943403
568368152
297721548
148516861
780068949
884750607
347090776
765026260
312499983
372339610
529108193
444805188
489334816
853965530
216823913
940644413
716100284
782794387
345422821
109320
3384
52790440
446713644
193014148
658516737
338911730
983780318
7779764
802676821
384951437
326901762
964982728
479810800
229544199
362603295
823046072
933866206
637653710
787638947
354740411
93898630
248590766
712412047
121413468
14745090
442191767
379135191
827874435
933891365
827874435
21910472
82229777
508622145
602121847
581264389
318294545
297721548
163410716
967102009
788975441
170864699
227255957
167026947
243566071
413244404
121413468
144577080
849859696
329313371
986345000
728091607
172901029
150
459380348
369865985
967102009
185501014
179597442
999635346
341482505
405063389
416976073
137158394
165803742
988265960
386265640
225799444
981870925
162101766
658516737
396267917
919965156
747486029
314274700
663349178
912135238
663349178
305174163
518762449
988302004
988265960
388061120
721617140
316372179
658516737
865544553
150
498805845
93898630
113370599
681070190
184151516
365777724
721617140
120387799
912208782
67086855
137158394
637653710
751885764
227382860
341482505
787442489
707564433
342330165
795285863
964982728
151667782
251297295
298620610
752058636
761614316
891652707
505208174
703652066
397129535
93898630
335362996
458432099
1
714079137
648816111
541012185
905119221
482636632
405572486
207985224
780068949
129720502
129720502
787638947
743928632
312302065
478166788
393765504
683763485
457230381
439752238
397991399
482020824
949908888
201705525
288767416
184151516
608423628
34850360
342330165
571537400
818265792
174875262
614633990
583404746
516383057
208240892
711265915
113370599
297721548
527030158
34850360
529937885
653802647
347090776
602121847
167026947
840517467
444805188
556007948
170864699
162101766
199260963
275205258
404462807
297721548
722016039
702565465
249479266
163410716
163410716
195828062
291848212
176717014
1
278976413
806442151
291848212
124747607
386265640
733782639
26211920
34850360
195828062
297721548
900422515
152781082
802916844
457230381
165803742
842932257
95673858
444805188
195828062
503444762
195828062
514245021
903221914
780068949
67086855
109320
168210228
23002102
297721548
215104259
988265960
364282508
981870925
649329457
818265792
679855380
992780831
280128240
415385114
862636349
981870925
185501014
596813636
582542326
278976413
352443333
193992127
42310282
477546440
163410716
345422821
3384
95673858
32287383
983780318
824237029
458432099
248590766
991435600
341482505
614633990
375711121
911689882
608423628
175661060
458432099
862636349
23482358
780068949
649032276
193275305
275507421
11004695
780068949
93898630
630174927
570609659
649329457
168210228
716100284
913408437
728089303
11198045
440042531
186587623
415385114
992780831
626701595
672506984
324367954
722292725
389927427
747363900
185459062
807973025
208917888
164310037
748208255
329313371
151667782
843410497
109320
251297295
373635
435444585
479810800
596813636
227465186
795285863
3998093
193992127
299104582
545361573
683538680
873735929
114617150
121413468
167026947
686406158
340980453
598374889
415385114
865494791
184151516
349603248
444232445
881775823
347090776
893772900
342330165
369865985
933891365
148516861
787638947
661815621
397991399
248004927
227255957
310234482
764523640
285980080
412533633
209906559
754464673
198025561
634247715
93232780
248004927
46598156
745810009
386265640
412533633
170864699
369644014
193992127
347090776
168210228
137158394
516383057
977485422
278976413
988265960
364670984
978838983
198025561
174875262
486167898
648816111
764673175
766467955
704852441
273964093
379135191
686406158
645612833
988265960
32111757
92758893
540791553
93232780
381681453
610437483
478420462
721617140
4826160
439752238
114617150
402737690
261297932
893011942
493854947
995547968
607196614
661815621
829563740
451927396
673161982
728091607
838883983
362603295
76077210
280128240
178339009
97901102
322795099
867336873
834798273
208917888
350260142
314274700
405572486
820777211
174875262
859927759
568368152
113370599
342330165
32111757
397991399
425898801
919965156
227064718
349603248
858263519
806442151
92363518
874780510
940644413
16977106
228963510
495067916
324367954
448224737
840517467
369865985
679855380
988302004
704852441
843974522
769929921
128679208
227465186
451927396
568368152
402737690
208917888
189874901
192057111
335362996
304697117
248590766
32111757
849487481
340980453
415385114
822102587
121647598
94781696
967722769
945309929
406546549
866773729
482020824
34220901
489334816
384951437
843410497
690319247
151667782
92758893
778051659
658516737
980270179
70843747
297721548
780068949
193275305
479566542
943242302
200016492
238949237
749018590
633636706
384951437
162101766
137067068
173264267
787638947
521596925
802676821
155114584
568368152
96177646
448224737
436715057
413418960
195828062
974365817
607196614
100441623
826534240
231621403
607196614
178339009
195828062
314413453
95673858
314274700
165803742
896434818
170864699
545525098
155114584
516383057
211412999
131225688
818265792
251297295
341482505
291848212
436715057
373198537
388061120
67086855
862636349
770972006
83761743
162101766
67086855
430141331
503871133
802676821
314413453
568368152
680748079
155114584
108563469
710979025
325675371
649329457
312084886
369865985
865494791
977485422
581264389
745810009
865494791
769929921
802676821
683538680
568368152
92758893
93898630
728091607
213924268
743928632
291848212
195868322
487633513
915171850
457230381
117643267
527030158
312499983
354740411
95673858
10
10
155114584
751109629
341482505
479810800
199785190
189874901
113370599
193992127
626701595
686406158
137158394
127997890
505115444
398089477
314274700
365777724
249479266
405572486
945309929
78646918
93898630
316372179
354516121
304697117
67086855
149544260
142752568
159853745
248590766
596813636
415385114
185501014
388747359
354740411
802916844
227255957
275507421
423127792
239487316
32287383
207908345
149544260
524632621
963962664
787638947
829563740
648816111
575234707
806442151
3998093
275127100
824309164
717552752
451927396
193275305
387120643
614633990
1
764523640
928419854
933866206
330000503
704852441
298620610
962782028
470406212
375104750
433559179
803039224
933891365
540791553
704870869
482866441
751109629
503444762
694224759
429292221
437832387
4004635
349603248
150
129720502
226780159
829563740
174875262
151667782
849859696
630174927
108672248
227465186
36980356
933605478
199785190
705234926
3384
371338082
27810873
952041196
516167694
347090776
915487984
92363518
862636349
143224858
309914368
329313371
108563469
312459701
278976413
806442151
507634900
928419854
218100178
949528090
329313371
290767032
240879853
726185460
658516737
248590766
803039224
42310282
709838876
545525098
553620855
450311989
937427727
557820851
16977106
174875262
748907156
129720502
183753908
364670984
946739482
614380239
706147068
249420944
770935442
557820851
663349178
8162215
93232780
755865893
277666013
178339009
607196614
912208782
439679381
711265915
46598156
717552752
471644150
992780831
251297295
260977346
745810009
879126474
556007948
843974522
514245021
3384
129720502
568368152
486167898
137158394
795285863
193275305
303923929
151667782
289304615
769929921
96507421
148516861
780068949
849859696
884158612
103961583
981870925
389558482
27810873
114617150
124887470
70843747
956696568
840517467
986345000
903527156
516383057
479810800
489334816
345422821
404462807
738383423
400709736
351779138
770935442
32287383
711265915
557820851
656061155
83761743
836257346
372339610
711265915
143781918
67046399
354740411
335362996
665852692
489334816
150
310636047
16897656
614633990
312499983
539604072
885392673
615147419
669989313
32384110
756531400
721617140
527030158
907200217
335362996
353072199
795285863
806442151
596813636
679855380
275507421
421914119
243871880
130159798
873735929
65385345
172901029
992407830
649329457
436715057
859943165
3998093
795285863
342330165
284433556
966910536
291848212
958890478
412533633
1
714797570
402737690
178838846
78646918
937625971
648816111
764523640
679855380
749018590
740630647
81777831
248004927
302291764
494874175
545416901
93898630
372339610
273320985
191649234
731701998
1
568368152
32384110
92363518
556007948
740630647
963784858
716100284
988302004
607207080
335362996
278976413
933866206
602121847
862636349
843974522
507634900
637653710
803039224
92363518
193275305
705234926
912208782
698436690
843410497
240879853
453850444
100441623
295080413
660325499
807973025
214750865
340980453
114256848
641816005
482636632
278976413
316372179
802916844
873735929
83761743
314413453
389927427
137158394
4578874
69349174
193275305
912208782
207908345
174875262
787638947
70843747
532645480
100441623
933891365
230127309
3998093
824309164
79234997
397991399
849859696
573860858
130159798
199260963
807973025
648816111
451927396
208917888
743928632
494874175
67086855
728091607
4826160
100571256
294780030
257448946
165803742
788975441
379135191
680748079
227465186
823046072
130159798
933891365
69349174
203122762
25322078
4578874
981870925
207908345
884158612
472750916
296688985
347376318
634247715
613230676
556007948
933891365
751109629
74640136
988302004
25322078
162101766
144577080
263277365
1
239487316
776062214
275507421
373196643
780068949
766610919
246497506
717552752
832329527
903221914
69349174
705234926
947121469
767091207
467714031
314413453
628715082
704852441
131225688
379135191
165803742
557469923
963962664
316640818
108041519
787638947
840517467
379135191
912135238
337984172
466819135
716100284
227547313
519494908
113370599
249420944
144577080
196506008
163410716
165803742
151667782
397991399
664685885
557820851
524632621
309914368
309914368
416976073
347090776
130159798
93232780
767253545
144577080
280128240
309914368
933866206
978544869
712598697
598374889
404462807
745810009
304697117
548056668
745402058
489334816
477546440
349603248
275507421
3998093
802916844
124579695
374088562
92758893
802676821
200787341
100441623
397991399
136550788
137067068
988265960
687154654
788975441
34850360
940644413
807973025
34850360
397129535
521748911
540791553
179597442
4578874
312084886
216593897
527030158
444805188
637653710
290767032
281009817
823046072
10
304697117
58020252
740630647
749018590
516383057
658516737
369865985
507634900
527030158
32384110
513443912
488829596
294780030
751885764
279230451
743928632
873735929
690319247
539831708
865544553
227382860
240879853
561228818
470598575
494874175
493561852
598374889
769929921
83761743
495873315
751885764
674445494
457230381
23482358
114617150
107816356
737906543
373635
556007948
461488813
249479266
884750607
365777724
278976413
637653710
312084886
207908345
364670984
721617140
918320421
746937336
82229777
40510481
10
623889744
693506722
981278899
167026947
539831708
794289386
186587623
398089477
10
249420944
186587623
711265915
404462807
931870726
747761311
975973153
545525098
27810873
184151516
780068949
907385052
546456771
345422821
456916380
995547968
270710518
495780310
467714031
341482505
843974522
314413453
873735929
704916500
498943403
316372179
129720502
659343756
821193264
193275305
516383057
829563740
655015866
780068949
270710518
103961583
314413453
444805188
840517467
137158394
96507421
728091607
143695395
4826160
818265792
820777211
3998093
316372179
986345000
991400574
344153993
905641048
107816356
683538680
602121847
4826160
349603248
88436366
251297295
164902226
824309164
269522820
342330165
208917888
10
884750607
96507421
32373650
67633894
