724413976
59613272
304697117
83761743
345422821
918248999
666363224
233037276
69349174
980877287
963962664
420838974
403018543
849859696
276005883
704936703
913408437
405572486
654167456
963962664
193275305
309914368
317652883
125575379
607196614
916780167
823046072
846637116
368218498
470106620
679855380
16977106
259620012
369865985
467809986
700167415
240879853
436715057
621488988
779746357
780068949
304697117
818265792
498805845
680441459
137158394
896228201
498943403
150
778557779
929788198
305174163
165105338
787638947
174875262
191537909
108380449
621031451
275507421
911853570
663533605
144577080
372670720
369886464
498818206
598374889
413960064
747363900
840517467
687722536
401062440
557864145
553147923
188411300
91152973
428131251
493854947
711265915
324367954
225799444
609279281
172901029
304697117
189874901
159853745
503444762
614633990
32287383
168054433
788975441
16977106
81579728
251297295
893441124
528556869
397297781
280128240
174875262
738200694
674053619
695672081
549424140
326901762
828641135
883353360
665724149
167026947
305427483
477546440
489304047
637606539
492827252
619044737
961389155
347090776
494874175
771034302
537470222
354740411
557820851
898721940
514245021
987248199
287917394
549626408
51575775
326901762
273320985
249420944
995419477
676806299
257637718
806442151
211960357
770935442
108563469
39218592
32287383
865494791
341482505
42310282
614380239
704688688
363965374
822855750
92363518
3384
538427413
745725616
105848119
82073015
470598575
557820851
482020824
862636349
493836518
612494075
988265960
113370599
163410716
988265960
933866206
869861705
224114365
156700073
498805845
701857121
25755584
154221862
959023203
777161433
482020824
858942524
118414228
335362996
980877287
649329457
773118870
887105793
983780318
952041196
193275305
673161982
716574648
342330165
159853745
407929351
674604568
189874901
148516861
792092016
584387861
267360345
988302004
95673858
448224737
669989313
798670743
384951437
585240519
655015866
917068069
18165442
85524666
746937336
61706412
125575379
131225688
807973025
680748079
150
457230381
884158612
185930935
885086816
281255127
81486502
426774175
331235834
178744444
784199831
933866206
945309929
444805188
772073273
562537975
865544553
108563469
112594634
983780318
84304568
848581979
992780831
882463677
898949894
179597442
795681677
486167898
992780831
257789492
173643577
314274700
841415878
989324486
95149745
746937336
865544553
357981862
718668886
405828446
25867969
486167898
843974522
174875262
280128240
273320985
78214817
717552752
672340633
721066965
199785190
913034163
788975441
275650006
616659570
205107363
448224737
255531937
482020824
482636632
889573539
416753665
79184239
456393028
208917888
386765906
397129535
794289386
93898630
340980453
167966208
740630647
943399900
377645588
728091607
207908345
740032236
498805845
746937336
375415318
304697117
919965156
487814049
806442151
227255957
298620610
189874901
726475348
505115444
195828062
121413468
919965156
704827836
721617140
365777724
156911545
463535049
679855380
802916844
93898630
401016825
179373847
780068949
227465186
124887470
498805845
162101766
537784458
747363900
415385114
967106896
585240519
199785190
156285460
988302004
977485422
42235239
661991269
507634900
379135191
24841120
275127100
193275305
208917888
176927586
82444117
637653710
858329817
34220901
137158394
548444787
181847325
109320
727788422
766439969
482866441
834429163
34220901
347090776
795285863
988265960
340980453
67086855
478420462
4440493
688005041
114617150
205227479
782960413
562546318
829563740
467714031
93232780
685992747
448618779
129720502
397991399
891670035
448224737
914733834
431975765
178065630
493854947
93898630
232283655
92758893
386265640
207908345
760584795
3384
69752674
486167898
649329457
263833422
240879853
626701595
681158700
655433596
46598156
286323725
286785589
991435600
554433467
314413453
371980679
748989556
39218592
747363900
200016492
364090644
489334816
416976073
405572486
482636632
613987385
690319247
826627468
16977106
69349174
113050386
388061120
991435600
342330165
968912193
482020824
704827836
965243946
862636349
773118870
886483067
235518014
748679205
664370951
838259446
225799444
780068949
788975441
933838290
320554358
977485422
204434900
125705355
270607811
608423628
92758893
314413453
494660344
269335926
159853745
92363518
227255957
493854947
467714031
780068949
983780318
459756422
178339009
556007948
341482505
67633894
912208782
746937336
251297295
275127100
206360086
163375263
208917888
193992127
653289476
119150084
937983414
154221862
635215807
281255127
167364335
416976073
174875262
349603248
769929921
761786686
412533633
851556214
349120238
858598616
137473587
422711402
41374232
602121847
66923545
32111757
898721940
545712674
592807326
379135191
372339610
482974119
849647926
314413453
527030158
430337074
178339009
704827836
7499933
244853717
157178856
163500390
110832917
409533639
736381408
405572486
216855561
355909382
588162756
907674363
39218592
298620610
483151346
424614948
663005412
964982728
93232780
487814049
460242614
251297295
806442151
389927427
25322078
129151366
504630387
456155301
341482505
988265960
461009264
451927396
487086724
779370659
640167595
918055945
896350860
651158509
828850998
988302004
171404761
890319550
362603295
600047888
58020252
529177534
50894700
471132275
873735929
527030158
919965156
159853745
181847325
433778290
328408363
47076811
121010618
200016492
398089477
903739020
16296441
673161982
248004927
278976413
347090776
358950841
528260556
132433726
770935442
211960357
953664144
663776894
122311528
963962664
475907794
532755184
149544260
527030158
129720502
630174927
881775823
863898347
464246629
708240103
885392673
155114584
834429163
1037290
770935442
200723
788966601
46598156
68241226
992407830
303361801
986345000
552532120
848463319
158544320
487705159
405572486
992780831
721959656
242026776
108563469
93898630
240879853
597999859
861379371
912208782
322435464
436715057
274565699
470676116
304167866
424713054
759541070
621372446
124887470
637653710
442119268
743928632
503444762
655015866
650849832
451927396
462480493
721617140
713620440
95673858
170864699
388061120
714797570
225799444
991400574
988302004
751109629
903221914
991435600
539831708
305174163
963962664
305048199
451927396
865494791
598374889
540791553
109320
362603295
207908345
608423628
130159798
239569800
463535049
806442151
519471517
208917888
107816356
4826160
482020824
450072681
736420813
487793561
314413453
654167456
205105527
405022523
524263537
214065809
289504016
428131251
372391776
914547603
720715760
172901029
178339009
893441124
818265792
472750916
451927396
918055945
93898630
388991168
865544553
716100284
387120643
726097956
720195920
680748079
432266520
195828062
608423628
505897576
649329457
915449089
438331425
792909807
493854947
774798582
787638947
893254150
682809869
609722156
104445170
713620440
93718562
824013590
792197294
203643099
125575379
12574694
637653710
230411303
870073842
435710150
172901029
656817610
281255127
70843747
150
274946148
995547968
32111757
884158612
238289764
824309164
539831708
648816111
178160982
92363518
114407295
912208782
154221862
534378663
843410497
625951275
987568887
809186687
706153832
199785190
326901762
487814049
96507421
34220901
412533633
125988029
802676821
458123690
745745903
641399874
711265915
843410497
93898630
32373650
809087414
58020252
708882990
124887470
873735929
69349174
303361801
101826258
369865985
314274700
17485086
823046072
714797570
806442151
251297295
743928632
524632621
165105338
498943403
796237620
873735929
58020252
649032276
483198762
716100284
981870925
227547313
716100284
67633894
360086386
486167898
94204286
117643267
853628979
173879390
726185148
130650242
72807760
372339610
573375284
257629345
554398291
827874435
557820851
180737897
845659572
398009189
573375284
745810009
100918381
568368152
593370337
341482505
587220085
714797570
612355247
576396944
524632621
632417368
383023540
782062656
111066822
782699505
519021369
141806545
556007948
93232780
867671344
412396169
742270376
897713516
387120643
305174163
244457444
776270336
373635
165058726
980951858
983780318
862636349
602121847
92363518
15060262
245383502
3998093
15796275
27129023
287523430
555573743
1
149544260
259069631
389927427
348946119
826733678
728091607
578531543
305174163
764215391
304994261
292234238
121413468
824309164
314409236
15441322
203903933
779342623
984676210
783648004
980710882
382523685
412396169
472750916
705234926
746177036
700167415
941274301
706153832
988265960
818885757
479810800
109320
165803742
794362414
807763514
607196614
124887470
717552752
411711677
152765294
362399368
749018590
585240519
251297295
843974522
686406158
764523640
67086855
461646181
354740411
222395347
34850360
157749025
729747455
339838888
397991399
266163097
722342068
816736322
764523640
568368152
806513237
58020252
600261329
984228978
762614788
884750607
163410716
677548001
225799444
992780831
539831708
748679205
469337187
326153188
388061120
964982728
281255127
562986044
986345000
239487316
977485422
686630274
193275305
881775823
608423628
890709564
778557779
240879853
873735929
982737935
12450361
661815621
838393878
604948079
679855380
539831708
78171663
743928632
405572486
743928632
136548025
478420462
218718648
96177646
691628890
451927396
919965156
389927427
471913176
124887470
36411121
807973025
964982728
591675417
821987704
230460574
794289386
57200503
212643439
278976413
883629949
234767492
3761461
343037235
408078117
995489414
903221914
958476872
361330804
421103822
764523640
242026776
372763939
189792062
88843338
224851669
136455751
204531157
916298563
489528411
544857240
482636632
405572486
988302004
745524206
568444889
129151366
452035468
964982728
215158257
516132577
349120238
340980453
34850360
443675481
179597442
432678143
312499983
58020252
829563740
53928390
155114584
242808995
90002072
341200726
898218043
995547968
316957586
514245021
92758893
557337497
176717014
280128240
229805244
362603295
634247715
4578874
137067068
964982728
555573743
831512117
770935442
227547313
273551016
249479266
205038908
248019106
457230381
514811540
755997831
720342271
224519880
272976195
696513902
673161982
563070667
10
144577080
919965156
278976413
912863145
921293445
156285460
373635
25322078
103303266
821552991
803632340
985667330
248590766
505115444
902496091
964982728
803039224
720844598
321545178
92363518
32373650
680441459
448224737
113370599
165105338
194203471
966350548
834957537
114899829
918055945
977662468
225650327
424614948
314274700
195828062
70843747
412533633
670978887
573961836
144577080
746937336
192154869
991435600
689075782
460626328
607196614
201367206
101112351
986345000
416753665
995084731
130955829
568368152
27810873
309914368
698436690
875926296
294780030
271841393
45923869
349120238
986345000
462480493
414638660
401016825
896623660
714797570
689075782
283200689
64481747
183052716
291225942
12850961
208917888
196059944
444232445
427587650
737483736
557820851
174710635
693245808
362603295
435730507
318294545
100441623
3384
683538680
415385114
296092514
513512221
316615693
722833600
417460448
114617150
362399368
663243553
482866441
304697117
698436690
740630647
634247715
986345000
587220085
826929168
83761743
264229159
341482505
689075782
686406158
787956842
134556005
673161982
389927427
42310282
387062244
854727016
92363518
221796582
527766844
618632805
840517467
151667782
680748079
699184549
698436690
833222399
669434814
711989754
297721548
843410497
199785190
227465186
482020824
174606213
162669453
614633990
96507421
794289386
749018590
480657573
373635
482636632
541406423
151667782
486167898
598374889
482303791
32287383
967102009
324367954
992407830
702259019
749018590
803039224
939630344
207411975
649329457
672340633
561687207
813514593
353059436
10
189874901
1
447213359
272058595
995321359
482866441
158291648
129720502
751109629
770935442
904687715
637653710
464063534
184282865
663349178
51605776
567214795
312499983
736769083
189874901
286323725
993246911
738035444
685434417
93718562
691768320
11723329
868296475
67086855
432350682
903221914
178339009
198025561
176717014
137158394
718753539
584070755
314274700
436715057
305174163
862725690
471143823
137765011
415385114
167026947
163410716
269266884
623061396
429910425
550992275
227465186
374433059
820773552
405572486
684849792
96177646
137067068
592114022
450298059
305174163
413960064
873735929
194698647
491407475
584804204
919965156
986345000
906651697
988302004
303361801
117643267
113370599
129720502
719653638
165105338
412533633
328554151
32373650
769119166
80644040
891129588
821269837
405572486
573375284
932110811
129720502
527030158
634247715
273320985
912208782
108563469
631871708
909760316
530823584
869031950
983780318
130159798
862636349
4826160
64675395
945222978
405572486
256453418
314413453
297721548
404371024
47857295
912208782
883436194
516383057
115614297
912208782
372339610
920320026
673161982
912863145
399389147
238370182
369865985
699702826
627634782
713123592
379135191
854187944
780068949
21251932
596813636
863008281
54892439
397218990
901721874
877839904
363965072
195828062
885392673
940644413
66923545
295558036
740630647
940554915
564111755
92363518
81541687
293337508
147632456
416976073
391552673
203772361
474567490
697898217
669989313
827874435
121413468
988974027
3107876
349603248
539831708
296235804
802676821
317822654
454933126
172140894
803039224
40632258
710561123
648816111
4826160
78646918
191836432
818265792
598319277
305174163
360607546
993246911
174875262
150
6640226
364670984
316372179
95673858
269522820
297664009
412157202
404728700
871233337
547232832
840517467
575842502
503444762
494874175
933891365
787371407
198948505
494620037
617300491
16043708
551392988
32384110
929570173
516383057
663349178
717295626
172901029
278081176
924386065
303940887
430999659
980877287
4826160
416976073
668043467
824309164
242445023
452035468
548056668
663349178
598374889
663570739
608423628
714797570
32384110
448224737
907471362
714797570
680347572
527143755
952041196
717552752
3998093
436715057
963962664
432678005
316372179
44500960
280128240
569561920
871758996
309542751
291848212
557820851
979992373
39709445
617143627
931335812
3384
852848009
503444762
861886843
916298563
172901029
946278411
365777724
96707321
690319247
338911730
316750494
341482505
700167415
524632621
174710635
870925331
199260963
186587623
830224194
369865985
488481489
790499914
502877261
351061323
32287383
401062440
314274700
489304047
19845518
494697284
95384186
32111757
340980453
754950892
369865985
157188772
280128240
806544741
39218592
239001406
305842384
802916844
719853421
183713063
431839170
614633990
215084032
711265915
379135191
933866206
986345000
711265915
700167415
604393914
39218592
66605158
388061120
240879853
795285863
179268000
207908345
93693417
338911730
131778332
251843546
66605158
4578874
820777211
489334816
556966505
469382470
275205258
315056300
16043708
850047175
986345000
787638947
921900740
4962879
487814049
95673858
835147502
690319247
458432099
5029029
658020955
992407830
373635
548444787
92363518
96177646
863089116
965243946
896668208
291848212
239129714
305174163
193992127
162452126
714797570
28311848
475634304
179597442
828753012
540791553
580752318
172886914
82229777
457230381
239487316
195813676
661815621
92739317
669821916
796984617
401244760
10
289309724
661815621
663349178
865494791
402737690
534559397
52491680
240879853
947454754
971728668
452035468
165803742
388061120
80527753
130159798
596813636
83761743
928419854
93898630
494874175
807659180
137158394
345422821
779370659
314413453
165251245
505115444
637653710
869709638
386265640
316372179
355527704
444805188
436289459
216753593
623080503
239487316
193275305
151667782
316372179
181224637
117643267
912135238
818265792
314409236
596813636
66524042
475634304
1
179597442
451927396
524632621
14139544
326492893
601688393
648816111
424985294
13013954
318294545
314116173
405207800
478420462
291848212
648816111
104277870
749018590
269522820
237872202
540791553
476674286
294780030
275205258
373635
557820851
342330165
1149647
621372446
93232780
731717891
482866441
67086855
751109629
663349178
887550946
342330165
66430650
700167415
221884530
759851199
614380239
10
979992373
357928181
416976073
807973025
730076821
441967868
777161433
489334816
453480742
395237807
208741958
439752238
365777724
242868344
878394569
673441914
505115444
124887470
598374889
561457299
635174468
802676821
361790774
83761743
865544553
912208782
756344099
885392673
54609136
124887470
568368152
199260963
347090776
637653710
200016492
291848212
595396889
398089477
370657372
831682067
728999502
990664768
70490549
415385114
147147701
42310282
685447749
995547968
349603248
831417525
232285993
362399368
239487316
92758893
671161115
788975441
314274700
124887470
338911730
464404835
227255957
721617140
678015172
751885764
109320
884750607
239487316
912135238
3998093
962403917
318294545
649377375
836462208
92363518
548056668
227465186
271741099
487985837
227255957
820281863
122332534
405572486
164992014
416976073
824309164
96934314
162101766
843974522
189874901
806442151
137067068
761961826
831512117
768731168
455629908
704827836
31620207
248004927
552060551
207281620
32287383
587220085
478105359
770935442
156285460
751885764
992407830
566737295
556007948
176717014
853938060
745810009
220209874
125156045
952041196
342330165
309914368
314274700
314413453
844411356
829028764
223326061
448030287
159853745
812900587
193275305
92758893
340469397
107770128
787638947
980877287
687893655
72864819
721617140
979992373
172901029
580228825
780068949
155114584
810730900
544756880
918455197
479686226
249420944
83463776
524467778
204434900
788975441
843410497
79754768
224519880
149544260
772837611
167026947
602121847
25322078
988265960
614380239
967102009
162101766
807605309
552473945
482636632
729281655
533338808
165602327
269522820
724289888
369742766
961652721
995547968
689075782
630174927
296200192
840764793
324367954
342330165
350495311
151667782
53868128
116972640
572133198
476460273
470998429
349603248
181847325
309914368
772214221
802676821
503444762
724233009
467714031
499030115
663349178
960120204
514441802
111784559
199785190
216141175
156285460
397129535
783950718
791507596
113370599
128147279
479810800
349603248
316372179
632473965
945960959
705234926
658516737
4578874
369385112
389894010
608677550
621372446
386265640
704936703
352464627
813324998
211960357
316372179
159853745
187083400
660435726
918843701
885392673
110468114
222478196
174875262
149544260
1
277720063
967550863
69349174
550171366
503444762
4578874
469337187
683538680
174875262
702360054
163410716
388061120
16977106
818265792
661815621
27810873
316372179
405572486
716574648
269522820
691480955
470598575
482866441
634247715
378431235
597244983
981870925
834069819
978622541
151600723
849859696
914550945
672340633
78646918
448960003
66923545
240879853
680441459
249479266
780068949
130159798
924986329
527030158
768731168
193275305
292595459
478420462
151667782
92758893
965406075
114617150
333721255
290369214
777161433
188623992
800529331
614131740
716574648
379135191
655877657
988265960
524632621
715946424
524632621
779370659
41502483
170864699
918455197
667120149
410412040
398089477
280128240
933891365
151667782
827874435
918455197
957946951
384539123
475634304
345422821
514811540
32111757
826508003
364670984
874668115
361012395
740630647
740076511
286323725
992825020
928398887
364670984
833387021
741725230
986345000
18837534
658516737
637653710
624367191
509752515
795285863
746973306
162101766
813569136
42310282
384951437
546543568
195828062
261877548
742928149
721617140
249420944
991649343
872456161
95673858
199785190
749018590
494874175
626701595
51363881
309914368
850159935
581982801
983780318
555573743
498070110
773485779
573340048
314413453
821987704
962403917
113370599
294780030
59175890
270710518
584032698
818265792
802916844
32373650
196543844
646702390
746937336
416976073
899992169
372655907
389927427
264797933
82229777
842176960
963962664
335362996
291848212
451927396
199785190
444232445
840517467
497749238
356161968
946461600
224460293
316880335
964982728
342330165
407583742
88002616
693260655
66430650
475699658
514802540
65893758
495780310
556007948
379135191
746368633
765165131
67000653
148516861
70843747
366916997
782263536
931703449
573790883
744708973
137067068
833557002
340980453
82229777
985816405
46701852
634247715
945309929
124887470
455171242
448224737
527030158
42310282
51066627
163410716
283208033
362603295
300593379
67086855
283344063
220514472
51066627
798793901
93898630
412396169
242026776
690319247
870559313
109320
963962664
991400574
110468114
397991399
164925945
881775823
297355013
981582110
470251328
157979022
38956596
532438437
345422821
190942676
287569664
340980453
596399443
227382860
142884574
703849470
973194062
174875262
320957033
711265915
831512117
51066627
716770099
103961583
794424144
573375284
345422821
539831708
610371719
834429163
495239984
676080031
602121847
749065979
740630647
533385615
616796313
862749258
690319247
472750916
865494791
563780483
549648360
983780318
199260963
433044423
121413468
748543428
347574943
217543778
555682475
338394403
982660959
794289386
207908345
444805188
242389101
940644413
176717014
165803742
885392673
945309929
716100284
585932817
696253308
227547313
505115444
933891365
906088391
174679396
66430650
248063398
762995962
28695356
768731168
32287383
261802154
602777286
275507421
642809974
963101182
261022276
556007948
928248934
669976964
355896125
168210228
637653710
504792140
487364848
308878098
352430419
808655917
301477014
275507421
59767093
840517467
561142264
82229777
207558437
37383261
115360821
249479266
489334816
328160665
910412416
489723930
239487316
46372035
733082037
365877578
818265792
716552033
67086855
548056668
937593318
401016825
747363900
354740411
347090776
96177646
714797570
193275305
326901762
178339009
937079495
773485779
637653710
711265915
240879853
163410716
151909504
367844190
946810407
451927396
159853745
342330165
314413453
61736121
654167456
275205258
654182734
412396169
672340633
8779538
870842457
46598156
249420944
470251328
573375284
560794100
810622417
451198252
250366999
369865985
382413960
634925246
447965451
187156842
397129535
637653710
983780318
806744540
613139554
314274700
769929921
341848335
803609644
224519880
4578874
227465186
311512398
669989313
87184328
693038154
773325097
384704717
283838419
865550215
749018590
920417787
842176960
415385114
94173169
39218592
598374889
273360917
621954104
700700541
34850360
394319710
533613947
298620610
507634900
270710518
314413453
93232780
743928632
227255957
393658570
373635
486167898
74398586
555573743
489728071
438665377
83761743
565463795
489334816
885474839
227547313
225799444
537326937
614380239
114617150
777161433
67061913
185501014
88356432
470251328
454933126
672650683
227465186
648816111
746937336
32287383
84174252
397991399
82229777
103961583
160736962
721617140
227171410
393329487
275205258
95673858
865494791
858975984
850035577
640240673
199785190
716181646
27810873
560595219
977898001
862636349
843410497
117643267
349120238
568368152
884158612
614633990
92363518
324126568
740630647
63426332
121413468
249479266
137158394
114617150
957731573
845483179
309914368
379135191
108563469
167840712
689075782
648556615
889237704
607196614
80504657
39218592
144577080
816383424
110941953
167026947
568368152
668127646
895258854
308877649
649032276
507634900
827874435
83761743
912208782
372339610
748562039
614633990
489334816
249479266
170864699
747363900
198025561
988265960
46936423
713620440
913084610
294780030
137158394
304697117
635358701
738200694
305174163
980877287
457230381
464355044
908819328
482020824
478420462
372339610
342330165
498568586
27810873
538884611
3384
100441623
317141415
301012549
199260963
457230381
765439449
151238341
46093511
401016825
96507421
709211483
347090776
705234926
104099815
179597442
816041792
1483417
179597442
753583463
349120238
865494791
692513261
334168873
707829027
991435600
170864699
976486022
124887470
768135588
898721940
524632621
719118472
716574648
237484035
32384110
314274700
947222949
539831708
802916844
332878828
695630425
227465186
301847207
417731055
763419822
516383057
249479266
186587623
554511388
742591134
79184239
498805845
952041196
93718562
37223485
10
658516737
447311248
239487316
834598516
556007948
62806862
353306252
840517467
521817716
474331268
568923566
539112133
849859696
373440199
137696283
861041819
278976413
239283874
655015866
83761743
673161982
275127100
704852441
298620610
146360712
255411626
494874175
314409236
514245021
903221914
150
539831708
365849162
618524068
981486421
470598575
705234926
69349174
314274700
179597442
806442151
493854947
178160982
454933126
73331239
170864699
780889722
329313371
862636349
661815621
637653710
275536106
515892513
150
305174163
863507447
258644933
129151366
898721940
329313371
834294959
207908345
761303382
731445749
713210388
807894092
83647869
312084886
729747455
421048159
866455748
440085515
884158612
133131354
185501014
493854947
912135238
824309164
353252452
314413453
214719443
680748079
689075782
717552752
117643267
393658570
466626902
867212454
96177646
309914368
347443075
294780030
87531375
714797570
263133521
93232780
92363518
558133975
415385114
342330165
276996146
594975143
988265960
614633990
294338812
60727840
32111757
862636349
129151366
614633990
93232780
981870925
873735929
275127100
873735929
498805845
402737690
489334816
46701852
802916844
243260741
3998093
884158612
495978544
482866441
489334816
379135191
224519880
208917888
297721548
901553857
829563740
589931035
849859696
159853745
740315061
557820851
747363900
137352123
1037290
625303142
459756422
944055599
913076456
831512117
37464859
150
903221914
415385114
820144652
764523640
993246911
593906531
721617140
494874175
135635332
31362682
976439376
992780831
986345000
137097678
988302004
981870925
965243946
70843747
330451263
459756422
690736303
362399368
802676821
843974522
415385114
515583272
602121847
443607341
468223315
70543314
560182749
375595540
942779655
306486005
538499992
420325552
698059811
34850360
734501716
42310282
416976073
258664699
278081176
254803861
416753665
764523640
100441623
362399368
548056668
176717014
988302004
991400574
123541347
67086855
749018590
780068949
25322078
23482358
290767032
284982622
869659259
162101766
773118870
802676821
186587623
100441623
312084886
349120238
314797436
254862905
1037290
116117926
152847565
388061120
747363900
274819982
51244746
208917888
318294545
4578874
991400574
673161982
614380239
598374889
242789880
654167456
114040830
95556376
614380239
81627796
604968240
736427077
354740411
749018590
5398384
628876420
249479266
634247715
607196614
912208782
651660725
817436065
772530271
401062440
159853745
649329457
497037914
43321898
409500806
424614948
320301199
743928632
827815975
585240519
133247068
436715057
679855380
527030158
153661862
268668005
554569786
304697117
470598575
151667782
372339610
608423628
506697651
623029609
818067932
682936128
820777211
482020824
768731168
314274700
859584249
292713774
61663935
306284456
431401003
655015866
686203057
614380239
830917547
579398838
697497817
721302930
118799219
408353558
834429163
16977106
614380239
117643267
639329122
498943403
147403982
630419287
947446852
412533633
728091607
820897550
96177646
261877906
466993043
898162851
293508159
680441459
275127100
703651855
540791553
25322078
32384110
129720502
298620610
156285460
864422340
635392339
650092053
342330165
929788198
362603295
535570803
129102788
41108078
67086855
169441264
407995979
27810873
1037290
520144925
195828062
991435600
467714031
278596460
144577080
634247715
439428090
807171482
119970728
747363900
586401839
20357772
1037290
962636487
680441459
312499983
467714031
921901875
747363900
843974522
298620610
876404125
103961583
316372179
335362996
843410497
482636632
570287540
401016825
227465186
345422821
443437469
298388485
305174163
680748079
248004927
354945097
494874175
487814049
587275193
702063861
608423628
23253741
195828062
661815621
281255127
630174927
335362996
714797570
23482358
478420462
445789425
787638947
706153832
98333918
598374889
527030158
227255957
277917062
42310282
898721940
761380990
486167898
249420944
802201987
149163390
436715057
521534981
462389320
196034781
205687705
919965156
224519880
750934070
436715057
587220085
174027487
414652731
498943403
393658570
399572031
509954981
248590766
933866206
198025561
248590766
545525098
148516861
933891365
305985079
342330165
654167456
495780310
671127678
633325326
470598575
121413468
107816356
366046671
557820851
387120643
498984612
562815819
488102524
689075782
160380449
8829268
61233416
240879853
3384
92758893
988302004
789298196
508610026
70843747
881775823
493769537
412533633
66605158
649704717
643686439
131738639
807973025
450072172
226281533
84080994
466780718
516383057
690319247
56243700
174875262
172901029
532758664
596813636
3761461
548856213
96177646
495594214
25322078
545525098
369865985
510637368
567745187
458432099
920535396
495780310
330983619
107816356
649032276
840517467
339292700
649810088
847155272
130159798
67633894
775255140
347090776
757041990
24197477
621534199
185673635
324057135
314413453
70843747
679855380
614380239
903221914
335487744
576248530
397129535
867985565
745810009
945309929
804655926
881723476
972847361
755882597
478864147
685372630
314116173
394103033
716100284
837759289
270710518
764523640
410864365
995547968
129720502
665621938
952041196
834429163
280128240
324367954
912135238
829563740
98199655
264321143
114617150
225799444
869736027
129668201
221720580
675184374
670714658
75205531
852955618
149544260
314274700
843410497
305174163
733893960
689332271
727920805
298620610
109320
983780318
174710635
638790057
42876639
437295182
178339009
467714031
330936553
316372179
95522687
326901762
727867434
770929925
873735929
477546440
865544553
266916807
150853917
548122409
425773621
454933126
16043708
134523133
514245021
568368152
311686228
707203853
249420944
198025561
612602236
3761461
714797570
476460273
43682259
470598575
386265640
326901762
653314772
316336539
842631355
275205258
10
396649117
519177459
669989313
448224737
992407830
178654672
314409236
405572486
780068949
369036819
224519880
614380239
142883517
20833236
291848212
273320985
867677207
242026776
977485422
389523292
572732884
114617150
113370599
703597350
172901029
326901762
240177732
346962544
405572486
899990892
817191200
340669133
898721940
211960357
4578874
487814049
30559423
331772061
827874435
507634900
936820792
807973025
131225688
578841513
769929921
787221862
568982617
919965156
393419854
854889837
918455197
807973025
981870925
630824846
968134365
335362996
556007948
540791553
326901762
486167898
764523640
884899105
232550743
514802540
852190503
965863019
203766237
780068949
634247715
704936703
604913111
919965156
654167456
928419854
988771778
174710635
817714489
546399020
186587623
295062160
32287383
997147409
824938879
740630647
608247345
540791553
899162623
865494791
820777211
864907251
986345000
240464874
509371286
782643506
482020824
190058775
272823276
446162421
679855380
503444762
648556615
634288265
189205547
955428193
249420944
463184282
150
10
205024998
1
23482358
368540243
369865985
174875262
795285863
240879853
988302004
568368152
663349178
131225688
170864699
100441623
746937336
489334816
732024705
261321795
275205258
617564902
393658570
131225688
103961583
569958950
108563469
745810009
653225382
458432099
981870925
495780310
680441459
101077190
218243431
478420462
32287383
825505626
843410497
475634304
453282309
973538269
598374889
298620610
843410497
278391885
964982728
195828062
278485232
869344418
96177646
407327482
663349178
179597442
933866206
482020824
79184239
716574648
124887470
248004927
568444889
939443301
361033198
806442151
479810800
207908345
455401923
92758893
298620610
362844812
524632621
297811148
608423628
278976413
983996949
341216388
842176960
100441623
159853745
125969483
21047751
794289386
30265076
537184510
512947788
253090209
347090776
933866206
336065483
747363900
606055271
828727911
411931378
369865985
738924976
527408662
39218592
594072511
199260963
673161982
89209735
32147710
673161982
673484373
977485422
401016825
248590766
650788464
835382344
690319247
301502891
324367954
459756422
621372446
515795489
482636632
314409236
32373650
200728386
459756422
569682046
279050167
649001047
341482505
470598575
876809307
906056172
165620628
202702964
218364157
72417798
469337187
75476613
124887470
448224737
770935442
713620440
882146791
704827836
452035468
278976413
249479266
507180583
836596999
663349178
658516737
275507421
827874435
111669691
507634900
386265640
290939943
290767032
467714031
171846721
372656865
51066627
498805845
345422821
41691905
950855806
248004927
937513983
227255957
722546390
626701595
789321845
479810800
594891723
150
772214221
654167456
409809636
383777912
686406158
341482505
23482358
787638947
661815621
185930935
25322078
335362996
32373650
625904144
769929921
614380239
162101766
325340712
397129535
249420944
225799444
393658570
742534001
697354323
885392673
826642046
500080796
514245021
884728556
324367954
395345915
929788198
573375284
641484486
717552752
137067068
716100284
291003031
314274700
144904841
451112693
607196614
309914368
291848212
527030158
733384968
178339009
379135191
751885764
100441623
458432099
988529529
590892606
684807555
154221862
290011572
713768775
602261279
979992373
845958622
483999982
231347225
704827836
799026668
25322078
92363518
749519403
411606982
706153832
399496321
113370599
554858373
298620610
707289635
680748079
747363900
691037331
167026947
373635
156285460
699250162
704827836
648816111
762299202
877701796
47912024
174875262
369865985
384268055
337889680
50582286
42310282
721617140
482020824
362399368
824309164
933882630
23482358
912208782
714797570
326901762
765179384
728091607
779370659
516269205
414402908
815843023
207908345
415385114
537513578
698436690
388061120
540791553
596813636
362399368
477546440
661815621
150
208917888
253363618
463535049
184151516
802676821
275205258
464482134
703267575
251297295
896626546
981870925
448224737
349120238
649329457
472248190
779520807
696877120
295740972
314413453
635168004
862176844
423665526
3761461
931304019
586025685
281096910
113370599
743928632
486167898
444284173
581264389
195828062
415385114
457230381
281255127
840517467
199260963
308024650
102195978
36034980
341482505
238757225
277624956
331691489
58020252
704827836
933891365
760482194
687190729
193979662
92363518
275967639
992780831
25322078
764523640
873735929
627672693
104758435
155114584
699385896
689075782
493854947
311901522
109978623
280128240
397991399
498567870
807500551
387120643
683538680
404462807
227255957
607196614
95556376
747275654
514802540
414559941
820777211
963841853
774377695
458432099
225799444
240879853
8893666
966233525
802916844
224026556
728091607
802916844
899775964
769929921
800023389
66605158
56826127
100441623
248590766
96507421
209483979
669989313
953802535
10
457230381
252070868
278938985
568444889
830854295
413627667
108563469
690319247
39218592
796583820
417840038
176753518
770935442
467714031
109320
552133701
928419854
415243728
211960357
69349174
181459243
599876189
467714031
915415128
323444065
807973025
829563740
190389502
69349174
172901029
117643267
440131253
309914368
341482505
605989468
314116173
772214221
306601212
588374518
352395997
46598156
903832224
227255957
159853745
658516737
467714031
250925057
304697117
556007948
507634900
885392673
375415318
364670984
599049232
898721940
208917888
673161982
843974522
441914473
648816111
963962664
34850360
613661484
912208782
10
988265960
545525098
67633894
275205258
236403942
235199071
582374245
813297915
137067068
746937336
324664296
986345000
240879853
5380255
477546440
470251328
197899287
997582769
156285460
751109629
448224737
451927396
886951624
782037470
107816356
549433384
58020252
971390115
743128929
47746612
233320875
144577080
913408437
92363518
433753866
541728341
840517467
602121847
608476547
614380239
386265640
473705142
5871198
686406158
248004927
884158612
637653710
326901762
331662195
249420944
409846084
124887470
602121847
70843747
715026978
678327369
459401497
340204772
159853745
130159798
164394269
524678136
884784660
739690152
335362996
162101766
170864699
312499983
906973010
861994786
375415318
802676821
225799444
649329457
649032276
478599306
365777724
470251328
770935442
215626002
498805845
470251328
992375404
549424140
326901762
928419854
974050957
275127100
933866206
933891365
185953638
505115444
137067068
379135191
97044109
999661367
457230381
619232484
171173614
275509674
189874901
827874435
815880300
32373650
495780310
514811540
956998854
270710518
947433509
988265960
128966747
124887470
96177646
207908345
93232780
602121847
199785190
872834670
769929921
49870676
873735929
482636632
345422821
338911730
436715057
290767032
95556376
644210886
794552605
995547968
34220901
700167415
877226907
454933126
497785663
513549578
68899906
32373650
381916737
113370599
824309164
679855380
397991399
967100404
46598156
302355899
216995248
353578194
290767032
68899906
458432099
578546884
428131251
333973404
303361801
469337187
249420944
514802540
743928632
686406158
514811540
340980453
391914122
281255127
114617150
314274700
509229994
824309164
820777211
751885764
225682940
155377098
227382860
563676695
96507421
614633990
95673858
709235404
397991399
181847325
260100566
614633990
303050650
62733329
367576375
297721548
458432099
614380239
3384
951656808
913408437
280128240
389081251
690319247
248004927
109320
108563469
349120238
849859696
139638661
458432099
903221914
396475227
600082206
443607341
519756943
884158612
968330268
743928632
540791553
507355981
562986044
298620610
996463721
69349174
3384
398089477
858534979
163410716
204434900
933866206
412533633
107816356
762143261
648816111
113370599
730076821
198025561
420012924
281581680
362603295
514245021
596813636
988265960
318294545
507634900
362603295
69349174
251297295
384951437
627889620
455499887
713631457
680748079
100196436
412533633
196935891
179597442
992407830
248004927
503337797
673161982
69349174
705234926
862636349
199785190
482020824
3998093
27688714
386265640
266067718
23482358
545525098
741376229
248590766
89196536
488102524
851759450
730228278
275127100
362603295
773485779
717552752
93232780
52420390
249479266
843410497
170486719
214322648
70843747
482636632
883254580
370559409
708073940
477856734
836036905
1037290
487814049
156285460
861811523
218005325
181847325
2987630
459756422
165803742
181847325
843974522
318294545
449925838
199785190
938704712
686406158
794437931
284549584
884750607
268164470
548958747
919965156
608140231
178160982
399740401
538849492
656013379
347334014
470598575
341475607
824309164
124439169
772214221
404462807
444232445
362833459
439150569
558063963
109320
436715057
445481866
96507421
452035468
448224737
498805845
569109772
556764735
233329872
114617150
282934272
648816111
134432492
193992127
778557779
159853745
488102524
653488980
269522820
142226229
965243946
549886884
577996879
595747995
179597442
933891365
155256774
672340633
697344348
659238321
605859570
174875262
189874901
467714031
109320
178339009
47491289
449874183
572979897
40961538
312499983
21934582
114617150
802916844
648816111
769929921
234971470
637653710
37758094
364670984
175518681
83761743
376496569
251297295
557820851
204434900
733757054
704852441
458432099
379135191
898721940
359194521
348868413
568368152
162101766
742530765
849859696
807500551
415385114
422914137
679855380
60582580
154221862
476460273
548056668
912135238
272432952
874192693
117206694
326901762
824309164
309914368
688226160
386265640
743928632
83554994
493854947
9655654
548056668
451927396
990020208
70843747
871547590
324367954
441729646
846191563
243230191
977485422
236883876
100441623
284573683
333421774
821987704
540791553
568368152
66605158
385442578
713620440
46598156
787638947
997591921
46701852
747363900
583086534
502219742
787638947
486167898
162452126
818666031
309914368
79184239
507577134
738970816
281730603
655015866
329313371
199785190
364670984
839980986
163884483
185168520
919965156
863795637
178968473
634247715
439030029
324367954
412533633
326649115
207908345
314409236
729721865
658757444
704852441
840517467
240744077
178339009
250456931
690319247
463535049
103184147
330936553
482020824
607196614
990363911
778448688
548056668
275127100
493854947
27810873
144539741
721617140
3384
717552752
648077619
704852441
349603248
96507421
655015866
369865985
472750916
965243946
576637105
485440744
444232445
93898630
4826160
978706093
575373420
987783306
490195549
770935442
3998093
467714031
634247715
823046072
93898630
998147920
269522820
791437290
608512894
912135238
568444889
224519880
538780091
174875262
21580591
728091607
486167898
843974522
193275305
389927427
66430650
148516861
818696558
398089477
120217876
689075782
831512117
878263486
3384
498805845
802676821
314274700
69984034
44174166
778557779
387120643
233944002
87285885
648556615
397129535
455376165
4826160
326901762
919965156
141120036
559586766
607196614
299387992
428005826
168210228
514811540
680441459
843974522
365777724
100441623
937599672
947519513
477546440
812112642
824309164
607196614
4826160
689648668
596813636
425667267
758805191
653507150
196109524
704827836
507634900
919965156
695493427
507236163
78646918
810315344
32384110
326901762
992407830
372339610
545525098
386265640
282000540
679855380
137067068
366695502
195828062
368440122
300439466
129151366
58020252
862126157
826075434
823149915
716574648
66605158
199260963
843974522
30288336
295489422
27810873
726691307
527030158
47541467
115439075
548817975
45428445
777081794
710765355
185501014
704852441
929788198
780068949
174875262
789914289
114617150
704827836
585240519
477546440
16907579
968762273
61163931
698436690
312499983
486167898
805635555
690253527
886336693
144577080
657604904
459756422
479686226
458687622
415385114
918055945
834429163
746937336
899717366
70179378
44389551
625923366
108563469
773652651
49595653
493222410
256133328
914026147
706205167
993386391
453221849
865544553
569414003
637653710
174875262
748887360
577119667
913408437
830719853
314413453
740630647
683538680
378719082
487814049
148872752
431178820
717552752
562836959
944348196
948751666
314274700
291848212
701992642
154698203
494928648
478420462
220696435
677620403
384951437
542278885
865494791
952041196
680441459
40562088
763994768
156285460
761534638
787638947
482866441
842176960
614633990
329313371
751885764
298620610
424614948
269823259
341482505
956492823
92758893
221148958
342330165
668858586
986345000
100441623
38301670
945309929
298620610
581264389
735082215
389760766
730511469
453694913
457230381
706153832
275127100
824309164
335362996
220007927
475634304
121068816
963962664
514802540
131842591
590829288
275205258
395901360
436715057
847063460
174246423
227382860
571422005
705234926
516383057
162101766
613280271
978338006
379135191
225799444
802916844
248004927
514245021
419437157
470598575
494874175
971881713
929788198
129151366
472750916
629901840
151667782
93898630
345401850
493620401
227382860
704852441
179597442
451927396
581264389
158689845
843410497
157061079
4578874
470584105
364670984
198025561
349120238
770935442
475976435
876851458
847173935
110789873
928781512
745810009
454933126
828406293
704852441
135251871
847149045
316372179
985773454
413792629
779342623
92363518
662499007
983780318
548444787
386265640
364670984
1
168210228
276231300
487814049
520594738
514802540
281255127
489334816
870617675
770649124
913408437
425176263
587220085
466617645
25042344
918055945
389927427
824309164
581264389
249479266
362399368
338911730
880089175
259359188
22549713
416414069
3384
39086203
398089477
125385679
806442151
130835853
630174927
67633894
324367954
92758893
704827836
314413453
610624896
626008627
983780318
186587623
168210228
340980453
207770147
46598156
540869410
843410497
240879853
39323471
757058853
649032276
730076821
211960357
144596085
782483230
547034034
240879853
329313371
451927396
149544260
866473991
228362374
148516861
1
276040422
936637547
877377814
1
397991399
144577080
168722291
335362996
477546440
843974522
912208782
173879390
704936703
453420864
354740411
160015797
854693763
602121847
726128718
822634379
940644413
82229777
372339610
93718562
168210228
865544553
574661448
168210228
278976413
196299269
148601224
364670984
107816356
117643267
849859696
977485422
412533633
666065846
780115707
991400574
77155822
754527339
690319247
297721548
381757488
788975441
349603248
134377313
381067274
46952250
100441623
92304671
318294545
655015866
704852441
747363900
961081330
90118162
154221862
562986044
345422821
162101766
269522820
940712712
32373650
486167898
32373650
58085788
548444787
571457462
704827836
358289986
807973025
297721548
10
818802385
18923976
549230700
487814049
386265640
249471879
301921518
329313371
586329901
280128240
821987704
36079458
397991399
489225938
482866441
610523386
305174163
862636349
86207353
145717203
555926987
298620610
326901762
356009404
27810873
649297253
354740411
250621088
713868049
69422849
649900765
141938781
704852441
514245021
385169966
596813636
198025561
988191159
448110789
668577923
626701595
354072097
831512117
92758893
972286376
225799444
870819563
165105338
786819742
648816111
995844776
964982728
668190185
724749154
129151366
347090776
58186935
95673858
151667782
168210228
271249919
842176960
335362996
503337797
165105338
172309217
301569683
275127100
69349174
486606413
581264389
495801038
357842066
39442365
849859696
958683602
660087900
706153832
527030158
178068680
303361801
764523640
239487316
363059977
4826160
967970878
779342623
294780030
227465186
654167456
539831708
77819329
992407830
885199946
314116173
480933992
636112551
349120238
248590766
195828062
752565048
964982728
362603295
199785190
397129535
685709519
353307587
305174163
548056668
448224737
931683077
841301082
58020252
95673858
164178394
672340633
32287383
428934234
413960064
950519587
875730408
208917888
615239803
663349178
927613427
721617140
807973025
464895574
807500551
467714031
305174163
521373887
302018895
875601456
865964318
880694461
3384
149544260
991400574
965243946
649329457
23482358
444805188
746937336
93718562
487814049
482636632
170864699
108563469
842176960
68899906
867669413
655015866
468204532
570771715
315640997
384951437
380081697
544198222
614633990
821987704
357402532
688801679
708714257
350516924
983780318
508617345
60487609
918455197
224519880
189874901
624613440
680441459
544310241
189874901
135526555
278057552
802676821
645345411
83761743
296675053
59663209
46598156
843410497
849859696
467714031
328676262
807530676
23702217
109320
482636632
738200694
649329457
986345000
174907267
335362996
10190292
103961583
275127100
413267532
824309164
80302231
514802540
716574648
110468114
340980453
478420462
308351248
981870925
803039224
634247715
884158612
983780318
679855380
199785190
489304047
129151366
275205258
746937336
163410716
66430650
912208782
965179784
992780831
520223756
278754284
587220085
175356333
482636632
200016492
161888027
683632805
198025561
413960064
824309164
314413453
170864699
46701852
288040196
278081176
865540512
437770126
227465186
154221862
277203963
795285863
993246911
707135537
481244952
482866441
469300950
903221914
209635347
952041196
330936553
610380622
388061120
127378022
802916844
704852441
253122503
114617150
747363900
384951437
478420462
100441623
110806348
670318874
208917888
624367581
684577490
820801737
842176960
225799444
193036564
412533633
75401001
477195964
622353948
673161982
398089477
690319247
912208782
983780318
25322078
472750916
713768775
92758893
137158394
721617140
644290275
730076821
965062528
186587623
739821770
312499983
614380239
269522820
201155882
954947642
992780831
650489646
779342623
831512117
807973025
40399235
669989313
903221914
365388340
890219892
867677207
425933782
863178107
702974223
233892742
458432099
936156713
769929921
197827150
389927427
688497754
18926432
162101766
148516861
928419854
898721940
376075513
726504133
244443835
867677207
28524926
225687777
489334816
148516861
616566844
173005434
613425920
92363518
156285460
607196614
901411558
324367954
903506880
751277759
27810873
27120704
314413453
931799151
96177646
556007948
155041177
679855380
903221914
540791553
194100312
928419854
643842549
364670984
550277941
280128240
310567428
61585074
894870863
588290377
995547968
258001560
809558270
842176960
140632324
402737690
165803742
806442151
482636632
39218592
23482358
488102524
945990978
816712959
982414310
397991399
198025561
96177646
881663004
144577080
976555811
129720502
248590766
314413453
864402721
829563740
318294545
70843747
485070327
862636349
126814613
12755888
165803742
807973025
362399368
701101597
820777211
314274700
545525098
133207363
193275305
3998093
273320985
227547313
69349174
757250630
122334703
940668583
849859696
393460972
663349178
67068230
452035468
50578655
589931035
684239864
58020252
918012874
39218592
498943403
68899906
229577833
896691681
32111757
515472975
879157913
430561307
463747054
335362996
928419854
734589511
508250941
69349174
732943571
743928632
827874435
654167456
326600082
728091607
88811448
93718562
893441124
165105338
498805845
444232445
69349174
32111757
309914368
404462807
820777211
119216978
308575926
514811540
113370599
649032276
831512117
965243946
555573743
505973717
587220085
964577263
34220901
186587623
283267462
672340633
298620610
406967127
475634304
398089477
195828062
827874435
251297295
90542721
49417677
773485779
814486286
354740411
387290839
814883038
497243591
338911730
4578874
995183913
992407830
428105198
312084886
4190262
630520219
415385114
479810800
155114584
261052170
4578874
998249826
316372179
73077353
181687185
462489391
903221914
728091607
41881782
92758893
669189003
988302004
309914368
458358510
980877287
10
100441623
711265915
778557779
910428891
444232445
17790314
384951437
627130650
933891365
121413468
827874435
630174927
992780831
991435600
806442151
3998093
406124953
66605158
834947163
746937336
649329457
159853745
408660017
144577080
547170734
193992127
362399368
798973888
32287383
992407830
918702080
779370659
498805845
178339009
814883038
3998093
636966283
885477078
39218592
757121358
598374889
556007948
372339610
816958532
404462807
389927427
95673858
821554543
129151366
67633894
556800934
227465186
614380239
208917888
514811540
409695606
780648342
70490549
788896860
452035468
834482498
433598282
397991399
900804761
530487591
31464336
305174163
694662210
686406158
926175395
302108482
749018590
4578874
432252683
489334816
782012446
963962664
198499652
382868666
92758893
478769512
328470752
105502479
171520953
713620440
425479925
764523640
171508783
899162623
416976073
172742578
556007948
25457327
387832254
168210228
523838115
933866206
278976413
866920821
545525098
871872467
807973025
716100284
278079915
637653710
679855380
785204652
826904247
515156176
686406158
3761461
574325193
898721940
252809457
477546440
108198606
3384
545525098
707635145
184747016
578885935
919965156
545525098
148516861
472850320
779370659
335362996
176301535
200016492
341482505
556007948
130159798
248004927
293330140
23482358
849859696
110468114
679855380
972411918
349003112
506787568
983780318
612287845
656413590
769929921
478420462
505115444
391308248
341482505
931380363
373793857
806442151
195828062
696598272
207908345
824309164
721503259
37497483
654167456
189874901
928419854
193992127
680748079
324367954
483176480
717552752
792831534
498943403
778557779
909972296
4826160
373635
189874901
365777724
928952081
540791553
430308902
507634900
915068893
3384
321273421
721617140
63235755
281388251
454933126
199785190
614633990
130318670
748386246
467714031
659974307
312499983
129151366
130159798
42310282
945309929
794289386
421569807
451927396
248004927
655015866
90656700
314116173
716100284
89116429
20762283
98225876
495780310
887538048
614165818
860690642
256198750
679855380
436715057
433220954
779342623
637653710
350626654
743928632
729190925
316323315
451927396
198025561
487510887
1
42310282
405572486
439758523
94162398
70988582
992407830
275205258
6916841
308559297
659349560
340980453
477546440
736295865
797267641
88808082
143636186
806926960
507020115
545525098
67086855
482866441
227547313
952041196
802420630
401062440
125275457
349120238
827874435
801925579
34850360
573375284
806287812
256881905
696026764
991400574
175261255
859175550
26094129
488102524
129720502
162101766
329807232
449337151
275205258
311555862
622019792
482020824
489334816
278285631
314639161
562414467
193275305
320834488
312084886
993246911
559499353
488170092
144577080
199260963
616747206
901014876
56296799
836863226
745150887
162101766
326901762
746937336
607196614
608423628
448224737
389927427
829947990
291848212
575437261
917876054
114617150
472940957
92758893
514245021
166437840
69349174
279724492
193275305
199785190
441238780
3384
121413468
478420462
669481425
297721548
178192835
840517467
519822195
203436733
412683445
608423628
373635
230003675
121413468
457230381
524632621
448224737
680441459
30609449
490594420
514811540
208150651
10109436
783108732
278976413
490484017
416938913
614856074
742857049
144577080
103734721
723251814
333930199
165105338
342330165
962885223
245609185
896416572
909435151
843974522
770579147
269522820
556007948
270710518
739795547
712106945
275205258
367630784
623600860
184151516
539831708
457724703
135608325
27810873
291848212
518044570
789935419
345422821
398089477
829351754
349120238
834429163
114617150
686406158
195606505
839655045
986345000
831512117
897157624
548444787
315743272
717552752
95673858
888092500
769929921
1
524632621
809144230
578381597
686406158
747275060
806442151
32373650
140120917
202407971
1
169474775
298620610
263878859
912208782
208917888
548056668
476460273
186587623
124887470
637494179
683538680
373635
275205258
67633894
298620610
717566272
746937336
986345000
582012137
988265960
39287896
854887779
952041196
918055945
941161984
137158394
661536165
50053873
227255957
525567131
8418051
745810009
596813636
820777211
564805713
482020824
345422821
329313371
155114584
755070902
957540831
177234538
66430650
821644980
472750916
347090776
368530014
155114584
297721548
462760883
730485584
977485422
248590766
756989267
964982728
66430650
823357873
458432099
940644413
441724955
227547313
176717014
162101766
32384110
996947943
762798874
912863145
646717483
446331883
575191712
308484311
863165756
108563469
83341736
649329457
965243946
137504248
276110928
470598575
305571686
683538680
843410497
918055945
235506869
926085207
548056668
159853745
155114584
967102009
32287383
305688438
962403917
307559504
994157428
649032276
344847661
33945684
494874175
349361180
199260963
488102524
867677207
494888126
466577998
338911730
96507421
144577080
945309929
562986044
314413453
945359208
482636632
793891647
933866206
269522820
104675172
239487316
637653710
172901029
788975441
485370992
516959067
824198725
835488707
502122345
415385114
919748670
502627513
704852441
79066541
144579920
269522820
679855380
344611169
507236163
556007948
884750607
349603248
243131983
505115444
630174927
795013563
607196614
486459785
92363518
416976073
448224737
658516737
700167415
89010104
818265792
174875262
813143553
251297295
649032276
176717014
798104937
321451907
62903381
449568456
475634304
397991399
478420462
314413453
493854947
602121847
862306735
705234926
510612873
705234926
199658102
7928814
675320480
705234926
117643267
51838996
788975441
365522602
478570384
986345000
397129535
314274700
219249809
928419854
479810800
116947863
802916844
269522820
893441124
135137255
375375070
92672586
50053873
860550167
758624332
676984492
827874435
862636349
304697117
156285460
482020824
957008038
653411448
416753665
840517467
912863145
342330165
539389010
489334816
23665726
614633990
189874901
35205785
249420944
364523698
901584334
747456439
716100284
199260963
770935442
781668552
822470039
981657870
991435600
48491939
176717014
764243735
154221862
273320985
93232780
507535487
324367954
200016492
186587623
413960064
975583146
144577080
110468114
524632621
902537800
515307854
707728252
389362423
249479266
227382860
328680951
640307015
903221914
215740640
389927427
478420462
759855622
776018879
208012796
275127100
298466368
912863145
487814049
490898282
475634304
239487316
70446995
312084886
262161402
568444889
516354630
6336216
729190925
843974522
10
315901700
444805188
880849385
689075782
4578874
253146066
673161982
634247715
112333310
498871553
818265792
255217450
542431631
312084886
278081176
495780310
69349174
110468114
227507717
417571133
782805744
358221925
69349174
172901029
32384110
503444762
843974522
976152496
743928632
362603295
159853745
78056210
865868933
807500551
516383057
100441623
412533633
176717014
168642898
167026947
195828062
208917888
436715057
571778713
447424242
778473523
970480294
185930935
243207999
129151366
877350974
928419854
980917065
137067068
34850360
26239958
882862787
199785190
172901029
472750916
311569129
883079810
628960135
68170106
100441623
524632621
768731168
444805188
275127100
3998093
680441459
717050681
151495330
822409302
873735929
679855380
614633990
58020252
330936553
130159798
529135785
824309164
75018144
25824062
809777764
498943403
499139701
478420462
745810009
312499983
96703440
627562141
70843747
67086855
525443338
686406158
644136597
740662088
534318424
283679233
659180361
986345000
45062834
889906362
150
273320985
603504106
710317728
457230381
498943403
973946868
314413453
198049124
494874175
709235404
778557779
227196429
156285460
278976413
802676821
918055945
630599541
359325058
227382860
54618580
704852441
743928632
374290628
93718562
478420462
67633894
329994356
6273057
83761743
842176960
634247715
632264672
4826160
170864699
618745799
933443561
275127100
312499983
831512117
294780030
461204797
988265960
248590766
199260963
637956328
103602367
744163655
721617140
96177646
980877287
362603295
34850360
65449640
384658430
558778153
225472852
415385114
615562268
178339009
117643267
770935442
375415318
719465527
92758893
952041196
389927427
1037290
117643267
916298563
354672729
193275305
607477275
540791553
107816356
673161982
716574648
78646918
887939652
557337497
533593988
198025561
386265640
267911034
109320
552143826
258450884
595011322
507236163
239558336
172901029
70843747
900681737
221415091
114617150
155114584
713768775
740630647
477546440
40967247
655015866
565633019
316372179
12506339
963962664
981870925
70219361
585373063
758659482
779370659
819986486
175688074
494874175
623600860
95372373
200588648
184151516
45571508
780068949
10
109320
540791553
459756422
498943403
189494043
530759698
374221053
912208782
451927396
172901029
840517467
916661518
658516737
702449666
100006647
384951437
977485422
204434900
792122671
413960064
566191461
975994176
314413453
266312012
507634900
82229777
986345000
367594330
990418808
66605158
354740411
341482505
148516861
881775823
16333406
673161982
34850360
67410822
16977106
873735929
144577080
27810873
193992127
242026776
208917888
961761179
149544260
952279926
82229777
527030158
137158394
503337797
32373650
614633990
297721548
104657528
193992127
289878373
603345562
193275305
354740411
4826160
412533633
978339151
150
983780318
845201998
847435468
633971258
3384
338911730
66923545
100441623
843410497
883678147
156285460
185930935
780549531
587220085
717312017
829563740
625640813
27810873
847689595
801015179
386265640
634247715
406824452
425686189
913408437
770935442
656913580
533328426
743928632
596813636
477546440
679855380
83628030
154221862
463634851
170864699
489334816
126585005
526495696
107816356
913408437
612207777
750107918
977485422
980877287
467714031
626701595
156911545
594575885
305174163
129151366
163410716
386012392
667788826
983780318
980877287
589931035
389927427
248004927
912863145
401016825
527030158
986177436
862636349
892039829
276161843
407103448
226469007
205839023
751109629
826927205
479810800
95556376
156285460
463253471
106496450
155114584
820777211
573375284
661815621
965243946
162101766
963734439
172449912
950599347
269522820
69192800
498943403
595851024
869142640
124887470
585240519
548056668
66430650
909600999
405689426
16043708
936568498
972427219
658516737
769929921
684806282
362603295
183149900
107816356
3384
589050859
182425185
918518051
96177646
397991399
647411754
614633990
721617140
92758893
457230381
634247715
591229440
248004927
714797570
822289939
83761743
239487316
129151366
751109629
25322078
91759600
32111757
658516737
810315344
239487316
734390506
893824182
546342468
46598156
680748079
329313371
794289386
405572486
114617150
198025561
482020824
249479266
32384110
185501014
611156220
744795507
181479278
539831708
46598156
721288470
43807287
452035468
349888432
96507421
467714031
216234612
656584781
474614418
207908345
722722570
505115444
716574648
100441623
575611337
503444762
386265640
677543553
356715800
649329457
614633990
482636632
991400574
472750916
821987704
444805188
314274700
630746450
347038507
24872368
889390719
658516737
977860345
129835705
242026776
126356494
719186932
514121949
352779137
704936703
545525098
757966641
602121847
200016492
642111085
516383057
933373243
829563740
448618358
269522820
945309929
536171633
297721548
838643922
457966355
745810009
977485422
751885764
233685615
614633990
362603295
135635332
955135720
266433238
503444762
890293482
614633990
903221914
57842276
227382860
645707468
788975441
885392673
44534085
251687391
156285460
729190925
825661281
486167898
802676821
296029808
872109180
532070468
492062918
831862667
388061120
741107347
721617140
972079367
983780318
602121847
94737976
743928632
168210228
803039224
184592797
487814049
165803742
190577131
414593109
634247715
299974337
354740411
312084886
46598156
465678442
264598195
813440872
520160062
107283998
912135238
719120747
514245021
32384110
379135191
262568994
748788329
349603248
342330165
680441459
415593756
829004956
373635
986345000
382531989
556007948
113370599
986345000
457230381
309914368
983780318
747363900
545525098
338911730
227382860
649329457
766788834
773118870
998605727
269522820
297721548
747363900
401885164
95901839
540791553
482020824
208917888
702784927
919447341
847559040
324367954
70843747
516383057
751109629
690319247
751212405
797114649
820144652
34850360
787638947
1
745724965
5359137
512016874
227465186
393658570
137067068
66923545
167905853
820777211
341872509
411300669
154221862
478420462
190632407
993246911
702057371
418957893
58020252
278976413
964982728
185930935
179597442
991435600
725640470
751109629
159853745
860790605
654167456
431173847
312084886
870635116
460887317
902489942
309914368
424614948
454982934
936391341
430089844
498805845
773118870
348112147
524632621
524632621
856027214
173879390
269522820
788975441
129720502
760108422
962403917
107269654
928419854
654167456
686406158
415385114
389927427
82402968
556007948
750626022
802531062
211960357
373635
172901029
747363900
249420944
227465186
444967009
489304047
803305112
290767032
137067068
452156510
329313371
149544260
451927396
755301933
545525098
777161433
451286301
614380239
437396765
487814049
806442151
863128477
818265792
689075782
568368152
405967285
769929921
494874175
100441623
515103145
874621628
398089477
416976073
362399368
46598156
165803742
372339610
393658570
516383057
66430650
956990294
498805845
69349174
634097879
349120238
794289386
916163934
96177646
42310282
402979026
283562757
545525098
208917888
149544260
305174163
108563469
275507421
831512117
913408437
843410497
708331405
569789829
44314382
967846205
788109868
865494791
536115469
919965156
567148927
654167456
416753665
249479266
594006873
723186606
648599445
172901029
498943403
76460273
130159798
961009800
148516861
660890142
15300853
965243946
2663473
865544553
649329457
342011172
438272782
514245021
795285863
345422821
4362260
853014658
573375284
78646918
885392673
630174927
898721940
151667782
312084886
379135191
181510109
130159798
225799444
298620610
912208782
540791553
570238485
347090776
381005859
177949715
34220901
928419854
592672916
95556376
110700938
16977106
441426596
342330165
617670370
556007948
299133123
669989313
103748118
413960064
394075564
870683885
557337497
195828062
1835881
539489036
144577080
316372179
673161982
222230149
823046072
588634390
794289386
342330165
198200004
165803742
130159798
888138251
412533633
824309164
748892694
207908345
778557779
318774247
114617150
666831318
448224737
608423628
738200694
199785190
834429163
672340633
416976073
711265915
149544260
199554521
768731168
748391882
67633894
802676821
200016492
988265960
207290652
401218027
788975441
312084886
416976073
874668115
763699271
151667782
827874435
266509280
979992373
335362996
815973282
746937336
928419854
261472604
160488095
25293267
283585581
789154161
945309929
57747975
816205137
965243946
412396169
634247715
991400574
621008981
391155318
320752038
391160431
995547968
747363900
901483407
902025599
449253406
568368152
417182646
13931210
117643267
433693689
591132907
107243500
322751560
386265640
552440268
150
445432750
354740411
957684489
384951437
803958679
297352098
746937336
740630647
714797570
496944644
46598156
507236163
173643577
65006278
738200694
365751782
316372179
933891365
979992373
401675492
711265915
658431420
258135274
151667782
743553873
69363675
190855571
32373650
622514176
715296843
178160982
674212922
429193410
470598575
698436690
382976606
23482358
176717014
92363518
821599404
155114584
75510342
914047877
63425377
728893830
911988896
862388939
621372446
289788355
493854947
131225688
765168778
605981300
633525659
100441623
493854947
971321798
539831708
106771161
66430650
443607341
709235404
686406158
684604049
121011186
397991399
807973025
482866441
4826160
375415318
200016492
820777211
988265960
478420462
829563740
430683945
546037254
751109629
862636349
477352339
457230381
349120238
992780831
387120643
228228763
716100284
749018590
614380239
794289386
715582960
187366557
587187631
51066627
107586943
743049663
249479266
514811540
362399368
3998093
4823849
425096432
108883143
352038962
823046072
673161982
991400574
418578877
539831708
199785190
163410716
661815621
503444762
464063534
884158612
430287858
50053873
967102009
131225688
482866441
27810873
245982198
129720502
952041196
279666768
862121659
986345000
443607341
716574648
912893743
977485422
375764924
580214538
456100659
593888285
992780831
555233129
148516861
424346204
714797570
69349174
658607956
7904304
720744349
131225688
943217467
829563740
467714031
249479266
448224737
174875262
843974522
366174485
92758893
907659033
988265960
452035468
342330165
806442151
362977148
148516861
3761461
414647478
96885543
514811540
342330165
393658570
173879390
108551301
451927396
792414521
940644413
93232780
225088299
967882281
721162264
903221914
68899906
274494965
774803185
109032603
983780318
107996028
199480900
168210228
270710518
714797570
316372179
75096092
865494791
4826160
735552556
913408437
661815621
163783882
587220085
113370599
738200694
390539091
215993809
773118870
195828062
803855258
495780310
190065022
680748079
249420944
648482017
444805188
747363900
372413243
690319247
261786421
304697117
630174927
658098899
737281657
873735929
984906784
227465186
703684234
187071942
591608166
598374889
462480493
240879853
240879853
228478694
908930525
679143821
397991399
913621217
832079024
499142318
900179020
756833485
834429163
308487156
700167415
768731168
769929921
129720502
23482358
799956095
262907605
803039224
983780318
573375284
589291581
991435600
820777211
388061120
681767733
821987704
853742583
918055945
770935442
844916213
148516861
607196614
852183658
988265960
656697070
34220901
159853745
407478776
388061120
607802976
71507625
214352307
198025561
727527178
39218592
557337497
598374889
168009987
689075782
655015866
278976413
347463437
459756422
743928632
108563469
444805188
83761743
225477913
884750607
933891365
803039224
733239294
185930935
507634900
397129535
279851229
227465186
535501443
918055945
834428303
378684411
96507421
51395825
329313371
39442365
46695373
953448297
458706114
630174927
958952766
881775823
487814049
802676821
69576049
658516737
495780310
706153832
10
712616983
608120613
834429163
78646918
420590990
337425842
459756422
531753392
442043439
984717235
649329457
648816111
728563658
424614948
83761743
109320
401016825
309755998
849859696
379135191
416976073
196497682
46701852
294780030
801993837
556007948
191602984
172901029
32373650
938527885
459756422
448224737
854887779
826896441
58020252
439801667
598374889
568012647
249479266
251297295
804424560
184151516
884158612
96177646
745810009
489203300
875376395
316372179
210352502
514802540
482020824
121413468
704936703
149544260
829563740
702766760
562986044
618148631
809065624
539348307
404462807
193275305
207908345
465504218
595649716
135723134
933866206
480394668
952041196
778557779
467714031
433706811
285985955
388393960
614633990
507236163
132979971
516383057
820777211
980877287
174875262
683538680
568917182
448224737
986345000
391464144
885392673
369865985
579802780
482636632
482020824
451927396
27810873
114617150
486167898
795641804
467714031
652917776
919965156
224852623
479810800
679855380
693038154
25322078
913036290
384951437
642563356
253712632
873735929
34220901
947626414
515481549
242026776
75985111
3384
39129894
304697117
548056668
73915550
635384554
333501316
940644413
649032276
304697117
654167456
443607341
827874435
195828062
769929921
4578874
732312331
199785190
154100175
1
977485422
802676821
773118870
656418315
44147226
393373456
362399368
489334816
486167898
316372179
254126489
34217540
83761743
375415318
865494791
478420462
498943403
898837862
76898610
658516737
185930935
169588760
135451704
498943403
260985196
23482358
32287383
680522685
177275503
463535049
163410716
369865985
219543026
4826160
119693490
596813636
184439425
290980512
721617140
649329457
795285863
13206925
989294256
186587623
318294545
463535049
696457814
182545765
703422286
117643267
708071880
291848212
338911730
683538680
939129424
65508540
499737297
609978317
613712248
749018590
654167456
526596260
117643267
459756422
174875262
778557779
787738442
507634900
79184239
117643267
32287383
545525098
314409236
719949083
663349178
963962664
854963959
82229777
78646918
649329457
924507713
212181705
230173822
443607341
107816356
67633894
270629090
885392673
969151843
573375284
410470368
324635094
559234761
787638947
522805124
746937336
980200646
536640793
199260963
540543253
713768775
648285888
431618912
3384
658516737
581264389
979992373
324367954
20359790
314274700
829563740
884750607
375415318
548056668
763523381
997051417
292443317
207999466
482866441
68899906
658516737
137158394
995547968
928374151
745810009
193275305
370315584
564322097
704936703
117643267
945309929
158324270
83761743
165803742
415156125
865494791
862636349
671414482
191924764
766602374
62042655
34850360
468645498
258151595
549988791
455011388
67896298
884158612
653745987
975759606
379135191
854614674
79184239
905410099
326901762
459756422
94886136
270710518
755653483
983573699
524632621
964982728
93232780
53128599
413433988
412533633
568368152
271392234
717552752
32373650
94915527
170864699
280128240
439752238
607196614
248004927
598374889
755609189
532225761
167026947
862636349
330546349
309914368
568368152
239487316
305174163
962403917
705161400
100441623
898721940
787638947
523256924
667961117
923052771
820777211
297721548
685239647
275507421
401062440
707175890
690879068
109320
890189636
1
818265792
465803006
514245021
32384110
172901029
32373650
4826160
415385114
884750607
137158394
885336074
369865985
314409236
222713313
172901029
664704035
27810873
78646918
964982728
507236163
364670984
913806537
527030158
421087457
441089651
493854947
386265640
735904624
857460295
471843632
100441623
109320
63735176
505115444
493854947
198025561
704852441
294780030
788975441
50617618
32287383
778277870
125575379
890464412
314274700
991400574
532561793
451994825
569577021
498805845
67086855
93232780
272288914
692203188
32384110
151667782
248441014
527030158
809464456
517024882
951915290
945125846
11398095
965195855
614380239
372339610
148516861
225799444
898721940
650370715
416753665
614633990
249479266
259265819
38838593
42488397
141238963
221691322
25322078
907006705
478420462
858851732
435341901
228207431
470598575
871629620
388061120
159101189
563143624
509880781
789649662
47945657
49435422
280128240
991435600
204083075
314287798
842158859
416976073
165803742
326901762
305174163
162101766
820777211
525215353
655015866
274212449
186587623
862726164
592279985
486167898
344096207
514245021
464063534
621372446
107816356
238551475
154464954
527030158
548444787
836354678
621622647
219428029
995180018
76009775
389927427
249586926
356386647
512480250
827874435
451927396
107202263
266502290
439752238
835113856
951403048
346758405
655015866
398089477
353427787
70490549
336730742
591704248
527030158
1
507634900
324367954
436715057
139417029
199260963
794079448
325019720
507634900
617113172
977485422
235710712
311509403
273320985
450823394
191347511
479686226
925416793
478060800
451927396
4578874
677100172
743928632
713768775
562986044
579767906
17775326
336591934
144577080
283987748
940644413
841908378
176717014
415385114
626701595
918549118
823527333
117643267
516383057
663241230
483160722
649329457
887237536
608423628
249420944
151667782
873735929
968755870
314274700
436577162
482020824
952041196
335362996
749018590
245534790
163410716
807973025
413960064
736112986
979992373
4826160
9786436
979992373
706153832
498804711
504261952
309914368
251297295
568368152
945309929
505115444
505115444
68387442
503444762
195955051
928419854
185501014
794289386
39218592
552449169
51066627
172901029
843974522
231692572
275507421
970192613
912208782
264796454
415385114
51066627
280569009
280128240
520773514
787638947
483830829
280128240
479686226
937440899
42804538
308224423
176169666
23482358
11351737
545525098
689075782
704852441
794455904
422040578
61822850
227465186
314116173
163155151
956902842
312499983
304535313
642403273
486167898
178339009
384951437
804205561
65902654
121844152
557820851
433343904
199270471
539831708
640590011
32384110
675234747
95673858
726416996
951848171
596813636
227547313
378121332
608423628
840517467
917437428
714455358
749018590
174526155
749104522
174100909
949189571
873735929
841960510
674913626
654742054
994267053
242026776
172901029
439752238
240879853
988530190
96489898
444232445
835108921
912208782
556007948
956131319
398089477
415385114
745810009
227382860
773485779
669989313
172901029
655015866
533528303
769929921
249479266
248004927
114170452
10332949
58635578
269522820
222850069
121413468
404462807
349603248
342330165
518809549
704827836
486167898
329313371
55346568
32287383
940969748
933891365
16977106
364092906
148516861
523699981
979992373
700167415
438568581
16977106
291848212
78646918
548214676
402231577
248590766
403393383
542605315
818265792
536809985
495780310
18637578
603457753
743928632
669989313
827874435
121413468
298620610
726185148
10
690319247
512115292
963962664
189874901
653895159
873735929
25322078
780118468
673161982
379135191
32384110
828642750
69349174
155114584
602121847
764523640
46598156
344473462
679855380
689075782
48527796
568368152
488822862
122536897
67633894
69371049
714797570
384951437
903221914
335362996
165105338
307181370
699593729
503444762
927725763
604518222
648816111
59888203
479810800
469337187
773485779
32384110
802676821
312084886
335362996
412396169
827649994
553419828
366644684
788975441
249420944
270360052
312084886
716100284
211960357
380644919
364670984
202862868
785828024
698436690
392981968
721875030
60011987
607196614
207908345
689075782
444846838
478420462
256943695
959407372
505115444
193992127
953453793
458621914
366537962
163410716
998037411
92363518
275205258
227255957
952041196
180693248
814883038
716471424
83761743
249420944
448261075
58020252
149544260
501574293
992780831
193275305
29367369
711672958
568368152
865494791
688104553
393658570
604810316
103961583
892737537
802693382
411014076
614380239
155114584
923279844
991627860
83761743
148516861
172901029
191007954
349120238
648620251
244602699
640411089
896257210
557354565
227255957
354740411
685183068
10
824309164
96177646
353129126
342330165
1571492
679592850
240879853
198025561
189874901
966066165
992407830
227382860
865727744
265669258
527030158
207908345
179597442
498805845
626701595
596484690
315709236
818265792
642426550
868648837
174710635
865494791
780068949
721617140
324367954
117643267
206375129
380338178
607196614
70843747
48783199
654861477
598374889
576251681
92363518
214595966
891321002
391373469
329313371
340980453
154221862
312499983
654167456
658516737
148516861
505115444
216013312
768731168
503405110
108563469
130159798
626701595
329359504
248590766
155114584
92363518
240879853
297721548
222141366
244643488
494874175
384257064
581264389
912208782
265021066
107816356
705840183
684021570
596813636
34850360
204434900
288695115
441400716
590016218
716574648
477546440
258338005
602121847
809643602
497972771
852814993
371669388
571173045
840517467
439403651
710943583
253043445
548444787
36435356
965243946
535593042
78646918
994285007
297721548
621372446
43168492
924638887
193275305
649902850
927175704
597134985
386962762
489334816
317660036
291848212
58020252
827874435
865936273
46598156
42310282
451927396
817955235
326901762
482020824
911116736
690319247
281255127
654167456
362603295
807973025
339572369
634247715
834783627
770910299
999661367
614380239
96339333
820777211
501160218
806077223
912135238
275507421
193275305
496278240
487814049
67086855
443607341
193275305
980065974
614633990
638679165
253744166
849859696
881775823
702883457
862636349
413319999
138000931
683342858
87140151
922704203
582389723
38203430
467714031
779370659
681684797
449547189
728091607
659057206
328803457
510608806
243455768
362603295
822958867
956222243
92363518
507634900
143242418
782923448
936115315
59073571
27810873
702912312
269522820
769929921
586981035
129889900
60081088
279120725
46598156
608423628
2563678
589673550
465638245
93718562
705070419
552153879
296852900
747363900
869369646
456977958
23482358
746937336
1037290
912208782
994437036
113370599
349120238
789636036
522387382
96507421
769439767
131225688
32287383
32373650
787638947
341137809
114617150
721442317
429845084
477546440
211960357
634247715
829563740
273707449
365777724
354153534
181634769
482866441
338911730
349603248
149544260
27810873
487814049
432093321
623759600
349655858
12828693
102020145
216697822
855057407
341482505
453873204
176014555
621372446
940644413
769268026
335270664
857993720
273320985
598374889
815422648
69349174
630174927
70490549
524104885
3384
46701852
388061120
645537630
362951622
273320985
706153832
364670984
397991399
421455948
303361801
924564133
92363518
170864699
556007948
802676821
658516737
995663883
824309164
780068949
842176960
596813636
470251328
681751397
489334816
856748706
764523640
513010080
751885764
439687034
307878249
298620610
88941647
207676842
251297295
124887470
704852441
863610879
290767032
34220901
614380239
253055817
486167898
251297295
716100284
743928632
601889411
23482358
147628564
952041196
394905262
568110885
680441459
539831708
369865985
176717014
705060765
291848212
773118870
467714031
498805845
314409236
739070561
70843747
32373650
32373650
342330165
469337187
770935442
639565712
572690365
45271724
350572434
341482505
269955826
487814049
168536118
992407830
572120195
988265960
165105338
314413453
375490823
398694319
527030158
626701595
780068949
437433681
242776443
223238442
3761461
433070364
318294545
482636632
626701595
92363518
129720502
32373650
72278113
242026776
16340032
933891365
76778503
442131537
264140297
88363351
269522820
913633776
689075782
524632621
702469528
716294248
294780030
977485422
475634304
25322078
663349178
963962664
751109629
943650208
451927396
70490549
275315821
154221862
181847325
359416339
702859682
992780831
843106631
122680185
384951437
316298749
108113428
362603295
444805188
940573706
497175833
96507421
988302004
314409236
456510700
871336106
513922648
34220901
982923735
389927427
470251328
137989323
413960064
700167415
885392673
602121847
101960741
387120643
177599411
668294712
417620079
421046339
143783891
467714031
16310642
255712618
842176960
614633990
779982376
83761743
227465186
90038226
528410125
945701585
821987704
867677207
319012780
50845752
494874175
354740411
451304863
393451466
330249034
644825252
830175874
362037074
988265960
540791553
867677207
312499983
318294545
165803742
873735929
166402350
534561692
765824716
91224001
1
290767032
479987516
240879853
340980453
198025561
384951437
649329457
939922408
387120643
343806144
900528411
416753665
957578591
820777211
485549285
805823292
829563740
341482505
69349174
287218183
717552752
349603248
618899719
978711348
655217391
358879902
668799992
487814049
277203963
32287383
802916844
842176960
174875262
174710635
775666034
747363900
420109988
832564212
987545284
539831708
880384779
159853745
788357555
562986044
46701852
308078746
586524465
843410497
173879390
137067068
10
386265640
751109629
401016825
92758893
498805845
96507421
494874175
204881026
1699736
478420462
131225688
819913385
823733556
700773607
341482505
749018590
393658570
503337797
345973103
83761743
445009308
179597442
375415318
917603713
401884817
249479266
721617140
354740411
423332333
698436690
716100284
165803742
751109629
959830219
349120238
815302182
167869205
596813636
70490549
249420944
125575379
225799444
381295360
648556615
109320
859190680
144577080
186587623
891204553
673161982
213949095
815129520
253043445
903221914
345422821
773118870
137067068
436715057
487928460
680441459
892921276
330270256
885429622
661815621
827874435
821316442
4578874
444232445
69610356
225799444
635173084
397991399
435241645
394357387
78646918
700167415
860412936
239307139
27810873
4826160
347873552
336739767
661815621
907254032
436715057
470598575
602121847
459037814
130159798
679855380
129151366
614633990
386975020
306807366
952041196
556007948
970650152
963962664
946972431
749018590
66430650
704328943
246781800
70179378
993246911
109320
4826160
983780318
486167898
278976413
749227054
117643267
66430650
278976413
198361827
824309164
269522820
964982728
202500506
461103553
487814049
816205184
799498988
232661902
701939558
482020824
85798547
666651606
482636632
458014543
498943403
25322078
630174927
660418672
704936703
482020824
661815621
280849055
382969826
556007948
415385114
290767032
992407830
815784991
918055945
201967190
833270345
335362996
372339610
916642615
820777211
9193668
275127100
728091607
283351797
695881976
469493621
873735929
708306291
539831708
618213171
821149642
953818613
334879509
801393034
373635
482866441
227547313
861784625
338499960
93718562
475845895
116423779
637653710
270710518
492666304
149544260
489334816
334543605
412533633
386342965
659686608
435301585
269788799
416976073
309411288
629006899
745810009
384951437
943000045
341482505
17725083
78646918
240790823
539831708
355736957
96177646
416976073
375415318
412466964
986345000
928419854
362399368
748813940
303908347
926318986
176717014
487814049
170864699
105851327
651952117
893441124
405572486
364670984
749018590
309138360
338911730
162928443
310315148
794289386
557820851
683538680
751109629
940644413
436715057
335362996
373635
214348483
34850360
868296475
310430971
312499983
249479266
803039224
316372179
938740004
129720502
329313371
208917888
178339009
286323725
67633894
68254140
769929921
545525098
740630647
56989337
92758893
264522261
983780318
540791553
760212855
217897628
226158059
32384110
362603295
507236163
249420944
168210228
479810800
788975441
884750607
334694294
654167456
202673038
630174927
621372446
849859696
226454800
687339180
803039224
699647515
663462359
602121847
780068949
165803742
743928632
227547313
649329457
168490969
275127100
738200694
678617402
719291868
514245021
780068949
179597442
281255127
657414735
472750916
56516051
967305452
174875262
795285863
124887470
163410716
70490549
862636349
482020824
963962664
27810873
868296475
848687569
986345000
803664402
993246911
773485779
721387699
884158612
780068949
654107978
992780831
992407830
130159798
945309929
541230414
680750940
294780030
280128240
13471807
879308115
224026556
186587623
227255957
422841393
719320709
829563740
176717014
227255957
362603295
231628851
372339610
626701595
840943645
270710518
750222231
249479266
714278291
849859696
393194062
314274700
397129535
946278411
921278809
163410716
23345063
329313371
354452610
280488334
309504233
567710748
592268505
964982728
730919237
46598156
621372446
46598156
915997973
163410716
134695302
365777724
912135238
862636349
397991399
1200645
952041196
529657877
198473801
32373650
282924594
694405513
745483381
478420462
51066627
124887470
980877287
280128240
637653710
982379299
199260963
899162623
193275305
296543208
829563740
179597442
154221862
477546440
991400574
993586040
663288559
948491271
82229777
248590766
4826160
709235404
34850360
7726009
746060190
248004927
849859696
885392673
469337187
912096337
444232445
17742589
275127100
757823438
354923494
224340233
223873624
103961583
672340633
198025561
661815621
737540756
32373650
985368588
545525098
66430650
556007948
144577080
711265915
404462807
840507808
724085536
751885764
995547968
735193480
912208782
585240519
803039224
995847376
721617140
117643267
888920960
3384
557820851
168210228
148516861
885392673
932177595
846697679
66923545
269522820
843410497
482020824
95556376
795285863
67086855
111948255
145582797
412396169
698436690
694556216
23482358
640139333
988302004
873942656
540791553
585110743
743928632
215624595
223020186
137158394
93898630
26555548
67086855
753667326
477546440
454933126
893441124
359348909
486464881
595525045
991400574
114617150
482866441
993246911
983727212
739323551
710471232
568241895
312499983
972030032
662641565
849831284
304697117
172901029
675202993
995547968
335362996
991400574
821987704
548444787
808932601
905885487
950596074
290767032
347090776
585263525
217686422
630174927
352376888
280128240
919965156
516383057
824309164
414523025
39390906
148516861
66605158
100441623
392615624
34220901
281255127
801442560
516383057
46598156
658516737
747479067
814479688
873735929
3998093
634247715
992780831
607196614
301384785
562986044
108563469
883141818
965243946
351175945
875628100
504961681
559552841
658516737
137158394
913003436
248004927
842950090
314116173
896321595
185930935
711265915
440407225
899119050
843974522
992780831
954386551
912208782
534669405
603904240
615707615
59762517
637653710
478420462
988265960
717552752
818265792
179597442
33035237
637653710
994269883
108563469
117643267
384951437
928419854
410685832
719834741
634247715
674879779
802916844
189773585
680748079
88954395
649329457
482020824
199260963
373635
354503099
524632621
137158394
971627102
174710635
266008336
818265792
527779454
887990543
854887779
57750802
487814049
326901762
16977106
871316981
459756422
477546440
99804809
32111757
736584314
572733883
525974730
124170476
365777724
853904976
415385114
3384
752454148
242504055
294780030
884040585
488400864
933891365
698436690
933891365
679855380
327027262
475721815
498943403
364670984
98107044
148516861
150053078
329313371
961570922
462816708
514811540
540791553
305174163
912135238
326901762
997063243
270710518
679855380
557820851
711265915
425021572
649329457
444805188
672340633
485342591
366850502
362603295
700167415
140337312
640208241
314413453
131380734
95556376
462480493
945309929
594173187
585980767
272303901
669989313
507634900
297727063
824309164
81028025
397129535
148516861
349120238
503337797
918455197
505303956
802676821
540791553
927834164
967666443
798716178
614633990
322834597
960343985
176717014
12833561
801148350
918455197
743928632
96838456
67086855
67086855
58234502
802916844
884750607
364670984
1
726185148
813730371
462480493
704827836
658516737
874668115
482020824
117643267
751885764
181847325
96507421
933891365
767091125
73774090
482020824
156285460
93718562
589931035
903221914
806249381
646926163
345422821
712713814
716574648
806442151
550818410
29062033
227465186
185501014
314116173
482020824
125348528
673927453
721617140
34850360
427225324
795285863
728091607
248004927
467714031
227255957
391713722
614380239
256076917
78646918
684642036
507236163
464063534
16977106
776000880
388061120
95673858
119110857
372339610
240716860
963962664
436715057
334399033
849859696
714797570
524632621
808530228
412501911
568368152
71208524
340903002
113370599
823297456
873735929
658013656
16977106
728091607
208917888
242744686
482636632
504422699
704936703
254712393
69349174
178160982
381174696
738200694
579361230
453737180
149435268
590883679
186587623
746937336
987565804
977485422
823046072
6274748
208727329
884158612
294780030
313288646
892752046
680748079
524266493
621372446
328076949
416753665
148516861
30416564
865494791
173780915
50053873
837636781
185022737
404462807
163410716
810315344
159853745
718726605
46598156
613540486
637012914
29509690
248004927
478772675
314274700
227465186
240879853
416976073
163410716
44979587
730076821
170864699
571048124
980877287
365777724
898319470
122945013
486167898
227465186
305174163
505198589
362603295
148516861
1037290
443607341
117643267
372666881
584507979
159254744
960163073
269522820
305174163
898721940
840517467
222456606
938121635
170864699
520705196
424703047
988265960
27810873
962403917
262752450
249479266
227465186
486167898
155114584
384951437
518044570
239487316
648816111
66588277
384406779
717730383
561183525
365777724
563235237
886485444
193275305
758449450
602121847
404320843
270710518
70843747
992780831
879447789
564210188
912135238
715190939
842176960
448224737
524632621
424250497
761229358
903221914
234557478
781345308
774521636
408286601
740630647
669989313
644290275
298620610
700973921
144577080
385115725
655015866
10
470251328
279261892
704936703
660047713
831512117
482020824
918055945
439910852
673161982
204434900
504882675
558680918
451927396
642031739
824309164
840517467
672340633
3384
643515554
330484397
415385114
842176960
178339009
451927396
721617140
27648682
505729669
553966475
669079466
744589274
589931035
178339009
314116173
931920065
814061382
65341855
67086855
67633894
248004927
683538680
32373650
21207628
965243946
297721548
977485422
326901762
103961583
384144720
672340633
432174036
154221862
477546440
807973025
887691235
913408437
78897850
354740411
349120238
660707017
919965156
596813636
913408437
752953967
439752238
174437311
372339610
892893116
917286083
842176960
746937336
245066104
452035468
706287639
201233251
361226921
779370659
751109629
83761743
264698591
494874175
77028283
96177646
708431904
78646918
608423628
345422821
111560773
158646635
884313522
318045352
27810873
137158394
21442758
109057635
393658570
291848212
356535065
129720502
175279761
265310786
2569311
686406158
365004438
891820490
393158201
193651828
104947336
58020252
921064327
291848212
364670984
412533633
802916844
418187982
482636632
524006919
389927427
66430650
340921704
423815871
321306194
746937336
827874435
31679981
747363900
304944959
247742997
311171794
815667397
919965156
945309929
818265792
639582257
475196324
153348661
100441623
758707196
746937336
165105338
387120643
853229335
397991399
505115444
548444787
993794571
673161982
837187091
343557143
678449642
718724721
68333191
23482358
987041953
597247583
699284812
993455813
457230381
586184186
840517467
290268967
607196614
992780831
983780318
782667861
364670984
113654782
856167376
569977065
611302109
795285863
416976073
764523640
919965156
195828062
545525098
230479428
162101766
991435600
65043739
193275305
873735929
242026776
989805382
208917888
168210228
109320
199260963
167026947
275507421
601107044
156231808
428966563
199785190
39053630
489334816
100441623
461625823
32384110
369865985
507634900
494874175
895869228
349603248
333663452
373635
907893154
78222804
160747399
454933126
384951437
843410497
148516861
549361695
405572486
472750916
658516737
321277877
676143917
770306173
328581215
507236163
716574648
954182861
757612451
832532550
898329079
823046072
281431303
231268451
933891365
870234021
721617140
77970199
413064865
126027566
239740062
805035410
178339009
96507421
999548849
965040563
865494791
498805845
303361801
364287966
298620610
298620610
537373959
770760931
60870902
819642551
92363518
109320
377354166
556007948
314274700
349927777
290624311
416976073
129720502
106066669
478420462
347090776
173209706
439752238
179597442
51344466
912208782
46701852
386634178
340980453
225799444
554942933
548056668
330176655
286880863
251297295
242026776
933891365
32373650
448553503
991400574
404462807
137067068
806442151
680748079
108818713
370136575
12221976
686406158
683975368
208917888
843410497
195828062
431530228
993246911
918455197
704852441
739715031
394776949
839426191
199260963
640191869
540046204
948491826
798128320
451927396
261539329
163410716
648994199
843974522
683538680
296106957
747363900
988098555
248004927
802676821
709235404
614380239
139217771
704852441
42310282
208850026
575473939
989514763
275127100
457230381
420426257
993246911
297721548
137158394
865035477
505115444
95556376
436715057
125590404
275127100
888433179
172901029
253951745
69349174
991435600
873735929
375415318
239487316
195043826
163410716
780068949
516383057
607196614
269522820
129145276
248590766
545753064
235601030
294780030
342466682
520569174
372508717
709979727
701616500
4193974
110468114
388061120
524632621
281255127
257886000
148866075
387120643
117643267
10
176717014
824309164
102829858
66423188
195495581
27094680
34850360
426260485
281520451
18886269
245216880
802676821
239487316
993246911
345422821
397991399
66841709
388061120
472750916
607196614
498943403
532452436
748679205
659190041
794289386
817987160
187420559
754972206
803039224
386154812
952041196
421779280
479686226
846763237
539831708
124095085
780068949
227382860
980877287
842176960
370668862
397129535
193275305
835311128
170864699
278976413
186587623
467714031
32384110
820777211
412533633
986345000
159853745
204855569
249420944
25322078
773485779
633114939
169208833
42310282
779370659
404024346
974227667
249420944
694418495
4459244
199585790
983780318
438698664
291816910
313420681
899162623
125575379
633302546
982477450
995547968
953660738
162485254
280128240
132330820
988265960
93898630
596813636
288825689
788975441
314409236
388061120
413798590
612550998
626701595
364670984
19657895
154221862
397129535
556227993
770935442
170864699
340980453
78646918
516523267
321492016
466709878
514245021
824309164
4578874
711265915
721617140
689075782
249420944
965243946
695502657
338911730
269522820
27810873
932486514
66430650
379135191
933866206
4826160
723552079
326901762
327710979
172901029
780068949
149514772
556007948
401016825
107816356
843410497
178058722
979992373
456688400
928419854
316372179
286776647
828519503
482866441
607514075
967102009
175661595
70490549
216114564
738200694
556007948
502540861
286323725
130159798
919965156
246539961
356085409
723536619
413294107
365777724
302880875
173643577
269522820
463065344
939228110
992780831
244986441
556007948
294172211
585836682
345422821
733330561
156285460
459443012
32373650
669989313
780068949
672340633
851939766
444805188
150
827874435
485840462
92363518
868739766
651174780
454933126
843410497
369865985
843974522
401539102
952041196
514245021
66605158
593448218
67633894
305174163
249479266
239487316
610062428
240879853
868296475
673161982
110468114
950027704
821987704
70843747
486167898
211794326
731080091
480204907
258921023
952041196
389927427
680441459
653077274
683521287
690319247
249420944
255644202
781162868
227382860
983780318
862636349
696596158
268821539
950831040
746937336
39520190
572313406
444805188
947580759
240879853
25322078
148516861
762328018
24504238
159853745
92931865
843974522
465222445
913408437
590745556
227382860
1037290
412533633
527104377
393352515
129720502
755338718
97653252
335362996
278976413
503444762
680441459
179113563
988265960
248004927
701310854
50282872
225808853
393658570
107816356
113477482
498805845
132590796
913408437
518914602
456794526
302323797
251297295
170864699
156285460
806442151
117643267
179031917
303361801
977485422
658516737
248004927
175902256
98234333
986345000
545525098
957504005
137067068
892742505
865544553
602345007
23482358
1
711265915
340980453
53720373
327576876
372339610
903221914
677296079
568368152
389927427
404462807
324367954
384226089
69349174
516383057
309914368
393080495
689075782
773118870
167026947
557337497
124887470
581264389
32384110
359744424
200016492
25288678
798241451
439752238
596813636
830924810
384951437
743928632
482636632
131225688
903221914
463987892
436006085
34850360
818265792
277147783
22777877
163410716
723631590
397991399
458432099
165803742
862553261
227382860
436715057
757590735
637653710
709235404
918601941
700775452
82229777
277324003
964982728
432844408
889618543
120908901
296330084
626701595
647160091
796519403
704827836
548056668
159853745
806442151
193275305
42310282
444805188
439752238
980877287
802916844
493854947
698369084
726185148
288081439
83761743
129720502
275127100
564009574
727239402
590665332
100441623
620839068
494874175
925775782
602121847
477049103
389927427
677724398
199260963
395150731
820855485
207908345
63641088
23482358
214600168
298620610
168210228
137158394
587220085
356659362
32384110
207908345
696649188
984146027
494607404
338911730
649032276
263436097
150
386208599
489334816
614380239
92758166
665463203
239487316
216472812
976761096
778390827
514236844
93401541
180392148
112463768
598374889
199785190
226410480
95556376
749727929
451927396
243023172
449249751
557820851
882294408
493854947
140064543
129680647
740458742
992407830
912208782
479810800
431505202
632594151
995137641
945309929
885392673
248590766
728091607
281170524
186587623
163410716
455183606
227382860
67086855
168210228
273320985
67086855
34850360
214622118
613387629
298723092
747363900
779370659
251297295
769929921
248004927
568368152
772464
714797570
103961583
92758893
658282848
803039224
548056668
3998093
92758893
655015866
82229777
795285863
721738888
137158394
415385114
862222286
167026947
514802540
527030158
106420942
991400574
669989313
286323725
121413468
67633894
362395136
598374889
505115444
493854947
472750916
757809590
467714031
1691943
457230381
962403917
917321556
966081723
296458264
980445293
922586207
680441459
67633894
444805188
459756422
705234926
928419854
404462807
637653710
