995706738
539831708
370785869
121413468
368974074
568368152
721617140
444805188
471234275
140009627
349120238
658516737
690319247
991435600
290767032
661815621
934596176
686406158
117238373
630174927
406252479
103961583
312499983
478420462
109320
995547968
129151366
764523640
195828062
988265960
602121847
198025561
129720502
489334816
227547313
686406158
369595816
316372179
547092386
607196614
627930471
843410497
457230381
129720502
925948072
973776994
208917888
829563740
280128240
100441623
151667782
573375284
96507421
167188328
64102985
649329457
903221914
10461263
986345000
780068949
397129535
741626883
711265915
144577080
275127100
69349174
824309164
683538680
67086855
843974522
720956054
539831708
653496653
807973025
342330165
312499983
295015025
444232445
952041196
130159798
227382860
435613485
207908345
482020824
829563740
114617150
532155136
700167415
814038170
673161982
365777724
25322078
165803742
663349178
165803742
199260963
770935442
714797570
32287383
42479425
354740411
802676821
167026947
185501014
698436690
487814049
195339652
312509976
711265915
162101766
96507421
948615242
683538680
373635
3384
3998093
489334816
298620610
945309929
410421988
459756422
1251934
372339610
787638947
686406158
338911730
199785190
227547313
27810873
174875262
873735929
663349178
354740411
825930138
227465186
4826160
187867781
258686002
349603248
477546440
32111757
167026947
721617140
988302004
436715057
865494791
743928632
802676821
658516737
493854947
73997912
813165662
275205258
239487316
227382860
787638947
498105049
747363900
988265960
4578874
312499983
185501014
877878709
686406158
207908345
239487316
67633894
38040208
130159798
40868881
925164924
165803742
748358129
746937336
489334816
92363518
372339610
185501014
740630647
336450850
103961583
227465186
208917888
113370599
843974522
32111757
298620610
884511957
661815621
669989313
280128240
524632621
294780030
461451350
979841052
843974522
195828062
331126125
737079937
275127100
117643267
160693849
479810800
323557987
379135191
820777211
347090776
966605347
992407830
96177646
794289386
898721940
802916844
159853745
92758893
780068949
674124356
147664597
607196614
788975441
364670984
271009955
149169862
5221127
933866206
630174927
482020824
830908438
477546440
577429244
614633990
648816111
806442151
963962664
614380239
1
839961907
436715057
683538680
67086855
548056668
607196614
865494791
970691865
773729271
471244256
637653710
156285460
208917888
802916844
58020252
404462807
248004927
721617140
556007948
163410716
240864182
83761743
539831708
735006764
69349174
643160951
564045309
275127100
54396913
602121847
928419854
397991399
149544260
233964132
240811045
192787419
196935098
372339610
412533633
275507421
280128240
486167898
124887470
545525098
493854947
103745027
608423628
108113140
527030158
42310282
362603295
3998093
689075782
928832611
519572133
248590766
717552752
207908345
837568003
690319247
993854011
297721548
687745128
873735929
23482358
829563740
25322078
275205258
251297295
32384110
349603248
711265915
387120643
309914368
108563469
174875262
415385114
121413468
873735929
714797570
842176960
524632621
369865985
210905394
10
629093067
280128240
705234926
649032276
186587623
162101766
940644413
751109629
803039224
743928632
911275447
359114951
977485422
679855380
398089477
806442151
4578874
114617150
193275305
159853745
451927396
275127100
92363518
698436690
873735929
862636349
679855380
933891365
447817194
349603248
513467589
607196614
937893175
322546360
780068949
279062380
743928632
928419854
746937336
885392673
787638947
92758893
389927427
881775823
649329457
150
92363518
498091069
70843747
341482505
93898630
308820058
93898630
193275305
745602137
124887470
489334816
718050300
716100284
824309164
621229161
679855380
280128240
535527434
988302004
113370599
965941861
958880423
498805845
524632621
448224737
545525098
616913726
436715057
67633894
280128240
364670984
373635
106702868
368148458
148199911
306299914
842176960
829563740
459756422
25322078
312499983
527030158
302884993
155114584
833218252
385874849
807973025
769929921
903221914
309914368
231084024
93898630
297721548
248590766
96507421
751109629
479810800
451927396
340980453
841846986
415385114
548056668
93232780
467714031
827290597
239487316
174875262
477546440
524632621
955287204
379021336
354740411
208917888
82248396
156656632
103961583
331104813
507634900
297721548
387120643
716574648
788975441
439752238
944837001
369865985
552792610
436715057
394611752
635794967
885392673
559310608
507634900
655015866
320313602
602121847
269522820
683538680
482401336
897110514
412533633
304697117
448224737
49501215
83761743
745810009
189874901
172883622
569877005
248004927
436715057
457230381
447485690
364670984
248590766
168210228
472750916
683538680
977485422
655015866
93898630
740630647
415385114
644677688
634222709
698436690
678401668
846580880
538776316
903221914
172901029
698801419
103961583
373635
556007948
305174163
807973025
1
269522820
523226592
803039224
248590766
630174927
988265960
765847798
448993437
747320738
482636632
753776845
669989313
35028961
199260963
918055945
686406158
21665652
397129535
165803742
4578874
251297295
441500004
649329457
208917888
802676821
494874175
314413453
298620610
787638947
751885764
802676821
516383057
704852441
297721548
664974662
578549701
919965156
843974522
314274700
477546440
983780318
93898630
945309929
719787998
96507421
199785190
554848126
952041196
144577080
478420462
297721548
346049395
716100284
82229777
451927396
261982467
482636632
93232780
704852441
478420462
885392673
614633990
397129535
482636632
178339009
69861067
952041196
387120643
179597442
178339009
191904661
743928632
603012116
548056668
478420462
679855380
751109629
96177646
208404131
275127100
345422821
995287645
714797570
88477784
107816356
124887470
649329457
451927396
489334816
227547313
11977538
780068949
457230381
912208782
464256105
827874435
928419854
117643267
690319247
244957476
495780310
436715057
113370599
200016492
665018214
144577080
67086855
548056668
239487316
184883568
482636632
807973025
156285460
185501014
596813636
966672963
290767032
294780030
673161982
184151516
655015866
5131564
400287480
711265915
988302004
718929401
316372179
334924838
439851386
482636632
717552752
819885158
527030158
349120238
344747231
479810800
992407830
215472426
172901029
451927396
251297295
910748582
243741765
341482505
78646918
556007948
4826160
67086855
680748079
179597442
477546440
434774476
482866441
911502650
132098394
738552662
823585469
660167431
963962664
324367954
596813636
341482505
162101766
758137925
121413468
545525098
193160195
689075782
745810009
548056668
341482505
369865985
980877287
682977427
44933372
802916844
769929921
200016492
964982728
69349174
412533633
746937336
887938989
486167898
349603248
964982728
150
155114584
725440762
227465186
178339009
654167456
214049242
208917888
981870925
78646918
481175988
614633990
507634900
794289386
32373650
134980030
751109629
823046072
172901029
256115833
335362996
507569132
934136508
964982728
172901029
239487316
700167415
156180097
34850360
976748331
290814684
16977106
658516737
69349174
248590766
913408437
250189310
67086855
906701986
470598575
690390252
200016492
362603295
374992021
746937336
70332957
556007948
365777724
280128240
249420944
747363900
69349174
275507421
564948013
67086855
207908345
940644413
93898630
3998093
271227297
509983326
309914368
545525098
728091607
991400574
109320
567526919
451927396
865494791
144577080
689075782
263772350
311494498
862049535
545525098
275507421
444232445
831138250
470598575
498805845
885392673
658073690
91554856
109320
162101766
309914368
249420944
32287383
269522820
614380239
855356928
649032276
630174927
131225688
816933095
326901762
124887470
225799444
912208782
250964648
698436690
919965156
913408437
349603248
77871821
144577080
983334547
998756059
369865985
4578874
129720502
184151516
527030158
131225688
992780831
500557467
377560349
945309929
873735929
100441623
159853745
149544260
528870240
913408437
673161982
998597784
348251097
239487316
83761743
93326396
25322078
205255945
637653710
494841738
884158612
349603248
397991399
444232445
486167898
199260963
981870925
121413468
150
83761743
983780318
103961583
273320985
795285863
250476139
172901029
913408437
816217680
518939920
354740411
291848212
858027991
46598156
362603295
312499983
167026947
227547313
503444762
787638947
225799444
790445459
32287383
162101766
634450954
349603248
769929921
404462807
67633894
212836622
167026947
291848212
397129535
556007948
823046072
482306478
988302004
296643244
524632621
756255060
986345000
225799444
707527367
99034863
478420462
316372179
807973025
437607598
516048761
130159798
349120238
503444762
78646918
249479266
711265915
123457974
342330165
415385114
573375284
614380239
740630647
690319247
42310282
436715057
991400574
598374889
990399321
109320
829563740
764523640
170144368
992780831
451927396
384951437
87556768
297721548
388061120
373635
250879167
289202719
178339009
598374889
58020252
607196614
637653710
321434711
108632573
270254762
100441623
824429065
997030229
227255957
986345000
439752238
328773425
389927427
806442151
527030158
637653710
491188120
304697117
714797570
314413453
928419854
850232007
92363518
764523640
823046072
705234926
607196614
655015866
408038706
251297295
248590766
129720502
137067068
193275305
912208782
505115444
516383057
698319997
384951437
288322905
801953584
501533269
109320
933866206
764523640
159853745
3998093
87587341
433589588
129720502
807973025
108563469
293602622
248590766
58020252
32384110
747246924
193275305
178339009
312499983
493854947
227255957
174875262
516383057
227382860
303385884
506753449
495780310
251297295
314274700
58020252
576816475
184151516
269127003
227382860
742130232
32111757
217567534
10
608423628
630331039
278976413
494874175
32287383
