817693950
134510476
354740411
547717860
546806881
328725727
988883388
163410716
803039224
128083844
579510258
608423628
561170625
312499983
89406464
193275305
946604380
199164401
10501453
621372446
751109629
773485779
379135191
196223082
507634900
100441623
163410716
182909318
638412542
539831708
906386580
308244233
674094152
280128240
251344615
165105338
423639606
654151855
796469693
448151159
180921453
69349174
912208782
855699104
739426377
227382860
326901762
315287960
531359452
210832653
840517467
514802540
668969936
608099735
444805188
439752238
347504318
47993923
185367804
326901762
75667348
96177646
204434900
222909219
78646918
330936553
638829434
829425134
718883363
771922739
3384
818265792
129151366
522757467
442525637
933631346
468746194
67086855
708603967
437052612
269522820
675477128
566472788
207908345
78708165
649854905
780068949
130159798
276902165
974718492
893831083
521111326
113370599
170871278
398089477
963962664
714797570
873735929
320758851
442674403
634247715
248004927
220735271
746937336
204434900
962329009
865494791
964982728
649329457
547979235
167026947
436715057
627902303
802916844
129091864
681231410
31118480
411738353
689075782
451927396
581264389
742514605
540791553
843161735
977485422
626885012
794289386
198025561
92363518
307624472
278976413
991435600
781859423
185930935
148516861
787952987
93232780
91171220
843974522
425464278
367750922
992780831
503444762
124887470
92758893
596813636
10
312499983
385858594
436715057
144577080
267931389
109320
629552591
46598156
54203651
379135191
341971709
227348283
981870925
749018590
861429264
110468114
69349174
891283063
900717696
315402831
976532607
648816111
198560836
385937817
341482505
10
353351332
598374889
58020252
985762002
945309929
181847325
843974522
913408437
933209460
314413453
128824559
686406158
239487316
140941766
294780030
379470265
314413453
708410553
322034001
365965624
77365814
74819192
18821046
273628938
516383057
198025561
388280158
159853745
602121847
210859160
687772622
707780824
354740411
203658180
616071944
108683691
155114584
435132046
548056668
244919814
983780318
621372446
521154048
114660831
563738915
79481189
733824294
747363900
971125051
814551680
885551479
121413468
114617150
548345968
44608193
539831708
865494791
314413453
248037042
275507421
845549262
819173121
425330040
751109629
647589891
862636349
918721005
78646918
240879853
518475878
715333264
407486647
966067604
69349174
187629483
167531555
177339662
416976073
555573743
743928632
1037290
834582638
522040201
607196614
628437912
497508008
583728446
358302248
801035299
109320
494874175
918055945
463058066
494874175
32373650
15801169
711265915
396919935
637653710
1
81220007
952041196
979775187
159853745
92363518
248471558
982599245
964982728
524632621
451935875
32373650
886393237
410195751
242026776
912135238
802745943
67633894
349603248
206088919
493854947
292538439
686406158
514811540
150
923157905
656715096
868296475
182882863
482020824
405572486
551702387
78646918
916876736
151667782
370539978
746937336
843410497
948854818
67633894
224519880
524632621
809036715
312499983
282791302
993947963
214062854
754072962
400977754
251396726
416976073
148516861
448224737
764523640
913067777
931574206
305055820
340479540
32253167
988265960
305383857
406871296
198343401
991435600
912208782
581264389
849859696
251130265
503444762
232896303
275507421
372339610
666175089
952812901
401999534
17532244
898721940
23914078
841599731
655086411
516690918
239554380
212865497
797737167
251297295
548792615
198025561
529258452
946245795
370986564
563759172
472750916
902153657
47057198
227465186
795285863
16977106
825334205
379135191
533604401
925932662
751885764
137158394
171597287
58020252
608423628
69616477
598374889
807027839
734586668
475634304
486167898
928419854
318294545
340980453
994195662
915223133
435889446
541707217
782397489
827567083
714797570
92758893
471542539
369865985
921725806
10
553499104
482321871
986345000
189221207
736938663
16977106
167026947
386265640
160482107
80240822
275205258
140526690
178339009
889770291
362431184
921537648
949629476
654167456
316372179
503444762
815223167
493202423
502606553
217124928
369865985
29847320
176946568
898721940
329500563
654167456
159154342
862636349
405572486
548444787
536050517
137067068
758087449
515839337
484416052
683538680
843974522
464709743
539831708
704936703
970528023
335362996
58020252
345422821
179597442
227547313
27810873
657451522
478420462
740630647
478420462
522757103
731684806
640990920
848815378
95673858
646026713
773218807
758655637
470251328
885392673
171134038
711265915
556007948
495292315
586849141
173590485
118706646
196328443
107151455
56186602
129720502
207580264
117643267
837746395
654167456
706030391
109320
749355734
438033801
66203760
96218600
630174927
980877287
555573743
242023133
886328809
211825615
356294142
273320985
489792657
379135191
154221862
396035960
183616304
608349852
288178790
794803311
898721940
625594865
412533633
545525098
85549292
912135238
454317569
458432099
144490623
649329457
802676821
814423765
396698733
464921925
840517467
316372179
614633990
694997398
458432099
555573743
289712028
817925462
172901029
86573925
358539559
273320985
108563469
97544073
746937336
340276714
865544553
637653710
437356706
865135932
981870925
32111757
399961397
338911730
191860078
434874343
543301208
113370599
96507421
190015648
683453369
482636632
340980453
802916844
275507421
680270924
180958107
197786418
329313371
409211589
270710518
556007948
807973025
211514373
349583576
298620610
239487316
806442151
616102269
778557779
397991399
498805845
165105338
117643267
608311254
704827836
945309929
227382860
32373650
379135191
423262158
35295945
961823392
170864699
342330165
648816111
115164556
93898630
986071981
995518680
922164560
660839207
451927396
2100054
341482505
668868015
316439648
906880735
505115444
487814049
740630647
254319009
596813636
4578874
514255400
277917043
521462763
751885764
945630221
885392673
893997622
314409236
623579686
204434900
507634900
248489531
983780318
514802540
807754868
304697117
827874435
97165147
963962664
637653710
904612398
329313371
259245377
928587638
361491930
347090776
865544553
459756422
779370659
504828716
849859696
848937452
25322078
172910908
453121281
881775823
900047328
523901178
886194463
368831276
448224737
997985986
607196614
131318823
482020824
139593442
654167456
743928632
534199366
966709426
723144315
764981416
345422821
467714031
379135191
98579401
711265915
93158291
776585783
77162782
898232428
947968977
25322078
221100653
165105338
690319247
751109629
278976413
477546440
448224737
928714298
686406158
86348924
178339009
37584991
977698607
711265915
96177646
130159798
626087808
749018590
494874175
70473781
172901029
312499983
329313371
612900221
867677207
867500248
399598003
685327006
514245021
96507421
884750607
275205258
163520738
150379261
774204431
288793890
245381410
401016825
933866206
508192925
862162237
817564010
404462807
386265640
69349174
457230381
184151516
941794378
248590766
803039224
163410716
53852010
363204840
479810800
649032276
607196614
777161433
596813636
879027311
943913438
174875262
372892723
556217799
46598156
159853745
997958927
862636349
700167415
370785905
726997212
182003732
815658941
690319247
781979271
619139980
486167898
843974522
248004927
568368152
880640228
831512117
93718562
673161982
280128240
700167415
555573743
459756422
436715057
330854301
859574772
421813950
509417030
821630235
209946347
321580976
275205258
129720502
220908511
511219029
610369152
683538680
926149570
865544553
523840833
341482505
89475703
67086855
384951437
317550572
195828062
65600150
3384
967038947
462631400
873735929
981870925
446853699
632987182
497947776
760658469
980877287
444232445
66430650
789913080
96507421
717552752
208917888
412533633
423549431
212989604
207908345
316763643
587220085
87544531
240283715
747363900
170864699
449126559
973398052
658516737
669508186
484040751
144577080
586657078
732720879
129151366
93898630
11542197
867677207
42310282
660181795
32384110
614633990
216852659
708768238
31362512
208917888
769929921
770935442
817214607
107816356
373635
696714506
479809442
740798175
202707372
487814049
459623693
933866206
788975441
314274700
648816111
324367954
379135191
505115444
820777211
372339610
49135426
627837148
326901762
458432099
477546440
23482358
113370599
721617140
568699295
299138339
107816356
316372179
34220901
393658570
91646723
343204836
462462464
540791553
172901029
995547968
679855380
885392673
161987862
696837695
185501014
405572486
273320985
746881573
144577080
401016825
303361801
714253003
711598953
490538598
713184171
124347640
396975445
195828062
917776077
610275625
32384110
820497915
649032276
121496086
599448407
185501014
746937336
231617291
129151366
142618566
198037614
408582435
261574979
39346938
305174163
58020252
527030158
903221914
211960357
867677207
329224676
417885609
47091284
156285460
862100597
486167898
300438640
744597085
538669737
1
977102725
329313371
706329748
909716188
912208782
163289085
189874901
602121847
16977106
557820851
159218345
864931611
625013371
124125424
361542841
574599627
746937336
912135238
162101766
249006656
648039192
992780831
840517467
472750916
973879342
907846208
790763562
163410716
845326558
794507082
59602621
97383525
359854485
495780310
235528635
137158394
199785190
773417362
100441623
27810873
362399368
814285092
780068949
498805845
738233655
416976073
547425855
516383057
780467223
2441450
613422125
198025561
186119958
794289386
414108534
568368152
851684170
955325918
780071687
740121927
193045329
70490549
476513035
770935442
779370659
831512117
32111757
867677207
275507421
167026947
503337797
4826160
500797872
109320
338704333
681271023
807500551
578517757
367939077
247616956
200016492
582694138
553322812
933891365
228941344
93718562
489334816
378196377
335362996
903474381
969694692
337377581
516383057
829129042
535819095
195828062
781791737
3384
412599705
494874175
770935442
901055648
392248395
848759278
613241227
690319247
663349178
3384
495780310
856662323
6974777
103961583
242026776
891341968
687918217
606786473
238407393
704852441
903221914
124887470
224084142
788148145
94757560
524632621
39218592
557820851
32373650
482020824
3761461
487814049
330936553
178339009
265058123
983780318
489877161
968979913
730803161
838681387
95673858
840517467
886070150
68550923
988302004
907933096
264795208
137158394
389927427
434547393
802676821
369865985
410830346
659367010
477839211
170864699
514245021
105452244
185930935
36165669
965243946
170864699
304697117
251795481
768802545
137158394
704852441
412809287
42310282
109320
167026947
216032931
229250318
851839140
598374889
780068949
643752860
145716718
722675662
3384
425660736
459756422
159853745
349120238
637762723
365777724
170864699
275205258
524632621
888629254
791950980
559330372
654167456
743928632
817898922
172901029
867677207
965149959
181214039
92363518
992780831
507236163
871986653
352536441
227897357
785003015
764539666
7483526
780068949
45835756
155588197
1037290
641867689
661815621
58020252
988302004
188601047
988265960
470598575
807973025
300217903
39218592
654167456
121534314
457230381
427025004
133588695
482020824
476643920
72641306
870970558
701630429
161605151
716100284
982814078
23482358
865544553
482866441
506403160
512479691
157564418
46598156
96177646
486167898
111302520
510812368
614567798
459756422
865494791
716100284
10
988265960
370864551
548444787
19067037
548056668
425005838
309914368
93898630
568524674
933891365
78646918
372339610
453782136
805245774
459756422
149544260
3761461
207288252
95673858
298620610
95685487
450579711
269522820
748855123
887981096
299092559
648816111
942950624
477857701
436823229
751885764
34179220
412533633
106554451
912262363
283779880
207908345
191288859
467714031
351088917
165803742
451927396
70843747
906695032
117643267
821987704
70490549
484172522
919965156
38598568
367826726
96114210
400046128
81986996
952041196
341482505
184942514
33734364
316372179
249479266
389927427
548821307
109176461
470598575
477546440
439180823
767947440
178339009
802924818
185187925
926179688
536067061
309914368
649329457
844012124
365777724
827874435
637549293
945309929
96177646
598374889
974383750
672864095
174165884
716100284
557337497
845503755
992780831
365907844
897805687
884158612
361220814
714392183
543608776
129720502
807973025
746202874
992780831
790956527
137912013
1548394
988097829
195828062
913941866
903221914
155114584
76194951
200016492
555536445
215656866
66605158
312084886
310424119
92758893
402737690
401016825
46701852
144577080
616893961
484523466
952041196
261810143
957917766
583702807
689075782
408506754
553901104
503337797
185007192
806114364
435406784
372022905
96177646
438503967
992780831
711265915
388061120
745810009
451927396
590945103
991223609
577317813
10
872288041
324431663
457230381
495780310
398002587
795322541
314413453
3384
463535049
565353801
980342597
224026556
194938843
114617150
783049028
995547968
776317056
912135238
738200694
290767032
205415691
364670984
649329457
754196430
936806109
82229777
751109629
444805188
467714031
564700113
228593232
838870110
783906558
275205258
770935442
199785190
488504636
165803742
114617150
986345000
623739505
933866206
412533633
524632621
884750607
155114584
771855842
92758893
637653710
563090489
213798924
514245021
584473023
533751948
178339009
988265960
495780310
867677207
444232445
691180602
646177637
162101766
730795870
482020824
426340064
991435600
982747417
634551495
249420944
285872804
992780831
680996251
239487316
362399368
60593037
704687463
746937336
588315459
189874901
185930935
184173343
829563740
864389719
308446567
198025561
988302004
663349178
76189975
988302004
3998093
447783478
900261897
71124661
249479266
637653710
873717487
690950492
700053617
820777211
746937336
103961583
963962664
971114607
4022979
152743985
635237665
962850228
416090913
448224737
253258212
897805805
415385114
404462807
285625709
234570114
130159798
815638373
717552752
243789850
185501014
773118870
964982728
35569614
535920657
314409236
92363518
95673858
406629723
862922767
105277376
621372446
983780317
131226161
514245021
179597442
417198139
139540194
174875262
195828062
661815621
589767349
31244212
740630647
478420462
505115444
690530737
642142210
171623486
498805845
389927427
402737690
526507393
778557779
10567572
717552752
983780318
199260963
836688809
787638947
99924094
84137734
541559020
181986773
27810873
251297295
988302004
919965156
193275305
824309164
388061120
740630647
933866206
787638947
311107396
270469337
412533633
35559314
402737690
217121104
708331276
172901029
507634900
808264018
46598156
23482358
391336827
227547313
671447578
186587623
416182910
728091607
986345000
39112000
361538682
917985839
477546440
979992373
700167415
172901029
849859696
463860764
843974522
607196614
3384
912863145
38006967
165105338
124887470
998262133
976458764
674675407
495780310
751109629
181894052
168261358
280698499
275205258
865544553
884158612
354740411
859612505
823046072
362399368
689075782
585240519
89995564
493854947
548102078
645197370
146030772
297721548
530151354
82229777
270710518
405766125
330327186
314274700
34850360
46684673
640491909
614633990
193275305
281047870
637506369
116240986
726245898
475634304
179597442
762755704
479810800
58020252
162452126
162309330
977485422
448224737
834848348
314274700
347090776
204434900
818265792
874683518
489334816
568368152
514811540
3998093
141072732
19978371
114617150
34850360
110814849
200016492
517810765
16977106
151370267
598022869
436715057
770455876
947897678
27810873
309914368
916269487
630174927
201721216
507236163
27810873
936218783
328676335
867677207
700167415
406719805
885544504
388061120
751885764
999517677
777503402
593564499
397991399
663349178
803039224
966805555
199260963
345308413
208917888
808449163
219046090
92758893
911742290
123706944
773118870
79307702
495780310
754122555
758039692
15918841
482636632
556007948
139423292
489825812
150
861091853
224519880
457230381
163410716
964972609
349603248
540791553
121413468
448224737
19215638
745347144
545705797
230607744
686623640
442979421
291848212
32287383
720242312
716100284
444805188
405572486
663349178
128418611
224026556
27810873
189874901
439752238
690319247
404462807
614380239
260194987
598374889
824309164
995547968
788975441
16062294
751109629
533773320
594164428
894748257
54194968
127052327
417785119
131225688
545525098
121413468
489334816
843410497
683940633
802676821
983780318
795668848
121413468
802916844
352976272
189874901
287688937
451927396
739397334
746937336
2754410
23482358
32111757
836876571
425598341
23482358
154221862
436715057
397231621
239487316
449101519
131225688
208917888
899505317
174875262
155585350
352464387
711763266
802916844
133454663
108563469
749018590
278976413
365777724
341482505
714797570
248827546
714797570
195359016
881775823
489594519
207908345
659757889
124021884
806442151
249420944
227547313
362399368
977485422
818947818
658516737
124887470
467714031
852551256
227382860
126898735
843974522
865001334
447468524
683538680
871073247
274637711
514245021
749955185
675820579
64144135
545263382
616388269
508540478
275127100
3998093
137158394
436715057
398089477
641851109
868612197
159853745
564420725
980877287
865544553
653883439
471141882
747363900
474239367
488102524
83490504
163410716
721617140
802676821
408058500
859429997
164816353
607196614
584074164
919965156
963962664
129151366
918055945
280128240
227255957
919965156
173687334
229984858
275127100
227547313
611036785
457230381
39218592
372339610
149544260
500531435
683923989
706153832
109320
675969491
331440481
981870925
314413453
66177787
770935442
67086855
648817466
327046269
291848212
738200694
371745357
621372446
911096951
524632621
933891365
643342356
31683099
314274700
364670984
478420462
885249024
785978183
151667782
339000241
78646918
919156598
206393422
963962664
389176874
715555611
807931605
459617564
213860132
983780318
757972447
741129332
388061120
804656991
562986044
123297595
93718562
617897618
608698064
261865074
448224737
947429551
200016492
595067951
773118870
107601196
444232445
401016825
19089337
257653713
907187377
788975441
161763890
726417223
240879853
846857137
334961552
107816356
398089477
397129535
988265960
507634900
338940647
93898630
336624884
3384
109320
632260198
90125608
714797570
619189790
34850360
851298580
349603248
364670984
967102009
469960878
886997138
303063647
185071313
573375284
397129535
22442872
505115444
221672137
598374889
111746653
150
107816356
843410497
787330825
326901762
129720502
154221862
402737690
87304104
227547313
315174659
70843747
159853745
903221914
568368152
912135238
196206827
478551943
507634900
969796130
442295790
83761743
824309164
314413453
331940346
815183357
717552752
824309164
581264389
34285223
407611089
603164491
404462807
163410716
751109629
96177646
58020252
873735929
172901029
632448340
843410497
16977106
673161982
818265792
516383057
403444755
204434900
457676993
305099201
807973025
614633990
996521145
928419854
309914368
940644413
738200694
463535049
348124792
55959733
539831708
154221862
176787760
293467497
843974522
704852441
821987704
474226944
524670541
384951437
965243946
39218592
181798019
835140571
996753156
225799444
329313371
196261227
482636632
204434900
31942972
316752942
32111757
280128240
93898630
503444762
167026947
487850736
77546469
448224737
582446964
946571424
487814049
883003701
404462807
884158612
743632840
654167456
645483963
513090920
885392673
67633894
114617150
932845193
294725604
763083683
405572486
668988818
230298516
513072149
673161982
3998093
95673858
863732691
538453546
10
498921152
827874435
823046072
165803742
257115746
58020252
60446303
824309164
312499983
909242570
516383057
362399368
389927427
189874901
228482944
112142612
848562927
302148450
3384
999661367
191859855
189874901
176717014
372339610
503801615
444236016
844370319
581264389
129151366
863181845
867677207
724333787
199260963
355791092
557820851
129720502
659922265
206355109
986345000
393658570
255479891
704827836
9229964
669532374
602121847
152874743
867677207
581264389
254881510
751109629
545525098
829573670
172308881
150
249479266
215753020
398089477
136163613
949986721
458250000
418691052
227465186
913408437
944728716
396417042
117207585
912208782
354532332
446612014
117643267
700167415
556007948
269522820
679855380
999455809
482108984
520128065
193992127
490510736
288524037
787055533
414510764
669292775
738200694
249534299
314413453
314274700
827874435
199785190
614380239
524632621
232621191
21472078
485192723
557337497
596813636
807729565
220250000
504247216
309564878
448224737
316372179
185501014
673161982
239487316
614633990
364670984
330119490
109320
207908345
992780831
883404435
721617140
207908345
912208782
165105338
516237940
746937336
716100284
349083095
225799444
114617150
776939571
464063534
880270773
139404495
305903820
940543922
704936703
568368152
92363518
843410497
802916844
494874175
683538680
160737050
251297295
365777724
114617150
604479593
494874175
661815621
838057176
720493056
969555210
231487396
673161982
991400574
725551542
419043486
507634900
858322585
967887886
818265792
326901762
247694462
193992127
257653781
433038629
96507421
662570125
830422301
559700514
514632046
991400574
714797570
943273458
109320
906304165
100074178
457025959
117643267
386265640
945309929
249479266
305174163
594373252
728091607
384951437
834856906
443607341
615233461
226364628
100619431
626976658
893776352
743200780
113370599
648816111
117025972
439752238
345422821
662822867
372339610
335362996
259755817
85842957
976913859
147984563
22697983
308263770
58020252
648011568
270710518
637653710
962923471
280128240
243691182
233760928
185850867
728091607
3158034
379135191
450684058
439752238
714797570
462480493
10689978
32594702
170541053
207908345
829563740
390586935
740630647
98727262
745190724
673673672
840884308
290767032
586802048
472750916
630174927
168210228
287491984
493819298
248004927
81242310
738396283
108563469
347090776
482636632
711810636
778780613
42567926
159532720
780068949
389641398
509893920
81437955
216826817
179597442
176717014
151667782
262045661
981870925
572743367
887939803
881775823
536177577
521734123
494512731
249479266
397991399
824309164
608944911
945309929
187265879
226523354
488803987
373635
21359554
163410716
154221862
162452126
342330165
195099411
746937336
700167415
418692676
556007948
162101766
803039224
66605158
885392673
482020824
550014940
950826544
92363518
397991399
185501014
543491233
557820851
39005648
39218592
714797570
695952908
894944458
167026947
787371487
326901762
967102009
248004927
693383680
289377108
373635
83761743
314274700
824309164
162165476
386265640
773118870
597809432
698436690
349120238
992780831
620012983
996832465
965944394
439596639
764523640
498805845
372339610
470598575
840517467
562986044
324367954
345422821
415385114
214490962
66430650
700167415
912208782
751885764
885392673
365777724
39636403
70843747
74246074
174875262
792109804
849859696
370099714
868296475
963962664
784914407
661815621
862636349
423808643
163410716
273320985
106794079
412533633
354740411
394899347
384951437
67633894
312084886
106262153
779527896
494874175
668866873
989785754
417538454
405946973
755525525
187389363
779370659
751885764
746770098
660833760
572060393
863273001
479490572
979992373
88767173
314274700
127808068
379135191
794289386
673161982
903331096
968504665
31050962
65564748
452035468
787638947
61513466
740543859
614380239
700167415
716574648
373347733
945309929
470251328
67633894
792981275
992407830
312499983
958141832
373321597
833897546
569783631
121413468
162739027
672340633
290244205
97962639
505472752
795285863
527290187
658516737
634247715
813958387
657443837
244772507
498805845
658516737
174875262
675945467
227382860
597604037
198025561
249420944
625069587
418957395
347090776
16977106
16977106
4578874
827874435
189168588
956996454
692596907
546289210
709235404
477067952
150
888718644
174875262
148516861
582075216
820777211
67633894
361843896
945309929
58020252
355046275
940779290
100357055
810104713
824879106
287650716
69349174
264084279
40474576
513063422
952041196
324367954
645515196
866813219
59190092
104106522
397954687
255561071
820777211
168210228
566221090
704852441
170864699
96199710
558268406
477546440
277585076
907871669
669013632
565255015
533752446
515100863
211960357
318294545
859460826
178339009
444805188
743928632
23482358
291758250
333833734
10398177
842176960
77723101
231516212
980045566
824309164
148125310
150
66605158
412533633
24529423
585240519
311886972
993246911
986345000
893761267
478643376
294906593
10
705459305
384755495
865494791
843974522
511927647
66430650
946975716
444805188
174875262
216837503
787638947
249479266
130159798
347090776
649329457
1037290
34220901
683538680
840768431
940644413
598731430
479810800
584412744
510856946
278118418
379135191
389927427
634247715
578485420
184151516
349120238
844129582
84864353
858748421
626701595
885392673
482020824
780068949
388061120
787638947
1
79897922
397129535
59388708
912863145
992407830
650098348
251297295
977485422
820777211
32373650
507236163
894345667
95673858
861494080
341482505
482020824
311138408
673468925
394921835
309914368
648816111
484432285
747363900
258932861
794289386
397991399
787594979
676171158
472750916
885392673
484573139
416976073
495349802
840517467
540791553
997886670
964710984
502991617
826207554
341482505
362389025
248004927
745052885
275127100
573124590
329087735
572606410
433549879
725420569
177013829
955099871
204434900
741046104
731302637
139144013
84139728
493854947
443706353
107633425
829563740
238279379
555573743
895951373
398089477
670939360
607196614
540791553
536566236
109320
32373650
110468114
557820851
207084582
11784109
326447759
427999279
67086855
717390434
305515668
300297871
179597442
391836824
151667782
486809298
88127141
637537460
314274700
14423612
604362859
676981300
833471118
398089477
717552752
829563740
409350487
917457255
889071107
683538680
270301243
963962664
594038180
843974522
69349174
270131250
80464083
4033724
613063855
827874435
933891365
562986044
573204938
312499983
66430650
267869232
34220901
491295591
679855380
428740677
27810873
386346805
412533633
137067068
651313788
540791553
388960295
27810873
925676266
686406158
459756422
735988368
479810800
815323641
963962664
557820851
719725132
780387405
865544553
980732671
166696194
316372179
172901029
88315903
103900960
335362996
807973025
309914368
331035653
275205258
326607950
39035455
359507443
538710784
248590766
227382860
983780318
38355113
273320985
517811921
965542865
962938143
647967281
385639145
444232445
747363900
835182718
669292836
269522820
448224737
784567465
155114584
908423487
411580597
369865985
827874435
763751614
598374889
807973025
602121847
168210228
96507421
920427356
225802790
867677207
164675855
270710518
362603295
253517026
524632621
514245021
393658570
269522820
258144385
813291534
439558037
873735929
650630622
387120643
852448152
568368152
634247715
235031983
150179084
174875262
341482505
691126334
493854947
75218298
621523690
274316980
401062440
661815621
535928123
364277406
92758893
634625841
717552752
241793977
199260963
180596748
258458588
137067068
686309662
71557938
322836368
367828788
312947177
253912391
556483118
168210228
103961583
421771467
824309164
686406158
43447846
199260963
864051222
769929921
162101766
113370599
603048054
78592598
67086855
507634900
787638947
952041196
827874435
940644413
768734464
199254762
384332476
884750607
167026947
441019354
297721548
467714031
521608221
486167898
802676821
843974522
124887470
334388684
826091697
624427392
198025561
369865985
239487316
117643267
957183903
490664296
689075782
80775956
524632621
705369570
586867057
527030158
174088890
100441623
107900615
5605571
730892513
573444097
172901029
199260963
84490783
372339610
62574029
183651970
3998093
129720502
344300571
927608449
647529605
572914326
38664934
457230381
193992127
681111993
806381806
193275305
897020446
118330382
576555298
777481217
432927068
4826160
316372179
487814049
802676821
157597946
389927427
345422821
861790697
763125908
402521208
653488216
280128240
155114584
262486398
630174927
963962664
44501913
912208782
76772695
249420944
439752238
162792356
228760287
773118870
402737690
457230381
548444787
114617150
104523493
439184135
674343149
290767032
928947111
248590766
199350278
207450621
342330165
96177646
14883441
526860120
726121567
489334816
690319247
397129535
446244308
198025561
129151366
751109629
46598156
634247715
413503191
338911730
486167898
326901762
685085099
380016156
210707323
788975441
109320
965562831
483394577
275205258
345422821
3528345
963962664
482636632
654473755
153573928
293654422
658516737
787429718
679855380
918055945
655015866
696616649
596813636
940644413
412533633
137158394
482020824
81345268
482636632
165105338
70843747
13629175
679855380
562986044
150941676
278015022
641246175
436715057
952041196
850642167
412345011
452578592
135606011
149544260
131225688
152965703
507634900
411193249
761455215
802676821
482020824
621207248
4826160
436715057
888202497
109320
100212787
388061120
227255957
314274700
839070676
96507421
20505210
855640217
666698621
545525098
992407830
113413441
69115315
149544260
241542832
1037290
903221914
690138454
303470233
424614948
189874901
472750916
386265640
160345485
821987704
581980408
788975441
356148118
779342623
108563469
807973025
456417524
637653710
243450412
281255127
997584772
964982728
654167456
316346879
239487316
174875262
981870925
148516861
23482358
46394467
784938603
828011579
150168542
607376657
151252840
165105338
275205258
498943403
885392673
472750916
951800780
545525098
318294545
124750191
527030158
81056968
389099298
865494791
645936007
887496943
747322752
514245021
393658570
571705483
366877419
965243946
439004239
62557063
494874175
766918712
275507421
507111963
369865985
863173645
201274367
373635
502733021
928419854
53069946
862636349
240879853
764523640
689075782
239299296
689075782
660219680
482020824
937907012
275127100
663938115
988302004
369865985
71286629
686406158
317295767
912208782
548056668
227465186
738200694
324650877
749018590
484548020
565534328
168210228
121413468
67086855
989805965
802916844
314116173
901460521
703903516
275135921
282281321
919965156
941645035
333804213
168210228
393309761
845868768
349603248
52365100
785820713
995547968
960314774
23001895
195573170
770935442
806442151
673161982
995547968
914448377
545525098
770416478
494874175
940644413
199785190
460300932
451067178
90754337
650013163
364670984
283866034
251297295
248004927
251297295
933866206
269223245
422452637
55275080
426861313
293411372
654331144
884158612
199785190
965243946
180677832
227465186
373635
312084886
176484351
186587623
221995076
800606802
988265960
842176960
738200694
586981152
596250078
109320
802916844
875865456
529139638
444486628
704852441
404462807
326901762
568401375
38495108
794289386
473959581
70843747
529596122
377586092
607196614
818602935
189874901
58902054
745810009
520428087
369630050
630174927
106145313
555573743
863411493
957219634
324367954
437673597
914521267
321074940
787638947
792167139
598374889
922104190
976424486
644582000
418994119
839160187
630174927
759131212
372339610
867627529
245719965
269522820
928419854
354740411
716574648
324367954
749018590
751885764
912863248
293295688
376447990
674876693
988265960
963962664
199785190
679855380
398089477
291013824
387308963
315530794
482825183
683538680
137617237
545611466
626701595
32373650
408622680
338911730
4826160
243356034
340955713
479810800
837363496
67265662
802676821
849859696
486167898
806442151
239487316
207908345
354740411
62690798
436715057
185930935
326949116
99984159
234683315
318294545
236483079
99240907
93898630
952041196
988265960
362603295
476094435
873735929
964982728
298620610
743928632
884158612
803094733
714797570
237692228
547102776
743928632
562986044
454933126
740630647
298620610
873333304
807500551
121413468
137158394
863030554
721617140
198247581
704827836
526689718
952106925
511558848
71826450
843974522
301337568
1921659
964982728
652467713
452910333
168210228
716100284
529943633
39218592
227465186
335342058
312084886
131225688
599539462
679855380
176644230
557820851
262296031
416976073
848943771
963962664
831512117
740630647
444232445
505203208
195828062
912135238
227255957
149544260
608423628
577474563
330707467
802676821
766648250
4578874
424614948
312084886
207128466
269522820
17072121
915959599
124887470
355315552
503444762
649329457
316372179
233771185
129151366
393658570
83761743
992407830
717552752
728091607
648816111
604036601
500230683
777161433
193275305
977485422
58834777
3056910
107816356
193275305
540791553
444078077
298620610
568298929
577354049
990411604
58020252
151667782
912208782
698436690
149544260
578092188
459756422
415385114
302537476
462480493
820777211
549424140
721617140
807456016
314274700
227382860
804901120
113370599
314274700
661759285
4826160
514802540
387120643
984182587
487476289
17430087
470251328
347090776
495780310
354740411
694543132
959561305
248590766
227382860
127691920
248590766
277941146
58808433
242026776
195828062
691044870
699899411
32384110
129720502
611734337
342287568
315345814
382253383
201961221
412533633
130159798
952041196
741613782
418588613
137158394
389927427
96507421
608423628
555438917
204434900
988449367
342330165
387148432
666507411
865336681
843410497
769929921
558802624
144577080
406317882
983780318
979667862
815239300
581264389
743928632
189874901
820728651
415385114
46433437
451927396
821987704
137067068
166861969
810118445
129720502
397843397
14550228
711265915
406149871
251297295
46598156
952539283
939215254
709719743
562986044
514811540
24106062
950623288
249479266
991435600
182650884
596813636
759729996
452599070
681160485
979992373
556705009
530433143
126514092
964982728
249479266
46329929
498805845
113370599
468362655
768815043
148516861
634247715
764523640
946475881
938610407
372339610
95673858
733218673
275205258
151667782
141929159
78646918
545026865
533999174
84520902
151667782
774604024
3384
649329457
470598575
728219936
377235830
23482358
300172323
654167456
298615936
389413620
155114584
258584000
545525098
114988897
418454875
312792816
406106531
172901029
481384927
592530370
900256007
769929921
912208782
807949172
539831708
280128240
373635
309914368
388061120
634208181
414504182
46598156
473877578
555573743
843974522
347090776
362007171
37812183
827874435
913408437
32384110
622461467
885392673
90066755
690319247
903221914
335362996
607196614
185501014
82229777
34850360
339925033
167026947
968448361
340391358
963962664
1
665520330
472295804
67633894
249420944
679855380
616655338
658516737
873735929
230313816
344383005
78646918
40651371
721617140
193992127
642974200
815162257
555393169
488592363
596813636
246231088
493854947
176717014
477546440
309914368
124887470
351375163
820777211
578527082
209253331
827874435
348601591
38064407
958572327
824309164
444805188
972675927
965609371
459756422
95502766
384951437
963962664
608423628
82135060
801849253
885392673
17354357
324367954
678777391
150
573883825
316372179
338911730
844063352
250984591
824069401
607196614
439752238
783398299
340980453
63411058
884158612
856794414
162101766
829563740
631685322
912135238
507634900
70725016
375415318
504754866
885392673
149319889
885392673
222699806
93898630
548056668
985671177
653128601
70490549
4826160
431442487
780068949
174178793
215365579
329313371
95673858
371150203
928419854
189354330
138087056
787638947
831512117
129720502
444232445
957693101
770348413
715688582
850056826
741558390
776230030
199785190
334267995
316372179
207908345
574927575
472750916
983780318
845577597
512762268
46499168
718865631
637653710
630217741
39975695
983770932
498943403
591113400
498943403
354740411
567680707
121413468
386265640
467714031
35381872
495458383
457230381
988302004
397991399
614380239
788975441
992780831
10
455428005
498943403
281255127
845706536
706060688
435706642
439752238
207986561
198025561
478420462
389927427
293912385
179066070
984867312
781945960
712765400
314274700
608423628
53891377
451927396
364670984
851625696
419283865
698436690
114617150
470251328
665383922
673161982
80894450
309914368
626701595
389927427
331095657
751939025
751109629
117643267
316372179
435058017
482866441
375415318
581257678
458432099
516383057
324367954
772214221
630174927
444805188
342330165
227465186
709762986
444805188
599954703
170864699
768731168
806442151
130931606
870320871
93975129
749018590
489334816
679855380
212577510
416976073
349234071
988984671
965528979
752219450
439752238
749018590
167026947
607196614
199785190
424614948
129720502
58302599
158743325
397991399
189874901
424407354
93718562
529824936
540791553
387120643
541824906
129720502
176717014
629541804
460027940
984763981
207396823
887887846
137158394
282625229
873735929
988302004
685081462
562986044
163410716
758295821
88510496
415385114
129720502
343053307
286176255
392534684
824309164
2046798
731803910
952874800
925250976
164616779
273320985
824309164
988265960
918055945
983780318
823046072
368520203
992407830
981870925
829563740
857187578
749018590
638593985
239487316
193275305
32111757
941912531
949730124
539880041
988265960
448224737
689075782
494874175
70828929
205791049
673161982
239487316
493854947
728091607
817374477
477462924
151329351
983780318
325221371
23482358
876220639
404462807
503444762
244343903
359935215
56916073
952041196
590327752
93898630
242026776
384951437
179597442
421117629
559446433
341482505
540791553
769929921
833777169
467714031
516341499
715364974
331129450
963962664
634247715
23482358
15420258
397131584
929788198
609919032
649329457
405572486
764523640
630174927
917428994
278976413
532834478
227547313
436715057
501460466
479810800
491454491
297721548
104485739
119725807
32111757
228795446
684395620
319098665
114617150
925877824
75841447
963962664
115195860
459756422
685788227
952995883
35947196
661815621
78646918
487814049
929115159
568368152
340980453
919965156
648816111
957973410
314409236
991435600
160249974
643175200
217830657
697030158
617583293
494874175
823171193
801479188
228271933
945309929
369865985
661598617
952041196
943820084
463936659
963962664
263774570
415296389
813882735
827874435
411110449
829317778
275507421
434573052
305172873
514811540
626701595
168210228
191298755
172901029
172901029
468179917
482866441
58020252
825593365
308676070
686406158
516383057
634624660
269522820
66605158
780068949
482866441
486167898
528992032
537364609
674828350
59529660
284976757
649329457
95673858
540791553
793902084
874343563
165803742
227255957
626701595
275507421
380373098
566484426
404103621
281255127
983780318
714306214
93427024
137158394
507634900
465586267
82594631
1
794432631
432157188
579868204
602121847
524632621
73281988
360369540
812402449
874845861
770935442
807973025
516383057
456966707
712522512
459756422
184406638
723446968
179840796
3529108
661021857
658516737
179597442
637653710
373635
225775132
558547564
32111757
384951437
477546440
397478440
63062707
478572976
130159798
540791553
130159798
516383057
103961583
339831123
423097384
297721548
487814049
796963223
618655119
273320985
353896353
832950663
493854947
557820851
389927427
13789337
524632621
152096800
824309164
626701595
58075118
573375284
348441744
412533633
151667782
760351349
630174927
195828062
780068949
422981119
345422821
389927427
192605588
777515175
758989397
12700069
129720502
560519730
329313371
324367954
163410716
96507421
47832027
621372446
903221914
208082498
884750607
436715057
185930935
96177646
457230381
314413453
921509697
314413453
361366263
244969858
968530689
820918449
820662368
655012042
280128240
815404562
787638947
444805188
940644413
290767032
386610364
482866441
986345000
467714031
602121847
965818683
248590766
309914368
1
881775823
988302004
43244826
874065466
491174427
290767032
964982728
596813636
514811540
868296475
698436690
761278757
945034721
207392646
669650240
102854257
803039224
552696574
27810873
792496652
721617140
704852441
884158612
322793576
802916844
386265640
394529004
536171419
172901029
649032276
92758893
369865985
819616408
412533633
658516737
165105338
723653189
280128240
472750916
444805188
345557386
163410716
995547968
227465186
497191169
156364014
240879853
629707969
91995400
258615239
704852441
711265915
373635
658516737
991400574
225799444
134462218
62581896
913408437
626142950
78646918
734237006
99027073
365150289
149297026
131893559
362603295
585759926
690319247
248004927
805726563
995547968
251297295
167026947
588057696
95673858
787638947
470598575
108563469
645600084
555911824
998414079
482636632
747363900
432480301
923700025
32384110
937300589
69044243
356484398
273320985
189874901
291848212
539831708
802676821
989722301
995547968
488102524
831512117
685161168
295657498
960665856
562501694
704852441
644461706
235058715
373635
495365349
945309929
277988342
114617150
968477661
965399881
636668334
249284806
706517156
10
564159467
372339610
912135238
169702994
548056668
364994962
721617140
167026947
1
865494791
520623066
150725416
130177123
185501014
503444762
523447191
393658570
783054903
740630647
717825546
294780030
607196614
275205258
630294791
397991399
675703137
249479266
469269348
137158394
658539125
986345000
362399368
545525098
159319869
896749958
818265792
379135191
743928632
345422821
137158394
110468114
67633894
347090776
174875262
975257466
890276422
837377113
673161982
372339610
540791553
964982728
249479266
8124170
93573347
131632120
443516067
854887779
806442151
129151366
977485422
959552290
673769215
272070873
749018590
305174163
239487316
439401304
840517467
448224737
397129535
203317850
137067068
24790066
172901029
113370599
886881504
790269431
415385114
129720502
342544467
673257358
482636632
185765310
298620610
159853745
408416177
747363900
634821703
651312625
912208782
749727257
150
1037290
516383057
655015866
46598156
165105338
951928233
843974522
451755516
251173733
843974522
362603295
919965156
554016753
787638947
81174931
264672427
93232780
239487316
179597442
326901762
119924951
280128240
121413468
305174163
29095749
1037290
721617140
407677152
163168924
686406158
570523627
614633990
595306288
938023993
167026947
99416605
458432099
393395436
467714031
381138471
167026947
153164623
845326517
249479266
966511270
457230381
430053287
843974522
227255957
427312156
740630647
464984732
669989313
71149525
107816356
283479218
71307585
663349178
849859696
265071820
137158394
489334816
849919493
553890648
93232780
354242636
265677239
401342145
411799263
346205603
724251733
936427419
375415318
159853745
149544260
404462807
498805845
198025561
988302004
456242675
401758767
683538680
699029424
694039163
725089662
933866206
234041000
472750916
83369932
297721548
163410716
637653710
194194404
2176147
486167898
482636632
817642122
690799871
92758893
508701919
77998349
806442151
32111757
683538680
195828062
167306413
248590766
772214221
100441623
362603295
524492462
889629488
771845074
919965156
95673858
873735929
749018590
705234926
429273870
736355769
349603248
113004176
241537227
295623965
207908345
338911730
364670984
901453469
226176354
634247715
717552752
369865985
634247715
945052870
632587831
130159798
27255151
507634900
583498369
103961583
4578874
637242233
898721940
15153369
430053725
132920998
498805845
372339610
643852750
294780030
109227667
842176960
621372446
747363900
309755122
992407830
486167898
487814049
992407830
489334816
239487316
984101655
108144057
360443710
389927427
602121847
751109629
684487610
208917888
341482505
780443437
482866441
83761743
986724707
295682742
615461946
32111757
122150018
769929921
886268862
38759664
514245021
604463428
747363900
700167415
227255957
769750123
124887470
716100284
269522820
27810873
898721940
55617979
475685219
865941844
598374889
415385114
226147776
802676821
614782330
818265792
466386097
704936703
2836125
820777211
806613712
89988345
227382860
92363518
129720502
479810800
986345000
695713541
146736058
312084886
147812728
448224737
769929921
614363774
81308674
503444762
776648067
227547313
159853745
443607341
265806041
354740411
84889724
208917888
301259696
360449115
714797570
186587623
103961583
342330165
886036245
550210938
802676821
999661367
957933025
349603248
640139279
34220901
809202947
940438611
124226119
705574516
488393340
345422821
607196614
93718562
92363518
847344052
224845137
988265960
324367954
16953149
545525098
362603295
712075511
691959252
384951437
682045305
868296475
911177173
258417103
984413374
227382860
281255127
899162623
82156964
46429809
658516737
670295128
966664361
831359389
826108064
378539716
179597442
551153254
557337497
964982728
571649102
495988908
494559482
445068314
107816356
384951437
679855380
93232780
291468430
751109629
688976919
873459618
376003812
599288120
519133270
314413453
10
903771315
184151516
630174927
545525098
524632621
495780310
487328720
291848212
948596326
787638947
225799444
462831377
729885693
249479266
843974522
865463992
113370599
651538556
672822169
524632621
561169700
451927396
802916844
885392673
275127100
716574648
291848212
772010227
486167898
612289081
350391606
86507626
87084791
95418363
857383589
714797570
658516737
45551683
912863145
994243272
929788198
728091607
885366427
448224737
907190185
4826160
151667782
714797570
146805760
179906993
253035535
405350228
540791553
442645074
126041186
479810800
324367954
449242412
806442151
134291824
130644289
270411065
165105338
924563042
290530877
297206846
1037290
573375284
357054416
439752238
398638826
746937336
893895191
261707393
972714211
940231198
658516737
843974522
251297295
788975441
454477150
936885419
827874435
714797570
964982728
986345000
95673858
929062104
595564471
717552752
837131035
961316666
711265915
249479266
689570134
349120238
354740411
942464270
261720627
864593450
937531273
599770742
780068949
432472996
952306520
372580252
3761461
623449812
887247763
269522820
824309164
159853745
349603248
60426685
3384
96507421
273320985
130159798
570786790
557820851
878286598
3384
689075782
762329178
626701595
137158394
34850360
634720807
365777724
88909280
515872314
696066695
955791829
912135238
964982728
463632471
718799133
361271939
467714031
689849097
100441623
390231477
314409236
125726392
514811540
70843747
928419854
686936108
321081151
649032276
132575619
721617140
662024912
992780831
771903464
727375169
807973025
314413453
195828062
224026556
590338405
963962664
952041196
716100284
581987254
882792276
945309929
155114584
82229777
364670984
249420944
634247715
444805188
884097364
10
779370659
193992127
514488957
255993535
454439353
548056668
449686911
700167415
907081824
372339610
379190351
913206592
762636666
823795280
716100284
843974522
32287383
996309742
573061003
242026776
811679127
899212742
836092602
619907361
649032276
992780831
469419779
424614948
486959650
365312397
679855380
282941229
705234926
764523640
952041196
125419082
761805344
972677733
373635
907789613
142182945
275205258
507291681
69349174
563023296
933891365
126023100
684658356
977485422
719759200
843747592
153999952
405572486
507461275
811213431
928419854
470598575
547620916
921924375
487904159
501646200
992407830
981870925
270710518
609401690
547015809
786167495
240302102
404462807
717552752
66605158
444805188
554031252
548056668
980341514
987933264
273320985
209706207
840517467
627045672
131225688
314274700
813820662
448224737
977817157
424614948
991435600
35361971
673775239
670800413
828565885
242191787
505115444
587220085
37433114
386265640
889501312
349603248
661819353
363501250
162101766
481688473
366278106
404908075
827874435
686406158
673161982
507543645
130159798
759873584
563700720
82229777
543057132
563472677
451927396
618359224
972682433
865494791
756893798
738200694
53356635
840517467
639659469
185501014
3389392
683009756
56134028
400967351
768548780
716100284
67633894
501936506
548056668
439752238
114617150
67118061
789234684
364670984
679855380
237990613
507634900
208216177
953021889
236419356
504079263
638587561
992780831
596813636
548444787
318570803
802053810
225799444
745035173
249784324
227382860
916230104
649329457
210136649
242026776
773118870
93232780
16977106
624210915
470598575
229962849
188365515
540791553
821524515
184527797
121413468
689075782
953365199
462480493
397129535
839362645
193992127
208917888
892257124
802676821
294780030
865494791
553453256
639097811
493343049
364670984
207368241
356730973
704852441
96177646
495780310
494442492
607196614
227255957
224519880
548056668
840517467
596813636
614382689
623404320
524632621
992780831
704936703
444232445
114617150
714797570
379135191
268778038
412329042
468121183
211960357
137158394
913119496
968317775
672340633
114727669
32373650
159853745
751109629
249479266
226151429
568368152
575022090
291621389
344406638
312084886
79634812
92758893
310420152
304697117
947646901
500673938
517422136
816439100
443316884
301593533
163410716
682156106
988265960
936337001
371230336
231161991
483841439
1
46733714
223071045
818292617
487814049
119560422
162566874
663349178
34850360
787957009
486167898
367422826
953518155
711265915
174875262
227465186
206613400
713593625
743928632
794579487
686406158
349603248
70490549
988265960
884750607
343687394
379135191
919965156
275507421
159297018
228835037
514245021
986924359
39218592
470598575
683055293
335362996
919965156
85524149
643392178
470569138
537452081
448224737
4578874
379135191
182821613
527030158
470598575
634247715
345422821
379135191
347090776
988082318
540791553
700167415
764523640
412533633
69349174
843974522
156285460
179597442
802676821
278976413
118196334
448704359
327602028
486966802
838046487
953155649
747363900
660738795
505960566
68013741
156285460
524632621
548056668
672340633
311112964
315009071
365777724
940361714
861834872
556007948
272545815
174875262
679855380
239509937
548056668
681055102
405572486
767779579
918055945
630174927
518524619
331259250
795285863
929788198
125903872
3384
361030514
46598156
752147130
548056668
495780310
396642797
874608244
93898630
298026537
249420944
711688786
275507421
768709983
356886383
125022659
859602759
704799687
886091985
873735929
314413453
714797570
178339009
234358369
764051637
398726262
258652629
414557284
376840660
963596247
858836981
683538680
137399629
827874435
278976413
298620610
17859133
988954179
787638947
362603295
845561929
797071315
508105119
107816356
124887470
531958228
983780318
448224737
704852441
516383057
585240519
520963364
4578874
227382860
450913648
471795815
51247100
918055945
906722033
824309164
570975920
415385114
844481107
598374889
170864699
614633990
907985779
170523823
716574648
963962664
991400574
148840556
586251043
245025054
953304892
179597442
369865985
479810800
777133385
555632830
477546440
545525098
14103473
851078176
629132944
524632621
968441733
462480493
731803814
69349174
200016492
747363900
297721548
208917888
302850577
76716128
711265915
198025561
477546440
827874435
270710518
820777211
290767032
778557779
978765067
738200694
881775823
443797046
373635
607196614
490693063
532401154
668263459
516383057
204434900
835851069
124887470
951020226
822933042
227465186
929317251
940519543
716574648
912135238
122228967
602121847
275961989
854081681
705234926
269141825
493732586
340980453
820777211
802676821
802078411
558355799
801285022
479810800
683538680
463535049
516383057
928419854
493854947
775593949
96177646
679855380
938365170
764523640
248004927
915076099
316385896
278976413
843974522
714797570
608423628
657316629
137158394
900209898
165803742
700167415
4578874
863828779
478420462
46598156
818265792
527194263
822399417
968849800
223490681
247087782
330936553
615288678
577578433
454933126
324367954
182191456
888488257
56164530
411663300
32384110
32373650
324367954
107816356
505115444
437707291
446744576
19657289
162101766
167713805
280128240
46598156
335362996
829563740
1
751109629
330936553
156101237
341482505
979992373
524632621
806442151
708207674
95673858
503444762
819765152
894299424
365777724
92758893
379135191
649329457
718099843
92758893
227382860
32111757
345422821
864022738
503337797
107816356
976984092
347090776
155114584
905224905
362399368
189874901
443215905
171200251
505115444
602121847
421322469
185871489
4826160
718502887
631977705
839549898
554394204
464829184
964982728
1
751109629
254620446
598332193
201321664
15694013
548444787
934450535
983780318
251297295
976446969
159853745
761783719
312084886
530943352
766271178
167026947
95673858
710143836
397129535
46598156
787467039
825035563
150
108563469
109320
991400574
593135922
746937336
494874175
676570681
151667782
489334816
715701729
642086275
203320474
69349174
198652928
340980453
773345258
152824643
86009125
720171856
545525098
93718562
646673709
973472254
714797570
46598156
153449554
861974805
312084886
398089477
740630647
301466990
752455361
878917452
992407830
522436336
658516737
479810800
700167415
557337497
698729118
107816356
124887470
972969002
159853745
457230381
961425634
360880054
187141236
7876869
843974522
450459421
573375284
983780318
1099062
873735929
524632621
431977975
275507421
510620694
104948777
514802540
185501014
172500765
884642407
335387280
360969843
768731168
999208919
459756422
933891365
433242297
103961583
227465186
872319621
776694518
25322078
704852441
809023947
716100284
952041196
827874435
254883157
239487316
32287383
510605478
849859696
189874901
99743632
339209469
705234926
701083989
93898630
649956613
96507421
29398680
608423628
362603295
493854947
297721548
197626365
918055945
193275305
598853872
398092206
347090776
67633894
386265640
626701595
802916844
486167898
249479266
565367688
647425715
756786405
405572486
347090776
487814049
297721548
795553764
369865985
179853243
1
239487316
594724086
364615835
864517723
294274038
614226884
487814049
117187754
145802554
269522820
152450128
992407830
747195552
658516737
70490549
165803742
231116128
498805845
319969593
829563740
34220901
717552752
954261495
78299865
716100284
129720502
626997799
61419016
672340633
424614948
540791553
58020252
464823358
882422441
103961583
247994929
335362996
291375879
137067068
275507421
421464590
354740411
494874175
770935442
57086126
967852445
835367120
208917888
717552752
489139832
130159798
753068962
245041247
482020824
993246911
959700155
548056668
83761743
193992127
656589656
4826160
341482505
271591252
175010740
648816111
721617140
995547968
728091607
270710518
999367327
174875262
467714031
735392734
769929921
143748901
980877287
16977106
971867175
604843254
884158612
557820851
493854947
704852441
84469612
746937336
213558084
119327279
698257624
840508378
714797570
539831708
489334816
227547313
873570458
644499439
589008015
174875262
27634800
479099794
114617150
402737690
155114584
121000055
311921402
161268355
388061120
769929921
558391026
243510764
487814049
517072400
4826160
565065689
912135238
980877287
200016492
42995894
248214273
121413468
399849583
189428174
416653596
874836387
912208782
803188189
802937651
916758657
92948930
571208848
929240547
77442834
454217271
704852441
624069021
557162062
848407266
272288914
524182339
92758893
867677207
280128240
802916844
908385978
144577080
686406158
913408437
236343569
198025561
746937336
704852441
634247715
390074288
387120643
3998093
800342001
672230902
305880214
462529631
917710098
623647556
795682423
789083835
391540471
269522820
932099130
165938317
369865985
23482358
986345000
671960907
354291745
641437551
983900691
296112290
838834542
407452234
405572486
184151516
405909504
980877287
615514181
18054782
387120643
27810873
773118870
200016492
691363645
516383057
912208782
992407830
269522820
156285460
362603295
138602739
794289386
612630298
642920215
404462807
362603295
253747088
164976499
498805845
560658344
843974522
389927427
257561768
835413207
381239527
802676821
33996920
716100284
679855380
403274344
481256801
470313610
992407830
514245021
3384
312499983
314409236
780068949
275205258
723639890
535001194
439430362
992780831
764523640
528571408
813397579
349120238
583445203
541757635
516355373
486167898
290767032
509390919
32287383
121413468
324367954
71243309
630174927
275507421
439752238
865494791
913408437
154221862
304338411
11058274
172901029
876345087
912208782
358381895
975328237
962315145
581264389
503444762
184151516
224666830
329313371
656859317
648816111
641512746
323429568
578948923
178339009
467714031
349603248
378787069
548056668
602121847
280128240
533318829
312499983
248590766
70819815
566262897
101766859
198025561
349603248
69349174
862050854
147585554
129151366
711265915
200866843
828034404
16977106
969148591
163410716
704827836
516383057
256603266
179597442
249420944
296992837
816197475
793450212
109320
313796657
829675729
178339009
903221914
820777211
683538680
150
347090776
208102479
264695482
568368152
404462807
199260963
673161982
407436082
598374889
513513139
161770854
333131872
314413453
32384110
131864629
925446043
416976073
470598575
100441623
804508759
595268875
39218592
85037678
828034194
873735929
83761743
316638610
342330165
820777211
218878525
787638947
335362996
316203913
648816111
527030158
249479266
3432411
251297295
130159798
82229777
827874435
873735929
13242419
726431036
472750916
934644691
963962664
68629832
4578874
345031365
379135191
918055945
467714031
341482505
273320985
699796708
188130394
342330165
935867081
812274017
524632621
248854172
124887470
673161982
398089477
366178566
788975441
711265915
58026121
56358777
331970121
121413468
172901029
722621009
479810800
819615066
520489582
227255957
278976413
724702651
704936703
199785190
439752238
14586259
448224737
948820246
481493671
948082621
418422194
4826160
364785334
168210228
275127100
514692219
32111757
33760731
316372179
988302004
305174163
156285460
137067068
518679140
162101766
465651974
992780831
107816356
619370075
498805845
704936703
162101766
502156907
764523640
493844164
473186684
746937336
785314114
820777211
590668359
319193772
46598156
919965156
388086853
799682069
107816356
275205258
18659883
269954036
502001700
791340836
594532077
562027239
807500551
10
262588347
781349784
159853745
84179913
316372179
478420462
933866206
103961583
636539035
335362996
284932418
184151516
498943403
933199100
710096354
968110713
251297295
928460646
503337797
464604729
199785190
165803742
885392673
119161702
411587535
810483176
34850360
4932572
999471666
470598575
933891365
269936698
674623503
431313151
362603295
328162130
291848212
117643267
964686260
1
707926785
581264389
372339610
308816847
850372265
943633983
461654816
915305435
494874175
103961583
932801906
80151259
225799444
354928727
227255957
740630647
470251328
372339610
767204871
315742362
227465186
945309929
211968286
227255957
41789366
335458398
593188944
562986044
457230381
482636632
316372179
680441459
379135191
527030158
743928632
458498303
194196620
981794889
531329640
227547313
863292529
14831421
680896049
178339009
984566351
940644413
951208111
182391808
195828062
133476947
361165417
818756342
879850085
562986044
945042164
227465186
478639810
312499983
251297295
138517154
608423628
165105338
451927396
550379997
778557779
505115444
472750916
614380239
402750097
273320985
758574446
172901029
687524781
135127459
992780831
100441623
983780318
362603295
992780831
794289386
798132054
487814049
84231039
740596008
495780310
248590766
949010636
184151516
107816356
314413453
551657605
751109629
405572486
234642299
795193937
4826160
103299995
207908345
93725100
764523640
901803089
673161982
388061120
580437416
966168006
4826160
652669007
162101766
163470547
984586318
819335893
547471287
32384110
581264389
197956310
345422821
952041196
940020691
154112675
341482505
635885030
655836797
58020252
304303782
316372179
242026776
490302743
871706031
766583917
932430471
728091607
630041438
843410497
53356703
898721940
291129203
114617150
510106296
118198408
673753754
227547313
717517685
372975354
107816356
694596982
93232780
602121847
129151366
925198901
163410716
130159798
883136041
342201984
184151516
742708913
912208782
311659182
388061120
745810009
23482358
716100284
177601560
884755340
253679867
694364397
973713442
562986044
928419854
992780831
545525098
630174927
498805845
717034361
843974522
664144696
531888313
498943403
780068949
395629983
298620610
420702034
187491268
580677500
918055945
697306545
159853745
700177899
39104147
679855380
199785190
614633990
131225688
233834197
347090776
498943403
236505921
657066733
807973025
514245021
401062440
148516861
913408437
248246955
491360199
550263873
740470540
451927396
971446399
369865985
607196614
92758893
275950992
496343189
614380239
704425261
991400574
773485779
277694060
451927396
448224737
416976073
444856326
803039224
694354158
627560166
659218514
988265960
845250246
11800036
619728113
745810009
401062440
70214818
96507421
932937295
248004927
570345784
614633990
718898148
725245068
539463151
156285460
787638947
695076192
32384110
34850360
728890441
129720502
436715057
743928632
375415318
740099189
348089501
988265960
99192476
548444787
918055945
803971910
342618739
315903815
949627880
648816111
988302004
802676821
942308433
487084355
297856654
386265640
298620610
358341073
227815816
183850539
597177401
967102009
988302004
371773766
867166963
668148700
865494791
183139231
175705305
383256156
687606809
995823545
734539269
704079768
168210228
661815621
980877287
988265960
470251328
516383057
372352907
582687222
269522820
294502030
297721548
711923719
621372446
106451442
740630647
124887470
474942654
64764383
728091607
963858499
773118870
972527538
498943403
176460336
925588826
200016492
780068949
477546440
726185148
100441623
923911264
738200694
58020252
365777724
437914736
919174818
906374904
202485387
764523640
80311659
23482358
22504392
498805845
103248938
156285460
918455197
178339009
482020824
524632621
47820353
304697117
683538680
3384
339590435
405919594
332874612
3384
991435600
422755862
340980453
181847325
405472212
605272552
93898630
884750607
37499004
195110234
28363941
185930935
9859771
262970188
600380851
498794816
92363518
829346190
16722556
430155618
207908345
193992127
312084886
403945364
204434900
700167415
249479266
865494791
176962255
177776405
167026947
285378978
587382395
862636349
316372179
369865985
393090510
108563469
483772328
827425006
690319247
62993338
876382499
791599374
357124529
928419854
748183901
28869446
294780030
856252048
988265960
557822127
240879853
577637653
867677207
314756428
357319237
756855724
977899049
3998093
903221914
404462807
991435600
148516861
82229777
493854947
724825371
109320
637653710
82229777
241220813
608423628
568059063
376516225
189874901
690479104
207908345
717552752
542912953
69349174
868296475
95673858
296523607
494874175
439752238
280128240
991435600
439807624
840517467
843974522
52725626
705234926
70490549
169695425
4826160
290767032
67086855
479810800
590786715
505115444
963962664
881310272
447659323
786456078
96507421
34220901
129720502
4578874
689075782
802916844
983780318
296044343
27810873
614109928
880404205
705234926
134526426
717552752
862636349
491208521
314409236
15064364
675119538
275669386
486167898
563074735
963962664
474805198
317578276
362603295
494903998
543759955
916299152
899162623
814787869
193275305
482636632
306017795
991435600
721617140
885392673
250264015
827874435
863321718
488994124
25322078
170346464
924555997
199785190
208836319
764569296
654167456
573375284
514010198
167026947
162101766
413960064
261680582
458432099
270024612
58020252
309914368
604009266
67633894
326901762
80256603
486167898
821561258
405430358
422155927
861913873
434230893
730069900
446728435
459756422
871763473
316372179
137067068
716100284
620793732
441330984
92758893
314409236
637653710
39648155
204434900
291540535
655015866
494874175
403311433
608423628
773485779
527030158
722397329
200016492
688234747
660964284
815747415
843974522
903221914
82229777
281255127
275697988
32373650
170864699
373635
148516861
648399726
562986044
903221914
163410716
201602485
919965156
387570294
623507122
548056668
683538680
342330165
983780318
661815621
83761743
704827836
547246550
964418551
482020824
654693590
980037375
869257260
527030158
913408437
298620610
345422821
802916844
66430650
312499983
1790406
110468114
777161433
576766211
251274196
225799444
73533712
93898630
712641375
493854947
362399368
787638947
678826350
706397668
20477542
950788407
415385114
96507421
312499983
56345983
602121847
654167456
861651540
719017160
460297175
945309929
764523640
557337497
933866206
988265960
952153286
782696918
82229777
853133671
168424784
93718562
168210228
240879853
795285863
480294434
541702397
971945698
181847325
649329457
157306416
802916844
651473361
199338985
721617140
360148623
849859696
740630647
755021706
298516153
96641524
963962664
66430650
865544553
769030847
316372179
10
548056668
227465186
294171038
203178068
776617810
51066627
640314245
670656471
91871296
368435462
984013372
200016492
27810873
973177572
812677328
885392673
985570763
613541508
345422821
484731951
503444762
199530674
704852441
794289386
198025561
459756422
884158612
487814049
539294532
455816974
992780831
500787706
579072794
587836069
403689810
398089477
933891365
218606753
335362996
913408437
448224737
771302348
944458162
454933126
477546440
70801319
275205258
899130247
899377211
392774865
96177646
149074131
673161982
209759801
242336654
661068893
633398751
364670984
349120238
295633844
314274700
316372179
239501245
218476791
470251328
905629259
414171697
89064061
188705127
890947967
478910914
655015866
369865985
780542773
291848212
248218820
822595707
737573454
299783536
236832360
926798001
865494791
580863785
740630647
341850769
981547482
214304495
349603248
912135238
96507421
129151366
249479266
639592767
988302004
769929921
894934451
969098771
251297295
960443623
278657402
462717901
450724901
415385114
545129707
793541926
314409236
109320
842266017
390335610
103951201
567492343
974942011
841503020
342330165
163216778
579715245
801463684
482020824
130159798
851089339
564814598
189874901
434275396
803039224
716315703
137158394
572368460
581264389
516803220
751885764
553375407
820777211
10
870415321
929284025
533399290
963962664
721617140
939711
182953881
155114584
616974820
198025561
705676587
131055937
865270050
802676821
787638947
780068949
940164652
780068949
849859696
830054059
900172934
890931462
389927427
717552752
988302004
839696115
630422988
312084886
226779138
93232780
533716617
186435381
130001700
432871949
121413468
372339610
568368152
965243946
600575230
745810009
117244565
265988724
280128240
475634304
770935442
726185148
468187067
82229777
717423498
156285460
294780030
108932744
803039224
503337797
951757787
666388916
482636632
947680259
349603248
539831708
326180334
683538680
654167456
367243722
492769541
486167898
229041240
677435765
238702115
988265960
947079857
949920434
294780030
52029152
657977711
802674134
96507421
269705665
383124001
843974522
22797617
341482505
108460587
149544260
154221862
973931231
422698152
981870925
479810800
409200664
19544206
301467781
780068949
4194105
205241673
555863970
988265960
862636349
108563469
149544260
930059061
658123716
338911730
429289245
808661033
520400833
297721548
76430591
121947073
518112064
314413453
1589437
919965156
682947604
201918163
790187389
862636349
717027914
593326188
746937336
873735929
388061120
51311056
713620440
983780318
107816356
450349967
161059281
512476682
368473191
341482505
139953953
905695315
193992127
249420944
451711409
115159860
780068949
342330165
685276623
977485422
487814049
864192353
705234926
495780310
378345112
867677207
969193163
167026947
854258446
138096417
518304949
359738038
174875262
451927396
329313371
291848212
759635252
981870925
245340199
41239238
10
527030158
493854947
454940779
287560650
208917888
468246810
9702642
137067068
249420944
165803742
61063359
373635
705234926
487814049
165803742
871816308
612430829
726185148
790080848
568368152
965243946
596813636
156285460
755036816
495780310
553493674
746937336
163410716
747363900
669989313
234137258
992780831
68139268
32384110
3761461
607196614
472750916
577985423
147195100
156044708
770935442
338276215
573375284
96177646
655015866
378598682
462480493
174875262
11489378
993246911
271776770
749018590
34850360
256902906
663417668
655015866
369542017
532137218
602121847
34220901
38552689
898721940
800990439
316372179
294780030
922446773
326901762
193275305
866321909
54786839
507236163
895955054
806442151
912208782
758753503
482020824
23162056
100441623
151667782
270710518
673500108
444744266
305174163
397129535
715815754
167929627
507236163
913408437
168210228
714797570
244813530
658516737
386265640
788064857
555573743
477239102
309914368
698772850
324801513
242026776
769929921
300123082
607196614
479810800
49127579
87430797
318350559
871317359
772214221
51479828
436715057
427606309
824309164
986345000
482636632
70783163
773118870
249067259
314413453
3384
1037290
806125893
129720502
840517467
843839280
616421182
135267032
669989313
309914368
92363518
992407830
179597442
786493286
93232780
581264389
215513336
330341515
827874435
248565228
324367954
806442151
523928474
836624527
30889175
477546440
821987704
839581205
548056668
952041196
179597442
610902546
764856545
108747300
96177646
165803742
152429488
278976413
95556376
700160471
873735929
362603295
254543417
621372446
829829
950217565
795285863
403695525
123457751
562078434
534440234
555573743
269522820
349603248
708424453
336487535
569245089
402737690
806442151
930979355
687814699
397385930
417397527
198922640
141305933
6522099
447184095
885392673
621372446
503444762
198668088
716100284
764523640
666335335
124210466
164039472
329313371
453621609
95673858
608423628
110468114
218682272
384951437
994291097
239604478
511490451
933866206
756023594
912208782
554191422
10425109
721913129
679855380
182336433
375415318
317599192
852146343
692064985
773485779
398089477
90778202
7737677
918055945
289824148
536430397
362260409
608423628
988265960
662565048
312499983
67633894
150793398
190735621
329486473
207908345
935175612
873735929
120168602
316372179
125335561
179597442
86774946
10
294799955
995547968
404462807
993246911
172375860
130159798
44256848
609981358
918055945
700167415
897163245
838833821
225079347
417555848
227382860
91120435
494603490
653440122
620210909
673161982
415385114
519480297
569945080
453422033
881484618
503444762
486167898
15965669
217314940
369865985
867677207
94129413
707847622
77767846
338911730
144577080
963962664
495780310
597502033
603773202
32373650
727666069
60105965
371649428
770935442
393658570
728091607
144577080
58020252
669989313
826881202
436546837
275507421
443923294
779875943
174875262
714332174
369865985
690319247
78646918
278719988
262782333
58145808
148516861
663349178
356841089
375188926
539831708
225799444
717511215
439868990
838547951
959595993
53828516
767727859
999661367
795285863
33303654
150951182
156285460
624968153
768892966
873419837
639077398
67086855
347090776
971986329
98329387
154221862
376756933
436715057
191305538
988265960
156285460
297617999
124887470
938376726
255125407
728091607
664108400
488102524
952041196
720180239
686345881
144577080
22391775
556007948
573375284
427328983
362399368
455420258
746937336
326901762
864880066
992407830
764523640
170047448
171128111
772359292
197563011
54288146
832054745
193275305
198025561
596813636
304697117
843334477
193275305
314274700
849859696
208917888
302963410
5743097
972446753
165803742
267464253
630174927
272184768
434522006
207908345
338911730
608423628
557820851
474123094
342330165
981870925
154221862
2854956
326901762
782657958
842176960
431140861
854346094
865494791
500369707
602121847
278976413
752224861
189874901
271577317
525932115
436715057
912135238
444805188
806442151
92758893
491156838
131225688
280128240
657658390
208917888
929489628
807973025
714797570
3384
248004927
400415029
314413453
415385114
296415566
97485496
44832240
507634900
316372179
533372864
714878200
486167898
745810009
240879853
372043925
340671671
117904790
956096209
990603515
992780831
189445107
312084886
309914368
919965156
424614948
415385114
349603248
588063656
418475696
460241975
365777724
895710122
711265915
372339610
385534336
482636632
645865252
568368152
428207287
70843747
991209154
93898630
275507421
117643267
32287383
294780030
482866441
516383057
539900883
266769800
805060745
280128240
849859696
628028349
185501014
556007948
298620610
384042377
595275594
444586002
905701442
275127100
693681466
467714031
95673858
683538680
290767032
450931163
516383057
73572140
305174163
385965244
829563740
367795358
980877287
673657488
184151516
32373650
372823760
114617150
151667782
412533633
240879853
445953802
202710680
681117440
228979614
654167456
823046072
32373650
314274700
526180441
195828062
669989313
769929921
732882799
995547968
671210410
379992667
291848212
182423634
263219518
548056668
155114584
460207196
986345000
988265960
728091607
314413453
622782203
174875262
489334816
335362996
389927427
701071257
658516737
198489339
642075009
649032276
155425062
940032350
977700893
929136525
754443381
195828062
743928632
495999139
296316003
967081684
70843747
599694836
312084886
69349174
211960357
862636349
239202548
4826160
178339009
960296608
516383057
649329457
827874435
201715170
224519880
503231255
340243226
96177646
898721940
125575379
163410716
148516861
266640031
655355340
648556615
642932285
900649909
186587623
378505142
661815621
398089477
68576910
436715057
569925370
654167456
209353478
379135191
598374889
25322078
528883381
314413453
61081676
176003907
397991399
637653710
764523640
384951437
787638947
227465186
496057598
117643267
389927427
281255127
67633894
227255957
479810800
119492680
978783576
663349178
526907062
92758893
794289386
159853745
823279310
656060518
424482071
467714031
658516737
82025860
591541864
87703954
454850450
602096180
983780318
654167456
344447823
807973025
556877504
78646918
681091203
75305846
324946844
184151516
405298738
503337797
803039224
913408437
456948529
747481418
429554126
853066276
388445024
4578874
683538680
29263077
879717448
758788830
873617061
454682579
53341540
103825965
476068572
714797570
614380239
700167415
539831708
527030158
771966801
545169875
174875262
557820851
539860499
111645287
389927427
634247715
504328936
607196614
573375284
980986124
1
103961583
780068949
32287383
174875262
500688604
121413468
92363518
820777211
834429163
439752238
345422821
715375915
451927396
516383057
1037290
70429013
193992127
607631112
649032276
314532155
962475421
732777207
514245021
58020252
550002620
207908345
717552752
587617396
34220901
336773810
304697117
871627156
163410716
349603248
324724752
272355917
641913937
381581600
124887470
371313692
444805188
683538680
10209453
227465186
964982728
150
309519249
208917888
534664709
281255127
83395442
543655097
168210228
444232445
184151516
48006691
940644413
199260963
117643267
27854252
397129535
193275305
397129535
69349174
227465186
53145930
216078131
257055694
778557779
520134713
154221862
213127068
607196614
248004927
384951437
307452152
780068949
999693872
652968356
208917888
683538680
240879853
493854947
700167415
992407830
843974522
639164340
397195168
189874901
919209031
720619930
999661367
251297295
398089477
913408437
96507421
885392673
674551125
103961583
208917888
463535049
199260963
185501014
354740411
181847325
471787705
453034155
840253803
72914072
140871064
372339610
65749835
933891365
884750607
993246911
40954273
556007948
211961078
884158612
781664151
170968960
514811540
689742896
218875513
16131402
132946953
768905207
649329457
273320985
700167415
548056668
648267636
32287383
248590766
963962664
249479266
83761743
298620610
862636349
803039224
843974522
318294545
872013985
434911821
711519095
415385114
68647176
746937336
550431538
322298276
887061389
109320
281255127
379135191
69906639
593972511
806442151
32111757
312499983
988032329
428183417
679855380
90139289
451927396
614633990
354740411
310694775
940644413
275507421
869885412
527030158
531660025
575670541
545525098
843410497
249420944
92363518
516383057
294780030
373635
38494251
345422821
457230381
426620210
93718562
388061120
93898630
239487316
673161982
944984653
438457040
372339610
585240519
773976904
312499983
717552752
663349178
724346284
865494791
174875262
755147836
316372179
342330165
780068949
679855380
301534714
249479266
990623529
576604991
428082731
809172318
824309164
309914368
634247715
705234926
832105350
424614948
404194992
568154290
172901029
397991399
981136763
249479266
345920612
603359559
465223632
415385114
312084886
70490549
689075782
444805188
591739759
872292669
117586967
710040167
986345000
240230981
928419854
927073383
687941121
631423445
778557779
265728929
863926656
272605821
156338500
46598156
39223984
849859696
172500606
573375284
463535049
411186646
349603248
64890037
991435600
214203327
93232780
386265640
397129535
908344947
148516861
779370659
913408437
36484891
639766172
394291455
780068949
580913954
226192271
343923231
369865985
412915827
489334816
428306782
991400574
167026947
689514947
825399254
743928632
474055720
677367977
764523640
482020824
251297295
607196614
82230609
794687954
964982728
912208782
936088422
251297295
486167898
144577080
83761743
10
251297295
168210228
769929921
883759474
386265640
540791553
727681834
137817382
193275305
176940452
501119393
743928632
353444909
626701595
249420944
427711146
445675535
199785190
166379493
564536205
161530727
749018590
969206867
597868752
207462317
991435600
602240035
747363900
673161982
180886735
362399368
193992127
493854947
415385114
159853745
4315757
166580990
341482505
945309929
444232445
183139135
199785190
779370659
194324664
349120238
80015714
821153341
406491774
702173672
249420944
270710518
843410497
159306803
570065258
439752238
398089477
556007948
69349174
124741969
75174076
965243946
725187207
777429583
275127100
718858321
375415318
498805845
611764677
545727944
819674438
303361801
457230381
823046072
303655919
578383404
168210228
716100284
958033121
680441459
389831432
946631789
267828204
379135191
70843747
471852577
347449520
399858861
324367954
482020824
885392673
225387193
965847960
167026947
275507421
598588963
184851656
881775823
59620139
412533633
785976249
406403641
620677160
700167415
865494791
787638947
686406158
897197056
524632621
349603248
170113158
573375284
159853745
27810873
796856005
275205258
568821800
551838475
260112132
261917122
728763753
507634900
649497564
508410462
551126485
957867807
185930935
788975441
550867259
507634900
912208782
415385114
991501431
364670984
390945310
24872625
170864699
928810045
763073100
364248887
744837529
354740411
689075782
749018590
207908345
498805845
155114584
660660660
329632960
275205258
168210228
402737690
828647791
345422821
933891365
25683198
466332145
854289653
268283470
967102009
131225688
704827836
211960357
740630647
568368152
539831708
46820004
679855380
969339502
983780318
802718409
25650153
96507421
270710518
101521853
112727914
207908345
436715057
872179861
174875262
202071089
290767032
614382689
637653710
145206626
611004237
988302004
700167415
514811540
933891365
751885764
764523640
873735929
570369264
980231144
68899906
922992644
714797570
444990558
573083920
305813719
515504515
394602508
920809284
432061906
69349174
275205258
404462807
58020252
215552306
733738591
920757973
345422821
550992525
808957605
124887470
881775823
661815621
717102357
887263111
820777211
251297295
224760214
980877287
824398055
898039089
195828062
43247042
482074922
367978144
217880834
606030949
170864699
650604164
150
262218005
918659510
451927396
249479266
912208782
823412387
362399368
338911730
397991399
779220397
683538680
587971065
769929921
544239190
373384692
207908345
535203308
372339610
249479266
60143963
857296342
430837859
30318824
176717014
96507421
369865985
977566172
443607341
546057142
673161982
113370599
957832341
705234926
672173208
4826160
649366406
482091008
589697137
890352056
294780030
488062510
459756422
535911294
411586691
138443228
408742693
887922860
423534654
234218287
168210228
933866206
68557740
194451522
477546440
458432099
168210228
131052445
633261396
34850360
612899933
662732271
511954416
848360305
945309929
290767032
362603295
640407288
357313408
992407830
516383057
784731558
448945597
736922887
312628538
683538680
240879853
354740411
498943403
495780310
862636349
381842493
619876517
439752238
917948735
912208782
738200694
4578874
347090776
227851276
859821711
991435600
298017710
995547968
198378153
237046435
596813636
444805188
113370599
188987311
704936703
524632621
740622478
195828062
746653661
93898630
649329457
326901762
385567869
91389932
200016492
300037391
162452126
865494791
178339009
620573695
227547313
278976413
402141513
27810873
885956623
435301898
451927396
181847325
211960357
144577080
459756422
275205258
51066627
150
146535057
4826160
716233917
952041196
661815621
81994755
961881047
269522820
933866206
318294545
370021977
296944296
210806071
608977901
92758893
919965156
309677442
697588871
156285460
924284943
541873919
723330792
912513234
788975441
96507421
780068949
133854748
359863158
324860466
227465186
227465186
378038311
649329457
21472704
129720502
918055945
852770106
587267343
404462807
938365953
988302004
207631561
935822574
952041196
152546538
60954709
413960064
275127100
224026556
807973025
397129535
254319737
471725199
368866836
604918666
312499983
675490326
139058044
743228913
227255957
854887779
487218341
711265915
732197197
199260963
967102009
796689794
5654265
482866441
563934048
555478278
934409425
338567585
78646918
482636632
312304485
561154856
143188800
803263122
912135238
343775551
227382860
487814049
32111757
460363194
466948831
448224737
117353822
856467226
736593825
159853745
136228867
689075782
378542166
514802540
459756422
794289386
594014193
912208782
986345000
56025765
109320
912863145
700670023
520266414
199260963
364670984
318294545
156285460
889047071
227382860
278976413
362603295
149544260
416976073
654167456
743928632
840517467
67086855
787638947
554978351
251471814
49824407
655015866
335362996
249479266
234067062
556007948
402737690
807500551
772214221
834429163
397991399
521888607
51309124
704936703
843410497
658516737
387748344
557201831
360475827
686558728
489334816
475634304
141230804
519438321
858772911
172901029
239487316
920212511
379135191
531402367
397129535
171004839
129151366
548056668
34850360
979992373
100441623
92758893
770935442
82845717
219164150
156006729
991435600
23482358
487298695
700167415
404468219
862727421
470251328
653432236
869822319
991435600
239487316
720597343
249479266
159853745
829563740
291848212
773741720
637653710
373635
275507421
269522820
877509247
72415411
910512211
639543811
184151516
912135238
746937336
956307288
812768240
344953185
314422123
215048985
323503173
238236604
974271392
992710033
787638947
865544553
802916844
824309164
802676821
929132193
434464884
579303795
928419854
278976413
726185148
512864901
988302004
134700960
434842755
710763623
487814049
297711599
526705595
556007948
984752153
795285863
314274700
208349050
840517467
972560399
162101766
945309929
836069250
124887470
34850360
302043595
679973544
270621173
700167415
431009047
155228553
824309164
725163724
359205595
145980916
297721548
314413453
123394215
995547968
717660415
357030488
83861225
514811540
90696336
291848212
389734715
724456461
365777724
43686551
525053914
493854947
110551440
32373650
6529981
395023870
112195240
801118911
704827836
3384
93487713
246001138
495780310
341504131
986345000
386265640
937196048
508652376
637653710
679855380
416976073
79184239
338911730
70987250
23482358
349120238
977485422
162101766
137067068
983780318
312084886
747261503
884158612
482020824
738200694
717552752
10
349603248
281255127
210283633
163410716
23482358
89674451
309914368
93898630
312499983
325033076
108159774
738451742
762221299
312499983
867677207
298620610
602121847
279217570
479810800
868296475
790492563
148398512
965271335
32111757
80704340
448224737
178339009
4826160
179597442
301109189
275507421
704936703
711265915
684944636
725211700
329352382
234634722
715701283
3384
849859696
634247715
506795060
529927998
329313371
636351892
280128240
335832405
721373420
516383057
421048792
791546570
485532903
593852772
648471101
919965156
130159798
553218558
906734060
199785190
343366170
988302004
516383057
536625816
100441623
340980453
658516737
827874435
248590766
963962664
242026776
673161982
504256413
34850360
762882128
99860514
444232445
689075782
740630647
725408314
424406551
816144684
387120643
958247851
608423628
448224737
249479266
867804184
898721940
546698227
185930935
295141869
988302004
958664845
168832903
836406836
450590698
523829679
477546440
297721548
200819173
726619527
167026947
329313371
373635
207908345
365777724
912132553
649032276
690319247
378912231
818265792
341482505
823217626
148516861
30687477
649032276
664542345
912208782
938572408
412533633
823046072
452199485
474420088
72462572
332018458
297721548
477546440
472750916
478420462
285337255
807973025
480405207
275507421
316372179
493854947
840517467
689392967
92758893
210702743
58020252
319850776
503337797
312499983
291848212
131225688
482866441
278976413
772205274
780068949
746464897
708763238
774912349
1
940644413
183505476
749018590
69349174
448224737
166510658
318294545
972193977
397129535
207843932
109320
614380239
379135191
524632621
485462161
227465186
614633990
683538680
862636349
764782018
987112127
615914572
3659556
200016492
782894714
918009353
477546440
416494777
751885764
280128240
4578874
921504286
596813636
17730637
677514771
716100284
526526503
515861690
195828062
772214221
992780831
344145666
416976073
372339610
607196614
745967345
716100284
144577080
326901762
361311497
179597442
746937336
335696416
451927396
249420944
364187704
412533633
199260963
673161982
716100284
377886424
412533633
680748079
1
448224737
677128380
404462807
720482504
945309929
324367954
347090776
95986260
462186306
180610239
794289386
405572486
165803742
912367581
167026947
232849907
898721940
34006126
342330165
172057872
239592478
251297295
239487316
225799444
993246911
943471920
297721548
614380239
961525938
604930121
761221674
598374889
717454865
868296475
69349174
883172705
324367954
278818678
275127100
658516737
415385114
433649820
174875262
172901029
687306083
751109629
436715057
614633990
397350285
995547968
569702611
341482505
9783966
212978931
67633894
719808375
720003596
802676821
967180983
185501014
567411116
630174927
100441623
669989313
95673858
740243143
859697897
653164523
689592232
543522943
864563072
264675287
963962664
681921330
130159798
459756422
308579808
905783644
294780030
831512117
704936703
117643267
181209644
862636349
613516753
557820851
341482505
16977106
498805845
818265792
330296719
946455864
524632621
364573893
489543100
393658570
596813636
93232780
148516861
673161982
409632634
231687378
898822584
414098606
806442151
717552752
4826160
873735929
436715057
540791553
816444826
66605158
813135283
977485422
743928632
256697342
540791553
323200221
524632621
780068949
770935442
100441623
769929921
779635239
225799444
248590766
811750650
150
634247715
489334816
940644413
365777724
463535049
467714031
163410716
903213432
345422821
219976559
613544824
458432099
788975441
585240519
778557779
820777211
225799444
743928632
707872010
982138614
451301281
865494791
867468614
292632030
841406425
716031243
694603415
444232445
240395611
239487316
495780310
714797570
498943403
806442151
172901029
312499983
658516737
175247112
179597442
952041196
829563740
562986044
326901762
700167415
465147024
68309629
444805188
643273210
440886834
568368152
33473322
145262332
402904894
227547313
977103581
387120643
199785190
494724449
753847572
162839685
945309929
588952117
978691295
710064128
770935442
514245021
227255957
523370039
575931977
470598575
458016193
78646918
884750607
340980453
391710298
3998093
704827836
683881402
384951437
211960357
990803396
254917527
189874901
632603401
411705670
659432759
899740466
780068949
327347103
527183710
995119202
991400574
608780383
946278411
481473370
172901029
132393999
104441886
392439414
34850360
137158394
913408437
489334816
483953610
564281807
133373193
878339004
346487502
931447751
303361801
514245021
341482505
179597442
195828062
764523640
770935442
648816111
345422821
693687434
179597442
297721548
88033198
170368097
743928632
922372375
533444911
424614948
873735929
498805845
312499983
150
933294853
919965156
453400485
202654982
808264496
649032276
545525098
991400574
167514088
172901029
871360843
184027156
130159798
480224272
364683421
493073189
751109629
560049125
524901886
227255957
78646918
150
379135191
715203687
234174182
545156612
995547968
248590766
452035468
345760106
281255127
638988354
571045729
614380239
689075782
3111635
174875262
74492197
940657679
870902118
278584556
647615671
121371167
575232667
736481364
585689969
997843745
803825382
556007948
168230080
555983922
174875262
1222570
634636900
174875262
118600460
831056593
372339610
403482886
464427656
496098803
978966076
208534646
338911730
987175876
185501014
489334816
444232445
736348712
291848212
716100284
548444787
51748247
679855380
788975441
433349347
800712886
884158612
193992127
178339009
489334816
787187383
463160303
883284169
227465186
963499667
534946870
273320985
540791553
705218973
384951437
770992518
785998309
240879853
470251328
349120238
78646918
811245646
602121847
198025561
189874901
426992161
387120643
669989313
386265640
448224737
472750916
822719623
211695710
498805845
979992373
227255957
800458261
104341005
891825225
560912060
873735929
102027073
275507421
270710518
700167415
273320985
309914368
362399368
894024236
146549097
880980654
645143139
884750607
928419854
103961583
514802540
76639160
705276495
577467710
880778717
415944512
842176960
577254973
750104973
198025561
314274700
614380239
992780831
745810009
68899906
280989869
312499983
342330165
101858850
780068949
162452126
649329457
249231931
965243946
913408437
746937336
156285460
995547968
335362996
867247077
298620610
584544198
965243946
690319247
993927844
110468114
745810009
498318170
75301236
436715057
83761743
395649004
4826160
739295004
208917888
290392068
208917888
614809465
548056668
259204696
827874435
186303418
325010403
750368870
737325628
493854947
928419854
827874435
248590766
621372446
448224737
744157593
107816356
227382860
964982728
207908345
298228938
679855380
778557779
4826160
328987396
647565653
467439350
67086855
224519880
710638691
32287383
163410716
193275305
701424015
386265640
983780318
309914368
727667446
467714031
443460985
575554045
345422821
51052904
873735929
404462807
630781607
67086855
477872033
124887470
500941479
498730775
576416449
477055980
443607341
124887470
314413453
125575379
889666754
401016825
32287383
96507421
170824836
952332196
841394062
823858175
284433579
391127290
398089477
924842549
980877287
534930982
67086855
10
687228702
423093362
772484492
234368439
482636632
282195581
778818456
82229777
648817819
472750916
649329457
137158394
581264389
102186872
465844992
648556615
67633894
374740663
397129535
332959124
301774327
507236163
458382106
239487316
331833701
103961583
840517467
294780030
800786638
488102524
249420944
867216801
82229777
593421032
489365032
298620610
215447960
486167898
807973025
524632621
150
198025561
814966819
359609046
443362200
716266003
865494791
953041899
573375284
562223333
554239120
233718746
401016825
977485422
823046072
943337259
67633894
107816356
369865985
278976413
456578112
860302708
479810800
501276756
855876231
227255957
894362899
271835220
509940190
163410716
251297295
319689614
654167456
93718562
448224737
234245000
665396127
457230381
727330697
470251328
472751977
189874901
172901029
749232681
967700392
341482505
803039224
664199734
280146590
872480831
117643267
626701595
23482358
986345000
556790670
480081537
505697591
991435600
849972023
843974522
345422821
602121847
4578874
663827339
412477543
476945804
86910209
486167898
479810800
659152718
992780831
427446721
400078468
754748154
807181366
658516737
685004836
270710518
174875262
570685961
499010511
153719290
92758893
318294545
398089477
843410497
103443997
497418585
712369529
502620033
648187924
837708741
473089830
885392673
827874435
211960357
867677207
347090776
905148470
555054853
933891365
248004927
404462807
864318291
345422821
70490549
340980453
680377484
207908345
769929921
415385114
178339009
137158394
151667782
330936553
552621860
935865786
208577458
322770311
494874175
96636169
181138998
93265205
885392673
690879334
989374361
721617140
679855380
705234926
779721082
711087184
723034109
675642698
327323990
708067778
294780030
717552752
679855380
278195399
234344436
108240459
104171285
494371486
178339009
67086992
156285460
455537199
526215629
849859696
730488764
120190502
147091596
928473138
918546879
193275305
78646918
251297295
227465186
680748079
980877287
186415325
889295075
227255957
645904461
865544553
376237507
78472998
840517467
960409496
755465777
158836193
963962664
243348736
479810800
193275305
625842855
168210228
342330165
96507421
320244201
70843747
275507421
918055945
773118870
225799444
612561319
379135191
940644413
67633894
655015866
364670984
184151516
806364679
527030158
476257790
103793794
770699328
46701852
34850360
557820851
562986044
850736366
423257008
250555510
808996578
680441459
109320
772624879
820777211
912135238
985911301
404462807
802676821
424879516
341482505
962113427
819472943
745810009
46598156
698436690
408450066
278976413
137067068
696806982
579180324
614380239
29855344
652687087
868084394
534841673
714797570
68899906
386265640
787638947
335362996
345422821
248004927
343730465
275507421
227382860
114617150
988302004
840517467
581954961
992780831
139013081
892703701
278976413
607196614
587913208
199260963
330319875
225698551
570618591
489334816
227382860
505115444
275507421
276861167
637653710
777767757
772154525
507236163
240879853
540791553
594000163
737131087
314274700
117643267
121413468
309914368
742634512
725777979
786530318
533047777
331085770
420796077
368139959
516114479
113370599
173702492
834429163
82229777
687987108
172901029
343874612
275507421
415385114
960325592
394614064
291848212
675518001
854887779
539831708
799597145
745810009
79487781
470251328
373635
686406158
345422821
34850360
700167415
11876033
207551770
155114584
747363900
992407830
92363518
695911260
928539923
67633894
607196614
327466082
668859333
501209366
717552752
220835123
673161982
129720502
96139921
186587623
100441623
198025561
847552752
490374686
514245021
239487316
148516861
424345853
347090776
773322733
829563740
719118678
4578874
849859696
538387017
208917888
77509186
661815907
46786413
598374889
527030158
168210228
236392954
804324715
362603295
622552764
35942927
156285460
585240519
212754512
122688905
58020252
469083034
918359171
441075654
444805188
943726618
173194419
477546440
130516028
404462807
126723817
137158394
486167898
820777211
807703866
595659672
165803742
844350965
119361629
470598575
481486859
158752094
412533633
847378363
269522820
248004927
849859696
656198788
743928632
933891365
548056668
802676821
920272868
868296475
519070936
372339610
576096058
788975441
558748667
540485126
727910739
444232445
273320985
586585408
220380163
72236025
92363518
199785190
807500551
149544260
630174927
415385114
618769917
455804109
867221245
868424652
457230381
138932629
472750916
573375284
422528941
67086855
928268151
758225467
391320833
146230667
275507421
312499983
348887835
717555828
664859978
961659407
791600757
281964382
76823865
993964353
586930133
4578874
898124418
916573749
479810800
92758893
364415179
22090712
179619926
449003495
340980453
728940047
365165291
802676821
193275305
796225361
298620610
540536355
933866206
489657031
476533021
185501014
201467061
46598156
527465859
716100284
698436690
448224737
392994733
806442151
131225688
137067068
148231839
172901029
412533633
127015214
482304259
649032276
314274700
781022101
198595203
728099369
851649522
161905038
34757304
49465551
32384110
227547313
195828062
763919706
478420462
341482505
364903393
23482358
107816356
69349174
168210228
709235404
638261948
48324189
273320985
395015546
486753581
509356014
552043111
769390412
314991308
444805188
672927466
778557779
637344076
956474437
167026947
652401003
850095587
885392673
884750607
130855998
92758893
985324231
364670984
219701815
291848212
689824674
503444762
113769880
979992373
995335293
249246113
95673858
897175401
557820851
539831708
829563740
523077928
467714031
107918871
478369010
967611400
776381408
329866212
721609409
412533633
830185073
829563740
878596665
573375284
184151516
811917542
555459590
311464148
159853745
18869198
19069352
181847325
103961583
67633894
607196614
528676724
364670984
477546440
777161433
249420944
82660313
478420462
81316783
607070789
131225688
820777211
13859242
360928986
493854947
70843747
315269304
743840599
598374889
444232445
397991399
170864699
498805845
167026947
348624735
827469775
174875262
991400574
436715057
347551050
421572249
227465186
496601813
807973025
119257237
680003989
809791037
249479266
834429163
144785661
751885764
933891365
556007948
144577080
679855380
988265960
865494791
884158612
827874435
689075782
669519618
193992127
280128240
132529120
56516670
67633894
658516737
88829342
248004927
304697117
652214262
129720502
226305336
714797570
865494791
849065575
190556775
827874435
700167415
779370659
294780030
387384472
598374889
12165588
270584087
445973000
222078155
662952162
867677207
707164049
992780831
121413468
524504348
474835915
106472538
67086855
444805188
364670984
64843317
277045022
829563740
841113957
656668490
649032276
443607341
743928632
619605841
718991392
388061120
479686226
482020824
345172514
227465186
347090776
476743982
122347029
697694685
35036567
648816111
745356892
277533560
770935442
782709585
833395323
778557779
36873873
981870925
912208782
600824644
548056668
308809960
905982386
503444762
3998093
654252716
71772744
924484033
506423966
32373650
249420944
743928632
397991399
838187690
149544260
137281780
502969460
124843571
815610183
487814049
507634900
450763183
448224737
467677188
248004927
1
124887470
227382860
144577080
316372179
295756674
330550024
601824112
70274386
933891365
988265960
806442151
489334816
503444762
695023382
362603295
38758679
10
626168517
918055945
420377792
165105338
314274700
198025561
843974522
255779050
773771390
181847325
704852441
150866571
365777724
789135106
603576194
249420944
747779495
329313371
96507421
869120427
473835506
415385114
931477884
248590766
165293665
162175970
865494791
185501014
316305613
561249047
96177646
23482358
910950300
269138533
742311958
779342623
487814049
70270545
89028602
333836428
586449530
992780831
898721940
977326715
918055945
903221914
726185148
928419854
275205258
264215005
516383057
218198456
986345000
865494791
186559387
284612437
548056668
