68899906
1037290
198286976
855411358
630174927
751109629
993246911
728091607
482020824
155114584
478420462
802676821
489334816
402737690
412396169
749018590
498805845
505115444
701834758
3384
807973025
912863145
227465186
778636695
545525098
842176960
479686226
137158394
963962664
713768775
505115444
555573743
314116173
933866206
278081176
241709544
486167898
649032276
704827836
705234926
713620440
50053873
918455197
865544553
704852441
596813636
68899906
129720502
314409236
704936703
330936553
680441459
663349178
424614948
103961583
389927427
227255957
482866441
170864699
174710635
909792490
895486726
297721548
613881118
248590766
452035468
401016825
108563469
729190925
503337797
10
4578874
149544260
418034897
913408437
393451466
253043445
384951437
881775823
582665490
797801158
507236163
721617140
189276277
184151516
314274700
208917888
70490549
168210228
823046072
831512117
467714031
439752238
773118870
568444889
114617150
893441124
992407830
312499983
253043445
298620610
723257664
251297295
996001420
27810873
278976413
178160982
503444762
150
173879390
32384110
992407830
761448102
503337797
34850360
679855380
298620610
3998093
514811540
672340633
683427047
981870925
288335459
807973025
304697117
344383005
398089477
148516861
413433988
962403917
524632621
42310282
173643577
297721548
404462807
290767032
100441623
768731168
596813636
204434900
297721548
34850360
767723920
176717014
680748079
743928632
342205585
767723920
131225688
303361801
893441124
372339610
637653710
32384110
663349178
903221914
44269416
155114584
795977727
556007948
270710518
401062440
82229777
347090776
344383005
557820851
977485422
937742958
375415318
159853745
373635
316372179
630174927
50053873
436715057
458432099
672340633
596813636
885392673
672340633
42310282
93232780
173643577
464063534
589931035
95556376
171929375
626701595
916298563
329313371
571478793
184151516
416753665
648816111
821987704
992407830
477546440
516383057
704852441
312499983
309914368
162452126
873735929
649329457
224519880
928419854
780068949
428131251
834429163
729190925
598374889
108563469
570618809
186587623
696366273
716574648
222148874
240879853
493854947
369865985
444731863
416753665
186587623
227547313
602121847
248590766
713620440
457230381
66923545
184151516
253043445
457230381
277203963
193992127
318294545
686337445
820144652
66605158
397991399
113370599
68899906
470598575
820777211
193798935
489334816
962714137
291848212
945309929
777161433
401062440
103961583
294780030
162101766
444731863
193275305
582665490
363861554
787638947
100441623
82229777
927052420
768731168
884158612
988265960
977485422
222148874
527030158
183350824
163410716
993246911
109320
871339556
15228687
724962663
514802540
503444762
32287383
3998093
369865985
1037290
67410822
172901029
529078661
795285863
983780318
463535049
607653604
573375284
505115444
428131251
155114584
489304047
70179378
962714137
854887779
986345000
93232780
773118870
227547313
96507421
913408437
779898322
503444762
357391032
401056940
330484397
458432099
928419854
51066627
573375284
865494791
9482779
621372446
716574648
280128240
929788198
885392673
705234926
412396169
34220901
963962664
46598156
109320
369865985
751885764
779342623
457230381
412396169
933866206
241709544
156911545
304697117
34705104
988302004
309914368
931045595
326901762
820144652
995547968
93718562
95673858
614633990
27810873
16977106
193798935
444805188
165105338
96177646
454933126
854887779
135635332
885392673
130159798
677403663
227255957
39442365
185930935
150
821987704
117643267
163410716
70490549
940644413
415385114
131225688
150
181847325
324367954
729747455
318294545
993246911
275127100
117643267
715382041
4826160
278976413
454933126
874668115
884750607
137158394
825172198
623600860
557820851
24333935
150
562986044
780068949
988265960
705234926
181847325
927052420
820777211
559651992
70179378
630174927
298620610
476531378
444731863
138732000
358268488
4826160
540791553
225799444
991435600
495780310
570618809
342330165
58020252
195828062
333390681
661911403
729190925
278081176
507634900
529078661
913408437
137158394
975527225
124887470
810315344
868296475
275127100
986345000
179597442
596813636
168210228
92363518
275127100
93232780
751109629
777161433
454933126
912208782
32111757
986345000
173643577
225799444
728091607
92758893
686406158
377867048
198025561
504160631
225799444
277203963
673161982
568368152
275507421
107816356
397129535
384951437
723257664
788975441
570373370
34850360
165803742
412533633
324367954
413433988
184151516
222148874
318294545
749018590
165803742
32111757
679855380
173879390
372339610
269522820
649032276
980877287
884750607
185930935
39218592
424614948
183350824
207908345
129151366
988265960
93232780
357391032
962714137
779342623
475634304
494874175
952041196
614380239
967102009
277203963
362399368
372339610
996001420
747363900
475634304
779342623
66923545
275507421
303361801
155168405
68899906
779370659
70179378
173879390
171929375
807500551
961818516
495780310
751885764
648556615
748679205
151667782
489304047
404462807
117643267
110468114
768731168
108563469
770935442
986345000
823046072
959681273
723257664
503337797
375415318
713620440
199785190
469337187
573375284
129720502
814883038
916298563
867677207
416976073
780068949
746937336
185930935
614380239
227382860
275507421
568444889
884158612
964982728
803039224
476460273
831512117
95673858
189276277
413960064
495780310
162452126
793477840
227465186
572031941
303361801
450789415
107816356
589931035
227255957
683538680
249420944
129720502
121413468
183350824
66605158
773118870
443607341
862636349
843410497
477546440
155114584
465231836
979992373
251297295
69349174
849859696
193275305
946278411
211960357
324367954
1037290
33579686
814883038
83761743
318361802
476460273
347090776
129151366
170864699
991435600
416976073
277203963
67633894
529078661
224519880
962403917
794289386
527030158
475634304
493854947
716574648
362603295
995547968
623600860
183350824
946278411
174710635
537433993
865544553
149544260
746937336
436715057
529078661
101077190
462480493
962403917
176717014
927052420
829563740
843410497
186587623
873735929
364670984
159853745
227255957
805352741
723257664
67633894
459756422
773118870
810315344
125575379
747363900
314413453
412396169
3998093
637653710
602121847
397129535
241709544
189874901
107816356
328784154
303361801
363861554
673161982
723257664
199260963
405572486
931045595
843974522
3384
312084886
70179378
482866441
940644413
193798935
608423628
459756422
463535049
892483606
867677207
277203963
368400084
919965156
312499983
540791553
773118870
183350824
227465186
469337187
820144652
613881118
185501014
195828062
818265792
721617140
313668215
477546440
649329457
747363900
596813636
778557779
95673858
391011982
117643267
224519880
862636349
788975441
124887470
170864699
176717014
717552752
479810800
634247715
621372446
842176960
778557779
137158394
746937336
114617150
286323725
829563740
486167898
34220901
90952525
658516737
498943403
608423628
537433993
608423628
130159798
928419854
340980453
498805845
174875262
788975441
341482505
661815621
693038154
540791553
689075782
96507421
868296475
541526249
251297295
159853745
777161433
107816356
270710518
740630647
487814049
572031941
27810873
435331783
340980453
368400084
962714137
704852441
240879853
711265915
424614948
100441623
983780318
475634304
314116173
199260963
1
27810873
713768775
855411358
823046072
303361801
290767032
539831708
654167456
397129535
389927427
397129535
454933126
224519880
903221914
854887779
401062440
740630647
379135191
291848212
728091607
514802540
172901029
165105338
807487612
239487316
114617150
46701852
354740411
347090776
637653710
393658570
24333935
375415318
768731168
96177646
70490549
701834758
269522820
227547313
277203963
240879853
916298563
704852441
793477840
527030158
168210228
658516737
174710635
148516861
458432099
680748079
1
273320985
217697409
151667782
109320
661815621
488102524
648816111
249479266
23482358
148516861
630174927
840517467
173879390
67633894
680441459
868296475
78646918
341482505
16043708
983780318
995547968
369865985
931045595
10
314116173
582665490
743928632
494874175
479686226
4578874
291848212
342330165
168210228
345422821
131225688
729747455
705234926
156285460
873735929
913408437
488102524
443607341
596813636
51066627
68665844
273320985
545525098
314409236
874668115
281255127
458432099
842176960
463535049
903221914
32111757
314413453
587220085
715382041
110468114
293446446
749018590
412396169
644290275
807500551
705234926
208917888
482020824
96507421
585240519
444805188
70179378
895486726
562986044
514811540
867677207
100441623
988302004
159853745
185501014
208917888
928081222
714797570
369865985
344383005
114617150
58020252
732126508
32287383
749018590
892483606
480989356
959681273
330484397
335362996
4578874
225799444
199260963
330936553
831512117
514811540
148516861
135329353
102826131
114617150
714797570
713620440
39218592
472750916
428131251
110468114
686406158
884750607
70490549
318294545
70490549
614380239
162101766
621372446
314409236
125575379
318294545
690319247
598374889
918055945
487814049
144577080
172901029
103961583
242026776
572031941
173879390
648816111
644290275
769929921
108563469
230604385
981870925
297721548
516383057
683538680
358268488
721617140
472750916
225799444
824309164
548444787
862636349
802916844
139331927
387120643
25322078
701834758
751885764
820144652
32373650
780068949
979992373
658516737
444805188
715382041
124887470
493854947
117643267
589931035
151667782
362603295
778557779
614380239
545525098
931045595
313668215
810315344
768731168
630174927
508203015
189276277
291848212
312499983
103961583
176717014
487814049
740630647
470251328
568444889
906594959
32384110
124887470
92758893
465231836
556007948
58020252
131225688
129151366
342330165
186587623
476531378
740630647
349120238
640540140
802916844
227465186
831512117
448224737
326901762
16977106
616561919
10
149544260
416976073
559651992
964982728
114617150
312499983
914002411
96507421
769929921
25322078
135329353
714797570
156911545
393658570
773485779
443607341
855411358
138732000
51066627
873735929
345422821
893441124
148516861
518044570
205322903
478420462
377867048
596813636
487814049
176717014
108563469
458432099
314409236
884750607
508203015
330936553
717552752
275507421
117643267
280128240
463535049
865544553
16977106
275205258
758275802
37997340
680441459
893441124
918055945
874668115
899162623
929788198
690319247
649329457
868296475
814883038
758275802
176717014
818265792
704936703
103961583
137158394
470598575
655015866
458432099
88986518
77569589
293446446
174875262
540791553
963962664
402737690
867677207
173643577
831512117
974783698
585240519
24333935
149544260
34220901
672340633
413433988
655015866
298620610
488102524
464063534
117643267
249420944
779898322
607196614
918055945
916298563
388061120
486167898
463535049
413433988
184151516
655015866
349120238
70179378
457230381
502826404
477546440
415385114
195828062
589931035
9482779
207908345
698436690
389927427
918455197
700167415
931045595
770935442
412533633
174875262
713768775
401062440
854536240
113370599
227465186
777161433
820777211
148516861
711265915
514802540
495780310
723257664
983780318
340980453
113370599
66430650
723257664
15228687
827874435
834429163
185930935
963711067
689075782
155114584
587220085
482866441
389927427
284279880
51066627
540791553
988302004
227255957
39442365
881775823
25322078
746937336
199260963
452035468
224519880
251297295
359479885
149544260
225799444
297721548
249420944
186587623
779898322
996001420
251297295
952041196
324367954
313668215
965243946
983780318
572031941
679855380
979992373
778557779
893441124
240879853
807500551
749018590
516383057
162452126
137158394
482020824
398089477
137158394
479686226
798848612
570618809
92758893
486167898
278081176
795285863
186587623
498805845
211960357
705234926
92363518
698436690
562986044
34220901
513434846
507236163
464063534
738554389
34850360
679855380
884158612
376767270
281255127
103961583
199785190
174875262
802676821
596813636
898721940
918055945
981870925
993246911
324367954
113370599
865494791
717552752
114617150
568444889
778557779
918055945
3384
709235404
312084886
457230381
125575379
996001420
867677207
412533633
745810009
291848212
598374889
204434900
840517467
344383005
137067068
135329353
439752238
503337797
820777211
709235404
457230381
150
623600860
58020252
291848212
335362996
614380239
988265960
179597442
78646918
275507421
326901762
413433988
451927396
730076821
663349178
69349174
428131251
514245021
171929375
349603248
173879390
1037290
669989313
34220901
698436690
155114584
451927396
314274700
608423628
903221914
23482358
962403917
340980453
275205258
324367954
444232445
993246911
401016825
34220901
988302004
773485779
470598575
93898630
952041196
823568766
700167415
918055945
148516861
937935749
768731168
779342623
185501014
347090776
329313371
170864699
224026556
280128240
32287383
865544553
298620610
698436690
354740411
855411358
377867048
764523640
476460273
309914368
918055945
649329457
549424140
769929921
137158394
179597442
34705104
251297295
716100284
768731168
787638947
818056429
129151366
669989313
253043445
313668215
401062440
16043708
715382041
913408437
303361801
362603295
314116173
168210228
66605158
240879853
16043708
305174163
95556376
999661367
498805845
683538680
730076821
96507421
137158394
881775823
717552752
963962664
1037290
478420462
156911545
482866441
885392673
834429163
34705104
721617140
566899565
384951437
179597442
51954996
548444787
806442151
372339610
991400574
275127100
459756422
347090776
159853745
368400084
768101818
933866206
424614948
779898322
176717014
39218592
177802530
117643267
273320985
964982728
842176960
362603295
273320985
176717014
314274700
986345000
470251328
341482505
398089477
314413453
713768775
93898630
358268488
467714031
820777211
467714031
318294545
649329457
329313371
463535049
168210228
338911730
779898322
297721548
829563740
357391032
940644413
156911545
173879390
487814049
281255127
867677207
881775823
46701852
507236163
280128240
518044570
498943403
165105338
931045595
27239442
404462807
39442365
459756422
344383005
67086855
341248285
96177646
129151366
239487316
15228687
649329457
652995935
831512117
764523640
324367954
770935442
284465194
740630647
824309164
829563740
34705104
570618809
419577252
150
326901762
745810009
572031941
185501014
24333935
669989313
199785190
401016825
103961583
330936553
584319912
557337497
66923545
397129535
884158612
992407830
711265915
614380239
680748079
729190925
96177646
401062440
413960064
933866206
413960064
472750916
562986044
242026776
582665490
885392673
95673858
770935442
96507421
96507421
843410497
983780318
193798935
508203015
341725038
658516737
362603295
107816356
345422821
831512117
113370599
557820851
843974522
946278411
751109629
330484397
882679573
253043445
251297295
991435600
9482779
165105338
324367954
316372179
345422821
137158394
680441459
779342623
93898630
205777739
916298563
669989313
32373650
591367461
70843747
482020824
865494791
885392673
124887470
928419854
654167456
444232445
224026556
649032276
469337187
462480493
802916844
967102009
716100284
686406158
173879390
108563469
912135238
109320
92758893
769929921
173879390
373635
1
184151516
262503682
217798683
797801158
777161433
204434900
798848612
211794326
503444762
416976073
713620440
178160982
225799444
470598575
34220901
193798935
270710518
148516861
139835889
248004927
623600860
716100284
849859696
644290275
477546440
804109977
476460273
566093907
814883038
996001420
67410822
227547313
349120238
173879390
797801158
144577080
32287383
465231836
195828062
747363900
716100284
373635
472750916
940644413
39218592
608423628
131225688
454933126
342330165
207908345
401056940
4826160
495780310
498805845
3761461
117643267
716100284
163410716
587220085
198025561
397129535
881775823
999661367
468804175
770935442
439752238
253043445
345422821
874668115
820144652
151667782
413960064
39696740
135329353
193275305
316372179
549424140
150
375415318
444232445
125575379
46598156
393658570
211960357
83761743
849859696
779342623
743928632
788975441
68899906
940644413
527030158
573375284
840517467
195828062
413433988
542494422
444805188
316372179
614380239
704936703
744459747
200016492
898721940
912863145
589931035
704827836
495780310
701948117
686406158
655015866
93718562
412533633
135329353
100441623
465231836
273320985
92363518
527030158
444805188
803039224
16043708
227382860
827874435
475634304
777161433
401062440
508203015
648556615
436715057
443607341
270710518
865494791
709235404
773118870
151667782
780068949
275127100
794289386
208917888
273320985
34850360
821987704
648816111
340980453
329313371
740630647
341482505
239487316
992780831
679855380
463535049
452035468
16977106
208917888
810315344
690319247
862636349
479686226
1037290
704936703
768731168
748679205
151667782
431530228
728091607
95673858
892483606
103961583
717552752
173643577
458432099
208917888
227382860
448224737
318294545
472750916
173643577
729747455
991435600
585240519
335362996
70179378
162101766
488102524
992407830
193275305
680748079
70843747
277203963
983780318
673161982
290767032
945309929
25322078
349120238
131225688
207908345
16043708
34705104
807500551
379135191
211794326
798848612
626701595
32287383
1037290
198025561
680441459
548056668
144577080
224519880
213956412
945309929
959681273
46701852
493854947
770935442
121413468
918455197
475634304
751885764
443607341
472750916
309914368
379135191
345422821
730076821
881775823
78646918
829563740
96507421
807500551
992407830
470598575
704852441
918055945
387120643
249420944
463535049
773485779
294780030
103961583
673161982
67633894
803039224
239487316
959681273
398089477
704936703
137067068
269522820
275205258
548444787
67633894
711265915
354740411
249420944
16043708
928419854
927052420
912863145
211794326
349603248
570618809
66923545
462480493
326901762
772214221
587220085
131225688
479537527
312499983
324367954
415385114
683538680
827874435
780068949
93898630
779898322
573375284
362603295
700167415
205870946
32384110
945309929
181847325
602121847
724962663
503582581
557337497
93898630
914002411
341482505
178160982
988302004
121413468
629895436
78646918
291848212
443607341
769929921
827874435
46701852
129720502
358268488
479686226
413433988
397129535
193798935
818265792
344383005
724962663
372339610
459756422
291270728
286323725
498805845
96177646
677281996
751109629
103961583
431530228
486167898
649329457
448224737
793477840
787638947
794289386
689218816
176717014
431530228
527030158
373635
176717014
185930935
621372446
148516861
540791553
326901762
928419854
165105338
349120238
240879853
193798935
25322078
173643577
186587623
67633894
962403917
870128334
66923545
185930935
842176960
163410716
32384110
572031941
613881118
305174163
996001420
401062440
777161433
227255957
977485422
655015866
537433993
137067068
129720502
648556615
195828062
372339610
761448102
724962663
313668215
779898322
704936703
933891365
768731168
505115444
529078661
373635
979992373
452035468
486167898
444232445
397129535
93232780
156911545
865494791
70490549
549424140
150
470598575
740630647
398089477
821987704
330936553
463535049
698436690
4826160
108563469
514802540
401062440
401062440
189874901
230604385
545525098
93718562
747363900
644290275
193992127
401056940
464063534
913408437
67410822
96177646
224519880
349120238
354740411
239487316
297721548
305174163
986345000
529078661
729190925
747363900
249420944
988302004
548444787
107816356
829563740
562986044
493854947
716574648
70179378
559651992
721617140
758275802
884750607
820777211
314116173
79184239
514802540
959681273
448224737
557820851
101077190
358268488
637653710
451927396
505115444
66605158
748679205
172901029
658516737
223357848
145708562
297721548
988302004
186587623
393451466
773964303
748679205
669989313
149544260
444731863
291848212
940644413
277203963
1037290
988302004
881775823
373635
679855380
428131251
178339009
964982728
549424140
4578874
227547313
199785190
518044570
648556615
582665490
929788198
156285460
568368152
249479266
680441459
138732000
135635332
463535049
349120238
919965156
983780318
467714031
129720502
475634304
32373650
25322078
780068949
67410822
542494422
495780310
918055945
748679205
476531378
193992127
557337497
745810009
24920301
462480493
479983197
548056668
738200694
314413453
933891365
568444889
304697117
918455197
514811540
100441623
309914368
92758893
773118870
121413468
814883038
581264389
779898322
537433993
557337497
772214221
108563469
365777724
773118870
764523640
823046072
747363900
711265915
463535049
397991399
70437480
416976073
862636349
669989313
96507421
50053873
507236163
314116173
39442365
749018590
505115444
171929375
486105051
345422821
549424140
634247715
463535049
330484397
963962664
716574648
34705104
475634304
874668115
617652980
156911545
239487316
962714137
221989686
277203963
314409236
249479266
482636632
556007948
324367954
724962663
230604385
701834758
700167415
457230381
67633894
655015866
50053873
743928632
964982728
32111757
467714031
412533633
156285460
294780030
537433993
154221862
751109629
873735929
97857857
10
996001420
217697409
249420944
189276277
614633990
206764435
389927427
818265792
39218592
416976073
269522820
824309164
967102009
868296475
402737690
806442151
156911545
58020252
451927396
613881118
444731863
425130716
66605158
32111757
388061120
751885764
928419854
96177646
793477840
865544553
476531378
581264389
537433993
487814049
470598575
524632621
585240519
254627670
1
607196614
991400574
253043445
32373650
291848212
614380239
401016825
331216184
655015866
798848612
726185148
240879853
988302004
995547968
557337497
151667782
23482358
482866441
795285863
913408437
349603248
373635
176717014
498943403
379135191
518044570
587704170
32111757
67633894
542494422
503636209
154221862
912135238
183350824
401062440
518044570
174710635
193798935
698436690
979992373
149544260
644290275
765324992
788975441
269522820
729747455
357391032
452035468
527030158
680441459
34850360
451927396
479810800
363861554
698436690
991435600
572031941
167026947
689075782
326901762
508203015
242026776
335362996
415385114
458432099
903221914
572031941
690319247
946278411
761448102
788975441
39218592
314409236
278976413
377867048
489304047
596813636
269522820
428131251
779342623
416753665
498805845
829563740
314116173
537433993
150
312499983
108563469
369865985
680748079
806442151
413433988
457230381
365777724
581264389
277203963
78646918
93898630
384951437
61291108
503444762
110468114
503337797
824309164
840517467
78646918
962403917
933866206
464063534
178339009
82229777
70490549
51066627
195828062
648556615
224026556
269522820
952041196
623600860
992780831
479810800
988265960
379135191
820144652
291848212
729190925
607196614
855411358
199785190
393658570
918455197
93232780
773118870
928419854
66923545
101077190
918055945
126005460
341482505
689075782
802676821
193798935
810315344
745810009
524632621
933866206
267737852
589931035
379135191
248004927
101077190
314409236
895486726
862636349
293645974
70179378
405572486
369865985
843410497
704936703
114617150
225799444
493854947
189874901
587220085
640130246
15228687
113370599
854887779
508203015
494874175
314274700
170864699
570618809
227465186
92758893
996001420
167026947
389927427
92758893
391011982
529078661
728091607
4578874
10
189874901
273320985
585240519
227382860
178339009
537433993
711265915
82229777
912863145
854887779
503444762
581264389
391011982
672340633
297721548
171929375
999661367
211960357
773118870
843974522
581264389
768731168
3761461
108563469
507236163
179597442
940644413
818265792
330936553
654167456
823046072
70843747
69349174
39442365
179597442
362603295
986345000
163410716
476460273
280128240
413433988
545525098
540791553
313668215
673161982
820144652
368400084
824309164
713768775
253043445
58020252
507634900
802916844
464063534
313668215
193992127
996001420
25322078
807973025
138732000
927052420
34220901
69349174
443607341
849859696
159853745
486167898
914002411
249479266
316372179
92363518
940644413
988265960
458432099
644290275
613881118
138732000
326901762
923986145
773118870
397991399
358268488
131225688
372339610
137158394
32111757
345422821
249479266
649329457
773485779
582665490
992407830
794289386
454933126
963962664
649329457
149544260
912208782
829563740
873735929
655015866
372339610
92363518
818265792
397129535
482866441
248004927
912863145
980877287
368400084
347090776
465231836
402737690
95556376
131225688
914002411
893441124
470598575
377867048
929788198
494730543
386265640
155114584
928081222
185930935
463535049
151667782
413433988
413960064
326901762
138732000
27810873
992407830
150
335362996
23436358
186587623
963962664
771696228
375415318
185930935
830506776
428131251
67086855
227465186
324367954
174875262
939505173
117643267
803039224
761448102
174710635
899162623
537433993
524632621
698436690
537433993
690319247
131225688
309914368
149544260
548056668
318294545
834429163
663349178
672340633
349603248
996001420
96177646
200016492
404462807
193798935
227465186
16043708
239487316
387120643
555573743
503444762
176717014
291848212
263965475
747363900
340980453
542150349
24333935
548056668
448224737
862636349
654167456
489304047
113370599
1
224519880
34220901
93898630
788975441
365777724
469485176
444232445
470598575
241709544
820777211
386265640
384951437
758275802
568444889
680748079
278976413
67410822
542494422
454933126
556007948
779342623
977485422
983780318
907563728
208917888
570618809
66923545
964982728
225799444
440009773
690319247
988302004
330936553
693038154
478420462
436715057
478420462
689075782
200016492
680748079
663349178
516383057
328784154
962714137
704852441
82229777
285133299
802916844
108563469
729190925
892483606
807973025
977485422
496847855
113370599
109320
704936703
661815621
797801158
70179378
39442365
24333935
626701595
831512117
507634900
834429163
454933126
693038154
549424140
424614948
198025561
230604385
275127100
100441623
747363900
304697117
773118870
914002411
892483606
314409236
66430650
773118870
46701852
70843747
185930935
806442151
281255127
486167898
729747455
434026155
174710635
46701852
470598575
751109629
988265960
777161433
149544260
814883038
722578361
137067068
324367954
68899906
211960357
312084886
979992373
345422821
227382860
602503565
397129535
290767032
249479266
503444762
794289386
724482467
476531378
770935442
162452126
148516861
278976413
704936703
345422821
90952525
482866441
32287383
270710518
794289386
843410497
314409236
224519880
398089477
384951437
405572486
397991399
899162623
770935442
892483606
34850360
482020824
893441124
46598156
964982728
885392673
208917888
313668215
467714031
655015866
90952525
154221862
482866441
280128240
101077190
416976073
362603295
769929921
137067068
389927427
167026947
505115444
683538680
82229777
462480493
992780831
4826160
814883038
993246911
598374889
895486726
129151366
807500551
995547968
503337797
840517467
113370599
280128240
717552752
195828062
401062440
23482358
309914368
304697117
549424140
211960357
92363518
779370659
963962664
503444762
309914368
713768775
290767032
344383005
92363518
940206647
570618809
109320
393451466
457230381
704936703
911618140
477546440
873735929
277203963
92363518
448224737
303361801
803039224
67086855
505115444
494874175
129151366
940644413
413433988
294780030
885392673
69349174
614633990
723257664
369865985
568368152
362603295
764523640
589931035
548056668
388061120
728091607
495780310
884158612
335362996
514802540
312084886
326291713
762866918
614633990
293446446
715382041
297721548
937410070
945309929
398089477
174710635
711265915
193275305
39218592
405572486
834429163
405572486
109320
573375284
412533633
1
794289386
51066627
458432099
495780310
717552752
964982728
138732000
679855380
487814049
200016492
802676821
834429163
416753665
806442151
946278411
991400574
328784154
929788198
113370599
476460273
68899906
1
375415318
67086855
715382041
424614948
740630647
980877287
4578874
589931035
286323725
248004927
539831708
66923545
477449926
342330165
32373650
728091607
508203015
428131251
979207966
773485779
316372179
559651992
814883038
807500551
663349178
454933126
912208782
709235404
467714031
772214221
242026776
514811540
704936703
559651992
768731168
70843747
328784154
470251328
482636632
93898630
779342623
266539033
163410716
66605158
404462807
649329457
892483606
464063534
278081176
689075782
69349174
149544260
362603295
493854947
749018590
810315344
780068949
9482779
729747455
278081176
479810800
335362996
3998093
721617140
344383005
705234926
768731168
217697409
854887779
831512117
788975441
557337497
9482779
820777211
649032276
945309929
444232445
165105338
865494791
952041196
999661367
69349174
200016492
824309164
398089477
498805845
312084886
559651992
824309164
713768775
342330165
596813636
163410716
415385114
743928632
393658570
393451466
34220901
326901762
482866441
10
144577080
155114584
293446446
829563740
67086855
820144652
482866441
778557779
729190925
738200694
368400084
840517467
849859696
713620440
568444889
129720502
705234926
895486726
476531378
70179378
82229777
488102524
912135238
472750916
914002411
959681273
829563740
747363900
58020252
798848612
199260963
377867048
46598156
156911545
144577080
34220901
728091607
747363900
277203963
428131251
714797570
335997096
344383005
885392673
478420462
227547313
309914368
224519880
67633894
402737690
689075782
772214221
457230381
897029399
3998093
69349174
314274700
211794326
768731168
767723920
290767032
919965156
705234926
648816111
144577080
686406158
181847325
275507421
463535049
493854947
100441623
386265640
393451466
834429163
779342623
802676821
181847325
487814049
834429163
788975441
184151516
191812601
761448102
193992127
938950274
117643267
658516737
717552752
42310282
24333935
768731168
100441623
573375284
946278411
167026947
562986044
614633990
568444889
275127100
189874901
149544260
185501014
335362996
773118870
316372179
66430650
314409236
195828062
557820851
928419854
90952525
654167456
342330165
165803742
514245021
251297295
183350824
185501014
358268488
768731168
797801158
363861554
477546440
186587623
882679573
614633990
208917888
135635332
15228687
498805845
79184239
701834758
705234926
27810873
448224737
884158612
159853745
242026776
818265792
171929375
286317696
211794326
962403917
240879853
248004927
498943403
928419854
129720502
568444889
689075782
723257664
882679573
559651992
324367954
10
162101766
373635
758275802
124887470
814883038
185930935
275507421
486167898
174710635
740630647
931045595
354740411
397991399
278976413
743928632
648816111
507634900
472750916
293446446
181847325
895486726
669989313
316372179
278976413
713768775
149544260
404462807
630174927
67633894
829563740
342330165
121413468
946278411
217697409
959681273
23482358
129151366
993246911
507236163
368400084
884750607
751109629
316372179
797801158
621372446
548056668
498805845
705234926
107816356
802916844
679855380
980877287
489304047
275205258
503337797
224519880
130159798
787638947
527030158
507634900
137067068
46701852
562986044
931045595
735815496
798848612
992780831
109320
548444787
1
413433988
324367954
493758752
463535049
732126508
198025561
51066627
486167898
802676821
928419854
227547313
979992373
767723920
185930935
129151366
686406158
401062440
649032276
903221914
820144652
663349178
581264389
452035468
589931035
537433993
788975441
407314808
777161433
740630647
92363518
324367954
717552752
843974522
365777724
933891365
476460273
135329353
412396169
314409236
156911545
227547313
298620610
823046072
113370599
286323725
680748079
211794326
178339009
993246911
507236163
464063534
704827836
842176960
855411358
806442151
451927396
614633990
751885764
540791553
189874901
773118870
32384110
881775823
768731168
895486726
482636632
469337187
516383057
797801158
709235404
489304047
173879390
988302004
154221862
269522820
745810009
312499983
66430650
129151366
278081176
424614948
654167456
227547313
413433988
454933126
32287383
475634304
728091607
318294545
328784154
373635
820777211
713768775
669989313
482636632
388061120
918055945
303361801
328784154
397991399
277203963
379135191
39442365
829563740
413960064
186587623
379135191
658516737
193275305
170864699
369865985
98631949
751885764
384951437
24333935
495780310
444805188
648556615
389927427
945309929
32384110
167026947
895486726
929788198
313668215
224026556
959681273
993246911
746937336
66923545
464063534
749018590
24333935
679855380
495780310
987907261
404462807
199260963
93898630
952041196
807500551
778557779
412396169
329313371
280128240
162101766
776499319
79184239
472750916
235903355
772214221
516383057
746937336
807973025
663349178
290767032
377867048
439752238
4826160
479810800
489304047
431530228
70843747
746937336
470598575
478420462
3384
802676821
189276277
849859696
477546440
362603295
573375284
488102524
494874175
912863145
369865985
1037290
170864699
498943403
253043445
173643577
401016825
507634900
193992127
178339009
79184239
743928632
34705104
779898322
249479266
181847325
607196614
589996360
745810009
225799444
464063534
174875262
820144652
912135238
690319247
393451466
82229777
93718562
661815621
230604385
988302004
162101766
843410497
991400574
173879390
843974522
135329353
562986044
680748079
404462807
751885764
78646918
929788198
23482358
330484397
154221862
29985681
793477840
16977106
275085367
286323725
779370659
176717014
507634900
469337187
83761743
929788198
334615128
508203015
463535049
372339610
469337187
927052420
842176960
537433993
309914368
84221339
680748079
493854947
318294545
482866441
507236163
764523640
498805845
398089477
962403917
3998093
51066627
746937336
644290275
929682566
537433993
303361801
135329353
476460273
125575379
3761461
79953649
803039224
873735929
386265640
184151516
1037290
162101766
93718562
996001420
777161433
683538680
713620440
482020824
386265640
855411358
729747455
93898630
402737690
862636349
693038154
42310282
253043445
130159798
713620440
416753665
995547968
286323725
108563469
929788198
156285460
487814049
524632621
470598575
195828062
251297295
581264389
713768775
114617150
148516861
314413453
368400084
479686226
82229777
673161982
806442151
387120643
25322078
32373650
527829745
613881118
514802540
277203963
70179378
24333935
183350824
585240519
227465186
820777211
248004927
364670984
690319247
898721940
661815621
818265792
503337797
654167456
724962663
413433988
488102524
862198839
314274700
179597442
821987704
724962663
110468114
999661367
207908345
823046072
377867048
711265915
743928632
318294545
397991399
598374889
713620440
964982728
148516861
821987704
130159798
275127100
401056940
189276277
983780318
173643577
843410497
795285863
93232780
479686226
462480493
448224737
10
50053873
573375284
803039224
764523640
950156651
465231836
770935442
962403917
342330165
102826131
314409236
873735929
159853745
393451466
637653710
860263964
124887470
379135191
867677207
324367954
797801158
357391032
827874435
163858188
415385114
176717014
713768775
342330165
842176960
273320985
607196614
874668115
882679573
559651992
494874175
916298563
514245021
309914368
999661367
439752238
514802540
24333935
724962663
489334816
598374889
981870925
358268488
415385114
596813636
555573743
189276277
745810009
555573743
654167456
402737690
193992127
116434399
428131251
389927427
144577080
110468114
452035468
368400084
946278411
162101766
227547313
50043807
556007948
326901762
962714137
608423628
780068949
251297295
862636349
740630647
68899906
988265960
15228687
773118870
224026556
309914368
316372179
162452126
614633990
309914368
892483606
428131251
377867048
174710635
95673858
513434846
68899906
988302004
893441124
482636632
241709544
773118870
746937336
479810800
67633894
711265915
207908345
186587623
379135191
92363518
772214221
144577080
162101766
807973025
100441623
443607341
557820851
291848212
275507421
151667782
39218592
726185148
820144652
178339009
798848612
713620440
787638947
704852441
207908345
193275305
39442365
751109629
704936703
278081176
581264389
514811540
570618809
278976413
516383057
929788198
389927427
899162623
179597442
23482358
137158394
3761461
163410716
401062440
903221914
680441459
489304047
386265640
130159798
83761743
849859696
114617150
183350824
573375284
424614948
507236163
402737690
729190925
353545745
596813636
698436690
672340633
929788198
303361801
227547313
273320985
607196614
644290275
729190925
654167456
648556615
131225688
451927396
329313371
1
709235404
50053873
95673858
1037290
713620440
912135238
208917888
779342623
93898630
494874175
344383005
572031941
270710518
690319247
962403917
95673858
200016492
39442365
669989313
485636234
868296475
275507421
865544553
46701852
967102009
802916844
149544260
482020824
977485422
217568247
927052420
634247715
779370659
977485422
129720502
598374889
557820851
494874175
689075782
291848212
402737690
548444787
93898630
170864699
977485422
602121847
66923545
855411358
821987704
711265915
992780831
344383005
199785190
137067068
777161433
573375284
401056940
748679205
281255127
362603295
278976413
582665490
278081176
906324882
174710635
814883038
457230381
154221862
779370659
358268488
121413468
170864699
224519880
503337797
539831708
823046072
174710635
568368152
241709544
962403917
865494791
329313371
514245021
389927427
814883038
103961583
807500551
335362996
648816111
349120238
398089477
179597442
772214221
713768775
829563740
788975441
746937336
217697409
768731168
457230381
733252412
714797570
514811540
107816356
486167898
701834758
931045595
778557779
270710518
482636632
130159798
518044570
154221862
916298563
278081176
404462807
309914368
114617150
79184239
711265915
135635332
275127100
2738106
95673858
189874901
535166922
991400574
93898630
330484397
773118870
602121847
144577080
630174927
275127100
740630647
773485779
4826160
862636349
608423628
959681273
482636632
613881118
903221914
184151516
827874435
149544260
773118870
669989313
991400574
626701595
186587623
556007948
66923545
559651992
613881118
1037290
358268488
185501014
124887470
840517467
977485422
587704170
562986044
137158394
940644413
412396169
568444889
842176960
102826131
488102524
148516861
207908345
173879390
167026947
758275802
309914368
587220085
916298563
952041196
810315344
242026776
90952525
393658570
404462807
537433993
377867048
714797570
110468114
448224737
129151366
58020252
330484397
503337797
788975441
189874901
401062440
138732000
39442365
323887695
92758893
138732000
476531378
70179378
478420462
162452126
329313371
834429163
780068949
439752238
452035468
428131251
335362996
386265640
946278411
548056668
723257664
928081222
70179378
862636349
69349174
995547968
16977106
482866441
70843747
467714031
772214221
34705104
516383057
634247715
689075782
275127100
309914368
156285460
227465186
829563740
823444429
862636349
469337187
918455197
168210228
363861554
275127100
389927427
377867048
415385114
842176960
669989313
679855380
842176960
412533633
110468114
706153832
505115444
393658570
693038154
96177646
291848212
39442365
108563469
329313371
655015866
314409236
761448102
170864699
52734890
375415318
165105338
793477840
293446446
439752238
773485779
25322078
613881118
769929921
467714031
241709544
345422821
486167898
507634900
125575379
297721548
172901029
698436690
928419854
803039224
495780310
405572486
713768775
15228687
598374889
916010871
10
185930935
494874175
827874435
375415318
787638947
329313371
895486726
251297295
364670984
514802540
479810800
25322078
988302004
23482358
779898322
313668215
476531378
1
290767032
436715057
174875262
454933126
874668115
95556376
805958288
626701595
384951437
314116173
239487316
377867048
508203015
489334816
690319247
663349178
393556515
928419854
253043445
200016492
144577080
963962664
738200694
189874901
248792789
68899906
162452126
130159798
240879853
281255127
294780030
548056668
34705104
679855380
298620610
113370599
545525098
102826131
198025561
489334816
278081176
193798935
690319247
225799444
991400574
113370599
893441124
168210228
680441459
189874901
364670984
723257664
927052420
802676821
167026947
364670984
507236163
467714031
86331294
840517467
946278411
15228687
172901029
933866206
165803742
873735929
174710635
637653710
559651992
862636349
773485779
486167898
162452126
335362996
277203963
101077190
885392673
347090776
919965156
598374889
39218592
156285460
722574163
83761743
108563469
416976073
199260963
444731863
630174927
168210228
298620610
278976413
173643577
882679573
330936553
621372446
412533633
823046072
93232780
991435600
227255957
761448102
16043708
686406158
208917888
634247715
818265792
487814049
683538680
241709544
278081176
729190925
193798935
596813636
469337187
798848612
489304047
912208782
341482505
198025561
297721548
393451466
195828062
312499983
405572486
479509619
863580034
472750916
489334816
912863145
95673858
952041196
840517467
607196614
721617140
452035468
635165730
93232780
150
24333935
173879390
582665490
253043445
416976073
729190925
549424140
401016825
992407830
358268488
557337497
807500551
716100284
698436690
945309929
649032276
183350824
154221862
929788198
767723920
721617140
614633990
290767032
928419854
444805188
834429163
314409236
505115444
413960064
412396169
693038154
448224737
102826131
100441623
401062440
749018590
992780831
3998093
3384
928081222
227382860
68899906
398089477
918055945
193798935
965243946
439752238
686406158
882679573
916298563
92363518
548056668
834429163
556007948
248004927
649032276
162101766
946278411
928081222
314274700
92363518
981870925
129720502
242026776
874668115
113370599
807500551
573375284
314116173
416753665
928081222
144577080
27810873
773485779
46598156
364670984
991400574
412396169
820777211
714797570
25322078
793477840
58020252
732126508
537433993
772214221
470598575
729747455
444805188
884750607
613881118
138732000
171929375
482636632
820144652
314409236
90952525
999661367
328784154
165105338
556007948
768731168
342330165
181847325
874668115
603710121
413433988
386265640
92758893
795285863
32373650
326901762
186587623
548056668
358268488
165105338
842176960
769929921
95673858
341482505
193798935
505115444
165105338
174875262
227382860
686406158
313668215
881775823
933866206
772214221
242026776
517512145
154221862
58020252
613881118
537433993
326901762
598374889
154221862
527030158
882679573
114617150
185930935
227255957
487814049
457230381
779370659
786597631
802916844
342330165
613881118
589931035
802916844
200016492
46701852
721617140
726185148
368400084
589931035
144577080
290767032
476460273
498805845
797801158
314116173
573375284
818265792
644290275
170864699
248590766
947002678
758275802
912863145
444232445
4826160
444805188
596813636
195828062
39218592
448224737
493854947
207908345
80155879
445004645
95556376
745810009
817291791
211794326
745810009
363861554
726185148
401062440
910966253
730076821
96177646
16043708
3998093
335362996
204434900
704827836
241709544
581264389
849859696
457230381
823046072
489304047
607196614
705234926
881775823
167026947
933866206
365777724
108563469
988265960
137158394
463535049
498805845
208917888
884414539
200016492
644290275
364670984
927052420
156911545
807973025
349120238
200016492
964982728
189420546
66430650
514245021
156911545
4578874
514811540
249479266
977485422
751109629
487814049
273320985
248004927
918455197
679855380
101077190
3384
777161433
486167898
135329353
834429163
898721940
113370599
540791553
253043445
912863145
992407830
464063534
898721940
253043445
505115444
200016492
354740411
562986044
831512117
602121847
963962664
178339009
704852441
102826131
413960064
721617140
686406158
278976413
454933126
200016492
827547207
372339610
732126508
779342623
810315344
1
1
648816111
572031941
362603295
448224737
193992127
458432099
156285460
444232445
314409236
170864699
680748079
66923545
32287383
649032276
34705104
715382041
485046721
224519880
963962664
117643267
555573743
539831708
280128240
451720523
165105338
498943403
540791553
713768775
199785190
69349174
241709544
386265640
114617150
488102524
648816111
70843747
67086855
224026556
679855380
482636632
573397021
607196614
368400084
893441124
340980453
298620610
211794326
148516861
514802540
559651992
463535049
117643267
402737690
251297295
778557779
865544553
163410716
318294545
227255957
387120643
176717014
150
312499983
457230381
996001420
672340633
986345000
83761743
672340633
34850360
227255957
253043445
489334816
770935442
193275305
965243946
933891365
137158394
568368152
347090776
9482779
986345000
66923545
199260963
729747455
4826160
463535049
770935442
186587623
962714137
967102009
66430650
451927396
375415318
964982728
38007063
473513640
103961583
444731863
912863145
294780030
174875262
842176960
988892501
777161433
227382860
700167415
103961583
806442151
349120238
39218592
78646918
1
270710518
249420944
275507421
239487316
138732000
107816356
121413468
654167456
927052420
458432099
977485422
548444787
457230381
476531378
135329353
16977106
672340633
199260963
95556376
121413468
78646918
778557779
184151516
402737690
820144652
58020252
587704170
57286385
843974522
693038154
648556615
476531378
124887470
557337497
341482505
655015866
749018590
912208782
700167415
884750607
683538680
393658570
174710635
416753665
854887779
393658570
831512117
946278411
424476397
363861554
398089477
683538680
3384
278976413
239487316
227547313
183350824
185501014
802916844
203483938
711265915
211794326
379135191
673161982
402737690
493854947
867677207
363861554
335362996
747363900
131225688
67086855
608423628
416753665
787638947
899162623
613881118
508203015
338911730
70843747
211960357
807973025
945309929
827874435
988302004
965243946
3384
489304047
189874901
549424140
770630026
621372446
129151366
678390381
773118870
495780310
42310794
314409236
967102009
211960357
373635
508203015
130159798
487814049
999661367
717552752
155114584
387120643
895486726
178160982
516383057
78646918
995547968
4578874
67086855
464063534
275205258
393451466
928419854
705234926
24333935
899162623
494874175
96177646
607196614
602121847
991435600
163276647
482866441
16977106
16043708
933891365
728091607
195828062
992780831
820777211
318294545
881775823
165105338
568444889
227465186
154221862
730076821
514245021
362603295
165803742
357391032
178160982
58020252
83761743
992780831
204434900
967102009
983780318
503444762
459756422
715382041
46598156
524632621
193992127
514811540
814883038
991400574
865544553
843974522
185501014
614633990
778557779
109320
559651992
806442151
416976073
865494791
303361801
470251328
827874435
148516861
477546440
788975441
729190925
286323725
988265960
329313371
338911730
349120238
165803742
174710635
766178517
134006053
749018590
452035468
992780831
655015866
952041196
137158394
806442151
476460273
362399368
69349174
626701595
248004927
672340633
131225688
787638947
918055945
644290275
328784154
487814049
93898630
467714031
568444889
172901029
305174163
34850360
3998093
658516737
330936553
701834758
798848612
155114584
173643577
482020824
314274700
32384110
424614948
479810800
821987704
596813636
803039224
748679205
713768775
312499983
100441623
706153832
458432099
439452214
362399368
113370599
867677207
349120238
549424140
444805188
39835994
198025561
723257664
360992604
70843747
928081222
150
965243946
903221914
999661367
109320
607196614
479686226
32384110
4578874
983780318
459756422
93898630
893441124
751109629
928081222
107816356
608423628
198025561
723257664
424614948
103961583
587220085
882679573
793477840
1037290
653891928
51066627
748679205
174875262
709235404
373635
297721548
217697409
379135191
806442151
290767032
1037290
312499983
602121847
100441623
82229777
207908345
794289386
912208782
208917888
342330165
178339009
290767032
555573743
478420462
66430650
980877287
929788198
867677207
598374889
95556376
469337187
470251328
843974522
486167898
518044570
275205258
270710518
798721912
745810009
879752396
476531378
208917888
32111757
96177646
548444787
768731168
679855380
412396169
452035468
391011982
165803742
401016825
314413453
834429163
67086855
156911545
654167456
572031941
507236163
193275305
405572486
314413453
249479266
34220901
137158394
413960064
773118870
349603248
165105338
70843747
439752238
487814049
849859696
959681273
540791553
498943403
454933126
208917888
587220085
347090776
912135238
747363900
389927427
224519880
83761743
964982728
358268488
67410822
874668115
680441459
773485779
555573743
281255127
516383057
728091607
933891365
313668215
545525098
899162623
32373650
32373650
751109629
748679205
341482505
751885764
545525098
167026947
27805200
68899906
729190925
516383057
281255127
843974522
914002411
489334816
457617705
581264389
562986044
919965156
507236163
672340633
895486726
465231836
677281996
882679573
368400084
995547968
608423628
983780318
945309929
377867048
529078661
185930935
69349174
829563740
993246911
92758893
503444762
581264389
340980453
873735929
174875262
78646918
224519880
4826160
777161433
683538680
991435600
176717014
690319247
186587623
802676821
92363518
589931035
314409236
505115444
113370599
384951437
993246911
119341461
862636349
363861554
539831708
912135238
195828062
472750916
405572486
451927396
683538680
912135238
314409236
415385114
621372446
797801158
117643267
211794326
988302004
281255127
788822860
144577080
465231836
698436690
294780030
995547968
137067068
846035682
962714137
716100284
172901029
677281996
470598575
70843747
189874901
316372179
513434846
135635332
275507421
728091607
162101766
51066627
144577080
655015866
211960357
689075782
568368152
32111757
470598575
572031941
1037290
413433988
868296475
981870925
179597442
465231836
1
505115444
15228687
482020824
345422821
135329353
3761461
412396169
248590766
940644413
995547968
680441459
479686226
931045595
945309929
655015866
700167415
16043708
826661154
929788198
270710518
4578874
69349174
814883038
362603295
130159798
489334816
314413453
117643267
314413453
66923545
713620440
67633894
827874435
787638947
70843747
227255957
444805188
868296475
424614948
658516737
397991399
716100284
773118870
24333935
330484397
748679205
324367954
70179378
505115444
189276277
67086855
345422821
173879390
614633990
95556376
363861554
602121847
773118870
154221862
416753665
743928632
154221862
587704170
761448102
820144652
797801158
745810009
820777211
412533633
162101766
314274700
326901762
330484397
463535049
573375284
885392673
479810800
882679573
458432099
613881118
458432099
404462807
318294545
626701595
32111757
195828062
69349174
518044570
330484397
193275305
173879390
827874435
249420944
587220085
956586877
709235404
874668115
851209462
680441459
919965156
312499983
227465186
867677207
391011982
717552752
840517467
981870925
773118870
379135191
963962664
794289386
312499983
179597442
623600860
568368152
326901762
448224737
34705104
663349178
589931035
379135191
661815621
101077190
4578874
10
32384110
469337187
721617140
991435600
199785190
222148874
916298563
444232445
963962664
465231836
751109629
79184239
479686226
362603295
475634304
185930935
342330165
780068949
195828062
144577080
39442365
818265792
967102009
199260963
964982728
100441623
476531378
1037290
698436690
769929921
821987704
397129535
843410497
239487316
476460273
293446446
589931035
405572486
69349174
874668115
185500398
843410497
634247715
716100284
867677207
751109629
458432099
613881118
162101766
514811540
156285460
275127100
794289386
138732000
630174927
568368152
705234926
679855380
868296475
393451466
318294545
769632555
253043445
404462807
275205258
137158394
478420462
494874175
995547968
345422821
654167456
294780030
173879390
393658570
542494422
144577080
66605158
79184239
773118870
931045595
39218592
716574648
806442151
66923545
10
162452126
354740411
784328853
270710518
912135238
96177646
892483606
548444787
105252935
239487316
249420944
993246911
634247715
572031941
314689041
482020824
779898322
107816356
436715057
931045595
963962664
568444889
3998093
110468114
200016492
312084886
431530228
758275802
999661367
389927427
680441459
746937336
608423628
90952525
793477840
377867048
448224737
193992127
634247715
176717014
867677207
66430650
174710635
67633894
335362996
454345802
996001420
397991399
608423628
436715057
548444787
713768775
211794326
918455197
451927396
70843747
493854947
278081176
4578874
444805188
945309929
393658570
514802540
25322078
314409236
32111757
625692233
614633990
173643577
436715057
884158612
680748079
679855380
723257664
680748079
107816356
489304047
570618809
70179378
865494791
729190925
135329353
3761461
185930935
444232445
704936703
898721940
444731863
976427932
690020708
68899906
802916844
15228687
898721940
326901762
514811540
78646918
549424140
27810873
862636349
42585170
472750916
769929921
928419854
748679205
208917888
874668115
69349174
32111757
942268369
193798935
514245021
401016825
698436690
729747455
335362996
715382041
79184239
135329353
340980453
788975441
862636349
114617150
309914368
129720502
9482779
93718562
46598156
648816111
393658570
475634304
335362996
705234926
821987704
176717014
439752238
309914368
807973025
714797570
379135191
24333935
173879390
779898322
798848612
341482505
868296475
803039224
340980453
749018590
596813636
842176960
281255127
713620440
882679573
342330165
723257664
464063534
834429163
479686226
249479266
444232445
465231836
607196614
495780310
493854947
379135191
514245021
587220085
135329353
404462807
93718562
4826160
717552752
439752238
609738811
404462807
834429163
96507421
345422821
903221914
824309164
3761461
368400084
508203015
32810376
514245021
409977448
368400084
992407830
369865985
198025561
92363518
761448102
777161433
916366696
470598575
514802540
186587623
387120643
823046072
338911730
185930935
751885764
559651992
562986044
537433993
689075782
992780831
933866206
918455197
90952525
634247715
34705104
865494791
797801158
189276277
109320
189276277
814883038
663349178
874668115
393658570
58020252
179597442
580232415
916298563
309914368
686406158
344383005
121413468
401056940
701834758
452035468
965243946
204434900
104465505
562986044
477546440
855411358
893441124
3847218
663349178
831512117
758275802
186587623
270710518
843410497
365777724
729190925
171929375
568444889
227382860
290767032
964982728
462480493
154221862
709235404
462480493
330936553
464063534
15228687
3998093
498943403
779342623
925384098
730076821
704827836
172901029
225799444
698436690
108563469
93718562
807973025
150
384951437
92758893
365777724
34220901
364670984
626701595
277203963
706153832
862636349
993246911
444232445
365777724
178160982
185501014
66923545
156911545
404462807
95556376
305174163
242026776
892483606
979992373
758275802
587220085
881775823
713620440
914002411
779370659
557337497
416976073
865494791
514802540
913408437
683538680
779342623
486167898
314413453
453780652
405572486
779370659
32384110
293446446
747363900
444805188
330484397
634247715
167026947
621372446
305174163
716100284
172901029
498805845
384951437
165105338
933866206
952041196
401056940
626701595
713768775
412533633
487814049
66923545
184151516
174875262
995547968
457230381
802916844
92758893
983780318
462480493
189874901
689075782
829563740
397991399
764523640
795285863
66605158
488575815
769929921
981870925
398089477
227547313
690319247
124887470
919965156
227547313
557337497
324367954
472141230
200016492
568368152
465231836
882679573
701834758
849859696
413433988
224026556
758275802
431530228
373635
467714031
556007948
608423628
991400574
439752238
649032276
137067068
208917888
393451466
486167898
716100284
39218592
293446446
514802540
495780310
795285863
726185148
537433993
365777724
806442151
700167415
472750916
39218592
444805188
893441124
779898322
541165670
928081222
107816356
58020252
179597442
798848612
572031941
362603295
748679205
540791553
174875262
402737690
25322078
464063534
918055945
948631228
778557779
70179378
679855380
163410716
201068262
472750916
903221914
769929921
927052420
364670984
224519880
513434846
914002411
704852441
176717014
840517467
470251328
174875262
227547313
704936703
454933126
919965156
24333935
749018590
507634900
377867048
865494791
4578874
524632621
940644413
572031941
488102524
377867048
68899906
677281996
714797570
174875262
986345000
83761743
159853745
876406160
802916844
369865985
572031941
46701852
952041196
459756422
102826131
849859696
559651992
416753665
401016825
328784154
486167898
587704170
185930935
227255957
211960357
967102009
101077190
884158612
842176960
729747455
694894335
379135191
918055945
217697409
365777724
740630647
25322078
369865985
693038154
305174163
820144652
113370599
402737690
170864699
173879390
798848612
207908345
470598575
882679573
881775823
505115444
928419854
66430650
1
34220901
903221914
124887470
448224737
428131251
240879853
150
401062440
630174927
211960357
388061120
995547968
436715057
581264389
761448102
16043708
874668115
706153832
524632621
224519880
705234926
402737690
648816111
764911318
912208782
375415318
458432099
470598575
401056940
439752238
92363518
200016492
498943403
621372446
495780310
701834758
489334816
793477840
9482779
388061120
545525098
365777724
386265640
740630647
373635
644290275
34850360
557337497
568368152
524632621
727116144
713768775
621372446
195828062
314409236
713620440
518044570
539831708
224519880
67086855
415385114
368400084
100441623
67410822
992780831
527030158
51066627
730076821
448224737
23482358
929788198
649329457
893540583
135329353
912863145
23482358
713768775
884750607
249420944
457230381
344383005
803086428
488102524
314413453
980877287
925031241
991435600
100441623
713768775
555573743
526171793
658516737
314116173
144577080
513434846
842176960
439752238
834429163
602121847
330484397
3384
899162623
962714137
903221914
217697409
764523640
144577080
488102524
362603295
478420462
227547313
498943403
280128240
444232445
865494791
743928632
701834758
730076821
767723920
312084886
162452126
572031941
338911730
713768775
732126508
397991399
171929375
550021838
100441623
677281996
50053873
487814049
489304047
25322078
787638947
431530228
107816356
854887779
716100284
507634900
607196614
683538680
854887779
732126508
70179378
882679573
918055945
823046072
195828062
587220085
476531378
749018590
614380239
3998093
273320985
669989313
572031941
743928632
416976073
444731863
855411358
988302004
795285863
746937336
470251328
416976073
32111757
178339009
723257664
198025561
820144652
362603295
224519880
807500551
452035468
991435600
772214221
505115444
540791553
66430650
227255957
1
940644413
328784154
963962664
362603295
415385114
405572486
704852441
557820851
368400084
100441623
788975441
183350824
224519880
893441124
573375284
335362996
585240519
100441623
341482505
208917888
16977106
341482505
227465186
482866441
309914368
672340633
614380239
172901029
344383005
416976073
413433988
16977106
482636632
570618809
225799444
704852441
704936703
3998093
482020824
884750607
1037290
67633894
700167415
503444762
3761461
729747455
713620440
478420462
478420462
556007948
467291219
322545194
706153832
240879853
824309164
135635332
940644413
587220085
885392673
788975441
312499983
444232445
503337797
903221914
726185148
168210228
415385114
928419854
189874901
448224737
248590766
587704170
335362996
183350824
148516861
78646918
10
155114584
979992373
96177646
995547968
82229777
131225688
899796483
498943403
384951437
898721940
493854947
211794326
189874901
416976073
913408437
170864699
404462807
227547313
514802540
931045595
730076821
981870925
241709544
929788198
66430650
503444762
150
602121847
66430650
873735929
240879853
416976073
912208782
983780318
884750607
183350824
992780831
555573743
545525098
814883038
277203963
199785190
102826131
117643267
151667782
884750607
204434900
452035468
895486726
572031941
121413468
827874435
829563740
818265792
698436690
787638947
503444762
788975441
928081222
184151516
977485422
607196614
195828062
557337497
135635332
914002411
275127100
156285460
986345000
401056940
345422821
895486726
463535049
680441459
93898630
242026776
479686226
313668215
843974522
318294545
862636349
42310282
314409236
842176960
882679573
779898322
314274700
270710518
24333935
48701732
979992373
448224737
814249068
159853745
4578874
940644413
324367954
388061120
70843747
582665490
649032276
658516737
773118870
111840670
465231836
444232445
9482779
179597442
470251328
992780831
467714031
514802540
818265792
32384110
239487316
495780310
952041196
34850360
729190925
83761743
230604385
275127100
150
992407830
704936703
131225688
435199568
314409236
716574648
669989313
428131251
663349178
68899906
677281996
401056940
270710518
297721548
498805845
821987704
156285460
171929375
514245021
363861554
630174927
451927396
278976413
884750607
663349178
50053873
559651992
393451466
379135191
92363518
66923545
78646918
227255957
487814049
648816111
493854947
312499983
524632621
211794326
677281996
67633894
679855380
802916844
163410716
709235404
933866206
393451466
895486726
335362996
779342623
770935442
335362996
732126508
940644413
673161982
794289386
867677207
66923545
313668215
854887779
397129535
344383005
150
898721940
372339610
669989313
92758893
354230262
70490549
163410716
278081176
110468114
814883038
227382860
165105338
981870925
843974522
375415318
25322078
384951437
318294545
461144859
502799575
114617150
150
486167898
479686226
167026947
672340633
389927427
804925274
802916844
996001420
436715057
494874175
436715057
893441124
404462807
840517467
717552752
135329353
170864699
227255957
93718562
298620610
328784154
912208782
401056940
222148874
964982728
928081222
401016825
385976620
138732000
489347064
743928632
465231836
513434846
289926917
428131251
821987704
224026556
186587623
15228687
93232780
503444762
278081176
428131251
129720502
980877287
470251328
654167456
704852441
507236163
70843747
4578874
827874435
539417819
46701852
54837307
372339610
401062440
486167898
369865985
607196614
807973025
148516861
865494791
156911545
314413453
67410822
354740411
240879853
193275305
273320985
362399368
387120643
623600860
413960064
398089477
68899906
404765268
431530228
251297295
613881118
326901762
769929921
705234926
478420462
716574648
607196614
3384
557820851
476531378
275127100
148516861
732126508
933866206
559651992
768731168
286323725
189874901
867677207
933866206
749018590
251297295
470598575
92363518
335362996
103961583
626701595
124887470
799212371
614380239
174875262
379135191
685182894
178339009
549424140
649329457
493854947
207908345
222148874
895486726
393658570
587704170
312499983
66923545
435900154
401016825
401062440
227465186
386265640
507236163
489334816
108563469
821987704
32287383
764523640
94711102
865544553
66430650
165803742
849859696
67633894
540791553
21123091
162452126
211794326
723257664
806442151
746937336
251297295
113370599
743928632
568444889
854887779
493854947
135635332
728091607
634247715
589931035
312499983
344383005
826493130
285695696
389927427
508203015
199260963
740630647
241709544
768731168
314413453
462480493
93718562
137067068
178160982
981870925
39218592
556007948
464063534
585240519
472750916
874668115
493854947
424614948
227465186
316372179
275205258
401056940
129151366
524632621
151667782
916298563
67086855
448224737
387120643
162452126
444232445
487814049
165803742
46598156
745810009
444232445
644290275
912208782
821987704
918055945
840517467
368400084
810315344
995547968
253043445
51066627
135329353
570618809
489334816
477546440
548056668
476460273
683538680
557820851
148516861
155114584
518044570
95556376
648816111
721617140
324367954
614380239
204434900
42310282
486167898
436715057
3384
965243946
505115444
280128240
173643577
95673858
986345000
927052420
587220085
557820851
524632621
402737690
608423628
881775823
967102009
717552752
644290275
155714857
137067068
999661367
514245021
103961583
751109629
130159798
431530228
868296475
318294545
882679573
66430650
508203015
4826160
16977106
726185148
581264389
505115444
92363518
820777211
724962663
732126508
174710635
241709544
709235404
443607341
452035468
882679573
10
772214221
503444762
529078661
802916844
137067068
242026776
82229777
253043445
251297295
248590766
314413453
637653710
401062440
992407830
189276277
477546440
655015866
189874901
514245021
357391032
424614948
983780318
1037290
738200694
217697409
793477840
751885764
459756422
843974522
470598575
312084886
9482779
988302004
9482779
464063534
686406158
27810873
224519880
222148874
428131251
195828062
962403917
275127100
393658570
342330165
598374889
66605158
882679573
278081176
993246911
701834758
412396169
945309929
518044570
634247715
416753665
679855380
489334816
439752238
478420462
305174163
131225688
457230381
630174927
314116173
340980453
465231836
637653710
121413468
463535049
761448102
770935442
903221914
482020824
992407830
135329353
66923545
482866441
386265640
314409236
729747455
100441623
732126508
393451466
184151516
362399368
328784154
25322078
806442151
3384
823046072
767723920
23482358
677281996
507236163
693038154
749018590
705234926
103961583
585240519
767723920
912863145
39218592
769929921
386265640
347090776
831512117
93718562
79184239
318294545
764523640
995547968
470251328
686406158
928081222
705234926
933891365
330484397
459756422
845643346
843410497
316372179
297721548
159853745
227255957
149544260
470598575
549424140
200016492
698436690
704852441
93718562
895486726
393658570
658516737
773485779
705234926
294780030
100441623
981870925
780068949
34220901
58020252
277203963
130159798
174875262
431530228
991400574
715382041
912208782
34850360
67633894
498805845
999661367
137067068
362399368
281997584
795285863
335362996
431530228
240879853
291488420
470598575
412533633
174875262
375878039
563709000
199785190
556007948
892483606
137067068
514802540
493854947
224519880
107816356
988302004
66923545
100441623
34705104
32384110
178160982
165105338
431530228
940644413
975766271
913408437
892483606
555573743
68899906
680748079
193798935
270710518
919965156
454933126
32373650
899162623
277203963
222148874
732126508
568444889
912135238
186587623
732126508
207908345
693038154
80016873
758275802
34850360
487814049
241709544
178160982
225799444
70179378
758275802
378035016
672340633
100441623
108563469
669989313
176717014
195828062
648556615
314274700
16043708
178339009
78646918
70843747
34850360
454933126
931045595
211960357
290767032
962403917
967102009
393451466
992407830
270710518
689075782
3384
328784154
649032276
548056668
401062440
885392673
777161433
391011982
507236163
658516737
227547313
602121847
156911545
401062440
3998093
545525098
992780831
840517467
568444889
773485779
705234926
416976073
842176960
648816111
991435600
330936553
824309164
979992373
108563469
174875262
375415318
572031941
867677207
249479266
109320
793477840
340980453
882679573
729190925
224519880
928419854
716574648
130159798
171929375
23482358
328784154
329313371
102826131
444232445
773485779
67086855
770935442
821987704
482636632
452035468
199260963
529078661
548056668
996001420
493854947
716100284
117643267
239487316
884750607
278976413
713768775
885392673
129151366
589931035
914002411
58020252
959681273
129720502
585240519
677281996
770935442
535041618
693038154
669989313
416753665
304697117
251297295
730076821
117643267
240879853
273320985
90952525
329313371
362399368
9482779
467714031
162452126
184151516
482636632
842176960
773118870
439752238
495780310
34850360
967102009
820144652
387120643
103961583
777161433
156285460
373843460
416976073
189874901
375415318
716100284
341482505
4826160
713768775
4578874
874668115
50053873
849859696
275507421
413433988
70179378
303361801
335362996
286323725
249479266
165803742
444805188
581264389
637527856
598374889
729747455
608423628
113370599
585240519
457230381
798848612
110468114
32373650
137067068
862636349
649032276
881775823
68899906
933891365
843974522
988302004
669989313
150
749018590
672340633
379135191
898721940
3384
626701595
448224737
701834758
827874435
15228687
446874890
372339610
303361801
457230381
34850360
189874901
807500551
354740411
96507421
723257664
842176960
842125351
108563469
487814049
23482358
208917888
557820851
156285460
929788198
180013756
32384110
198025561
436715057
498805845
377867048
330484397
249479266
32287383
459756422
507779981
413960064
677029888
121413468
526602720
345422821
32384110
493854947
557820851
507634900
539831708
312084886
297721548
807973025
398089477
165803742
314409236
117643267
827874435
779898322
416753665
202970827
793477840
207908345
820777211
946278411
3761461
681324876
843974522
527030158
649329457
959681273
690319247
4578874
159853745
227382860
373635
834429163
294780030
669989313
174875262
370034781
940644413
328784154
193992127
779342623
715382041
96177646
933891365
1
773485779
849859696
330484397
464063534
354740411
991400574
328784154
131225688
393451466
121413468
405572486
927052420
778557779
996001420
102826131
704936703
690319247
714797570
413960064
472410295
962714137
297259656
326901762
50053873
489304047
986345000
868296475
797801158
66605158
58020252
585240519
248590766
882679573
357391032
275205258
977485422
384951437
988265960
557337497
198025561
807500551
401016825
129720502
714797570
693038154
439752238
821987704
78725267
704852441
980877287
918455197
291848212
607196614
412533633
980877287
242026776
416976073
90952525
992780831
163410716
713768775
865544553
486167898
349603248
679855380
451927396
644290275
454933126
251297295
794289386
959681273
96177646
478420462
387120643
498943403
867677207
384951437
178160982
338911730
340980453
373635
171929375
637653710
316372179
745810009
173879390
439752238
240879853
721617140
967102009
138732000
649032276
248004927
364670984
349603248
207908345
108563469
397991399
582665490
991400574
669989313
342330165
802676821
493854947
865544553
690319247
854887779
679855380
798848612
945455188
362399368
991400574
149544260
463535049
884750607
769929921
163410716
514811540
986345000
108563469
514245021
967102009
185930935
241709544
740630647
193275305
621372446
476460273
129151366
428131251
217697409
476531378
716574648
556007948
959681273
704936703
549424140
482866441
829563740
933866206
42310282
431530228
275205258
46701852
940644413
156911545
178339009
3998093
980877287
952041196
882679573
787638947
34705104
478420462
626701595
92363518
224026556
375415318
829563740
476531378
107816356
798848612
698436690
686406158
401016825
495780310
330936553
967705969
713768775
304697117
431530228
906691321
379135191
330936553
462480493
493854947
655213589
573375284
388061120
398089477
286323725
867677207
294780030
137067068
4578874
992407830
121413468
95556376
204618417
364670984
304697117
488102524
999863860
540791553
204434900
3384
354740411
698436690
108563469
634247715
868296475
751885764
413960064
314409236
807500551
457230381
412533633
855411358
338911730
341482505
294780030
677281996
373635
713620440
498943403
475634304
148516861
885392673
721617140
58020252
996001420
291848212
198025561
174875262
980877287
326901762
918455197
793477840
439752238
365777724
401056940
151667782
469337187
704827836
309914368
230604385
626701595
10
397991399
916298563
83761743
100441623
705234926
1037290
384951437
495780310
598374889
227255957
349603248
32287383
585240519
928419854
15228687
3384
729190925
70490549
933891365
831512117
991435600
764523640
672340633
330936553
83761743
689075782
503337797
931045595
547639059
386265640
66923545
619413329
225799444
555573743
347090776
183350824
193275305
297721548
568368152
211794326
992407830
478420462
275205258
532563273
706153832
230604385
893441124
32384110
788975441
912208782
706153832
977485422
475634304
171929375
452035468
587220085
125575379
740630647
562986044
806442151
840517467
93718562
269522820
933891365
820144652
397129535
538296889
589931035
66430650
794289386
224519880
398089477
199785190
658516737
42310282
428131251
810315344
199785190
251297295
431530228
416976073
193275305
820144652
211960357
415385114
291848212
916298563
121413468
476460273
93898630
732126508
369865985
67633894
745810009
488102524
357391032
795285863
66430650
706153832
493854947
993246911
168210228
362603295
347936478
465231836
278976413
305174163
349603248
32287383
529078661
135329353
874668115
135635332
787638947
144577080
928081222
293446446
154221862
10
738200694
626701595
477546440
476460273
138732000
895486726
764523640
918963463
107816356
457230381
439752238
758275802
780068949
273320985
623600860
227382860
834429163
165105338
4578874
156911545
555573743
313668215
354740411
637653710
165803742
873735929
773485779
713768775
719880165
451927396
231830205
452035468
596813636
342330165
179597442
330936553
17654090
903221914
114617150
100441623
494874175
172901029
211960357
298620610
862636349
34705104
745810009
82229777
211794326
498805845
683538680
178339009
125575379
898721940
451927396
698436690
397129535
704852441
163410716
24333935
714797570
626701595
314274700
686406158
137067068
1
644290275
298620610
914002411
854887779
843974522
764523640
758275802
270710518
273320985
193798935
101077190
240879853
34220901
312084886
114617150
918455197
704936703
795285863
10
770935442
251297295
820777211
189874901
482636632
788975441
637653710
110468114
495780310
608423628
486167898
413960064
814883038
738200694
704852441
793477840
275205258
431530228
529078661
464063534
457230381
204434900
113370599
193992127
623600860
673161982
777161433
165803742
849859696
814311938
469337187
630174927
527030158
108563469
568368152
70179378
253043445
1037290
927052420
243233848
690319247
508203015
365777724
644290275
463535049
294780030
70179378
27810873
537433993
328784154
769929921
462480493
509940157
545525098
375415318
138732000
329313371
876453826
253043445
67086855
814883038
66430650
227382860
514245021
988302004
424614948
372339610
345422821
962403917
230604385
885392673
4826160
993246911
895486726
770935442
912208782
416753665
700019087
314274700
58089715
655015866
770935442
181847325
761448102
527030158
557337497
162101766
275205258
927459611
280128240
155114584
581264389
749018590
113370599
163410716
548056668
988302004
467714031
463535049
135329353
135635332
39442365
849859696
181847325
304697117
368400084
680748079
738200694
144577080
24333935
314116173
95556376
1037290
705234926
912208782
393658570
165803742
700167415
562986044
27810873
704936703
415385114
174710635
270710518
545799002
773485779
386265640
362603295
25322078
159853745
773118870
39442365
365777724
349603248
862636349
462480493
644290275
428131251
66430650
137067068
369865985
981870925
544371466
988265960
25322078
196863569
598374889
788975441
15228687
913470977
290767032
46701852
993246911
135635332
16043708
10793415
557820851
793477840
248590766
305174163
178339009
794289386
648458271
335362996
779898322
293446446
386265640
773118870
178160982
165105338
3998093
928419854
548444787
704936703
585240519
1037290
137158394
1037290
240879853
793477840
732126508
962403917
855411358
156285460
183350824
683538680
251297295
338911730
114617150
162101766
477546440
470251328
940644413
637653710
732126508
185930935
482866441
568368152
945309929
654167456
940644413
92758893
928081222
15228687
67633894
745810009
787638947
431530228
584495720
130159798
716100284
874668115
114617150
630174927
46598156
487814049
318294545
598374889
799415820
723257664
977485422
885392673
135635332
679855380
479686226
67633894
581264389
690319247
820777211
946278411
167026947
200016492
626701595
389927427
562986044
211794326
404462807
168210228
3384
444805188
557337497
859819105
469337187
42310282
148516861
404462807
514802540
340980453
93232780
767723920
327541406
729747455
193275305
398089477
189276277
349603248
34220901
401016825
186587623
715382041
581264389
358268488
68899906
32384110
933866206
318294545
689075782
981870925
749018590
117643267
3761461
365777724
581264389
683538680
577766857
797801158
46598156
108563469
918455197
340980453
502650979
96177646
760220284
829633432
654167456
388061120
963962664
290767032
125575379
767723920
124887470
587704170
82229777
585240519
393451466
683538680
5777433
494874175
751109629
249420944
204434900
117643267
298620610
156285460
928419854
248590766
865077423
794289386
933891365
173643577
92363518
729190925
795285863
384951437
549424140
117643267
654167456
885392673
375415318
176717014
100441623
316372179
539831708
155114584
648816111
34220901
842176960
903221914
189276277
997308456
680441459
626701595
314413453
69349174
32384110
90952525
810315344
66605158
478420462
58020252
3998093
316372179
476531378
721617140
391011982
482020824
173643577
181847325
34705104
570618809
34850360
940644413
70179378
271787233
379135191
67633894
773485779
172901029
391011982
823046072
1
477546440
39218592
340980453
193992127
556007948
330936553
368400084
329313371
717552752
39218592
341482505
614380239
34850360
820144652
515659430
540791553
855411358
401062440
178339009
83761743
945309929
185930935
135329353
572031941
10
572031941
66605158
980877287
185930935
993246911
787638947
200016492
330484397
275507421
559651992
913408437
523007972
199260963
621372446
882679573
726185148
777161433
834235177
309914368
751109629
557820851
683538680
740630647
655385465
324367954
467714031
326901762
294780030
79184239
102826131
275205258
993246911
654167456
451927396
1
436715057
93898630
82229777
108563469
748679205
280128240
108563469
717552752
777161433
330936553
83761743
368400084
34705104
176717014
379135191
751885764
131225688
313668215
689075782
253043445
555573743
178339009
765638129
919965156
185930935
171735027
249479266
482866441
227547313
758275802
32111757
347090776
778557779
193798935
773485779
338911730
198025561
95673858
827874435
318294545
794289386
227255957
451927396
195828062
362603295
412396169
663349178
388061120
475634304
626701595
224519880
704827836
239487316
96177646
249420944
849859696
556007948
183350824
135635332
154221862
329313371
518044570
699758436
3384
709235404
388061120
806442151
173643577
365777724
648816111
217697409
67410822
368400084
711265915
621372446
121413468
34220901
22597962
273320985
107816356
273320985
199785190
172901029
193992127
436715057
630174927
648556615
992780831
314413453
903221914
362399368
93718562
874668115
882679573
714797570
290767032
477546440
996001420
865494791
709235404
295674129
842176960
124887470
156285460
369865985
738200694
996001420
903221914
413433988
912135238
314274700
918055945
470251328
977485422
149544260
393451466
940644413
162101766
462480493
874668115
69349174
663349178
316372179
369865985
983780318
354740411
436715057
769929921
470251328
689075782
96507421
364670984
596813636
397129535
505115444
482866441
275205258
217697409
903221914
507236163
431530228
482866441
940644413
369865985
225799444
898721940
514245021
95556376
959681273
51066627
67086855
295120083
401056940
107816356
303361801
988265960
363698038
174710635
389927427
151667782
746027107
884158612
946278411
110468114
963962664
16043708
193275305
3384
810315344
626701595
885392673
277203963
92758893
174575700
90952525
416976073
114617150
932160543
683538680
768731168
726185148
92758893
503444762
598374889
673161982
472750916
520195622
4826160
770935442
149544260
462480493
542494422
309914368
222734495
328784154
514245021
162101766
396805945
32287383
34705104
462480493
193275305
138732000
624650585
304697117
928081222
278976413
779370659
482020824
462480493
113370599
324367954
137067068
277203963
199785190
964982728
797801158
95556376
596813636
16043708
962403917
384951437
16977106
5351308
163410716
479686226
540791553
751109629
185930935
602121847
498943403
1037290
711265915
918055945
663349178
677281996
70843747
963962664
338911730
892483606
373635
992407830
275205258
514245021
347090776
807973025
200084664
814883038
649032276
537433993
412396169
275127100
16043708
793477840
806442151
379135191
867677207
607196614
919965156
927052420
165803742
751109629
655015866
705234926
726185148
711265915
10
716100284
240879853
507634900
793477840
189874901
342330165
842176960
200016492
965243946
459756422
186587623
174688151
107816356
865544553
716574648
294780030
138732000
70179378
557337497
68899906
349120238
743928632
176717014
365777724
117643267
314274700
729190925
156911545
149544260
78646918
93718562
706153832
698436690
918055945
572031941
527030158
230604385
362603295
608423628
162452126
211794326
587704170
721617140
176717014
704852441
716100284
672340633
93232780
174875262
715382041
885392673
562986044
952041196
275507421
95673858
108563469
67410822
162452126
758275802
316372179
477546440
772214221
557337497
27810873
184151516
598374889
644290275
829563740
573375284
780068949
313668215
24333935
743928632
362603295
824309164
95673858
814883038
568368152
305174163
156285460
257768931
248590766
67086855
806442151
278177254
129151366
716100284
751885764
977485422
716100284
977485422
680441459
918055945
928081222
573375284
928419854
316372179
82229777
723257664
988302004
508203015
227547313
836402139
944134760
107816356
482866441
397129535
680748079
149544260
4578874
168210228
946278411
769929921
793477840
198025561
802676821
507634900
70179378
963962664
728091607
505115444
278081176
723257664
797801158
454933126
309914368
470598575
540791553
133162708
999661367
806442151
807973025
493854947
179597442
895486726
945309929
749018590
121413468
843410497
545525098
648816111
398089477
962403917
293446446
3384
704936703
768731168
602121847
939257435
840517467
397991399
933891365
993246911
728091607
472750916
818265792
865544553
309914368
253043445
239487316
981870925
405572486
178160982
843410497
303361801
614633990
704936703
439752238
358268488
779370659
412533633
781502378
568368152
405572486
316372179
387120643
347090776
46598156
814883038
373635
884158612
339865659
967102009
198025561
227547313
291848212
548444787
103961583
482020824
93232780
507634900
655015866
350283743
179597442
746937336
135635332
980877287
476460273
672340633
777161433
171929375
345422821
173643577
498805845
413960064
495780310
375415318
767723920
704936703
928081222
690772416
200016492
482020824
582665490
46701852
16977106
253043445
542494422
162101766
102826131
589931035
630174927
482020824
798848612
690319247
885392673
293229382
405572486
842176960
95673858
165105338
92363518
672340633
443607341
67410822
582665490
269522820
717552752
795285863
369865985
493854947
451927396
151667782
375415318
488102524
623600860
193275305
834429163
249479266
452035468
933866206
92363518
626701595
467714031
78646918
130159798
185930935
810315344
979992373
824309164
649329457
732126508
582665490
524632621
46598156
732126508
482020824
541780290
865494791
557820851
689075782
729190925
15228687
952041196
479686226
362399368
312499983
329313371
570618809
329313371
90952525
493854947
769929921
224519880
103961583
401056940
842176960
227547313
387120643
516383057
884158612
178160982
677281996
479810800
95556376
689075782
102826131
933866206
787638947
193992127
747363900
248590766
162101766
117643267
798848612
401016825
843410497
979992373
820144652
779342623
903221914
165105338
488102524
945079603
493854947
570618809
713620440
270710518
415385114
218126996
397991399
498805845
728091607
713620440
176728951
768731168
186587623
58020252
904461052
404462807
375415318
171929375
249420944
193275305
168210228
439752238
913408437
981870925
173643577
386265640
746937336
16977106
198025561
379135191
862636349
940644413
767723920
66923545
46598156
96177646
309914368
673161982
275205258
706153832
25322078
78646918
729747455
393451466
912208782
931045595
66605158
751109629
705234926
100441623
494874175
885392673
39442365
928419854
454933126
992407830
338911730
173643577
354740411
494874175
803039224
873735929
868296475
898721940
794289386
240879853
829563740
732126508
964982728
893441124
981870925
342330165
354740411
225799444
889380823
542494422
730076821
465231836
444232445
318294545
102826131
853612148
342330165
303361801
516383057
582665490
364670984
397991399
379135191
413433988
173879390
454933126
208917888
962403917
482866441
179597442
865544553
431530228
68899906
913408437
882679573
304697117
1037290
464063534
162101766
933891365
373635
516383057
472750916
477546440
137067068
542494422
273320985
568444889
693038154
705234926
364670984
486167898
124887470
388061120
807973025
277203963
751109629
716100284
344383005
884750607
397991399
149544260
693038154
548444787
227547313
992780831
372339610
397991399
996001420
181847325
589931035
416976073
991435600
738200694
413960064
912208782
980877287
51066627
482866441
965243946
516383057
988302004
15228687
499383185
464063534
362399368
129720502
557820851
174710635
168210228
690319247
101902091
749018590
1
156285460
658516737
95556376
280128240
189874901
393658570
992780831
634247715
964982728
249420944
568368152
270710518
278976413
634247715
568444889
818265792
312995436
614633990
979992373
314413453
83761743
884158612
373760785
933891365
821987704
927052420
758275802
713620440
807500551
304697117
424614948
649329457
212343408
658516737
328784154
316372179
186587623
874668115
162101766
439752238
648816111
713768775
773118870
130159798
779342623
93898630
286323725
895486726
316372179
66923545
95673858
130159798
130159798
476531378
829563740
843974522
405572486
10
991435600
780068949
96507421
661815621
51066627
354740411
689075782
514811540
253043445
614633990
465231836
32373650
463535049
874668115
316372179
690319247
184151516
693038154
401016825
476460273
125575379
794289386
843410497
724962663
314116173
413433988
482020824
881775823
384951437
698436690
275205258
304697117
49189913
779342623
130159798
608423628
802916844
557820851
117643267
683538680
749018590
375415318
568444889
899162623
341482505
507634900
173643577
275127100
273320985
834429163
482636632
397129535
568444889
761448102
173879390
843974522
174710635
476460273
39218592
491769014
70490549
931045595
314274700
92363518
648556615
655015866
39442365
689075782
746937336
508203015
772214221
234576327
728091607
508203015
962714137
797801158
138732000
912135238
824309164
514245021
743928632
854887779
996001420
919965156
208917888
489334816
335362996
996001420
200016492
225799444
291848212
912863145
305174163
498943403
933866206
489304047
962403917
849859696
996001420
154221862
505115444
227382860
16977106
413433988
149544260
518044570
505115444
476531378
125575379
17805573
999661367
824309164
67410822
149544260
556007948
242026776
240879853
880600192
253043445
843974522
797801158
397991399
518044570
109320
477546440
305174163
156285460
723257664
363861554
67633894
185501014
362399368
779898322
5949845
326901762
803039224
448224737
304697117
798848612
148516861
773118870
626701595
568368152
189276277
849859696
277203963
672340633
818265792
69349174
654167456
827874435
729190925
602121847
125575379
683538680
596813636
436715057
716100284
286323725
773118870
715382041
234966054
251297295
738200694
898721940
963962664
32111757
189874901
884750607
745810009
68899906
587704170
842176960
66430650
3761461
780068949
503337797
199260963
3384
797801158
10
991400574
275507421
389927427
751885764
379135191
165803742
516383057
416753665
545525098
831512117
458432099
324367954
342330165
916298563
227382860
345422821
324367954
988302004
698436690
802916844
1
728091607
171929375
373635
648556615
286323725
746937336
614380239
138732000
412396169
949475331
820144652
518044570
108563469
946278411
927052420
354740411
865544553
451927396
82229777
273320985
777161433
918455197
764523640
275205258
4826160
326901762
27810873
827874435
469337187
621372446
898721940
661815621
840517467
189874901
39218592
168210228
162452126
275442700
288203679
415385114
555573743
404462807
486159419
412396169
375415318
967102009
347090776
613881118
372339610
428131251
489304047
465231836
98312187
314409236
281255127
545525098
224026556
514811540
184151516
70179378
993246911
330936553
572527892
222148874
176532805
96177646
82229777
218527347
1037290
745810009
151667782
269522820
751885764
129720502
928419854
693038154
885392673
222148874
527030158
318294545
559651992
110468114
823046072
78646918
683538680
988265960
92363518
773485779
648816111
769929921
178339009
227465186
751109629
423571742
174710635
516383057
135635332
444805188
1
372339610
549424140
716100284
963962664
634247715
489304047
855411358
749018590
173879390
621372446
868296475
405572486
92363518
67410822
241709544
658516737
32111757
608423628
66605158
286323725
986345000
981870925
342330165
881775823
798848612
514811540
458432099
477546440
344383005
451927396
498805845
458432099
793477840
387120643
768731168
899162623
311503800
282646249
207908345
587704170
721617140
78646918
34705104
470598575
393451466
431530228
389927427
503444762
916298563
748679205
198025561
991400574
772214221
131225688
16977106
548056668
51066627
151667782
918055945
335362996
95556376
637653710
185501014
373635
298620610
368400084
820144652
479810800
559651992
464063534
928081222
354740411
798848612
772214221
401056940
770935442
344383005
23482358
690319247
802676821
768731168
96507421
107816356
280128240
557337497
738200694
779370659
475634304
176717014
416753665
385229302
928419854
488102524
34220901
818265792
614633990
10
373635
868296475
362399368
919965156
988265960
324367954
1037290
933891365
767723920
199260963
156285460
208917888
617713359
23482358
760224043
162452126
778557779
275127100
518044570
135740982
670146235
138732000
195828062
227255957
349603248
648427427
32384110
32111757
121413468
68899906
542494422
227382860
981870925
761448102
704827836
630174927
683538680
314274700
290767032
779342623
454933126
587220085
918455197
545525098
92363518
730076821
549424140
729190925
275205258
698436690
245298903
568368152
357391032
224519880
253043445
163410716
814883038
570618809
721617140
70179378
358268488
555573743
663349178
537433993
198025561
401056940
689075782
181847325
138732000
249479266
10
823046072
159853745
913408437
514245021
700167415
248004927
129151366
626701595
630174927
326901762
326901762
412533633
514245021
34850360
747363900
680748079
401056940
347090776
933891365
865494791
710554873
230604385
377867048
154221862
451927396
814883038
798848612
162640752
345422821
709235404
794289386
529078661
868296475
748679205
654167456
467714031
273320985
377867048
991400574
241709544
131225688
224519880
162101766
829563740
248590766
748679205
479810800
211794326
199260963
309914368
277203963
761448102
542494422
798848612
802916844
892483606
999661367
503337797
103961583
176717014
365777724
704827836
67410822
946278411
648556615
135635332
458432099
316372179
124887470
51066627
362603295
24333935
773118870
401062440
298620610
626701595
986345000
242026776
621372446
884158612
304697117
464063534
556007948
185501014
981870925
103961583
747363900
874668115
3998093
477546440
269522820
405572486
514811540
821987704
66923545
96177646
797801158
548056668
227382860
514245021
372339610
705234926
979992373
820777211
518044570
854887779
1037290
713768775
849859696
498805845
179597442
648816111
404462807
95556376
494874175
170864699
807973025
795285863
457230381
173643577
965243946
963962664
70843747
193798935
416753665
770935442
364670984
868296475
505115444
364670984
979992373
436715057
728091607
568444889
159853745
363861554
185930935
469337187
135329353
698436690
475634304
802916844
388361137
130159798
129720502
227547313
357391032
171929375
32287383
342330165
494874175
278976413
316372179
368400084
613881118
458432099
672340633
170864699
492934833
297721548
388061120
557820851
795285863
362399368
227547313
138732000
67410822
992780831
933891365
110468114
705234926
704852441
378924682
227255957
67633894
96507421
312084886
121413468
375415318
991435600
494874175
16043708
167026947
778557779
918055945
324367954
573375284
716574648
993246911
862636349
614380239
885392673
312084886
329313371
137158394
393451466
843410497
589931035
278976413
398089477
416976073
933891365
3761461
821987704
732126508
706153832
479810800
713620440
928419854
539831708
34850360
709235404
912135238
637653710
462828415
452035468
162101766
249420944
3761461
444805188
183350824
711265915
634247715
873735929
159853745
211960357
4826160
303361801
275205258
129720502
286323725
505115444
899162623
807973025
730076821
189874901
156911545
920774398
368400084
373635
131225688
767723920
227255957
304697117
587704170
297721548
314274700
388061120
673161982
745810009
995547968
529078661
416976073
748679205
472750916
176717014
240879853
137158394
489334816
369865985
988265960
42310282
637653710
628885488
298620610
912863145
364670984
952041196
193992127
713620440
415385114
669989313
929788198
67633894
358268488
138732000
580553435
673161982
486167898
395560673
747363900
988302004
51066627
658516737
626701595
724962663
881775823
124291626
649329457
278081176
366832594
415385114
443607341
673161982
34220901
154221862
573375284
362603295
770935442
200016492
349120238
345422821
899162623
114617150
444232445
680441459
363861554
717552752
349120238
70179378
363861554
989570784
92758893
738200694
365777724
342330165
649032276
298620610
290767032
919965156
412396169
489304047
806442151
428131251
249479266
747363900
773118870
342330165
489304047
884158612
964982728
372339610
375415318
225799444
764523640
368400084
988265960
278081176
208917888
854887779
108563469
854887779
326901762
986345000
129720502
357391032
977485422
821987704
959681273
298620610
335362996
705234926
476531378
293446446
4578874
527030158
549424140
369865985
991400574
178339009
368400084
388061120
124887470
516383057
199260963
679855380
952041196
582665490
16977106
469337187
738200694
444805188
32384110
416753665
129151366
3998093
717552752
388061120
269522820
270710518
165105338
827874435
919965156
273320985
545525098
93898630
67410822
798848612
854887779
372339610
658516737
882679573
4578874
397991399
171929375
186587623
865494791
100441623
623600860
66923545
964982728
513434846
494874175
489334816
626701595
613881118
312499983
537433993
208917888
69349174
388061120
428131251
772214221
834429163
162101766
568444889
862636349
988265960
849859696
3998093
548444787
979992373
621953698
369865985
726185148
94586084
168210228
113370599
602121847
129720502
189874901
568368152
144577080
67410822
918455197
10
168210228
549424140
293446446
163410716
70490549
198025561
465231836
865494791
242026776
798848612
280128240
495780310
82229777
163410716
672340633
389927427
634247715
50053873
715382041
527030158
413960064
150
368400084
373635
372339610
814883038
121413468
740630647
340980453
991400574
163410716
103961583
865544553
482020824
700167415
312084886
314274700
476531378
489334816
335362996
479810800
854887779
66430650
454933126
655015866
829563740
459756422
582665490
689075782
448224737
962714137
498943403
807500551
369865985
338911730
211794326
387120643
298620610
842176960
67633894
66605158
227382860
436308696
843974522
462480493
479810800
876514588
27810873
3761461
946278411
914002411
439752238
50053873
176717014
193992127
882679573
416976073
309914368
770935442
634247715
9482779
278081176
607196614
779370659
655015866
227547313
979992373
539831708
587220085
384951437
854887779
470251328
464063534
70843747
66605158
977485422
125575379
92363518
312499983
467714031
253043445
644290275
814883038
200016492
431530228
463535049
729747455
587704170
70179378
798848612
3998093
365777724
912208782
189874901
873735929
117643267
928081222
644290275
9482779
109320
275127100
349120238
549424140
802916844
149544260
494874175
479686226
32373650
459756422
991400574
823046072
181847325
482636632
779342623
9482779
995547968
686406158
227382860
831512117
27810873
135635332
498805845
189276277
494874175
416753665
865494791
658516737
67086855
179597442
686406158
314116173
898721940
389927427
392817535
680748079
413960064
777161433
199260963
199260963
240879853
463535049
34850360
179597442
658516737
27810873
145921599
690319247
693038154
862636349
539831708
714797570
988302004
764523640
581264389
849859696
178339009
186587623
779342623
993246911
568368152
373635
797801158
217697409
199785190
494874175
66605158
345422821
655015866
679855380
341482505
42310282
912135238
992407830
412396169
679855380
472750916
363861554
704936703
347090776
724962663
93232780
269522820
747363900
556007948
227465186
67410822
39218592
290767032
39442365
779898322
328784154
761448102
992407830
67633894
927052420
931045595
507236163
401056940
777161433
46598156
159853745
479810800
293446446
108563469
110468114
398089477
933891365
424614948
572031941
326901762
498805845
621372446
83761743
416976073
129720502
124887470
15228687
405572486
608423628
803039224
726185148
548056668
168210228
347090776
630174927
200016492
165105338
103961583
746937336
372339610
248590766
70843747
286323725
865494791
467714031
581264389
165105338
648556615
823046072
165105338
248004927
93718562
761448102
773485779
156911545
557337497
842176960
39442365
498805845
893441124
673161982
498805845
849859696
995547968
854887779
93898630
68899906
416976073
701834758
903221914
778557779
198025561
549424140
806442151
135635332
855411358
716574648
788975441
513434846
379135191
779342623
690319247
275127100
211794326
608423628
824309164
842176960
224026556
58020252
503444762
195828062
751109629
211960357
630174927
200016492
962714137
275127100
999661367
977485422
983780318
991400574
130159798
596813636
717615690
865544553
967102009
114617150
582665490
372339610
729747455
940644413
701834758
751885764
882679573
542494422
69349174
90952525
50053873
927052420
384951437
807500551
758275802
798848612
130159798
278081176
129720502
117643267
174875262
404462807
294780030
23482358
873735929
715382041
991435600
868296475
129151366
818265792
548444787
95556376
729747455
797801158
74346785
67633894
249479266
95673858
634247715
107816356
498805845
452035468
230604385
704827836
673161982
251297295
312499983
683538680
129151366
467714031
129720502
849859696
769929921
463535049
170864699
463535049
32373650
940644413
398089477
946278411
849859696
855411358
507634900
992407830
368400084
316372179
51066627
185930935
634247715
967102009
171929375
927052420
507236163
451927396
117643267
767723920
977485422
913408437
163410716
557820851
46598156
70843747
232794877
946278411
596813636
959681273
780068949
92363518
293446446
630174927
100441623
988302004
780068949
472750916
874668115
211960357
482636632
92758893
593840392
362603295
598374889
482866441
294780030
138732000
135635332
189874901
173879390
129720502
241709544
93232780
273320985
165105338
807500551
9482779
347090776
199260963
764523640
375415318
316372179
514802540
626701595
963962664
797801158
286323725
514811540
482020824
991400574
802676821
124887470
663349178
881775823
204434900
3761461
93232780
562986044
979992373
278081176
999661367
963962664
10
548444787
884750607
873735929
32373650
369865985
193275305
919073459
873735929
991435600
162101766
208917888
993246911
868296475
607196614
549424140
454933126
893441124
174710635
224026556
93898630
211960357
764734747
189276277
