871203948
84337573
596813636
495780310
608423628
745810009
387120643
993004110
973075519
130159798
275507421
933891365
545525098
637653710
32287383
903221914
865544553
242026776
18559486
93718562
148516861
520624210
626701595
10
4578874
608423628
168358247
199785190
898721940
28507085
573689352
367983053
193992127
884750607
273320985
514446255
349120238
177620627
181847325
554641459
877621613
297721548
208917888
362603295
469699405
983031467
282624404
602121847
107816356
747363900
436715057
482020824
79184239
275205258
827874435
369865985
603447940
225799444
276369564
121413468
298445310
493854947
92758893
3384
475634304
716100284
46598156
124887470
449087506
137067068
470598575
487814049
342330165
658592803
804272098
499145198
436715057
772948536
991400574
312499983
727848638
436715057
415385114
698436690
138732000
787258330
4578874
673161982
415025767
686406158
658516737
940644413
598374889
503337797
997244223
397129535
493854947
331038207
907411055
173154228
514245021
600775726
829563740
991435600
487843209
66967244
751549587
186587623
108563469
130159798
963962664
227382860
273320985
655015866
354740411
314413453
596038869
568368152
249420944
369865985
145713160
137158394
484333472
661815621
150
157974311
389927427
452035468
621372446
982212628
223551677
68899906
602121847
904462736
484465387
964982728
772214221
718410834
137067068
78646918
751109629
540791553
318682134
940644413
802676821
564972789
275127100
687479138
514811540
436715057
562986044
602121847
108563469
508884589
541216795
980877287
305696154
769929921
262579767
454933126
546760606
3509669
162101766
920921516
493854947
27810873
761095598
240103812
967897460
189097629
855317905
730354865
788975441
299686902
50474314
743091612
745942306
224026556
342330165
490490002
714797570
980877287
83761743
278081176
498805845
349603248
212337854
568368152
52186497
349603248
680748079
705234926
640265912
341482505
640750174
344383005
93898630
576788371
865544553
91689505
977402107
540791553
199260963
150
803039224
199260963
9540378
482020824
564754544
541955817
416753665
27819700
988265960
685917949
992780831
965243946
207908345
125575379
807973025
541525704
751885764
780068949
897002406
92363518
103961583
384951437
975037765
663349178
472750916
167026947
165803742
644290275
305174163
773118870
229628975
397991399
254742859
137402165
539831708
362399368
942069029
248590766
185255719
922042196
96507421
899162623
144262813
340980453
393658570
4826160
275127100
82229777
726185148
271617320
979761676
208917888
885392673
386265640
32384110
673161982
415385114
878055475
174875262
225799444
290412063
602121847
516581916
596813636
199260963
873735929
96507421
821987704
387120643
249420944
806442151
236404939
672340633
894373011
635890496
66430650
921764058
802676821
831512117
509366011
548056668
415385114
467714031
927361187
364670984
960514431
540791553
305174163
621207880
807973025
634247715
114617150
704852441
365777724
836087628
542797934
114617150
506884922
807500551
650814350
704852441
953687467
629142671
986345000
108563469
679855380
34220901
767567668
96177646
59363369
679855380
298620610
305346247
443607341
207908345
988302004
946278411
807973025
912208782
695653850
964982728
807973025
84767954
949227239
5399281
265774861
121566362
393658570
661815621
161953567
178339009
163410716
326901762
912135238
794289386
876908987
988302004
278976413
278976413
740630647
729190925
359649592
16977106
642867069
740630647
832121063
272789411
444805188
66430650
528204059
482636632
159853745
510421551
78646918
104379282
542525827
527030158
498805845
478420462
661815621
598374889
891592720
647308651
865494791
778557779
946046892
954797179
180875729
1
185796017
556007948
683538680
227255957
680441459
329313371
911035711
25322078
843974522
26253201
436715057
903221914
524632621
510900744
779370659
59826812
165978719
714797570
598374889
188898068
672002085
498805845
495780310
362603295
491593776
27810873
307567271
890754912
946642939
568444889
242026776
362603295
568368152
464416412
692306855
661815621
49269989
470598575
713610229
933891365
424614948
802676821
208917888
717552752
58020252
765919298
195828062
92363518
294780030
442261584
700167415
165105338
726185148
227547313
424614948
865494791
398089477
988265960
584854786
255357613
25322078
967102009
865544553
4826160
409704148
467116952
806442151
22921199
335362996
936789221
977485422
93898630
704852441
623164385
260123341
120344488
988265960
329313371
305174163
991400574
227045955
344383005
686916281
257184767
658516737
32287383
796177743
503444762
227255957
412533633
988302004
482866441
714797570
993246911
607196614
778557779
92989585
359321445
376759090
756182459
67086855
312499983
854887779
176428178
723093282
637653710
275507421
493854947
122521388
502951337
699413869
397129535
802676821
167026947
988265960
462480493
32287383
362603295
278976413
289503014
58020252
448381897
149544260
463263678
679855380
138489966
399287365
393658570
568368152
769929921
844639460
32287383
275127100
269522820
92363518
912836685
788798743
764523640
455794661
436715057
146561370
130159798
189874901
227465186
933866206
772214221
501667642
683538680
125173346
222133092
575334280
991400574
93898630
634247715
711265915
184151516
459930114
602121847
741671381
467714031
372339610
514245021
758929662
486095279
249479266
945309929
318294545
857795565
700167415
405572486
298811450
191878953
211960357
829563740
780068949
309914368
412341844
148516861
314413453
273320985
764523640
634247715
113370599
109320
548444787
269522820
927994419
933866206
649794595
745810009
482636632
919965156
96177646
884158612
330936553
726185148
728091607
169591294
626701595
988302004
882082812
32287383
96177646
720213541
444805188
404462807
788651371
770935442
184151516
525058873
598374889
705816968
550588640
275507421
249479266
404462807
92758893
843410497
814861085
891514992
444232445
258841757
82567333
320524536
364670984
704936703
463535049
249420944
275507421
389927427
165803742
467714031
842062006
925056590
769929921
746937336
412396169
517883311
66923545
884750607
414494244
912830275
220584926
516308903
652242471
107816356
773118870
333309378
387120643
511005030
165105338
794289386
372339610
46701852
316372179
324367954
224026556
341482505
684021774
488102524
165105338
193963194
648556615
268071259
32373650
505115444
436715057
608423628
760851867
634247715
690319247
559735267
717552752
486167898
32373650
529301260
751885764
683538680
183901936
58020252
167026947
479810800
820777211
471416056
916456156
948821014
367516393
514687562
807973025
193556926
342330165
494874175
749395496
254869597
501101924
309914368
199260963
912208782
227465186
248004927
963910210
93718562
556007948
751109629
251297295
218986944
654167456
824309164
936427429
548056668
96507421
489334816
598374889
751885764
291848212
389689842
471604643
884158612
227382860
23482358
401630703
347090776
206677140
185501014
505115444
193992127
827874435
318010891
397129535
324367954
364670984
70843747
751109629
86860395
661815621
404321633
237708285
193275305
109320
269522820
514245021
424614948
27810873
524632621
803985422
988265960
808639078
883764298
468276057
716574648
193275305
199260963
388061120
648556615
965243946
614633990
507634900
296756359
516383057
23482358
545525098
1
329313371
658516737
227382860
198574961
498943403
867446474
912208782
992780831
919965156
32287383
728091607
25322078
857125275
227465186
721617140
309914368
314409236
363888368
105186838
866876288
149544260
746937336
281204806
827874435
649032276
162101766
702311785
92758893
889010649
746937336
4826160
963962664
30776476
604529253
404462807
178339009
796469031
302757272
456632237
572480354
979992373
700167415
933866206
966659196
369865985
843410497
242026776
524632621
728091607
309914368
807973025
290767032
637653710
97806681
527030158
536847278
66430650
493854947
27141593
482636632
69349174
151667782
93718562
364670984
172901029
557820851
175872112
527030158
275205258
950430531
946035511
200016492
459756422
717975038
373635
539831708
172901029
614633990
170864699
607196614
773485779
269522820
637653710
590106891
344613212
486167898
248004927
575234707
516347689
287308232
507634900
795285863
501326130
331887562
831512117
972717112
954967620
507236163
67633894
4578874
239487316
199260963
68899906
457230381
174537173
229351912
195828062
611088823
686406158
56176185
353880108
998465546
338479665
598672300
770226851
764523640
584908728
83761743
291848212
275205258
648816111
596813636
89609483
884158612
630426467
281255127
827874435
486708437
3100151
655015866
229458596
66605158
291848212
182091486
175430322
527030158
668689166
545525098
227255957
172901029
770935442
364670984
66605158
802916844
10
472750916
189194609
39218592
690876897
329313371
230137572
504674272
641242615
26588775
581769553
714797570
980877287
837523195
249479266
108563469
539831708
96168858
443607341
426525192
326964354
654344294
239487316
151667782
375415318
312499983
242026776
92758893
325951523
227382860
590116248
236556004
898721940
117643267
960985369
784779146
109320
16977106
242181421
46598156
649329457
594119592
991431406
548056668
324367954
997069688
150
477948943
780068949
10
100441623
514245021
843410497
342330165
724010255
399700425
705234926
70843747
552287080
193992127
66430650
429185789
771154608
486167898
443607341
716477208
22273258
144577080
349120238
10
498805845
965243946
933891365
654167456
316372179
864580935
297721548
479810800
498805845
362603295
703763531
150080816
720105716
784392908
862636349
1037290
728091607
881699583
428153130
168210228
398089477
304697117
280727671
918346114
227382860
988265960
278976413
719799528
498943403
93587924
269522820
326901762
122014639
545525098
70267147
379135191
988616171
154335751
227255957
39218592
397991399
758642254
991400574
231204551
981870925
920480654
443607341
428452543
913408437
129151366
193275305
151667782
636204063
865059038
130159798
882163937
111715593
130159798
667450922
193992127
255506406
4826160
1
999825957
614380239
986345000
581264389
655015866
86007818
249479266
494730720
556007948
164521278
992407830
605533846
162101766
940644413
494874175
281255127
370622693
862636349
442726145
574788100
995547968
2998834
113370599
626701595
178339009
718546877
913858568
770935442
727438500
928419854
891219937
122950734
767789133
494361428
32373650
369865985
162452126
193275305
912135238
716100284
302522775
716100284
729190925
269522820
626823379
704936703
413960064
867677207
198025561
482866441
544153589
516379931
745810009
558344065
475634304
787638947
384951437
940644413
928419854
330887902
397991399
208917888
349120238
516383057
786529199
197701640
946278411
819735781
198025561
736223146
714755602
977485422
650399193
507634900
278976413
516960252
807973025
165745031
199785190
824309164
964982728
683538680
239487316
965243946
163410716
467714031
143384655
105413472
667695286
4578874
791178721
275507421
624620160
87112605
684727941
207908345
93898630
159051105
349603248
155114584
650228609
267116127
4578874
227153491
823046072
618139528
369865985
60472748
340980453
578710171
362603295
861935522
163410716
613934156
444232445
446026144
979992373
78927500
866233859
224026556
585240519
881775823
993928899
988265960
227255957
704827836
397129535
807973025
34220901
814257501
165803742
416433550
487814049
418839151
148516861
581264389
693689273
745810009
977485422
741849472
221168624
159853745
649329457
798295569
919965156
825277018
287723320
227465186
275205258
479810800
824309164
945309929
270710518
511432032
661815621
103961583
1
416976073
967102009
614380239
986345000
482020824
518690273
913146058
868296475
953404276
600812014
202603214
995530369
533427486
486167898
212715901
202920493
555573743
148516861
129720502
312499983
454933126
273320985
670404340
567366363
503444762
618029208
79772176
983780318
344383005
201407392
336724978
951047621
72876411
66605158
821925334
167026947
977485422
664865264
32287383
335362996
714797570
70593518
764523640
183750001
470598575
992407830
608423628
573375284
227547313
110468114
956048475
275507421
465199202
669377670
383397254
478420462
588000736
942068316
843974522
153138517
249420944
623765552
486603468
387521729
251297295
806442151
440571400
454933126
507175844
912135238
761813789
128581217
388061120
82229777
108563469
309914368
395476266
824367290
415385114
505115444
557820851
530184335
721617140
444232445
772527399
729190925
96507421
747363900
884750607
286351959
1037290
364670984
240879853
710636849
187810877
326901762
788975441
195828062
702418855
602121847
354740411
963962664
109320
709235404
740630647
921998292
172868754
365049417
902764468
630174927
769374795
451927396
826961371
275507421
386265640
568368152
341146494
144251462
946146805
357737883
772214221
273647795
354740411
4826160
458432099
862636349
103961583
249420944
200016492
149105495
365777724
716100284
61420799
885392673
874763791
609568341
706153832
397129535
149871581
70843747
479810800
648816111
291296703
780068949
369758844
503337797
349603248
494452444
524632621
919965156
923345350
470598575
379561567
507236163
663248526
397991399
602121847
96177646
767879117
166760240
412533633
514802540
728091607
178055950
963962664
648816111
683538680
922965024
867677207
27097983
478420462
35832524
67086855
602372823
39218592
913511731
269522820
968380699
43504581
150
436715057
275507421
705234926
493854947
93232780
99030018
458372029
99535456
717552752
12019169
840517467
872584177
716574648
159853745
824309164
162150812
400853296
26056338
95556376
467714031
556007948
993246911
360939654
58020252
648816111
823046072
297721548
457230381
585122134
270710518
39218592
928419854
229192100
700167415
587811525
854887779
905104193
277086720
814883038
457705034
823840053
590477551
266922823
200016492
428219195
678495171
653390745
988302004
133444549
843410497
503444762
92363518
46598156
562986044
983780318
179597442
96541915
291535147
121413468
503444762
873735929
273320985
624348978
32384110
290767032
149544260
751961926
820777211
384951437
3384
124887470
342330165
36365166
545525098
114617150
494874175
32373650
740630647
745810009
298620610
773118870
663349178
108601892
81870868
585776451
751109629
965243946
240879853
700167415
443607341
379135191
643407680
350755404
198025561
192594084
42310282
758251402
751109629
208917888
602136719
964033804
862636349
965243946
926193780
823662838
67086855
918055945
355398229
405572486
607431925
810478420
747363900
189874901
65347847
181847325
132906248
482636632
521450592
226306795
193275305
581264389
934922225
429337133
385011192
16977106
181847325
588189821
903221914
837033830
887337845
579685325
226031624
144577080
3761461
275127100
349603248
541234515
940073207
482020824
424614948
648816111
769929921
581056745
376562146
442670208
275205258
493854947
458432099
229250239
365777724
391409649
335362996
167026947
382847867
614380239
514802540
251297295
698436690
873735929
109320
66605158
471259454
457230381
398089477
665322816
574763171
198025561
148516861
912135238
32935567
401016825
993246911
977485422
600483985
349603248
700167415
983601154
93718562
707773900
894467937
514245021
667940079
27810873
477546440
242026776
738200694
298433145
885392673
364070111
207908345
96177646
768731168
439752238
780068949
113370599
636257856
67633894
548502209
293127266
82229777
540791553
436715057
273150549
823046072
344383005
167683349
820144652
92363518
829563740
70179378
418208504
297001467
181746540
413960064
607044204
78646918
527030158
977485422
487814049
596813636
130159798
749018590
865494791
23963301
491134245
683538680
982710303
862636349
648816111
607196614
191099641
983780318
549424140
27810873
549350509
341482505
717552752
431311190
187805357
829563740
47501993
983780318
607196614
510612853
929418336
929788198
91709570
634944535
130159798
505115444
488698565
162101766
100441623
23482358
16977106
121413468
397991399
83433302
379135191
745810009
450718515
199260963
704936703
425845853
150706565
540715032
68899906
338911730
542865111
685006038
960830481
37208878
772170400
643074682
108563469
349603248
735079296
769929921
349603248
872347860
842176960
945309929
96177646
198025561
527030158
800227136
163410716
387120643
779370659
993058604
353925620
168210228
314274700
269981923
34850360
199183988
275205258
74484966
242350416
168210228
607196614
170864699
429185420
540791553
82794394
711265915
32373650
885392673
512555435
995547968
185930935
397421696
928419854
802916844
443607341
174875262
986436207
981524308
386265640
688059848
824309164
516197904
318294545
150
818265792
467714031
392545895
705234926
704852441
913408437
608949746
548444787
198454087
129720502
771672543
721617140
83761743
165105338
903221914
232137749
719152395
103961583
467714031
986633009
3384
333488469
881775823
787638947
124887470
461549142
743007160
679855380
545525098
10
721617140
845552570
526969298
961567738
336009811
110468114
678350761
386265640
316372179
945309929
661954497
69349174
747028905
454933126
452035468
684253333
740531910
391143274
719501110
918055945
67086855
885392673
614380239
898721940
740630647
412533633
235172722
806871979
787638947
548444787
221534001
298620610
70843747
251305539
992780831
307442219
331021756
614380239
875638783
58020252
329313371
824309164
342589259
137158394
148516861
383363133
198498449
337383399
484614358
903221914
540791553
69749874
602121847
991435600
743928632
92363518
208917888
903221914
55790293
357354841
341482505
154221862
803039224
798937627
896418388
436715057
324367954
453428553
416976073
788831459
31979692
370983583
32373650
402775820
735738662
174875262
249479266
524632621
717552752
466501014
751885764
995547968
343522182
477546440
929690124
4578874
398089477
282541761
788975441
795285863
174710635
614380239
224519880
281255127
97267058
900620082
379135191
711265915
186587623
34850360
291848212
98228103
919965156
943297649
410739129
730376484
8208381
549251968
103961583
291848212
172472901
507236163
548056668
493854947
568368152
967539830
929542358
137067068
210389406
700167415
843974522
249479266
973959660
806442151
280128240
19384561
42086165
739047872
714797570
780068949
913224363
280128240
379135191
248590766
313023844
512657626
109320
66430650
982422915
58020252
348608785
736647597
11286015
10
707787267
246939025
868296475
195828062
335362996
802916844
126681132
156285460
160921946
342330165
342080022
67143947
903699506
825208576
631356731
415385114
55784127
280128240
63354329
614380239
128909752
315158139
467714031
375827129
121028207
655015866
977485422
964982728
700167415
248004927
179597442
932053525
612743751
66430650
199260963
3115330
895827598
151667782
823046072
493854947
991400574
511524732
549424140
498805845
207908345
239853708
176717014
444805188
375415318
496096361
747363900
315786773
121413468
338325922
92758893
784208863
148516861
137067068
92363518
168210228
137067068
109320
155114584
689075782
628768242
825201788
793127010
1650649
770935442
843974522
176717014
77661684
559282237
30059788
823046072
151667782
690319247
464729194
959559712
988265960
314413453
116131184
70886863
416753665
172901029
316372179
369865985
924984411
70490549
144949483
4578874
728265813
473826670
608423628
175929406
677454828
243150713
458432099
373560983
27810873
248004927
286002683
151667782
151667782
314409236
494874175
749773335
123680458
137158394
919965156
823046072
83761743
124073700
663349178
34850360
482020824
700167415
947213653
555858065
655015866
794289386
912135238
487814049
603780257
919965156
436715057
448224737
789298196
270226830
482636632
602121847
814083163
137906146
690319247
884750607
956339305
520557503
686135947
120693242
723489174
354740411
336257125
25356576
881775823
271324357
527030158
683538680
277395698
470598575
779870793
763428497
422733452
16043708
92758893
637653710
810977767
584004895
333402426
746937336
151667782
855300912
108563469
206344571
658516737
171951494
209328720
17941608
362399368
168210228
151667782
716100284
397341070
81867026
444232445
121545132
972963890
843410497
155114584
305174163
379135191
898721940
990353926
873735929
864024722
711112585
193275305
165803742
940644413
676632327
427516648
988302004
121413468
328561664
827874435
361678825
82229777
690319247
106910583
495780310
451718069
137158394
1037290
602432967
162101766
573375284
257442605
515332510
92363518
25322078
556754889
100257566
316372179
309914368
148516861
117643267
977485422
163438586
193275305
498328148
843974522
573375284
457230381
743928632
401016825
721617140
921044702
46598156
488944381
162101766
439752238
955249944
716574648
5024620
397991399
800337074
149544260
699245204
822774195
943739019
318294545
912208782
983780318
568368152
945449755
93232780
384534856
792620611
507987549
184151516
549424140
240879853
556007948
408205659
150
167026947
472750916
884158612
309914368
694595802
4578874
651089412
690873225
929118473
1037290
108180091
505115444
23482358
682864980
294780030
868462452
172901029
45890718
330255155
918257003
928419854
448224737
654167456
314274700
164260936
156285460
69349174
65996571
349603248
829563740
171883911
557820851
970895680
965243946
514811540
124887470
301747256
686406158
853459749
90002708
248590766
406920684
176717014
908913621
247707293
444232445
151811091
76631978
919965156
270710518
389927427
401016825
3998093
10
444805188
770935442
654984071
744888109
113370599
117643267
933891365
431839945
314413453
298620610
96507421
780068949
671970929
64693864
505115444
53751986
599542581
168210228
443501228
448224737
536891470
23482358
307321284
548056668
582479423
498805845
760869192
364670984
369165637
862636349
283153964
986345000
751885764
349120238
740630647
113370599
298620610
869835430
66605158
479810800
200261861
487814049
976906284
876178126
384951437
137158394
78646918
401441172
227547313
704852441
448224737
685126394
305174163
4639239
993246911
227382860
875742001
107706627
398089477
209735465
512923727
928419854
706153832
146252150
46845234
382562896
186082565
503337797
424614948
823046072
859740911
249479266
722243667
254758820
673161982
971319961
749018590
780068949
316372179
507634900
315553740
193275305
914713905
170864699
294512485
686406158
529766111
663348926
198025561
174875262
815221594
240879853
67086855
208384952
486167898
827874435
297721548
103961583
144700439
745810009
384951437
788975441
32287383
941152258
251907753
407787887
609651197
305174163
689075782
934114976
294780030
881775823
608423628
78646918
178339009
354740411
224329433
314413453
139308547
389648194
281444756
107816356
375712089
78646918
451927396
802916844
335362996
165661503
660371061
373635
700167415
488102524
854887779
482020824
805803472
314409236
193992127
227465186
452035468
933866206
32384110
912208782
556980262
202531271
467714031
4826160
514245021
312084886
114617150
545525098
375415318
535778416
78646918
649329457
4578874
817269107
780068949
212992444
596813636
581264389
918055945
3998093
827874435
108083356
981870925
729190925
980814347
986345000
448224737
964740084
154592221
995375312
208917888
469337187
843974522
239410389
545525098
634247715
439752238
109320
910332434
699759345
137158394
971934603
114617150
843410497
251297295
340980453
193275305
835136392
289677365
507634900
944649949
353714243
384951437
716574648
405572486
181558646
716100284
103961583
457230381
835352033
67086855
59629992
227255957
847094673
578663013
648556615
629597926
981870925
539535745
39218592
827874435
208917888
619549423
860922309
4578874
248590766
200016492
405572486
467937710
388061120
526603820
4385374
129720502
884750607
389927427
10
612388849
983780318
548444787
412533633
992780831
745810009
161338305
66430650
345422821
705234926
398089477
129151366
749018590
19881836
316372179
125311836
342275242
610449860
196325711
738200694
897026401
294780030
569097494
193275305
249420944
711265915
309914368
386265640
374959542
93898630
162452126
27810873
794289386
387120643
873735929
912412684
227255957
249420944
261174342
893157368
669989313
986345000
269522820
330936553
854887779
266390084
818547624
307623779
718607720
179597442
227465186
714797570
980457376
181017004
163410716
951437867
92758893
853823212
117643267
406581366
742644458
850295421
884158612
752989788
482020824
775604501
178339009
32111757
516383057
823493956
723411207
649329457
93232780
849859696
189874901
93718562
231198856
34220901
19144426
817968522
988302004
69349174
957639596
718088652
3384
880500864
275507421
689075782
314413453
3998093
229283987
344383005
669989313
898657119
411362195
780068949
770979443
933866206
849859696
1037290
96177646
176717014
359227248
648556615
163410716
804035841
574114286
455597002
548056668
478422779
424748843
248004927
652135789
631348620
607196614
96507421
505115444
777581932
884158612
566303704
711265915
25061631
155114584
789693389
616763410
540791553
93898630
43416862
150617718
7028981
505115444
794289386
611593333
148516861
362603295
249479266
498805845
66605158
32287383
740630647
364670984
389009745
130159798
46598156
125124869
319812129
598374889
864032133
487814049
634247715
93898630
829563740
34220901
291848212
933891365
485096793
154221862
227547313
525751145
843410497
298901879
977485422
354740411
940771591
649032276
365777724
797660768
607196614
478420462
439752238
373635
58020252
16977106
415385114
827874435
354740411
78646918
26073062
663349178
743848380
716100284
705234926
338911730
149544260
968274360
862636349
129720502
628907642
826232896
334688053
379135191
178564970
193992127
822786625
53265014
249479266
408260701
198025561
119639482
341482505
114617150
166512580
288281371
163410716
32373650
57335012
977660777
879579240
92758893
478420462
290767032
401016825
780068949
184063326
248590766
717552752
648816111
948941353
482636632
654167456
118244598
479070478
946278411
986345000
933866206
621372446
413960064
614380239
55662271
278976413
34220901
905481924
584310365
150
32384110
967102009
172901029
731810607
516628100
794172758
649329457
751109629
279729910
314409236
784986168
588140920
248004927
114374353
745895951
249420944
658516737
163475203
583003289
96507421
385205561
842176960
559941828
16977106
983780318
751885764
100610254
709235404
746937336
511401540
444805188
665544209
870832437
170864699
61003183
199260963
96177646
630750687
632847808
507634900
749018590
721617140
450785221
658057933
32287383
899034063
824309164
610022048
82229777
749018590
853482753
487814049
388350313
181417104
698436690
745810009
226668822
698436690
975378927
649032276
651262994
527663298
735712407
773118870
93718562
304697117
539831708
1037290
498805845
467714031
685484438
179597442
1
686906878
854887779
179597442
25322078
380470307
874456375
608423628
458432099
671271927
56447200
335069964
69349174
124887470
616877169
607002025
634247715
963962664
596185375
608423628
42310282
794289386
436715057
291125792
902415594
715919842
365777724
227547313
527030158
66923545
185930935
268339200
769929921
630174927
117643267
270250824
607196614
764523640
903221914
199785190
935372893
988265960
172166298
843974522
167026947
92363518
477621147
297721548
890014330
32287383
912135238
648816111
167806040
668242071
137067068
275205258
557820851
249479266
803039224
988797695
814539006
69349174
117527278
69349174
514245021
683538680
32384110
777161433
334127969
787638947
356411878
945309929
479810800
386265640
874588024
526886862
807500551
884328216
827874435
983078682
663349178
273320985
249479266
364760819
277948931
93898630
933891365
30680221
498943403
193275305
568368152
981989704
574069942
62989427
602121847
54368787
215444372
637653710
812165492
815448945
186587623
239487316
884158612
713620440
259033298
160300487
988302004
585240519
109320
548056668
698436690
436715057
689075782
977485422
705234926
3242406
806442151
773118870
365777724
690319247
281255127
933866206
159853745
918055945
240879853
873735929
280812803
661815621
40998831
159017591
983780318
117643267
467714031
608423628
93898630
536275970
649329457
708653439
673161982
918455197
364670984
114617150
206225058
548056668
278976413
103961583
673161982
173124418
415385114
93882657
383019071
401062440
156285460
545525098
340980453
711265915
172901029
966628559
935660135
306259320
887564971
806442151
150173642
97147653
398089477
787638947
482020824
406424042
275289306
747363900
458432099
263264107
472521792
525811545
227465186
503035195
137067068
195828062
342330165
451927396
377762637
918055945
714797570
925249834
46701852
227255957
576160665
27810873
66430650
630174927
971884891
42889506
493854947
991435600
273320985
114484031
110468114
32384110
227382860
165803742
637653710
716100284
640278757
550592364
808877695
62998700
663189043
637073406
773154161
3384
524632621
940644413
980877287
324367954
614380239
912863145
242026776
177297204
444805188
854887779
872620090
273320985
903221914
649329457
199763343
539831708
449212587
992445289
174875262
174875262
462480493
422598649
275127100
679855380
339071459
522785530
32384110
818265792
207908345
516383057
387120643
557820851
791937869
347090776
42361121
721617140
919199086
397511420
788975441
554956915
459756422
309914368
314274700
275127100
555626358
100441623
439752238
24176002
364670984
58020252
634247715
169687552
829563740
614572975
750122257
63920928
4826160
70490549
252496201
865494791
32373650
568368152
946278411
289231546
93898630
95258855
275205258
851634016
897001350
404462807
475634304
103961583
884750607
527030158
869528396
193992127
178339009
614082624
334116833
918455197
25322078
37416058
264610387
143877882
963962664
608423628
604667008
184151516
769929921
239487316
977485422
600737395
505115444
46598156
22685369
26868648
800287008
110871207
159853745
818265792
418773266
933891365
225799444
807973025
630174927
634247715
224026556
654167456
711265915
4578874
565349893
412533633
886768627
630174927
3384
690347732
206414758
843410497
992407830
3384
602121847
92758893
364118668
270710518
159853745
575794175
439752238
952041196
309417107
70843747
532572108
168210228
751885764
482866441
372339610
916599252
189874901
32384110
124887470
209298274
933891365
928419854
829563740
232834613
995547968
401742017
227465186
218914286
881186851
794289386
769929921
291848212
275205258
540791553
280128240
372339610
524632621
413433988
851758409
749515783
457230381
995547968
93068002
919965156
217297323
227382860
637653710
373635
237136125
314274700
954001210
124887470
248590766
186587623
345422821
881775823
472750916
920284983
564150366
96507421
364670984
58020252
637653710
699158344
539831708
350602871
901464804
88476719
129151366
42712760
208917888
347090776
802771735
92363518
992780831
419106154
345361109
16977106
340499194
495780310
462480493
151604486
500516441
195828062
770935442
751109629
661815621
933891365
227465186
507634900
683538680
812525957
838868020
690319247
784525812
773485779
179597442
66923545
527030158
751394335
984474008
903221914
850402477
862636349
92863921
362603295
354740411
227547313
654545281
193275305
309043900
473177702
275507421
65391670
700459777
837485248
902737744
740630647
700167415
372339610
472750916
557337497
154221862
709902864
129720502
463535049
412533633
928419854
341482505
178160982
888811831
151667782
109320
774912486
341482505
412533633
379489910
711265915
207908345
983780318
498943403
962403917
298620610
786467267
188996439
848098535
766887368
436715057
865544553
726839682
92758893
788975441
610424064
457230381
281255127
70843747
176717014
269522820
988265960
218060796
717552752
148516861
270529410
791668769
911047476
125575379
384951437
249479266
802676821
34769433
897724153
795285863
842176960
721617140
281948955
544146545
502541257
772214221
130159798
27810873
184151516
979992373
124887470
514811540
389187270
153921914
13333688
903221914
291848212
338194887
151667782
778557779
710934652
901868415
32287383
540791553
465125282
728268508
693459229
341482505
448015171
389927427
162067962
764523640
993451332
162452126
114617150
495780310
184151516
275127100
749432269
224026556
764523640
991435600
227255957
591880525
39060864
526320920
345729837
719615343
493513550
928419854
647117037
345422821
773485779
493854947
58020252
442795175
219116353
745810009
380907201
945309929
745810009
503444762
810478387
716597939
34850360
642604419
540791553
1270117
663349178
683538680
176943909
881775823
855585113
156285460
548444787
23482358
335362996
314116173
41736554
933891365
983780318
507634900
545525098
995547968
146810518
198252184
769929921
4826160
921766132
167026947
977485422
671667388
227465186
379135191
660745875
339681282
717552752
788975441
184151516
195828062
386265640
277837927
689075782
15555487
637653710
772214221
25322078
271237872
36221656
23482358
386265640
182234109
159853745
721530795
689075782
290767032
462480493
451927396
148516861
746937336
770935442
716100284
154723219
937429352
981870925
4355821
628154300
964982728
66923545
444805188
608423628
199785190
802916844
502439805
172901029
413492970
621372446
877598796
514802540
294780030
71664106
415385114
309914368
384809399
412949166
751885764
4578874
568368152
300338394
82225584
986345000
272628101
549424140
686406158
902656245
379135191
745810009
96229767
649382197
489334816
162101766
195828062
120664347
249479266
862024315
249479266
884158612
788975441
159853745
4578874
977485422
100728990
483702677
367006915
675436419
149555716
96177646
155114584
848865477
980877287
787638947
207908345
82229777
475634304
130159798
405572486
507634900
278976413
347090776
503444762
298620610
489334816
634247715
464063534
679855380
398089477
40750628
568368152
698382005
932682980
207908345
703720849
516383057
170864699
627397941
767300643
819799585
280128240
174875262
109553898
174875262
15315453
28279172
514245021
87905009
471706053
358584501
621372446
211872262
121413468
649329457
464063534
580847554
743928632
998167933
185501014
751109629
995547968
789085790
275205258
436669759
372339610
772214221
444805188
988302004
417998494
465893881
108563469
29120401
248004927
967102009
309914368
548444787
614633990
934964442
539831708
185501014
982167167
329570913
462691498
917638198
378985053
223410200
614581825
834429163
598374889
747363900
439922569
945309929
269483608
484699271
155114584
849859696
585240519
199260963
459756422
290452718
755791998
995547968
281255127
791596094
945309929
745810009
624733442
255466460
437233631
457230381
165803742
518487012
548444787
376276999
10
673161982
740313143
397129535
162101766
172901029
397991399
298620610
92758893
965243946
241558572
908559917
757751045
679855380
174875262
165803742
275205258
655015866
163410716
249420944
984777463
326901762
995547968
993246911
482020824
482866441
829563740
148516861
397129535
772871990
507675987
803541149
362603295
225799444
835536535
197825870
580515545
673161982
745810009
878813038
278976413
578528490
827874435
912208782
421756987
489304047
669989313
821987704
162101766
771532770
67633894
820777211
16977106
611979110
950052210
629327957
653976479
935397330
400820665
151667782
444232445
743928632
249420944
514245021
556670532
69349174
899162623
677493674
27810873
200016492
482636632
23482358
487814049
308876405
655015866
626958440
155114584
802916844
545525098
979992373
827874435
868296475
94165260
305174163
780953274
898721940
129151366
458432099
179597442
540791553
764523640
92758893
864792056
241412180
474386885
615461900
349120238
399152177
596813636
634247715
365777724
380384465
172901029
280293349
711265915
495780310
67633894
255395501
820777211
170864699
728091607
38854373
29521507
608423628
769929921
766636942
273754704
912135238
661815621
743928632
372339610
333594459
96177646
983780318
482636632
130133555
303361801
46701852
225799444
457230381
195828062
397991399
39218592
349603248
517348963
820777211
35244448
275127100
563531875
705234926
829563740
621372446
507236163
297660812
487989146
388061120
439752238
168210228
232788823
912135238
498943403
154632246
478546455
881775823
497893126
573375284
117643267
340980453
824309164
347090776
404462807
184151516
820777211
767492542
528667293
170864699
382799780
866846571
832484382
883441447
316372179
577821272
46598156
945309929
196537638
845680401
739398833
482866441
207908345
711265915
165803742
38565650
174875262
71950239
949949610
524632621
744445284
165803742
62963742
10
32111757
451927396
312499983
751109629
858504469
482020824
845984096
881765700
457230381
16977106
749018590
649329457
649179249
293392813
398089477
740630647
527030158
140545534
802676821
16977106
651735816
276027071
824309164
596143064
986493472
46598156
911776833
745810009
144577080
729475053
972839039
326901762
68301376
150
666022384
660415936
680748079
834916648
721617140
32384110
486167898
71031393
464041092
820777211
504550757
304763632
977485422
570443931
345217763
482866441
194866825
773663906
304697117
248590766
144102693
678802121
608423628
493854947
609470019
32373650
189874901
847073614
557820851
275127100
415385114
680441459
527030158
93898630
482866441
714797570
93898630
32373650
156285460
169031467
117643267
620364068
746937336
938203169
992780831
46598156
211960357
903221914
243978028
482866441
711265915
865544553
156285460
66923545
477546440
951610513
389927427
840517467
614104087
454933126
856447638
248004927
807500551
743928632
78646918
398089477
165803742
34220901
868863603
410084692
449829083
1037290
312084886
728091607
168639050
373635
193275305
843410497
487814049
940644413
21042778
463468290
555573743
41996154
103961583
117643267
344383005
250237722
885392673
877951150
275507421
163410716
365777724
752350588
32373650
377225538
287101740
413433988
684828863
790546790
486347699
555964392
257029321
251297295
444232445
142140715
318294545
679005445
478986502
863150205
109320
162101766
807973025
758331229
347090776
114617150
349603248
200016492
669989313
991435600
477546440
865494791
148516861
547934733
489423860
993246911
492837587
439447529
565549400
479686226
341482505
40572095
278976413
34850360
979992373
746937336
661815621
341482505
32111757
669989313
516383057
188493071
67086855
314413453
716574648
338911730
630174927
401016825
827874435
171479818
116844314
137067068
933866206
787638947
505115444
19355152
160861537
709235404
727481433
42310282
778557779
635291189
208217347
305166271
46701852
827874435
306715645
314413453
764523640
415385114
89022739
597853320
879146186
388061120
416976073
751885764
275127100
270710518
290767032
60682100
834429163
340980453
923850956
704852441
70490549
339213245
499623541
933864152
873735929
3384
360946825
614380239
995547968
77700097
739437199
25322078
829563740
248436309
603446843
827874435
46598156
418489329
269522820
151667782
759568411
493854947
988265960
493854947
168210228
504029019
769826531
416753665
283745380
520701810
117643267
787638947
167026947
308797296
933891365
52349981
690319247
315505487
193275305
634247715
586410904
686406158
1
193275305
34220901
100441623
529507512
802676821
819423344
23482358
239487316
248314508
125165052
48490646
4826160
184151516
127231947
929725443
928419854
354740411
993246911
316372179
162452126
738782275
822158595
685248878
172064556
179411035
527030158
963962664
493854947
948423609
649032276
58020252
232545934
963962664
723489399
186587623
32111757
608423628
764523640
870976879
413960064
649073571
913408437
318294545
517054112
281331741
347090776
100441623
648816111
963168011
453872153
648816111
489334816
165803742
111304998
879881347
599395280
637653710
27810873
4578874
248590766
372339610
524632621
838390637
195528804
208917888
607196614
252131464
309914368
292108297
184151516
516373168
795285863
903221914
903221914
129472764
229349770
32384110
778329809
912135238
907041788
345422821
131225688
594594533
32373650
940644413
687186030
27866238
654939330
738200694
961637025
653798768
751885764
162452126
626068354
746937336
742025723
412533633
700167415
330936553
373635
347090776
614633990
395411514
318294545
689075782
58396020
285610195
581850870
362603295
807973025
610160534
59413355
114617150
983780318
925440286
630174927
156285460
283450616
792329670
962322390
950046924
345422821
413960064
716087731
114008333
227255957
274545571
700167415
684743676
802676821
838726936
142885714
621372446
127085597
128255988
527235825
995547968
960821968
330936553
448224737
70843747
137067068
752122762
294780030
527030158
331426316
330936553
204424932
409115168
70843747
260487060
637653710
857128443
912518069
959632401
563827284
82229777
27810873
101885933
498943403
348541312
70843747
349603248
806442151
601146307
199785190
96507421
964982728
912208782
498943403
700167415
239487316
144577080
891929347
482636632
193275305
6961296
695228911
82229777
493854947
415385114
46598156
663349178
686406158
334208824
773485779
614380239
415542832
654029484
514811540
16977106
170864699
779370659
3761461
751109629
384291264
239487316
727879032
297721548
338911730
227465186
415385114
129720502
201561728
700661032
215345111
242026776
80439158
98538732
63855721
548772675
627308648
573375284
713620440
728091607
282347492
379135191
349120238
372339610
168210228
721617140
747363900
174710635
925784342
608423628
630307542
489334816
519032937
302567076
312520582
346253925
341482505
881775823
857305366
558086727
705234926
114617150
833607563
983780318
319045029
53439351
46598156
487835142
4578874
303361801
527030158
804222841
335362996
709375968
489564176
70843747
362603295
884158612
308101056
169013970
84177215
454933126
240879853
843974522
472750916
546355673
820777211
248004927
814978602
977202830
524632621
514802540
32373650
199785190
151667782
240879853
683538680
304697117
265102329
52804591
64391455
304697117
32287383
251163775
20670357
157781678
965243946
70843747
335779100
406832591
81720699
50586825
992780831
447582196
193158736
290719025
109320
813220634
614380239
978542398
227382860
690319247
977485422
249479266
255049110
44940044
411339062
683538680
716100284
297721548
4578874
658516737
309914368
649329457
658516737
170864699
4578874
27810873
459756422
718746013
150
679441717
661815621
830726545
16977106
139840332
314413453
489334816
608713634
385855396
362399368
981870925
78646918
4826160
189874901
329313371
665820561
981238826
27810873
389927427
981870925
66094455
404462807
213530226
270463128
451927396
788975441
367117029
764523640
737976217
130159798
706153832
109320
877534275
224469727
912135238
477546440
787638947
54122571
344383005
540791553
309914368
165803742
763540065
802916844
941486984
359408171
516383057
349603248
226203033
795285863
726896946
634247715
711456834
873735929
305174163
10
401016825
103961583
155114584
721617140
562986044
596813636
648556615
495780310
123451122
416976073
269522820
760362665
373635
782641127
278976413
251297295
653990916
254535510
32287383
3384
34220901
981870925
384951437
509427554
820777211
4578874
157360522
885392673
575110026
964982728
667634934
676403943
176717014
342330165
109320
109320
379952699
3384
365777724
608423628
159853745
957249045
884750607
711265915
297926870
270710518
144577080
763463406
255484837
415385114
228149808
109320
124887470
345696650
786239377
198275710
235983420
316372179
865494791
415385114
148516861
713620440
372339610
598374889
901627073
501843304
389927427
327960039
524632621
5640879
764523640
527030158
165105338
204434900
298929632
96177646
981870925
350455037
227465186
415385114
560944465
497600514
421427935
345610420
745810009
212770675
658516737
369865985
92758893
592472882
803039224
367753587
445276864
884927582
749018590
628135126
179597442
199260963
373635
636357099
912135238
296497890
340980453
394495033
193992127
83202969
711265915
348623169
860253504
787638947
734091719
326901762
137904916
896847991
494874175
548444787
249479266
388061120
951895530
290767032
873735929
271760380
144577080
430826455
3384
854887779
181360202
40683671
986345000
478420462
318363794
678395764
281255127
363404712
964982728
743709038
457230381
458432099
165296566
121413468
562986044
397991399
940644413
634247715
78646918
486167898
811025671
800089205
199785190
983780318
630174927
514245021
397938718
770935442
388061120
631135585
313907423
683538680
771698291
536703675
92758893
187530221
318128051
76839782
498195339
933891365
329313371
253124332
310473524
773118870
3526213
236460868
557337497
185618231
117643267
780557063
239487316
774214429
664478688
146846379
778056009
831512117
598374889
560337293
763539596
919965156
121413468
129149188
602121847
601793364
646261527
692328815
545525098
649032276
557820851
897268364
86172440
104665446
291848212
362603295
249420944
888951778
738200694
489295258
53067595
825313539
587662977
253349840
328831787
364670984
828603342
412533633
297799959
129151366
637653710
643443619
885176371
144577080
4578874
807973025
100441623
172929846
92758893
444232445
314413453
674576038
593349245
297721548
903221914
696383612
843410497
686406158
3384
83486612
335362996
818265792
713744967
531627875
717552752
32373650
137067068
384951437
472750916
477546440
185930935
227547313
324367954
295876116
843974522
125112425
952041196
165803742
587119000
340980453
912135238
415385114
505115444
451927396
32373650
779342623
326901762
178339009
130159798
185501014
285137431
680748079
124759274
964982728
980877287
67086855
290767032
224192177
964982728
883850365
290767032
86206444
165803742
555573743
643189566
803039224
277238384
592648046
795285863
372948714
67086855
34220901
178339009
867677207
108563469
207908345
275507421
68899906
285329872
545214614
884750607
80046394
442937783
814883038
387120643
96177646
137067068
778557779
4578874
824559838
882886268
995547968
69349174
717552752
573690502
278976413
840579654
862636349
539831708
424614948
486617407
429852059
845182554
211960357
354740411
829711026
586303147
239487316
459813592
195828062
530031997
338911730
746227977
489378819
269837234
747363900
310279095
986345000
227547313
130159798
898137249
704852441
170864699
401016825
402011102
281255127
297721548
444805188
199785190
988265960
993246911
248004927
3998093
803039224
541928594
632231452
185930935
783078949
281869472
412533633
137158394
713112260
988302004
312499983
198354432
278976413
368459189
248590766
96177646
988302004
349402191
462986535
690319247
295519924
661815621
602121847
270896924
195828062
740630647
401062440
95673858
372830065
76721259
850647759
277418965
607493365
361953303
67086855
704936703
10
34220901
23482358
649329457
865544553
684198038
706153832
933866206
884750607
162101766
516352195
386265640
272511317
424614948
945309929
151667782
121413468
386008679
302401948
34220901
402737690
529268609
802676821
331222549
472750916
779342623
993246911
349603248
216592837
199785190
626701595
988302004
185501014
121413468
179597442
557820851
278081176
104884341
556007948
864102644
417195637
113370599
794137276
99881618
32111757
67633894
607196614
912208782
53411227
113370599
628071641
436715057
833471316
299165933
924066507
457505879
557820851
69349174
747363900
40601568
882892080
10
3384
110468114
167026947
2389248
3998093
735276518
727122630
861849777
930678077
764523640
154221862
985634614
227382860
749018590
278976413
39218592
581264389
389437473
495780310
309914368
208917888
554654494
280128240
93232780
341482505
177908588
60764503
458432099
198025561
717552752
503337797
618246419
740420886
15099817
96177646
897570856
369865985
575866698
779370659
379135191
806442151
199785190
658516737
988302004
556007948
176717014
275507421
964982728
208917888
690319247
539831708
272378179
939933950
199260963
174875262
269522820
598374889
114617150
393658570
700167415
607196614
455262865
46598156
882031172
777161433
716574648
4578874
514811540
117643267
557820851
193275305
151667782
314409236
705234926
338911730
486167898
204434900
634247715
557820851
341482505
454933126
98061611
532168492
633418293
257862393
309914368
516383057
867677207
616536993
193275305
278976413
530613162
473279383
291848212
454933126
185501014
797287010
507634900
840517467
358874122
16977106
58020252
14585113
524632621
843410497
596813636
450858795
470598575
572744857
829563740
340980453
187663538
931045475
824309164
649329457
967102009
27810873
821612669
516383057
352569292
71653592
649329457
193992127
976307172
4826160
863433049
663349178
680441459
93232780
95673858
706153832
324367954
903221914
467714031
706153832
690319247
369951291
386265640
690319247
597027
76789974
369865985
661815621
690319247
682504461
969015607
305108777
198025561
882658551
405572486
686406158
447462229
596813636
495343391
514811540
150
416976073
340980453
986345000
700167415
208917888
193275305
175597893
545686961
981870925
387328098
268392653
770935442
849859696
545525098
831512117
326901762
446093238
780068949
714797570
557994288
438785833
154221862
996763380
527030158
539831708
899254303
375398879
32373650
68833479
29527611
797648363
193992127
829563740
516383057
297721548
329313371
4578874
464099926
156285460
618697981
92758893
514811540
407965164
878406451
545525098
962532006
165105338
514743009
224519880
898721940
438386846
107816356
748754778
10
806458493
82229777
314274700
746937336
63500562
731026144
227255957
42310282
190753856
318294545
612427431
77526418
109320
991400574
347090776
482866441
802916844
114617150
345422821
505115444
451927396
487147272
810315344
144577080
739399648
894589163
130159798
986345000
761442593
661815621
747363900
174875262
42962830
239487316
868450742
179597442
918055945
269522820
389927427
263230191
467714031
69349174
498805845
33898221
34220901
846600682
189874901
10
347090776
411113876
679855380
255810272
163410716
74971592
829563740
722590647
522960396
991400574
527030158
239487316
738200694
637605409
165803742
133927012
773118870
137067068
823046072
948304115
573375284
316372179
272839061
700167415
4578874
218671028
785032600
110468114
113370599
149544260
650481464
579728045
103961583
486167898
261748677
680441459
314116173
869752044
548056668
803039224
150581522
992780831
901770411
111389307
913408437
121413468
482636632
780068949
113487682
393658570
482636632
249479266
448939384
686406158
573375284
357305444
727480161
945703673
253206545
831512117
940985859
779370659
988265960
536623428
305174163
354740411
149544260
673161982
120050643
709151267
737945562
151667782
524632621
962196877
479686226
312084886
93898630
156285460
992780831
524632621
543652364
503158406
548056668
945309929
999036857
170864699
988265960
639264478
435537695
524632621
58020252
167026947
444805188
96507421
529899581
34850360
242026776
130159798
130159798
207908345
189874901
448073333
991400574
649329457
154221862
393658570
316372179
896459673
940644413
802676821
451927396
801806689
540791553
16977106
545525098
572071565
251297295
208594959
993632655
276625000
862636349
149297897
540791553
802676821
608423628
83761743
807500551
730919843
787538863
786405790
100441623
374163146
405572486
149574370
959316952
444805188
477255598
395704551
963962664
165803742
780068949
170864699
412647113
242026776
902034461
181847325
602121847
918055945
965243946
144117367
504363788
124943388
291848212
280128240
93232780
725102021
456904292
963962664
273320985
39987073
717552752
345422821
88702294
548056668
646061080
516383057
686406158
482636632
946680538
273691228
548056668
141490229
179597442
770935442
772624698
831288403
137460226
70179378
136986754
109320
416976073
788975441
614633990
109320
167026947
692370104
690319247
660023365
96031741
548056668
524632621
340980453
4826160
584996935
269522820
575895070
259947857
478420462
96177646
58020252
878873379
446235893
704936703
96177646
717552752
160647852
806442151
482020824
405572486
829563740
840517467
146533395
486167898
704852441
568444889
130159798
267842943
181847325
663349178
204434900
369865985
329191565
630984434
382722662
131225688
107816356
324367954
97228735
46598156
401287346
314413453
979446370
227465186
764523640
621372446
92363518
442192879
435244795
721617140
751109629
398089477
386265640
397991399
600076256
291848212
178339009
680748079
4826160
673161982
824309164
989219338
214938358
477546440
225752026
823046072
163410716
185501014
41546559
364373010
843410497
32384110
447173492
524632621
163410716
661815621
596813636
388061120
224519880
498227548
946278411
94147654
314413453
150
373379143
959415351
430804195
993246911
397129535
454454274
614633990
227521096
653754920
362399368
680748079
95673858
423166540
719714096
720262198
825850929
407038432
556007948
291848212
954998435
312499983
658516737
442297477
102687597
369865985
616367303
802916844
326901762
866733331
109320
105932224
131225688
684653556
412533633
134062128
460099899
303941981
70843747
69826451
151667782
3384
829563740
829563740
272868679
340104584
3998093
179597442
988302004
45261313
297721548
46598156
51064547
843410497
225799444
436956298
254735986
607757384
297997270
182445604
847148860
107816356
960806611
39218592
514811540
530319516
528847746
328769554
16977106
33509172
827874435
824309164
130159798
507634900
486167898
244123025
207908345
167026947
673161982
823837565
843410497
225871703
369865985
941008336
383191833
912135238
867677207
70843747
83204798
195828062
107385518
34850360
842176960
794289386
680748079
349603248
179597442
865494791
992407830
743928632
585240519
841666262
980877287
611161599
777161433
141807628
507634900
367407413
321419551
726185148
248590766
685122807
172901029
820777211
137067068
933891365
990612514
326901762
225799444
79996808
899162623
397129535
193992127
457230381
489334816
661953151
743892859
661247504
35004352
448224737
193275305
815782308
239487316
881860431
802676821
328940977
602121847
193275305
185930935
290767032
199260963
57519271
397991399
949253741
148352118
348993118
543239769
27810873
70843747
375415318
874007629
170557681
991435600
342092483
603740490
439752238
342330165
449227087
898721940
918837244
199785190
540791553
4212327
101432564
593074149
11539851
301605408
46598156
199785190
24945975
721617140
939890180
704827836
818265792
316372179
67878413
266329813
150
404462807
552235571
16977106
345422821
241722999
725618688
569098964
247054748
669989313
673161982
700167415
707661638
2097009
700167415
373635
706923095
342165368
251297295
373635
162101766
928419854
933866206
121413468
807973025
824309164
309914368
986345000
704852441
807500551
599351983
174875262
495407730
32287383
812606961
184151516
983780318
480245933
114617150
92363518
802676821
489334816
451927396
281255127
493854947
631513444
172901029
541754511
788975441
318294545
191055366
297721548
448302299
802916844
240249801
849859696
965243946
350766357
72229724
362603295
582351395
539831708
472458289
401016825
700167415
345084219
718859155
187266461
988651559
985663913
347090776
240923305
443607341
852386733
369865985
297507206
477457856
67086855
458432099
5721780
240879853
498805845
716574648
508527165
912208782
728091607
986345000
225465540
207908345
179597442
198025561
365847619
834423132
921284994
434012445
843410497
229391544
196486501
388061120
228163547
451927396
177104776
251617282
129151366
605863968
983882348
227382860
193992127
70843747
743928632
610367725
634247715
507634900
843974522
457230381
439752238
95673858
721617140
424614948
3384
200016492
402957620
716574648
3998093
717552752
539831708
424614948
596813636
527030158
330936553
405572486
505115444
398996911
64063676
581745753
39218592
802676821
70843747
275127100
689075782
137067068
795285863
227382860
988265960
522591747
32373650
773118870
482866441
634247715
751109629
621372446
249479266
486167898
290767032
829563740
227465186
963962664
726157328
275205258
649032276
516383057
865544553
168210228
18441119
234669189
568368152
983780318
386247250
482636632
291492786
248590766
98014061
980881584
451927396
131085347
683538680
780068949
103961583
412506204
991435600
602814142
680748079
576662825
93898630
948890142
764523640
616914125
342501853
239487316
503444762
54896796
294497253
962403917
743928632
193275305
552515502
51066627
557337497
170864699
3761461
211700182
608123473
648816111
27810873
389957373
311702203
654167456
912208782
784675730
770935442
331569291
865494791
637653710
455884528
117643267
239487316
982027306
716574648
159853745
802676821
525841638
328601557
965243946
95673858
410070888
711265915
952041196
802888959
476402560
173643577
448224737
95673858
494874175
208489711
398089477
400461235
714797570
8595218
957672797
93718562
46701852
401016825
415385114
710126320
280128240
581264389
18406860
245284267
903643508
873735929
473575198
142669192
514811540
862636349
149544260
966997452
626701595
516383057
479810800
312499983
820144652
439752238
227382860
4826160
224508417
298620610
804733201
544788850
218280833
165105338
33360209
840517467
413433988
834429163
162452126
207689848
862636349
291848212
273909678
992780831
184151516
711265915
461487281
472750916
533265148
894741236
991400574
477525817
738200694
799737424
614380239
527030158
556279334
1037290
312499983
256647864
690319247
165803742
95673858
539831708
458432099
342330165
820777211
685686533
686406158
79892468
749018590
421040689
964548497
137834654
542080914
440009813
4826160
965243946
827317631
150158410
593231153
720261392
70490549
494874175
249479266
298620610
347090776
754891343
780068949
677165215
174875262
712841674
159853745
361186878
773118870
843410497
263849130
952041196
313475616
365777724
582871048
512148438
493854947
172901029
193992127
548056668
294780030
862636349
486167898
444232445
608793787
121413468
401016825
146156141
20247741
43154735
527030158
562986044
796744893
585240519
779238923
479810800
621372446
824309164
912208782
380487912
535020371
904481173
596813636
179597442
498805845
848102171
860601875
397991399
524632621
100441623
79184239
345422821
144577080
1037290
14892682
137067068
926016046
992780831
162452126
286323725
86809030
912135238
669134271
494874175
545525098
304697117
630174927
824316333
99892131
78646918
95605252
226834244
340980453
415385114
457230381
919965156
983780318
168210228
751412523
448224737
485752740
884158612
614347781
324367954
195828062
393658570
167026947
454933126
705376893
184151516
379135191
740744294
185930935
820777211
155114584
728091607
187174334
516383057
933891365
227382860
558131865
291762044
840517467
436715057
275127100
568444889
32111757
162101766
268707966
948800730
454933126
747439972
854887779
892966206
298620610
634247715
288876279
482020824
444644542
457553352
314116173
274747411
798396580
162129343
398089477
207908345
117643267
251297295
447177795
396498438
411414508
414498418
714797570
602121847
787638947
442527194
448224737
439539969
205277386
824309164
705164640
93718562
372339610
396413216
802676821
340980453
713979948
241065322
3870854
489304047
607196614
823046072
387120643
294025934
404462807
108563469
402083855
174875262
193275305
223635376
688176107
338911730
862636349
913408437
467714031
714797570
470598575
165803742
762042200
215917849
397129535
364845359
669989313
194110300
221667177
248590766
745810009
70490549
754478854
6391444
193275305
457230381
795285863
275127100
614380239
493854947
151667782
982800019
614380239
568368152
264115175
884158612
269522820
318294545
204365179
495780310
462480493
32373650
867677207
773485779
309914368
918055945
646235890
600365581
92758893
562508234
294780030
27672141
970041116
607196614
385714768
100441623
103961583
673979771
660045573
561460858
862636349
227382860
749018590
729190925
482020824
463535049
881893872
762788531
614613460
117643267
416976073
649032276
100441623
478420462
281255127
314274700
326901762
567469486
767042274
561361469
732941440
397531146
32287383
721617140
156285460
347090776
824309164
248004927
854887779
767437724
555177604
312265595
868296475
181847325
578225861
448224737
829648017
195828062
42310282
836472510
341136874
649329457
995371825
442297488
745810009
566038958
545525098
270710518
679855380
776644344
467714031
992780831
156285460
783640875
94101850
991400574
309914368
728091607
728091607
992780831
770935442
37415857
977485422
621372446
46598156
46598156
806442151
137158394
93898630
779342623
444805188
945309929
979992373
740630647
340980453
580433045
405138679
4578874
417969155
575717500
511214814
34850360
770935442
992407830
872357425
275205258
876888224
265437245
980877287
545525098
298620610
556669779
716100284
802676821
582621614
568850679
227465186
307229337
821987704
161172658
121413468
45578027
129720502
913408437
16977106
364670984
678188555
696996923
155114584
614633990
928419854
149544260
324367954
774213124
755799990
482866441
249420944
607196614
349467144
678632480
280128240
885392673
672340633
557820851
213384934
486167898
238272826
213940904
312499983
305174163
458412306
745810009
314482426
270710518
298620610
501716072
884158612
410075955
858486254
324367954
397129535
424614948
168512465
933891365
155114584
207908345
607196614
636537033
4578874
786055908
743928632
998628303
273320985
786898863
579690149
675972357
717552752
129501279
598374889
762504311
564972780
249420944
690319247
678828872
70843747
165803742
386265640
716574648
648816111
898621053
93718562
23482358
114617150
913408437
239487316
85548318
358904507
46701852
23482358
995547968
362603295
117643267
667703986
935858922
121600982
107816356
242026776
273320985
379135191
103961583
842176960
168210228
780068949
557820851
511512861
365777724
467714031
714797570
117643267
811379824
911263227
898783037
32287383
820144652
132780882
294780030
677587377
385766089
687067340
174875262
349120238
630174927
770472141
619425403
75731852
735601939
459756422
66605158
792185102
685479002
362603295
439752238
309914368
903221914
955706049
67633894
100451364
178339009
853447660
865544553
658516737
32384110
981318909
227382860
149544260
829394953
644944024
952041196
369865985
637653710
596434661
281255127
986345000
294780030
884750607
137067068
178477486
918055945
940644413
400156608
224894495
347090776
906077942
482020824
624767445
843410497
518828027
225799444
539831708
397991399
717552752
713620440
903677047
621516378
750893023
885392673
172901029
568184909
686406158
110468114
117004362
477546440
751207334
405572486
150
263590488
33764678
614380239
32287383
775210083
458432099
779342623
849859696
140654504
296479669
843974522
933866206
349603248
165803742
199260963
96177646
148516861
397129535
291848212
298620610
787638947
429569127
704852441
416976073
915939207
186587623
97145014
198025561
185501014
807973025
657738176
995547968
151667782
988265960
103961583
833118505
129151366
654167456
312499983
964982728
393658570
983780318
482020824
529371325
39218592
227465186
562966407
824309164
387120643
840517467
608423628
988302004
66923545
555573743
77271573
3384
963112412
46598156
189874901
912135238
789812485
761221466
884158612
933866206
385594342
726185148
828851019
630174927
740630647
493854947
654167456
23482358
707064000
77661957
992780831
720872438
743928632
364394151
648556615
25322078
514811540
975442561
34220901
10
248590766
326901762
655015866
95673858
507236163
66533643
244659054
2865791
165105338
913408437
32373650
162101766
269522820
423442604
179597442
401016825
849859696
928419854
612177153
249420944
4826160
746937336
751885764
275507421
940644413
498943403
285895901
958249449
448224737
324367954
574061021
477546440
32373650
325792186
522967629
89586405
717552752
451927396
96177646
214946417
174875262
865484023
539831708
53298952
168943216
365777724
359413886
246487880
248004927
991400574
58020252
487814049
778557779
143464753
384951437
885392673
398089477
806442151
112656008
335362996
364670984
802916844
634247715
902068553
199260963
456879184
650121438
935371021
802916844
884750607
773485779
137158394
534757340
314409236
964982728
477546440
747363900
556770487
556510695
129151366
749018590
66605158
873735929
249420944
655015866
527030158
503444762
402737690
1037290
385642516
168210228
751109629
388061120
616529756
302823404
67086855
309914368
714797570
16977106
858208842
317110259
995547968
345422821
330901529
96177646
607196614
932704771
470598575
720302366
3252135
825390181
275507421
366552795
401016825
772245227
189874901
659661304
192277630
304697117
885392673
846739683
886627638
557337497
562214707
312084886
823046072
634247715
211960357
849859696
411803564
504070458
538875282
376887796
649329457
791750395
503444762
467714031
32287383
648556615
548056668
406249364
680596182
705234926
397991399
294515247
114617150
439154035
527030158
986345000
495780310
248004927
25658617
988265960
409941254
777161433
172344632
862636349
362603295
655015866
57943567
614943409
794289386
884750607
252894494
795285863
78646918
814639582
776054219
540791553
983615514
448224737
193992127
331078515
97007432
419832466
162101766
555227956
34850360
125575379
824309164
326901762
648816111
325673673
983780318
493854947
637653710
69349174
83761743
680748079
195792409
990186198
345422821
131225688
680748079
175491988
960948652
341214200
227465186
568638416
717552752
373635
176588513
364670984
626701595
573032350
170864699
931209885
740630647
362603295
472750916
695206841
870153586
842176960
478136924
227255957
193992127
318294545
429905953
156285460
858174659
96177646
239487316
915188289
693851503
910655686
273320985
717552752
740630647
965243946
775634040
225799444
992407830
227547313
630406339
100441623
773699299
137067068
57434627
923126260
751323946
726185148
448224737
751885764
32373650
995547968
704936703
109568308
21392860
32384110
954476209
227465186
834429163
521247355
815513078
32287383
432615709
652138210
114617150
137158394
683538680
977485422
865544553
93232780
982937035
283276445
818265792
679855380
412621071
503444762
507634900
588767251
655015866
397950459
784017847
456997306
494874175
69349174
145462090
820777211
885392673
170864699
964637396
843133954
188003776
527030158
380629217
655015866
837849378
93898630
779370659
747363900
507236163
156285460
511788316
680748079
185501014
276634369
397991399
981870925
879921418
227133621
83613904
5086676
496511473
341482505
354470502
995534288
919965156
557820851
163410716
443607341
598374889
202967281
305936627
401497412
730021604
507634900
240879853
735727576
482866441
747885498
945309929
32384110
257866679
746937336
514811540
478420462
680588838
144577080
149544260
746629362
626701595
795285863
129151366
66923545
585240519
137158394
983780318
198025561
332387987
32396222
32373650
309914368
680441459
858564245
376535143
73631263
195828062
425831310
278976413
353511253
912135238
327601889
586581136
482866441
545525098
349603248
592485613
766311612
457230381
998520012
273320985
215001922
10899672
762012007
494052557
676300158
348327265
93898630
621372446
3998093
137158394
4826160
477546440
207908345
686849889
885392673
669989313
365777724
980877287
178339009
31383172
199260963
868296475
69349174
724299767
671910791
507881855
596813636
107816356
109609822
416976073
364670984
103360454
389434891
760390008
771107174
458432099
802916844
993246911
831512117
525504577
124887470
478420462
503444762
96507421
129720502
769929921
163410716
608423628
833275944
388061120
646508684
919965156
345422821
387654139
129151366
981870925
482866441
710427835
991943942
717552752
493854947
533082211
365083342
507634900
523419698
386265640
950547617
405572486
408594071
401016825
482866441
675308532
749018590
211960357
4826160
585240519
701300096
593560604
23482358
176717014
395100098
51511054
673161982
349603248
524632621
269522820
648816111
121413468
39344397
747363900
963052226
179792805
92363518
689075782
332360030
423817803
788975441
345422821
305174163
740630647
943918947
398154020
150
367297184
176717014
369865985
700167415
280128240
578818804
203450120
125731944
193275305
21360423
156285460
680927631
157326388
928419854
669989313
516383057
32111757
114617150
59377820
471900321
132122251
963962664
539745331
467714031
773485779
940644413
791876743
738884448
459756422
401062440
704827836
208917888
414335868
482020824
114617150
343035535
100441623
78646918
389927427
494874175
162066027
489334816
788975441
977258129
297721548
232574157
295393207
179597442
117234503
172901029
824231920
172084838
746937336
488284853
67633894
993246911
614380239
720938197
703484589
785960550
918455197
350083337
4826160
527030158
397991399
542866904
162452126
117815619
794289386
545525098
405572486
899162623
156285460
618501145
208917888
144577080
498805845
412533633
149544260
487814049
655881311
841103606
894502900
863346849
155547788
842176960
482636632
149544260
345422821
41305762
275127100
345422821
176717014
523924894
174875262
498825254
387725986
32287383
109320
674195532
16977106
6666307
983780318
607196614
240879853
457230381
34220901
963962664
404462807
386928149
207908345
96177646
397129535
831512117
444805188
802916844
764523640
57472950
165803742
794289386
74607864
844678955
598705384
983964368
372339610
329313371
3384
316372179
151667782
109796397
995547968
702332923
362734637
536424554
477546440
938509305
949555586
4826160
482636632
35466709
249420944
421320651
978348273
698171215
502540878
130159798
571857722
495780310
810316708
4826160
335362996
322068338
838674042
865494791
58020252
64360949
92363518
516383057
858759629
224026556
179702733
114945228
548056668
989822007
129720502
176717014
402737690
820144652
470251328
614380239
97792638
2427335
977485422
506416993
581046750
28035985
70490549
216299935
121413468
991400574
749018590
244039894
124887470
596813636
607196614
322471680
540791553
457230381
363670128
3998093
618518930
249420944
777850364
275127100
583364241
66923545
336219759
705234926
868296475
227465186
269522820
314116173
472750916
843410497
274356765
242961943
101038579
227547313
278975419
663349178
835600239
744152596
16977106
747822655
780068949
913408437
958913789
107816356
129720502
298620610
550182451
318294545
868720178
827874435
489334816
751885764
269522820
514245021
3998093
680748079
296602173
514811540
928419854
271445953
779342623
88435791
827228299
397991399
625708341
662253177
694169545
70843747
211009218
46598156
621372446
984816582
859105598
802916844
108205801
561287041
69269937
744516345
716909861
283794329
716100284
275127100
873735929
971033648
326901762
928991496
35751931
207908345
369865985
596813636
404462807
384951437
912135238
940644413
167362139
596813636
507236163
193275305
335362996
843974522
212571209
57830779
397991399
397991399
689075782
197837594
154221862
994388564
32287383
866167384
199260963
30438422
475634304
359872532
739716257
527030158
773118870
4826160
39218592
58086057
362399368
95673858
109320
931095162
495780310
149544260
326150253
787638947
181469518
680748079
826123154
979992373
456350458
326782033
505115444
167026947
470251328
979992373
482636632
700167415
179597442
556007948
881775823
335362996
149544260
198289948
293243013
590298882
275205258
928419854
952928072
195828062
297721548
69349174
312499983
92758893
78646918
829563740
581264389
326901762
482020824
928555142
416976073
873347063
761364089
275127100
505115444
278976413
123337973
10
149544260
585240519
403279328
114617150
275507421
123547952
165803742
53302217
389927427
354740411
389927427
687213842
843410497
745810009
289567998
498805845
826482539
717552752
591131650
487814049
285865824
705234926
82229777
172901029
362603295
459756422
150
807973025
611595553
163410716
478420462
786355049
698436690
806442151
704852441
365777724
487445774
539489282
428072792
815145564
621372446
316372179
788975441
685281547
833151906
479810800
604169493
936826774
544646462
110468114
704852441
873735929
450627141
130159798
518716957
122844957
397129535
386265640
51066627
316372179
686406158
545649394
806442151
742055576
845402127
103961583
249420944
93232780
131416054
482020824
227624176
368382622
150025493
486167898
843410497
151667782
120853218
475562896
700167415
977485422
51066627
918612668
541683358
330936553
654178432
312499983
795285863
372339610
953555420
472966958
853533513
387120643
843974522
595744873
482020824
751109629
459756422
156285460
191948516
143607127
151667782
349603248
534004178
912135238
790422124
773118870
699241270
745810009
704827836
413433988
607196614
207908345
455811814
565140112
436715057
314409236
111326201
843974522
350556288
785198906
303244889
992407830
69349174
298620610
200016492
43329829
64229626
946127902
602121847
23482358
636911560
265607971
165803742
92758893
539831708
297721548
316372179
992780831
2862350
898368799
159853745
412533633
312084886
436715057
576761823
507634900
297721548
93898630
717257462
326901762
337984540
548056668
503444762
539831708
335362996
734783346
131225688
849859696
637653710
991435600
964982728
284791337
4826160
714797570
832924579
614380239
362603295
424614948
661815621
629388894
773485779
444232445
516383057
250265489
70551337
894931011
478420462
93898630
598374889
615191537
248004927
657174024
872185182
714797570
345422821
745810009
658516737
290767032
664023265
294780030
283513066
988265960
315431730
607196614
281255127
424743824
498943403
974540820
482866441
764523640
159853745
714797570
318294545
790763529
457230381
944062456
872579174
751109629
584499856
885392673
758920083
868296475
478069218
704852441
174444156
443607341
398089477
314116173
977485422
648816111
12407024
278976413
364670984
928419854
867210690
192636139
621372446
964982728
225799444
689075782
207289544
903221914
364677273
551710231
314116173
32373650
321831320
926767761
263118431
824309164
32287383
664146941
710137365
539831708
122868921
373635
482866441
537323656
933866206
903221914
340980453
389927427
274152861
210471140
4636854
364670984
451927396
690335825
371266733
975797674
983780318
201321741
496443226
540791553
280128240
240879853
226205732
349603248
654539906
76522899
763384445
275205258
716100284
296154476
649329457
786889010
892869287
132545387
816868097
731040777
198025561
680748079
388061120
644992380
902190733
444805188
78646918
129720502
527030158
27810873
708876283
239920248
926028906
585240519
454933126
436715057
865494791
66430650
479161991
165803742
379135191
32373650
614633990
82229777
647532251
148516861
198025561
278976413
998497707
278976413
658662112
486167898
794289386
70179378
454933126
788975441
349444205
657982270
117643267
489334816
983780318
596813636
899162623
189015388
630208493
16977106
716060989
448224737
165105338
555095086
472458959
479810800
945309929
726185148
62878134
340980453
722992672
795285863
178339009
475140414
897556375
746937336
275507421
762042521
1037290
746937336
912863145
3384
494874175
151667782
799368724
2777846
525808865
34850360
389927427
686406158
659120485
148205487
704852441
648556615
503444762
438372633
121503716
429241495
654167456
318294545
168210228
303502980
113370599
935266009
717552752
981870925
747363900
487814049
134053434
794289386
369865985
680441459
340980453
673161982
807973025
609607665
397129535
354740411
463535049
7489386
507236163
415385114
888368794
918055945
485033491
39565678
830977657
493854947
932397904
249420944
655472168
107816356
553875653
66430650
607196614
648199531
881775823
225400065
25322078
444232445
93898630
103961583
965243946
444671465
928419854
199785190
100441623
520450318
70490549
412365536
413724831
649032276
794289386
752341635
717906710
546925170
178339009
264035415
129748305
928419854
808368065
143079843
227465186
222451975
324367954
314413453
291848212
898721940
347608168
734756827
477546440
506100985
929829286
834429163
503444762
808265126
189874901
3998093
988302004
817327652
672340633
804109490
317863953
868908746
363468818
263591099
129720502
480690435
159853745
488102524
482636632
148516861
34850360
524632621
365777724
438336936
673118148
238620209
176717014
807973025
529654696
498805845
281255127
495780310
568480476
162101766
697552817
714797570
387120643
626701595
658516737
607907416
734868631
780068949
131225688
862636349
540791553
963962664
993246911
439752238
795013559
518884055
449125323
459756422
280128240
742226469
156285460
795285863
278976413
495780310
829563740
397991399
96507421
512564632
248004927
144719907
556083955
32384110
58020252
514816038
802916844
219158054
746035480
679855380
563342006
796520670
614607846
303436431
929242003
661238087
387120643
95673858
452803782
193685403
637653710
570735823
166786592
982905720
406526405
315807624
178339009
820920090
680441459
225799444
372339610
318294545
814883038
96047098
606567468
227255957
842176960
686406158
24936422
299745771
362399368
746937336
170864699
369865985
384951437
535369258
290767032
416934028
364670984
248004927
437825255
312499983
281255127
317351595
562220551
3384
208711293
540791553
379135191
312499983
624255446
448644242
548748314
608423628
4578874
668655348
193275305
913408437
354740411
527030158
199785190
186587623
988265960
721617140
751885764
362603295
807973025
125575379
843974522
470598575
338911730
769435172
416577785
193275305
467714031
898721940
32373650
683538680
231749418
388061120
716100284
550282431
452894889
843410497
462480493
311973685
150
779695957
954041402
77228380
258755929
205729773
573375284
974955222
103961583
312084886
46701852
806442151
193992127
165803742
330664330
717552752
278976413
914173649
477546440
121413468
778557779
354740411
467714031
184579362
29339920
137093575
726185148
386265640
795285863
586390122
843974522
114617150
342330165
751109629
991400574
397129535
257581081
459756422
404462807
928371038
716574648
995547968
749018590
149544260
4826160
95673858
227547313
42310282
155114584
78646918
468901473
654167456
273320985
398840394
899466931
777878003
416976073
346559909
438676316
846032097
185501014
129151366
23482358
478089748
489161958
611651282
705234926
818265792
96507421
514245021
193275305
780068949
347090776
679855380
475634304
374880588
78646918
232210751
601460584
1722795
3998093
90817709
6928275
97151091
462480493
498805845
981485608
894680312
130159798
397991399
700167415
40582151
100441623
298620610
215716756
772214221
473265336
454933126
847551808
186587623
96507421
672340633
745810009
386265640
324367954
716100284
196086470
655426241
349120238
965243946
648816111
267046098
952956743
603960828
349603248
344383005
556007948
617242242
751885764
477546440
391861531
165803742
70843747
364670984
16977106
99816416
487219233
82473072
509219017
785035128
275127100
542125229
988302004
807973025
163410716
405572486
802916844
829563740
746937336
803039224
100441623
820832381
85483144
249479266
652697749
649329457
740630647
514245021
154221862
831512117
59829677
780068949
628743358
545021008
250961715
129151366
700167415
193275305
745238355
582539639
988265960
773485779
991582173
591175866
843410497
898721940
330936553
370774452
822735753
608423628
74217649
458432099
729305069
981702244
2712629
649067331
915709602
384951437
393777294
620543729
288001156
578574689
226259570
454933126
275894512
168210228
207908345
967102009
627795432
873735929
486167898
168210228
130159798
503337797
962403917
679855380
477546440
977485422
436715057
979992373
988265960
211278955
459083568
227255957
710381142
499119380
659562687
478420462
230888170
397129535
432890183
549424140
661815621
448224737
424614948
648816111
846173593
689075782
347090776
311409141
881942690
384951437
184151516
204434900
68899906
779342623
182068897
415385114
780068949
716574648
10
58020252
418839984
275205258
239487316
389927427
170864699
502626429
632703855
434941661
77439239
884750607
415756310
291848212
340980453
849859696
211960357
451427142
249479266
392241723
952041196
745810009
82229777
283208610
555573743
746937336
630174927
527030158
162403407
478420462
711265915
596813636
275205258
669665239
974128048
712599793
329313371
773485779
450019296
444232445
988302004
68899906
341482505
198025561
995547968
884158612
493854947
983780318
598374889
207908345
989391177
314413453
598374889
180168439
470856041
334810533
928700383
487814049
614633990
349603248
743928632
462480493
474989384
993246911
728091607
379135191
237819907
390794308
329313371
372339610
249420944
755560799
424614948
207908345
487814049
211235321
163410716
231481300
395556310
253324156
782432108
577236619
149544260
698436690
912208782
829563740
709134786
912208782
935931575
560453596
758786814
52202645
156285460
764523640
852031913
129720502
995547968
937121531
39056504
850816638
507634900
929148673
275127100
489334816
649032276
67086855
222482674
419313698
294780030
528701904
275507421
280173945
514811540
362399368
112741733
66430650
16977106
678556850
476848436
369970096
843410497
970207159
581264389
405668751
709235404
116966232
865544553
42310282
539831708
368222692
103961583
761374876
602121847
173137558
286652738
92758893
184166768
529479016
630174927
673161982
594491629
326901762
248590766
573375284
415992247
449604469
539831708
304697117
92758893
365826617
493854947
457230381
704852441
859179562
673161982
507236163
986345000
523752707
851426602
581234185
107816356
592141175
548056668
821987704
452035468
310103125
3998093
1037290
451927396
69349174
1037290
124887470
838938242
778557779
277773870
294780030
479810800
482636632
96507421
919965156
569124714
349711192
676191500
482020824
27810873
977485422
913408437
352731366
255976015
482636632
865494791
4826160
387940919
93232780
404462807
843410497
93898630
95198940
387120643
913424579
506357016
410540536
683538680
312499983
14515222
96507421
991119054
807973025
4578874
489334816
556007948
845823328
89563941
700167415
340980453
956357756
477546440
772214221
148516861
51765205
412533633
662875513
319531703
527030158
278976413
513382108
536739171
55549800
564150425
648556615
228813801
964937028
974270817
614380239
93790394
316372179
108563469
621372446
262355324
690319247
686406158
32384110
178339009
555101222
721617140
290767032
523004744
377067309
977485422
749018590
798971299
488102524
975257724
728041142
744867955
778557779
459756422
324728327
603488295
207908345
742800655
769929921
648816111
768610764
389927427
448224737
69349174
24704791
704827836
101238705
227382860
992780831
965479496
495780310
458432099
172901029
945309929
348829798
679855380
66430650
494874175
823046072
603059500
108563469
993440343
224026556
736575877
675194401
843974522
722235402
124887470
806508121
798711085
721617140
387120643
714797570
666361666
387120643
823046072
726185148
3384
27810873
136602733
351023597
1
185501014
808087968
165803742
70179378
369865985
912208782
444805188
843974522
487814049
706153832
902294169
153789449
405572486
340980453
208917888
93898630
787638947
795285863
697124495
364898277
199785190
390890253
291848212
517975590
93898630
242026776
562714619
788553255
940644413
665753274
933891365
100441623
25322078
80769661
162101766
494874175
150
941083872
135708908
58020252
210242824
151667782
480088525
764523640
980877287
442089737
558999340
326920896
79184239
770935442
885392673
631130536
208917888
249669559
341696465
92363518
1037290
490068012
227255957
304697117
159680615
58020252
70843747
818265792
93898630
404242806
66430650
991400574
800533937
495078189
198025561
86862474
165803742
503023839
834429163
163930569
372339610
326901762
656275701
457230381
475634304
882399261
208917888
993246911
70843747
314274700
728091607
649329457
714797570
843410497
896230276
444491253
613167056
275205258
545525098
67086855
362603295
82229777
904185351
820777211
557337497
505273714
65196441
3998093
386265640
865544553
148516861
621372446
3384
369688858
629570243
540791553
686406158
46598156
912208782
965243946
397991399
720508491
605272992
721617140
1
556007948
928419854
39162676
548056668
884158612
931040262
437885096
949578084
316062110
824309164
108563469
568368152
923981678
227255957
339829489
903221914
75975667
719549800
686406158
200016492
568368152
810933615
824309164
751109629
862636349
806442151
185501014
372339610
170864699
464063534
457853890
477546440
540791553
436715057
986345000
507634900
362603295
66430650
505977575
10
992407830
497269340
358083300
122151035
16977106
898721940
83761743
728091607
871146531
436246012
326901762
354740411
507634900
362603295
397991399
149811274
275127100
138757912
32111757
689075782
751109629
507634900
507634900
326901762
39417968
608423628
573375284
414747157
259547610
711265915
648816111
326901762
494874175
658516737
16977106
783875925
117643267
802916844
661815621
818265792
482866441
144577080
48596475
655015866
457230381
514245021
649329457
129720502
3998093
852494567
489334816
415385114
372339610
467714031
760274553
794289386
225799444
567951074
106458025
240879853
195828062
524632621
545525098
843974522
704827836
37225211
90596249
444805188
503444762
717552752
843974522
595476633
988302004
655015866
25322078
398363420
596813636
820777211
293719958
175038863
269522820
433074972
16977106
93898630
754572927
87415821
293645747
340337928
344383005
540791553
464063534
462480493
505115444
941013700
298620610
444805188
172901029
493854947
673353235
505115444
682636386
198025561
608423628
443607341
372339610
770935442
867440190
207921599
185501014
823046072
387120643
249479266
86666318
829242148
970193739
414177985
585240519
19061490
312084886
898310911
493957093
700167415
5467702
225276854
89508987
163410716
362603295
393099781
746784520
912135238
291848212
721617140
594641311
940644413
883680056
323381056
67633894
423433470
514245021
239631428
14490600
539831708
916733227
197371222
117643267
462480493
174710635
562986044
325382218
9063900
328759588
294780030
749763632
294780030
882198398
251297295
479810800
338911730
865728975
34632340
314409236
312084886
884750607
388061120
457379874
899560659
181847325
457094492
88201639
713768775
612729352
304697117
90239894
383841712
398089477
107816356
106542945
309914368
247526429
933891365
980808280
881775823
949248422
312084886
208917888
82229777
364670984
763816877
186587623
853481680
248004927
4826160
472750916
4578874
666124023
375514608
269522820
683051649
208917888
227465186
70843747
137158394
103961583
999661367
32111757
149731854
140850633
39442365
489334816
679855380
124887470
498805845
156285460
362180513
353343043
329313371
150
13358603
618137374
185501014
810851274
495588214
646265704
803039224
596813636
178339009
186703619
110468114
164947209
482636632
480231419
64655861
654167456
807973025
206048565
457230381
239487316
170864699
422066990
291848212
905483086
881317347
618211247
109022783
482249773
193275305
175629227
71132029
3384
298620610
807973025
457230381
162101766
918055945
648816111
556905661
649329457
273320985
51066627
245097535
991400574
802676821
808533344
482636632
365777724
362603295
292753806
988265960
919965156
224583412
743928632
32111757
290767032
764523640
995570983
27810873
275205258
329313371
369865985
630174927
159741427
467714031
4578874
154221862
627162119
607196614
843974522
980877287
662006142
218655545
342077717
630174927
603652080
454989647
354740411
108563469
794289386
338911730
83761743
775041258
25949860
598374889
96177646
909266484
222519033
986345000
412533633
984358674
349603248
404462807
981870925
249479266
114617150
178339009
871352813
329313371
849859696
721617140
179597442
341482505
342948520
898721940
470598575
704852441
800121840
965238344
342330165
32373650
144577080
827874435
10
981870925
682310062
559391737
137258507
482866441
795707520
165105338
251297295
634263618
648816111
823046072
395211365
828252314
364670984
249420944
401016825
746937336
130159798
248590766
437638119
679173609
596813636
548444787
156285460
486167898
129151366
174875262
683538680
603571910
619999436
72866976
539831708
451927396
258812474
700167415
402737690
583814302
769190491
316372179
239778654
62886509
965243946
297721548
211128854
120681003
808062672
66923545
436715057
721617140
714797570
277768597
985352871
795285863
673161982
63389411
227255957
744838563
451027827
326901762
781326020
598374889
726185148
451927396
170864699
646446839
362603295
156285460
303361801
1
364670984
279368314
176717014
472750916
711265915
827874435
922856568
725928966
991400574
459756422
121413468
329313371
997807646
548056668
70918474
34850360
614633990
798898769
309914368
614380239
369865985
137158394
335362996
992780831
985306461
581264389
75476160
562986044
532637507
179597442
621372446
533891990
314274700
917411038
329313371
704936703
827874435
850518237
32111757
683538680
128780196
818265792
959975275
184151516
704852441
505115444
467227308
551456703
452035468
470251328
478420462
17331849
664633685
170864699
173079930
494874175
928419854
545525098
275205258
454970051
919965156
482866441
574864125
4578874
545525098
595342104
712349552
168210228
187613175
540791553
437929924
309914368
314413453
556007948
215586094
49684037
444805188
218111869
577028798
928419854
398089477
109200412
269522820
345422821
933111929
116116119
285792448
923612139
364670984
903221914
120202709
439752238
430431327
482020824
137067068
178160982
486167898
824309164
633939599
278976413
705234926
226828960
10
185501014
23482358
690319247
713815340
802676821
769929921
32111757
135289457
776772548
590207705
32373650
711265915
845946823
952041196
779063194
32111757
1
958418231
12860568
32373650
217854076
193275305
608423628
150
437893580
965243946
865544553
165105338
227382860
912208782
607152657
776922994
769929921
249479266
439752238
199084762
865494791
568368152
884399740
349603248
649329457
351270489
178339009
555499765
933891365
964982728
963962664
630174927
773096547
120864924
451927396
614633990
333340115
200016492
10
193275305
650415176
129720502
235570002
156285460
912208782
43917913
801438138
639376958
439752238
46598156
446931393
489334816
463535049
596813636
843410497
713134873
700167415
7129925
185640605
193275305
57111858
722669389
178339009
843974522
23482358
894424640
963962664
704852441
568368152
608423628
239487316
769929921
980877287
207908345
318797554
340980453
570817484
498805845
557820851
93898630
239487316
868021173
477160038
873735929
649032276
223188267
885539045
69349174
795285863
746937336
163410716
109906894
807973025
137158394
168210228
168836098
479810800
511999663
963635411
106800207
829563740
68040437
876910025
903221914
983155662
230245396
779370659
260020833
851775036
991435600
370361882
497186963
3384
328162377
866505356
881775823
677423244
341482505
433765486
1
843974522
690319247
179597442
157975433
372339610
254661911
675254458
96177646
562986044
460085628
159853745
945309929
572102674
138408913
170864699
269522820
717552752
460023545
964982728
388061120
448723199
505115444
505115444
919965156
544324413
836179377
467714031
42505367
614380239
864577631
830961034
527030158
881775823
981870925
455451467
541962830
443607341
648556615
842176960
254262878
658903145
509065752
907206458
275127100
740630647
362399368
162101766
577758052
173221955
476075903
844322468
757059614
607196614
137067068
444805188
372339610
304591870
470773306
787529489
721677593
178339009
191686757
280128240
649329457
224519880
93898630
401062440
114617150
411583640
107816356
452035468
545203699
15552551
389927427
478420462
320981326
121413468
337235988
462480493
124526160
827874435
672340633
539831708
679855380
82665627
635059371
304697117
571711912
386265640
312499983
369865985
896017571
294780030
700273048
298620610
580956315
203750552
173643577
144577080
991435600
63963510
365710922
700167415
861518952
175431747
716100284
150
186953258
280128240
601608814
818265792
227547313
482020824
865544553
873735929
526029148
816370331
389949768
397991399
498805845
237883492
933891365
436715057
114617150
24790438
239487316
919965156
684740789
519024145
201488970
401298627
893093344
239487316
342330165
640497784
3761461
573827761
699653933
940644413
10
15337087
637653710
305174163
163410716
807500551
516120267
909452272
596813636
545058621
436715057
894524872
778557779
577384034
419364735
467714031
940231198
907108680
129720502
392986684
454933126
247673630
634247715
96507421
854887779
124887470
933891365
779342623
482636632
855257576
477546440
728091607
417260642
467714031
514245021
488102524
831512117
430106078
716914637
478420462
100441623
121413468
25806131
716574648
842176960
686406158
326901762
730626458
787638947
25134286
505115444
313573721
67633894
405572486
403109867
438336523
137158394
239487316
129720502
10
299153269
669989313
199785190
37655147
155114584
82229777
503337797
10
943841377
69349174
596813636
678424448
309462329
688177410
713620440
705234926
615887227
770935442
557337497
399027547
470251328
849859696
482636632
747363900
227255957
685497603
940644413
820916023
384951437
962403917
793820598
275205258
313064284
562986044
933763578
766056654
224703379
32373650
4826160
415385114
275205258
980877287
364670984
625652779
123274584
655015866
82746952
124887470
354740411
178339009
458432099
862636349
312084886
479342438
974206381
472750916
3384
679855380
155114584
314842219
199785190
63104594
757234367
945309929
137115529
347090776
405592161
594427772
70843747
493854947
179597442
249420944
912135238
684910016
673161982
977485422
780068949
503337797
730476601
458432099
568368152
714797570
113370599
225799444
732268533
632475994
38416141
885392673
524632621
968800275
457230381
706153832
608423628
952041196
340980453
713081777
198025561
623800203
34220901
317851149
631086421
648816111
167026947
93898630
845493383
902719210
92758893
881775823
269522820
614633990
373635
486167898
162101766
416881188
270710518
802916844
614380239
384951437
163276767
964982728
875652193
749018590
614380239
791861963
463535049
655015866
200016492
963930969
885101679
249479266
940644413
632714062
159853745
314413453
773861555
46701852
180002850
867677207
988265960
193992127
66048212
539831708
985940075
275507421
276191714
777161433
444938022
539831708
390614690
928002428
806442151
219824316
304697117
129151366
95673858
806442151
470598575
991984431
248590766
46598156
818265792
94326123
524632621
4578874
360775092
12927972
82229777
445592187
991400574
929788198
473815495
511495711
207908345
316372179
93898630
802676821
129151366
985468162
690319247
746937336
717220180
444805188
608423628
893050488
89351541
429883968
151626072
694401161
612334844
482020824
415385114
612307859
983780318
10
312039555
110468114
666300972
32111757
388061120
555573743
251297295
404462807
637653710
50158671
312084886
359124718
1
193992127
745810009
912135238
386265640
227255957
184151516
495780310
151667782
92363518
451927396
23040673
165803742
981870925
823046072
505115444
752916803
345422821
248590766
398089477
637653710
964982728
942636468
150646909
275507421
804555360
231682981
3761461
70843747
446102122
964982728
165105338
199785190
741494681
788975441
992780831
388061120
397991399
787638947
778749178
1
437833596
368110363
788975441
997262988
818265792
144577080
340980453
487814049
154221862
354740411
991400574
769929921
251297295
58118856
1
680441459
349603248
919965156
270710518
940253801
368153203
386265640
314413453
477546440
595871363
283101217
236714760
652801501
915338820
585240519
319742206
614380239
963962664
32384110
349120238
685623609
34850360
717552752
795285863
354740411
89719170
100441623
372339610
541871473
208917888
312499983
397515866
980877287
129720502
276156127
349603248
290767032
514245021
239487316
445357596
664024444
108817978
12555588
884120553
3761461
294780030
1037290
630174927
581264389
983780318
467714031
640790404
154626833
271898533
150
545525098
964982728
392806932
212496852
385028148
117643267
114617150
207908345
178339009
773485779
969959880
802032924
943700299
183053813
227465186
148516861
151060026
736814992
505266709
130159798
854887779
452035468
540791553
614633990
457230381
988302004
278081176
632692134
773118870
722183870
184151516
807973025
376022940
108563469
749018590
841950384
868296475
137067068
10
827874435
224026556
968294570
248590766
156692429
67027262
192577140
993246911
369865985
992407830
146391015
200016492
261060789
362399368
444232445
309914368
548056668
291331601
605984024
898721940
804618165
401062440
479686226
227465186
637653710
138825925
185387550
527030158
10
113370599
235893526
258174118
32287383
628011832
323193181
661815621
940644413
109289540
379135191
487814049
869565448
736594997
631836045
803039224
711265915
981870925
556007948
459756422
443317435
172901029
193275305
27810873
129720502
721617140
248590766
137158394
341482505
566679042
574351071
731043239
521014656
172901029
794289386
30844420
621372446
369865985
655037734
159714527
512027807
919965156
549424140
998932108
113370599
482866441
824309164
352459212
920957387
705234926
873735929
711265915
581774883
653505588
514802540
149544260
500096044
842267547
32384110
383384957
716100284
363901450
916448707
655015866
457230381
178339009
117643267
159910161
805036851
290767032
988265960
314413453
842176960
444805188
195828062
820777211
10
190152635
182090046
854720216
505115444
773717096
275205258
379135191
159853745
689075782
769511195
114617150
415385114
113370599
189874901
347090776
23482358
436715057
746937336
103250043
312499983
325874888
668298364
743928632
867677207
841385847
298620610
902507227
726185148
129151366
338911730
248004927
145489755
390860029
94663252
787638947
103961583
787638947
663385657
163410716
747363900
330418037
593276154
764523640
143068600
167026947
165803742
983780318
413433988
92363518
185930935
199785190
498805845
751885764
184706120
827874435
873735929
91341103
362603295
648925295
704827836
469226619
539831708
772214221
280128240
108563469
218019711
250728768
49019862
184151516
585240519
740821705
780068949
992544241
698436690
967102009
876385955
276864092
388061120
482020824
933891365
4826160
705807935
397991399
82229777
130159798
362603295
665458952
401016825
204456183
253392640
115654539
909800697
325386318
117643267
524632621
195828062
155114584
148516861
398089477
562045224
92363518
280128240
448224737
159853745
955047748
726245037
314409236
444805188
369865985
58787021
339019602
439300353
265642139
972578105
170864699
624071140
821987704
815262406
503597350
109320
980877287
68907091
647878274
273320985
49401657
278976413
456268224
364569648
726185148
54266554
787638947
316372179
182461866
873735929
704936703
607196614
181847325
563751757
898848256
87236316
66923545
607196614
193275305
23482358
454933126
17719898
688722712
700695505
713013134
249420944
763115746
912135238
668583497
239487316
827874435
557820851
344246551
720030159
634247715
540791553
645122383
269522820
966215925
458432099
966529174
59343018
278976413
261220335
48857033
78646918
814944359
862636349
606612652
827874435
667153914
806442151
747363900
251297295
164717126
172393891
137158394
991400574
672634328
309914368
482020824
548056668
988302004
844644669
489374036
109320
130159798
649329457
802916844
722631324
637653710
27810873
85337118
324244583
217685111
67086855
462480493
227465186
933891365
477442538
349603248
17148120
67621380
673161982
69605692
556190749
26050677
198025561
467714031
27789121
249479266
903221914
628606103
831966551
66923545
314116173
820777211
193275305
930038243
3761461
379135191
993246911
762849669
355264565
10
193275305
384951437
130159798
290948471
162452126
912135238
777161433
980877287
32111757
486167898
649032276
42310282
387120643
20801621
889121764
745810009
299645772
78646918
654167456
995547968
925019272
977485422
227547313
189452765
124887470
918455197
517650878
