425884064
150
92758893
106924098
155205132
4826160
248590766
944010351
679855380
746035215
507349140
903221914
430236598
470076102
67633894
67633894
10
172901029
715605437
300822978
67633894
706128868
787638947
223230586
67633894
221411174
367354679
269461090
787638947
784281235
82661909
765436112
387267357
423871282
129720502
23482358
629639974
135505044
280128240
150
798286480
980147249
105593017
92758893
100441623
397991399
746937336
23482358
717552752
152133779
717552752
356517206
148957966
658516737
138858527
280128240
10
846415178
10
746937336
464395700
743928632
500591494
100441623
168210228
188295484
255122281
843410497
150
599830848
3384
895267210
44917085
746937336
802676821
248590766
227255957
141787558
751109629
516146246
1
168210228
304980027
559895770
162101766
843410497
927779294
919247382
46598156
280128240
843410497
879776262
162101766
751109629
168210228
77930701
854218419
46598156
22562836
439339759
172901029
287160915
711265915
100441623
769438756
479320860
3384
193275305
248590766
25167727
756141047
23482358
843410497
683026423
659759786
100441623
4826160
92758893
527256486
100441623
410872846
802676821
903221914
267021457
912035648
492892553
150
3384
162101766
888447604
329313371
658516737
109320
721617140
846149311
967946315
455334439
445737536
807017523
717552752
257674689
10
4826160
658516737
496271147
527774456
309836550
863913489
658516737
227255957
168210228
172901029
129720502
717552752
172901029
743928632
679855380
162101766
194768064
129720502
824860752
707273318
23482358
170940429
150
109320
92758893
507305054
876091377
751293811
746937336
787638947
189691703
1
280128240
280128240
536505128
89944752
507170428
743928632
787638947
162101766
388320630
717552752
10
100441623
10
129720502
348946119
172901029
248590766
227255957
23482358
162101766
707253812
1
457886694
718083814
4826160
10
743928632
3384
996448883
780068949
751109629
569282298
475563481
174875262
129720502
248590766
739946595
539432047
843410497
362839250
930532451
717552752
69349174
248590766
903221914
104983118
903221914
903221914
280128240
856434274
329313371
787638947
129720502
129720502
30984272
193275305
751109629
27810873
162101766
10
743928632
787638947
197859689
397991399
972653391
308670659
10238578
573769806
415385114
834145208
227255957
746937336
756037613
172901029
10
764952410
92758893
109320
778503373
1
67633894
168210228
30332243
408454685
150
67633894
924823827
717552752
415385114
3384
295866118
142961259
168210228
746937336
174875262
280128240
280128233
910190324
415385114
168210228
162101766
788194686
27810873
637653710
172901029
440324501
721617140
506245898
746937336
129720502
455032172
248590766
909465715
658516737
533042844
443523345
65391060
637653710
3384
132166352
721617140
142001555
168210228
92758893
560115358
227255957
150
27810873
930719391
802676821
675860875
100441623
637653710
150
568028784
721617140
717552752
150
4826160
78728167
358408884
751109629
415385114
903221914
397991399
868411321
10
100441623
617958207
134317289
843410497
721617140
129720502
787638947
46598156
88260576
693035074
27810873
112460010
415385114
280128240
3384
707212640
721617140
427499726
681487965
778706018
46598156
342100908
787638947
510585191
227255957
843410497
184011698
751109629
606692296
802676821
27810873
727131576
172901029
168210228
280128240
903221914
280128240
751109629
172901029
658516737
169132910
67633894
397991399
572752301
174875262
374229216
746937336
46598156
4826160
46598156
100441623
27810873
3384
67633894
717552752
318263195
751109629
371400526
787638947
751109629
92758893
280128240
150
4826160
169071410
329313371
637653710
425925105
23482358
248590766
162101766
133513334
397991399
310099490
170977904
174875262
150
491511022
46598156
769743487
679855380
329313371
703966129
421667908
172901029
679855380
377406259
172901029
109320
304058119
1
516146246
27810873
280128240
717552752
92758893
46598156
404692902
150
743928632
282567270
527030158
172901029
172901029
280128240
67633894
174875262
717552752
67633894
524125230
150
168210228
248590766
67633894
92758893
415385114
193275305
716872294
67633894
575158810
168210228
721617140
109320
787638947
576454468
652015797
526151512
150
131974761
679855380
842670978
313108203
389494092
92758893
869447953
10
4826160
10
274829447
860014859
721617140
172901029
488369556
329313371
150
679855380
848173926
162101766
780068949
432615278
381219562
329313371
109320
637653710
341333574
3384
780068949
746937336
1
174875262
706708298
515427526
484307336
884168663
84336135
739875675
415385114
527665924
329313371
168210228
415385114
802676821
329313371
782667187
154558327
920403605
1
397991399
280128240
129720502
248590766
843410497
92758893
931278219
721617140
193275305
27810873
679855380
184004241
679855380
46598156
751402794
640472599
92758893
193275305
159853745
475988316
787513186
150
329313371
787638947
129720502
27810873
193275305
336658769
67633894
397991399
342722269
772715590
555122293
168210228
756350164
482636632
150
1
190314171
637653710
10
280128240
769902457
3384
586965669
780068949
721617140
660446302
409217773
688744000
23482358
717552752
23271100
571294148
92758893
37303965
76293192
991565003
3384
630873254
280128240
153344195
174875262
853401254
200620441
33036100
717552752
174875262
168210228
747151197
305516504
924774813
129720502
825538989
676820310
329313371
658516737
76834587
352804632
329313371
661398337
3384
4826160
667094292
150
174875262
843410497
743928632
329313371
728578961
280128240
787638947
595386325
658516737
179921676
751109629
168210228
697275423
838480779
558046152
751109629
3384
307122415
982409870
193275305
172901029
982237831
417047710
109320
610127845
737871762
213913423
404687911
346895508
67633894
10
658516737
787638947
721512434
554210825
100441623
482636632
903221914
721617140
637653710
415385114
3384
500591494
296266671
174875262
654339419
162101766
931081972
397991399
615637349
100441623
621531818
100441623
522151831
751109629
326136376
248590766
981424394
743928632
802676821
100441623
92758893
173478161
12235946
280128240
67633894
579887097
721617140
670133355
359844332
329313371
903221914
46598156
922959911
174875262
1
562122734
764952410
533187542
711265915
174875262
802676821
1
596786801
658516737
174875262
787638947
920052132
397991399
162101766
802676821
881895583
787638947
844950209
248590766
274123690
109320
903221914
280128240
27810873
581290609
168210228
92758893
903221914
38578698
879554988
159853745
100441623
1
1
27810873
415385114
558423859
92758893
4826160
86706352
227255957
974571614
498894618
705645424
751109629
415385114
92758893
489525141
363022050
785684580
248590766
172901029
248590766
248590766
252090157
802939073
792984525
727097606
749478314
1
137582575
932387979
843410497
397991399
458927855
350609297
903221914
903221473
168210228
105826099
151169671
800290502
73273149
451715690
174875262
906390737
129720502
150
787638947
174875262
903221914
59747057
92758893
843410497
854119532
279957334
129720502
780068949
802676821
23482358
855467571
129720502
658516737
749478314
843410497
555122293
295242463
721617140
27810873
168210228
41966095
843410497
415385114
109320
4826160
1
10
69349174
162101766
717552752
23482358
280128240
174875262
27810873
787638947
3384
10
100441623
637653710
679855380
174875262
751109629
92758893
92758893
721617140
319627327
91744047
751109629
280128240
4826160
903221914
4826160
150
717552752
227255957
4826160
513532423
177610463
625012790
992925420
227255957
782424338
174875262
871556357
486883258
415385114
415385114
404412737
150
649073608
921714276
580157065
913462627
10
721617140
802676821
162101766
294445947
104514692
159853745
10
129720502
46598156
1
282362184
252362697
624034526
257244101
776940950
385584963
459021264
483754826
910010823
162101766
746937336
109320
860154007
162101766
4826160
172901029
4826160
109320
329313371
169757548
137158394
159853745
27810873
709970773
719882420
445951193
901304929
794862421
760910041
174875262
329313371
787638947
165425753
162101766
677954436
150
82745008
719523589
727351018
603472748
888671248
721617140
177784012
415385114
27810873
162101766
227255957
172901029
150
802676821
67633894
66259383
172901029
150
658516737
67633894
150
220921184
474980852
67633894
174875262
147995859
625682982
27810873
253728868
572983120
329313371
235990982
168210228
67633894
415264332
787638947
10
482636632
682034136
172901029
470059283
109320
714337649
4826160
159763406
599826756
757173618
903221914
397991399
721617140
162101766
27810873
903221914
684080417
85709634
126586374
33518397
150
743928632
746937336
431119022
162101766
602966209
812520281
552039466
637653710
743928632
92758893
751109629
237611619
129720502
23482358
67633894
362811501
415385114
415385114
222881052
717552752
675686002
789795006
802676821
174875262
27810873
174875262
55196207
933549002
396135062
195881669
780068949
412833007
1
630507594
787638947
903221914
10
172901029
711265915
129720502
6840352
211203671
223629041
27810873
679855380
67633894
721617140
721617140
408635754
67633894
540383384
150
883571164
877583262
616645922
802676821
751109629
3384
174875262
280128240
535514423
6977636
172901029
363022050
3384
109320
903221914
618871534
903221914
193275305
397991399
746937336
329313371
571844795
743928632
23482358
746937336
116718432
917249306
721617140
905358813
67633894
482636632
647633631
482636632
745674173
949845501
792592960
248590766
843410497
481098667
679855380
280128240
145824063
10
174875262
174875262
781644
329313371
280128240
636531177
162101766
137158394
80073491
294100247
950735130
679855380
903221914
658516737
658516737
129720502
722058689
721617140
416295250
721617140
27810873
679855380
109320
717552752
787638947
949024679
781011986
329313371
397991399
721617140
743928632
23482358
92758893
746937336
679855380
293968759
162101766
787638947
985670560
799953955
27810873
571711844
329313371
227255957
255826412
150
303760547
903221914
658516737
52791546
172901029
721617140
725917788
711265915
803502031
174875262
215472426
397991399
717552752
67633894
168210228
721617140
481216491
280128240
162101766
575518102
751109629
80403383
1
329313371
27810873
4826160
532620433
430824222
397991399
721583812
787638947
130002051
691506276
150
170816633
162101766
150
10
643068541
67633894
150
280128240
746937336
365640280
92758893
337673083
721617140
101362723
172901029
27810873
802676821
92758893
687984194
280128240
397991399
183691521
903221914
159853745
46598156
635369914
621026729
488152992
100441623
911054457
415385114
69349174
458735633
415345919
838915071
721617140
4826160
415385114
121714377
792065310
984252614
531691099
858741148
679855380
122306607
394113700
4826160
109320
761898628
174875262
695211518
27810873
973898002
241134958
27810873
87667386
903221914
415385114
746937336
717552752
806231381
307252956
415385114
162101749
751109629
467266875
227255957
820634288
4826160
1
717552752
866114255
415264332
329313371
844102079
67633894
168210228
248590766
248590766
936581784
746937336
159853745
137158394
172901029
462025743
787638947
248590766
143183924
646832738
855656094
67633894
67633894
236966935
205996607
913631902
172901029
402054638
245799505
174875262
100441623
571309972
748951932
746937336
109320
109320
857419586
460552033
248590766
162101766
688944536
174875262
168210228
823969593
725729780
558848143
248590766
1
720788615
224422356
511267157
80093008
458927855
100441623
303760547
531095665
637653710
437122191
190559376
109320
743928632
23482358
338390997
928412621
746937336
23482358
903221914
172901029
903221914
596352240
903221914
280128240
475948519
679855380
637653710
527030158
758138474
743928632
196508249
950725745
735525757
774524724
109320
168210228
425440870
129720502
945396238
274161121
802676821
248590766
3384
787638947
637653710
473974107
436159829
90242647
3384
802676821
265332655
240752682
327615322
894638647
458408796
133057102
717552752
23482358
150
172901029
27810873
23482358
27810873
817305592
743928632
751109629
193275305
758779732
69349174
903221914
5447525
415385114
174875262
329313371
69349174
717552752
137158394
846436643
193275305
511713262
150
717552752
248590766
329300997
858215386
168210228
717552752
754439041
75034081
100441623
967305564
109320
854819896
8169499
787638947
756350164
717552752
109320
527030158
721617140
162101766
982775035
743928632
248590766
193275305
193275305
992025456
787638947
746937336
23482358
170136708
174875262
361829163
666388249
764385962
134538693
620218712
141620171
661591717
9794123
3384
129720502
679855380
4826160
780068949
605746605
313613425
157191910
129720502
699955417
323852009
150
679855380
4826160
864936123
717552752
777831122
137158394
527030158
172901029
100441623
329313371
248590766
354298991
329313371
455334439
961445633
174875262
415385114
989247192
746937336
100441623
903221914
903221914
751109629
23482358
172901029
490625312
4826160
704607303
408454685
671807397
109320
248590766
280128240
10
67633894
308030004
584052706
27810873
637653710
864583788
418186551
248590766
401302036
717552752
802676821
727097606
536281858
92758893
500089259
658516737
27810873
881789561
10
67633894
4826160
880500965
4826160
721617140
717552752
545716696
10
172901029
109320
5688871
397991399
531614923
29088872
23482358
4826160
147
717552752
464507987
787638947
3384
174875262
776294236
109320
92758893
948651246
27810873
150
3384
439433102
23482358
846449393
280128240
711265915
162101766
751109629
172901029
711265915
60290569
626507216
92758893
232225291
92758893
248590766
172901029
109320
863298405
415385114
802676821
4826160
679855380
1
227255957
721617140
620596977
280128240
321579878
16813996
802676821
44901704
618310584
258899606
536089844
443096772
898242583
754915175
92758893
679855380
1
362264873
482636632
69349174
1
172901029
248590766
658516737
159314658
241512321
621704906
160768170
339347951
847221572
297601098
787638947
524786986
637653710
721617140
83225052
109320
10
1
802676821
162101766
46598156
952821276
168210228
617747340
162101766
172901029
306745675
174875262
827765776
23482358
109320
415385114
349945696
109320
3384
269841487
10
3384
255122281
717552752
329313371
92758893
329692580
46598156
162101766
652740623
721617140
191471934
718700975
466132407
903221914
248590766
637653710
100441623
447784672
162101766
150
248590766
787638947
209802890
480477179
415385114
780068949
448087170
444413225
329313371
397991399
355527846
608799495
3384
227255957
746937336
4826160
46598156
615520026
751109629
717552752
719388395
131843237
109049
46598156
814972777
275267092
787638947
42604882
228615969
168210228
172901029
284961545
327364701
903221914
442101884
150
903221914
966488706
952378677
150
787638947
103958064
100441623
482636632
298707762
883213380
1
10
802676821
174875262
21781146
254245268
10
987616643
174875262
172676705
906034543
341385547
289512784
150
903221914
94969243
721617140
172901029
259945043
512229073
717552752
802676821
818378739
100441623
917693125
150
172901029
484614180
399267553
94179967
168210228
939701666
174875262
802676821
92758893
174875262
872048705
480846649
509599906
802676821
23482358
172901029
396402589
922308392
23482358
174875262
459426171
280128240
174875262
162101766
816503239
1
903221914
296020242
320976568
637653710
951934851
4826160
991308043
370862855
27810873
109320
42604882
913881410
280128240
227255957
150
168210228
10
280128240
903221914
415385114
637653710
10
172901029
172901029
159143836
802676821
476817962
802676821
787638947
4826160
751109629
67263567
3384
92758893
663714389
743928632
415385114
802676821
67633894
581931498
92758893
27810873
679855380
168210228
154611308
63471528
207570131
746937336
174875262
174875262
899412439
843410497
811655865
513724367
658516737
781750164
977300833
717552752
193275305
583511067
717584590
743984655
23482358
40982784
293131285
162101766
721617140
414089937
150
620825664
19537472
494053982
946022670
150
1
721617140
836743321
109320
109320
751109629
739558115
108779
637190683
104042305
174875262
172901029
661754643
687584327
3384
721617140
133846540
109320
264787519
851358374
721617140
93898630
3384
527030158
447343092
298703974
1
1
505452852
4826160
129720502
559432397
750920313
527774456
4826160
119883243
46598156
82279156
109320
137511682
117669412
329313371
174875262
10
855559964
23482358
802676821
984097552
69349174
415385114
51306363
172901029
150
394318201
168210228
458498604
802676821
658516737
129720502
134068788
329313371
304422894
10
756037613
67633894
66115850
751109629
248590766
953914248
1
435648949
518042465
787638947
67633894
92758893
10
55411206
172901029
679855380
329313371
506013674
637653710
482636632
38200977
109320
315097261
679855380
40312297
88243528
100441623
298047909
24109131
127140774
721617140
658516737
843410497
746937336
993219144
743928632
1
297729314
530314286
109320
46598156
550010890
658516737
162101766
802676821
464239372
403343090
821765507
67633894
746937336
3384
46598156
748574323
92758893
27810873
191633746
67633894
415385114
679855380
871922315
679681625
61305722
1
631093783
382426013
329313371
717552752
531905420
743928632
554174679
415385114
637653710
637653710
192608227
144383581
903221914
802676821
280128240
168210228
193275305
796659321
162101766
615520026
807969107
46598156
109320
737671806
168210228
658516737
172901029
662734978
711265915
658516737
27810873
824371178
631093783
168210228
415385114
81205194
679855380
129720502
329313371
961445633
488484292
10
4826160
726037354
555122293
721617140
527030158
857222363
679855380
276974273
23482358
717552752
658516737
684202155
329313371
67633894
100441623
159853745
700332565
569725699
29367438
129720502
3384
174875262
109320
397991399
316595190
1
397991399
681821979
702716349
174875262
174875262
787638947
174875262
505999646
42604882
100441623
168210228
280128240
380843430
658516737
172901029
743928632
711265915
23482358
913997605
890188404
480422857
721617140
262364411
100441623
415385114
100441623
658516737
399267553
721617140
789827057
46598156
329313371
1
631257504
10
23482358
227255957
482636632
787638947
174875262
734771612
162101766
40109643
248590766
756878459
29471156
734882868
109320
951134619
751109629
689751001
348819425
49989440
951934851
751109629
903221914
282329954
778623607
808174076
1
100441623
10
227255957
751109629
86563901
576876355
10
109320
397991399
75910540
746937336
397991399
679855380
154759377
874268683
3384
92758893
562298225
948226781
109320
174875262
85396047
802676821
936764423
168210228
109320
415385114
415385114
92758893
174875262
193275305
174875262
903221914
419416572
281391565
150
92758893
322550357
711265915
132718368
837616436
979795231
69349174
951862735
883026326
672812878
3384
329313371
162101766
397991399
93789930
3384
168210228
11882831
802676821
751109629
397991399
903221914
802676821
658516737
114980566
746937336
751109629
46325355
651677121
193275305
27810873
10
205349663
124863255
92758893
743928632
717552752
746937336
834059147
4826160
173258848
10
145824063
455507913
46598156
475507578
280128240
596487554
39019384
46598156
901434001
467478321
932759003
524290990
68557459
721617140
67633894
181052118
23482358
717552752
751109629
102277676
150
903221914
231365839
881512767
20674455
685440957
780068949
27810873
275562655
247435934
402271662
280128240
4826160
174875262
397991399
746937336
3384
274013958
938357889
658516737
280128240
394977731
172901029
129720502
482636632
711346025
397991399
903221914
248590766
93898630
314757151
984391899
10
717552752
111548300
109320
228319539
174875262
162101766
100441623
3384
843410497
711265915
172901029
3384
280128240
10
10
903221914
67633894
757916949
162101766
844964690
958907324
188720495
174875262
658516737
162101766
6666537
746937336
1
23482358
415385114
10
529849484
689177693
721617140
903221914
57884993
717552752
802676821
802676821
751109629
329313371
46598156
751288946
717552752
843410497
329313371
802676821
280128240
787638947
280128240
248590766
447784672
679855380
174875262
903221914
10
280128240
746937336
153567944
483293705
807638796
749704831
60534986
100441623
280128240
248590766
808009739
46598156
802676821
69349174
743928632
165201091
751109629
537574302
802676821
903221914
129720502
10
109320
172901029
858221818
658516737
23482358
787638947
453303729
329313371
589959542
233066555
456586899
4826160
162101766
59488978
67633894
472721318
717552752
172901029
746937336
418580433
903221914
738193550
508371837
208208679
555458713
159853745
903221914
10
227255957
3384
582521236
415385114
90581607
27810873
223629041
172901029
129720502
92758893
424521739
4826160
721617140
751109629
109320
903029463
4826160
670047215
527030158
109320
679855380
92758893
721617140
679855380
445675351
693863289
154052573
746937336
329313371
734231580
1
903221914
289640296
46598156
717552752
92758893
790452403
10
711265915
415385114
766568727
717552752
67633894
903221914
69349174
56827490
92758872
150
10
279502902
4826160
758577443
550372807
637653710
389852512
298982842
911569747
395479999
135339360
501932657
23482358
293305352
329313371
364333083
499171594
193275305
397991399
931860081
52122439
10
4826160
835875144
658516737
172901029
843410497
397991399
10
168210228
174875262
4826160
946541877
254738575
787638947
655242000
92758893
787638947
284212059
751109629
36529723
150
109320
721617140
168210228
488876608
802676821
162101766
943389423
698894567
478170658
162101766
162101766
586657702
67633894
739875675
172901029
903221914
10
137511682
658516737
227255957
193275305
46598156
205221077
329313371
4826160
457316326
69349174
252161192
717552752
67633894
680826388
428056149
679855380
174875262
165148163
482636632
150
415385114
280128240
775384366
329313371
903221914
29471156
95233864
27810873
843410497
787638947
541340910
69349174
903221914
109320
997424473
717552752
637653710
746937336
537463117
637653710
723293873
47915094
423891716
711265915
20896916
658516737
67633894
168210228
551693142
751109629
899104650
23482358
280128240
811073940
799480497
679855380
397991399
377892203
67633894
751109629
92758893
162101766
954776946
172901029
172901029
172901029
280128240
182353356
658516737
178081064
99689959
172901029
280128240
174875262
325145227
574151669
10
23482358
150
778951017
23482358
174875262
109320
167421093
129720502
595892788
129720502
649127964
461224034
212647661
137158394
759062207
976858621
721617140
467744955
129720502
777831122
368266770
46598156
92758893
10907402
1
150
776768591
92758893
100441623
46598156
743984655
397991399
227255957
679855380
174875262
129720502
722482456
172901029
434970509
506948498
903221914
415385114
150
402564279
415385114
970707921
658516737
278786457
964601219
27810873
150
1
162101766
311861178
843410497
137158394
150
649992506
280128240
100441623
23482358
911423829
67633894
162101766
843410497
746937336
100441623
319122098
280128240
329313371
37908099
226832002
658516737
985379399
550372807
679855380
795010555
4826160
658516737
721608138
150
461970139
802676821
1253756
843410497
494276238
404692902
716872294
336037701
971401483
109320
329313371
772706201
717552752
415385114
913748860
46598156
637653710
937704300
787638947
658516737
815042528
62338770
397991399
162101766
658516737
542385943
27810873
4826160
280128240
109320
899241101
721617140
494142138
92758893
168210228
441657095
786612275
280128240
751109629
100441623
164023657
658516737
10
329313371
892531722
100441623
23482358
668361601
51677154
109320
92758893
904331081
711265915
721617140
4826160
37271380
807444123
329313371
27810873
172901029
524186394
365151828
329313371
787693203
99966500
801285476
802676821
552040332
922308392
853382602
174875262
227255957
967551182
150
46598156
13696119
222941842
603800985
168210228
572451759
10907402
432590117
23482358
1
329313371
4826160
628367653
679855380
67633894
637653710
547825724
679855380
159853745
10
46598156
655997444
331716563
280128240
53338248
23482358
658516737
174875262
679855380
248590766
329313371
850822079
109320
717552752
280128240
150
137158394
721617140
202432099
721617140
441264360
566560357
743928632
162101766
173478161
415385114
436298291
26319949
3384
329313371
280128240
949207902
679855380
100441623
82459876
174875262
112286624
920090708
619563204
23482358
27810873
168210228
46598156
27810873
1
129720502
903221914
812038442
721617140
721617140
174875262
719523589
513579675
280128240
109320
92758893
502137490
193275305
711265915
10
173371849
843410497
780068949
100441623
806373657
415385114
679855380
319651828
620474071
380213344
903221914
150
172901029
743928632
201919421
109320
802676821
162101766
191005824
174875262
752372492
746937336
743928632
147553418
564780829
811143818
162101766
27810873
251821930
751109629
3384
903221914
223514819
658235106
67633894
706395310
67633894
172901029
172901029
80233865
44492709
69349174
92758893
23482358
280128240
491870150
27810873
329313371
337182905
174875262
202672247
839727186
679855380
996965171
530094503
100441623
658516737
23482358
415385114
407283193
4826160
679855380
69349174
415385114
280128240
217403786
410367669
149517380
963045347
46598156
227255328
417047710
41946795
675759416
162101766
92758893
193275305
929435326
280128240
31656245
633663786
9581692
751109629
743928632
749820164
679855380
598364358
717552752
405537334
100441623
821080452
717552752
645927879
721284496
787638947
415385114
101887507
717552752
427038902
787638947
27810873
345226210
879790233
508838648
297210741
403568222
711265915
748213249
746937336
443789434
4826160
721617140
479592616
10
86706352
100441623
109320
174875262
498780162
340542575
637653710
179317816
717552752
903221914
420911738
193275305
746937336
658516737
1
356014986
787638947
511967351
482636632
291519855
4826160
27810873
658516737
369596499
629987116
193275305
250585011
174875262
717552752
617033513
658516737
10
721617140
751109629
92758893
109320
11253320
67633894
845503795
100441623
1
3384
388494733
172901029
751840648
992279189
162101766
121382505
421792598
457713596
554465572
100441623
377215657
569000563
150
787638947
150
1
254300127
329313371
26329037
415385114
666496641
46598156
893860103
168210228
100441623
3384
903221914
275562655
168210228
658516737
100427087
949630980
27810873
617508788
711265915
481987762
150
100441623
721617140
854819896
804308483
862613987
284648893
415385114
100441623
794766151
1
658516737
280128240
129720502
92758893
411242256
376033836
150
10
985156082
227255957
150
329313371
397991399
466320263
492478776
802676821
717552752
978513711
798050877
3384
432682971
804331707
903782748
481639849
845824546
568208172
172901029
411014494
329313371
4826160
67633894
182848400
248590766
702300178
654631673
679855380
92758893
441029807
903221914
448623142
248590766
424216829
159903275
161425124
172901029
329313371
280128240
717552752
174875262
322560867
4826160
482636632
23482358
990130411
76119174
3384
50522989
387873223
129720502
4826160
415385114
752595165
109320
557848028
193275305
4826160
843410497
75636745
780068949
109320
10
717552752
366939497
481181603
743928632
168210228
780068949
914365116
445445968
658516737
751109629
815330936
237472994
98374457
171666711
150
172901029
285172102
1
168210228
679855380
941030090
926868385
658516737
502139992
162101766
734574923
379148918
775098440
918644942
248590766
67633894
950543197
781399746
624158727
329313371
805838152
280116716
746937336
10
3384
721617140
17934907
721617140
100441623
174875262
656225503
981231760
1
674630021
23482358
172901029
708605722
997071211
717552752
87247122
895267210
411289673
174875262
658516737
943691561
256744732
280128240
790996667
268643034
658516737
721617140
67633894
992067784
23482358
100441623
570214807
136749031
275558453
717552752
4826160
46598156
802676821
637653710
581931498
679855380
3384
483887980
941077877
967048692
174875262
168210228
396031155
3384
882745684
174875262
243805183
713369084
499051352
711265915
674321933
429675523
751109629
129720502
280128240
843410497
397991399
967120935
3384
20992507
658516737
717552752
4826160
721617140
329313371
721617140
694346830
346152151
150
711265915
751109629
932174349
661099728
174875262
172901029
456586899
46598156
843410497
982729832
150
802676821
972723419
3384
1
17522807
746937336
1
780068949
704721124
889152792
174875262
778003800
280128240
3384
466410098
633221479
788498978
10
364902572
658516737
443878622
4826160
162406012
328001062
46598156
637653710
886220251
23482358
928412621
717552752
280128240
614435566
109320
280128240
433253244
278291903
329313371
240450339
227255957
397991399
802676821
394265127
338390997
542188882
482636632
329313371
802676821
3384
174875262
717552752
23482358
107141724
358354226
10
227255957
415385114
694420125
843410497
162101766
906647559
96838680
162101766
717552752
926184918
274161121
23482358
854218419
732999665
489365101
428723413
658516737
280128240
49580126
839251118
280128240
129720502
109320
988423482
510370493
679855380
743928632
73894292
976162087
162101766
10
415385114
227255957
637653710
368921239
770675172
855448909
990093840
174875262
150
721617140
162101766
224105560
698306048
959014773
76296034
679855380
174875262
3384
527030158
494528950
162101766
679855380
917421227
751109629
903221914
3384
354398908
438257415
129720502
679855380
232119994
802676821
721617140
280128240
987309556
842804772
714895909
415385114
763945133
172901029
23482358
943100801
787638947
550423082
159853745
620244441
743928038
23482358
903221914
957528102
1
408859596
248590766
889362251
1
10
802676821
129720502
787638947
129720502
585990644
335953120
100441623
46598156
903221914
751109629
109320
350300497
464010652
27810873
856460434
162101766
280128240
823315617
802676821
721617140
329313371
23482358
743928632
380517772
629285745
3384
27810873
853616868
248590766
342669879
168210228
109320
329313371
721617140
746937336
329313371
482636632
679855380
861679214
945038194
637653710
4826160
1
40154272
329313371
787638947
162101766
3384
637653710
9699899
601346012
100441623
193275305
691582746
843410497
162101766
964478279
27810873
129720502
329313371
536576553
562214923
831599280
69121744
306641177
174875262
280128240
193275305
511267157
717552752
551907536
717552752
776940950
6232458
763218148
787638947
803081119
507245351
185809801
174875262
174875262
618874962
843410497
172901029
415385114
172901029
268598568
100441623
857536050
248590766
511367831
140395319
743928632
544071335
3384
3384
23482358
482636632
86022302
397991399
552276094
679855380
23482358
415385104
883542845
67633894
27810873
27810873
916679083
67633894
100441623
4826160
679855380
862636468
582822427
257181833
553512550
684102620
746937336
902130146
891817134
64828773
743928632
244151067
808658800
984252614
523455888
649999145
67633894
637653710
190913912
641249870
280128240
92758893
780068949
601651017
527030158
109320
746937336
193275305
746937336
172495773
257674689
903221914
649310067
903221914
150
415385114
721617140
280128240
162101766
119992424
998295383
711265915
23482358
436275772
608642677
397991399
751109629
397991399
951331480
746937336
193275305
129720502
4826160
949630980
787638947
721617140
842650632
903221914
334876292
172901029
445675351
3384
92758893
597262658
162101766
560450113
109320
437949287
751109629
100441623
331677175
329313371
711265915
924537396
10
150
150
751109629
280128240
830335767
658516737
227255957
679855380
658516737
802676821
787638947
702977624
338797960
405910912
435810477
174875262
45550321
415385114
600366674
1
150
150
944011931
751109629
415385114
903221914
280128240
746937336
174875262
760049544
74789294
162101766
1
482636632
525119120
658516737
3384
162101765
820535948
795885689
658516737
248590766
721617140
903221914
903221914
198025535
109320
150
280128240
26949662
192910774
802676821
81850875
130603097
687805056
256861039
150
27810873
168210228
397991399
358500220
95623033
334605442
717552752
561841531
852238843
168210228
270565423
721617140
172901029
787638947
643158698
482636632
630236504
222334786
162101766
109320
137158394
743928632
168210228
248590766
683314420
538589511
758645199
172901029
429465897
705530162
717552752
743928632
92758893
27810873
843410497
297273057
711265915
46598156
1
329313371
331707643
721617140
159853745
92758893
441593002
787672579
1
65090538
109320
415385114
236200501
617603671
717552752
3384
100441623
92758893
903221914
751109629
92758893
10
481602083
29206018
397991399
388634864
3384
174875262
462750941
787638947
544945246
568459058
150
176717458
415385114
100441623
109320
162606621
717552752
833438590
1
203585684
92758893
27810873
854210142
414812280
248590766
23482358
978516026
413770942
415385114
4826160
193275305
165148202
787638947
367354679
150171646
802676821
150
159853745
193275305
771569212
3384
743928632
269488508
936213168
442261537
802676821
248590739
3384
759030930
387432075
193275305
172901029
665913340
903221914
608698064
415385114
611423963
782651927
27810873
193275305
843410497
92758893
889263195
129720502
787638947
721617140
69349174
777397304
353202794
746937336
100441623
280128240
168210228
46598156
743928632
732014742
507328266
69349174
679855380
527030158
743928632
193275305
787638947
658516737
965076191
893899537
780068949
46598156
3384
670980119
148183291
67633349
658516737
23482358
721617140
705986431
92758893
637653710
426486658
717552752
658516737
945785017
172901029
3384
172901029
174875262
715644378
787638947
711853252
505760538
319415215
931967013
4826160
415385114
667197487
762346241
92758893
150
174875262
817044130
3384
451715690
979225727
337766010
868129699
100441623
29631013
404911346
539460892
150
193275305
637653710
162101766
746937336
915193681
743928632
251778513
78087167
168210228
415385114
100441623
153575890
46598156
822867830
399393920
744644663
767637659
129720502
162101766
109320
100441623
916796546
389763129
172901029
746566888
259067584
150
193275305
109320
329313371
707415906
121799692
100441623
23482358
3384
97091072
92758893
221796072
100441623
280128240
1
27810873
679855380
464784926
658516737
243730415
193275305
67633894
162101766
524186394
309836550
193275305
78286074
903221914
721617140
10
195457865
727305130
3384
775173625
105387450
684112088
142795509
415385114
161401751
128418181
174875262
903221914
169367729
408955436
162101766
841692315
721617140
27810873
329313371
248590766
671952082
746937336
743928632
679855380
812910127
717552752
67633894
679855380
914926511
658516737
683828253
67633894
482636632
137158394
903221914
3384
248590766
3384
679855380
67633894
23482358
607113087
415385114
248590766
339775820
679855380
220863561
168210228
627372765
100441623
1
751109629
159853745
109320
527030158
27810873
903221914
619511619
412738417
74010424
795194051
590451726
679855380
699346197
492921958
802676821
699558961
78087167
780068949
329313371
227255957
221272557
604561052
100441623
658516737
415385114
751109629
498578028
27810873
46598156
109320
905121094
311413992
899412439
415385114
934667537
853948170
801078017
168210228
746937336
46598156
109320
150
479860102
4826160
174875262
384544774
717552752
660442999
478659417
3384
814474533
637653710
248590766
415385114
711265915
751109629
721617140
100441623
545887591
843410497
100441623
233066555
903221914
172901029
717552752
679710298
3375
328162144
4826160
248590766
430025826
162101766
67633894
375407986
746937336
637653710
244259760
924519098
397991399
237566610
721617140
280128240
3384
248590766
446541197
721617140
172901029
3384
168210228
658516737
629204651
667979650
802676821
903221914
802676821
721617140
592293255
3384
100441623
4826160
248590766
100441623
903221914
174875262
907618065
174875262
10
4826160
779448603
903221914
344905541
235862671
46598156
109320
3384
163719484
415385114
108759364
109320
415385114
78517655
802570247
721617140
721617140
48495251
721617140
645927879
903351318
397991399
855880571
551417980
888726464
679855380
420640917
280128240
843384322
743928632
4826160
248590766
721617140
193275305
986911289
92758893
3384
193275305
220714412
658516737
1
53887705
67633894
482636632
4826160
280128240
856421396
637653710
46685773
100441623
4826160
172901029
679855380
92758893
743928632
658516737
852842667
717552752
628304667
156186262
10
329313371
172901029
775365902
137158394
754620505
415385114
68465368
27810873
193275305
100441623
67633894
903221914
174875262
92758893
760997218
100441623
175204211
174875262
546228534
167283953
174875262
721617140
100441623
562662561
150
99069685
3384
658516737
1
100441623
101362723
448041682
174875262
274112835
533140413
528224189
941462881
40050797
193275305
107929089
932008592
679855380
23482358
23482358
543534420
92758893
129720502
4825919
46598156
721617140
778774203
711265915
174875262
743928632
637653710
92758893
780068949
415385114
780068949
721617140
109320
3384
930240422
193275305
503750242
436610782
442307718
280128240
159853745
619862553
906465219
66181953
717552752
903221914
751109629
751719254
52777987
302607393
415385114
903221914
27810873
719992236
27810873
193275305
172901029
92758893
150
4826160
227255957
274013958
338385693
67633894
92758893
58248035
329178391
329313371
109320
205431358
577377992
368722604
504686885
93898630
172901029
843410497
900650833
747758240
566672350
248590766
721617140
415385114
751109629
67633894
4826160
150
721617140
129720502
851611318
651559118
721617140
802676821
547581044
751109629
915486207
227255957
503376376
329313371
843410497
465768310
329313371
3384
3384
729614243
174875262
331131242
577356987
644681013
3384
389912566
538972407
150
903221914
1
27810873
151868193
825477840
100441623
217281233
280128240
136632718
787638947
927319658
717552752
903221914
100441623
227255957
679656281
174875262
170233889
658516737
780068949
711265915
523780021
292478206
277848247
109320
610891058
415385114
843410497
162101766
162101766
679855380
404362704
787638947
23482358
751109629
787638947
679855380
62461443
162101766
746937336
747820387
787638947
718442983
162101766
67633894
975281786
711265915
497579142
23482358
973956609
90448181
41993026
203163793
903221914
68201748
415385114
482636632
329313371
679855380
787638947
679855380
843410497
527030158
637653710
67633894
442381893
67633894
843410497
92758893
227255957
473974107
721617140
922850599
23482358
415385114
10
743928632
852946357
767930532
744671424
658516737
10
27810873
280128240
397991399
525419248
944921321
360105799
174875262
909508980
751109629
878791899
10
746937336
224160328
92758893
748076796
446115763
1
324239489
329313371
172901029
902697528
113845360
67633894
174875262
637653710
378977638
724315176
174875262
67633894
250965535
238327748
172901029
822228720
397991399
280128240
162101766
190373668
883213380
436275772
172901029
248590766
227255957
415385114
984014261
10
16810799
92519850
23482358
27810873
787638947
100441623
27810873
329313371
4826160
875474022
168210228
109320
787638947
802676821
766893178
950260011
637653710
227255957
181990063
248590766
27810873
67633894
10
3384
283074940
216192750
10
269073928
10
1
751109629
280128240
1
150
722140225
230297861
561600497
637653710
751109629
23482358
658516737
21896255
589800078
780068949
69349174
415385114
23482358
174875262
751109629
462714519
717552752
148426407
619637348
777597204
813849187
782701930
717552752
916199005
822992076
162101766
679855380
248590766
746937336
3384
1
67633894
991673983
721617140
854629676
358628027
628064876
916232343
239624996
110353324
4826160
164023657
193275305
129720502
642337745
172901029
234343509
903221914
721617140
197217670
92758893
620668368
172901029
746937336
787638947
787638947
1
1
80324169
67633894
903221914
926750673
637653710
46598156
46598156
787638947
1
779226441
717552752
10
128461342
181989309
974420973
109320
938240547
717552752
227255957
415385114
262017461
994488782
658516737
746937336
244144010
746937336
329313371
129720502
196377181
1
751109629
293298294
100441623
109320
280128240
787638947
843410497
843410497
711265915
280128240
364774908
224256528
344845118
717552752
903221914
129720502
109320
284641512
802676821
4826160
67633894
174875262
683185971
493007748
129720502
146380403
150
129720502
1
174875262
61966297
184011698
10
397991399
4826160
67633894
10
787638947
907052372
227255957
109320
109320
46598156
3384
809254366
164766735
10
67633894
100441623
92758893
129720502
679855380
23482358
44173888
721617140
193275305
280128240
280128240
903221914
419475325
243306103
903221914
329313371
268068179
769937356
161019022
572393737
746885537
183489310
679855380
280128240
172901029
743928632
162101766
527030158
721617140
309112825
150
520805124
871849660
679855380
109320
23482358
527030158
711154805
3384
408955436
787638947
415385114
717552752
415385114
880776318
537463117
188242792
415385114
4825541
444297793
743928632
10
717552752
23482358
109320
109320
129720502
67805503
787638947
538128580
150
751109629
150
259123366
172901029
782667187
4826160
1
162101766
267429044
323852009
638260930
778847333
787638947
329313371
948951924
46598156
231968726
872873150
92758893
751109629
951022416
27061174
275438420
248590766
137158394
174875262
679855380
14107217
100441623
92758893
751109629
159853745
751109629
436764049
129720502
717552752
741891157
482636632
433221914
280128240
193275305
849121275
903221914
320471759
654588404
172901029
280128240
446307383
637653710
4753864
168210228
394265127
468073109
704735976
637653710
361790594
601346012
92758893
347027638
174875262
110410970
761306513
750257066
23482358
418931458
162101766
236681510
3384
163119185
903221914
174875262
624158727
23482358
227255957
87890047
280128240
92758893
160211374
184932694
1
708567655
172901029
903221914
885819508
278389391
846449393
551354903
807317949
46598156
332058608
679855380
787528116
679894844
679855380
162101766
227255957
174875262
721617140
108892620
397991399
751109629
100441623
482636632
262267072
913577741
314121789
172901029
896428908
717552752
272516867
27810873
787638947
751109629
527030158
150
717552752
617548900
67633894
832208361
562306920
787638947
109320
787638947
3384
965594836
746937336
129720502
172901029
27810873
834467831
222823816
280128240
788976325
174875262
659714751
560954673
275628285
974124265
787638947
4826160
399857518
721617140
172901029
193275305
658516737
606211308
545676616
730719564
4826160
364675874
193275305
193275305
1
248590766
92758893
903221914
721617140
174875262
92758893
751109629
174875262
802676821
773301067
212551679
119071737
1
903221914
778847333
23482358
251115100
717552752
594699472
873005976
503666789
389453596
3384
536505128
150
69626092
227255957
802676821
174875262
848053810
141620171
604542312
717552752
717552752
542131830
631476596
75034081
4826160
397991399
363128605
797610148
743928632
162101766
46598156
172901029
248590766
746937336
3384
787025243
3384
129720502
720425480
3384
100441623
778085719
100441623
255826454
751109629
746937336
150
92758893
787638947
787638947
159853745
975589442
109320
541012491
174875262
109320
843410497
903221914
172901029
162101766
780068949
378521354
331236486
743928632
100441623
280128240
475563481
108874282
743928632
669871536
248590766
890125256
109320
78613585
880660169
876065980
721617140
743928632
107738265
650356573
342675471
485410295
954776946
658516737
248590766
172901029
109320
206762951
150
822053808
240789233
802676821
752595165
144751187
882831343
92758893
855034953
317356968
262256340
721617140
787638947
304038350
607113087
963328782
92758893
397991399
3384
1
162101766
320280024
530522634
67633894
562122734
100441623
3384
679855380
23482358
766775385
129720502
603802386
786866765
396281018
150
773009634
157191910
645287331
537463117
93898630
651406141
118365992
717552752
1
174875262
660345230
109320
500404638
852238843
415385114
368993732
129720502
716876750
751109629
314503958
397991399
46598156
447067743
637653710
780801640
280128240
679855380
744480340
617747340
1
168210228
743928632
10402637
843410497
746937336
150
109320
27810873
3384
291880234
248590766
178833515
4826160
507696344
780068949
751109629
622326195
799480497
4826160
1
711265915
400309024
314671263
880088547
787638947
219645885
851358374
63252407
883681013
131930425
3384
468923457
27810873
871676272
624426602
193275305
23482358
717552752
637653710
1
743928632
607987675
168210228
746937336
280128240
150
493651228
843410497
168210228
765677331
193275305
294327195
903221914
670260311
721617140
181025118
675927314
69349174
168210228
903221914
344874895
615991247
46598156
248590766
733347600
129720502
109320
10
639345626
397991399
340284859
1
751109629
4826160
46598156
1
100441623
980089621
193764965
248590766
482636632
174875262
248590766
780068949
802676821
973209163
151229044
849982717
831088656
10
726507136
787638947
248590766
444171545
27810873
457452949
569005443
884902692
27810873
162101766
679855380
4826160
980924684
390323233
3384
415385114
557966483
418920606
252192774
696467601
875474022
764348086
981014176
92748520
248590766
675017281
422846789
715092678
142901639
746937336
137158394
741926005
489972370
742877406
92758893
100441623
280128240
397991399
69349174
308374723
751109629
453303729
109320
637653710
193275305
818643007
964601219
172901029
565535540
415385114
527030158
845602839
462985314
54032306
988385381
844928902
727995157
329313371
817530450
643248749
903221914
67633894
658516737
787638947
23482358
953482330
498484098
150
194057597
3384
764957170
162101766
168210228
751109629
45799969
326568905
600366674
626443206
4826160
802676821
679634027
743928632
427879556
903221914
168210228
203139041
248590766
942888725
172901029
592156471
721617140
179948710
46598156
174875262
27810873
970020594
315668847
486061635
10
472498623
162101766
329313371
443955739
1
10
465756220
168210228
46598156
248590766
746937336
717552752
415385114
711346025
150
721617140
10
857716263
415385114
227255957
717552752
3384
23482358
23482358
129720502
92758893
272867241
885819508
596411611
335721774
172901029
174875262
4826160
329313371
596352240
802676821
150
280128240
490891110
109479730
522406925
903221914
853357365
721617140
626593761
69349174
519654186
149962536
227255957
787638947
717552752
150
780068949
109320
796032772
92758893
304494140
130034374
1
721617140
12145386
721617140
787638947
415385114
426479993
92758893
93898629
174875262
10
3384
187246834
10
172901029
721617140
171666711
174875262
656380926
802676821
837616436
129720502
974420973
510775358
23482358
1
721617140
329313371
164135392
656290599
223887617
670070059
10
976889379
679855380
174875262
470170463
637653710
979516797
744220647
1
1
480954637
658516737
1
787638947
902130146
350376065
415385114
69349174
382025707
280128240
633581411
198039074
67282986
174875262
329313371
329313371
150
248590766
23482358
280128240
67633894
392261565
717552752
382988959
10
721617140
368355955
227255957
718172613
717552752
647339327
67633894
162101766
62510577
162101766
1
129270458
332058608
955043493
787638947
658516737
