211602519
837301371
679855380
898721940
758473237
309914368
304697117
335362996
928714
505115444
887931772
992407830
548056668
68803146
963962664
227675007
986345000
172901029
414090011
539831708
100441623
193992127
843410497
795882104
280128240
391212292
92363518
3783626
317383698
10
159853745
198025561
991400574
387120643
592476480
312850277
862636349
162101766
373635
557820851
901527268
714797570
734278401
349120238
472750916
294780030
372339610
405619961
275507421
596813636
82229777
459756422
903221914
198345233
369865985
520094597
444232445
669989313
159853745
843410497
514911414
992780831
995547968
316372179
227465186
100127810
802916844
12939408
96507421
316372179
775487338
749018590
25322078
10
67086855
478420462
977485422
225799444
448224737
46836325
995547968
149544260
522388166
103961583
314413453
649944137
100441623
378145871
115983340
8174498
227255957
965000
648816111
174875262
788975441
933891365
100441623
176717014
314413453
95673858
398089477
728091607
479810800
498805845
524632621
360505762
527777613
658516737
489334816
787638947
705234926
670479381
663349178
167026947
388061120
362603295
249420944
207908345
436632302
866619922
937272622
841983527
335362996
981870925
770935442
327086785
427669614
928419854
807973025
964982728
986345000
992780831
318963068
488092551
740630647
398089477
512771818
532780595
130159798
96507421
114617150
272795169
329313371
787638947
690319247
65098554
867677207
316372179
988302004
198025561
977485422
365295654
705234926
108563469
415336002
80492413
23482358
137067068
68725506
980877287
189874901
913408437
802916844
840517467
155114584
278976413
840517467
952041196
1
557820851
161327325
207908345
663349178
726692166
207908345
807973025
275205258
148516861
658516737
403830957
507634900
162101766
608423628
522158109
192041891
130159798
208917888
737000632
746937336
527030158
156285460
82229777
698436690
885450893
415385114
751109629
239487316
743485456
477546440
556007948
661815621
754924773
449436468
276255117
637653710
489334816
903221914
637653710
345572022
144577080
626701595
444232445
96507421
516383057
689075782
988265960
458432099
986345000
654167456
150
159853745
446974150
683538680
992407830
933891365
165803742
78646918
548056668
309914368
802676821
381996900
283562479
541866780
251297295
717552752
248590766
655015866
714797570
431621877
195214891
540791553
470450678
928419854
46598156
655015866
167026947
527030158
489334816
743928632
162101766
23482358
347090776
46598156
387120643
467714031
329313371
275205258
843410497
750668528
666109628
788975441
865494791
404462807
885392673
150
92758893
983780318
126476739
614633990
994315562
407453304
174875262
167026947
170864699
92758893
769929921
848986879
379333875
148516861
83761743
862636349
369865985
369865985
280571407
415385114
130159798
895358698
211747454
856096091
46598156
714797570
340980453
598374889
761059140
200016492
607196614
107816356
507155414
239487316
689075782
32111757
568368152
934192833
4578874
95673858
489334816
614633990
95673858
232071603
980877287
178636125
30435011
223461459
34850360
764523640
865544553
172901029
769929921
988925901
275127100
773187452
885392673
988954197
730688812
361301414
964982728
149544260
58020252
102977793
903221914
918055945
714797570
498805845
686406158
503444762
362603295
78646918
539611138
381600636
174875262
545525098
494874175
32111757
159853745
291848212
197943855
239487316
459756422
354740411
314413453
898721940
431411175
314413453
545525098
227255957
568368152
991400574
823046072
988265960
227382860
804645492
959425653
608423628
275127100
137158394
280128240
121413468
307196260
885392673
608423628
239487316
787638947
843974522
524632621
179597442
919965156
34850360
912208782
329313371
363101690
83761743
347967598
630174927
637653710
379135191
134705011
769929921
759007873
416976073
34220901
556007948
913408437
898271964
701922705
114617150
250257348
849859696
829563740
275205258
649329457
364325487
310707289
354838611
239487316
200016492
985892431
992780831
596813636
150
384951437
995547968
278976413
304697117
93898630
991435600
184151516
207908345
397991399
626701595
275507421
260031257
658516737
952041196
340980453
983780318
527030158
388061120
764787456
239666931
467714031
494874175
843974522
414415167
498943403
983780318
189874901
193275305
189874901
794289386
579878850
415385114
32287383
167026947
478420462
198025561
983780318
802676821
527030158
46598156
595828009
964982728
273126670
183393149
740630647
347090776
178927498
948770731
121413468
527030158
4826160
867337461
700167415
280128240
176717014
991400574
32373650
743422443
615672080
108709007
299503136
314413453
165803742
980877287
398089477
3384
291848212
103961583
467714031
724545898
4826160
78646918
751109629
802916844
507217812
482636632
862636349
498805845
524632621
884750607
482020824
548056668
658516737
273320985
159853745
540791553
988302004
109320
96177646
498805845
227465186
801817936
4826160
596813636
873735929
982342356
379135191
948230134
227465186
721617140
7170767
34850360
384951437
992780831
415385114
933866206
903221914
862636349
721617140
873735929
857073515
655015866
70843747
248004927
975959618
487814049
298620610
540791553
700167415
952041196
451927396
282869414
817389374
189874901
159853745
548056668
478420462
717552752
107816356
912135238
568368152
150819361
96177646
614633990
170864699
487814049
193275305
548056668
366466877
275507421
596813636
940644413
199260963
602121847
690319247
215957754
912208782
787638947
362603295
448224737
405577302
369865985
17543169
143136100
849859696
92758893
951846906
149544260
795285863
163410716
747363900
67633894
249756153
345953235
27810873
610482527
249479266
4826160
395208928
269522820
293335564
802676821
309914368
3384
179597442
988302004
769929921
186587623
96177646
397991399
631286834
131225688
746161350
545633736
316372179
495780310
412533633
602121847
305174163
333141654
72643146
163410716
11147128
184151516
482020824
115841283
489334816
746937336
42310282
290767032
740630647
208917888
913408437
881775823
198025561
448224737
436715057
689075782
995547968
174875262
649329457
275127100
648100834
174875262
912208782
117643267
95673858
67651393
986345000
130159798
714797570
799138196
686406158
690319247
32373650
398089477
3998093
544445010
198025561
365777724
170864699
658516737
992407830
309914368
655015866
616333423
614633990
472750916
369865985
69349174
915360702
463120337
163410716
67086855
93898630
207908345
992780831
903221914
912135238
248590766
349603248
46598156
92363518
806442151
583465595
405572486
280128240
765394639
280128240
463664587
416303383
689075782
498805845
124887470
607196614
539831708
988265960
495780310
32287383
689075782
436715057
114617150
32373650
802916844
349120238
671343078
251297295
100441623
472750916
945309929
637653710
4578874
983780318
158046991
556007948
186587623
495780310
248590766
397991399
128078596
988265960
402694358
329313371
137158394
745810009
963962664
397129535
843075911
673161982
345422821
498805845
393853707
885392673
159853745
614380239
892709388
705234926
683538680
3966991
840517467
275127100
291848212
732519441
4826160
170864699
794431595
362603295
754110810
598374889
199785190
946450068
62755532
539831708
770935442
227382860
316372179
728091607
67633894
912135238
607196614
32373650
769929921
873735929
248590766
991400574
983015394
724177885
525122644
933891365
398089477
557820851
552511761
198025561
891034078
942820966
912135238
130159798
598374889
146969686
957027780
312084886
156285460
167026947
614991935
489334816
802676821
273320985
67633894
92363518
114617150
168210228
769929921
556932219
3384
747363900
280128240
751885764
227547313
379135191
389927427
338750472
647908133
185501014
995547968
275205258
328804933
34850360
937155385
683180673
969619711
251297295
829563740
532372606
843974522
477546440
991435600
294780030
964982728
148497284
111129107
4578874
630174927
162101766
269522820
439752238
614633990
928419854
117643267
249479266
746937336
103961583
659088631
836591603
852166802
103961583
835148002
493669501
923907577
407972894
495780310
329313371
997913000
686406158
416976073
313213556
70843747
956004074
977485422
928419854
486020572
827874435
31316654
751885764
216444337
818265792
3998093
614633990
329313371
200016492
823046072
658516737
114617150
92363518
25322078
96177646
689075782
482636632
114617150
349603248
827874435
326901762
436715057
354740411
787638947
149452594
780068949
199260963
764523640
794289386
416976073
919965156
980877287
412533633
69947681
107816356
494874175
878527259
540791553
573375284
705918506
540791553
991400574
686406158
221453238
984916848
458432099
952041196
740630647
379135191
981870925
614633990
607196614
92363518
172901029
150
249420944
354740411
165803742
527030158
478420462
486914292
373063926
397991399
387120643
347090776
404462807
354740411
67086855
842176960
448224737
843974522
24495210
802676821
884158612
96507421
802676821
298620610
404462807
167026947
524632621
129720502
865494791
165803742
663349178
109320
148516861
275205258
842176960
840517467
716100284
781716266
679855380
988265960
655015866
930411409
342330165
494874175
802676821
398089477
170864699
451927396
316026659
893122816
663349178
316372179
516383057
193275305
700167415
353417481
362603295
175092514
186587623
124887470
933891365
249479266
67633894
441951066
514245021
842500502
339589387
436715057
4578874
770935442
318518051
3384
314413453
496876868
365777724
291848212
270710518
207908345
326901762
602259585
96507421
184151516
607196614
716100284
641992298
599445301
598374889
507634900
397991399
487814049
668289486
227465186
436715057
507634900
683538680
406573732
165803742
649032276
92758893
280128240
991400574
269522820
42310282
884158612
971849759
670661174
335362996
329313371
4578874
52326891
1
439752238
803039224
451927396
248004927
162101766
991400574
957597598
50582286
521863679
335362996
689075782
354740411
398089477
159853745
314274700
747363900
107816356
55225292
244451351
189874901
178339009
519444454
349603248
58020252
114617150
723108040
223565212
700167415
596813636
986345000
439752238
548056668
454967332
857443245
794289386
867677207
32287383
483430830
713275498
988302004
826107927
95673858
312084886
345422821
769929921
658516737
10
820777211
918055945
417257476
865494791
27810873
163410716
314274700
686394015
952041196
314274700
795285863
493854947
930287418
227423830
165803742
151667782
163410716
983780318
389927427
658516737
179597442
503922668
791467906
345422821
109320
467714031
290909417
386265640
218900172
830085026
379135191
27810873
709926760
945309929
207908345
167026947
637653710
494874175
340980453
155114584
743928632
32373650
690319247
309914368
187741628
304697117
114617150
556007948
989044856
412533633
58020252
585601667
290767032
673161982
10
329313371
991400574
95673858
73298936
388061120
397991399
167026947
749018590
436715057
860896707
51492164
349603248
227465186
714797570
917413905
174875262
92363518
974238173
608581769
193992127
769929921
85502709
34850360
482866441
999150919
172901029
361017488
992407830
697225684
977485422
27810873
129720502
854260001
32287383
527030158
798077790
249420944
869509668
172901029
92363518
69349174
304697117
5205388
298620610
905653376
415385114
309914368
93232780
898721940
655015866
934435984
802916844
162101766
199785190
278976413
275507421
482587414
329313371
309914368
275127100
386265640
34850360
3384
275507421
507634900
788975441
770935442
227465186
477546440
32384110
178389031
978045204
10
747363900
983780318
802676821
556007948
67633894
486167898
415385114
178339009
4578874
261729095
1
11266655
919965156
608423628
144577080
514245021
862636349
144577080
467714031
200016492
1037290
803039224
185501014
97419985
275205258
573375284
314413453
967102009
436715057
124887470
673161982
716100284
389927427
3384
304697117
673161982
470598575
275127100
207908345
550620909
118159685
55871553
482636632
963023026
630174927
802916844
297721548
652057303
829827902
560653602
532237004
806442151
369865985
129720502
834974024
199260963
162101766
184151516
983780318
401898684
596813636
103961583
280128240
397129535
940092610
32373650
794289386
764523640
865544553
977202293
918055945
165803742
153383724
457605786
294780030
814450077
16112478
4826160
598374889
412533633
347090776
873735929
556565113
781551011
227465186
402170611
477546440
960604546
700773014
743928632
275127100
123880093
113370599
179597442
297721548
843410497
402737690
4826160
751109629
539831708
398089477
870135350
977485422
504067328
124887470
425406492
988302004
199785190
124887470
980877287
156285460
794289386
57334860
751109629
689194104
329313371
398089477
150
477546440
745810009
961938245
364670984
121413468
350101895
314274700
362603295
548056668
813433092
991400574
189920217
305174163
314413453
885392673
388061120
168210228
935675195
738503406
714797570
614380239
494874175
914008451
316372179
167026947
481410360
59920623
178339009
630174927
482866441
92363518
989383071
827874435
806442151
620529
179597442
912135238
527030158
903221914
865494791
369865985
195828062
716574648
977485422
933891365
873735929
679855380
249479266
113370599
802825795
190000419
92758893
933891365
249479266
623004049
397991399
34220901
291848212
686406158
399228397
751885764
685305507
193992127
708842950
329313371
963962664
660557659
751109629
716950943
4578874
802916844
286221994
93898630
454999719
386265640
248590766
686406158
67633894
349603248
297721548
207908345
754639376
614633990
156285460
448224737
992780831
193992127
352369839
655015866
758829317
478420462
165803742
992407830
149544260
700167415
345422821
32111757
199260963
354740411
556007948
889571939
249420944
941658195
321588801
489848864
165803742
992780831
227255957
100441623
470598575
496281752
124887470
193992127
95673858
857021217
600486550
103961583
528766809
751885764
392947481
335076147
27810873
362603295
493854947
596813636
1
248004927
631935963
412533633
381208352
93898630
802676821
849859696
298620610
755046565
362603295
316372179
829563740
329313371
199785190
505115444
326901762
125086304
114617150
711265915
494874175
498805845
918055945
193275305
184151516
743928632
107816356
384951437
865494791
632036389
654167456
97641200
93898630
436715057
189874901
32287383
794289386
86486735
765400175
184366330
521731470
479810800
873735929
179597442
162101766
963962664
137158394
493832254
114617150
457230381
342330165
420538711
175646247
372339610
174875262
388061120
596813636
530187501
150
14356832
493854947
821809361
928419854
477546440
309538783
562094275
937745572
840517467
309914368
749018590
683538680
686210537
783465718
412533633
827874435
695545367
162101766
160479685
206966567
167026947
225799444
70843747
491394773
186587623
721617140
32373650
503444762
983780318
748266619
882038631
795628971
95673858
716364949
581264389
280128240
121413468
174875262
700167415
679855380
494874175
129720502
581264389
593972624
397991399
988302004
150
412533633
867677207
683873250
918160334
402271800
920872347
711265915
482636632
912135238
909165263
113370599
459810003
827874435
114617150
773624876
933866206
525049793
345422821
546901134
809896046
957734974
873735929
163410716
832651312
341119199
716100284
884750607
598374889
598500369
842176960
356567388
634538648
823046072
172901029
114617150
689075782
941178813
207048285
568368152
278976413
991400574
113370599
740301572
275205258
10
540791553
165803742
109320
746937336
862298882
436715057
280128240
661815621
103961583
914450201
680748079
316372179
986345000
92363518
933891365
151667782
717552752
690319247
198007813
988265960
557760671
404462807
273320985
373635
444805188
928419854
963962664
873735929
290767032
991130307
484241396
683038005
162101766
227465186
964982728
148516861
580671433
183194756
241525635
78646918
163410716
503444762
208917888
92758893
76840069
184151516
57006583
373635
630174927
404462807
340980453
58020252
687191435
898721940
91880483
137067068
607196614
482020824
945309929
109320
655015866
304697117
827874435
227255957
673161982
129315466
179597442
903221914
505115444
100441623
258944526
596813636
340980453
32373650
249479266
203435145
319415215
614633990
193275305
34220901
431074718
10
129720502
946795064
981870925
372339610
275127100
93898630
384951437
1037290
690319247
58020252
386256487
540791553
95611490
474736203
373635
794289386
698436690
827874435
624943916
486167898
516383057
967102009
533007056
297989157
299501706
568368152
849859696
199260963
251297295
137158394
151667782
314274700
478420462
469049397
403265553
185501014
525160894
109320
918055945
290767032
504955685
493854947
180457524
885392673
824309164
509491880
751047661
150617130
866603467
865494791
527568722
498805845
607196614
32384110
167026947
679855380
514896891
354740411
764523640
557820851
270710518
314413453
96177646
46598156
933866206
291848212
540791553
843974522
278976413
193992127
416976073
113370599
451927396
728091607
27810873
280128240
193277007
548056668
649329457
146069920
49370389
189907169
45143064
415385114
324367954
444805188
379135191
239487316
983780318
172901029
557820851
717245245
117643267
482866441
521974219
106140967
204951486
340980453
648816111
479810800
167026947
137158394
752912103
673030379
514245021
248988907
990947723
507634900
280128240
32111757
992780831
946509342
698436690
770935442
514245021
402737690
505115444
716100284
516383057
524632621
477546440
69349174
126322710
945309929
746937336
162101766
749018590
843974522
568368152
113370599
386265640
369865985
623254997
849859696
170864699
679855380
25322078
556007948
740630647
347090776
862636349
137158394
486167898
23482358
276418460
545525098
4223919
975852340
545525098
92758893
505115444
843974522
100441623
104854377
794289386
986345000
195828062
464586276
648816111
213542208
648816111
275205258
940644413
995547968
297721548
34220901
940644413
23482358
25322078
711265915
83761743
607196614
728091607
704852441
78646918
458432099
199785190
209259479
630174927
913894188
654167456
290767032
217024843
914831313
498943403
170864699
983780318
457230381
412533633
843574567
174875262
802676821
70843747
178339009
493962397
766658703
459756422
498805845
833022150
364670984
335362996
93898630
506012930
129720502
96177646
919965156
4826160
943035136
270758243
783735419
23477019
482636632
425343363
113468619
25578369
387844167
10
614380239
689075782
98417579
179597442
637653710
227382860
623226585
150
70843747
340980453
690319247
717552752
849621924
354740411
372339610
912208782
95673858
903221914
275507421
111203936
349120238
743928632
100441623
238345825
716100284
294780030
812689380
978575693
227255957
16977106
224896293
347090776
557820851
275300436
557442506
1037290
93898630
913408437
46598156
527030158
903221914
700167415
960473050
983780318
608423628
341482505
983780318
176717014
341482505
477546440
673161982
593075053
129819601
27810873
113370599
608423628
630174927
482636632
364670984
478420462
172901029
548056668
96149404
276306951
32384110
807298221
866059428
290767032
806442151
486167898
291848212
505115444
921551025
909792887
149544260
1037290
193992127
963962664
3384
193992127
34850360
206163027
4790466
180173309
207908345
596813636
602121847
312499983
548056668
185501014
240452102
175377908
764523640
862636349
151667782
477546440
785626121
705234926
4578874
129151366
539831708
316372179
527030158
940410763
557820851
992407830
747363900
605654031
347090776
156285460
711265915
314413453
444232445
397991399
373635
482636632
679855380
32287383
135766536
118823915
919965156
415385114
952163116
716100284
602121847
648816111
372339610
194947979
952041196
881775823
527030158
648816111
849859696
275127100
524632621
249479266
250031010
314413453
150
