377964988
603010776
67633894
448224737
297703081
397991399
555177777
280128240
156285460
843125693
823046072
896796295
919965156
787638947
831512117
598374889
728091607
905501801
389927427
1
767020546
237643571
39218592
611348983
859545938
316372179
733826722
827727997
803039224
149544260
263056564
4578874
458432099
676180671
362603295
347090776
751885764
402444010
884750607
862636349
3384
507160307
992407830
174072859
290021863
740437882
93718562
614633990
364670984
275127100
995547968
845604622
245091019
68784103
705234926
537489080
503444762
683538680
211960357
806442151
23482358
291848212
514828025
174875262
129720502
763959664
199260963
54699928
765535950
733138390
129151366
548056668
357671484
397634634
869102891
78330869
268795759
634247715
297721548
658516737
150071008
34850360
298620610
669796397
933891365
967102009
866063724
145893175
392329807
16977106
342330165
170864699
389927427
388575149
251297295
179597442
275507421
149936430
124887470
415905640
275205258
533870229
501318531
163410716
280128240
372339610
898721940
151667782
404462807
663165209
379546144
362603295
249420944
801070108
354087635
493854947
92758893
1094358
988265960
211222750
561088346
871615191
139028057
726185148
364670984
717552752
246173768
990804007
179597442
154221862
849000160
297721548
193992127
159853745
192644949
705234926
521699448
731606974
401062440
933891365
977485422
677676225
257565467
862636349
883509465
720803477
355552287
27810873
165105338
129151366
585240519
661815621
840517467
842473271
375415318
330936553
185501014
823046072
751193713
314274700
743928632
388061120
507634900
818265792
354740411
688252408
745810009
338911730
732885417
556007948
378741974
639555097
495380729
280128240
614687514
992780831
836372218
161801059
751109629
197645138
349603248
412533633
443607341
398089477
751109629
883617416
290767032
397705659
379135191
93232780
196360507
114617150
856903262
181847325
457230381
92758893
952041196
412533633
167026947
634247715
167026947
168210228
152663002
771386603
651842833
92363518
326901762
608423628
655015866
690956214
540791553
129151366
967102009
15483648
562986044
249479266
3761461
93898630
700167415
529389809
680441459
645796845
919965156
571323508
345428212
32373650
69349174
156285460
305174163
478420462
846072690
486167898
608423628
486046499
390749149
543399760
189874901
227382860
399750433
83761743
493854947
152447654
769929921
101574387
751109629
163410716
420433962
498943403
451927396
630174927
342330165
416976073
125899953
777391653
966739928
448224737
406468891
825684176
519119862
498805845
137158394
849036712
394010123
884158612
521876207
475875157
239487316
980803022
484820642
912208782
209098456
207892389
192116391
932193048
436715057
34220901
582018877
326853659
614633990
297721548
364670984
3384
794289386
137067068
100441623
648816111
129720502
489334816
421524
189874901
493790266
96177646
291848212
476341247
855499489
347090776
647204599
306751031
733470054
833781620
46598156
829563740
947059107
942792937
103151911
270328895
601003211
275507421
275507421
176717014
148516861
637653710
947419430
555932003
980875748
829563740
379135191
986698636
269522820
294780030
34850360
754315468
248590766
487951195
185501014
273320985
991435600
540791553
248004927
983780318
283331542
172532802
831512117
291848212
568368152
796881253
831504326
154163168
324367954
737366542
711265915
227465186
639194448
803039224
621372446
587540282
336142016
843410497
336918011
227465186
25322078
309299363
112380373
32111757
663349178
144577080
461145904
714797570
162452126
272917208
185263495
568368152
445825650
248004927
248590766
805635060
144577080
58020252
279427814
959056995
658785692
683538680
672340633
933891365
513774523
278980204
32111757
977485422
362611761
277597856
137067068
114617150
821761570
913667748
211960357
343577459
308366288
141373834
812585552
847363100
479686226
171909437
669888806
795556280
39787515
2161974
216354563
503444762
372339610
462480493
46701852
803537679
208917888
1
611302731
324367954
150
331807241
199260963
168210228
155114584
772214221
297278844
289869935
92758893
225799444
764523640
956060289
431851721
648816111
784362815
354740411
310277898
489334816
470598575
493854947
397129535
549424140
991400574
96177646
93898630
824309164
988302004
901175665
549089699
397991399
633584679
83761743
862636349
25322078
802916844
764484241
163410716
995547968
148516861
478420462
161338720
964979369
747915033
129923705
271536490
189418460
678548065
436715057
608423628
649032276
903221914
885392673
202555093
314274700
780068949
227382860
738200694
350005139
10
450713528
995547968
591471621
398620427
479143337
401016825
9064021
200016492
58020252
845077598
527030158
457230381
397991399
625616901
545525098
933891365
768517441
800219751
239287387
159853745
807973025
81189614
433170277
335362996
543691038
654167456
208917888
698436690
802676821
563823989
78164612
459756422
186587623
67633894
894047584
829563740
32287383
962788629
97979957
30210006
137067068
207908345
770935442
995547968
312499983
988302004
620784473
858416444
55019785
437862040
298657046
582623874
396951244
778557779
163410716
807973025
823046072
661159949
112957497
649032276
199785190
843974522
167026947
196074287
349603248
373635
648816111
777161433
601793118
884158612
240879853
137158394
312084886
242026776
335362996
717552752
181847325
213354793
896380767
10
683911950
827874435
807937424
569216572
4578874
389927427
16977106
877595752
249400724
257165051
477493073
646563668
673161982
189874901
486656933
595768967
686406158
514802540
716100284
32373650
802916844
770935442
881775823
63952587
478420462
1
227382860
735243476
371370873
855080153
195828062
270710518
940644413
415135648
125378042
57034407
498943403
964982728
596813636
740630647
670498425
362657659
489334816
823873781
354740411
96177646
336181364
248590766
874030846
17229184
410497938
507959692
214039270
933891365
369865985
186587623
28062074
689993025
372339610
649329457
913078431
46775492
5048660
483670828
304459075
10
412533633
46598156
833597693
653974815
699280524
186587623
159853745
779370659
680748079
933891365
1
928419854
364778839
654713906
46598156
11516034
575742955
4578874
206644602
129720502
689075782
379135191
23482358
269522820
834429163
62449335
291848212
32287383
568368152
892901553
215148758
269522820
482020824
178339009
239487316
156285460
450951061
568368152
602121847
804605240
739235152
899162623
992780831
58020252
742890621
949409410
298620610
614633990
596813636
587060832
100441623
376309584
173482665
478420462
473795643
322729459
18730491
199785190
539831708
149544260
872538107
355039534
121324891
728091607
46598156
628726082
725419356
391510339
570890209
416976073
270607121
379135191
467714031
248004927
458419552
82229777
992407830
249479266
830035465
389927427
377441412
116647729
105261356
362603295
400610409
689075782
45735921
4826160
487814049
356773394
829563740
448224737
983780318
415632
582685253
211960357
180908927
387234086
41141064
93232780
807973025
280128240
557820851
193992127
661815621
531904869
174875262
221410305
739951068
335362996
96507421
677969951
568368152
493073063
288444015
236417329
671020984
655015866
702802673
953760248
764523640
482866441
304697117
928419854
335362996
388061120
397831658
488508777
557337497
319389723
737596262
58020252
372339610
80668299
669989313
275507421
365777724
327507624
689370633
377641968
596813636
516383057
711265915
70332375
298620610
666988298
945081074
721617140
314274700
862971518
340980453
227255957
875803754
933891365
309914368
716100284
544659233
820777211
516383057
388061120
477611036
795285863
3998093
251297295
395733447
119339734
144577080
275369509
963962664
193992127
82229777
114617150
451927396
540791553
108309131
697084343
470085586
34061365
32373650
298620610
986345000
174875262
198025561
676086217
493502971
349603248
114617150
758407505
20902001
550995199
849859696
747363900
981870925
266855138
964982728
602121847
97619614
298620610
405572486
992407830
271126337
979992373
227255957
165803742
886240111
641981206
985315839
587990353
294780030
728091607
73462345
482636632
873735929
478420462
753937512
14496820
103961583
823046072
193992127
246859811
394704233
653719499
380658966
398429455
32373650
169011725
1037290
207908345
862636349
527023049
530139933
661815621
479810800
304697117
607196614
280128240
774257547
780068949
365777724
539831708
692968622
309914368
412533633
700167415
16977106
738843055
690319247
458432099
482866441
729986144
808940018
208917888
275127100
315396831
963962664
548056668
980877287
482866441
448224737
388061120
952041196
404462807
501010547
459756422
478420462
305174163
299154899
95673858
964388194
349603248
378621569
743582024
162101766
149544260
227255957
672690504
227255957
607196614
789984509
498671982
119143350
986345000
663349178
928419854
402737690
503444762
803430765
100441623
752310831
268988347
740630647
411064816
95673858
278976413
646479764
376380943
69349174
652633087
578716303
757057520
264055711
996791762
645994820
743928632
596813636
715316273
686406158
222597401
189874901
341482505
912208782
46598156
705234926
27810873
778557779
875401656
829563740
69349174
4826160
679855380
129554547
248878268
227465186
398082584
778957432
908198459
362399368
848140880
67086855
92758893
482020824
967102009
533571072
714797570
778842530
739783152
714797570
523875913
836780130
503444762
76873040
374178974
912135238
444232445
591660632
875062884
38022319
68899906
389927427
150
231979142
379513450
93718562
786491594
721617140
884158612
489334816
971782238
324367954
240191646
8860796
174875262
87571445
193275305
505115444
745005619
148516861
647012595
193992127
834429163
83761743
773049603
567911449
602121847
884158612
505115444
309700363
42310282
58020252
716100284
150
988302004
167050831
246262285
100441623
585240519
293035336
348948277
995547968
401016825
622895347
544138360
621372446
290767032
103961583
765777334
991400574
710198811
433808353
454933126
461634596
155114584
791098916
551832012
195828062
227547313
988265960
102494074
96807881
67086855
608683758
865494791
609011102
912135238
1
305174163
532061205
775325675
754990574
596813636
412533633
840153922
917564147
716574648
93898630
252834784
387120643
625507801
412396169
170864699
303155288
795285863
919965156
557820851
144577080
316372179
890801372
721617140
240879853
377997230
885392673
66923545
249713258
54142933
420413313
198025561
988302004
991435600
69349174
349240476
557820851
408637467
634247715
831512117
251297295
628571288
957252234
93718562
248590766
16084497
170864699
437149156
838479789
108563469
437143681
661815621
181847325
275127100
843974522
206582919
770253902
365777724
108563469
457230381
648816111
397991399
884750607
373635
860898633
349603248
185359912
738200694
933891365
444232445
385378940
43390367
919965156
634247715
96177646
899162623
873735929
663349178
240879853
490924395
271101842
309279718
124780768
83761743
574998342
34220901
469426116
393366289
363395456
499458907
884750607
109704247
884158612
986345000
291848212
885392673
309914368
743928632
745810009
475142972
607584423
107816356
665936857
737961599
802916844
656656183
516413679
347090776
141680284
46598156
781374007
843974522
919568379
607688210
677221193
459756422
850391178
149544260
4826160
658516737
729552330
705234926
76532641
46598156
84409892
482866441
230107372
760217890
372339610
110861833
120638676
743928632
332931398
96177646
964304827
285981603
82229777
933866206
928419854
527030158
649032276
282359368
770935442
840517467
983780318
669989313
386265640
800168253
397991399
420271508
983780318
556007948
415385114
914624070
907904069
249420944
309914368
815828518
397129535
150114788
314413453
912208782
683538680
352222061
853059842
40401272
607196614
260253917
658516737
314274700
619147932
451927396
880544006
258650520
626701595
165803742
443385930
596813636
36075635
165803742
974383750
275127100
779370659
614633990
293014607
312499983
385516257
813351341
3761461
272196477
516383057
447833109
405572486
993219149
372339610
745810009
551628992
186965362
482020824
10
67086855
129720502
145487143
70843747
608423628
132416989
843974522
46598156
770935442
4826160
513829569
227465186
369861920
918055945
988302004
242828164
170373046
188286002
380979073
354740411
795285863
361831989
108563469
517156191
184151516
527030158
787638947
193992127
168509673
342330165
734124328
906055679
206640577
46598156
635774751
843974522
843410497
68458445
269522820
661815621
23482358
178860499
669920766
311524427
884158612
320637038
83761743
913408437
812648951
277990324
314413453
61869605
151667782
170864699
607196614
955243052
193275305
288268036
444232445
717552752
531745634
649032276
648816111
165105338
623639982
945309929
463535049
679855380
444805188
703514294
602121847
118697524
827874435
655015866
46598156
675477017
598234686
776885893
692354006
992780831
126818628
914057233
32384110
795285863
448224737
225513640
548444787
493854947
151667782
716100284
24814601
32111757
524874604
184151516
155275166
342330165
375137129
196372543
705234926
4826160
952041196
19896975
817355527
516383057
949734155
4578874
853641374
162452126
515982539
950230842
436715057
272415059
475349691
626422385
96177646
431220544
67086855
443170482
844257172
780068949
459756422
342330165
388652001
862636349
952041196
515694777
802916844
362967052
478420462
107816356
843410497
995547968
596813636
827874435
646542828
520763068
444805188
906930701
746937336
392724899
947034015
156285460
568418112
913408437
200016492
341482505
980877287
280128240
251297295
298620610
314274700
415385114
495780310
407733523
195017026
886841962
16330982
204434900
227465186
590775652
812772656
581264389
855306170
178339009
375814001
843410497
735465908
312084886
873735929
678078810
200016492
917486498
184151516
809578866
481427378
414635948
162101766
394902892
457459584
404462807
919965156
862636349
965243946
100027895
407769339
397129535
388061120
498805845
313542103
181847325
712045875
502432145
598462271
551657044
198025561
865544553
158684025
873735929
131515670
657209275
828053163
636355375
865494791
470598575
170864699
498805845
297721548
596813636
839736332
404462807
372339610
272322425
612374630
215815854
186587623
1
542727711
275205258
608423628
241147053
864479283
865494791
488035000
87901402
170901481
174875262
736499187
135071757
770935442
125575379
581264389
215180924
658516737
72397004
290767032
397991399
655015866
200016492
109320
220288217
614380239
903221914
365777724
149544260
621065107
752461250
868296475
314413453
163410716
827874435
347090776
403048468
384951437
977485422
416976073
150
144577080
884750607
463535049
607196614
185930935
478420462
556007948
833926430
673161982
986900382
679855380
222658606
459756422
426122730
955083995
248004927
373635
436715057
170864699
780836790
148516861
82229777
489343558
387120643
398089477
34850360
239487316
159853745
539831708
178292143
476845808
362603295
130159798
881775823
467714031
151667782
524632621
884158612
23482358
398014791
991435600
309914368
516383057
1
757755580
831740736
773485779
34850360
338911730
849859696
395930514
200016492
277219620
482020824
373635
504505211
824309164
988302004
95673858
802676821
273320985
309914368
144577080
495574757
369865985
963962664
965243946
859030991
255453113
884750607
445092263
46598156
599084912
130159798
472750916
777161433
570166786
117643267
861846076
903221914
541728209
854038494
857392664
965921764
897420583
803838808
130159798
424546176
478420462
150
290767032
444232445
753427998
46263628
83761743
966201640
182622828
284731091
393658570
190181124
505115444
780068949
147586974
770935442
570984312
3384
818265792
482020824
176717014
937866658
70843747
165803742
193992127
406609168
294780030
275127100
820777211
43394774
758889750
829563740
669989313
384951437
960935342
925127749
92758893
726185148
144577080
459756422
972962656
903221914
745227949
466010227
802916844
930034426
251297295
827874435
150
277812529
752197919
598374889
198025561
751885764
21063705
129151366
802916844
81540641
223243084
602121847
784628858
630174927
519011620
23482358
144577080
897838599
983754424
500913979
416976073
649032276
4578874
365777724
957138980
716100284
908197231
70843747
92363518
186587623
843410497
8532141
193589553
648816111
807973025
964982728
856466707
155114584
991400574
587220085
703032692
544671173
67633894
634247715
282278806
58020252
207908345
786364089
316372179
424153002
540791553
767214578
976403023
980877287
527030158
151667782
416976073
503337797
983780318
201644881
463535049
350167006
423808453
208031660
227547313
803039224
992407830
342314770
486167898
514811540
405572486
568368152
540791553
379135191
803039224
196392630
911491781
515425744
981870925
672653876
267503872
480320017
908575150
716100284
552185318
679855380
372339610
422087184
40652887
835228375
23482358
206193505
467714031
830694772
312084886
176717014
602121847
767374350
357480719
437341596
148516861
23482358
444232445
489334816
940644413
716100284
728091607
626701595
46598156
58020252
316372179
145999034
103961583
475634304
475634304
995547968
873340305
294780030
520786594
227255957
52649305
304002812
773118870
213444146
598374889
988265960
114617150
137158394
298620610
4826160
590708454
827874435
993246911
816531896
908500945
487814049
638173121
979960241
539831708
79184239
898559658
275507421
41151942
661140559
273320985
67633894
539831708
648816111
249479266
154221862
144577080
780812012
963962664
389927427
25826950
401940263
827874435
640704247
472750916
124887470
402737690
46701852
588166012
787638947
711740083
108563469
227255957
412533633
354740411
162101766
482866441
347565453
764523640
270364941
540113652
111553996
199260963
434851290
711669737
816310810
402737690
70098105
454495137
716100284
398089477
349603248
446926567
203325805
168210228
630174927
695239429
235057092
824197187
184202855
482020824
721657567
372766315
405572486
298620610
545525098
993836749
314413453
764417329
469489737
405572486
447398802
516383057
555128262
880185407
952495850
477434388
659755327
649032276
199785190
887371449
548056668
518394957
93220124
329313371
621372446
735926070
482866441
985273698
630174927
275205258
290113688
505115444
686406158
278976413
330936553
280128240
963183431
103961583
981870925
329313371
593759089
716574648
249479266
745810009
337263548
774560917
721227886
107049462
959536924
341482505
661972390
728091607
248590766
75959289
1
384858730
747363900
67652491
174875262
62436969
129720502
566139535
842176960
540899669
3384
451927396
130159798
626701595
498943403
383032558
679855380
227382860
110013231
805152041
482636632
505115444
227547313
100441623
370149150
389342645
104752193
721617140
365276840
928419854
885392673
763548935
944378819
795285863
168210228
802786113
963962664
770935442
634247715
679855380
221659297
779066767
843410497
598374889
175381832
163410716
858221247
100441623
409360128
986345000
716100284
444171681
581020215
352896623
443233206
410289148
324367954
980245617
755735470
830148579
58020252
155114584
507236163
6379327
548056668
829563740
518377971
218534253
273320985
445675566
898721940
7069302
747588516
811692369
275507421
237859555
67086855
193275305
820777211
583306464
4578874
109320
372339610
178339009
841002858
802676821
259511245
67633894
799438077
614633990
349120238
991435600
881775823
682389148
120339641
779370659
475695571
668818322
494457601
637653710
964982728
401808425
968505877
743928632
168210228
983780318
683538680
185480407
500236410
988265960
457230381
991400574
324302885
705798559
764523640
372339610
4578874
193275305
952043281
930997751
672340633
995547968
124887470
144577080
10
199260963
42175144
280128240
369865985
717552752
475811571
4578874
843410497
301776115
92758893
689075782
465838744
3998093
326901762
599294110
983780318
548620160
78646918
374782644
873735929
10
96177646
611967053
165803742
402737690
744515028
467714031
908231418
486167898
745183387
330936553
179597442
214329155
490248211
148516861
995547968
215751658
351757372
477546440
779370659
963962664
815890681
632736079
4578874
600718808
452035468
34850360
275205258
889233997
714797570
399574891
551984532
199785190
95673858
167026947
311416587
787638947
32111757
124887470
476497781
745810009
270710518
397129535
527030158
602538760
129720502
349603248
823046072
58020252
655015866
73956927
770739181
179597442
367264538
444232445
342199316
32384110
207908345
329313371
478420462
3384
249479266
514245021
239487316
975503506
155114584
648816111
917015162
124887470
117643267
148612454
719644282
535529543
773485779
860866209
4578874
614380239
27810873
93898630
444805188
96507421
162101766
614380239
734342584
3384
981870925
174875262
100441623
184151516
95673858
513851103
559133884
716574648
289520141
784237290
470251328
557820851
966590908
43531958
291848212
213500450
700167415
714797570
151667782
933891365
705134476
865494791
25322078
984028044
312084886
664574131
466964192
451927396
479214788
630174927
505115444
117643267
444833062
278983907
172901029
163410716
291848212
527030158
144577080
126276706
34220901
824309164
400983660
387120643
602319159
349120238
337324492
211022348
129720502
103961583
227465186
383975831
227255957
791382491
121413468
919445864
548056668
172901029
740630647
349120238
117581163
154221862
499505662
493854947
129151366
885392673
312084886
455252451
827874435
726185148
96177646
843410497
772214221
595735021
312499983
711960092
388061120
225799444
806442151
411606669
482020824
689075782
100441623
91342994
596813636
589128278
946278411
46598156
100441623
655015866
331855048
335362996
598374889
67633894
317217117
275507421
148516861
689075782
614002716
700167415
391094936
843974522
191043661
996330225
397129535
869426250
416976073
4578874
872179316
226296999
467714031
198025561
299841107
268086464
649329457
22422720
290767032
404462807
16145083
225799444
92758893
971191993
359087047
83761743
239487316
843410497
67086855
368804793
342330165
711265915
27810873
846286637
225799444
700167415
113370599
478647137
999676204
411033374
79184239
393658570
129720502
416976073
807973025
213613928
630174927
563594242
986345000
498805845
728091607
516383057
846684452
912135238
389927427
611804423
362399368
996583358
103836576
298620610
574128859
697248074
494874175
873735929
379135191
965243946
44806319
988302004
123263571
162101766
918055945
141070208
398089477
211960357
788648343
807500551
67633894
827874435
696420172
298620610
497233155
884158612
39218592
512413847
28807405
685231477
630174927
444805188
109717162
493854947
170864699
632902385
503337797
807973025
658588121
345422821
468367790
64718168
4578874
690319247
890412155
53207209
714797570
416976073
344383005
874823966
23416189
51065163
498805845
82229777
314274700
539952801
793522685
198025561
427867255
647007104
27295104
316372179
983780318
504159247
257096580
379135191
198753244
918055945
918055945
223290349
78646918
129720502
90666769
735788585
10
936053709
823719006
743904274
124887470
326901762
812088693
624567850
113370599
189874901
539831708
713620440
82229777
129720502
679855380
607196614
621372446
165105338
684117609
746937336
833870692
76131373
248918971
942812565
991400574
121193822
397991399
670509947
862636349
372339610
928419854
505115444
449505517
620583446
200016492
555573743
2797844
236143611
489397086
22247207
549317506
178339009
489903158
422764493
890782019
110714077
781145973
379525209
795285863
236393182
834429163
556007948
477546440
399755351
154221862
379135191
680748079
318294545
153993308
568440055
171003143
420515035
981870925
199785190
847201604
16977106
348817991
614633990
98748411
90243724
843410497
165803742
608423628
842176960
583923022
952041196
469359735
711265915
571603962
846714187
547594843
472750916
853670992
32384110
239487316
190735413
397991399
648816111
92758893
747363900
847240825
711265915
208917888
952041196
614633990
482866441
942428192
461578799
58020252
933891365
921422341
10
862636349
548444787
312084886
795642600
184509438
459546261
199785190
204434900
511899390
275205258
83761743
294780030
174875262
772743839
981870925
328022759
6948840
402737690
200487565
901781087
824309164
181254549
955823157
598374889
977485422
952041196
392679082
401287834
80685375
676332370
884750607
786997486
960994425
34220901
275205258
291848212
639441597
103961583
806442151
993246911
486167898
208917888
149544260
412533633
654167456
393658570
843410497
103961583
568368152
93898630
340881085
710184878
93898630
267630811
594626755
503444762
102539911
498805845
51156529
404462807
179597442
632609282
173359140
151667782
349603248
918922649
802676821
283791824
314274700
963962664
568368152
448224737
32287383
339231078
397991399
873735929
148516861
365777724
689075782
199260963
298620610
10
508507422
977485422
444367972
42310282
988265960
404462807
3384
4464903
70843747
148516861
415385114
406349485
723863301
711265915
815926364
516383057
345680051
150
514245021
711265915
478420462
107816356
831512117
477546440
365777724
562986044
983780318
874719933
650270673
808451139
724308880
298620610
865544553
721617140
913408437
1037290
165803742
746937336
3384
896178825
634247715
802916844
103961583
386822909
163410716
690319247
478420462
137158394
869146724
10
592428262
587168955
42310282
82634588
967102009
591498982
461775806
122621111
416976073
227382860
193275305
121413468
448224737
57487341
820237236
96507421
317593554
208956961
67633894
789757030
330323307
149544260
444805188
995547968
379597086
487826898
386265640
573375284
451927396
162101766
108865372
227382860
265348295
349603248
179597442
930654192
451927396
32384110
980877287
199309979
269522820
4826160
963962664
913408437
415385114
928104671
614633990
952041196
186754139
335362996
738200694
110688464
174610904
950553714
290767032
788975441
630174927
561578440
340980453
862636349
379135191
607196614
207951961
884750607
494874175
868296475
963962664
918055945
109320
486167898
118276986
780068949
117514063
464063534
174875262
274194211
227547313
517924814
980877287
83761743
849859696
96269182
647259312
991400574
527030158
42310282
25322078
275507421
945309929
172901029
988265960
992652448
673161982
582311355
79865253
934385306
637653710
489962314
500247869
662075123
919965156
802676821
586937648
96507421
996047118
608423628
137158394
225707841
806442151
648816111
67086855
498805845
335137686
988265960
945309929
596813636
981870925
179597442
627563007
806442151
503444762
602121847
758696690
639607991
843974522
32287383
489334816
940644413
285005647
67633894
225799444
697145971
46598156
610494832
716100284
322764183
287645968
248590766
448570364
649032276
214573087
483435774
679855380
483825763
386265640
121413468
779342623
464203207
947188402
92758893
280128240
69349174
535740188
884441723
746400169
278186407
503444762
716574648
843410497
824309164
16062428
150
103961583
305696989
507634900
503337797
498117894
482020824
791103354
704852441
275507421
296769083
61171869
527662580
992298215
326901762
655348931
67086855
18271263
607196614
802676821
654167456
724913891
918055945
199260963
728091607
489334816
683968613
563634159
522810425
337492067
661815621
451927396
277492554
314116173
38918525
669453448
108563469
405572486
669989313
58421031
58020252
304124022
195828062
992780831
772214221
392430915
113370599
482020824
865494791
1037290
823046072
215955508
383152943
779791439
168210228
50005882
178339009
217290808
624890714
487814049
404462807
779342623
159853745
354740411
227255957
403364245
412533633
128767803
983596743
3384
933891365
397425264
397129535
278976413
323480043
25322078
43797256
67633894
297721548
585511357
100441623
436715057
67086855
553752100
802916844
184151516
581264389
179597442
177142800
185501014
341482505
425651077
540791553
295050002
408108821
335362996
650248221
459756422
561847915
329313371
745810009
363462119
546650404
806442151
614633990
717552752
940450896
344383005
294780030
556240663
945309929
827874435
457230381
774171192
778557779
167026947
69992618
545525098
200016492
834429163
193275305
242026776
377714411
912135238
286502610
361821094
404784915
194215277
291848212
614633990
237188196
881488825
843974522
903430259
802676821
272262688
507634900
167026947
351039926
746937336
770935442
486167898
865119155
568368152
344080819
787177652
749018590
995547968
199785190
457991713
892145112
208917888
767194326
5185067
988265960
165105338
107515029
999710700
527030158
614633990
705234926
661815621
648816111
658205670
525505007
40471638
471352118
545525098
868296475
706062216
513180063
940644413
979992373
228850027
329313371
831512117
786622442
402737690
193275305
386724187
178339009
323847891
46786109
318269332
66430650
596813636
129720502
127772831
23482358
66430650
10
279021378
92758893
592610303
472750916
32373650
918455197
1
933891365
17688922
703571413
482636632
982534779
103961583
764523640
129720502
15074205
893193995
683538680
291848212
401016825
727344369
975294457
280128240
649329457
239487316
394876513
595463641
393658570
824309164
208917888
755048633
943269315
509400810
992780831
777161433
207908345
10
335678026
746937336
707137940
854887779
541393667
913408437
769245045
704852441
862636349
65470399
477546440
27810873
162101766
291848212
397991399
693251166
96177646
121971373
751109629
634247715
824309164
947095541
824309164
971660679
862636349
275507421
846190545
599623163
151292745
314409236
818265792
952041196
630174927
70101153
995547968
129720502
179597442
946825180
991400574
451927396
109320
248590766
189874901
32373650
843410497
482866441
316372179
965243946
329438807
505115444
470598575
208917888
112725060
819395098
341482505
338911730
335362996
1
587436957
721617140
598374889
141599838
113370599
649329457
137158394
896386908
345955180
746937336
803039224
287209958
179597442
946278411
155865651
568368152
919097291
227547313
36346988
239877076
683538680
8441889
398089477
93898630
269522820
874908423
802916844
389927427
524632621
186587623
199339758
540791553
802916844
343641
879687376
112579017
540791553
988265960
505115444
683538680
144577080
726185148
933827455
401016825
911916882
824309164
386265640
922992646
397976857
771879067
922252603
249173458
506324561
527030158
32373650
477546440
918055945
508819981
415952060
387120643
751109629
661815621
453411863
802916844
783310320
444232445
974712455
389476325
659443003
482020824
217884028
740630647
177307775
581055175
345422821
100441623
686848844
110775527
505115444
598374889
457691231
124887470
1
717552752
121413468
329313371
843974522
210150987
451927396
250085822
854887779
329313371
746937336
467714031
129720502
751109629
787638947
442188536
415385114
316372179
992780831
751885764
189874901
32384110
335130733
547575134
751885764
180402742
291848212
576577503
989200087
463535049
790732690
249479266
631151998
702291744
475634304
992780831
4826160
965243946
154221862
817572463
168210228
824309164
787638947
991400574
32111757
661015418
262712254
15753908
824309164
690319247
624350433
827874435
991400574
830375647
404462807
324367954
829563740
129151366
681546120
275205258
326901762
165803742
354911355
150840883
195619040
362729219
79144624
362399368
897734652
24372353
342828256
335362996
776426600
594438762
42594269
945309929
347090776
13286593
481197195
248590766
802676821
193275305
462480493
168210228
459216080
933891365
459806811
538163069
505115444
928419854
316372179
844105680
389927427
910713669
372339610
614633990
96177646
113370599
440521140
765646550
398089477
451927396
498805845
155114584
240879853
912208782
908608898
677296031
470598575
16405688
673632487
92758893
607196614
516383057
314274700
27810873
693166889
702017517
151667782
751109629
719830218
896643174
174875262
505115444
34850360
170766767
680748079
127465739
113370599
204434900
751109629
965243946
519976696
194917112
192744352
16977106
844840546
4578874
522444735
375415318
807973025
335520884
414524654
802916844
108563469
964982728
728917849
82229777
457403046
187296346
602121847
150
312499983
272384096
736291140
344253326
372339610
792773768
128762573
270710518
114617150
865544553
824309164
534513419
602121847
299763990
451927396
257993220
889261038
249420944
562986044
763243936
27810873
540791553
393658570
785994349
600169316
729507312
704852441
137158394
820913367
619858679
764523640
849859696
487814049
785709817
224079699
249479266
189874901
733811778
467714031
357129662
444232445
404441063
524632621
397129535
291848212
92839259
898721940
793392815
655015866
852569655
495271799
275507421
86468464
243050826
881775823
343566240
893505984
32111757
545449186
248404741
479810800
78646918
387557887
894929142
249076098
291848212
137158394
33468211
671927240
530532704
913408437
30028060
277464287
779370659
109320
778557779
139871053
347090776
227255957
325578575
319516365
318294545
604304029
154221862
268081592
539831708
686406158
358328779
749018590
137067068
820777211
490898016
1037290
23482358
290767032
498805845
607196614
228023039
227255957
783897185
793487956
397991399
479810800
32384110
32287383
355990656
494349570
896146386
655015866
654167456
337160426
865544553
971141756
436715057
717552752
705879114
418989678
782449991
459756422
179597442
122009373
96507421
224564396
207908345
951413691
83761743
787638947
297721548
95673858
49986115
690213496
100441623
515389395
186587623
201976
511376701
716100284
207936904
32287383
507456079
710225522
867677207
608423628
179597442
144655219
347090776
510904806
67633894
444805188
491262301
206411976
183655300
723449202
416976073
459756422
32384110
658516737
131439731
92758893
478420462
113370599
980877287
189954236
248590766
608423628
700167415
860516772
444232445
988302004
865544553
249479266
479414834
373635
568368152
952583249
683538680
829563740
211960357
42310282
341482505
452035468
23482358
384951437
516383057
775799231
988265960
79675562
4578874
587220085
726779364
398089477
317002112
982242761
764523640
865494791
335362996
281255127
575298372
476672279
945309929
621372446
487814049
704936703
655015866
683937736
824309164
745810009
489334816
981870925
630174927
929788198
867270806
716100284
305174163
578773803
477546440
66430650
340980453
903221914
129720502
1037290
342330165
137067068
903221914
705234926
897805302
903221914
687990109
198133559
162101766
82229777
988302004
578625394
309914368
111507172
396923203
503444762
613409858
844647109
138307872
324354855
566853644
866948120
468045156
818265792
178339009
995547968
42310282
149544260
162101766
46598156
924746584
329313371
984622521
589073934
843974522
980877287
316372179
606255563
717552752
248590766
654167456
444232445
772738551
540791553
643522882
973204131
795285863
690319247
92758893
82229777
305174163
25322078
743928632
410238132
37537055
95673858
34850360
803039224
287040009
995547968
162101766
109320
965836374
607196614
940644413
510836654
991400574
444232445
80415741
373635
167026947
262226014
87147057
471458857
661815621
199260963
415385114
247312099
686196887
716100284
499285851
340352042
1037290
756447544
929788198
305174163
663349178
338911730
548602762
751109629
986345000
249479266
733329247
548056668
388061120
239487316
96507421
975718849
148516861
280128240
942308371
751109629
587612115
626701595
458432099
103961583
714797570
749667735
362603295
477389457
562280056
981870925
100854210
806442151
507837939
645798350
591474575
930522269
664837620
845233150
151667782
117029166
628963952
486167898
465850047
252052553
397129535
227255957
477852511
375415318
862636349
532524039
711265915
129720502
903221914
340980453
390836767
619851705
915558043
130159798
124887470
354740411
793993952
722224608
113058996
849859696
325781515
451927396
82229777
813848434
162534510
536453404
686406158
109320
117643267
257219351
843974522
401037684
291848212
614380239
248004927
530457352
787638947
58020252
421472091
186587623
540791553
677027836
990615708
581575215
793871644
329313371
349603248
312499983
347090776
154221862
829563740
444805188
947878541
109320
911208918
728091607
278976413
679855380
663469271
697289446
23783445
151667782
198565472
507236163
529171586
890713522
170864699
774860751
312499983
32287383
945309929
991400574
828527418
148516861
347090776
56661890
630174927
658516737
568368152
970276574
751109629
248590766
275507421
349603248
914903660
126764792
780068949
630174927
495348817
150
242026776
387234039
289867584
607196614
654167456
478420462
654167456
514245021
666711083
849723775
553457948
417183262
172638563
199260963
962689629
712216262
858457410
316739738
988302004
335362996
176717014
137158394
552073034
482866441
388061120
388061120
4826160
498943403
397129535
967102009
346429510
875654825
802916844
458639039
32287383
802916844
603158017
610111819
137067068
712515284
898721940
49351818
614380239
416976073
227255957
72106473
751109629
4826160
335362996
489334816
413960064
983780318
170864699
607196614
950619363
373635
427637362
219665348
663349178
195798485
260150169
176717014
77002607
176717014
524632621
846363179
3978923
482636632
986345000
935217815
386265640
199260963
451927396
564271801
907616431
808510284
403042293
793876493
10050324
92758893
818265792
129249615
32287383
412552704
42310282
478420462
32714209
39218592
236463110
312499983
131225688
172901029
694601442
458871681
478420462
773386139
8477152
269522820
280128240
341482505
97843946
929788198
843410497
934218168
563096899
827874435
568310622
498943403
686540007
425369746
258812045
92363518
963962664
32373650
186587623
207908345
517593362
137067068
170417855
163410716
533251484
248590766
573499286
980877287
326901762
34220901
554300263
884158612
724541391
958743501
102124045
514802540
34850360
953312429
249420944
802676821
983780318
867677207
341482505
174875262
495780310
808440907
376451258
28746996
988265960
448224737
464511403
91916336
722764270
607196614
172297695
687954380
113070085
577706573
840517467
581216569
4578874
93898630
611039636
294744776
818265792
151667782
417540255
137158394
179195161
460751058
278976413
185501014
988302004
451875394
741801799
314413453
103961583
807500551
814037432
401016825
240879853
354740411
459756422
446241564
312499983
507151631
120806484
462480493
239487316
630174927
77943484
981870925
435549642
498196531
802916844
514245021
618519421
680748079
680748079
442028528
977485422
487814049
117643267
266233807
706153832
316372179
463428955
983780318
189874901
308264308
182996802
352925346
136945126
746440904
344646952
609289772
807973025
184151516
193992127
227382860
365777724
349346206
260114604
83761743
738200694
293436450
843974522
245052796
387120643
898721940
881443781
821987704
148316225
227255957
913408437
556007948
482088861
649032276
969955283
840299042
316372179
464545327
3998093
873735929
3761461
150
172901029
224375236
662594090
998437318
727978971
742926426
157476972
830091835
186587623
70843747
569995469
154221862
889090530
307292071
346713117
154221862
144477994
227465186
649329457
369865985
186514362
439752238
5177437
644778230
372658098
444232445
129151366
178339009
626701595
312499983
290366719
275507421
493854947
210561252
67460040
504014230
183858555
160936776
504484799
745843126
849859696
589921015
129151366
486167898
503667385
318294545
239487316
138644038
596813636
170864699
67633894
4826160
716056315
694265091
412533633
444805188
751767451
803039224
868870791
279022834
208917888
70843747
781203438
843410497
137067068
928659019
829563740
444805188
458674180
251297295
404462807
426452544
92598299
493854947
806442151
540923525
938088539
1
883862635
485250355
955549321
614633990
162452126
256129338
673161982
176753851
871503966
769957649
129720502
738200694
460116253
177016595
489334816
291268649
340395424
898721940
743053763
248004927
448224737
436547607
96177646
933891365
780068949
3601466
906955961
32373650
682127246
424614948
798140356
614380239
976306169
155114584
842176960
787638947
192396306
742575486
362603295
780068949
185421603
849859696
549281654
986345000
42310282
17668333
482020824
716100284
667485584
46099571
304697117
392917269
581264389
82229777
249420944
275205258
149544260
449233571
364670984
130159798
809353745
795285863
149544260
299700358
636317920
179597442
823046072
82229777
273320985
348649794
314274700
397001383
86103981
48368479
179597442
659641382
364670984
201506017
415385114
416976073
248004927
727549653
637653710
492539517
743928632
207908345
331985743
225799444
494748104
928419854
844193198
248866480
862636349
912208782
409813677
493854947
4578874
116683545
224026556
361387855
407183041
227465186
749018590
241229327
986345000
124887470
451507964
903221914
487814049
913408437
25533461
362603295
372339610
824309164
614633990
16977106
644881160
168701023
129720502
596813636
178339009
782011506
527030158
565657802
614380239
58020252
234128424
704827836
748938059
540791553
207777900
3998093
349603248
162101766
320293644
174875262
451927396
198025561
159853745
116122194
124887470
873735929
744044470
751109629
195116622
240146155
751109629
399845477
827546331
100441623
464063534
717552752
179221298
186789520
388708511
503605522
372339610
92363518
65189878
919965156
27810873
472750916
306411441
809783916
881775823
199146195
32384110
849859696
163410716
494874175
326901762
46868156
961015319
363475477
458432099
387120643
254463320
448224737
689075782
275127100
705234926
746937336
540962668
93898630
312789465
227382860
553486458
130159798
611286641
884750607
459756422
195739124
157902108
167965379
762693840
248590766
280128240
952041196
511110565
314274700
92758893
487814049
362603295
602121847
312084886
751109629
1
932572984
73237901
79680470
802676821
480423264
593250516
746937336
625845795
467714031
151667782
751390908
297721548
750591803
252618323
282176749
200016492
579451723
704852441
340980453
239487316
207908345
867677207
622375981
516383057
727107711
100441623
674763973
885521070
665954547
20685631
412171234
935260575
251297295
444232445
608423628
745810009
47043136
614633990
82229777
345422821
415385114
270710518
957386655
655015866
553430648
236323805
462570564
240879853
669025113
309914368
178339009
462262076
823465328
603773695
69349174
23482358
95673858
329313371
81096086
912135238
989104333
991400574
108563469
271749650
995474726
124258477
807973025
806442151
388061120
185930935
751885764
416976073
412533633
213297950
704852441
457230381
742581795
312499983
487814049
940644413
772214221
102792207
402737690
122377545
581264389
475634304
728091607
626701595
16977106
393440527
295086515
468263784
74194752
100441623
299525694
992780831
473020220
573375284
312084886
328861780
174875262
494874175
769618587
538798771
769929921
444232445
398089477
494874175
686406158
773485779
95673858
677813139
123866626
669265470
51096199
803039224
550973314
117643267
535904304
34850360
655209185
513690016
29623338
176360106
149544260
115807708
751885764
329313371
376976019
291848212
721329129
704852441
714797570
451927396
189874901
38884528
705234926
981870925
248004927
207908345
96177646
677074513
168210228
397991399
388061120
345422821
167026947
502627250
254278467
413099996
680748079
573375284
459756422
46126390
898721940
720017915
881941831
795285863
721617140
963962664
127040201
673161982
144577080
58020252
945219747
638945208
913408437
965528940
482866441
22408838
746937336
338911730
25322078
514811540
750272322
383685875
347090776
568368152
955852517
31929942
793429105
818265792
614380239
630174927
156285460
167133471
249761833
114333944
329313371
165803742
510359996
743928632
714797570
482636632
389927427
767752358
170552695
746937336
249479266
769929921
353422082
329699873
967102009
614951100
407829904
436715057
831260603
93898630
406745945
155245080
618103579
773485779
79184239
875898128
923740492
493854947
683303351
596813636
967102009
602121847
995547968
414093326
336088390
130377359
4578874
922243917
387120643
4826160
444805188
343392651
154221862
867677207
557820851
602121847
725162325
654167456
168442342
451927396
111754918
679855380
193266607
294780030
96177646
314116173
453688846
541966632
881775823
34850360
150
312499983
947913261
95840980
212560002
441755868
773202295
185930935
412396169
162101766
144577080
63367907
96177646
329313371
42916167
314116173
592977337
658537404
551505432
818265792
494874175
96507421
156285460
129720502
868296475
403657348
174875262
329313371
631238598
409676312
325340317
345422821
514245021
113370599
301345891
341482505
779370659
477546440
798818327
162078951
602162338
697257011
477546440
176885444
448224737
627427820
556007948
684001837
818265792
43189664
32373650
338911730
178339009
248004927
980877287
539495229
354740411
855593954
608423628
846112779
275205258
738797746
196784354
58020252
82229777
83761743
503337797
786865467
478912857
280322287
722756371
227255957
991400574
744561762
144577080
314345150
342330165
865494791
176717014
27810873
991435600
295152745
482636632
803039224
491927637
444805188
869684405
159853745
389227892
843974522
165711126
156285460
779820681
199785190
4826160
649329457
280128240
694402941
548056668
379135191
48285562
614633990
607098962
338962014
298844810
663253499
949911865
993246911
312574165
505115444
51066627
626110761
983780318
459756422
167026947
291334445
197666707
506864566
235917603
410620296
204434900
1
126373167
918055945
70843747
648556615
991435600
960908054
749018590
910395472
918055945
178026981
290767032
184151516
223691523
501313147
749018590
340391812
329313371
808781273
635985067
162101766
389927427
252929757
70843747
58020252
654167456
347090776
516383057
345803952
216372665
979992373
535165042
602121847
872282954
314274700
668108755
995547968
251297295
186540795
942214346
326901762
451927396
965243946
275507421
493428524
602121847
333535894
129720502
448224737
33506346
132101031
198025561
630174927
634247715
405572486
981870925
189874901
980877287
769929921
807973025
335362996
115821464
459756422
117643267
751885764
954063575
973263899
137158394
312084886
793559807
787365587
458432099
663349178
142053899
23482358
50409833
198025561
170864699
267530043
148516861
129720502
72145720
983947463
770935442
768295867
103961583
700167415
1037290
621372446
129720502
157978738
910590525
11362788
208917888
377400472
632129920
924427234
648183905
966641453
388061120
686406158
145565314
225799444
486167898
507634900
129151366
208917888
131810547
283604598
468689588
109320
788975441
573375284
53000192
70843747
3384
533813428
846109835
673956147
429206436
676058763
495780310
225799444
273030768
5549233
994548765
70843747
916479424
686406158
46598156
390215483
174875262
447731760
388061120
345422821
439852248
444805188
365777724
184339419
493854947
95673858
533791252
507634900
246387269
270710518
146586713
117643267
129720502
179060543
25322078
932965033
56885424
145948064
992008992
614633990
374876674
312084886
386948205
404462807
79254027
150
20968255
465725183
73226095
575968880
109320
802676821
410093818
665731677
398009234
345422821
317537658
257521611
805185820
514811540
184151516
660141037
34850360
658516737
116203122
714045136
83761743
665312767
170864699
855873972
885392673
326901762
155332631
552798909
165803742
262638950
397991399
679855380
489334816
892992368
690175017
190750365
168210228
661815621
176717014
933891365
148516861
813892299
27810873
457230381
309914368
310708418
42310282
443607341
130159798
198025561
601527716
482636632
159853745
572885973
512334465
751109629
291848212
219429656
23482358
318238448
398089477
83761743
273320985
138723147
1
566830943
281603199
326901762
369865985
622250638
556332593
17950636
365001643
117643267
357497135
55508721
32384110
698990870
472750916
227255957
189874901
704852441
20757690
208917888
754421726
227667901
806442151
153896294
165105338
446147383
316372179
144926816
436715057
373635
96177646
528764775
445203818
444232445
96507421
856993841
56145381
444232445
151667782
252523408
251699835
626701595
93232780
269522820
16977106
780068949
669989313
884750607
32373650
868296475
363940543
249479266
507634900
148516861
933891365
184151516
203904232
405477903
846821167
614380239
184151516
275127100
264434672
794194642
329221964
207908345
928419854
34850360
539831708
200016492
251297295
259404600
987407086
154221862
436347243
484119235
240879853
109320
362603295
587220085
716100284
661815621
792331990
149544260
967102009
416976073
87293607
947325780
314274700
103961583
823046072
884158612
828192412
581264389
619541804
16977106
225799444
124887470
973031309
436715057
992407830
451412444
211960357
132609057
56028976
977485422
234759519
988302004
498943403
151411800
121413468
622044728
877577516
251297295
685589521
854887779
843974522
703132913
159853745
397991399
545525098
149544260
494686773
463564953
326901762
193992127
251297295
467714031
298620610
248590766
654167456
963962664
988302004
861257088
242787384
238814993
527030158
802916844
986006825
199785190
444232445
162101766
498805845
986345000
275507421
695085162
548056668
934064778
27642564
690319247
181742926
290767032
718142117
843974522
539831708
700167415
349120238
32111757
275127100
34850360
438445741
444232445
608423628
626701595
992407830
32373650
600916967
680415562
54791436
412533633
829563740
137067068
149544260
908036859
275205258
517425385
729269386
259837742
69349174
756483465
752073352
495780310
648056188
807973025
245243852
972078073
380557429
416590814
227465186
183706268
867677207
58020252
993246911
189874901
985109977
746937336
508783809
354740411
482636632
576157982
207908345
788975441
850870967
555573743
129720502
269522820
497128722
977721791
285558726
695224605
198025561
96507421
942578358
347034858
172901029
540791553
596813636
125860124
971660366
467714031
184868779
305174163
156285460
200016492
953674021
324367954
14716009
83761743
460901951
336077154
748131428
879516576
690319247
865494791
641857510
3384
747363900
153277916
630174927
117643267
309914368
10
397991399
221988220
280128240
96177646
758644400
696461222
489334816
796451478
806442151
93718562
820777211
827874435
691872397
813530688
227316693
240879853
189874901
189874901
425900629
394191222
332035887
751109629
372339610
66430650
598374889
103961583
448966723
168607184
516383057
484369843
184151516
945309929
178160982
898721940
981870925
424614948
415385114
372339610
734861188
3156550
920962763
988302004
472750916
907149205
341482505
444805188
117434685
150
352162657
335816948
942653656
931268399
3384
431981277
121413468
482636632
74863414
482636632
649032276
398089477
114617150
171315586
574843687
35498704
34850360
200963582
270040050
405572486
455284450
833656432
70843747
54820891
645615962
585240519
131904179
275127100
124887470
374664739
967102009
868296475
778557779
23482358
184151516
436715057
39218592
81053162
731576632
988302004
187696216
249420944
876961382
696073250
66430650
25322078
827874435
1251973
764523640
415385114
777489895
285089094
213261800
787638947
800679695
27810873
178317566
903221914
797247410
761234738
347847246
269522820
350979364
23482358
773118870
159853745
795285863
413523536
721617140
588232974
412533633
457230381
544440307
995547968
867104301
944456961
340980453
573540945
579611646
933866206
827874435
163410716
95673858
69349174
372482660
885392673
393766179
724299801
571626724
561604037
627311942
454933126
280128240
470251328
798554109
167026947
606167408
96177646
495780310
764523640
843974522
347090776
816625462
574251597
307716015
61971626
896152791
972143440
290767032
618152107
179205568
637653710
307559892
4578874
548056668
678776937
227547313
717200058
251381714
342330165
389433527
739433099
178339009
314413453
829563740
669989313
167026947
711265915
19006463
482866441
623753631
997169037
67086855
794289386
445121956
415879522
93898630
548444787
151667782
451927396
436275772
653260377
389062998
478420462
759075942
865537050
649329457
229219879
903221914
293164032
945309929
964315786
4578874
602121847
516383057
404462807
880618742
654167456
859082499
545525098
894609904
470251328
204434900
373635
240967093
575351862
905670962
16977106
484014401
598374889
535674952
185501014
666085549
659152923
100441623
87308216
338911730
405572486
25322078
780068949
912135238
901870528
884158612
404462807
100441623
218013683
329313371
3384
342330165
780068949
93898630
160775085
177321053
561816769
249420944
397991399
275507421
227465186
167026947
113370599
324367954
824309164
195828062
78646918
540791553
862636349
149544260
496896303
197694435
728091607
179597442
249479266
1
698436690
751885764
945309929
289587437
832103311
42310282
125892496
988265960
83185291
174875262
470598575
911382409
716100284
991400574
641277447
843410497
32287383
163501
304697117
382209882
754892270
849859696
495780310
301035212
377711158
416991069
454967819
689246646
207908345
30327778
444805188
721617140
35366669
3998093
802916844
382764387
221140600
552689803
840902666
67633894
787638947
717552752
768274306
259834263
621372446
680962845
665337565
669989313
665740811
898231560
621372446
658797396
415385114
405572486
623820085
585233922
291848212
58020252
46701852
168681300
992407830
291848212
824309164
711265915
818265792
716574648
740630647
482866441
489334816
467714031
237365368
806442151
499844058
344528637
316372179
404981065
829563740
326901762
114570587
455821962
843974522
342330165
451927396
32287383
636314390
107816356
514245021
966094826
788975441
986345000
945309929
388061120
362515163
369865985
27810873
780068949
877639715
711265915
280128240
207908345
803039224
518368145
195828062
486167898
129312524
589033316
281255127
643950837
52597917
679855380
834429163
986345000
630174927
467714031
829211158
740630647
486167898
593564017
149583630
491750874
337349168
160945340
107731588
401046838
381640936
557820851
614380239
740630647
813582586
205420938
596296229
162101766
859652858
655015866
663349178
477546440
412363602
548056668
150
388843748
548056668
335362996
70490549
963962664
548056668
826154462
884838195
1
992780831
96507421
32384110
342330165
444805188
907517657
167026947
393658570
459737832
824309164
172901029
27810873
280128240
806442151
193992127
459756422
117643267
940290821
663349178
477546440
656292211
44855027
706153832
32373650
704852441
70517060
526130187
10
997548822
46701852
747946177
548056668
397991399
614633990
89938378
185501014
826868252
495780310
928957630
673161982
69349174
995547968
281255127
539831708
369865985
689075782
341047412
50859357
895063403
235025333
548056668
393658570
414947774
219464398
547337462
568368152
150
150
565691888
979992373
117643267
769929921
54689106
185501014
372339610
823154740
195828062
150
437478214
849859696
903830060
297721548
416976073
32111757
980877287
298620610
207908345
898721940
198107929
278976413
493220917
178339009
802676821
448224737
340980453
540791553
606914824
397129535
176717014
749018590
35828070
928419854
658764755
131225688
527030158
503444762
516463997
995547968
717552752
472750916
548056668
1037290
983780318
14930372
341482505
979992373
124887470
736276455
280831538
942795570
45639303
220679865
921097014
346184005
829563740
843974522
470598575
649032276
498943403
608423628
590714096
319953370
397991399
596813636
794289386
936624153
820144652
801539853
186587623
660405567
329275851
291606028
168210228
954047024
745810009
726390218
227382860
285771115
535045805
773485779
270710518
973556470
188032544
100441623
82229777
189874901
451927396
165803742
70843747
516383057
148516861
867677207
545525098
980877287
66923545
728091607
227255957
783660227
751109629
96507421
894273754
795285863
556007948
92758893
103014552
110468114
908266704
780112564
170864699
314274700
298620610
307600297
291848212
262629365
700167415
280128240
318294545
34850360
952041196
52598506
227255957
866140302
901224315
751885764
564729362
444805188
516415619
827874435
631435810
556007948
885392673
912208782
986345000
148516861
248004927
596651445
272973541
4578874
779226026
96177646
547134065
34850360
193992127
314413453
306395163
772214221
530770191
458909419
16977106
527030158
275128950
598374889
837930227
144577080
239487316
784464375
560516481
184279355
734278968
705234926
314274700
479686226
940644413
67633894
770935442
564795642
230195947
198025561
980877287
342330165
314455826
294485456
478420462
780068949
200016492
109320
818265792
621372446
807973025
26283004
991435600
991435600
129720502
986345000
778300223
155959539
762546334
637653710
351679421
823652492
999496247
418363878
794289386
498805845
548056668
945309929
827874435
655015866
170864699
151667782
186587623
68272598
199785190
601453008
397991399
648556615
416976073
807973025
862636349
341482505
933891365
955042579
4826160
658516737
391676591
275205258
494874175
318294545
199785190
745055252
527030158
132021360
124887470
867228055
661730384
721617140
362603295
392649816
291848212
679575288
275205258
316372179
386265640
290767032
637653710
152840155
665250074
131225688
597657624
555472021
862636349
275205258
801684618
876002051
539831708
885392673
524609775
498943403
349603248
165618583
548704922
747363900
39457745
307741529
655015866
69349174
234316091
941147894
987106322
843974522
199785190
217891601
23482358
216270752
830126879
637653710
794289386
556007948
872169138
618473903
369865985
748187206
655015866
55041073
499089227
386265640
948338779
995547968
864146806
721617140
294780030
278976413
204071233
792215612
284576067
368076695
110468114
551575626
655541639
992407830
711265915
451160643
779342623
489334816
275127100
78646918
788975441
206322082
814469924
309914368
910468529
814016008
922820496
630174927
778557779
873735929
162101766
305174163
834429163
178339009
524137977
821987704
482866441
743928632
107816356
79184239
47133930
478420462
365777724
626701595
41365301
714797570
472750916
665082045
151667782
512949250
33388331
607196614
163757019
32287383
605899699
820777211
540791553
721617140
843974522
273320985
225799444
993246911
774769408
297721548
117850095
1
912863145
779370659
69349174
570283547
470598575
614380239
436715057
207908345
963008466
93898630
876823489
981870925
695597105
294780030
450907128
608423628
4578874
159853745
25187026
686406158
163410716
533671147
332160468
687248325
556007948
573375284
831512117
92363518
364372416
556007948
326901762
487814049
945309929
769929921
549745518
711265915
248590766
524632621
807120862
592102021
93898630
705234926
339614099
329313371
489334816
202350176
602016727
275323266
495780310
873735929
108563469
195254479
773485779
979835680
172901029
658516737
369865985
326901762
637653710
150
524632621
398093694
228200956
402737690
870606339
618335348
677840803
912135238
669989313
798562166
614380239
721617140
227465186
964982728
388061120
58020252
402737690
743928632
349412785
341482505
993898385
991400574
658147680
415385114
181847325
744133150
34220901
498805845
326901762
273320985
630174927
607196614
179597442
92758893
815490831
798018041
648816111
988265960
251297295
751696058
471429843
827874435
912135238
552838542
129151366
686625395
498805845
362603295
316372179
10
70843747
451927396
829563740
401062440
159853745
379135191
156285460
481765975
132942716
663349178
389546060
647836769
416976073
997236257
598374889
489334816
144283525
977485422
355950801
704852441
454196111
867413201
642096973
748530058
714797570
74801630
239487316
507634900
652998009
900011696
129720502
372339610
297603303
149156978
503737425
611074974
995547968
345650622
148516861
936795340
118348624
269522820
57237419
797702265
634917441
840517467
644219530
275205258
483169803
158066187
398089477
963962664
632949504
746937336
92363518
349603248
981870925
656945969
843410497
114617150
249479266
993454925
861762588
100441623
342330165
692771625
280128240
574997833
884750607
14650255
995547968
481627646
109320
818265792
654167456
649329457
100441623
598154394
103961583
107816356
341482505
83761743
314467773
829563740
67633894
421685181
610966408
174875262
200137886
64960735
93232780
200016492
599475342
686932959
373635
115745821
503444762
451105569
327679873
628553480
764523640
827874435
596813636
290767032
676922582
95870729
614633990
397991399
728138713
919965156
229733704
788892446
779342623
98315597
176220705
573375284
297721548
508690910
179597442
458432099
305399037
369865985
96177646
726185148
721617140
349120238
382230404
150
798293430
980347161
379135191
520119654
686406158
463372638
225799444
413960064
991435600
240671312
743420716
689075782
329313371
349603248
41092311
559750435
868296475
198088009
398640349
936940524
283038614
164263691
46598156
898721940
600915436
334629836
275205258
93232780
982860864
942812940
703317082
190016745
200521273
519326763
791908202
404623693
129720502
691044224
882644137
277046234
735207268
608734591
505115444
400300843
607196614
700167415
648816111
705234926
495780310
507634900
435184872
533920359
722943493
451927396
983780318
117643267
992407830
977485422
634247715
332939483
658516737
487814049
873706899
615100186
475774403
206802644
734754674
713620440
981870925
512869639
390215637
912404667
421624797
795704838
801735662
700167415
311846426
569886684
126360138
873735929
653956402
162101766
32384110
785386413
240879853
256875523
1
903221914
557820851
117643267
933501976
823046072
144577080
483154877
945309929
317262302
805618796
107103006
919965156
329313371
172591653
93898630
42310282
5500101
39268135
379135191
792275279
193275305
99551643
746937336
818265792
686406158
283196179
107663976
607196614
82725174
27810873
437938976
861271425
275205258
630174927
193992127
967102009
316372179
271296165
131225688
219520643
958721650
493192314
345422821
978992933
97118868
986345000
963962664
998533684
670720641
25126588
122355533
528899308
638178771
34220901
807973025
110468114
10
242586295
455936897
981870925
444232445
248004927
83761743
47960911
448224737
342330165
686406158
23482358
829190394
269522820
477546440
342330165
83761743
398089477
907755957
770935442
32384110
461638907
502760789
557820851
630174927
221426032
275507421
733599411
297721548
526100993
227465186
401016825
442343277
945309929
933891365
683538680
507634900
743928632
113370599
362603295
194785040
629960187
316372179
498805845
663349178
369865985
747697926
489334816
862636349
743928632
539831708
717552752
854887779
185930935
788975441
717552752
261118149
933866206
767561425
397129535
897559956
586203527
865544553
505115444
320193022
129720502
67633894
946502215
30309893
181087975
243887644
877167991
397736510
992780831
109320
21285808
648556615
482636632
109320
714797570
159853745
347090776
444232445
714797570
693949441
539831708
338911730
522881628
945309929
673358474
557820851
988265960
298620610
439752238
983780318
770935442
340980453
305174163
117643267
960280056
630174927
464874738
706153832
613168499
72690477
459624739
770935442
842176960
129720502
457230381
200623556
88812772
770935442
420469885
319959310
759375428
137158394
397129535
479810800
669989313
850791677
82229777
167026947
275109419
137158394
614633990
389927427
5091336
379512857
340980453
362603295
103961583
178339009
23482358
885392673
208703261
942156743
293808014
385319685
988638693
507634900
67561302
275507421
488102524
193992127
965243946
933891365
32373650
991435600
581264389
868747936
933866206
721617140
903221914
32168828
773118870
398089477
165803742
723067231
716100284
179597442
314413453
39368125
67086855
296042518
95120617
173378862
657144618
751885764
150745114
199260963
93906114
603336560
92363518
683538680
385085947
749219113
885392673
269522820
780068949
842915712
393061404
895478221
340417312
978420070
637653710
486167898
219567236
711265915
148516861
444232445
347280258
865494791
364670984
167026947
3998093
4578874
711265915
397129535
948897498
926345496
162101766
238819605
200016492
777161433
349120238
820777211
540791553
227465186
335362996
498805845
980877287
151667782
487165903
700167415
807973025
168030934
73969081
199785190
128714012
270710518
93898630
585240519
746937336
981271836
420641600
816531973
369645331
714797570
607196614
807973025
507634900
505636660
227382860
16977106
251304383
495780310
10
834429163
945309929
182791238
314116173
172901029
46749405
840517467
189874901
117643267
881811620
182388752
683538680
545525098
842389630
23482358
398089477
412533633
307867615
462480493
124088291
207908345
769929921
582255748
725064595
764254298
326901762
107816356
200016492
410328539
1
634247715
935599283
806442151
86561311
482866441
57040705
271361572
871938380
3998093
184151516
219764766
928419854
363962434
325225300
144633461
364670984
225799444
269522820
66923545
122651342
658516737
973255539
163410716
110197892
12375833
261638933
23482358
319203224
249479266
23482358
4826160
150
704936703
504048674
621791546
69349174
184151516
46598156
865544553
788975441
26905074
198025561
479810800
807973025
424396539
389056096
655015866
111643937
148516861
174875262
980991713
349120238
54478984
558742061
1037290
307540851
708886853
588632135
673161982
441915362
114454102
743928632
621372446
977485422
488102524
459756422
330936553
379135191
460712187
643802342
894457174
242912344
498805845
405572486
170864699
426292621
151667782
738200694
596813636
873735929
95673858
251297295
668546153
576782685
4300994
477734075
349404768
386265640
397991399
818265792
967509798
690319247
734285466
275205258
5559649
155114584
524632621
397422335
864741604
548444787
178339009
516383057
386265640
680748079
482020824
702985152
489697860
999551934
314274700
802676821
637837373
617524449
822226877
728091607
168112389
624889606
280128240
342330165
82229777
481240816
193275305
113370599
504094453
462454400
448224737
275205258
70490549
165803742
424040274
181728880
400438629
903471171
329313371
439752238
740630647
156285460
607196614
386667651
113253652
787638947
568519743
346761793
747363900
607196614
924895153
193275305
364670984
108563469
765315836
644541111
82229777
170864699
58020252
96507421
928419854
227382860
27810873
131676897
807500551
393658570
843974522
144191343
963645598
513085338
630557153
93898630
751885764
512486798
436715057
58020252
333778606
10
170864699
288871028
608423628
156711965
69349174
516383057
305174163
100441623
538720866
515496244
827874435
865544553
23482358
794658535
700167415
295668126
251297295
163410716
601671721
689815162
810232103
408030641
34850360
439752238
581596974
82229777
269522820
503444762
367775407
372339610
479810800
326901762
710487187
278309454
349603248
204434900
102590969
165369340
719504199
291848212
933485495
721617140
617929849
95306955
861203036
83761743
340980453
781438640
802676821
824309164
621372446
297721548
495780310
568368152
769929921
556007948
203351063
827874435
232302176
195828062
135015262
746937336
921350573
514245021
379135191
208627993
470251328
347090776
487814049
463573526
281255127
764523640
35206063
718370044
883452625
4826160
487814049
903221914
322511870
448224737
555573743
388061120
548310071
507634900
92758893
952041196
335362996
753980868
963693935
602121847
673913014
980119852
988265960
991400574
909854502
870951526
34850360
261855427
596813636
2484990
672472949
862870320
794216664
347090776
862944494
885392673
103961583
505115444
480103233
819021513
985704892
458432099
479810800
625165892
120478222
386265640
715535319
912135238
170488086
386265640
666556188
186548710
39218592
913408437
310855681
362399368
539831708
269152072
242026776
144577080
342330165
312084886
38820294
803039224
781285929
269522820
570597288
865544553
717552752
630607291
121413468
683538680
427895091
633244062
854887779
458432099
824137522
867677207
404416638
67150357
482020824
225680035
700167415
849859696
602581820
829563740
418810375
275205258
415385114
150
67086855
683538680
557820851
156285460
298620610
933866206
663349178
862860488
609418340
892440042
588779988
765741242
227465186
177229592
562819512
563524805
401109606
683538680
456299089
249144241
137067068
654167456
706153832
95673858
436715057
650718157
812909543
354740411
178339009
225799444
93232780
873735929
558254158
27810873
824309164
843974522
365852995
945309929
137067068
312084886
694690607
185051119
312084886
698301382
967102009
130159798
779370659
47234689
380150047
32384110
527030158
787638947
165803742
127928710
318294545
931692426
435236093
558154667
155114584
527030158
482020824
503444762
773118870
683538680
473966901
872644911
630174927
498943403
156468933
401016825
679855380
251297295
710968350
388061120
516350550
830128944
882897669
545525098
455939210
692112931
34850360
747446048
680748079
467714031
36336405
933891365
711265915
32287383
389927427
439752238
282863843
842406306
843410497
260435870
716574648
805211480
818265792
269522820
96177646
621592952
717552752
444321832
655015866
349120238
943358251
458432099
498805845
482866441
151667782
114245500
344462026
663349178
298961539
389974552
207908345
947395863
23482358
223056354
752873406
648816111
487243064
416752034
155114584
843974522
479686226
641912342
387120643
68616477
514245021
199785190
518993507
482528928
971177746
218380222
205543694
680441459
200016492
53540546
780593718
235470725
912200501
280128240
704852441
827874435
928419854
162101766
5015625
12706795
747859764
198025561
418229283
738200694
772214221
96507421
636180396
786583484
162101766
146220571
921099927
607196614
513249184
507634900
179174625
273320985
683538680
903221914
730035562
391288385
505115444
