326901762
743928632
275507421
95962529
482866441
988302004
96069247
377334144
96177646
341482505
118127292
952041196
25322078
239487316
402939543
881090313
123483235
457230381
585240519
487814049
329313371
971552878
451927396
717552752
493854947
587913584
69349174
322233754
78629058
168210228
885392673
760772070
398089477
163410716
137158394
444232445
995547968
627210632
696707749
216802735
881301526
823046072
617939485
67633894
237629576
585849567
718973053
173879390
665147019
340980453
794630003
131225688
986046299
597137590
446767443
401016825
795285863
252513179
843410497
749018590
349603248
711265915
464063534
113370599
198354297
349603248
751109629
351651212
242782182
372339610
444562638
977485422
397991399
271524600
379444571
607196614
249479266
232057467
574120003
774479927
25322078
436715057
503337797
650438508
411313962
624410401
210621745
604781272
476460273
947253803
144931969
540791553
149544260
402737690
402321789
92758893
903221914
496365416
764523640
420888468
462355867
705234926
385600494
806442151
16977106
382017532
758908404
496898507
58020252
381308853
478420462
803039224
649032276
175632402
716574648
269522820
314274700
4826160
614633990
211960357
73312224
568368152
129720502
93898630
249420944
67633894
466527213
151667782
438198844
370590980
195828062
183521164
756481123
117643267
917061190
183051927
379135191
477546440
941538332
170864699
607281506
902230677
608423628
69349174
451927396
942338340
198025561
136047159
67633894
698712287
893441124
533536533
902393087
451175731
681552657
20627647
436462369
598374889
992407830
637653710
976793819
189874901
760478960
294910431
744000929
362399368
249479266
843410497
493854947
67633894
820777211
477546440
479810800
131225688
460183098
270710518
374635520
689075782
131225688
388809826
716100284
269522820
294781704
280128240
242344602
397991399
908256562
229878502
977485422
273320985
764523640
335362996
348144508
275127100
464063534
865494791
730823832
620442668
326901762
342330165
74173235
741339941
314413453
980130021
680441459
992780831
740630647
361318523
739599854
487814049
608420800
614633990
375415318
562986044
596813636
874668115
981705
815130714
34850360
136825653
224519880
148516861
621502024
178215210
664127986
479810800
829563740
965243946
170167011
199760369
413433988
717629411
883440739
919965156
89209033
284477654
714140848
514811540
428426027
314274700
444805188
503444762
426652535
717552752
799147996
672340633
566918048
495780310
928419854
70843747
93656933
416700017
773648965
261322532
677120569
999031083
909468398
139038769
373635
168210228
477546440
333092698
770935442
729747455
751109629
70490549
886417163
208917888
607198520
773485779
172901029
318108383
840477823
626701595
802916844
463535049
740030362
444232445
273320985
67086855
493854947
527030158
992780831
291824962
986345000
312084886
803039224
331632587
23482358
680748079
626701595
884750607
318294545
56944190
843974522
936119326
150
631496136
248590766
807973025
986915236
789821175
451927396
688103180
341482505
262552700
155114584
846310745
410170190
362399368
32373650
751109629
520176786
734855180
479810800
663959996
862636349
262341645
275205258
992407830
69349174
457230381
890125383
444232445
198914430
654159997
297721548
594661845
482866441
479810800
740630647
256164874
162101766
375415318
549424140
93338298
749018590
362399368
999661367
505115444
370921642
114617150
404462807
654167456
772214221
201214492
58020252
773913474
447112965
493854947
66430650
493854947
652563004
206146798
825738421
576286073
526615436
207908345
966142462
251581961
277203963
103961583
660977434
208917888
21386574
772214221
355924647
269522820
992407830
679855380
176717014
894913581
199785190
452592154
944218508
43872896
885392673
168210228
167026947
748876222
621372446
780797309
598374889
914007877
343657331
818265792
100441623
129720502
780935408
614380239
716100284
25322078
314274700
530145911
412533633
680748079
204300878
761349060
93718562
977485422
679855380
345422821
334803031
673161982
823046072
117842417
865494791
341495505
230218328
459756422
24665172
486167898
486167898
830205048
345422821
912863145
249479266
249591584
901358369
479686226
304271247
988302004
881775823
862273823
254408188
663349178
916719098
198025561
747363900
398089477
778557779
802916844
224026556
596766301
193275305
179597442
347090776
193275305
290767032
387120643
297721548
478420462
629536659
648816111
121413468
704852441
454933126
898721940
806442151
890112027
110374365
780068949
239487316
278976413
991400574
78646918
403371919
527839886
979992373
704852441
987267367
95673858
965864527
728091607
441343402
468899209
200600445
460187578
569083943
654167456
873735929
335362996
849859696
151667782
426911176
439752238
444805188
362603295
478420462
601157738
93898630
507634900
214361207
245403032
493854947
261642578
598498413
729747455
205935866
185424432
840517467
55890649
66163832
711265915
862636349
362399368
314409236
601669119
865544553
312499983
783481967
556007948
57013606
487814049
516383057
314413453
779945048
803039224
39212115
218910209
489304047
185930935
108563469
67086855
347586322
438837208
590852636
901513239
299300357
340980453
193992127
560685272
316372179
165803742
778557779
149297520
459613747
143634002
885392673
680748079
389083735
614380239
96507421
498805845
902388763
614633990
986345000
549424140
32287383
298620610
10
137439608
995244899
918055945
685936182
667755620
387062748
457230381
843974522
840517467
354740411
94185877
155114584
979434835
27810873
546861387
810315344
873735929
794289386
62624920
107816356
136252275
451927396
424039092
614380239
193992127
96920152
238178859
793038684
980877287
150
995547968
66430650
673161982
374068288
765201747
533714164
272322175
492249857
605505098
165105338
58020252
166290151
529470524
743928632
25322078
10
920426525
901485683
82229777
443607341
992407830
129720502
651798899
340980453
626701595
669989313
3761461
297721548
458691901
459756422
692711682
54358492
928027675
26244813
354454318
345599029
751885764
195828062
451491068
527030158
829563740
772114385
794289386
965243946
14232894
1
42310282
740630647
910310771
621372446
807973025
810315344
436188173
573184025
73650371
885392673
249479266
983780318
386157422
322035521
25935502
907038023
762114706
335362996
213401279
347090776
486167898
144577080
369606394
92758893
291533709
840517467
962019424
764523640
738200694
477546440
130159798
225426467
823046072
794995262
185930935
493854947
369865985
1503504
248004927
177550579
514802540
493854947
749018590
655015866
803039224
857826739
965882091
918055945
658516737
806442151
249479266
416979786
575056010
149544260
849859696
46875415
387120643
159327204
867677207
956695888
270710518
933891365
92758893
503444762
683538680
873478013
211960357
919965156
992780831
248004927
649329457
995547968
298620610
66605158
149110764
992780831
908996292
32111757
240879853
479810800
46598156
340628531
95673858
360476910
630174927
305174163
25966874
514312153
895796074
25563009
703905464
576893683
981870925
349212192
208437748
898433628
32287383
275507421
849859696
298548017
327785371
895550925
341482505
70128835
451927396
549424140
58020252
482636632
23482358
596813636
476763819
195828062
615887078
598836348
369381336
32384110
314274700
979667495
62938538
345422821
953711277
162452126
710129492
163856923
304697117
477638924
992407830
227255957
716895500
498621686
415385114
482866441
946750089
199260963
965519325
683538680
478420462
489334816
224026556
672340633
163410716
372778785
995547968
240105935
571977629
137158394
103961583
677502924
440411077
884750607
372923421
879789716
338911730
470251328
999356643
980877287
778557779
87926122
472750916
602121847
705234926
912135238
769929921
992780831
602121847
338911730
668954011
802676821
721617140
733547711
475634304
275806824
912863145
312499983
810890854
362603295
479810800
4578874
703673270
737042329
743928632
843410497
397991399
515344802
974035554
278976413
189874901
574540054
992780831
865544553
316593585
259418582
451927396
933866206
711265915
174875262
103961583
103786076
531838294
581264389
503444762
568368152
185501014
479686226
197563742
227547313
198567089
553122875
154221862
366582704
39218592
341482505
914038959
679285790
189874901
909773573
557820851
946109143
179597442
3998093
135515055
267959185
713620440
498439460
873735929
389190888
316372179
552171356
69349174
43560858
510051677
388061120
764523640
184151516
298620610
50473902
389927427
154221862
66605158
993246911
412533633
46892101
620794844
386265640
1037290
452263226
112781117
945309929
314413453
310718022
379135191
803971375
840517467
637105476
556007948
992407830
773118870
769106140
995046800
249479266
42310282
380000342
170864699
690327931
794289386
207908345
740723486
673161982
227382860
686406158
507634900
314274700
128995807
827874435
167026947
899162623
677991087
159853745
345422821
936510265
919965156
295269370
865494791
249479266
818668309
149544260
503337797
772214221
649032276
317289749
275205258
273320985
455465656
840517467
281695317
251297295
193587640
587445620
703950060
913408437
979992373
193275979
239487316
113370599
86644626
230025196
280128240
945309929
596813636
546342862
568368152
992780831
393658570
980877287
156794618
557337497
598374889
310254468
788975441
66605158
717552752
729190925
385934263
362603295
386265640
423680674
873735929
955342849
189874901
529610125
684264592
451927396
527030158
860108508
281255127
988265960
748679205
545525098
964982728
78646918
63262758
679855380
93898630
607196614
946658441
473182841
846092541
507634900
685366663
598728609
494077965
271566445
941860828
772214221
680748079
854524388
810315344
76021574
907463410
884409279
476552843
178339009
782001356
485167120
986345000
661815621
362603295
620856021
655688949
165956549
680491623
27810873
726682295
548056668
758332898
928834378
475571113
372801110
340980453
723763447
114617150
220627663
728091607
714797570
713225801
66691838
265522978
280041295
187546655
132497324
728444314
314116173
881099906
948501839
649329457
15220821
673124703
119724482
625395179
342330165
831512117
454933126
314274700
27718105
208472163
981558664
339381868
118902776
784960557
364670984
138613866
251297295
772995327
548056668
601627367
933891365
424614948
172901029
304315007
1
545525098
843410497
494874175
928419854
357357025
743928632
903221914
985833650
983780318
854887779
904460577
141833477
648435048
880476134
514802540
34850360
540791553
884750607
174817467
540985321
630174927
472750916
738200694
464063534
340980453
443607341
940644413
156285460
946303331
948720468
888869649
763459782
92758893
881775823
650893150
884750607
472402941
297679687
444575916
544457409
179597442
717552752
996882994
79184239
173643577
167026947
564945974
102924774
505505992
683538680
928419854
912135238
616158106
589931035
412533633
440520920
477546440
482866441
658516737
426276275
133437887
979503221
803039224
582350412
824309164
571217714
542744783
757611656
881155843
388061120
100842506
316372179
65282764
394542587
93718562
395090582
840517467
813311428
773118870
96533404
248590766
289200925
194303484
206674312
809095963
583888871
224519880
172222511
746482825
295216738
799198089
278197216
275507421
96177646
373635
373978852
32384110
432876768
67175637
583557905
555246544
83761743
48097593
585240519
92363518
749018590
83955472
165803742
525029915
632433361
912135238
14110173
326901762
219752485
445769469
335362996
484563855
198025561
979992373
704827836
40537608
911584082
622718991
275205258
843141770
487814049
155114584
850996232
534859016
598374889
956529362
977970008
448224737
262100346
374317822
63604227
28082743
208968017
770935442
617756806
79868296
93232780
402737690
170864699
637653710
997766352
843410497
243636376
173879390
179597442
336233262
524114404
873735929
858575309
168210228
514802540
606500488
704827836
95673858
770950917
67633894
111703100
401062440
953271165
807973025
470598575
384951437
415385114
829563740
3384
868296475
470598575
324367954
716536452
637653710
24522992
412533633
184151516
334463975
302026525
27810873
918455197
912863145
403523349
248004927
324367954
500186669
16043708
436514334
569615860
557820851
208917888
486167898
393854970
665061383
704827836
657445039
865544553
572373406
705234926
596813636
265715962
186587623
579899204
778557779
207908345
393451466
751881418
751924339
777161433
849859696
803039224
170517012
637653710
340980453
893441124
324673314
280128240
340980453
347897658
682311331
167026947
177628517
515105769
27380277
815802297
865756153
974755608
137067068
195828062
96801369
280128240
843974522
348349956
167026947
109320
124887470
368187641
557820851
704936703
227255957
764523640
596813636
404462807
721617140
493854947
787638947
439752238
608423628
461994973
23482358
16452634
487814049
314409236
607196614
224026556
988265960
878321142
329638174
4578874
605923792
865544553
749018590
503842511
557820851
32287383
157580512
555840346
207908345
557820851
903221914
45264412
1
593606448
417831276
979992373
249420944
540791553
712989682
248590766
576331192
934678909
883534918
3384
156285460
109320
34850360
145934993
414629932
345422821
943010545
314274700
193275305
389927427
827874435
772214221
404462807
397129535
569212410
704827836
751885764
378913655
616031241
903221914
198025561
824309164
598374889
815395613
298620610
386265640
294780030
649329457
827915611
348852025
268256094
297721548
472750916
316372179
314274700
42103420
159853745
761824767
912954688
479810800
4578874
92758893
3998093
404462807
304697117
103961583
275205258
849785187
963962664
802916844
96507421
910884200
728091607
314274700
919965156
98622561
129720502
93232780
297721548
477546440
20398284
362603295
364670984
21988320
291848212
377553550
419840860
714007675
205892226
93718562
806442151
165803742
983780318
949908744
802916844
399932085
113370599
773118870
199785190
275205258
837321921
556007948
585069607
207908345
227255957
36334741
965816466
903940166
100441623
751109629
169948938
404613499
993246911
478420462
649329457
70490549
901784755
326955328
451927396
298717665
794241706
199260963
649329457
637653710
893441124
278976413
3998093
820781456
865494791
614380239
630174927
486167898
263728245
626701595
470251328
46598156
459756422
251297295
762788537
514811540
699924150
280128240
404462807
608423628
945309929
227382860
130159798
389927427
937705070
439095421
444805188
646018830
669799930
993442005
453266758
555573743
469337187
476854525
498943403
83761743
482020824
149544260
309914368
940644413
608423628
145829069
548444787
629812170
804285387
281255127
777161433
547102884
721617140
468530565
10
812428558
740082630
404462807
452035468
840625050
46701852
148516861
217121008
360314645
601092980
97893619
556007948
447849943
144505782
337655724
933866206
745482263
992113588
391449556
163410716
919127596
480917936
933891365
278976413
643811177
701551582
679855380
614380239
428131251
495780310
28638379
273320985
949164947
963962664
931812445
206660228
996578542
769929921
962832640
507634900
284985270
933866206
905060037
711265915
92363518
189874901
729747455
270952158
470598575
466903591
269522820
443607341
879673106
323773388
686406158
806442151
314274700
545525098
70600917
444232445
262308885
980254886
221039102
875518442
100441623
290767032
397991399
93898630
791108923
397991399
58020252
162452126
770935442
524632621
429837474
608423628
25322078
699251703
248004927
384951437
898721940
58020252
299200367
179597442
92758893
738200694
282222265
849365133
540791553
305174163
444232445
67980966
673161982
842176960
992780831
130159798
941271295
249479266
482636632
470598575
757584148
923209030
479810800
770935442
751109629
770935442
366577350
266137170
375415318
55103102
72325529
507236163
27810873
349603248
629923418
972281041
289824025
16534945
806442151
501485570
372339610
649329457
242026776
163410716
802916844
34850360
751109629
947209070
93232780
645009170
86361232
316372179
354434678
655750907
938004329
940644413
94566892
873735929
588228826
655015866
520968739
507236163
265937458
10
482866441
596813636
668642980
278081176
757075150
695759270
834429163
280128240
415385114
803039224
556007948
314409236
717552752
129151366
404862451
221393424
225799444
216461212
620410501
262663846
428953780
32287383
184151516
314274700
193275305
487814049
827874435
717552752
521585501
186587623
771478524
470598575
407514612
999661367
404462807
516383057
113370599
787638947
645432847
630174927
707110324
803039224
477546440
375295626
113370599
335362996
843410497
314409236
18789395
507634900
78646918
2980217
567290791
43385427
451927396
865494791
288942342
557639021
720835953
494790281
314274700
952041196
30583428
234432588
329751372
470598575
495780310
825159736
977705956
589931035
214570919
316372179
178339009
227732171
249420944
305174163
794904478
505115444
849859696
557337497
199497095
298620610
208917888
281255127
519305574
42310282
598374889
31158009
145012279
924326497
845258957
607196614
467714031
107816356
434810138
260904046
347090776
743928632
261867031
269522820
291848212
649032276
465326645
78646918
983780318
527030158
194558979
474965982
657349930
304697117
555573743
912135238
153536010
139571126
944597398
243971090
401016825
743928632
457377939
912863145
92758893
271412913
890705028
95556376
498207610
455213285
840517467
112876389
43757086
5992403
507157592
354740411
562986044
705234926
487147738
307563893
679725248
322036911
150
700167415
874668115
112991752
446155951
621372446
730076821
146925467
634247715
731979574
815223152
810158207
740630647
794289386
751109629
172901029
595733701
581264389
444232445
462480493
345422821
849877795
131120346
673161982
459756422
338911730
482866441
865494791
912208782
129720502
340980453
388061120
72647635
762784315
326580000
362603295
55678579
297863752
185930935
884158612
110468114
364670984
549339465
716574648
222047267
718183931
34850360
3979384
354740411
371221596
728091607
170864699
341671715
885392673
73619294
888856849
943967269
1
3998093
3384
613850517
962634282
119670968
979986772
448224737
93898630
456394392
867124959
451927396
852654111
372339610
104804069
912208782
918055945
994429701
820777211
747363900
983780318
316372179
265462566
439752238
700167415
278976413
671678707
79184239
853331643
174745244
950039924
912135238
459756422
529552850
725977609
450176940
167613467
117643267
677508759
178339009
312458030
242026776
628516436
349841287
686406158
176234659
314274700
185930935
458432099
712443133
477546440
794289386
329313371
101881176
415385114
58020252
398089477
773118870
312499983
835307546
196177210
46755968
814082196
249479266
482866441
819082358
49421091
220244150
975433473
721617140
899162623
836911456
84791709
847444657
436715057
489334816
490000162
269522820
286913531
763709664
807973025
637653710
521826786
594549826
174875262
713920617
823046072
749018590
899743731
482866441
388061120
751885764
614633990
239584912
482636632
482866441
935143881
613397324
503444762
305174163
412533633
988344588
660890753
170864699
287230746
386231787
834110590
278081176
661815621
339557759
25322078
345422821
698436690
470356843
3384
548444787
179766192
32373650
10
482636632
365777724
389757994
405572486
16057429
487814049
167026947
740630647
662810263
249479266
630174927
933891365
531322696
981870925
959609775
151192736
862636349
655015866
416976073
649065418
746937336
853915026
225799444
249420944
898721940
607196614
596813636
428200953
945256445
108563469
329313371
27810873
928419854
751109629
457230381
122110331
557820851
794289386
822181500
802916844
371845524
213577245
93718562
153019674
208139309
227547313
31034893
402737690
777161433
721814419
369865985
713620440
345412874
912135238
318294545
189874901
38370147
704852441
27810873
773485779
960574755
316372179
375415318
525441994
129151366
208917888
188775663
350733341
672340633
186587623
829563740
704852441
687027509
155114584
239487316
751885764
862636349
253043445
278485886
806442151
34850360
619118096
253714432
602126075
679855380
42310282
172901029
801505902
269522820
690319247
315369090
571344719
324367954
26911826
49029347
895134317
356003772
871750984
881775823
251297295
185501014
95673858
579690830
527030158
489304047
162101766
335362996
107816356
969982884
351223865
868296475
588123613
983780318
208917888
768426917
60498523
411349877
99682161
212494979
230825109
630624500
113097614
113264491
993246911
404366393
312499983
144577080
505690089
225162338
903221914
137158394
749018590
239487316
413433988
933891365
912208782
291848212
884158612
5493692
621781529
156285460
288626482
847995579
602121847
294780030
692779127
788393418
602121847
83761743
476822124
135448508
705234926
747363900
193275305
995547968
621372446
747363900
3998093
129151366
899743746
373635
108563469
705234926
424614948
394478668
100441623
193992127
749018590
314413453
198025561
621372446
129720502
873735929
162101766
801118639
32287383
248004927
347090776
441647936
494874175
658516737
185071149
918055945
918055945
650279954
566941646
19942679
988302004
3998093
107816356
527066190
443607341
316372179
651751164
675692607
834429163
777161433
458092694
63736347
526235853
429654745
623784097
738200694
497737170
82229777
32287383
751885764
770535117
459756422
156285460
232142225
751885764
95841056
314274700
486167898
362603295
585240519
649329457
157724559
821504923
867677207
324367954
21833364
227547313
606899200
879656644
291816675
770935442
248004927
196455210
39442365
162101766
154221862
167026947
854887779
297011266
405572486
690319247
273320985
524632621
291848212
794289386
773485779
309663581
90155963
58510133
747363900
95039377
287724867
577443423
482866441
401062440
919965156
977485422
683919915
549344171
843974522
304871206
167026947
412533633
69349174
874027013
841272365
297721548
349120238
163714932
679855380
294780030
162101766
187310444
32287383
174875262
387120643
204434900
403795961
952041196
244508870
1
705059484
150
823046072
436715057
364670984
630539881
225355040
354740411
199785190
598374889
405924614
397128120
208976793
96177646
32111757
653135500
855916688
265617860
933891365
881400804
78646918
482636632
66923545
919965156
32287383
713620440
798231339
711265915
669989313
435583826
240022430
80259274
988302004
200016492
227547313
318073927
423455821
821679274
101995916
329313371
553664828
455824561
619455477
297721548
95673858
362603295
158654801
780068949
704852441
115139659
649032276
245782113
550439220
952903891
608423628
103961583
121413468
886694153
632063092
509508458
23482358
335362996
693001585
637653710
816015932
103961583
740584452
149150780
118642682
602121847
386265640
874668115
953350092
873735929
913408437
715271426
96177646
481384581
658516737
838127224
42310282
100441623
482866441
658516737
519854631
686406158
309914368
165105338
178339009
512612061
503337797
823046072
658829239
148528382
156536541
965243946
401898870
193992127
25322078
155066706
67086855
151236738
159853745
3761461
560571804
627661857
679855380
653291388
770935442
596813636
714797570
96177646
324367954
144577080
225799444
582631079
589931035
680748079
524632621
314274700
324122552
189145783
706290677
439351816
447527700
841996055
516383057
275205258
110062631
277203963
316372179
214731880
824309164
703729231
48490708
895765359
631246596
717552752
721617140
67086855
919965156
139857919
162336472
69001162
988302004
787638947
364670984
305174163
118367776
341482505
946633118
281255127
220416817
509441915
578431460
386265640
679855380
154221862
988302004
673161982
277203963
372339610
280128240
633029843
443351780
3384
981870925
614633990
240282317
248004927
108563469
150
20177969
933891365
365777724
839308793
410869230
683538680
173796849
397991399
362603295
347142492
492204653
843160238
161824497
482020824
159853745
865287956
655015866
961441257
405037232
473569092
898721940
780068949
54213113
459756422
288249350
278976413
772124700
477546440
62645908
695324586
898721940
405572486
379091106
287461418
185188778
233428011
172399803
840517467
278976413
290767032
549274654
399685885
731093808
208595269
270710518
155114584
686364085
849859696
940644413
969109404
275507421
227084397
803039224
425982458
199260963
7116598
907945306
107816356
397991399
596813636
986345000
275158908
648816111
726185148
452035468
831512117
242488411
482636632
159919748
704827836
937262904
555730041
486167898
60065000
482866441
424614948
751109629
611857670
185930935
162452126
655015866
342614891
199260963
713768775
996601279
882047811
178095539
364670984
379574855
499326076
364670984
493854947
586415119
23482358
711265915
459756422
772242425
193992127
977485422
952041196
751885764
91520804
146512295
498805845
151667782
980877287
193275305
114617150
704852441
689799370
374044064
233136329
68899906
496682906
275127100
109320
109320
726406508
309518229
661815621
319032591
185933997
34850360
963962664
362399368
487814049
178339009
672340633
996004325
100157858
129728293
651759507
692438848
999659476
472750916
401016825
729736025
806442151
807973025
686406158
345507198
495780310
714797570
358407380
362603295
131225688
186587623
117322899
603660455
788975441
82229777
802676821
193275305
459756422
199785190
768628984
661815621
404462807
544476645
918455197
154441397
103961583
404462807
146946656
280128240
773233748
16977106
253047874
153566618
443607341
96507421
935200132
518502479
92363518
335362996
849859696
482866441
749018590
4826160
67086855
302723728
787638947
436075977
129720502
581264389
327412189
429964009
189874901
463535049
316372179
518386354
824309164
673161982
780068949
330787517
4578874
199260963
369865985
829185891
643860951
991435600
39218592
868296475
95673858
952041196
412396169
963220492
248004927
200322686
832379936
124887470
897585800
563407634
248313997
10
751109629
310015484
897832226
721617140
912208782
428293502
467714031
746339095
275127100
868296475
640174458
318294545
434094553
987234008
655015866
373635
548056668
181847325
602366663
649329457
454933126
354740411
324338949
98161127
642766067
280128240
607196614
498943403
843410497
478420462
954566501
249420944
726725449
133042712
952041196
386451906
194336968
607196614
745267058
507236163
121387211
868887799
750405315
122235162
964982728
65087565
749443557
389927427
354740411
243983469
162452126
849502392
634645496
222551662
78646918
305174163
42310282
704852441
317392233
477152651
271794855
521141335
701855059
207908345
118644330
637653710
389927427
827874435
787638947
507634900
745810009
280128240
667201251
687078394
829563740
137158394
791663576
401062440
168210228
453832378
700167415
251297295
467714031
435702549
655015866
108563469
410052180
503444762
672340633
624934009
650590534
696136383
123037717
673161982
890521124
47024872
97342990
912863145
270710518
854887779
449005796
124887470
614633990
107816356
130159798
416976073
559457046
717552752
504627867
469337187
963962664
848819106
988302004
983780318
460125628
736487245
842176960
979992373
113710824
884512970
614633990
222780129
75826459
480896137
507867282
233947098
843974522
706153832
602121847
369865985
475548509
745810009
548444787
493854947
10
25526901
673161982
465434716
117643267
372339610
305174163
674615296
150
354740411
595813489
433769480
402779037
437885624
705234926
316372179
263696562
10182189
964353861
281255127
540791553
726185148
865494791
670562773
490586558
706109298
420782596
69349174
273708129
728923916
681823232
992407830
951717278
3761461
807973025
849716774
208917888
898721940
67530989
740630647
373635
130159798
903221914
654167456
477546440
604922769
960363462
199785190
439163030
70843747
18024878
658516737
92758893
248004927
200016492
441860302
248004927
1
390942282
669525408
50053873
467256728
494874175
37376379
219185497
479810800
32373650
770935442
610763450
249479266
368903400
67633894
856230974
768656089
657418281
167604487
155114584
287543845
278976413
439752238
479686226
291848212
469337187
972965346
964982728
70400480
824309164
32384110
797295583
193275305
345422821
451927396
206941090
614380239
509440508
150292682
918455197
834443105
163410716
104623963
805938505
379135191
649329457
39289017
93718562
32373650
965376326
705234926
121851852
638392583
479810800
477546440
843410497
113370599
461081223
602121847
746937336
387120643
952041196
270337211
345091927
260559447
362399368
754751640
415385114
534028675
144577080
308509124
550189743
573548300
316372179
137067068
422178040
399540643
465239326
219942917
540791553
404462807
548444787
530980398
818265792
167026947
387120643
318294545
787638947
96507421
615501038
701572674
954195616
151667782
354740411
964982728
624313608
240879853
929718462
468754070
294780030
545525098
1
876771734
752038987
231048844
929788198
820144652
34850360
598374889
646103950
261739561
646697572
596813636
512710843
683538680
185930935
593380824
96177646
416976073
316372179
375899945
648556615
881054800
312499983
988302004
401981130
376079886
468370119
207908345
751885764
277252682
195828062
249420944
96177646
107816356
742716695
286978697
155114584
749018590
598374889
178339009
919965156
967045126
3761461
298753470
170864699
335679106
329147374
46598156
962651363
251297295
316372179
638252817
562986044
371936140
428948952
963962664
523963267
482866441
304697117
3998093
865494791
239292226
362603295
659557011
885392673
178339009
668822336
542012166
683538680
793026234
195828062
816534303
260369657
453424607
387612466
762644203
278976413
456384336
995547968
683538680
772253243
100441623
838988024
176717014
884158612
581148977
416976073
442394994
280128240
33576567
195240295
692211253
388585509
4826160
733923667
779370659
770935442
790742338
124887470
607196614
992407830
181847325
185930935
155592720
279999326
796698867
25322078
918055945
977907762
952041196
23482358
655015866
364825958
440956432
178739964
10
689075782
918455197
806108381
977485422
663489837
199785190
66430650
836721779
914315555
384146053
568083224
96027050
380070418
884750607
746937336
599257478
807973025
942037022
539831708
451927396
251641254
27810873
912014554
386891937
421061283
778557779
773118870
649032276
807973025
312084886
269522820
816586928
952041196
58020252
932901308
782012446
208236168
867677207
660487874
1037290
240879853
95673858
78953044
179597442
495780310
768731168
249479266
338911730
221454761
239487316
527030158
93718562
795153659
779342623
149544260
987383007
769929921
335362996
556007948
148516861
620851289
709233560
818265792
244968732
459756422
275205258
981870925
952041196
679855380
521648975
802676821
479810800
797236219
184151516
447113669
149544260
751885764
239487316
746485856
503444762
595733698
823046072
779370659
832870123
516336741
198025561
573466358
607196614
389597014
66430650
714797570
658516737
493854947
154221862
93898630
16765984
343208596
251297295
681961470
805126330
940644413
109320
86109753
32287383
296678695
506430322
179597442
96507421
697732590
362399368
729747455
826944633
813153917
436450530
608423628
919965156
270710518
178339009
900432378
459756422
842176960
912208782
658128879
108563469
966123220
669989313
640270844
719860190
602121847
463535049
4578874
83761743
507634900
933529549
810315344
730275254
548056668
388061120
40251347
491285405
933866206
227465186
546878429
107855892
248590766
470251328
129720502
23482358
772303043
451927396
640660296
494399855
703862911
935214309
794289386
626701595
16977106
395696091
404462807
884158612
314413453
402737690
752307203
556610960
185501014
507529940
704852441
336807832
227255957
672340633
711265915
393355680
239487316
130159798
233483358
873735929
762762724
464063534
712226868
404462807
744654947
673161982
704852441
569595604
349603248
493854947
362603295
208917888
66430650
32384110
136276867
511278015
103961583
899312934
104950592
178160982
467714031
179597442
711265915
943027325
466390107
668822692
92363518
227255957
79184239
664968553
457230381
13745566
297721548
281255127
791568226
46598156
402737690
318294545
174875262
810960914
242018938
221283836
687718312
479686226
919888027
199260963
585369624
64388610
747363900
798408934
148904407
413433988
619842919
952041196
416976073
301668020
136599316
711324821
702131676
412533633
36728458
916298563
294780030
172901029
397991399
251297295
711265915
436715057
124887470
962039446
444232445
805404834
818679835
92246570
635316952
716100284
878734652
866232179
479810800
618860373
579832907
933866206
768731168
716574648
742785319
704936703
901766854
947273756
51066627
168210228
100441623
884750607
389927427
217406386
831512117
204434900
806442151
818265792
273320985
548056668
837620861
802606973
918639592
494874175
568368152
773863412
244373297
581264389
977485422
165803742
312499983
862636349
185726730
639648435
173698451
918055945
769929921
114617150
79184239
156285460
314413453
834429163
362399368
58020252
249420944
401016825
128586407
342330165
329313371
545525098
354740411
716100284
275127100
305174163
162101766
159853745
114772886
940570488
360087280
979992373
1
635226817
124887470
89635559
83761743
602121847
95673858
459756422
91402814
834386496
755978777
868296475
459756422
8935652
970864414
1
477546440
988302004
362603295
248590766
347090776
185930935
489334816
608168493
865544553
444232445
751920882
963962664
917845474
980877287
28187345
626701595
309914368
269522820
747363900
979485121
150
452205001
614380239
354740411
167026947
129151366
19880097
475634304
951348217
92363518
498805845
548056668
78646918
207587505
198025561
556007948
473133685
949891234
865544553
818265792
993160927
364670984
248004927
109320
885392673
994540168
3384
275205258
210459240
503049285
537274580
326901762
649329457
898721940
349603248
163410716
149670782
552491568
211902676
239487316
347090776
224831417
4578874
3976668
472750916
810102961
659017071
191697377
649032276
207908345
259128129
992407830
746937336
388061120
151667782
92758893
641277007
539831708
463535049
802180187
318294545
851262799
733494515
893080298
498805845
995547968
556007948
93718562
1
387120643
966981505
802676821
482020824
494874175
230123486
721002169
25322078
711265915
962403917
700167415
569479518
941108239
179597442
190513426
601286367
869347650
831512117
296912969
820777211
716100284
995547968
212621997
628875532
648816111
369865985
933891365
80507903
721617140
252250951
661914364
773118870
159853745
862636349
614380239
364670984
285875399
609431476
637341840
951195692
898721940
983780318
749018590
70328221
108611761
757387859
919295920
557337497
748820062
430321947
195828062
532906394
324367954
642776013
3384
652502943
780068949
275127100
493854947
834429163
397991399
149544260
225799444
869820530
472656056
804158515
252894785
823046072
540791553
129720502
304994650
221285694
774865534
828490754
899162623
514245021
198025561
720043785
4826160
161454235
195828062
38776333
901397415
754346105
658516737
581198485
912863145
148516861
539831708
266637587
1
686406158
690319247
275127100
137158394
172901029
279242499
498943403
159853745
283829122
772833419
504747006
607196614
416976073
809516468
716574648
740630647
780952058
124887470
244791151
670387116
476263509
193482537
373635
995756296
184151516
414252504
67633894
385391325
710648074
605464895
740630647
493493662
174875262
899861723
290767032
24664382
58020252
302229670
298620610
189874901
752731308
913408437
616526459
772214221
807973025
446442142
207908345
227255957
749018590
48928385
314413453
312084886
204434900
867834244
865494791
91436875
25502939
637653710
788975441
153787981
489983747
908786552
961723729
32384110
356812814
159367225
421878635
278161317
316372179
841988303
494874175
778557779
440351782
181521434
159853745
170864699
338911730
178339009
516383057
459756422
302684744
154438258
44524147
168210228
354740411
389927427
912208782
362603295
473276446
540791553
516383057
533280526
675797514
757110943
356399551
68899906
431243479
597714635
3998093
661815621
362603295
275127100
778557779
401767867
95556376
477546440
297740140
993256063
751109629
912208782
988302004
309914368
832817219
910645859
342685972
726621025
107816356
823046072
556007948
933866206
452035468
478971751
376171962
959587933
858143870
177232106
482866441
454933126
364302387
201240039
96087345
67086855
664065639
557820851
494874175
93898630
443607341
560381321
314116173
992407830
899026058
562203859
340980453
897870985
472750916
849859696
235732580
1037290
92758893
783823801
219496529
209535478
777975894
596813636
373635
830780192
79209444
882949082
608423628
757020770
347093355
124887470
238565617
32482599
562986044
108563469
195828062
746871509
620418243
227547313
614380239
96463907
557820851
824309164
83761743
92758893
68605536
362399368
224330369
502389604
540791553
214341589
903221914
130159798
150
702136592
267641302
614633990
384951437
275205258
426775745
314274700
27810873
981870925
159853745
807500551
913408437
389927427
70843747
433398725
965074093
251297295
721617140
314116173
503337797
820314328
503444762
787638947
865494791
949799421
344969830
635315429
248004927
901725093
217837047
92758893
110468114
505794044
779370659
614633990
791509192
349603248
873735929
117541845
658516737
207908345
3998093
810169499
596813636
113370599
500566675
904576941
227275467
232572574
779068755
630174927
557820851
103961583
700167415
557337497
277413668
758294419
349559582
58020252
211904011
100441623
312084886
571486176
249479266
555573743
842176960
95629528
740630647
273465474
486167898
602121847
166214173
379135191
105757826
224820343
724854244
77754960
270666136
273320985
329313371
330289780
239487316
198025561
768731168
737982132
921701166
159853745
189874901
74568089
84617251
234672058
509418387
482866441
589177514
83761743
979648157
273320985
713620440
968067086
227547313
257873985
155114584
496571064
349120238
709217335
214850192
745810009
683538680
672340633
708873558
711265915
602121847
327917379
886684369
343025992
314274700
695917004
148516861
523420656
825430472
151667782
535127893
726185148
129720502
695057709
862636349
743928632
83940314
827874435
287715163
746937336
408552386
397991399
251297295
174023519
149544260
787638947
24465290
704852441
933891365
489714429
416753665
262850193
608423628
156285460
444805188
93232780
322495581
601738376
770935442
845340434
658516737
608728921
275507421
201765909
206223107
572315627
537695492
824309164
998109735
148516861
425922149
401016825
132038892
598374889
96177646
598374889
457230381
977485422
162101766
716574648
934732230
312539354
663349178
405572486
393602652
760225642
667168916
506698638
989339365
482636632
154221862
227547313
802676821
215996294
404462807
614633990
208917888
412533633
185866868
210718421
177816512
114617150
773485779
148516861
828709419
744173504
730076821
658516737
886767837
823046072
500492644
123622652
545726188
743829812
415385114
721617140
262171814
507634900
364670984
656277996
771989215
928419854
700167415
690319247
810315344
545525098
673161982
730568351
96177646
706153832
868296475
171941445
992780831
540791553
933866206
113370599
454513191
201577153
992780831
25322078
413960064
626384435
747363900
61922426
743928632
199785190
802640842
11242912
700167415
249420944
135407611
927052420
122958744
211960357
42310282
318294545
610111816
47653960
730076821
128965228
900576304
505115444
521551472
905720150
72585262
251297295
376370481
738566328
865494791
503444762
92363518
249420944
654210325
185501014
885392673
275507421
248004927
820777211
349603248
489334816
840517467
46805337
940644413
16977106
747363900
278081176
100963897
918055945
608423628
273320985
297721548
389927427
885023172
298620610
180565686
92363518
67086855
612118208
803039224
271585437
1
885392673
988265960
131225688
185930935
109320
883594519
854887779
305388330
108563469
878620716
509615892
393658570
800621012
231362417
514245021
780068949
912432290
686406158
300697684
598374889
489334816
748679205
740891576
361574489
34850360
148516861
149651133
148516861
117643267
638610490
548056668
365926350
669989313
398089477
997856282
990175948
401062440
82154103
980877287
165105338
309914368
686406158
852059834
521301638
568368152
164039583
31537606
364670984
317892881
388061120
83816504
125886530
290767032
686406158
373268881
498943403
314274700
442521918
149544260
766629507
273320985
386265640
137158394
831512117
621237966
227465186
110468114
686406158
898721940
603379522
59859472
816754624
362603295
207908345
256221295
83761743
397129535
191921125
802916844
430690227
227255957
454933126
372339610
964332141
622329076
174875262
153949702
340980453
294780030
562986044
976539029
224174702
381565473
709458867
401016825
120262150
726185148
614633990
114617150
655015866
703378588
298620610
244710100
995547968
10
847752340
974549034
658828335
862636349
156285460
979992373
806442151
67633894
912208782
680055633
178339009
385806874
885392673
963962664
349120238
28881083
388061120
919965156
742085899
818414356
128442603
585759627
482636632
672855001
609052723
179491437
354072714
274428681
773485779
743928632
571135613
275166222
740630647
167026947
903221914
136247114
704936703
100441623
291680971
70490549
113370599
871474151
705234926
411634892
32373650
236605632
67633894
884158612
204255102
156285460
92758893
997735054
34511519
384951437
732667912
183533013
239476493
254226939
465231836
614633990
347814080
721564889
607196614
903221914
436715057
949136234
443652671
711265915
854887779
967102009
489334816
898721940
7841435
729747455
511736701
45649873
162101766
335362996
291848212
117643267
338911730
700167415
874413935
66605158
654167456
734200345
336263959
630174927
544293321
375415318
698436690
407077335
819753476
117643267
227255957
848503402
896696877
627007314
934425143
503444762
833956939
328719740
721617140
507236163
227255957
940014376
188069139
128616453
241420688
831512117
425589397
397991399
919965156
716100284
311216199
716100284
174875262
912200086
587445355
968771594
710476692
365777724
307807265
928525638
1037290
249420944
764523640
881775823
680748079
829563740
248004927
404462807
568368152
909239658
548056668
663349178
831512117
945309929
843410497
385740459
324367954
807973025
350191080
40520995
630174927
614633990
679855380
28954958
580307658
984284206
218438765
743928632
757174668
527030158
538575560
890839016
755564089
174710635
564128819
779370659
548056668
96507421
680441459
74540340
386265640
318293187
199260963
151667782
873735929
30721561
881775823
865494791
131225688
307921311
831988969
114617150
67086855
131044274
278976413
102066813
354740411
262388479
658516737
107816356
826721050
415385114
680441459
92758893
69349174
486167898
479686226
275127100
147711076
195828062
749018590
311607307
46598156
163410716
443607341
604710724
469337187
368068045
358941025
163899514
376661769
759635840
443607341
745810009
704852441
614405155
314409236
445326116
899162623
274439697
618449601
644290275
174875262
365777724
728091607
912208782
314413453
992780831
897728311
710181903
691600322
96177646
133072147
655015866
109320
150
794047948
516383057
287085149
606612273
938212416
349603248
330936553
548444787
176717014
746937336
919703530
242026776
941575181
388061120
66605158
963962664
903221914
716574648
686406158
93898630
235485118
658516737
179597442
777161433
3998093
738200694
454069970
885392673
717552752
347090776
73022975
779370659
100441623
225553914
130159798
32111757
150
498805845
251297295
93898630
27810873
178339009
420642945
163410716
137067068
868296475
555573743
680441459
979992373
950144894
679855380
989155633
762369869
405572486
93232780
769929921
298901162
861892324
964982728
363034264
829563740
330484397
108563469
548444787
49207434
312499983
108563469
469337187
729190925
482866441
913408437
843410497
653651812
980877287
807301201
711265915
302282068
218161546
92758893
114617150
531573293
596452376
451927396
557337497
842176960
729547238
278976413
715079954
32384110
309914368
199260963
767974326
105145282
282704293
818265792
297721548
388061120
42048640
484268629
849859696
726185148
874668115
802676821
93898630
694638627
117643267
465325908
663349178
384951437
402737690
993246911
671501183
913408437
249420944
67086855
592812919
988265960
25322078
302945346
672554156
248004927
963962664
963962664
312084886
436034617
998940595
723774301
524632621
478420462
150
817900209
976619124
280128240
124887470
224026556
320380521
394530096
412533633
7655078
716100284
882847090
644290275
199260963
562986044
202054591
149544260
358123663
637653710
928419854
992780831
977485422
179395435
92758893
306287419
470357844
885028594
211960357
803039224
728091607
268289346
673161982
58020252
661294910
524221706
481046519
479810800
884158612
728091607
788975441
186587623
66430650
884158612
912135238
988265960
93232780
646846274
273320985
297119812
663349178
885392673
124887470
947341803
148516861
66430650
746937336
372339610
912208782
717552752
227465186
649329457
842459552
365777724
582535142
241298783
479810800
747363900
235897804
141635462
195828062
684172118
539831708
32373650
928419854
138617473
527030158
966020981
669560732
188245348
378377832
662107626
199785190
834429163
67633894
225799444
777161433
25322078
162452126
762903258
444232445
286292547
95716435
352218051
173280004
597431831
604920522
3384
680748079
703496938
683585296
249420944
681517207
591641374
444232445
375415318
270710518
457230381
519439978
387704248
764456608
494643189
644290275
279404113
10
255088156
802676821
835592688
768707684
980877287
482020824
384951437
849859696
743928632
58020252
436715057
204434900
700167415
103961583
683538680
27810873
439752238
342330165
342330165
167026947
4578874
620159319
341482505
503337797
846268752
457230381
10
108563469
965243946
193275305
511183612
581264389
539831708
517038274
32111757
805270778
868296475
80783920
242026776
868296475
885392673
345422821
777161433
467714031
482020824
56133231
848862569
482866441
150
448224737
742312424
40534225
93232780
606262128
275057711
453329471
848758594
981870925
126372681
963853222
388061120
503444762
945309929
480735802
409602623
369865985
169324077
647448235
316372179
412533633
479686226
663349178
714797570
630174927
875867260
208917888
814883038
823046072
952041196
478420462
840517467
873735929
747363900
349120238
824309164
362399368
203182126
199785190
193275305
604214055
185501014
326901762
788017483
459756422
23482358
885433436
517262599
76198590
477546440
567323626
211960357
503896534
358685004
983780318
581264389
627907701
874668115
607395927
788975441
342330165
434671730
487814049
707843025
93232780
244315436
704852441
146849006
13542321
683538680
596813636
519591917
154221862
659824605
280128240
329313371
3761461
151667782
479810800
779342623
375415318
104611654
436715057
281255127
823046072
746937336
395860464
167233151
760890683
134771931
467714031
124887470
444805188
275507421
80947664
305174163
648556615
486192205
840676819
32287383
912385499
95673858
527030158
898721940
67633894
548642381
714797570
500684152
648556615
1
533122261
880976111
3384
650783460
93043938
275127100
345422821
535565202
913408437
884750607
212319988
445188210
278981586
768712383
269700807
395234315
174579640
913678863
436530945
536653666
338911730
297721548
931605204
224519880
463535049
93718562
239487316
724314922
722871862
39218592
202185569
129720502
125575379
827874435
124887470
634247715
778464692
25322078
708863440
807500551
678497074
450148299
309258186
489334816
412533633
977822159
159853745
107816356
903945281
32111757
436715057
914284059
610944401
952041196
291848212
469337187
66430650
19103818
737154923
3384
528393753
37851350
156285460
225799444
751109629
964852290
780068949
887843064
524632621
66923545
514811540
568368152
159853745
991435600
704936703
991435600
503308895
335362996
557337497
849859696
315845569
595056537
700167415
700167415
379135191
1
114617150
823046072
162101766
956834360
108563469
802676821
364670984
291848212
362603295
167026947
487814049
596813636
176717014
384951437
516383057
82229777
170864699
964982728
952041196
903385509
82631837
129151366
389927427
614633990
227255957
992931640
977485422
417375002
820777211
214327697
514811540
46958030
807589817
173643577
486167898
46701852
256695247
679388969
981870925
503476602
249420944
329313371
988302004
174710635
424614948
716574648
175978264
165803742
787638947
909684619
996092241
545525098
549424140
347090776
498805845
155114584
387120643
486167898
12658905
630243509
711265915
787638947
179105854
963962664
568444889
807973025
596353654
802916844
168040613
142704531
672688402
833077435
58020252
326901762
747363900
249420944
494804638
867677207
240879853
444805188
13093652
503968735
3761461
273320985
714797570
482866441
963962664
692762121
397129535
648816111
21867081
69349174
439018705
493854947
463535049
231525769
340980453
156285460
585240519
67633894
626701595
100441623
776411584
298620610
275507421
446044098
201001138
373635
208917888
988265960
993246911
67086855
552082535
562719276
700167415
556007948
227255957
413960064
69349174
624014970
977485422
305174163
70843747
129720502
527030158
150
981870925
673161982
837923618
92758893
478420462
844949479
386337549
412252941
372330150
51066627
548444787
369870123
58020252
683538680
32373650
340980453
554920433
66430650
99301269
275127100
19376694
918416094
498805845
479810800
547581893
912135238
195828062
379568018
813759383
103961583
316372179
444232445
665028631
992780831
66430650
329313371
470811653
669498971
170860294
749018590
4578874
649329457
988302004
680441459
980877287
1575903
336463107
260314502
634809524
124887470
95673858
459756422
416976073
661815621
608423628
297721548
167026947
365777724
293233332
724030241
359521824
381287596
695546584
913408437
649329457
420964779
158165130
69349174
494874175
196870375
684933783
324367954
538820311
634247715
927052420
103961583
436110765
184151516
964982728
397991399
39884308
821987704
208917888
746937336
252286158
723802023
185501014
478420462
444805188
686159472
942635052
801048058
305234846
6056142
908629882
93898630
96177646
795285863
207908345
168210228
213957097
967102009
117936319
680748079
251297295
184519307
448224737
341772323
988302004
648556615
810315344
314413453
165803742
467714031
764523640
701087073
309914368
93898630
854851875
32111757
661815621
102319868
362603295
386951501
178339009
489334816
155114584
286323725
463349850
215253358
53494903
769929921
514802540
354740411
372339610
250091265
129720502
498805845
314274700
258007622
114735618
635112202
536332053
521536519
721617140
179597442
364670984
497509653
416976073
825775081
125575379
968766270
853233864
275205258
390448438
129720502
470598575
592342390
764523640
14703263
92758893
185930935
493854947
32373650
884750607
436715057
649046634
607196614
235747838
26070463
333529908
698436690
203109629
573698530
451927396
826556284
141613010
184151516
454845948
967680874
965123173
207908345
273320985
729503891
39884746
275205258
573375284
444232445
379135191
479810800
235586446
459100450
918455197
93898630
821987704
330199215
716574648
983780318
107816356
402737690
999350985
747363900
385721228
764523640
55792421
948422484
497345257
843974522
227255957
878808929
792557002
607196614
709743892
607196614
173879390
978761935
882546474
375415318
173643577
111118083
950774696
920297384
176717014
32547645
172901029
898035782
780068949
150
32111757
66430650
25322078
189874901
305174163
413433988
720853200
608423628
54345794
319116499
637653710
129720502
747290305
576517294
802676821
165097131
404737692
389927427
507178829
545525098
602147526
219165954
609135337
126455184
267984127
176717014
832960559
397991399
545525098
489334816
842176960
992409816
820777211
364670984
596509033
843974522
477546440
912875675
314413453
514802540
362603295
314116173
932748865
193275305
494874175
482866441
749018590
487814049
118959334
299305680
764523640
983780318
369865985
714797570
392094896
377992574
35571328
694364015
67086855
416976073
392806649
883139165
479686226
843410497
162101766
834038270
540791553
548056668
230649616
275127100
412533633
174875262
796806831
66923545
724004482
402737690
608423628
251297295
679635855
875079650
397991399
261495094
229939311
326232077
359204118
274749092
459756422
946729394
415385114
623600860
239487316
308330069
777161433
280403602
865544553
614380239
66430650
416753665
614380239
760826564
304697117
185148635
489335325
441640729
964982728
310322725
667105882
227255957
945309929
469912892
487682315
860149817
740432922
405090563
444805188
745810009
129151366
278976413
275507421
412533633
314274700
227465186
473870745
492235513
868296475
305174163
305019216
478420462
167026947
487814049
278077691
323507752
386265640
275205258
199062633
629202168
494874175
69349174
203227698
444849562
417131662
385537503
333057634
207908345
10
275507421
740630647
673161982
545525098
96177646
69349174
275507421
1191159
405572486
952041196
881775823
788674001
174875262
314409236
387223692
883618708
433851264
298620610
988302004
557820851
18380330
974421496
802676821
731199992
546115029
238598382
986359547
34220901
916349741
689075782
533931561
107816356
898721940
790645065
482020824
270710518
849859696
827874435
275205258
843974522
503444762
470251328
275127100
16397275
444805188
342330165
158252135
940644413
179597442
990614350
222760331
67086855
384951437
992780831
721617140
814883038
936741797
623090635
457230381
116743027
269522820
542494422
632741412
873735929
802916844
654304785
42310282
516383057
619431729
349120238
451927396
964759227
401016825
277787452
326901762
269522820
115117404
539044565
198025561
224974368
870910658
104579748
751109629
379135191
767163208
176717014
297721548
258557605
986345000
697726968
789673965
198025561
39218592
149064679
820777211
5517096
444232445
174875262
342330165
56935059
704827836
240879853
269522820
661815621
270710518
458432099
251297295
67783834
362399368
612030894
512617026
199785190
568368152
46542013
479388886
930697642
680441459
437509783
369865985
32287383
467714031
348475828
503444762
981560664
154221862
714797570
623600860
66605158
836405644
290767032
602121847
129151366
32111757
401062440
141124991
379135191
802916844
817418872
227255957
243720323
316904833
258942420
159853745
704936703
607196614
658516737
505115444
619100113
516383057
151492148
604748049
531156503
922394325
439248750
887163404
275205258
482881225
923542527
638205496
402737690
479810800
303361801
479810800
769929921
370787418
695713220
884158612
167026947
746937336
228270602
157553210
295286619
562986044
34850360
330936553
618267028
903660503
568924410
713743
96177646
503337797
684537636
176049038
157891819
649329457
952041196
326901762
585315891
248590766
899162623
134815561
409196690
565248444
381581730
404462807
892686781
889865391
298620610
637653710
195828062
23482358
847484964
494763815
666926466
389927427
205496822
374391497
89121628
329313371
324367954
780068949
867677207
416883813
427574551
459942859
705234926
567357168
539831708
473760997
750289736
966339489
365777724
323687063
31814822
545525098
912208782
621372446
448224737
721643122
384951437
239487316
472750916
683538680
193275305
424614948
584736491
910313152
491085533
596813636
854887779
32287383
395822091
416976073
873735929
850208442
162101766
940191620
293340721
239560441
499217690
150
479810800
778557779
341482505
778557779
648556615
67086855
67086855
986345000
562620933
67410822
273142824
32287383
124887470
885075498
95673858
324367954
493854947
740630647
954026383
967102009
344388566
540576641
608423628
506216859
342330165
700167415
918055945
365777724
792902380
42622024
454933126
683538680
985850125
96507421
41625082
560982449
774542753
284161975
185501014
885392673
992407830
661882238
305174163
354740411
444232445
838374997
482636632
335362996
963962664
209816714
823441192
416976073
797908037
156462539
279748469
10
397991399
476729392
1064885
524632621
278976413
464063534
457230381
764523640
56202242
121413468
173879390
426094233
707479833
887246564
372339610
673987502
223941782
635877177
297721548
303786981
95673858
358709198
873735929
268772953
802676821
11838906
856575142
110150576
868296475
732349555
688331739
162632760
158730777
303664414
149055360
712632149
304697117
365072031
329313371
751109629
39218592
568368152
721617140
862636349
299172177
137158394
51207230
162101766
318857347
163343370
673161982
413960064
70843747
547282771
247796038
933891365
664499393
134155693
181847325
918455197
400634529
412078233
878538208
3384
137158394
843974522
865231114
370094117
872638732
988302004
918938712
992780831
487814049
350929668
291848212
168210228
572425416
913358053
885392673
270710518
314413453
892006982
663349178
174710635
558255025
73085175
103961583
342330165
912135238
669989313
648816111
932642361
740455905
699998571
741083645
704936703
330936553
912863145
137158394
363603277
327986700
468081986
277170612
802916844
772032631
697986754
227465186
494874175
488102524
364670984
290704389
924613761
749018590
443499528
362603295
436715057
95673858
435764650
857999635
977485422
642031241
93898630
575973712
431530228
489334816
933891365
539831708
683538680
310220637
575563518
313058137
514245021
337817964
514245021
248590766
775931941
269522820
596813636
748456694
873735929
345450813
205218066
93718562
249420944
581327748
218854225
150
365777724
825223108
892112115
562247511
685132018
398089477
379135191
489334816
537074887
568368152
752484446
711917842
884750607
803039224
158394583
928419854
314409236
570224641
298786157
540791553
642721712
270710518
32384110
168210228
992407830
843974522
87993858
126559168
714797570
199260963
604010111
557389705
312499983
913779922
819468065
451927396
444232445
751109629
170864699
997643125
83761743
529251566
843410497
672743055
969514492
654931948
240879853
419109844
398089477
51382320
521995410
806442151
615497249
425090903
47530690
933866206
479301732
31514632
766672814
121413468
885766950
590918816
503337797
166095304
378733625
524632621
398089477
195991951
159961536
547767590
275507421
527030158
32287383
943299613
43084924
174875262
444232445
478420462
64108581
314274700
494564884
178339009
658862875
775683337
991400574
302483682
788975441
933866206
415385114
495780310
572671570
93232780
69349174
451927396
248590766
557337497
883328966
342861755
130812958
862636349
444555326
93232780
150
95673858
557820851
130159798
642696567
34220901
795110205
412533633
113370599
74553879
561772558
179005337
808470983
5843821
94674582
200016492
314413453
350425952
566383727
893555655
4578874
184151516
314274700
69349174
184151516
494874175
852336315
968398385
609048747
369865985
952345962
227255957
566949382
849859696
630174927
608467112
683691392
660490850
131713791
524632621
730076821
347090776
304697117
92758893
379135191
103961583
50053873
477546440
958786041
608423628
341482505
426673293
84318919
345422821
82229777
249420944
867677207
711265915
178160982
997247355
55500547
10865436
390733650
773485779
256330476
496904917
806442151
835694783
514245021
297721548
528714634
164664605
886677305
802916844
148903856
711265915
137067068
222913314
773118870
548056668
852922725
394654233
280128240
82229777
675516801
655408431
284401177
144577080
369865985
280128240
612203827
32384110
759151273
740630647
384951437
398089477
207908345
841445943
979114753
482866441
784082455
914902632
96714125
483158486
162101766
93898630
242026776
117306512
608423628
823046072
28589880
186587623
823046072
415507643
137067068
844184692
193521916
787638947
796276920
639149323
602382528
313671082
493854947
989235261
159853745
527030158
114617150
88111836
66923545
643567541
364670984
92758893
296052218
637549316
580068530
649329457
993246911
393658570
865494791
952041196
527030158
248590766
83948700
902808733
73194195
250973313
154221862
456079869
991400574
227465186
622267175
393658570
794028894
186587623
288830922
369939401
487814049
906893139
981966598
164018638
288535085
137067068
924540440
200016492
992407830
96177646
571004056
495780310
854887779
227255957
115593503
185501014
986345000
989270323
459756422
172901029
3761461
493854947
314274700
79184239
90317300
205101790
427615997
193275305
530936856
467714031
175087771
692913933
342330165
933891365
149544260
193275305
155359260
451927396
314274700
69349174
93898630
717552752
189874901
461527522
545525098
78646918
794289386
929788198
29842279
251297295
92347538
375463949
159853745
342330165
700167415
298269025
230995617
714797570
227547313
310035573
580277735
603766017
184151516
135341843
342055549
557820851
369865985
66605158
52319055
314413453
679855380
337140214
275205258
992407830
23482358
57024330
124887470
673880977
713620440
634464803
297721548
130910706
342931154
444232445
596813636
974054153
50636352
119870798
632680858
584018042
851525355
840517467
248590766
893439086
241783810
885392673
30065911
514811540
213311496
873735929
751109629
872481938
843974522
510506031
527030158
527030158
312499983
940793833
613394741
726174247
591937486
358486274
114617150
991669153
227382860
407033675
178655269
975758785
894126846
505115444
155493016
493854947
700167415
478420462
725540903
940644413
312499983
439774644
451939012
616783212
528983096
648556615
345422821
988302004
696971138
514245021
103961583
149552818
711265915
912208782
27044070
478420462
803039224
706146394
10
410855270
683538680
314372036
345422821
820777211
904234017
570085136
249479266
379512509
251297295
482020824
614380239
324367954
688989424
972842395
326901762
562986044
580747302
807973025
32384110
340980453
663349178
779370659
201398558
46701852
386860412
965243946
291848212
778557779
62608236
227255957
721211304
991918486
614633990
751275496
722297790
827874435
808005398
788466649
27810873
156285460
193275305
858560590
444805188
93232780
70843747
807700772
919387353
807973025
954484874
92363518
501006714
482866441
532626478
100622466
149451142
1037290
248590766
397991399
444232445
176717014
184948350
329313371
743928632
341715776
357139727
743928632
344173181
32373650
945309929
415385114
199260963
32287383
100887887
747363900
109320
162227250
977624930
186587623
713768775
549569093
467714031
552612922
751885764
803039224
369865985
527030158
364670984
589931035
130159798
902343609
630174927
233641482
914756994
372339610
314409236
802916844
95673858
893470398
178434587
621372446
986345000
451927396
95673858
114986208
503444762
721617140
988302004
50055306
608423628
11590158
346458516
272662695
137158394
503833266
467714031
853325384
746937336
621372446
163410716
754819694
745810009
448224737
743928632
574011928
41728542
179597442
184151516
753808103
346311950
721617140
326901762
442037433
726842155
992780831
166198620
679855380
81628766
907916165
829563740
520295617
446979060
779342623
213436711
483900459
324279860
156472250
23482358
478420462
314413453
716100284
721617140
779370659
598374889
199260963
27810873
751885764
47827927
345422821
66923545
170864699
340980453
81268742
66923545
294780030
634247715
649032276
96177646
524632621
541046794
309914368
222963951
648556615
281255127
167026947
711265915
229039274
453187731
677611713
849859696
275507421
829899059
876186715
129151366
485204439
373274962
436715057
345422821
369865985
452035468
260549588
280128240
92758893
156285460
444805188
81360064
803039224
722428860
649032276
658516737
205675068
25322078
314409236
92363518
340964909
689161890
312084886
522492682
412533633
328196094
800631135
452874768
475634304
524632621
362603295
683538680
401016825
312499983
748679205
404462807
178339009
185501014
964982728
918055945
278081176
885392673
683233159
108563469
148473169
329313371
745810009
68412454
496453781
416976073
661815621
298620610
142300118
818265792
297433748
548056668
527030158
614380239
61227447
214938693
776051735
252388936
560304161
108563469
492084664
280128240
146143811
690319247
566093496
341482505
834429163
69349174
393036394
172901029
405572486
861282423
314450215
467714031
20322437
168210228
551292339
437576351
78646918
865544553
529762219
369865985
312499983
691029317
764523640
583500964
717552752
790797938
314923867
945309929
397129535
559301196
527030158
363196736
862636349
151933538
713620440
704852441
389927427
581264389
827874435
843974522
300376746
788975441
981870925
686896749
321508140
189874901
687502720
945309929
289144287
929814733
707826318
294261419
853899657
908188715
612032817
486411640
78979952
539318290
404462807
683115067
728091607
655015866
488798645
802916844
468321296
206998290
486167898
185930935
608423628
185501014
251297295
854865631
843974522
444232445
505115444
308478129
884158612
162101766
444232445
4578874
536833590
193992127
750346325
992780831
156380753
291848212
249420944
393594662
398089477
184151516
54446540
920763372
151667782
369865985
545525098
864137772
397129535
165105338
457230381
304697117
66430650
340998199
557820851
918055945
114617150
334951054
108563469
862636349
248004927
193275305
626975469
96177646
983780318
4826160
8567943
46598156
4826160
70843747
663349178
811019668
176426235
503337797
795055439
432945637
220466485
862636349
638979980
665958558
144577080
929405559
849859696
880365399
451927396
966506352
366935472
807973025
174661212
389927427
184151516
728091607
373635
231009983
207908345
211794326
711534113
844131900
540791553
32287383
3384
831512117
451927396
614380239
95673858
70843747
314116173
297721548
185930935
884158612
195828062
314116173
802916844
977485422
598374889
10990209
512275825
93898630
436715057
581264389
649032276
831512117
286323725
208917888
347090776
186587623
207908345
740630647
365239465
776153441
227382860
72104413
860738418
977485422
365777724
952041196
193275305
729823556
919965156
795276071
279041276
162452126
134801264
556576239
514802540
193275305
290889798
318294545
162101766
953691723
1
227382860
654167456
386265640
386265640
698436690
314274700
159853745
430163836
111837288
312499983
405572486
728091607
487814049
802916844
494874175
573375284
40687667
457230381
248590766
170151948
155426627
479810800
486167898
208917888
168251513
488102524
388061120
783039466
974825453
896845634
52666598
57480394
46598156
649329457
451927396
503337797
199260963
673161982
898111250
960864935
16043708
729747455
349504661
524632621
881775823
334611296
405572486
644290275
297721548
992780831
489334816
344514934
770921933
225799444
92363518
362399368
472750916
281255127
747970643
27810873
831512117
933891365
179682518
679855380
949567636
353496232
181284285
498805845
537192771
176717014
472750916
401016825
963962664
224519880
354740411
16043708
18833327
154196844
405597546
182638111
349814212
186587623
585240519
571691929
67633894
294780030
503543276
716574648
100441623
780068949
322108257
793641216
448224737
630174927
703665117
436715057
909154338
663967402
243083537
67086855
703739859
777479152
602121847
159853745
802916844
40820815
752742488
227465186
667477163
631137994
159853745
795484045
596390087
764523640
834429163
402981817
487814049
141997964
397129535
108563469
21671257
507236163
81283580
100441623
12364214
270740596
4826160
849859696
280128240
46050078
482020824
114617150
32287383
452502155
516383057
857660482
780068949
229025293
998691207
764523640
857584547
275582091
663349178
679855380
204157304
482866441
868296475
482636632
709235404
604286392
741340089
378160158
621294505
124091255
349603248
873876002
415385114
709762722
514587527
843974522
439224316
648556615
885392673
51825292
908892989
239487316
906631719
777668863
176717014
19084736
451927396
78003732
557820851
889825292
27847524
338911730
754990792
404462807
817420255
983780318
372535566
607196614
178160982
178781832
457230381
178339009
727884589
857489698
379135191
32373650
843974522
764523640
92363518
644637149
96507421
150
673959640
728091607
988211562
646444599
322264485
919014574
227465186
32287383
636832539
70932111
802676821
10
444805188
777848960
898956219
993246911
195828062
482636632
150
503444762
1037290
165803742
524632621
933891365
992780831
630174927
372339610
412533633
144577080
689075782
720465868
768731168
335362996
749018590
589931035
700167415
716100284
717552752
511857940
96507421
680931997
690319247
247453085
71943094
533163364
788975441
20698598
773485779
891381084
90871670
530027059
451927396
658516737
144577080
388338367
248590766
568368152
358644430
988302004
918055945
29805456
945309929
165105338
309914368
607196614
986345000
148516861
51336991
280121026
766867956
76079984
200016492
626701595
96177646
698436690
714797570
34850360
184151516
886315130
372339610
553572893
150
387120643
796440586
858376693
342330165
982598974
843410497
730272934
162101766
179597442
486857895
42310282
557337497
32111757
536204300
3384
324367954
331094068
933891365
79758788
556007948
794289386
170680884
304697117
402240636
843410497
275205258
876027828
477546440
404462807
482020824
354740411
152417909
365777724
208917888
32384110
203803445
465750597
67086855
224519880
690319247
884158612
3761461
110468114
131225688
389927427
189874901
944727830
95741663
457230381
401062440
309855083
173643577
371025225
497032775
363592988
387443969
163410716
482020824
679855380
704868669
689075782
298620610
310175293
341482505
837131226
626375889
34850360
843410497
68586474
388061120
991400574
204434900
981870925
438663675
743928632
349603248
100441623
536199676
621372446
644290275
95673858
449326484
689075782
965243946
155114584
78646918
486167898
655015866
1
862636349
129720502
572374878
630174927
189874901
992407830
967102009
489334816
354740411
750294765
293574106
185501014
151667782
70843747
16977106
470598575
354214141
898721940
296676787
67086855
248004927
301045542
558027132
416976073
843974522
319629518
705234926
779370659
386265640
369865985
741817542
769043921
110468114
182532505
214989033
8149852
751885764
787638947
66605158
803456443
45950068
704936703
315583335
100862494
204434900
326137975
100441623
87234613
290469193
854887779
751393528
685655826
402737690
297721548
198025561
148516861
179597442
75673431
193275305
86302810
770093682
413563007
740630647
3384
631118060
979992373
186587623
779342623
198025561
482866441
524530596
649329457
165862602
929788198
980877287
785767108
913408437
31752875
490105979
478420462
514245021
208917888
903221914
309914368
347090776
865544553
70179378
962403917
777456588
697851657
21233205
168210228
128609331
336138155
747363900
358132168
5962629
461159237
14955168
556007948
389927427
467714031
827874435
93718562
767408470
227465186
482020824
459756422
484453220
75780429
416976073
382899341
179597442
386265640
179597442
3998093
3384
131225688
71158871
649802074
112657745
130159798
658516737
965243946
976259306
834429163
683538680
467764535
587220085
151667782
498805845
121413468
988302004
251297295
661815621
848814337
988289391
707193311
923219269
102770525
2221591
683538680
305174163
162452126
589931035
173807676
95673858
529072383
305613002
242026776
788975441
329313371
105467527
622304045
932271969
868296475
261010474
746937336
290767032
903221914
902980053
68899906
709788344
482020824
787638947
604480531
804591553
927786309
2005792
661232307
649032276
470598575
598374889
291848212
129720502
186587623
840517467
607196614
266702583
3384
884750607
649032276
40426855
757279718
717552752
963962664
249479266
17689562
159139541
124887470
731155025
745810009
992407830
868787672
842833247
440948601
391854733
70490549
388061120
689722908
298620610
198025561
635969699
700832859
227382860
988302004
865544553
227465186
493854947
858044831
827874435
630174927
110468114
4826160
676735355
813227306
81533442
792981791
290767032
314413453
404462807
666263071
680748079
981870925
27810873
548604698
988265960
708866345
592656857
312084886
648816111
999661367
152410365
464063534
67086855
644290275
713620440
666618714
460792158
721579840
956765964
482636632
424614948
951404496
236370358
373635
614633990
589688825
174875262
432526516
16977106
140752936
794289386
514802540
488102524
702999572
503337797
503444762
740630647
326901762
330936553
92363518
680088149
117643267
79184239
648556615
82054769
314274700
966194788
49007414
578418392
493854947
714698170
787638947
998682072
197006913
773485779
542206588
39218592
349603248
862636349
549502191
421863289
598638857
865494791
278081176
653810517
384951437
294780030
154221862
183345582
557820851
704852441
575298956
97846128
428138290
154690596
326154530
829563740
548444787
280128240
276002439
420795628
165105338
751109629
835928170
386322033
841781555
32384110
807500551
60399786
380753034
705234926
649032276
764523640
204113451
185501014
315139817
3384
596813636
14112546
238437855
569634110
412533633
405572486
326901762
397991399
470598575
489334816
199785190
326901762
248004927
745562963
708863513
531144860
406724337
405572486
588476051
714963459
32373650
2773439
172901029
445979517
598374889
168210228
780600788
8067534
807973025
159853745
34942216
806418068
82229777
215834365
139575804
746937336
294780030
78646918
227465186
912208782
345422821
146692769
412533633
705234926
795285863
294119353
873593397
658516737
1
464063534
568368152
646004423
172324188
340538636
873997295
972518589
129720502
881775823
665606176
795285863
225799444
912135238
330936553
35959571
162101766
795285863
954170220
676316602
227255957
79184239
867677207
832039703
367433933
130159798
359820259
414087603
482636632
110415813
318294545
39218592
251297295
615854099
706153832
489334816
834429163
661815621
740630647
797655167
239487316
107816356
397991399
514245021
452035468
462480493
267300956
794289386
410338039
662047500
309914368
460187383
32384110
261544645
109320
369865985
175677396
272094273
639615597
972506391
416976073
780068949
955385174
221714653
317203991
49002901
172901029
389176701
714797570
698424086
611613865
963962664
344383005
96177646
125502445
10
751109629
926150419
421620818
539831708
168210228
459756422
773186879
195828062
23482358
46598156
557974658
489334816
408683014
222799667
385874186
489334816
76017158
70843747
349603248
679855380
193992127
675175327
851278702
494874175
341482505
843974522
843410497
297721548
720615973
679855380
981870925
820665325
714797570
185501014
745810009
189874901
137067068
93898630
507236163
198025561
477546440
493854947
802916844
717552752
802676821
193304225
430281997
738200694
208917888
267192268
714797570
916298563
749018590
93898630
781971554
946278411
638838709
11375175
895337375
992407830
258561412
32111757
700167415
658516737
903221914
766515770
634247715
576312180
664796631
655015866
513092646
981870925
482360562
637653710
69349174
251297295
130159798
688279728
663888204
103961583
854887779
304697117
159853745
128827365
389927427
133092996
296340581
312084886
700167415
573217578
186587623
694303122
689075782
704852441
716574648
496245258
90607370
653034855
16977106
386265640
107816356
29860397
488102524
130159798
974749599
596813636
658163634
630174927
311061383
797552191
802916844
103961583
824309164
704852441
251297295
227255957
482636632
402737690
459756422
398089477
204434900
648556615
928419854
239487316
562986044
349120238
986270568
478420462
846765233
291848212
224983235
598086856
79184239
802916844
216188068
406203527
548056668
633215184
729600670
981870925
4578874
903221914
40880237
345422821
1
585240519
3384
569776132
838250723
718151337
142575409
240879853
304697117
960244310
908656523
788975441
314274700
175577007
623167952
239487316
705234926
820144652
239487316
493854947
345422821
507236163
673161982
207638736
649032276
661059030
174875262
236962825
401062440
362399368
204429186
514811540
193992127
562984891
940644413
938747977
202816339
129720502
385361428
857246884
840517467
204661407
291848212
683538680
362399368
329313371
487814049
508003856
118181758
540791553
3998093
172901029
872463556
842176960
829563740
933866206
654734431
27810873
32384110
940644413
873735929
362399368
686406158
482636632
32111757
669989313
227465186
845130499
92754235
977485422
272910250
744543511
82229777
964982728
167026947
304697117
679855380
549973065
288960811
614633990
3078689
514802540
815916509
709235404
700167415
952041196
4826160
129720502
744393161
238874318
721617140
787638947
614633990
514245021
436424136
69349174
361871038
393658570
322527751
874668115
137158394
369865985
738638570
137067068
154221862
977485422
608423628
895244392
602121847
919965156
352923241
225667857
551673276
569945832
107816356
340980453
647687815
404220716
704852441
716100284
903221914
314413453
263929583
459756422
354740411
354370882
558927785
854887779
103600327
398089477
379135191
287549022
121572293
467407862
193275305
312499983
508484904
704936703
149544260
554461738
214939189
114617150
165105338
176717014
398089477
172438922
248004927
745810009
823046072
977610193
962094985
829563740
199785190
446362274
230351625
730812498
4826160
933817491
151662437
486390246
138732000
957738994
721617140
4578874
638213119
806780618
59228039
92363518
225730017
884750607
12632346
524245489
227382860
349120238
95781908
3761461
46598156
255120097
155114584
97514884
104552190
298620610
96177646
186984691
342330165
492790607
150
688658137
388061120
264025836
654911065
270710518
820777211
670490869
764451820
165105338
646975347
919965156
412223304
227465186
658516737
95673858
154221862
96177646
207908345
23482358
884158612
58020252
706368554
655015866
211138035
25060419
737497622
467714031
211960357
290767032
477546440
821359328
503110863
587220085
787638947
314409236
318294545
184151516
918055945
637653710
527030158
444805188
779933631
150752951
909078561
362399368
964982728
977485422
300169219
67086855
608423628
779342623
436358390
612033783
335362996
967102009
196266975
783600444
903221914
945309929
991435600
178339009
493854947
113424195
373635
275127100
798446734
988302004
357414456
700167415
568368152
912208782
110468114
206101285
700167415
227465186
93898630
269522820
384951437
939399357
269522820
330936553
768729778
495780310
783340246
757017219
223660606
459756422
802676821
387120643
551953118
911711097
634247715
524632621
114295442
288294245
525687174
903221914
246377191
879342185
389835834
686406158
686188464
967102009
585240519
965243946
655015866
298620610
404120968
922710190
32287383
124887470
462050110
578975418
911063781
189874901
662574375
988302004
470251328
389199516
224026556
31648580
794174139
983780318
335362996
167026947
730448457
433620161
705686225
807500551
809811496
868296475
781426876
444232445
980877287
181123048
803949167
607196614
764523640
232980628
503337797
495780310
769929921
913408437
821987704
829563740
928419854
412533633
242026776
540791553
350310758
584105970
52971066
189874901
92758893
287441617
885392673
42310282
16043708
884750607
100441623
70843747
9557564
581264389
227255957
628090901
3761461
561395106
257850670
545217225
980877287
130159798
732788899
1
298620610
3998093
342330165
441754472
68273385
108436522
482866441
225799444
207908345
11920104
373487189
467714031
298620610
446236685
156285460
548372581
689022197
405572486
227382860
505115444
900271574
215100865
874233451
362399368
795285863
884750607
467714031
262121198
144577080
834547127
840038904
729916941
439752238
427644870
275127100
568642646
514245021
898721940
107736643
110468114
379135191
227382860
1
751109629
518404277
397129535
344504265
787638947
679855380
207908345
814883038
632102888
935154560
340980453
70843747
415385114
957192226
240879853
792078661
312499983
988135949
467957477
151667782
335362996
372339610
39218592
936065137
149544260
1
397991399
987814930
768688577
31018693
980877287
109320
508330539
78646918
655015866
156285460
684611231
877984649
769913668
96177646
461423900
327286431
482866441
912135238
489304047
273320985
585466744
173879390
362603295
458432099
669989313
92758893
663349178
107816356
545525098
712619019
711265915
842176960
105300658
185930935
95673858
366333558
545525098
654167456
993246911
25322078
211960357
491682979
980877287
933891365
933866206
32384110
51066627
818265792
4826160
448224737
204899795
135591364
614633990
728091607
653239690
992578267
593055610
823046072
551856812
523710759
819883720
66605158
227465186
298620610
658516737
449166620
398089477
364670984
854887779
276273005
513027891
743928632
185930935
496113628
602121847
227255957
548056668
935834854
224519880
654167456
706153832
270710518
658516737
237417127
28528082
780068949
227255957
778557779
804108514
186587623
372339610
865494791
100528215
456824094
683538680
443151845
780068949
700167415
402737690
476275945
576514585
489334816
700167415
93232780
372339610
773485779
839367002
335362996
195828062
103961583
207908345
32287383
658516737
304697117
26242365
470251328
486167898
849859696
926619496
131274536
171877848
982007654
156911545
834498103
8318939
232380551
163410716
151667782
717552752
705234926
304697117
991435600
114617150
380352915
909935856
364670984
272321202
649329457
172901029
279209023
820777211
115642970
576088657
629132944
881775823
207269605
482020824
729190925
759823887
232673530
214180232
21023178
831512117
269522820
156285460
324367954
509062180
743928632
15505512
462480493
749111663
34220901
995547968
928419854
258034592
103961583
994679771
318294545
206291374
486568726
556683958
96177646
999661367
178339009
238681205
969340344
865544553
197745836
814883038
986011631
733934508
46317277
679855380
167026947
898721940
480760840
231114810
29814368
165803742
326901762
137158394
536533992
147675745
238410525
362603295
567898807
842176960
965974669
585951715
165803742
342330165
375415318
644290275
341482505
82229777
738200694
386265640
637653710
314413453
323812624
943986869
297721548
33860463
514802540
121137993
779370659
588272027
184151516
671142572
275127100
100441623
479462415
148516861
32111757
704054342
505115444
184151516
763709842
717552752
820144652
885416316
649407254
137067068
204434900
614380239
275507421
482636632
285003743
493854947
183122208
249420944
397991399
93898630
307891985
195828062
802676821
32287383
96177646
579145778
227547313
447211005
340980453
451975695
802676821
679855380
673161982
200016492
706153832
487814049
336980072
738200694
454933126
397991399
322585253
316372179
751109629
100728399
553474617
347090776
67900518
232966375
246146166
349603248
457230381
885392673
690319247
838214641
46598156
188999000
747363900
248004927
168210228
751885764
802177244
187238163
829563740
82229777
812802359
607319095
280128240
949577685
269522820
454933126
159853745
83761743
10
150292410
924589982
39218592
729190925
393658570
965243946
32287383
207908345
50053873
698436690
960950954
364670984
607196614
27810873
144577080
443607341
204137939
386265640
342330165
67429760
32373650
1
807973025
163410716
3761461
344383005
865114497
362353492
39184447
939735834
843974522
423028563
556007948
843974522
401016825
522994808
150
137158394
636561583
126213781
240879853
728091607
707434170
626701595
195828062
674572231
487814049
273338028
514944556
726520185
23482358
549424140
747738668
909908601
199785190
545525098
806071936
585240519
275507421
648556615
381042161
482636632
979992373
32384110
162101766
150
522856312
39218592
96177646
976930652
314409236
992407830
764523640
92758893
227255957
933866206
824309164
295361100
827504307
686406158
51066627
46598156
829753323
527030158
16043708
3384
472606640
178339009
359374185
4578874
85495449
751885764
773118870
575545700
795285863
280128240
162101766
522905593
242026776
124887470
780068949
464063534
923717482
70843747
566263317
188024683
216196335
881097848
626211368
764809713
502752511
769929921
516383057
70490549
992407830
32763943
162101766
412396169
123068778
436715057
69349174
227547313
349603248
179597442
882072730
200016492
621167131
598374889
193992127
746937336
271113467
335362996
316372179
624846021
95673858
672083929
874668115
634247715
728091607
730119757
290767032
92758893
248764515
849859696
63906911
129720502
69869751
827874435
263887433
402675460
683538680
533558205
780068949
637653710
868606252
172901029
275205258
671969830
698436690
913408437
326901762
1
683538680
806442151
788082258
136679203
898721940
434542556
965773389
933891365
607697900
93369745
149544260
165739318
415385114
495780310
155114584
294780030
574933457
219328978
1
329313371
304321838
862636349
524632621
176717014
824431187
146045273
709235404
515297504
916986996
479810800
866053383
208917888
867677207
967102009
162101766
729062947
150
885392673
318132794
486167898
134020461
721617140
198025561
178339009
881775823
874261732
95673858
33226413
482866441
502577821
471691124
911952814
840517467
179597442
248166023
511174303
946278411
129151366
100441623
649329457
700167415
803039224
463179737
288812860
711265915
70843747
3998093
917443708
269522820
436869020
995547968
940644413
751109629
117643267
248004927
325934238
503337797
514245021
163410716
121170237
716100284
573114348
740630647
354740411
839902315
13268814
458432099
555573743
903661209
658516737
298620610
482636632
598374889
729747455
93898630
787638947
159853745
184157240
349431813
700461459
213653234
683538680
988265960
527641461
269522820
545525098
397991399
3998093
614380239
128033948
173757148
823046072
306112312
273320985
498805845
892906691
330091992
368700834
504979604
658516737
934190896
365777724
354740411
740882591
144275698
504874648
50875516
397129535
746937336
909866524
663349178
495780310
747655463
113370599
920003770
349120238
842730392
250789630
935440103
42310282
290767032
930877991
416976073
402737690
945209438
159853745
484396532
248590766
482020824
372339610
849859696
885392673
249420944
134193571
716100284
530051002
937591098
807973025
843410497
362603295
246355861
401062440
317415552
457230381
509334275
346825958
304197211
239487316
46598156
273179464
9087365
93718562
314274700
12588913
462722071
156285460
501444787
718571202
773485779
349120238
719722301
819928842
315217116
145594020
461762688
32373650
567636481
507236163
177593419
876951231
304697117
745810009
514245021
156285460
612685637
23482358
70843747
944341567
342527471
689075782
820777211
181847325
161568547
436715057
851281014
843410497
684313986
341482505
794289386
614380239
945006278
867677207
275127100
787638947
679922867
991435600
982939483
661815621
780068949
480967079
690319247
611195414
276430720
709486821
651176060
151667782
864517723
204206011
251297295
983780318
776829664
387037966
102514453
386415964
355480927
495074658
326901762
291848212
533825620
329313371
144353667
150
829563740
290767032
610857024
673161982
391643729
32111757
539831708
455734546
168210228
750764328
384951437
482636632
586177258
663268470
503444762
397129535
843974522
800342007
132153865
204434900
602121847
447889954
802916844
392900876
829563740
823133450
809142685
227382860
798881672
623316427
470598575
648816111
415385114
413004613
849560533
724019593
514840909
773118870
665593341
856146246
894399956
416976073
100441623
349603248
211898892
325575275
119042759
137158394
716100284
365777724
573375284
680748079
32373650
903221914
362603295
142675206
249420944
748679205
42310282
637653710
198025561
382545719
29942425
66605158
740630647
165803742
306495661
379135191
865494791
912635955
66923545
861999202
605342366
598374889
711265915
397129535
256955391
981870925
472750916
448224737
986345000
556801628
338911730
769929921
773118870
649329457
296581290
769929921
117643267
494874175
644547675
503444762
137067068
898962988
568368152
199260963
774790849
439752238
529923347
467714031
252179169
135713613
841028664
990863385
27583988
237825979
159853745
460369611
171583811
946991653
542851293
689075782
932059270
941308304
645613187
964982728
167026947
908792718
115555876
210031206
314409236
749018590
277203963
781571375
165803742
32384110
743928632
113370599
714797570
296118258
928419854
280128240
32287383
391050646
489334816
195443582
823046072
716574648
846277895
207908345
375415318
647967669
581121511
757357854
531795721
686406158
113370599
824309164
208917888
207908345
868296475
577152378
401062440
154221862
996813787
614175584
649032276
104406904
117643267
884750607
290767032
316191654
690319247
103379060
912208782
676195559
476460273
387189279
172901029
649032276
186587623
67633894
83761743
913408437
795285863
93898630
877614036
802676821
304906020
179597442
395126308
525277405
42310282
568368152
868296475
335362996
322524456
273320985
864456708
297721548
389927427
314413453
718248250
683538680
700167415
252108068
940644413
751109629
607591852
803039224
209452469
945309929
710424996
778707699
567752478
79596628
765227823
602121847
828954764
697025322
363157520
185501014
24420566
736547348
507204893
137067068
981870925
765064720
529081546
364375447
341482505
637653710
568583621
143271987
272553967
602121847
719128311
834429163
27810873
503638314
678568882
690319247
779314690
746747693
82229777
92929027
402737690
312084886
354740411
795285863
707323220
109737158
418567163
507236163
288442909
344383005
314274700
64309920
602121847
181847325
602121847
388383971
109320
709235404
373635
291237322
99138136
199260963
114459077
423376546
772214221
854887779
454304158
894627144
54936360
739655594
778557779
680353328
477546440
962403917
151667782
49134257
521604124
843974522
27811816
614380239
848605807
314413453
118956738
482020824
469368123
213436621
192470860
148637572
43915084
673161982
686406158
564688625
32384110
687662375
130159798
614380239
482636632
96177646
444232445
413960064
705724613
526443915
14566980
843815456
822389498
635374140
482866441
924638222
46598156
783592677
740630647
545525098
644957077
986345000
891843905
208776961
605092059
716100284
605132237
29042430
422925
823068947
372339610
251297295
141095450
347090776
370039797
42310282
663509432
721617140
162101766
784813734
679855380
673161982
765216897
413433988
472750916
902814079
1037290
795677926
487814049
34340748
814883038
330855321
163410716
953394571
174875262
173030101
843410497
704936703
682853714
42310282
979992373
395904956
60235319
227255957
980375765
117068262
278225619
494874175
205044723
856217120
469337187
177691742
802462776
463967003
623956193
868296475
753102125
944409776
662280163
903221914
150
166989182
992407830
713620440
618263354
940124462
408240118
482636632
780704036
23482358
62051888
764523640
27387263
333214760
547754922
185930935
576282877
369865985
216317745
170500038
385744008
32091722
514245021
631709191
347090776
121413468
312084886
336990236
4826160
16977106
275205258
946678438
823046072
434573052
367543059
327700170
1037290
912135238
928419854
267571769
507181723
865494791
622894657
25322078
565084809
329313371
470251328
275507421
834429163
439752238
227255957
103961583
554239661
495780310
602121847
443607341
884158612
499175211
581111379
585240519
981929550
717552752
639103056
316372179
843410497
444264575
416976073
384951437
634247715
144577080
252506166
668988308
962403917
743928632
114617150
992780831
291848212
586805992
444232445
843974522
227255957
751885764
803039224
362603295
952069046
329330805
868296475
199785190
40573534
614633990
946278411
477546440
694297378
349120238
527030158
849859696
986345000
980877287
125975170
871122102
334523613
70179378
541285825
581472310
32287383
676606834
773118870
482020824
632965481
626701595
780068949
992407830
909327045
52921810
864766585
967102009
556007948
82229777
186587623
759429071
692820026
32111757
156285460
413433988
240879853
841405566
10
70843747
743928632
634247715
768731168
335362996
97798524
862048645
680441459
46701852
86538680
577650641
415198783
240879853
854887779
867172134
713894716
227547313
83761743
923825690
549278761
824309164
919562041
608423628
448224737
505115444
340980453
159853745
393658570
958250761
867677207
352831753
993107683
772214221
477546440
362603295
1
640861388
967102009
977485422
198025561
211960357
144577080
207908345
313939397
994409157
745810009
340814855
397129535
96507421
193275305
964258256
93898630
277719427
148516861
868296475
326901762
893441124
125575379
831155060
781190000
185930935
950893763
498943403
568368152
901464147
913408437
717552752
280128240
275127100
364670984
854887779
356064117
364670984
398089477
704936703
208917888
718116387
683774087
439752238
909462511
714797570
457230381
849746176
803039224
498805845
193992127
680748079
625048824
820777211
16463422
951617503
388061120
634247715
631113898
22093137
275507421
486167898
255472894
720281384
46598156
620342571
227382860
309914368
520667344
32287383
27810873
717811829
539831708
458432099
349120238
314409236
840517467
908122604
189874901
227102113
820144652
584050317
404462807
979992373
621372446
81455436
798848488
489334816
66605158
831825857
149544260
788746633
826336154
464063534
924063064
402737690
988265960
740630647
577986782
225799444
708052660
234319958
413450714
515392601
704852441
899077407
995138691
463126365
680441459
641290267
103961583
548056668
797592756
998374815
886156792
388747343
746937336
493854947
498805845
345422821
686406158
865494791
686332434
193992127
213121382
379135191
249420944
340980453
964893685
349603248
158983074
514811540
46598156
614204980
100441623
227255957
824309164
379133294
729152160
3384
856768381
691284237
573375284
204434900
436715057
699443934
833141047
862636349
493854947
93232780
249420944
854361150
70490549
671504210
673161982
768731168
777729140
103961583
340088299
712441465
610779368
531663832
286036288
524632621
933145109
842176960
134591747
448224737
552941891
842499114
467290282
138385735
364670984
154788259
676662884
129151366
729747455
732896527
574596998
444232445
862636349
614380239
679855380
382790248
721617140
539831708
790088808
865821628
69061042
460869622
388061120
799353243
335362996
67086855
992407830
334515656
436715057
524632621
617962340
711265915
404462807
988302004
918993764
170864699
4578874
278081176
397328396
713620440
537782602
404462807
467815644
441419035
397129535
184151516
726185148
312499983
424614948
451927396
999661367
455590285
470996188
745810009
572686201
403100150
275205258
608423628
100326265
659102888
129720502
252789267
935666429
170864699
345422821
707976478
493854947
10042833
555573743
199785190
110461868
747363900
663661931
212884401
718274882
764523640
397991399
711265915
227465186
669989313
993656614
336864528
539494143
326218656
386265640
341482505
906079555
548517448
983780318
390119145
873275555
16977106
444232445
807500551
658516737
981551322
275127100
654167456
821987704
165803742
514811540
156285460
573375284
364670984
330484397
213763570
573375284
704936703
829563740
104596598
345661005
174875262
364670984
55809917
338911730
501481367
918055945
843410497
482636632
788359093
249479266
747363900
224925092
41743591
34850360
365777724
270710518
945309929
683538680
66605158
292036540
7502683
732425112
444575795
92363518
840517467
249479266
739007449
283245484
715486478
275205258
548056668
248590766
527470585
163092499
211506540
689075782
928192336
298620610
277600439
298620610
620892908
689075782
389354081
984457036
614380239
63872158
107816356
747363900
663349178
154221862
32384110
32384110
705234926
620996651
1
347090776
945309929
750387487
495780310
919965156
995878493
179395173
716043817
405572486
843410497
992407830
999661367
918650159
736784602
347090776
317955307
163904541
712835746
248590766
807973025
954235690
28695091
940644413
992407830
309914368
253917028
130159798
1
46701852
957833812
33434009
831512117
404462807
773485779
16977106
354740411
693643018
207908345
988302004
113370599
468346615
686406158
372339610
353901307
101077190
977485422
717552752
714797570
489334816
991400574
327753280
788975441
341482505
412533633
550264484
794289386
792083113
470251328
945309929
750556694
413960064
444232445
791536224
131097693
393658570
374407296
249420944
539971417
362603295
721617140
754780205
704852441
656324364
702119486
153675073
913408437
991435600
944876286
492672593
309914368
364670984
514556506
341482505
683538680
290767032
342330165
367976156
557820851
193992127
34850360
807973025
130720235
656010843
689056948
386265640
114617150
189874901
117643267
7098655
369139227
680748079
942082388
507634900
27810873
416976073
253043445
581264389
649032276
299962261
264838437
25067881
93232780
877313855
529246393
487814049
314413453
948043904
851872226
227382860
925696064
540096376
498943403
577212283
424614948
686406158
431530228
354740411
444232445
482866441
431153824
987768438
184228488
32111757
144577080
176717014
293599587
335362996
79184239
227255957
1037290
883042335
198025561
12897051
795232788
316372179
7107018
813069535
764289288
512546952
884158612
816510824
827874435
919965156
802676821
125724214
591709090
18458108
821987704
704827836
66923545
32373650
402209612
760774283
550684524
747363900
966137483
880884281
448224737
207908345
158378118
818738813
749622594
928419854
393983741
685498988
132047047
884750607
634247715
522485083
952041196
54310309
42310282
405380686
176717014
93232780
899162623
913408437
137067068
545525098
479278261
433058005
557820851
755149949
661815621
849978783
751109629
736651553
375415318
568368152
69349174
487814049
224309501
93232780
343856241
823568503
907891447
818868144
478420462
469734873
913408437
712528646
654167456
70490549
103961583
272980352
248590766
394265704
169257736
144577080
398089477
487814049
144577080
468229190
769929921
443105021
181012782
165803742
596813636
918055945
92363518
73508502
8197058
734966093
652958730
162101766
625486178
300653079
595962119
50587809
200016492
548535969
498805845
716100284
94843128
680558509
347002294
345422821
253043445
148516861
70843747
131225688
679873122
728091607
92363518
454005956
711265915
137158394
444805188
634786215
174875262
840517467
528950697
616836800
96177646
421027925
165105338
440989445
117643267
621372446
868296475
154221862
412396169
509934023
242026776
387120643
700167415
150
185930935
4439745
740630647
788975441
841230771
482866441
751109629
573375284
667343760
193275305
386265640
448224737
614380239
239487316
751885764
964492808
802916844
347090776
771648257
3384
849990406
345422821
609876869
910855698
302834723
795285863
83761743
92363518
964736446
130159798
731273569
764523640
629421323
555573743
929814469
765713950
773471040
240879853
661815621
472750916
70843747
969362029
895351674
966617188
589988934
486208781
503337797
845913514
683456410
66923545
478420462
181847325
79717338
448224737
302019975
328739406
365777724
669989313
237073574
500736089
980877287
626326052
205987603
167026947
362603295
476575226
614380239
963962664
888939672
32111757
443607341
487814049
848479483
349120238
404462807
82229777
751109629
861854971
360055471
217339928
186587623
331675865
918055945
498805845
510146899
401457030
335362996
923730427
548041400
413960064
100924235
711265915
871008483
634247715
46598156
823046072
905811268
573824183
782459291
92758893
699626516
179597442
24238806
67086855
175949094
365777724
162101766
401062440
704363014
397991399
197687096
714797570
995561127
687117662
478103411
316846485
464063534
713539568
444805188
459756422
801847368
357858410
832068062
651042291
823179239
779370659
995547968
751109629
199785190
673161982
312499983
982157271
829563740
832778588
596389491
990815686
160131529
728091607
482636632
982399876
963962664
251563942
478420462
772214221
827874435
165105338
479054531
514121158
290767032
903098483
831512117
929788198
