150
112286624
721617140
193275305
174875262
162101766
172901029
174875262
842931382
721617140
704165775
193275305
601278953
10
721617140
664417748
518780822
764121324
4826160
903221914
329313371
843410497
467266875
3384
802676821
287817669
23482358
100441623
482636632
843410497
162101766
807880453
780068949
482636632
743928632
159853745
800142842
766775385
666938137
109320
329313371
415385114
100441623
280128240
415385114
67633894
751109629
952273200
751109629
92758893
46598156
721617139
23482358
168210228
4826160
834145208
411903342
927296787
743928632
67633894
168210228
23482358
69349174
278492745
199839050
415385114
100441623
658516737
227255957
963086941
621125107
3384
467864990
658516737
168210228
482636632
109320
903221914
1
69349174
787638947
174875262
227255957
748068500
162101766
298884829
92758893
150
167197008
168210228
587416119
743928632
717552752
395912605
100441623
34623761
658516737
248590766
415385114
12661398
308599258
162101766
658516737
61577416
735062964
147600257
679855380
653367009
658516737
637653710
3384
390720964
67633894
4826160
972772457
4826160
746937336
519725258
350120822
243289917
536350998
712604853
802676821
527030158
280128240
717552752
174875262
27481665
415385114
289335532
577377992
227255957
100441623
522233961
174875262
275558453
520344246
658516737
717266998
193275305
174875262
67633894
663492238
10
743928632
756023544
699634927
46598156
743928632
46644799
637653710
112485740
415385114
67633894
168210228
116470007
329313371
603472748
831293813
746937336
92758893
27810873
67633894
415385114
137158394
248590389
486662108
100441623
3384
691571582
109320
679855380
679855380
590642950
67626005
67633894
280128164
768357981
658516737
843410497
1
129720502
162101766
721617140
876745037
248590766
415385114
585333180
248590766
878649454
10
328089691
23482358
27810873
248590766
751109629
258514164
150
109320
751109629
227255957
826594189
162101766
746937336
109320
412371552
717552752
1
488371276
75636745
27810873
13864426
679855380
3384
743928632
584233415
667979650
415385114
746937336
921943976
836894580
717552752
802676821
716006706
49420977
717802837
957251589
1
751109629
903221914
329313371
746937336
658516737
746937336
721617140
168210228
771788104
326081216
652320367
571142560
526669981
721617140
316185820
250499915
721617140
637653710
903221914
363531552
27810873
174875197
828494139
329313371
172901029
802676821
280128240
711265915
888237986
763372895
248590766
721617140
168210228
787638947
415385114
717552752
10
280128240
721617140
402017227
3384
137158394
211428640
23482358
640482464
981770664
280128240
709487854
717552752
163045893
318861315
512986509
370637939
193275305
408659396
168210228
1
981079876
248590766
100441623
770029635
273537283
100441623
451214085
802676821
280128240
162101766
751109629
901318507
227255957
193275305
903221914
14973350
248590766
802676821
100441623
746937336
175280918
486738238
751109629
168210228
172901029
405981474
27809354
780068949
162101766
756878459
100441623
903221914
23482358
329313371
676679139
390354925
843410497
280128240
717552752
298093135
67208790
418531103
802939073
42613021
129720474
802676821
746937336
27810873
162101766
92758893
407248121
397991399
746937336
751109629
78728167
415385114
903221914
129720502
218306580
69349174
903221914
717552752
100441623
10
365107351
998336606
168348757
162101766
329313371
172901029
676637831
751109629
839877262
717552752
2688808
338453995
137158394
109320
743928632
27810873
137158394
599830848
109320
307421086
801967918
4826160
478105328
717552752
3384
3384
957071469
168210228
527030158
92758893
246857552
125104655
257468714
721617140
184004241
67633894
10
92758893
23482358
248590766
109320
843410497
227255957
605835332
168210228
1
985775781
10
172901029
248590766
98007272
187968108
27810873
191317560
434194698
679855380
129720502
313652168
4826160
10
174875262
770290233
150
248590766
746937336
609800797
82226306
658516737
248590766
538492581
751109629
172901029
903221914
67633894
1
10
751109629
415385114
193275305
349164737
953571086
280128240
397991399
679855380
482636632
658516737
248590766
917603479
371724198
2769
162101766
721617140
751109629
129720502
721617140
244998317
27810873
787638947
372496242
1
399534647
193275305
931860081
679855380
174875262
67633894
113955496
549294337
144924566
83674923
751109629
46598156
369382020
787638947
87726454
741881171
721617140
67633894
903221914
10
903221914
193275305
23482358
223924516
721617140
862636468
139611379
1
67633894
188322955
703064382
571142560
54387369
103104945
735054197
847291046
215734423
474827455
109320
949024023
620595413
150
743928632
100441623
751109629
679855380
679855380
987616643
174875262
27810873
365658006
717552752
473844920
787638947
67633894
409284350
463871119
168210228
215472463
312154739
743928632
428572578
415385114
558130048
404685327
50993701
100441623
774744050
903179988
855192074
743928632
129720502
379622844
168210228
717552752
662459272
903221914
23482358
746937336
717552752
27810873
109320
836569205
129720502
329313371
618830935
69349174
129720502
415385114
100441623
862613987
38700657
621089561
27810873
150
75227291
787638947
928271513
637653710
664253712
10
903221914
193275305
36664573
280128240
679855380
109320
896923021
74289415
903221914
673458850
831088656
23482358
713922501
46727001
150
717552752
244200799
561052156
100441623
396419923
92758893
470330604
235758010
562935883
294064560
404293937
93898630
280128240
994671366
67633894
23482358
890188404
150
4826160
238243068
235862671
109320
67633894
707415906
584083920
27810873
415385114
679254219
67633894
231975559
10
109320
413739156
535514423
67633894
221964376
94923868
489142091
993376293
903221914
109320
174875262
721617140
717552752
751109629
248590766
162101766
411289673
721617140
15409594
958266196
1
415385114
69349174
751109629
679855380
452673001
144383581
162101766
10
23482358
23482358
237175636
168210228
415385114
100441623
397991399
746937336
711265915
397991399
657175811
109320
764439766
732858001
172901029
789238883
129720502
642368706
717552752
311850694
140404633
223527145
413051036
437833627
397991399
172901029
988160167
1
515134154
415385114
576349749
329313371
227255957
172901029
3384
3384
46598156
4826160
174875262
762002485
179458937
23482358
92758893
172901029
147889114
242800441
397991399
241658147
350208826
864741502
642160867
787638947
537140829
789119517
415385114
329313371
903221914
658558216
504659462
802154084
458016560
903221914
159513389
787638947
407106773
654325560
717552752
798112418
319750651
631103299
172901029
746937336
341428612
843410497
100441623
23482358
787638947
1
290772568
227255957
928940715
100441623
610122124
129720502
174875262
4826160
427517559
174875262
415385114
100441623
329313371
1
397991399
721617140
455436961
482636632
903221914
787638947
658516737
787638947
981735226
787638947
67633894
721617140
717552752
679855380
137158394
10
81168162
92758893
243832242
27810873
658516737
248590766
168210228
802676821
784274633
291028352
27810873
174875262
314901348
227255957
46598156
717552752
3384
227255957
329313371
658516737
174875262
843410497
4826160
4826160
129720502
415385114
679855380
802676821
843410497
257465563
482636632
608439461
455100417
172901029
223017716
658516737
92758893
738378653
748384648
100441623
150
174875262
637653710
721617140
415385114
397991399
428815382
10
519654186
746937336
329313371
658516737
679855380
67633894
174875262
162101766
27810873
92758893
937423480
170134012
1
23482358
20100176
92758893
168210228
329313371
23482358
415385114
482636632
655650247
859665341
746937336
746937336
540648625
174875262
3384
823077269
891607283
23482358
146548839
637653710
843410497
960467698
67633894
46598156
751109629
33206559
67633894
174875262
193275305
650434620
172901029
482636632
881554659
398149510
193275305
940192308
23482358
3384
3384
4826160
721617140
10
87875660
983286017
722921916
903221914
613971660
109320
1
430694581
4826160
30129551
193739155
415385114
881611484
679855380
96496065
428572578
4826160
717552752
227255957
797719304
746937336
397991399
680815904
162101766
3384
397991399
109320
787638947
679855380
151877720
843410497
954145899
3384
524821250
162339186
379628940
320976568
1
481987762
721617140
602150837
861071425
100441623
329313371
673061770
168210228
711265915
193275305
150
3841063
868826588
168210228
100441623
482636632
258994502
10
751109629
162101766
46598156
928213365
93898630
787638947
997660147
91795599
174875262
250071396
27810873
721617140
10
385584963
721617140
687584327
10
329313371
751109629
92758893
99315629
924537396
527387509
92758893
92758893
4826160
903528796
27810873
135339360
4826160
172901029
92758893
933155935
787638947
193275305
963264365
92758893
441849281
92758893
543267412
3384
329313371
787638947
248590766
286402347
303568601
700821121
536127965
67633894
415385114
779903759
721617140
598297597
100441623
854890479
787638947
67633894
92758893
679855380
92758893
4826160
725729780
268359510
657929259
67633894
934810881
937410436
298320691
162101766
99374278
852717349
809114578
162101766
721617140
397991399
822955880
903221914
316551775
280128240
4826160
780068949
162101766
278294610
509893195
4826160
4826160
644028807
1
46598156
706395310
100441623
137158394
721617140
415385114
895147242
137158394
580635703
751109629
117940806
418580433
457452949
23482358
100441623
439300679
569262328
971333371
329313371
718905468
150
129720502
217905095
642279584
751109629
679855380
502662526
729729675
232455824
598463136
452433379
46598156
672871785
329313371
168210228
711265915
859293901
996766101
108662083
193275305
92758893
1
397991399
280128240
23482358
604542312
100441623
46598156
717552752
66802202
23482358
818568081
10
844019636
679855380
23482358
1
10
649339319
162101766
28553675
808821776
27810873
172901029
933661375
4826160
392914944
400238666
934767132
487619845
717552752
174875262
279745873
747151197
336798130
984983717
27810873
42749139
3384
208082687
280128240
554675950
532620433
168210228
802676821
248590766
196587384
886076009
358013581
71737065
730748447
753930607
27810873
265547067
523729816
67719879
477785573
1
3384
3384
746937336
208851229
751109629
808588644
773396943
100441623
802676821
27810873
802676821
945002377
27810873
129720502
113680190
10
920072486
679855380
969380282
751109629
873467897
903221914
468073109
477927129
415385114
72474697
109320
67633894
23482358
168210228
280128240
727790805
717552752
802676821
746937336
711265915
577281615
843410497
679855380
711265915
446585273
291897927
92758893
27810873
751109629
903221914
890341269
150171646
137158394
100441623
150
67633894
717552752
23482358
352470410
46598156
675891000
637653710
172901029
329313371
4826160
150
4826160
4826160
237241067
248590766
168210228
787638947
743105392
903221914
638705864
329313371
837463182
3384
698910197
100441623
3384
680381052
743928632
168210228
717552752
280128240
395116719
159347369
118484484
27810873
179317816
23482358
65814177
248590766
594502941
958448137
455507913
255424313
551354903
403698626
884920585
280128240
885325873
579937932
137519001
787638947
4826160
162101766
658516737
717552752
646630541
109320
751109629
519056084
291515596
67633894
129720502
528385602
802676821
172901029
1
142001555
150
415385114
802676821
235447431
679855380
227255957
109320
601108102
903205716
109320
172495773
313834850
100441623
10
168210228
639763523
603046053
843410497
4826160
507511323
23482358
137158394
293159328
193275305
743928632
241054976
248590766
711265915
763470007
903221473
280128240
280128240
157618623
193275305
673458850
527030158
27810873
743928632
100441623
903221914
717552312
436190134
415385114
150
249018250
174875262
129720502
193275305
698603925
165628457
780068949
67633894
116966049
482636632
4826160
379993917
679855380
415385114
854629676
155079652
40982784
532426643
67633894
308755031
162101766
655020723
10
52791546
227255957
843410497
10
222760194
563234505
37625383
897714964
545800446
415385114
3384
150
361950233
67633894
310137894
109320
802676821
109320
721617140
248590766
92758893
467600753
329313371
746937336
813405904
751109629
751109629
939123809
802676821
100441623
415385114
959755341
115925970
999490849
168210228
787638947
46598156
637653710
787638947
956970218
415385114
10
802676821
27810873
806349231
795885689
4826160
658516737
101976622
329313371
679855380
129720502
329313371
57095919
746937336
803018323
920403605
46598156
913408072
742476234
27810873
33687839
733626621
172901029
174875262
329313371
461224034
903221914
248590766
4826160
482636632
751109629
560770015
11933760
194080045
717552752
667750416
510483471
168210228
3384
280128240
328209784
931967013
903329601
520301587
67633894
67633894
174875262
67633894
151438997
909432880
548799555
903221914
721617140
802676821
162101766
69349174
637653710
212744707
834574804
27810873
129720502
657111679
751109629
903221914
908783375
802676821
388788048
750010136
67633894
889462397
382271736
4826160
248590766
107815487
172901029
46598156
221696993
88091814
23482358
683156248
658516737
415385114
137158394
717552752
668534289
67633894
943685708
771092436
415385114
92758893
291321696
51251606
849193367
637653710
532018079
760563690
713552055
174875262
857716263
23482358
46598156
723619536
679855380
751109629
881137473
795579203
134366826
274112835
150
265547067
197012717
4826160
100441623
23482358
280128240
124757099
46598156
133644047
882153046
608451479
67633894
85762988
619348211
813058732
679855380
864082089
1
23482358
46598156
168210228
280128240
724979853
787638947
193275305
442297186
25557500
903221914
415385114
150
175836882
168210228
717552752
936581784
10
751109629
717552752
329313371
751109629
69349174
697236372
708900987
780068949
174875262
787638947
941438436
600788882
483461737
782977080
597251629
46598156
361790594
658516737
743928632
658516737
721617140
280128240
174875262
193275305
755593531
4826160
49190948
270256831
109993441
172901029
982598213
10
356137553
16465338
129720502
191005824
86985348
227255957
679855380
721617140
172901029
700796095
27810873
454108396
743928632
978461790
335726195
535997800
172901029
679855380
248590766
415385114
109320
679855380
173908216
193275305
329313371
400104251
150
637653710
586526200
397991399
787638947
168210228
92758893
721617140
419497757
159963824
81597927
637653710
865326505
27061174
675355314
142586878
11641207
10
149517380
280128240
135949878
23482358
37795669
766775385
744969031
735062964
843410497
1
746937336
397991399
508838648
109320
506406746
280128240
174872622
415385114
843499140
658516737
172901029
787638947
751109629
168210228
373002241
605204078
903084114
822992076
513532423
903221914
248590766
721617140
432212249
787638947
320983183
162101766
4826160
150
285172102
363879257
511469616
443196297
3384
743928632
157713761
962686121
594722303
67633894
658516737
73823205
637653710
361398583
27810873
129720502
658516737
294445947
136749031
129720502
881789561
150366935
751109629
27810873
920090708
1
679855380
233218380
862254968
3384
415385114
329313371
378317829
903221914
3384
280128240
679855380
129720502
10
329313371
365942510
10
92758893
415385114
313605115
248590766
666783497
109320
717435759
82494633
150
482645774
193275305
66575937
59747057
716042733
193275305
247501093
890975802
27810873
949413899
151322600
482636632
908227948
721617140
487122922
717552752
541913800
92758893
199638011
903221914
446572900
179583042
491757725
193275305
787638947
17201235
647344990
280128240
150
78665636
637653710
679855380
746937336
174875262
725485665
495889752
721617140
62901859
100441623
743928632
299067545
645709394
4826160
10
4826160
787638947
1
286908788
10
278525948
978151355
4826160
989889945
248590766
10
936213168
170128783
172901029
903221914
46598156
751109629
415385114
415385114
843410497
981752751
751109629
174875262
721617140
249873788
751109629
995866535
786574864
745258540
172901029
27810873
743928632
10
658516737
780068949
802676821
203684818
751109629
4826160
251123248
277937503
617338870
18789236
903221914
193275305
372498764
174875262
655815031
10
3384
922694559
717552752
903221914
137158394
407263066
647486831
3384
713552055
100441623
343258659
746937336
7006154
162101766
802676821
48234542
162101766
717552752
726887323
485100470
101872764
67633894
232533913
903221914
329313371
482636632
482636632
67633894
46598156
69349174
717552752
568997254
721617140
381329145
347805631
448033216
129720502
800850656
152884348
787885669
78555206
411586773
37386822
172901029
9460117
787638947
740166339
27810873
817888322
642536357
67633894
227255957
162101766
280128240
20849619
167408450
587977751
887824622
280128240
135505044
134446078
92758893
227255957
746937336
357811603
714400149
172676705
572241915
759873298
62240837
954413701
172901029
300345814
882520889
612591722
337534626
789265728
743928632
4826160
717552752
46598156
787638947
3384
371054634
512674710
1
637653710
751109629
10
637653710
743928632
383259855
162101766
3384
133846540
564824967
597708717
743928632
163977839
96493872
4826160
280128240
109320
743928632
415385114
10
150
787638947
865420767
10
87229180
4826160
717552752
4826160
248590766
483917611
172901029
421578433
10
785566472
658516737
27810873
129720502
215699118
785057471
172901029
168210228
1
129720502
329313371
711265915
454500434
217281233
159852800
741116634
481204481
284931878
717552752
593422049
751109629
787638947
392183635
318186877
1
415385114
658516737
280128213
663548330
258650162
981069016
780068949
610127845
46598156
162101766
27810873
415385114
129720502
743928632
137158394
859266713
730499029
535008577
4826160
222941842
656259293
177191272
257468714
751109629
930470025
699634927
100441623
67633894
1
4826160
329313371
397991399
802676821
39119454
721617140
802676821
685340221
802676821
481427858
4826160
492199786
142901639
415385114
611423963
785365592
168210228
843410497
168210228
566731808
270720408
311784311
162101766
743928632
862254968
482636632
403428368
109320
746937336
92758893
843410497
833976456
1
3384
1
415385114
637653710
249333797
129720502
329421275
496112124
256393875
4826160
415385114
642160867
162101766
349044648
802676821
174875262
433866538
162101766
833351056
100441623
415385114
174875262
10
27810873
14276682
544231615
3384
746937336
787638947
912268145
999889636
57350486
4826160
658516737
172899755
125988589
903221914
191449063
67633894
751051203
227255957
150
482636632
163376882
27810873
92758893
637653710
487820690
10
664250217
109320
746937336
46598156
181338440
860014859
555371101
679855380
248590766
751109629
137164586
872335436
527030158
661704439
802676821
172901029
263890964
280128240
397991399
725046244
821765507
67633894
784184164
23482358
971764311
751109629
172901029
636988619
903221914
717552752
150
724172719
903221914
23482358
227255957
136733607
780068949
751343264
799791727
356576758
93819897
227255957
175280918
415385114
743928632
67633894
225151278
673095374
795885689
743928632
27810873
144996320
280128240
172901029
10
743928632
746937336
802676821
554223221
425884064
92758893
482636632
86846703
903221914
787638947
415385114
599318810
4826160
93898630
416812894
197666354
786786429
174875262
776691868
280128240
109320
954345435
371965266
719842495
172901029
721617140
803904917
388272296
1
3384
193275305
858144676
174875262
168210228
100441623
92758893
150
551417980
717552752
150
100441623
172901029
130284216
4826160
637653710
131940795
170977904
10
512986509
219179727
802676821
531170016
4826160
280128240
122578455
721617140
127057832
544842641
801767303
524446095
685440957
787638947
150
507328266
640610516
408270607
27810873
351341661
174875262
637653710
736451570
983286017
686126884
721617140
787672579
329313371
172901029
69349174
3384
906034543
721617140
254211437
754781760
717552752
717552752
175280918
168210228
717552752
67633894
172901029
950260962
69349174
746937336
658516737
211812232
717552752
62441911
84865516
802676821
92758893
899061532
871676272
751109629
129720502
193275305
92758893
100441623
658516737
823696750
248590766
129720502
320580681
1
658516737
160968083
397991399
994839968
480252768
980732140
903221914
721617140
687515242
397991399
536775453
797054171
4826160
172901029
4826160
658516737
148584333
3384
721617140
134556860
92758893
174875262
185074203
711265915
415385114
343759998
629057645
61577416
1
4826160
166482549
93898630
669868202
3818773
67633893
725825177
23482358
92758893
751109629
515020429
6730726
830209083
36105543
711265915
162101766
843410497
1
172901029
1
280128240
3384
719829501
92758893
105248122
620474071
4826160
637653710
193275305
985258164
658516737
172901029
248590766
717552752
780068949
637653710
1
155755877
721616855
150
280128240
100441623
129720502
46598156
721617140
172901029
843410497
17351968
787638947
457661028
995803588
29315962
168210228
27810873
843410497
589769146
280128240
751109629
743928632
658516737
976447307
686860876
396135062
656259293
172901029
329313371
299632503
896619369
714049026
23482358
227255957
10
193275305
945593039
100441623
23482358
172901029
27810873
152700128
151285779
535997800
46598156
280128240
129124513
397991370
802676821
264611248
17889789
150
100441623
637653710
10
637653710
67633894
10
482636632
724644838
281894074
4826160
601554380
823853826
172901029
17089790
711265915
3384
69349174
27810873
10
10
506013674
168210228
487922722
415385114
679855380
246948452
291519855
802676821
903221914
227255957
787638947
986492938
129720502
711265915
278590618
411425922
329313371
903221914
527030158
48183984
27810873
711265915
515399040
3384
132910086
377215657
933984473
657703457
294122064
129720502
954345435
998064524
168210228
273568028
415385114
92758893
268311195
903221914
717552752
843410497
3384
329313371
280128240
378521354
217970468
927131733
426573861
129720502
923906028
46598156
658516737
89946280
150
109320
679855380
227255957
92065486
727543830
820968773
746937336
159853745
329313371
227255957
743928632
27810873
933299443
248590766
150
415385114
751109629
67633894
415385114
280128240
3384
629285745
280128240
780068949
53701172
650805677
717552752
452170210
428845397
213221650
10
46598156
67633894
802676821
222478707
553352225
46598156
92758893
721617140
46598156
67633894
150
315870441
508357495
924963143
1
67633894
244740458
329313371
508468136
147838493
711265915
284641512
1
10
769293096
174875262
702977624
906495183
751109629
536393027
844351155
961691060
658516737
717552752
172901029
329313371
150
427075645
931967013
799953955
840611619
420032532
150
150
415385114
193701314
193275305
46598156
903221914
102075378
92758893
67633894
46598156
100441623
100441623
658516737
734421039
589946083
159853745
735686883
124577414
80487770
1
75910540
501449101
719842495
48825107
4826160
746937336
227255957
756179357
51677154
193275305
751109629
990867660
1
501912281
721617140
624426602
247960910
23482358
647822212
172901029
23482358
23482358
711265915
903221914
764825264
881319150
415385114
695482164
787693203
924963143
172901029
10
637653710
890689847
812414243
746937336
195141408
751109629
972679943
10
597223377
6419320
751109629
237394928
1
284192652
169729039
802676821
679855380
172901029
76515868
280128240
787638947
743928632
4826160
415385114
415385114
809628244
944717701
4826160
46598156
109320
751109629
100441623
883658391
865123341
280128240
796907296
938500307
950523046
827303244
536653222
980381659
717552752
10
167375905
746937336
890078469
4826160
717552752
903221914
843410497
397991399
903221914
1
329313371
711265915
711265915
27810873
843410497
569005443
528199970
27810873
654470152
92758893
174875262
227255957
787638947
100441623
129720502
415385114
174875262
721617140
679855380
398263980
641529841
867235763
820968773
85851800
329313371
908536773
662734978
637653710
249333797
746937336
680084631
23482358
920561759
415385114
277419881
162101766
280128240
42831010
248590766
227255957
4826160
3384
537357225
162101766
159853745
717552752
109320
172901029
703945281
679855380
869344146
105856618
4826160
27810873
824716795
329313371
652063923
128418181
67633894
393720881
879572262
109320
129720502
58151043
993891396
59488978
475397003
67468469
571711844
168210228
174875262
310516847
92758893
59544059
418160783
104042305
10
397991399
4826160
717552752
929140797
109320
744909328
454938389
746937336
46598156
415385114
622667292
783755982
168210228
23482358
329313371
92758893
172901029
174875262
784989268
92758893
23482358
751109629
843410497
580635703
786396385
787638947
649174903
280128240
746937336
787638947
926633569
804147425
764126747
351755913
751109629
10
280128240
998999822
1
658516737
329313371
248590766
967450247
614925242
783215271
168210228
658516737
658516737
10
716362596
397991399
682731631
787638947
280128240
451315442
46598156
985379399
221272557
876298557
746885537
658516737
721617140
280128240
802676821
280128240
67633894
109320
482636632
654804436
903221914
4826160
280128240
527030158
67633894
415385114
193275305
368489494
150
660225414
936782777
1
312841908
308420888
711265915
280128240
124359513
913462627
333780443
23482358
285725809
196553883
52773235
227255957
92758893
1
150
415385114
468646104
950992135
369926078
844411874
743928632
802676821
91936389
67633894
163045893
660600095
796149138
23482358
280128240
66733639
4826160
329313371
100440824
763837874
717552752
329313371
637653710
67633894
594003600
573324950
649217226
751109629
843410497
191471934
172901029
751109629
4826160
3384
43653000
802676821
802676821
172901029
746937336
598162002
729301300
350810769
92758893
435763233
556558900
469429529
109320
721617140
788217787
397991399
162101766
23482358
146757381
761788445
100441623
950104725
789695176
46598156
641731213
787638947
360467134
915043297
474980852
524015136
601119992
510356722
109320
772352210
787638947
766033665
280128240
186922817
3384
168210228
397991399
967091870
812520281
841641914
162101766
23482358
799768307
174875262
878732710
27810873
193275305
271143679
227255957
67633894
25129725
159853745
903221914
527030158
571718746
691796806
190489696
255954289
100441623
67633894
174875262
109320
397991399
264459241
174875262
162101766
884700494
329313371
643158698
658516737
903221914
751109629
3384
838259291
168210228
100441623
18789236
109320
510732120
150
27810873
174875262
415385114
787638947
276186063
754747867
100441623
717552752
711265915
174875262
168110775
376596369
637653710
224039393
214406850
27810873
3384
721617140
162101766
482636632
802676821
743928632
743928632
260618442
286448882
3384
92758893
546248187
169095989
67633894
610735321
168210228
887173421
637653710
903221914
721617140
746937336
246022264
56827490
67633894
280128240
100441623
184835560
658516737
903221914
881957352
174875262
257465563
4826160
1
354877257
129720502
174875262
280128240
174875262
46295364
329313371
802676821
100441623
651125129
751109629
392669590
109320
726618883
721617140
617663984
810142678
46598156
721617140
99296109
319415215
109320
637653710
942281514
162949752
27810873
679855380
56464419
300862969
123713771
679855380
162101766
162101766
245345091
397841794
329313371
980089621
397991399
299787647
839680618
27810873
4826160
107698324
46598156
4826160
802676821
10
787638947
679855380
850963002
903221914
46598156
802676821
743928632
67633894
780068949
404787595
787638947
174875262
397991399
3384
147887781
844102079
3384
162101766
37688298
927543485
169148535
162101766
415385114
843410497
833686936
439931517
23482358
23482358
280128240
109320
10
802676821
168210228
214775206
244012584
248590766
597165036
110226845
283931373
994968807
193275305
69349174
415385114
166432825
109320
92758893
931617044
942660379
658516737
100441623
27810873
3384
10
41354756
721617140
248590766
415385114
932680382
845472855
850822079
425635043
658516737
705524019
459215729
138491772
27810873
618791823
960611894
404247117
440449006
74303527
85985813
721617140
23482358
685686594
875769599
996285319
802676821
459975305
196910735
93898630
216119474
168210228
742311117
67633894
248590766
67633894
787638947
746937336
10
339173595
482636632
664250217
67633894
981231760
447980252
621183746
227255957
721617140
1
397991399
280128240
712604853
46598156
976600696
482636632
787638947
721617140
129720502
227255957
321603835
843410497
802676821
787638947
998160461
174875262
261859874
67633894
27810873
786879828
787638947
62753074
658516737
46598156
220125974
150
717552752
168210228
903221914
293081156
530522634
14203398
717552752
743928632
679855380
786929990
3384
174875262
67633894
658516737
717552752
193275305
746937336
162101766
779959861
351001425
10
751109629
979795231
770765570
174875262
925421859
4826160
495382589
4826160
193275305
10
46598156
162534603
439973801
415385114
780068949
717552752
527030158
794885948
46598156
641249870
843410497
92187966
307655952
717552752
4826160
92758893
100441623
732623510
743928632
46598156
67633894
270797225
137158394
12614039
3384
329162818
844252265
577000802
1
350452828
280128240
172901029
95269830
23482358
743928632
484945539
417883657
721617140
193275305
280128240
137158394
768349055
751109629
69349174
580340755
843410497
743928632
100441623
604679697
334002842
686581547
687584327
109320
792813637
193275305
150
903221914
415385114
27810873
658516737
172901029
751109629
658516737
415385114
573124856
268598568
751109629
10
67633894
974032152
992622564
129720502
150
751109629
374964983
20169412
71737065
502137490
4826160
466586538
527030158
578209243
843410497
415385114
415385114
100441623
903221914
193275305
452774856
645376376
710002012
28406573
751109629
10
717552752
776696488
67633894
564849520
526637240
329313371
780068949
144577080
482636632
67633894
780068911
174875262
329313371
168210228
637653710
679855380
375470378
153606433
617753618
903221914
174875262
397991399
273347221
27810873
193275305
378933321
787638947
939983880
787638947
743928632
559126252
776366502
122045186
721617140
983733486
291028352
642873090
905215363
835478135
243847570
493719731
682819751
46598156
714895909
751109629
654325560
280128240
46598156
10
168210228
679855380
203091157
172901029
559041373
23482358
721617140
168210228
168210228
415210051
903221914
572968401
248590766
172901029
507924939
751109629
174875262
324732908
109320
4826160
903221914
47951901
233010618
602875225
109320
159853745
365658006
428467964
116903226
3384
67633894
696059165
679855380
137158394
67633894
193275305
679855380
193275305
425638878
637653710
227255957
679855380
591317054
983675175
762744705
717552752
150
150
69349174
162101766
92758893
27810873
787638947
10
61730544
129720502
89572320
397991399
121343063
162101766
615400673
248590766
23482358
723944799
908881172
787638947
162101766
746937336
310137894
309515446
802676821
470014211
129720502
1
174875262
162101766
46598156
397991399
717552752
637653710
150
92758893
798393214
470059283
903221914
280128240
693547859
397991399
940805477
922037035
799096612
658516737
109320
3384
743928632
439473380
4826160
679855380
109320
100441623
766090628
717552752
777091446
559907757
285884907
499459032
10
637653710
430163822
53191412
324608382
357880915
172901029
740905091
397991399
3384
751109629
162033120
150
775699863
718442983
843410497
456185917
787638947
4826160
109320
150
451315442
775098440
606430241
746937336
280128240
278786457
4826160
4826160
4826160
397991399
812523242
168210228
92758893
711265915
10
64562021
743928632
280128240
787638947
663309941
100441623
746937336
448040215
861896425
16488993
104075519
617305505
46598156
918564410
679855380
172901029
150
721617140
227255957
831502934
451489082
174875262
819682368
390404866
201953075
751109629
590883991
695155036
903221914
488678683
638718058
757674264
897833717
227255957
415385114
46598156
100441623
307786789
787638947
717552752
100441623
174875262
109320
415385114
132772762
4826160
922138674
721617140
675860875
92758893
548020449
397991399
4826160
4826160
721617140
747249983
112460010
100441623
658516737
150
394218638
4826160
100441623
172029548
27810873
911536145
793234587
415385114
466525372
520811325
802676821
983114388
239647891
802676821
570100382
833720396
557647303
560792852
475626305
193741812
637653710
280128240
748691559
415385114
526937065
189463962
86481860
570103440
751109629
3384
13374212
174875262
168210228
815940112
329313371
743928632
717552752
802676821
150
162101766
100111045
92758893
560450113
972653391
814182056
809254366
248590766
658516737
3384
4826160
4826160
235408349
681471630
109320
721617140
470092428
657293361
817985123
370649379
10
329313371
150
843410497
224160328
329313371
172901029
86577537
645376376
121458798
717552752
174298092
746937336
751109629
694184184
397991399
78728167
27810873
658516737
23482358
74568128
415385114
679855380
397991399
69349174
996448883
109320
109320
162101766
751415577
193275305
174875262
539749574
241512321
814562947
843410497
903221914
415385114
903221914
787638947
415385114
150
626136670
248590766
482618831
172901029
648340222
482636632
941212413
383596246
110665171
172901029
172901029
168210228
303760547
966591684
46598156
746937336
209829523
159853745
751109629
10
746937336
1
415385114
100441623
717552752
69349174
723316254
4826160
752637821
484309217
414145313
174875262
10
22540666
957037308
903221914
415385114
350208826
893267087
23482358
780068949
721617140
193275305
70952785
717228981
397991399
489118911
637024365
92758893
623487224
92758893
129720502
117777157
193275305
654305339
100441623
23482358
1
684202155
174875262
825538989
227255957
658516737
743928632
789072701
731082804
100441623
10
637653710
741282971
988716381
814310007
129720502
397990965
441387483
597755936
868611765
280128240
226301913
150
397991399
329313371
721617140
150
243986542
637653710
248590766
100441623
899933876
172901029
92758893
717552752
44564165
761417010
109320
393557571
23482358
999379959
903221914
248590766
329313371
802676821
109320
129720502
721617140
174875262
67633894
175977477
780068949
717552752
817523200
126835721
787638947
1
721284496
903221914
23482358
172901029
609383589
129720502
109320
100441623
346447956
415385114
140468450
52773235
285725809
562910084
735149217
280128240
382271736
717552752
92758893
843410497
329313371
3268
100441623
658516737
172901029
903221914
4826160
150
751109629
280128240
459216071
27810873
703942794
810677071
67633894
633171403
100441623
482636632
482697068
436275772
23482358
130636130
869948028
92758893
67633894
172901029
520127445
397991399
27810873
903221914
424666636
227255957
150
903221914
922255724
711265915
397991399
458466640
903221914
555401787
573244247
174875262
23482358
938357889
711255295
23482358
46598156
649980231
821194637
743928632
150
644398831
415385114
109320
875801150
88902615
263285358
927437315
174875262
294588002
213743357
843410497
151322600
4826160
903221914
137158394
150
172667640
174875262
658516737
162101766
62240837
331682210
802676821
10
227255957
203525468
129720502
227255957
991009592
495066191
257244101
743928632
410004641
531039601
679855380
3384
561595077
227255957
280128240
787638947
31616654
3384
248590766
329313371
721617140
944877085
721617140
482636632
971562015
10
852227522
1
150
1
415385114
200589658
10
150
637024365
903221914
779903759
746937336
881011221
10
763837874
721617140
23482358
502662526
329313371
93898630
1
93898630
637653710
637653710
191324211
1
482636632
23482358
10
67633894
150
310145598
145154812
193275305
706919802
742418626
751109629
4826160
3384
129720502
717552752
278476527
4826160
397991399
931860081
27810873
162101766
23482358
939403131
802676821
930365975
802676821
170653390
936581784
129720502
23482358
172901029
721617140
802676821
69349174
850661700
859057189
3384
903221914
172901029
947062744
279745873
137158394
69349174
415385114
137158394
100441623
92758893
599201559
23482358
903221914
67633894
460133575
307337099
100441623
746937336
626080878
558204587
472080773
943302763
3384
174875262
182685609
248590766
84412735
15663836
679855380
4826160
46598156
150
619543701
92758893
93898630
280128240
280128240
742826738
33105074
280128240
596411611
27810873
792099911
196010601
94397535
802676821
688414780
719829501
775176748
660023667
787638947
780068949
415385114
129720502
746937336
415385114
505839823
46598156
398638826
458763919
836894580
679855380
717552752
280128240
607693577
298271739
220740223
329313371
636790510
787638947
168210228
936139260
69349174
329313371
679855380
248590766
786808520
172901029
3384
668973138
3384
109320
614008588
751109629
756977874
502406413
305867947
240202273
129720502
299787647
193275305
751109629
100441623
92758893
174875262
482636632
721617140
721617140
468014134
16398783
248590766
150
100441623
67633894
560516423
459426171
27810873
787638947
797631318
168210228
888659464
679552808
280128240
159853745
365644370
92758893
174875262
129720502
586665426
67633894
884848273
527030158
928745069
233469644
404247117
4826160
172901029
3384
637653710
46598156
252362697
46598156
46598156
717552752
829073448
658516737
301680201
172901029
743928632
743928632
347958219
479534219
903221914
172901029
802676821
100441623
472322844
193275305
482636632
280128240
110703874
852757716
254443311
67633894
418931458
953571086
323874929
10
131688405
10
174875262
228644353
781037191
843410497
150
973959866
160522599
890109818
252090157
248590766
838807290
150
381464022
129720502
711265915
742311117
23482358
10
616645922
329313371
572970798
280128240
467555216
415385114
157221337
415385114
109320
4826160
417047710
280128240
721617140
721617140
100441623
168210228
329313371
4826160
372897052
3384
312497583
332817642
193275305
150
787638947
250707855
123656479
10
787638947
10
880453877
746937336
27493566
9
184785056
717552752
449111373
10
831599280
93898630
174813265
934667537
4826160
174875262
721617140
109320
67633894
67633894
972305572
10
658516737
4826160
712459940
718375912
555227749
862132147
819522397
100441623
802676821
445675351
67633894
23482358
427691278
721617140
410477946
658992147
174875262
586665426
397991399
637080064
927296787
815612279
379263779
92758893
227255957
746937336
92758893
125512022
280128240
843410497
171705984
367842708
129720502
721617140
157820714
174875262
588890015
928788188
4826160
464364574
873092425
511469616
717552752
3384
802676821
637653710
109320
174875262
487100267
4826160
46598156
408592591
174875262
944110923
602896309
589618406
980903133
961452953
619831859
329313371
193275305
168210228
314186842
751109629
130232282
79280902
280128240
774708628
83915025
197866397
369220809
557340087
162101766
557966483
547149435
174875262
397991399
679855380
287918954
248590766
784266425
482636632
326844993
311822991
637653710
94867540
431427840
150
595305708
174875262
746937336
262364411
721617140
903221914
324038341
296790672
562484749
637653710
307590265
401712162
1
903221914
717552752
92758893
303134963
547718547
3384
150
415385114
253794345
717552752
174875262
193275305
48922278
150
10
150
788418579
679855380
751109629
687738197
681569645
760283669
789795006
721617140
397991399
903813215
785557052
100441623
1
717552752
139641411
193275305
162101766
100441623
746937336
150
495463700
132188191
265945229
679855380
563954660
577401236
506079208
415385114
375352042
743928632
998999822
150
193275305
229548379
482636632
648340222
802676821
717552752
657370419
66037923
92758893
109320
46598156
203332047
137158394
711265915
168210228
679855380
23482358
396883978
397991399
280128240
100441623
38574611
658516737
4826160
280128240
92758893
791362298
658516737
903221914
934459436
339141957
746937336
450574678
713354906
23482358
150
743928632
991009592
162101766
397991399
702547977
162101766
415385114
10
721617140
787638947
172901029
168210228
892461431
161578743
174875262
751109629
415385114
280128240
415385114
46598156
329313371
679855380
150
528629234
658516737
670557475
637653710
443767039
92758893
23482358
717552752
512331252
1
637653710
679855380
100441623
162101766
746937336
120298801
109320
581232963
868038421
248590766
133693103
329313371
111657035
374654791
100441623
3384
751109629
294327195
27810873
162101766
27810873
637653710
674300518
109320
67633894
941212413
27810873
23482358
711265915
162101766
658516737
984894991
287389061
721617140
621548956
658516737
590251318
802676821
52435517
571564107
321334803
159853745
415385114
717552752
162101766
248590766
800367997
780068949
648370859
329313371
117076619
193275305
928433523
746937336
268371519
252362697
172901029
903221914
3384
545037998
150
499171594
46598156
102954823
27810873
193275305
735870223
27810873
972828479
711265915
150
652914071
753435541
168210228
172901029
544842641
338852849
747775240
869095831
67633894
681590258
4826160
802676821
706607823
846872116
743928632
789119517
313353030
717552752
258436499
637653710
961174257
129720502
257181833
51257360
478559147
721617140
10
227255957
454134773
10
451656748
67633894
711265915
3384
743928632
531039601
410477946
4826160
172901029
717552752
802676821
280128240
284219593
626424966
335588870
27810873
484940820
44106035
780797216
513515199
109320
483740460
10
92758893
661588129
100441623
679855380
1
709939468
215752012
544395650
903221914
92758893
162101766
355168782
394793179
150
15078142
129720502
743928632
415385114
1
408659396
92758893
168210228
4826160
787638947
672038442
919025994
3384
909508980
793815173
10
227255957
474967878
168210228
211500233
69998193
109320
385971291
198851843
1
950104725
186554974
311388620
397991399
787638947
864936123
846477605
747232077
138914123
642200147
469855517
4826160
46598156
451103878
397991399
67633894
807649671
482636632
62805460
10
3384
721617140
74219270
248590766
100441623
174875262
129720502
830305573
482636632
224763833
921177853
964888412
67633894
168210228
717552752
132718368
174875262
945121431
327364701
193275305
168210228
844019636
397991399
251146100
885885193
1
18880178
32313085
100441623
162101766
415385114
174875262
162101766
1
637653710
121664515
172901029
746937336
227255957
415385114
990093840
92758893
69437627
994624696
172901029
903221914
67633894
162101766
657889074
802676821
27810873
489678583
787638947
3384
688182910
482442365
129720502
168210228
23482358
527030158
397991399
150
174875262
174875262
743596666
346694691
884545853
658516737
751109629
174875262
540785145
109320
150
329313371
637653710
1
751109629
157943788
397991399
948006835
436209595
113356539
658516737
46598156
398429455
379622844
92758893
280128240
168210228
46598156
23482358
934642265
601490714
312802130
658516737
334032477
137158394
150
474440889
743928632
97223158
67633894
3384
1401128
109320
228451189
329313371
1
3384
172901029
284961545
135949878
100441623
626870058
610783090
109320
100441623
787638947
94905902
162101766
46598156
983534034
746937336
116535835
968124576
465093593
278426252
109320
717552752
184593711
787638947
67633894
174875262
45064640
415385114
679855380
10
909906945
27810873
666717852
155221944
1
454453166
951996541
219709649
67633894
923321647
850711720
69349174
92758893
787638947
679855380
168210228
52599503
109320
415385114
111964591
3384
100441623
329313371
872538158
459284993
451245005
174875262
494732619
721617140
482636632
162101766
60722830
586526200
679855380
746937336
746937336
280876579
679855380
860328377
711265915
69349174
751109629
903221914
797161104
276974273
248590766
4826160
544231615
554675950
27810873
67633894
193275305
10
168210228
802676821
842650632
743928632
92758893
4826160
423093145
150
593032448
377892203
400353825
435702900
717552752
193275305
637653710
597052452
719404116
733770350
280128240
889139088
46598156
774623182
760469546
67633894
482636632
67633894
172901029
324243599
527030158
415385114
915366102
802676821
721617140
782794512
136966400
109320
466132407
193275305
725898290
4826160
843410497
464169404
843410497
903221914
532150879
193275305
544638723
280128233
122475625
711265915
619543701
658516737
746937336
111896065
10
732584628
903221914
658516737
678552529
903221914
129720502
172901029
10
580065733
92758893
397991399
561910199
637653710
721617140
23482358
377056623
521795598
637653710
746937336
751109629
277452624
193275305
621548956
388738975
263006180
787638947
746937336
679855380
585673686
637653710
67633894
587804767
162101766
168210228
50119586
415385114
329313371
992325298
760920241
193275305
516856576
109320
10
713251511
10
586657702
566877998
787638947
555897491
46598156
334863708
27810873
486499345
67633894
83909104
150
172901029
511346300
780068949
972709207
92758893
966586085
721617140
268337512
168210228
20972801
3384
590331001
742839564
717552752
477927129
135338861
905938675
816595681
10
679855380
10
168210228
193275305
817985123
717552752
193275305
415385114
749478314
248590766
229620572
727677153
526967299
67633894
658516737
10
802676821
721617140
172901029
151144193
751109629
751109629
3384
162101766
27917060
23482358
327151745
717552752
150
150
67633894
109320
787638947
717552752
305516504
751109629
554934051
168210228
415385114
751109629
150
174875262
109320
679855380
843410497
324179172
682819751
392703915
492949841
681588740
751109629
864082089
915125968
150
751109629
751109629
67633894
23646841
1
409110588
711265915
193275305
787638947
587977751
7985951
767009480
878833549
156628029
751109629
746937336
172901029
787638947
470735716
697336339
317967444
329313371
173195931
831764860
721617140
69008427
721617140
280128240
739946595
162101766
658516737
723881004
271397788
27810873
446081545
903221914
787638947
280128240
168210228
192608227
953055382
822132964
979769906
807906676
717552752
721617140
225038432
344835798
787638947
10
415385114
162101766
674005944
415385114
162101766
903221914
155079652
46598156
457762532
711265915
903221914
248590766
4826160
27810873
841756747
835012247
172901029
329313371
162101766
721617140
482636632
3384
494654499
843410497
751109629
109320
100441623
100441623
534535796
721617140
856490237
590776056
802696251
683009578
778623607
787638947
357571498
46598156
10
621531818
193275305
162101766
312040338
532409926
4826160
453887275
163373895
736977194
10774687
174875262
679855380
150
137158394
329313371
889139088
168210228
172901029
329313371
717552752
878105232
4826160
527030158
168210228
132758738
58912499
517447704
411275463
672871785
229453133
162101766
477779425
471742382
925812651
141787558
482636632
805833639
658516737
397991399
382915194
323300107
168210228
304233398
744124300
770650968
162101766
415385114
162101766
802676821
941568558
67633894
100441623
721617140
678444537
751109629
866143887
712987024
129720502
41045734
4826160
721617140
129720502
10
802676821
23482358
43277872
109320
717552752
725975152
196773728
658516737
4826160
193275305
780068949
381133798
951597490
23482358
904019950
695078261
162101766
832674581
302499423
248590766
3384
162101766
864853052
11552947
688167691
109320
375352042
1
456586899
573078023
721617140
510785544
227255957
46598156
780068949
172901029
658516737
1
356172628
775382505
679855380
324192032
523759376
91776378
751109629
111896065
903221914
129720502
62640991
248590766
328162144
280128240
168210204
787638947
329313371
802676821
655531787
658516737
