10
82229777
794289386
524632621
507634900
619159195
952041196
802676821
149544260
269522820
208917888
335362996
364670984
298837025
345422821
482636632
198025561
214742482
862636349
705234926
162101766
715631897
683538680
749018590
647698801
3998093
486167898
649032276
988302004
908696040
275205258
992780831
807973025
770758085
324367954
193992127
673161982
654122570
129151366
519408077
486167898
614380239
537390086
812278859
559049693
637653710
818265792
7454067
149544260
514245021
503444762
565174696
16977106
168380706
108563469
903221914
630174927
669989313
883713273
614380239
810434304
239487316
751109629
248004927
634247715
885392673
933891365
410189810
150
602121847
545525098
945826642
778557779
303821085
362603295
195490320
740630647
219328571
365576757
178339009
798044193
944975336
477851747
818299525
248004927
812071441
239487316
888149660
714797570
96177646
689075782
788975441
255242385
34220901
4578874
555573743
326901762
151667782
498805845
317772920
117643267
654167456
548056668
596813636
491496015
700167415
655015866
275507421
746937336
199260963
621372446
990833424
397129535
170864699
297721548
41756656
362603295
516383057
298620610
436715057
208917888
386265640
3998093
988265960
479810800
82229777
912208782
524632621
679855380
32287383
347090776
481156213
584312870
486167898
842176960
991400574
474245466
834429163
700167415
227255957
681914698
862036240
686406158
714797570
482020824
969484311
940983552
630174927
336215023
42310282
121413468
314274700
683070990
819902091
779370659
186587623
113370599
291848212
275205258
740630647
298620610
596813636
107816356
802916844
174875262
663349178
807973025
200016492
193275305
689075782
764523640
307953650
539114916
865494791
195828062
459756422
405572486
3998093
686406158
482020824
265928071
386265640
658516737
10
483247940
193275305
992407830
713606498
96177646
3998093
4578874
986345000
326901762
354740411
497388968
658516737
165803742
955238894
341445876
655015866
364670984
64585865
476142149
248004927
69349174
472750916
827874435
983780318
614380239
144577080
179597442
711265915
495780310
637653710
865494791
955403902
401016825
275127100
527816047
156285460
170864699
341482505
952041196
290767032
457230381
178339009
505115444
988265960
884158612
690319247
764523640
191276479
436715057
486167898
176717014
998021389
782832024
711265915
658516737
338911730
87305387
342330165
249479266
164415846
162101766
725248386
556007948
446762561
988302004
919965156
873735929
988302004
280128240
474229489
93898630
149544260
884847518
993246911
401190218
309914368
963837656
189874901
255556057
25322078
940644413
1037290
928419854
208917888
873735929
345422821
349603248
234855059
992780831
316372179
740630647
873735929
489334816
114617150
704852441
987261038
773118870
673161982
903221914
186587623
873735929
46598156
713616194
514245021
195182935
168210228
333163531
137067068
689075782
95126790
984753133
648816111
607196614
364670984
130145970
803039224
611673734
148516861
309914368
389927427
716100284
836011313
324367954
933866206
167026947
67633894
462113520
227465186
686406158
849552197
259484626
717552752
740630647
458432099
561415946
705234926
487814049
148516861
717552752
479781639
384951437
444805188
159853745
637367488
472750916
818265792
159853745
634247715
986345000
293602287
568368152
991435600
977485422
952041196
986345000
738568590
104990753
589626282
807973025
567183740
93898630
596813636
159853745
54905632
822784568
189874901
362603295
399288472
802916844
807973025
470251328
280128240
95673858
717552752
401016825
865494791
114617150
38407914
977485422
658516737
104617706
903221914
345422821
482020824
314413453
773485779
310305294
945309929
96685761
178339009
678752319
467714031
32111757
165803742
364670984
640683928
508092247
276832281
369865985
698436690
146269297
780068949
386265640
498179792
868779109
884158612
728047654
873735929
482636632
193275305
232180424
388061120
489334816
364670984
788975441
634247715
1
970761549
879980911
168210228
482866441
666826599
2727753
70826375
941818883
95673858
275205258
868296475
991435600
669989313
885392673
422742633
823046072
823046072
227225781
601988825
898721940
316372179
364670984
42310282
654167456
117643267
963962664
345422821
945309929
505115444
168210228
788975441
92758893
218790091
632076405
1397199
751109629
270710518
704936703
614633990
342330165
602121847
598374889
107816356
843974522
364670984
340980453
370382281
199260963
716100284
162101766
499478000
773485779
519690956
596813636
199478236
401626934
568368152
673161982
193275305
743928632
167026947
242026776
929574603
820777211
557820851
842352341
477546440
607196614
805437011
657848291
803360778
362603295
467714031
519592143
422706516
482866441
683538680
769628597
130159798
62377423
859591220
933891365
131225688
443607341
965243946
479810800
716694738
545525098
457230381
255696402
714797570
70843747
919965156
585240519
931343840
803039224
451927396
614380239
338911730
451927396
46598156
444232445
32111757
103961583
379135191
516383057
249373253
107816356
300396410
456750647
4578874
373845983
10065951
639910166
432030763
170864699
952041196
956575001
185501014
412533633
548151322
853247080
68286012
655015866
891675406
297721548
66430650
714797570
899307770
714797570
422368767
451927396
479810800
174875262
275127100
459756422
324367954
918668953
802916844
470251328
743928632
373635
150
945309929
827874435
171123815
745810009
983496924
867677207
491736435
802676821
174875262
780068949
803039224
387803959
415385114
764523640
885788021
93232780
780068949
806442151
468923445
764523640
345422821
963962664
745810009
364670984
379135191
967102009
200714340
843410497
362603295
201895079
770935442
251297295
788943429
661815621
27810873
649329457
698436690
863302385
865494791
524632621
874218820
865494791
527030158
56274405
952041196
324502474
991400574
168210228
621757072
105099506
278976413
227255957
507910102
464598665
824309164
559814522
591169175
548939111
404462807
826113101
34850360
498805845
843410497
451927396
267497218
714995555
749018590
1037290
482866441
129720502
940644413
700167415
995547968
193992127
443607341
359274838
655015866
326901762
428594592
10
1037290
555573743
992407830
373635
660274471
324367954
821401010
684173053
964982728
96507421
312499983
873735929
477546440
477546440
843974522
1
270710518
276052817
731599602
721617140
124932457
503444762
239487316
151667782
698436690
384290701
342330165
23482358
467714031
349120238
249479266
903221914
208917888
577215725
721617140
121413468
335362996
58020252
801759944
144577080
280128240
728091607
964982728
494874175
32384110
717552752
132317143
539831708
527502704
70843747
988265960
751885764
275127100
507634900
655015866
108469720
772214221
516383057
527030158
478420462
117643267
486167898
816157601
912208782
655015866
489334816
388061120
168210228
596813636
73056718
67633894
168210228
79975172
585240519
720351975
823476492
69349174
412533633
172901029
404462807
208926752
184151516
3761461
888947475
486167898
746937336
159853745
96507421
991400574
579551578
459930462
329313371
795285863
369865985
704936703
151667782
163148205
566569033
658516737
974848187
11197374
398089477
524632621
965519683
350268373
448224737
329313371
342330165
920440647
661815621
16977106
342330165
679855380
172901029
672144085
514945109
912135238
82229777
694596111
176852052
393993272
630174927
571594773
862636349
193275305
983780318
906909388
397991399
457230381
986345000
524632621
743928632
1
362603295
174875262
779342623
249420944
746937336
109320
792228454
26787734
23482358
248590766
162222177
435128768
655015866
673161982
557820851
137158394
448224737
172901029
103831592
843410497
10
608423628
342330165
155114584
486167898
407328531
208917888
278976413
505115444
178339009
465445132
34220901
32111757
945309929
346700869
218176717
487814049
290767032
980633164
922716939
340980453
195828062
178339009
193992127
92758893
368144931
165105338
853437667
788975441
369865985
704852441
573375284
184151516
269522820
820777211
124887470
598374889
467714031
207908345
582399044
131225688
917492287
493854947
455083658
239606083
207908345
172901029
184151516
103961583
121413468
654167456
711265915
843410497
505115444
783799472
163410716
637653710
548056668
735467936
172393525
144577080
275507421
159853745
621372446
92363518
408233205
416976073
507634900
201612821
372339610
803312085
137067068
363569854
683538680
884490782
614633990
184151516
749018590
222394502
637506311
764523640
132297045
404088331
988302004
507634900
648816111
659802952
314413453
751109629
740630647
163513004
70843747
69349174
117643267
983780318
137158394
527030158
92758893
690319247
991400574
105787143
109320
412533633
486167898
903221914
314274700
280128240
492891752
108563469
167499532
587717953
92758893
764523640
557820851
124887470
404462807
991435600
121413468
740630647
447639410
163410716
269522820
280128240
291848212
724595885
769929921
199260963
9304432
988302004
918055945
356847731
335362996
67633894
988265960
807973025
913408437
799289956
472750916
745810009
645405714
676897190
271117596
630174927
146477738
621372446
890715824
992780831
963962664
149544260
195828062
712818937
259599594
865544553
405572486
213223872
486966011
130159798
414378614
596813636
314274700
302298740
843974522
548056668
78646918
802676821
498805845
607196614
952041196
945309929
493854947
935984650
512936140
581264389
248590766
832379932
207908345
436715057
933891365
83761743
301542653
324630380
721617140
129720502
486167898
341482505
411707702
524632621
494081194
508610191
562986044
58020252
673161982
384951437
751109629
514245021
768026284
472750916
354740411
482866441
286062884
544619291
205591555
788975441
563905411
963962664
199260963
312499983
717622229
347090776
471827516
96177646
945309929
130159798
179597442
405565486
185501014
873735929
269522820
974017274
225799444
397129535
952041196
778557779
686406158
498805845
212987038
482866441
211960357
843410497
991435600
144577080
482636632
269522820
845800647
444232445
542563150
988265960
472750916
185930935
787638947
928419854
92758893
806442151
365777724
32287383
794743424
304697117
533004944
372339610
557820851
92054370
248590766
683538680
848804995
239487316
759349842
952041196
489334816
249479266
314274700
854651570
545525098
466892685
103961583
4826160
885392673
716100284
728091607
621372446
156285460
739292027
815934662
156285460
480531969
402737690
749018590
405572486
195828062
92758893
878793639
640351972
471169536
507634900
193275305
740630647
482636632
614380239
439707392
48517302
199785190
556007948
185501014
388061120
214438708
459756422
283095600
841241355
249479266
4578874
345422821
415214531
312499983
148516861
129151366
114917539
747363900
764523640
533684711
198025561
3384
137158394
773485779
342330165
365777724
802916844
357883847
275507421
794289386
115709539
416976073
873735929
225799444
878940250
377261470
933891365
507634900
117256948
507634900
778557779
291848212
93898630
288607933
129151366
397991399
304964641
250550529
251297295
459756422
318294545
778587672
477546440
39551727
240879853
399565022
227465186
318294545
511713619
165803742
338911730
749018590
847480153
167026947
83761743
314274700
663059513
746937336
745810009
679855380
65184358
309914368
436715057
446574315
373635
170864699
661815621
215402893
23482358
398089477
388061120
576067430
698436690
873735929
813415285
451927396
155398431
486167898
287903283
749018590
1
251297295
468929046
73150861
903221914
787829157
32373650
189874901
93898630
341482505
698436690
327661240
278976413
723216798
680441459
451927396
744735878
714797570
193275305
946518221
893243435
634247715
116671871
270710518
291848212
362603295
944314963
159853745
400364956
991400574
386265640
482866441
389927427
176757597
114617150
389927427
806442151
827874435
780068949
917941665
516383057
940190722
542194353
244771522
527030158
275467456
364670984
3998093
588111484
751109629
156408870
23482358
369865985
862636349
743928632
114617150
275205258
824309164
156285460
268644713
556007948
425004683
536227788
948293377
700167415
133364217
986345000
674913286
397991399
715588189
467714031
151254297
287746792
402121878
369865985
80404981
637653710
988265960
743414029
760542694
93232780
778557779
199785190
156285460
34850360
992780831
438639366
843410497
184151516
291848212
548056668
940644413
159797977
406735739
4826160
96177646
898721940
459756422
918055945
829563740
728091607
354740411
249479266
614380239
700167415
979992373
505115444
336921209
316372179
170864699
204434900
415385114
577324623
631953231
977485422
919965156
607196614
208917888
277665156
548056668
329313371
630592821
249479266
297721548
486167898
58020252
928419854
168210228
918055945
738200694
193275305
782807624
227547313
995547968
952041196
322829403
225799444
364420597
751885764
137158394
85744759
289952913
92363518
444805188
933891365
640729076
345422821
505115444
862636349
4578874
349603248
150
362603295
67633894
27063733
743928632
780068949
391898412
159853745
185501014
652985989
568368152
281255127
568368152
275205258
705234926
794289386
120462153
341482505
516244360
787638947
436715057
466994272
406588999
96177646
487814049
338911730
227465186
661854104
704936703
275205258
96507421
114617150
614380239
502351241
986345000
148516861
843680946
32287383
862636349
227382860
102657345
802916844
225799444
96507421
92758893
291848212
940644413
807973025
472750916
596813636
111180539
345422821
467714031
204434900
93898630
341111357
952041196
397991399
881775823
652233388
457230381
184151516
862636349
903221914
750178229
912135238
3384
673161982
854887779
840517467
384951437
342330165
46598156
299850370
32384110
928419854
928419854
341482505
717148944
275205258
45733037
300079802
714832781
1037290
991400574
350140235
113370599
623286403
802916844
796931033
802916844
312499983
478420462
175912861
740630647
27810873
981870925
749018590
34850360
92363518
516383057
965243946
467714031
223608386
275205258
185501014
704827836
995547968
820777211
248598595
751109629
290767032
614380239
955852417
679855380
507634900
917277467
233571211
76867879
840517467
281255127
92758893
747363900
436715057
162334364
312688199
663349178
689432770
95673858
244693270
507634900
193275305
34850360
397991399
679855380
4578874
740630647
3998093
29191329
884750607
93898630
918055945
862636349
597360336
870600047
621372446
728091607
341482505
185501014
420599141
801153373
977485422
991435600
651657894
705234926
298620610
539831708
940560765
976649312
4578874
155114584
527030158
369865985
170280440
174875262
540791553
1
669989313
979992373
226348350
578985275
540791553
16977106
439752238
448224737
983780318
114617150
983780318
249420944
683538680
650891114
424452584
498976577
711265915
149544260
316372179
840517467
843974522
482020824
661815621
829563740
592845498
746464149
717196250
251297295
689075782
92758893
710318362
919965156
829563740
277913558
314274700
952041196
472750916
402737690
92758893
110468114
167550765
885392673
873735929
823046072
946446979
416976073
814003590
980877287
279982611
167026947
233733542
338911730
193275305
518958271
995547968
545525098
478420462
143610934
933866206
200379190
159853745
851575473
199260963
766485256
898721940
129720502
686406158
918055945
482020824
92363518
539324266
716574648
397991399
227382860
507634900
227382860
163410716
404462807
32806766
297977224
624289528
225799444
404462807
711265915
745810009
232165228
249479266
673524335
991435600
751109629
548056668
746937336
883821795
249358735
876934288
940644413
389927427
427975115
802676821
885054946
779342623
270710518
770935442
568368152
986602384
140392539
829015794
100441623
477546440
444805188
714797570
249479266
312084886
349603248
749018590
843974522
290767032
634247715
103961583
1037290
467220522
697848738
773118870
802916844
49139351
439752238
249420944
779370659
607307708
916992835
189874901
602121847
291848212
188506812
212561334
953042223
251297295
655015866
227547313
318294545
740630647
168210228
150
316372179
348444372
149544260
803039224
92363518
516383057
404462807
511318156
658516737
963962664
349785258
747982178
736468176
269522820
717552752
884750607
595166738
751885764
573375284
32680865
159853745
482866441
820777211
975054212
404462807
170864699
384951437
26599195
314409236
917356622
444232445
174875262
780068949
362399368
275127100
679855380
67086855
683538680
472750916
617414595
345422821
726811936
947971766
673161982
780068949
198025561
836551212
444805188
926094396
740630647
747932837
749075471
275207633
340980453
671556105
167026947
335362996
249479266
538476315
25322078
335362996
640996330
548056668
873735929
90246849
472750916
32373650
616100669
70843747
172901029
298620610
211270152
637844727
801347924
167026947
67633894
821839268
298620610
745810009
174015926
326901762
370305576
69349174
372339610
168411240
556007948
986345000
504484615
193275305
314413453
550173879
149544260
384951437
444805188
273320985
995547968
995547968
179597442
638025200
113370599
427544008
369567992
130159798
834429163
373635
465927610
780068949
698436690
227382860
572956149
176717014
335362996
746937336
249479266
630174927
988265960
294780030
952041196
58020252
388061120
344551958
211000761
596813636
634247715
124887470
376031711
149544260
795285863
309914368
103961583
963160019
304697117
107381136
747363900
698436690
39218592
309914368
824309164
362399368
873735929
806442151
831512117
401016825
314413453
764523640
151667782
827874435
704852441
178339009
696335788
482020824
19301492
404462807
155114584
489334816
83761743
1
117792278
109320
193992127
751885764
403991515
900341309
608423628
432467260
189874901
70843747
326901762
295000334
554992861
239487316
494001938
32287383
835062348
405081884
498805845
788975441
679855380
165803742
96177646
178339009
479810800
275507421
843974522
295089409
803039224
934396320
249479266
487814049
596813636
369865985
790574168
124887470
717552752
991435600
630174927
234850078
683538680
375737646
482636632
968720536
239487316
389962497
170864699
704936703
364670984
284873965
959725415
204434900
312084886
679855380
689075782
637653710
347090776
77969430
802916844
144349212
412533633
179597442
866526258
297721548
320827688
295877107
108563469
92758893
379135191
991435600
495780310
137067068
444232445
764523640
709448839
34220901
398089477
903221914
478420462
829146137
751109629
137067068
614633990
988302004
176680693
854469803
582099505
912135238
618944170
452395096
585240519
621372446
39218592
692201716
486167898
802916844
566285716
227465186
963962664
397129535
903221914
405572486
107816356
248821277
168210228
208917888
2310108
570166694
172901029
130159798
507634900
498943403
919965156
503444762
751885764
386265640
154221862
114617150
42310282
32111757
397991399
417031436
397991399
843410497
514245021
184151516
444805188
774071825
185501014
207908345
384951437
128445090
503444762
284125732
133087638
280128240
903221914
114084551
743928632
695591713
92363518
849859696
386265640
845786451
27810873
443607341
669989313
67086855
311353725
517021342
124887470
386265640
193992127
265006903
663349178
487814049
933891365
199785190
176506702
829563740
384951437
503444762
148516861
577215248
557138373
1
355260063
149795417
356192306
959097819
372339610
743928632
767736351
614380239
207908345
762270360
249479266
23482358
317665626
428966565
993934875
335223889
329313371
451288401
338911730
415458049
494874175
749018590
992407830
167026947
70843747
107816356
686406158
335362996
493854947
903221914
717552752
614633990
778557779
988265960
416976073
787638947
458732959
178339009
770935442
435291218
290767032
673839593
495780310
208917888
362603295
806442151
777356324
747363900
874247716
159853745
159853745
740630647
99569972
944344424
527030158
655015866
133978678
477546440
840517467
311815119
516383057
557182330
634247715
772214221
72371499
137067068
269546576
459756422
915041424
912135238
385618209
227465186
853595215
717552752
201422538
523704900
482020824
746937336
154007742
314274700
227547313
362603295
714797570
58020252
658516737
788975441
738790799
363675365
706153832
912208782
379135191
222344639
743928632
398089477
362603295
69493802
57149161
219162131
903221914
165803742
156285460
550725146
345576911
884158612
995547968
649032276
309914368
26576274
162101766
795285863
807973025
152977164
616094962
275127100
275205258
933891365
312084886
227301124
451642253
362603295
575653120
495780310
65379223
679855380
151667782
195828062
679855380
840517467
189874901
843410497
578420344
326901762
462468890
751885764
316612912
637653710
834429163
372339610
92758893
312436541
305174163
716100284
928419854
151667782
695034759
602121847
986886357
92028468
940644413
514245021
980877287
248004927
294780030
862636349
608423628
184151516
354740411
108563469
568368152
746937336
335362996
988265960
582984255
371469069
316372179
548056668
666975853
113370599
680748079
362603295
884750607
249479266
503444762
67086855
326901762
342330165
126530528
78646918
151667782
150
404462807
248004927
42956814
716574648
404462807
493854947
326901762
270710518
770935442
305185975
58020252
884158612
109320
412533633
498805845
475715825
48585195
823046072
690873371
827874435
46598156
338083987
1
444232445
106967207
479810800
313347728
553895035
921778716
397991399
487814049
281255127
103961583
297721548
977485422
548444787
687300612
30159061
398089477
751885764
963962664
96177646
486167898
988302004
711265915
532872471
904054144
25322078
58498579
862636349
788975441
342330165
965243946
654167456
189618845
418549183
995925749
556007948
227547313
527985857
420696431
341482505
774888537
445719237
273320985
545180566
275205258
928419854
341482505
717552752
156285460
658516737
839071452
108563469
335362996
199785190
820777211
242026776
539831708
630174927
25322078
952041196
98464535
806442151
948299727
93388609
393658570
100441623
174875262
249479266
973848001
14288983
264974184
933891365
297721548
227382860
404462807
993246911
772214221
717552752
199260963
545525098
124887470
649032276
913408437
165105338
638944553
451927396
38974633
980877287
275205258
162101766
689075782
209717319
649032276
372677125
278976413
746937336
630174927
686406158
772214221
505115444
398089477
436715057
150
177004874
885392673
690319247
977485422
351801233
96177646
708550630
340980453
864477126
178339009
128849105
713513761
42310282
386265640
706153832
568368152
326901762
66430650
130159798
438397581
249420944
661815621
767568953
964982728
515953061
818265792
110468114
338772053
524632621
294780030
290767032
487814049
998105391
802916844
314413453
314274700
412533633
827874435
803039224
304697117
913408437
275127100
956838794
222063226
743928632
914198925
278976413
354740411
95673858
608423628
843974522
25322078
988302004
893334098
70843747
711265915
751885764
459756422
130159798
67633894
634113850
817136104
411266893
867677207
129459897
393239128
314274700
352202038
93898630
614633990
27810873
516383057
397129535
275507421
482866441
754792274
105236287
711265915
124887470
546282897
174875262
738200694
716100284
596813636
803039224
983780318
514245021
314274700
92363518
840517467
842176960
289395871
712063988
459756422
156285460
933891365
912135238
23482358
95673858
100441623
185501014
983780318
453776934
486929668
120238280
881775823
202466100
803039224
349603248
96507421
16977106
500631890
870334238
4826160
780068949
769929921
35342460
548056668
216182774
854887779
65257759
365777724
572306668
683538680
477546440
952041196
912135238
93898630
375820378
67633894
689075782
248004927
912946842
384476068
3998093
291848212
109320
397991399
827874435
980693772
614380239
966157297
248590766
82815980
691260254
840517467
770935442
843974522
358792766
836288487
479008056
179597442
327378332
103144610
804053215
165803742
448224737
880811429
331075435
103961583
990090135
420642252
42310282
983780318
420878729
680620133
436715057
357189489
799457898
349603248
397129535
269797253
96305816
349120238
516963046
802676821
818265792
496944644
974455650
514245021
884158612
524114787
479810800
714433928
516383057
275127100
424614948
986345000
866168911
598374889
621372446
562774531
335362996
630174927
698436690
729461592
540791553
827874435
680748079
353592374
827874435
509745716
369406287
360506737
848333967
398089477
865494791
680748079
557337497
297721548
416976073
203521497
711265915
865103580
349603248
248590766
803039224
683538680
754863968
824309164
210886396
26335787
75088995
415615626
552351702
131225688
304025537
692109899
168210228
439752238
144577080
721617140
81267514
966244314
862636349
451927396
880680496
921219289
486167898
507634900
949540722
101860484
10
188106608
335362996
890804463
843974522
764523640
885392673
548056668
280128240
282861380
397991399
909726827
69349174
477546440
316372179
165644977
372339610
3384
162101766
251297295
730072997
717552752
991400574
103961583
296557518
29802135
470598575
436715057
470251328
396342503
843974522
104096122
4578874
156285460
386265640
903221914
96507421
58020252
227547313
933493172
227547313
309914368
189874901
312084886
275127100
481815503
450477052
873735929
152467566
416976073
338911730
174875262
843974522
154221862
347090776
803039224
534658080
806442151
661815621
602121847
329313371
940644413
150
881775823
981870925
459756422
242026776
614633990
129720502
903221914
826925382
227382860
607196614
885392673
404462807
746937336
598374889
820777211
349120238
114617150
516383057
297721548
849859696
27810873
728965635
341482505
885957274
649864953
84142458
828967908
151667782
802676821
632840812
227255957
92758893
988302004
1
291848212
834429163
980877287
240879853
275205258
397991399
275507421
107831669
211960357
794289386
963962664
446830378
983472354
23482358
354740411
162101766
397129535
251297295
109320
609570247
898721940
993343697
481654849
497259785
933866206
614380239
174875262
507634900
195828062
312499983
459756422
93718562
487814049
389927427
107816356
487814049
185501014
393658570
37625155
291848212
816029533
475324807
770935442
149544260
275127100
349603248
726185148
46598156
314409236
824309164
348006405
539831708
102605605
38899914
249420944
46598156
114617150
685067210
991400574
78646918
362603295
648816111
679855380
716990036
769929921
547562242
795285863
3384
216420328
149544260
259067584
808773973
99827741
96177646
369865985
873735929
64194741
686406158
831512117
853915813
495780310
609181831
923222526
711265915
873735929
83761743
478383350
272296176
573375284
34850360
788975441
356183216
235247401
239593018
829563740
992455140
647795160
965243946
689075782
810291032
367031018
34850360
275507421
200016492
898721940
482020824
383969741
32384110
149242027
113370599
387259473
854000385
389959457
714797570
196666447
291848212
469342434
498805845
779853540
329313371
946652559
25322078
540791553
953594012
630174927
845545849
850499059
416976073
318294545
397129535
787638947
983780318
239487316
165105338
437063859
170864699
25322078
477130116
96507421
124887470
952041196
431955651
307913747
714797570
347090776
329080842
862636349
718246242
198025561
524632621
78646918
16977106
32384110
444805188
242026776
204434900
299698665
305174163
721617140
129151366
172901029
982553357
802676821
67633894
743928632
227465186
96177646
881775823
137067068
523998740
770935442
524632621
494874175
626701595
227465186
717552752
95673858
613586029
849859696
728663262
977485422
148516861
309914368
297721548
270710518
204434900
721617140
227255957
583404184
389927427
495780310
834429163
329313371
444232445
305174163
673577024
91425968
3998093
78646918
402965287
155114584
310730702
977485422
386265640
239487316
788975441
794289386
919965156
405572486
780883236
966566271
772214221
27810873
710150785
179597442
630174927
738200694
515511450
174875262
362603295
32373650
384951437
975545770
178339009
349120238
312084886
354740411
984437259
416976073
630174927
706153832
482866441
144094530
482866441
988265960
637653710
563430620
634247715
517411154
248590766
912208782
704852441
144577080
83761743
340980453
607196614
285881022
518850230
249479266
988302004
206676759
342330165
710349268
92758893
184151516
249479266
991435600
404462807
488742834
648816111
596813636
184151516
717552752
316372179
48666037
372339610
498805845
111368441
278287138
239487316
227547313
369865985
607196614
843000834
467714031
388061120
195828062
329313371
304697117
626701595
654167456
338911730
576427696
524632621
159853745
103961583
282241063
794289386
345422821
174875262
162101766
751885764
324367954
275205258
1674180
129720502
716100284
311974606
178339009
213521403
179597442
557820851
193275305
721617140
952041196
32384110
176717014
130159798
194041445
898721940
397991399
862636349
101103209
324367954
255440636
527030158
953258359
397991399
947475065
614380239
398089477
361085789
975385982
347090776
757161869
795285863
699994314
193992127
545525098
702699149
680748079
986165198
299501418
524632621
240879853
992407830
193992127
159853745
572414495
486167898
318035241
458432099
945309929
843410497
16977106
242026776
34094800
130159798
865544553
988265960
186587623
873735929
654046781
467714031
745810009
716100284
130159798
204434900
728091607
178339009
253904646
159853745
16977106
725077759
1
949866689
195828062
477546440
451927396
503444762
364670984
608972258
364670984
457230381
967102009
928419854
854329782
379667414
227465186
367392412
397991399
42310282
405725381
806442151
239487316
3998093
724893903
208917888
655015866
516383057
178339009
64139173
777836090
945309929
198025561
988302004
444232445
686406158
73153044
58020252
655015866
324367954
329313371
482020824
32373650
275205258
92363518
144577080
840517467
1
415385114
129151366
114617150
472750916
779370659
269631491
46598156
