430237833
416976073
901100297
415385114
20856770
137158394
275382425
829563740
82229777
368325085
209133808
823046072
347090776
854696677
743928632
992780831
871928799
457230381
80798795
552964338
626701595
172901029
772820665
986345000
345422821
178761163
760912581
843410497
602121847
224519880
298620610
555655894
625148816
658124604
98845584
806211805
96177646
4826160
42310282
443607341
945195682
312499983
747363900
973012356
93718562
665726290
137158394
419320730
347090776
167026947
340371642
162101766
718811919
777057380
557820851
198025561
482636632
986345000
80709322
840517467
3998093
745810009
966320599
327008919
444048810
787638947
97189506
740630647
725296812
348495195
365670704
610832191
482636632
227255957
209716094
35397923
840517467
884750607
195634097
807973025
527030158
764500577
312499983
489334816
114617150
933891365
132623195
259027160
557820851
290767032
402737690
110468114
314274700
451927396
317992633
300256373
524632621
982742675
436715057
787638947
248590766
773118870
592938770
583350955
860725734
184151516
717552752
735432231
751885764
46598156
993871708
774784403
951701493
751109629
291848212
913408437
539831708
70843747
498805845
163410716
253261443
521699830
415385114
24036648
977485422
704455600
249479266
940644413
273283840
704852441
507634900
27810873
750519350
220380459
208894195
316372179
398089477
313592392
511132903
78646918
198025561
936215831
264111074
207908345
854887779
686406158
194331664
196409382
338911730
885050637
548444787
750386926
314274700
24750552
385221181
239487316
964982728
714797570
83761743
316372179
342330165
280128240
568368152
249479266
703285687
207908345
249873591
126459028
185501014
160089154
478420462
829507267
314413453
220233783
397129535
840517467
375183829
65484538
150
136836185
329313371
708129195
435616983
630174927
46077190
238273006
482866441
649032276
624985545
223564508
607196614
576202038
919965156
728091607
318294545
188869205
535406399
999661367
344832049
617909783
607196614
824320404
893918017
1037290
820777211
843410497
824309164
873735929
123646785
591069458
557820851
92363518
603609045
704852441
503444762
793471687
212030000
186587623
44557025
178339009
903221914
429585461
903221914
482840672
817112691
919965156
679855380
109320
304697117
841240180
186587623
345874885
527030158
256930404
271842660
988302004
129720502
718202593
393658570
754479741
527030158
144577080
450940403
977485422
547430155
626701595
113609526
884750607
167026947
988302004
986345000
711265915
945309929
747363900
314949600
700167415
189874901
917389756
33937396
843410497
404637017
649329457
58236893
827874435
181847325
676794182
83475216
743928632
309914368
333259455
716100284
273320985
189874901
280128240
16977106
32373650
761865573
545525098
247340470
178339009
280128240
506186702
755009949
988265960
88841823
113370599
266832458
249479266
4826160
493854947
34850360
524632621
61010238
488102524
991169503
963962664
364670984
482636632
338911730
606964445
92363518
556007948
977485422
523542845
173316282
896923245
149544260
249420944
66430650
348667693
662666642
165803742
820228150
527385354
507236163
275205258
70490549
689835893
804523870
70490549
269522820
489334816
902484050
347090776
154221862
524632621
847102929
785964919
201649872
677023079
752065894
82700341
873735929
70843747
324367954
291848212
254612040
745810009
679746991
434719889
156285460
672340633
543036813
862636349
118727438
605899797
166764380
48865016
249479266
607196614
69775312
404462807
193992127
840517467
771201761
573375284
32287383
444232445
548056668
655920641
448224737
883371791
566426623
607196614
711265915
557820851
478420462
539831708
312499983
913408437
557820851
309914368
842176960
128612306
618205462
614633990
404462807
678590995
248590766
436715057
275507421
588208998
498805845
332501223
720388139
695541237
210037507
131225688
81687859
3384
419430686
121413468
137158394
239487316
725804701
3590973
743928632
314274700
649329457
362603295
995547968
15542849
807265428
806442151
161910260
345422821
649329457
802916844
769929921
749018590
679678025
570778341
107816356
988302004
711265915
470598575
988265960
929658249
807973025
21674040
186587623
879591881
645762206
473349620
764523640
1
275205258
665883378
289554638
831512117
32287383
421188720
637653710
96507421
458432099
607196614
839610575
663499065
207908345
859154453
388695970
735377130
49028160
156285460
204434900
834429163
490905067
452035468
649329457
851924474
248004927
607196614
637653710
354740411
340980453
971197690
995552461
362603295
738200694
148516861
748758134
522857972
633017897
463515508
747363900
149544260
912208782
46910262
375274578
185501014
291848212
585811446
833513354
614380239
631213861
865494791
304697117
180427478
663680852
433629457
612943676
779342623
802916844
292854684
459756422
765670756
884158612
241766843
366974605
581264389
609577273
250550731
48448218
460206082
247490774
13430356
548056668
807973025
395356978
829563740
296366043
178339009
303679450
27810873
786626982
393658570
740630647
576044838
443607341
591307018
413848586
803039224
764523640
448224737
148516861
673161982
780068949
516383057
16977106
4868642
505115444
863530310
843410497
602121847
963962664
696122918
290767032
499842440
57158073
765113525
498805845
235178607
955338096
993246911
614380239
661815621
588910048
96507421
360373468
608423628
589059782
92363518
553297089
824309164
602121847
992780831
3384
379135191
113024284
467714031
32373650
105612292
277309835
817194958
764523640
598374889
92363518
555841638
818265792
472750916
933891365
486093464
203841404
484867505
928419854
278976413
717088006
365777724
615475229
295888019
843974522
67633894
275507421
62147882
788975441
513455676
262364576
312084886
899162623
100752056
992407830
170864699
239433070
335362996
710565888
93232780
472750916
25322078
634993490
722801730
67086855
239487316
607196614
843974522
11729082
843410497
504440705
100441623
391702976
704910026
658516737
562986044
182758085
165803742
404462807
721617140
4826160
305174163
77665148
834633470
794289386
987543706
611816876
557337497
747363900
443700105
769929921
372339610
698436690
117643267
751109629
306472438
706153832
309914368
291848212
649329457
444232445
843410497
702175750
227382860
185501014
596813636
129151366
46598156
979992373
114617150
3384
54744561
802676821
679855380
990569129
207908345
258610561
402754728
264435189
745810009
198025561
557337497
608423628
364942905
738200694
776111207
824309164
114617150
469021703
294780030
831762660
421547483
341977261
48883622
134274751
751109629
62743246
275127100
787638947
980578574
404462807
585654823
807973025
609278768
34850360
944822632
159853745
842176960
478420462
397129535
463535049
96177646
711265915
658516737
614380239
130159798
1418669
227465186
6675408
121413468
248590766
598374889
503444762
717552752
503633965
195828062
389927427
815507192
925059710
716574648
386265640
532193706
683538680
82229777
993462859
269522820
675368509
482020824
524632621
614633990
704936703
339685054
585240519
467714031
843974522
321599737
728091607
467714031
564481462
689075782
2233730
806404890
159853745
558654870
196608755
386816665
109320
66923545
375415318
8953327
634052563
405572486
717985332
393658570
770935442
162071241
894748292
700167415
415385114
686406158
205200302
807973025
16977106
123995112
977485422
72030251
965243946
929788198
34657903
965538402
727532950
364670984
586557220
34850360
834429163
151667782
83761743
885278391
54847925
534199082
820777211
943215680
853483937
68899906
239825129
540791553
340980453
291848212
32287383
372339610
683538680
995547968
876165415
880713395
555322304
3789371
160811701
431939973
255924964
387120643
698436690
457230381
698436690
3384
768731168
125922670
940644413
923731415
759956759
320619189
316372179
879485864
977485422
27062256
75572586
875777346
745810009
869056719
507236163
705234926
249420944
91287812
792589322
598374889
493854947
4578874
684380027
341482505
7784874
527030158
568368152
82229777
608423628
362603295
876550630
110468114
345422821
457632195
375415318
562136090
236646952
156285460
964982728
578620135
689075782
663349178
539831708
315563298
509977608
415385114
743928632
472750916
404462807
172901029
92204422
350645026
212137934
388061120
246495023
933866206
648816111
436715057
278976413
32111757
129720502
27810873
151667782
945309929
154221862
130159798
93898630
672340633
649440014
76913416
366076769
479810800
444232445
999933356
726826890
278976413
714797570
415385114
494874175
607162725
849859696
58332589
716100284
200016492
342330165
993246911
494874175
503444762
548056668
365777724
233540108
251297295
986792899
545525098
314116173
240879853
607196614
816249890
275127100
701178871
199785190
3510947
290767032
975571394
872881474
534495877
917628857
995547968
129526112
661815621
899162623
416976073
412533633
678600858
431379565
635111276
444232445
743928632
514811540
608423628
291848212
555573743
885392673
159853745
588412363
755545638
963962664
67633894
601719769
448224737
137158394
265365777
482866441
655015866
347090776
393452851
503444762
107816356
519508766
679855380
519778916
144577080
683538680
607196614
777471405
524409075
279546658
649032276
69349174
967502482
225799444
58020252
426232127
528049452
369865985
9490566
27810873
141017543
503337797
199785190
23482358
32287383
186587623
208917888
448224737
112246960
637653710
305174163
867436791
92363518
481775236
562986044
514802540
117643267
792654279
326901762
103961583
172901029
637653710
379135191
354740411
275205258
120167570
539831708
96177646
807500551
478420462
338911730
135902705
751109629
716822155
482020824
401016825
527030158
614380239
338556815
109320
522714463
862193983
207908345
484041576
338911730
881775823
434738483
121413468
150073923
568368152
797735188
364670984
698436690
275205258
275205258
881988081
347090776
307383114
624152800
679281197
802676821
524632621
467714031
311556364
746937336
3384
787638947
109320
16329857
943096923
459756422
272465422
949498856
239487316
741019180
913408437
222786280
858407121
980877287
309914368
364670984
970519941
670635641
224519880
82981552
493572230
601701728
655015866
204961304
109320
621372446
882005316
706989161
192524525
827874435
326901762
239487316
409848945
999198308
275127100
456374123
159853745
482636632
101732594
23482358
159853745
649329457
614380239
540791553
743928632
472750916
489334816
802676821
862636349
191783590
27810873
999468219
922078795
539831708
514811540
890952943
596813636
954221839
199785190
332427840
32384110
649329457
9523100
294800473
108563469
527030158
340980453
555573743
822457996
362603295
342330165
985827408
365554030
289092874
386265640
294780030
802577098
820777211
657170159
551819286
687296646
124887470
444805188
185501014
645515521
472993083
773485779
70843747
340980453
608423628
462022265
995547968
498301048
635287752
231383314
32287383
658516737
525936593
595820653
249479266
129698468
467222302
467714031
336778143
439752238
865544553
704936703
340903528
372339610
404462807
373635
444232445
11971033
23482358
95673858
711265915
788975441
717401709
946414870
488869891
170864699
413686729
208038289
962038420
720144211
602121847
768442304
884158612
872391955
150
297721548
885392673
323135966
944862336
607196614
28908559
62217130
807973025
602274936
716574648
364357950
454933126
444805188
349603248
116380205
131225688
788975441
280128240
32384110
23482358
524632621
156285460
714848164
672174090
167489608
148516861
744419518
556573292
320194184
199026531
686406158
844016170
744066324
170864699
548056668
376466684
416483959
646802101
372339610
364670984
46701852
251297295
743868473
32287383
111829484
103961583
354740411
463535049
8549617
524632621
189642748
986345000
718254958
918055945
669700611
562874085
770935442
691189923
744559714
582937394
221435850
351539651
92783720
850064347
32373650
743928632
275205258
234952480
73610317
179597442
3384
880868459
227255957
477546440
4826160
544549049
787638947
535156107
964982728
489334816
679855380
542093732
817404860
928419854
848739845
32384110
614633990
912208782
324367954
712310873
588190059
199785190
32111757
200016492
862636349
507634900
93898630
99702713
199785190
130159798
329196546
843410497
149393032
193992127
151667782
137067068
111402405
444232445
495324449
992780831
8097406
802916844
865494791
95673858
614633990
917077100
439752238
275507421
1037290
912135238
189765883
952041196
630912917
369036513
184151516
379311831
690319247
61969063
340980453
794478124
27810873
485398909
104662548
79392731
772214221
893517768
76616458
673161982
165803742
11836382
618852367
843410497
781202122
679417043
398947166
608423628
23924747
479810800
494874175
614380239
927527677
663349178
349120238
912208782
981870925
25096998
269522820
648816111
792050847
347090776
395578772
129151366
830712910
614380239
109320
953185483
137158394
295096558
193275305
309914368
491661496
623070361
380648060
472538046
4578874
204434822
356879620
184151516
93898630
416976073
435400615
482866441
673161982
871988476
780499654
758457824
822350473
32384110
14006035
312499983
987988582
58020252
488102524
652993120
413960064
843410497
32373650
323200875
913408437
4826160
275127100
236440850
593473835
716100284
270255771
476739791
93898630
898721940
240879853
131225688
415385114
493767884
220894257
183068646
184151516
513972416
286802946
82229777
992407830
821987704
983780318
342330165
124887470
884158612
207908345
868298946
288123778
159747569
819806607
754748084
443607341
470251328
154516636
131225688
436715057
614380239
338911730
341482505
326901762
915493092
81514537
193275305
405572486
137067068
53848933
660112859
417610052
462480493
402737690
530193218
441607429
711265915
704936703
939272922
533723428
536719885
28102758
738200694
981870925
952165934
940562604
712802578
505115444
532194706
607913815
379135191
413960064
436715057
349120238
706648721
735888652
940185576
199785190
651301661
923096913
239487316
192258560
649620673
711655649
197634935
562986044
964982728
503444762
727878026
249452855
676420694
751109629
233797653
121413468
372339610
291848212
787638947
199785190
903221914
467714031
195828062
118796822
503444762
435311016
495116196
178339009
444805188
494874175
607196614
995547968
980877287
272717540
434238981
652642453
614380239
309914368
84289212
349242060
716748479
398089477
234227222
295305670
827874435
234973208
608423628
83695964
299666372
373635
968105634
795285863
912863145
69349174
405572486
507634900
185930935
684683672
776258561
484749533
516383057
545525098
420888596
631760583
689075782
236007752
680441459
658789199
484355802
91488740
743928632
9403941
305174163
68899906
434380121
345946799
114261039
389927427
176717014
583862864
858791600
640454972
4578874
124887470
460378499
249479266
70137807
818265792
4578874
248004927
179220882
548444787
109901179
690319247
489334816
726185148
584232616
114617150
147152986
444302157
612679835
149544260
415385114
416976073
257890913
704852441
747363900
347090776
478420462
200876086
991435600
16599916
849859696
723388748
807973025
534242243
144577080
207908345
324367954
121413468
574800589
358056054
405572486
327939014
3761461
362399368
373635
479120145
708224056
50921947
46598156
607196614
243684297
728091607
679855380
849859696
607196614
459756422
365777724
359899001
933301582
793578241
335362996
614380239
373635
362603295
96177646
686406158
78487196
27810873
347158963
219998057
227255957
199785190
4390201
689075782
697804111
125742580
494874175
933891365
179597442
1
518286142
753392627
749018590
524632621
862636349
10
82229777
506159303
270710518
264796621
340980453
172901029
428585318
728091607
189874901
680748079
689075782
969933038
999508085
294780030
397991399
940644413
964982728
4578874
717552752
451927396
614633990
79848181
93898630
647820854
154647257
347728614
674305116
354400237
988698463
194323678
211960357
185930935
215129510
477514893
185930935
932458957
857489527
988302004
121047400
834321927
467714031
275551989
963962664
873735929
992780831
482676099
656071898
545525098
520044762
95673858
155114584
519213800
636532247
410468022
581483184
174875262
802676821
40424335
364670984
412494994
427379297
198940975
63194142
120763083
740630647
278976413
446656325
947599717
5658473
944994884
599864916
794289386
137158394
494874175
888442368
25322078
70490549
626281037
291848212
971219378
539831708
724920644
46598156
39218592
598374889
3384
107816356
205645132
100441623
458931697
349603248
324367954
70843747
167026947
692762942
424858959
387120643
32111757
342330165
749018590
925205147
249420944
467714031
26394216
516383057
103961583
568368152
27810873
188458596
482866441
269522820
231354845
185501014
716100284
875517199
366858860
778557779
402468250
246934509
700167415
867677207
110468114
711265915
278976413
335413337
339846845
309914368
482020824
208917888
404128920
661815621
651748420
312499983
35402328
100441623
967102009
404168633
211668884
980567558
314413453
302375601
746937336
745810009
622133891
193275305
97864336
818265792
840517467
545525098
32287383
448224737
462928701
477546440
107816356
274751212
992780831
416644865
92758893
51306869
686406158
834429163
455647366
899112340
154629795
401141013
728686042
243844825
326901762
527030158
487814049
482636632
661815621
354740411
862636349
980877287
35669793
738200694
730643845
473333610
149965636
581264389
208917888
32373650
34850360
548056668
827874435
67086855
273320985
740630647
322393856
32111757
174875262
482636632
198025561
714797570
864728392
497186324
649485176
771709395
273274290
321764645
952614950
386265640
314274700
178575798
759306810
23482358
59711010
750004082
696584504
867677207
193275305
389927427
576883906
963962664
58816736
925463157
520493430
280322657
275127100
478823691
137158394
186587623
309914368
34317937
400039404
716574648
44256897
239487316
379135191
988302004
988302004
740630647
778557779
269522820
345422821
364670984
516383057
918906322
294780030
314413453
596813636
255846959
527030158
151864881
397991399
482020824
474287892
67633894
638700175
862636349
470251328
93232780
239487316
137158394
69349174
799532130
476502234
109320
364670984
259359025
933304101
314413453
67086855
114617150
711265915
835157964
999167262
16977106
704827836
424614948
53607942
925366428
772214221
207908345
794289386
249479266
137158394
335362996
526282970
275507421
486167898
93718562
428240100
840517467
476497914
444805188
661815621
93232780
199785190
913408437
494874175
654167456
419074646
349603248
120069982
977485422
685749764
239487316
833577684
470251328
608423628
553060639
536439477
57144570
405572486
93232780
438939264
704852441
354740411
988265960
992780831
345422821
156285460
454287660
5340829
404497893
751109629
10
709723480
802916844
862636349
566624508
281255127
465926886
117643267
991400574
318294545
108563469
208917888
983780318
718367410
129720502
124772263
980877287
470999133
649032276
129151366
202224753
362449711
351472324
972224238
42310282
738200694
415385114
95673858
945309929
710930413
129151366
472750916
573539027
93898630
555573743
251297295
67086855
714797570
28880516
130159798
167026947
335362996
519893506
415385114
806537361
680748079
481970212
127913563
451927396
103961583
685901334
843974522
463742943
224441238
649329457
752157553
998426674
479810800
787638947
372339610
154221862
457230381
162101766
297721548
176695081
448121232
933891365
195744493
865544553
912135238
389927427
658516737
781323749
186587623
984438484
523004143
124887470
832259182
290767032
444232445
156285460
289635176
572237390
700167415
394486632
194266796
679855380
661296104
979917615
298620610
995547968
354740411
135732068
207908345
555573743
843410497
22854509
120135470
113370599
881775823
866232351
772214221
93898630
412533633
912512387
903221914
172901029
152425694
319707066
60606011
912135238
836146678
340057136
341482505
208124640
349603248
66430650
746937336
718985441
32373650
227255957
630174927
280128240
552895779
833108996
163057384
995547968
695873432
751109629
652486171
782848154
795368854
714797570
151667782
737659222
381708152
182684492
654704229
977485422
751109629
518406867
173286187
884750607
373635
527030158
180207343
273675489
713207917
862636349
121413468
293443789
83758261
204434900
504479989
168210228
739999917
93898630
385709273
363339583
69349174
843410497
269522820
404983224
478420462
304697117
398089477
554525827
746937336
834527409
597286199
609810659
655637098
690319247
649329457
933891365
867677207
745810009
991435600
926473468
765660580
150
539189469
362399368
198700696
32384110
933891365
444339581
969013453
704852441
296320952
316372179
448224737
767443698
213059235
24186630
227547313
940644413
443607341
298620610
443416107
928419854
16977106
482866441
388061120
698436690
312257833
298620610
678237557
349120238
373635
656721370
476387027
478420462
704936703
258356816
493854947
372339610
972788933
308511923
729013225
740630647
808877031
266080834
172901029
478420462
338911730
248004927
760151334
435538903
150545459
510319234
514811540
436715057
764336311
840517467
68899906
679855380
780068949
718184513
582369622
119261383
991435600
150
32287383
892067847
7994239
506162186
185501014
342330165
331630390
963962664
832969675
92363518
963962664
991400574
707469338
34220901
77730612
70686167
510359604
940500249
460387688
843410497
309480661
184151516
479686226
389927427
912684975
249420944
58020252
129151366
823046072
210820235
51276968
227547313
557820851
148396464
764523640
843410497
155114584
467714031
129720502
147273508
439843631
747363900
570566168
790462100
949951559
108563469
505115444
574804163
3384
751885764
327528664
292123694
452035468
745810009
913408437
823046072
458432099
680689218
751885764
165803742
342758535
654375754
396643181
169337747
314274700
859938264
415385114
439752238
695800038
239487316
624986648
33854381
982694831
955235218
488835240
698436690
479686226
79683687
996580937
862781509
498943403
400202238
780068949
661502111
632243255
824309164
873508430
614315473
843974522
922207817
345422821
593231772
820777211
210302636
762702876
66430650
23108200
511022453
174875262
487814049
673161982
787638947
628649348
986345000
704852441
607196614
748617054
489334816
32384110
531878794
637653710
284208981
240759213
397991399
560339694
636075829
389927427
802916844
32287383
608423628
156285460
322694855
964982728
467714031
802071199
988265960
28084194
749018590
419177403
795285863
780068949
93898630
712677458
77583771
805697651
926498320
507634900
804290133
482866441
988149843
845122187
178339009
199260963
275205258
918055945
945309929
880912414
1
713664726
423355107
124887470
302323863
248590766
602121847
340980453
556266556
32373650
121413468
490633924
448224737
259407070
49498597
891024523
918055945
67633894
117643267
843410497
220644074
424565948
171925427
83015656
309914368
168210228
862636349
281255127
716100284
948306106
369298235
113370599
70626556
770935442
369865985
70843747
950083928
780061331
648816111
658516737
608423628
482636632
167026947
540791553
482020824
996817142
82229777
103961583
343075083
207908345
168210228
751109629
400856080
280128240
690319247
838367535
903221914
297721548
493854947
364670984
369865985
154331394
489334816
416753665
32373650
286046627
81639255
853377858
275507421
406034365
787638947
865544553
251297295
527030158
596813636
404462807
637653710
69349174
201973071
602424522
176128960
364751882
114617150
344673966
1
251297295
286516443
189874901
316372179
256187896
4578874
991435600
673161982
845368062
349603248
940644413
325254998
67086855
3119283
313308504
823046072
93232780
365777724
654744933
291848212
179597442
539831708
432495547
280128240
898721940
566545360
482020824
309105568
585240519
862636349
4578874
758379702
240671809
780068949
369865985
215386009
168210228
885392673
115466817
587555007
721617140
342330165
180122058
505115444
239487316
806598874
193275305
305431176
32287383
799610352
189874901
394951648
239487316
309007263
888451819
988265960
680748079
973373500
291848212
721617140
314274700
354740411
704852441
733599792
993246911
103961583
331691188
478420462
820777211
341482505
829371507
3384
165803742
766218273
779342623
899162623
677023941
372339610
991400574
499514594
482636632
740630647
746937336
983609445
760640167
678345890
573375284
981870925
160888447
239487316
680748079
189874901
933866206
27810873
468164309
3384
596813636
353058373
751109629
894416073
779370659
227547313
479216760
991400574
458432099
227255957
342275107
992407830
788383828
692438872
32384110
21356517
237185267
529425974
970100301
587083549
597603250
379616123
884750607
491095008
915738212
505290173
892388452
698380963
743928632
93898630
78646918
275127100
738200694
910591102
387120643
910603201
881775823
115981407
68830479
991400574
429095061
131225688
454933126
716100284
271586364
162723053
634147120
459756422
486167898
193992127
332516994
780068949
552571028
708741688
620776818
906245666
67086855
162179462
635412312
607196614
384951437
715176800
870112674
539831708
933866206
945899352
995547968
207908345
432975777
281255127
4578874
717552752
341482505
711527652
952041196
931153286
27829860
718627395
424244340
557820851
660623703
448224737
249420944
827874435
148516861
503444762
61069700
562031876
58020252
273320985
993246911
340980453
275205258
297721548
658516737
472750916
458432099
977485422
963962664
165653235
751109629
849859696
602121847
521758913
508169862
770935442
914485624
427183797
714797570
350102117
918055945
780068949
186587623
381559048
262190454
472381835
470598575
280128240
129151366
827130814
413960064
117951588
297756206
839299843
369865985
717552752
364670984
739952414
596813636
482020824
205968268
248004927
842176960
629458881
185057503
986345000
66923545
827874435
167026947
493854947
193275305
300026962
249420944
796291637
899162623
251297295
251297295
170864699
865494791
270877414
277883220
249420944
773485779
801108045
249479266
324075649
113282796
582405307
482020824
772214221
806442151
26299487
91650707
100441623
802863713
151667782
793719152
121413468
560353456
590538451
22767414
329946831
851512688
378007172
950269888
296071046
239487316
387120643
574099600
742292755
843664461
397991399
451252954
661815621
326901762
498943403
607196614
68899906
386265640
975838867
597061900
799183964
991400574
905464588
384951437
164917480
625290551
661815621
320698837
751885764
531628789
478420462
706153832
842176960
621372446
688209454
630521127
448224737
312499983
614380239
991400574
634247715
952041196
95355018
514378655
849122741
673161982
398089477
25322078
401016825
925265594
672591369
275507421
993246911
92363518
131225688
877928308
827874435
843410497
172901029
174875262
159658681
290083390
918055945
457230381
464001969
745810009
649329457
388061120
14930372
598374889
898721940
280128240
492857495
179597442
881775823
404462807
949126929
814019789
298641981
362603295
249420944
613025525
630174927
636140254
495780310
730853857
251297295
451927396
452035468
530450349
245895686
478033125
900455384
32287383
912208782
980877287
498943403
112687292
78646918
362603295
882111429
386265640
126573518
988265960
694398637
716100284
150
384951437
34220901
928419854
3761461
199260963
573595452
402737690
980369213
624550570
130159798
945325936
614380239
891805632
22783699
436014794
159853745
598374889
179618373
998800221
96507421
294780030
676167821
899369686
109320
309914368
967874071
705234926
865830776
182624322
398089477
335362996
867677207
977814754
661815621
646874541
988265960
596813636
68388412
747363900
648816111
249479266
581069032
706153832
58020252
1
92758893
802676821
3761461
895826681
388061120
388061120
198025561
185930935
96177646
814257103
444805188
82229777
492428964
473875888
204637181
711265915
490496543
96507421
912135238
498782014
227465186
548056668
477546440
3384
153835973
688080250
658516737
827874435
4826160
436715057
927897576
980877287
214764388
309914368
726185148
193275305
988302004
663840132
58020252
784598733
349486802
229443188
398089477
993246911
764523640
912208782
70319167
11743163
452035468
661815621
654167456
933866206
1
933891365
344531315
443091662
592978951
334342954
1037290
705234926
599345009
201420417
213884376
96507421
155114584
248004927
4578874
969845515
96507421
365777724
805929716
507634900
281919951
556007948
945309929
248004927
788975441
430117786
717552752
148516861
168210228
444805188
862636349
121413468
976790718
27342384
150
516383057
200016492
669382757
658516737
680748079
67633894
148516861
770935442
436715057
918574631
270710518
312499983
653867833
709394204
412533633
630174927
487814049
918055945
745279560
341734287
787638947
864405466
108563469
82229777
156285460
362399368
540791553
149763625
404462807
148516861
453007804
397129535
342330165
501833757
794289386
93898630
728091607
802676821
849859696
66430650
178339009
176865798
807973025
192549641
988736433
461576354
575176824
854970543
991435600
912135238
170449982
745201562
155114584
75179214
439752238
77465185
195101901
802676821
249420944
325164267
83761743
137158394
220269897
176717014
22076279
912208782
318294545
149544260
100441623
422140293
858487890
285518673
93898630
983780318
39218592
107816356
728091607
528322992
514802540
95673858
873735929
358310461
854887779
880396219
66605158
349603248
429096251
667402272
775002117
499608942
511026252
151667782
795285863
534080712
821987704
836849394
859401749
908094825
273520771
304428521
865544553
400140825
993077639
711265915
898721940
802916844
847320047
747363900
849859696
266122258
992780831
198025561
607196614
850898801
867220283
663349178
4826160
491758092
155171518
975352204
744951483
780211939
474301826
108563469
328755185
482866441
449710497
114617150
470891798
3384
362399368
185501014
995904198
345422821
615059934
106125494
115693645
545525098
824309164
32373650
131534392
195828062
467714031
94779413
795285863
155114584
770935442
157704147
167026947
287949017
614633990
946278411
717552752
831269980
684796026
58020252
575070022
912135238
312499983
348152609
623134590
912135238
1
538857246
56055233
857286919
260336647
215564144
774332205
683538680
487814049
267933777
224311194
398089477
190408348
81438914
216008843
865494791
167026947
524632621
478420462
849385927
114617150
986345000
46598156
979696267
602121847
379135191
477783319
983780318
355796919
278976413
423447427
80183165
251297295
527030158
440137530
27810873
865544553
299344612
901597078
598374889
117643267
966795150
291848212
68740776
519600836
38408518
843410497
121413468
531432406
823046072
245360026
494874175
196471167
16806579
149544260
295100312
92758893
827874435
129151366
246195073
992780831
568368152
607203549
63151199
826492535
770935442
873735929
445591399
912135238
503444762
675394189
912135238
74294275
103961583
990520907
482636632
83932478
686406158
539831708
222989630
651800333
130159798
778137771
954841611
884158612
913408437
649032276
172901029
257109006
712918403
362603295
327489686
398089477
979992373
451927396
898721940
479810800
300359228
690319247
503444762
524632621
925965006
857781167
125411346
37687639
333009485
4826160
309914368
479810800
493854947
110468114
191269741
843410497
326901762
225914999
537554792
625060859
894126413
568368152
811414811
406429721
227255957
608423628
393664260
802676821
114763466
10
79588042
70843747
121413468
589874263
806442151
378555259
512006406
19757420
415385114
280128240
117643267
752348895
686406158
189874901
234263681
39218592
92758893
96177646
227547313
445686889
705234926
939092460
375415318
200016492
187225094
598374889
672340633
463535049
986345000
843974522
444232445
138031018
158805485
316372179
952041196
507634900
873735929
349603248
416740393
581264389
339688757
981870925
248004927
915385119
193992127
230160761
787638947
810087250
448064110
807500551
843410497
298620610
482866441
710123286
414562126
596813636
557820851
861477380
189874901
600794310
193275305
96507421
988386851
711265915
448224737
995547968
23482358
710922072
83761743
1037290
348694967
280015495
457230381
184151516
96177646
335362996
482866441
952041196
983096902
341177163
202396338
539831708
162101766
614380239
728091607
746711237
284257601
114617150
486167898
818265792
789955510
787094952
143204898
212497721
753735233
192873662
726185148
585499877
704827836
144577080
92758893
689075782
137072344
199785190
819552158
404462807
686727494
132602254
131206864
831512117
275102753
885392673
788272119
644017086
912208782
27810873
326901762
242026776
933663727
232430045
470598575
933866206
108251760
164084061
438000249
248590766
349971318
362603295
867677207
829563740
548056668
778557779
34220901
729795350
716574648
967102009
924957436
236537507
57667734
105262447
564744441
680748079
621372446
130470528
940644413
803039224
640864393
34220901
498805845
950290133
342330165
514813423
369719199
381399433
602121847
231533694
226443141
269530396
803039224
349603248
797885412
109320
103961583
981870925
936922267
638243019
676481994
648556615
634075147
818265792
911728630
467714031
251297295
977716129
506666949
69349174
165657738
662178619
862636349
654167456
204434900
167026947
172901029
150827678
436575189
322198802
990392759
323461415
227465186
740630647
557820851
980877287
988302004
249407551
616622086
576917790
787059017
516383057
704297944
165803742
634247715
291848212
671933112
314413453
655015866
485717375
3998093
186587623
401016825
67633894
103961583
67086855
738961813
507634900
612631246
704852441
349603248
728091607
746937336
239206915
686406158
316372179
779370659
932902583
137158394
477546440
948865481
189874901
275127100
217334029
785239145
903221914
249479266
127510721
867677207
992780831
472166701
643373965
199785190
27810873
487814049
156285460
165803742
451927396
78646918
679855380
207747462
531282661
451927396
453787062
42310282
723587442
60248002
821987704
152864973
608423628
150
816841450
303825089
262386481
626701595
548056668
743928632
251297295
208473631
517951841
906840681
904648279
865494791
78646918
457230381
822043594
200016492
669803181
796235709
329313371
92758893
170864699
96177646
480321597
717733739
138885538
704852441
44718775
383582421
993265424
309914368
913780372
746896767
912135238
370078017
32343922
764575423
862636349
219768328
552085790
991435600
444232445
801491692
945309929
28024221
867677207
912208782
82229777
637878073
4578874
655015866
92758893
281255127
686406158
551064367
24534859
208917888
978054144
780068949
302446936
96026522
444805188
940644413
32111757
933866206
108563469
840517467
179597442
524632621
472750916
953054449
463535049
503444762
522719837
706240898
275507421
25322078
200016492
613683203
388061120
648816111
249420944
132018043
690319247
933866206
751109629
369865985
315911789
239487316
148516861
802676821
535475665
654167456
806442151
137158394
407615950
251297295
853560618
444232445
294441676
728091607
596813636
397129535
729568394
769929921
66923545
921733420
649032276
151572063
940644413
162101766
494874175
482866441
204434900
109087471
208917888
716100284
479810800
700167415
751109629
867677207
803039224
162101766
432337910
824309164
309914368
269522820
67633894
83743676
836864874
78646918
802676821
397129535
800216352
275205258
698436690
328469357
326901762
237360191
557820851
227547313
973039106
865544553
42310282
32287383
269522820
362603295
482636632
174875262
717552752
29185480
913017117
199785190
236293972
332199761
829563740
431437575
298620610
848087584
369865985
208246128
840517467
329313371
180517627
458432099
846299241
269522820
843974522
562986044
165803742
318294545
645461990
249420944
278021744
855380804
523425738
369865985
767606886
275127100
398089477
248004927
486167898
711265915
555573743
314274700
408935225
843410497
967267786
251297295
29395074
740630647
738200694
182503246
493854947
107816356
453051735
357932736
779046167
156285460
181160260
680748079
996302767
758729357
700172783
843410497
304697117
843410497
884158612
438503191
14568572
415385114
92758893
313734723
492221190
472750916
623020732
689075782
963962664
151667782
953799473
749018590
614380239
972432068
16977106
769929921
24032674
874526608
561473479
150771442
199260963
556007948
743928632
92363518
16294706
728091607
913408437
941369462
348623161
316372179
655951784
824309164
630294373
240879853
918055945
34616273
541363423
740807781
305174163
27810873
242026776
787638947
686406158
851421688
792579760
981870925
169465955
27810873
415385114
979992373
308120502
740371614
717552752
364670984
981870925
802916844
545525098
316372179
397991399
306426048
327152431
884158612
198025561
721617140
802676821
198025561
788975441
812855471
679855380
179597442
318294545
176086440
27810873
151667782
950133097
130159798
159156532
10
253118136
865494791
179597442
661790451
986345000
162101766
507634900
392242512
273320985
349120238
539831708
13835774
992780831
872637533
135907797
507634900
462609771
333552803
548056668
92758893
959461029
935319576
286370516
94967399
362399368
32373650
28136505
340980453
114617150
644950692
195828062
239487316
402290252
598374889
198025561
341482505
765463803
727440027
843410497
912135238
519818036
178312122
843974522
505115444
67633894
364670984
602121847
486167898
23482358
969073330
743928632
98137253
46598156
462854605
264089527
314274700
717552752
312499983
96177646
945309929
275507421
925260004
568368152
767689391
573375284
842525810
979992373
526599754
964982728
598374889
227113676
670239036
516383057
769929921
461363736
611180757
630174927
539831708
69055827
144577080
843974522
933747175
309914368
314413453
778575865
310769384
722803347
345422821
297282552
179597442
941418230
862636349
470598575
340980453
738200694
404462807
324449942
146063713
309914368
756488799
716100284
936430677
420417930
794235041
100441623
557820851
919965156
195828062
562986044
477546440
174875262
34220901
298620610
298620610
607196614
510639848
362399368
1037290
354740411
563470489
189874901
419742984
335362996
521677434
305174163
335362996
934968930
205941541
88633722
120581415
704852441
494874175
15247144
698715670
591466276
172901029
928006321
672807541
716574648
114772382
388061120
152224262
769750738
137158394
548056668
472750916
804954274
797051256
544678387
459756422
808743404
92758893
227382860
179597442
160987207
843974522
174875262
458432099
854307583
643694403
814147832
100441623
374467353
308105086
843410497
129720502
137067068
227465186
27810873
4578874
251320142
424614948
522306069
270710518
42310282
26044314
140518033
458432099
690319247
711265915
670438427
658516737
402866149
567864632
344414847
862636349
362603295
32373650
416104303
46598156
276469689
912208782
913408437
907254311
912208782
697052451
661815621
398089477
965832916
922384422
121413468
714797570
269522820
46948604
227255957
479810800
681100054
154221862
779370659
114617150
329313371
199260963
436715057
167026947
779370659
174875262
151667782
3384
963132770
4578874
170864699
314274700
411632579
482636632
100441623
965243946
810507424
148516861
482636632
324367954
176717014
683538680
398089477
360218230
585699584
5628167
963962664
582358476
557820851
945785300
540791553
25232064
386265640
96177646
764523640
884750607
909039411
842176960
2563361
981870925
386265640
278418011
852170073
151898547
721617140
843974522
622024230
658516737
434575231
208917888
797626172
995547968
398089477
67086855
111781433
193317525
548056668
630174927
148516861
113360073
608636637
384951437
992407830
111290994
68961758
598374889
717552752
239487316
912328412
940700180
548444787
581264389
953680018
129151366
526829543
503522459
3384
637653710
67086855
423719663
634247715
106423435
240879853
683538680
129151366
170864699
79690403
225799444
505115444
715394019
646891396
170864699
849302162
109320
743531932
933891365
764523640
802676821
137920721
70490549
232905755
482020824
845638190
988147732
607196614
284333991
200016492
912863145
379135191
260560667
555573743
252528284
608423628
451413226
67973340
971257794
96177646
843410497
923430579
93718562
117643267
2368150
291848212
536286855
744976488
965792864
298189559
299850349
191031691
585240519
225656143
345422821
66995515
168210228
280128240
900127059
1037290
751885764
174875262
227547313
772214221
195828062
203126613
667865982
132193914
392219919
395219856
843410497
840517467
979992373
775580577
217742132
275127100
479810800
253717271
587415953
858498487
169484406
486167898
461947436
114617150
912208782
498943403
444232445
743928632
23482358
67086855
988265960
795285863
700167415
995547968
32373650
66605158
165803742
716100284
426104065
156285460
726461545
269634584
148516861
789262137
368186345
57153625
309914368
70843747
467714031
956050510
743577036
170864699
288760206
640434012
649329457
863984395
323387914
545980603
912863145
294780030
103961583
745810009
248590766
354740411
32287383
314409236
275360509
314413453
347090776
554437228
122071777
803351365
151667782
96507421
498805845
419113360
142113928
711265915
538086090
557337497
86442771
936362099
21103147
218943524
751885764
871460669
314274700
304697117
314274700
37254801
184151516
129720502
435994543
379135191
983780318
316372179
794289386
388061120
764523640
739975198
623550549
503444762
634247715
791721598
3998093
59553935
369865985
436715057
314274700
442658022
463535049
903196530
251297295
829563740
865476025
163410716
831302336
327147389
628344062
913835089
344071257
913667243
42310282
212619552
208707621
415385114
195828062
80525
661815621
655015866
799115636
689075782
282880170
461953457
199260963
328921931
184151516
347090776
957414953
386645035
795285863
340980453
196708143
751109629
368507045
178339009
602121847
627382234
23482358
394816926
595220858
341482505
912135238
314413453
249420944
397991399
751109629
976646382
349603248
579206822
945309929
600409126
545525098
222125299
387120643
707868125
634247715
397129535
58020252
83039540
882245248
343482423
597104051
988265960
598374889
393658570
227465186
34850360
815304178
290767032
658516737
868170456
230543199
248004927
343087525
554167615
799901358
343509068
19589353
34220901
251297295
332900499
393658570
961929701
997221543
866297245
992780831
393658570
325214911
740630647
166724568
379228620
548361407
644687153
394323297
711265915
689075782
29173009
337300920
394875134
391233527
843974522
673161982
100441623
137158394
95673858
275205258
400539824
199785190
398089477
290767032
462289589
912208782
614633990
714797570
247868327
873735929
410092312
281255127
852228372
193992127
952041196
606700887
71578434
198443777
298620610
788352316
248004927
945309929
747363900
24221110
103961583
282449676
565112207
397991399
653040782
412586351
213211783
566957329
195828062
139311251
338197372
705234926
503444762
931009203
469484890
680748079
482020824
507236163
624688144
94790602
514802540
958895400
173580112
977485422
865125094
95673858
608376455
362603295
316372179
362426405
408151418
109320
514482819
442896541
118503459
459756422
881775823
991998484
834706185
248004927
155114584
148516861
387849688
32111757
721098682
302961751
309914368
581264389
261683116
224026556
291555405
193275305
780068949
673161982
981870925
814491346
105562117
103961583
524632621
656111318
345422821
288157075
46598156
246569275
249420944
179990599
10
465839791
598214365
96177646
612835856
510759260
686406158
389927427
686406158
747363900
545525098
198025561
556007948
933866206
345422821
700167415
778740208
497863491
692981837
109320
637653710
506548545
482636632
991435600
912208782
415385114
402737690
326901762
158193696
654250822
68899906
123631269
760336413
747363900
921881360
497479305
362603295
170864699
308381091
252728279
786827030
801581724
10
815029486
596813636
988265960
202154990
843410497
836997074
314274700
212335626
794289386
952041196
395241630
284614223
319567150
493854947
721617140
172901029
470009759
515298813
507236163
711265915
482866441
93898630
318294545
600588427
179597442
919965156
645174138
17995975
247759552
70932713
7893282
887003122
3384
527030158
865494791
978711348
489334816
496165104
34220901
514470143
750166443
424614948
69349174
815170456
794786481
630174927
846714324
527030158
940644413
321549654
755507714
424912699
346553087
313021648
626701595
260327125
503444762
174875262
444805188
803039224
81387404
364670984
93898630
359477933
973455109
470598575
777161433
21946575
46598156
391968365
428120569
658516737
200016492
746937336
705234926
479810800
952041196
745211666
187023671
539831708
952041196
698430246
18105092
23482358
988302004
728091607
3761461
248174600
821987704
279728437
740626031
732445548
700167415
723883053
27810873
316953485
780068949
275127100
81939653
148516861
573375284
816819412
503444762
992780831
685707483
597934765
680748079
711265915
293506520
527030158
946750818
330936553
335613686
457230381
716574648
806442151
389927427
827874435
493854947
621372446
100441623
439752238
349498376
933891365
444232445
681329662
176717014
467714031
820777211
457230381
398089477
862636349
983780318
477480252
100441623
649951633
945309929
679855380
607196614
67086855
344302536
151667782
251297295
159923536
803039224
794289386
704852441
329313371
778557779
405572486
393658570
358198791
225799444
545525098
781327818
745810009
42159699
189782524
16977106
555573743
684781831
316372179
518452451
369865985
172901029
78646918
362603295
225799444
404462807
462480493
258558178
945086604
91902156
43353218
314413453
614633990
545525098
772214221
479810800
172901029
903221914
149544260
675512112
951614613
855394195
386265640
387120643
412396169
684843463
683538680
201600548
968850488
712816928
131122457
914798683
447057802
301521510
569563281
679855380
467714031
144577080
516383057
479810800
602121847
121413468
110468114
2830509
865544553
316372179
780068949
602121847
827874435
687165037
596813636
793896366
479810800
144805839
318294545
600959899
298929553
169547329
469018033
151667782
527030158
21118883
598374889
103961583
962483163
963962664
232929125
663349178
163410716
448224737
645116428
179471514
141955797
590361041
983780318
746937336
985554995
402737690
534143310
108861296
285919124
1
771285654
64408513
300149205
608423628
341482505
663212016
743928632
607196614
469077457
679855380
686406158
716100284
980877287
467714031
812702061
404462807
637653710
780068949
788975441
67633894
721815490
198025561
843974522
940644413
4578874
16977106
125893522
965243946
40571596
314116173
101333545
227255957
100297961
117643267
384951437
137067068
113370599
388061120
198025561
540808656
342330165
952041196
32384110
81492133
290767032
482866441
329313371
110052531
884750607
174115709
741158098
641400893
349603248
544098126
478420462
277414586
873735929
689907438
444805188
63004434
469975329
504946749
149544260
654167456
238382602
294780030
338549127
666758765
843410497
114617150
614520562
439624068
977485422
885392673
803039224
465853985
165803742
275205258
745810009
193992127
144577080
328490831
720918820
193852080
170864699
655009496
88446979
338911730
67633894
70843747
506801077
199260963
96507421
16977106
918055945
726424820
627098007
121413468
23482358
585240519
380325214
873097245
544717189
957781337
743928632
364670984
466390107
862636349
249420944
695147998
464063534
802676821
785699032
186587623
992407830
446949980
354740411
661815621
340980453
297721548
527030158
823046072
316372179
227382860
349603248
837608106
150
224026556
388061120
933891365
673161982
940382213
818265792
651205089
691386063
548444787
100441623
487814049
290767032
42310282
324312352
342330165
393658570
279035353
652808189
824309164
154221862
225799444
269522820
561636032
634247715
256468721
780068949
266505898
53062172
49837559
648733661
802916844
227382860
983780318
129720502
78646918
362603295
557820851
413433988
337227323
785240745
472750916
230676088
92363518
556007948
991400574
976079965
176717014
533412636
268880708
865494791
913226638
599934542
489334816
112349701
802676821
992780831
345422821
635078253
909905693
52431134
714797570
8055138
280314203
596813636
624150189
873735929
93718562
23482358
240879853
165803742
495780310
341482505
958581439
719605360
546199214
489334816
305174163
240879853
896909254
326018075
539051086
221392565
608423628
349603248
721617140
198398850
199785190
13041633
633049710
326901762
988265960
386265640
82229777
868331269
609928028
472750916
675803980
297810698
383402003
83761743
715690147
162101766
585728711
462702536
661815621
228210664
340980453
458432099
727860516
645053121
251103764
232465183
653719074
848382809
372841269
227382860
995547968
614633990
607196614
4578874
100441623
986345000
405572486
174875262
178339009
607196614
345422821
340980453
3998093
498805845
711265915
738200694
691481031
716100284
198025561
443607341
597798573
240879853
207908345
249479266
415385114
706153832
977102543
670299264
802676821
928063460
369865985
163410716
389927427
461476293
130159798
736394633
347090776
335443213
69349174
129062000
658516737
740630647
258586055
912172550
244887683
100441623
566100869
884750607
459756422
608423628
23323126
751885764
46598156
602193338
151667782
378152691
723921658
4826160
988265960
96177646
556007948
806442151
16861831
714797570
623367581
494874175
124887470
199260963
700167415
362603295
992780831
612005482
733194388
291848212
260546622
764302619
335362996
705234926
275127100
248590766
592789218
878407651
882047811
273320985
705102948
291848212
69694624
834429163
964982728
4826160
227465186
903221914
802916844
130510452
32287383
584286132
96507421
836319943
3384
714797570
298620610
608423628
270710518
862065020
555913795
484855122
728091607
64302003
151667782
630174927
954497148
977485422
149544260
389445169
58020252
529989236
335362996
664282555
4826160
204344267
503284359
464063534
885392673
159096883
453819418
648556615
700167415
456571381
903221914
1103382
93898630
137158394
516383057
941613541
159853745
581264389
316372179
668296509
280128240
751885764
237403850
387836937
131225688
189874901
397991399
873735929
248004927
843974522
151667782
700167415
693842339
385656257
802676821
903221914
680441459
617310703
745674319
406117264
791764848
994655760
146169043
149544260
100441623
952041196
631708567
582954865
113968894
597246008
630174927
671070587
275722069
322901426
807532815
746803413
338911730
678247404
831512117
154027407
721617140
397129535
606080063
977485422
999367657
477546440
216409606
150
459756422
714797570
96507421
496101960
995929326
477546440
760893269
843410497
443607341
401016825
507634900
621372446
92758893
720924008
498943403
95701167
873735929
810530950
553162368
716100284
398555043
124887470
312499983
604585182
852096386
255241007
680441459
862636349
291848212
248590766
514802540
33535488
373635
415247734
385827993
421303600
975286416
130159798
868069337
669658947
269522820
345134006
608697577
507634900
671772304
185501014
691173393
291506177
151667782
824137168
977485422
25322078
376322591
316372179
726716204
921245975
459756422
900777662
607671715
735191393
751885764
598374889
648556615
490576882
316372179
961614402
4826160
963834850
42310282
591283924
208917888
369865985
335362996
386265640
908074229
284162717
681166122
933727368
340980453
705234926
836365935
667097111
495780310
503337797
67086855
42310282
64133585
750767079
769929921
478420462
39218592
714797570
201342762
472750916
838725788
655015866
318294545
986345000
602121847
58020252
398089477
195828062
764523640
415385114
716100284
800839881
100441623
438669120
541702095
746937336
897357183
716100284
326901762
529864286
398089477
52430004
472750916
810745288
673161982
67086855
24997420
462240947
680748079
83761743
679855380
591630598
794289386
107816356
314413453
46806061
690276307
477546440
291848212
746937336
99346301
452249129
207908345
992407830
830253046
250946234
928419854
293503352
193992127
239111543
865544553
309914368
203625394
867677207
335362996
704827836
743928632
291244629
329174814
373635
659266257
444805188
171934726
655015866
230366658
607196614
913408437
83761743
205198831
516813430
658516737
946518001
752028761
275205258
67086855
507634900
95556376
467714031
745953297
82229777
305174163
784192209
800164794
913752880
933866206
482866441
939286519
794564424
305118204
608423628
705234926
581205896
772214221
627973754
398089477
108563469
81620549
491350780
67086855
711265915
820777211
389927427
95084447
746937336
609313940
23629446
395203765
743928632
534426865
416976073
692381246
161386345
602121847
991917153
100441623
216895814
448224737
993893775
952074093
567159683
95673858
273320985
843410497
988302004
692227418
193275305
401983212
981038418
679340192
992407830
252162851
710873
977485422
156285460
255385754
840517467
578675790
668843428
50308658
581264389
109461501
388061120
117643267
748119941
53628498
326901762
740630647
227382860
314413453
297303606
56666689
971907356
452035468
107816356
751885764
92363518
298456541
648556615
9083868
101846308
384951437
964982728
596813636
568368152
479810800
70843747
818265792
995299233
373635
744820449
137238475
626076036
448224737
273320985
240143483
842176960
149544260
116606329
482866441
4040564
649032276
801293389
3761461
32384110
924263505
64629421
372339610
493854947
654167456
493985465
387120643
444232445
918055945
131225688
794289386
829563740
981870925
230829477
489334816
52474345
952041196
820777211
335362996
129151366
652766990
273682698
372339610
32384110
715556051
933891365
539831708
716100284
946160990
408822245
637653710
683538680
166151151
940644413
977485422
988302004
291848212
17818932
275205258
906063432
602121847
1
455124338
409572334
867677207
113370599
820144652
404462807
780745594
176309030
635668926
322085906
225799444
305174163
704936703
953849913
25322078
831512117
208917888
476532646
208917888
452035468
434444646
919965156
539831708
66430650
917235062
698436690
87779800
93718562
170864699
954101031
165966206
773118870
873735929
794289386
165803742
439752238
769929921
700167415
912208782
669061612
556007948
211960357
132559270
179597442
329313371
745810009
808393787
486167898
711265915
486167898
34189163
952041196
538378481
720021738
964982728
747363900
144577080
165803742
658516737
614633990
898721940
993246911
988302004
275127100
239805138
728091607
151667782
82229777
53549152
579401565
207908345
669692848
347090776
603988521
241917851
192660059
312499983
58020252
362603295
889623412
596813636
142518921
379135191
770935442
887690558
505115444
775029603
607196614
347090776
686406158
39218592
242026776
925207958
467714031
392567463
607196614
452429988
448224737
244403362
829563740
207908345
235149017
185501014
637653710
741358499
686406158
121413468
167026947
935203324
82229777
913408437
249479266
292352842
379135191
347090776
567066435
671292382
291848212
150
113370599
314413453
751885764
516383057
96507421
891578380
105404428
654167456
67633894
799476174
979082306
103961583
911633170
967102009
827874435
329313371
470251328
507634900
482020824
5682026
545525098
650640961
447383228
270469563
397129535
903221914
339434962
130509950
347090776
297948681
412533633
482020824
454040499
96177646
683538680
758124580
941128772
842176960
988302004
10740618
663732938
746937336
149544260
193992127
634247715
285875233
602121847
439752238
863823615
738636918
932162343
493854947
784394194
270710518
117643267
671759830
757442266
403368960
664684649
655015866
151667782
248590766
467714031
235384445
208917888
319842878
314274700
207908345
46598156
596813636
255237867
946033411
312499983
768731168
106682280
504481007
969776637
50720702
964982728
540878895
386265640
299651244
928419854
686406158
462252458
336797843
912135238
630174927
456516902
314409236
958710220
783469772
170895439
150
87621154
737065168
840517467
472750916
130159798
201308363
304697117
983171056
244210980
507634900
646496969
159252029
867762763
670075982
371081630
306487083
615097137
529001916
329542179
570177276
482020824
818265792
389927427
93232780
749018590
623088347
117643267
270710518
704936703
711265915
96507421
34665972
397991399
958100889
312945683
419840094
751109629
352478318
997238467
654451814
654947329
516838754
999214990
823046072
545525098
467736876
363044177
705234926
478420462
492787963
209670643
23743906
448920191
637612705
489334816
873735929
275205258
27810873
843410497
324663903
272393061
117643267
718119336
121364559
206418536
318444716
546659972
801301052
247735200
182103330
415385114
884158612
153412989
919965156
807973025
333052189
16977106
97108172
193992127
734791507
67633894
897929848
862636349
822098205
985095888
228279905
770935442
199863566
995547968
343936219
275127100
343072167
261307394
227547313
917057915
537558283
369865985
743928632
3400
672446582
614633990
184151516
71042120
199260963
705234926
412533633
605847382
714797570
940644413
884358274
178339009
940644413
818265792
8664337
259555443
991466117
12189371
547387095
133085651
310108815
482866441
482866441
457230381
157500998
897687938
705234926
995547968
865544553
58020252
117643267
749018590
817718043
475634304
93718562
313871121
340294605
412148348
92363518
700167415
823046072
433964885
347090776
10250090
78646918
131225688
557820851
42310282
601482616
457987009
58020252
843410497
795351431
339288763
302664499
288088308
108563469
38896381
195154439
820777211
386265640
915056188
780068949
124887470
96177646
673161982
172901029
920132446
179597442
630174927
356141323
51066627
542015080
679855380
948239352
1
786794817
373635
683538680
686406158
598374889
884750607
627098288
131225688
369455002
842176960
977485422
972002439
149651532
305174163
548056668
399977528
252907764
669989313
644123287
645132064
165197672
922824313
324367954
78646918
10
312499983
314274700
397129535
195828062
831512117
92758893
162101766
617085456
275463498
159853745
67086855
737347037
3783762
662006054
137158394
494874175
227465186
412533633
362603295
207621770
818231402
134733460
903221914
34220901
672310368
341482505
149544260
545525098
230868094
626428049
898721940
974777623
354970236
269522820
27810873
683538680
318294545
95673858
767641283
349603248
459756422
178339009
16977106
493800484
393658570
193992127
404703851
174875262
669989313
117643267
548056668
916524495
607448601
402737690
280128240
770935442
966283097
498943403
268518971
506298932
352222067
463535049
193992127
1
416976073
712962201
110468114
67086855
705234926
514245021
467714031
882322051
204434900
995547968
653650650
338833949
137253333
401016825
986976136
714687211
379135191
312499983
343738600
867677207
329313371
249479266
700167415
254518452
843410497
303361801
369865985
297721548
351326860
885392673
751756751
349120238
746937336
454933126
854922364
100441623
704827836
629767221
155114584
843974522
698436690
326901762
989129440
249479266
470598575
680748079
588857529
573375284
281255127
102678780
51066627
415385114
873735929
576146297
298620610
557337497
412533633
722246576
991400574
251297295
527030158
919990404
954858336
482866441
658516737
840517467
847849788
397991399
172901029
25322078
166155125
268814615
590932572
648816111
199785190
981979823
568368152
91290044
779342623
691033310
82229777
651698428
786584972
221791457
440064374
364670984
567415904
978741520
467714031
193275305
933283072
829563740
124227576
92363518
458432099
109320
178799308
59736658
490981996
316724664
856633297
374898584
988265960
649329457
404462807
991400574
309914368
676285858
444805188
447596080
988265960
878748044
773118870
793309237
933891365
1037290
280128240
23482358
443607341
658516737
554957120
581264389
668562245
45204745
239487316
401016825
314274700
111748556
349079105
298620610
137067068
290767032
540791553
96507421
124510911
863886858
873735929
557820851
174751474
873735929
347090776
151323828
917914061
798172064
671348894
508813895
86927486
827166938
281255127
745810009
278976413
933891365
480176161
110826456
999661367
900080022
239487316
365777724
100441623
398089477
539831708
746611283
649032276
992780831
69349174
42461026
516383057
324825482
29675987
451927396
754160146
679855380
156285460
601210987
162452126
637653710
614633990
435374545
500999383
321088345
251242380
885984411
74108354
520099856
662572725
806855139
529442420
908943943
198025561
1
251297295
172901029
318294545
751109629
312499983
692891073
701411433
952041196
3384
907485844
315470701
25322078
751885764
884750607
865494791
669242607
92363518
304697117
903221914
58020252
356274139
108563469
963962664
524632621
988265960
239292881
486167898
503258244
398089477
657604528
608423628
981870925
291848212
507236163
386009211
557820851
633287695
813228189
508992335
685111783
200016492
411112916
348276548
404462807
398089477
137658114
267008983
69145454
773118870
983056811
227465186
167026947
779342623
424614948
740630647
237932475
850412337
619953315
698436690
111771670
56933712
393813265
227270957
66602671
413977419
513249145
4578874
369865985
179597442
355658850
743928632
586686447
27810873
304697117
802916844
596813636
366173542
324367954
764523640
168210228
418950917
829606897
459756422
596813636
342330165
270710518
654309372
314409236
199260963
305174163
396195672
746937336
694664346
543613108
34220901
193275305
70843747
233386853
793297146
159853745
227465186
884158612
614633990
365064543
57224075
371196271
276458917
499865882
711265915
53383401
415385114
382624541
306149308
185501014
256586631
335362996
557820851
658516737
690319247
404462807
551739390
93087799
362603295
373817552
602121847
898163757
414959728
449675123
4826160
294780030
482020824
515902152
439752238
34850360
614410905
842018979
297721548
149592600
873171168
581264389
409099098
603488079
3761461
160334118
105937266
46701852
384951437
489334816
185101820
503444762
109320
977485422
398089477
437908058
227465186
275205258
302261331
690319247
379135191
648875548
482020824
386265640
885392673
717552752
515556585
524632621
10
988265960
387120643
467252350
205628620
507634900
885392673
275127100
804868516
557820851
451927396
842176960
154292229
86325866
862636349
524979080
443607341
986345000
199260963
211960357
412533633
133535269
925477448
338911730
150
93232780
131225688
589506627
168181551
121413468
621372446
24819454
995547968
711265915
802916844
227864165
193275305
172901029
388118772
764523640
843974522
278976413
167026947
789889475
759053069
250288685
222238192
873439493
397129535
673065084
776310790
563013578
347090776
806442151
145203886
108563469
539831708
764523640
661815621
278976413
651796842
728091607
865544553
602121847
79421957
986345000
801027090
667110728
436023132
275127100
717552752
354740411
23482358
807263230
694365928
150
952041196
821987704
992365703
249420944
482020824
647063150
516383057
720773644
32373650
876818798
628327574
362603295
362603295
108973724
663349178
131618278
19633331
142132354
614380239
150
465632984
596813636
507634900
156285460
637037437
820053371
852083299
303361801
920317928
981878961
34175465
264331253
474260538
890884834
144225887
414357337
542918443
137158394
682458912
96177646
83480941
472750916
838989215
530671926
75863888
589173952
721617140
227465186
137985717
507028201
481434940
248004927
960692608
837521105
706153832
316372179
706153832
60835207
881775823
189874901
354475521
392460898
875501158
567401625
993246911
309126305
557820851
786151384
1
916898277
770935442
979992373
197575830
860804541
386265640
527030158
349603248
127507475
193543179
716100284
318294545
31866907
193992127
912208782
98712680
663349178
342330165
756571143
862636349
500589478
498943470
879131987
993246911
807973025
512571929
13431436
354740411
275205258
707341266
885392673
704827836
713620440
764969981
226354845
195828062
100441623
389927427
314274700
104308213
338107258
986345000
3998093
478420462
569776589
273320985
955224800
683538680
842176960
607196614
654167456
860414452
624595
843410497
556007948
148516861
602121847
393658570
59625206
298067603
155114584
340980453
614633990
36799885
565323366
81407680
843410497
625724558
413135998
626701595
446625196
176717014
655445728
226745216
853646738
758674517
199260963
304697117
849823360
46701852
81137657
4578874
389927427
478420462
820321219
774397917
977485422
314274700
707552552
740546590
933866206
354386022
312499983
972862455
673161982
166541454
200650421
370330839
928419854
342330165
54851212
155641136
486167898
983780318
463535049
103924930
514245021
500486500
551395483
555325133
108672842
487814049
730199620
34850360
233033646
270710518
26211667
721617140
802676821
278976413
630174927
398089477
10
614380239
78646918
362144012
316372179
806193315
68899906
962683081
603924236
947760344
1495135
443607341
622461480
684422941
681829391
691790389
298620610
104925
318294545
32287383
127548002
400621205
527030158
751109629
314413453
887588409
991400574
807108311
773118870
721617140
397991399
240069805
277353066
93898630
388062280
397514189
940262373
193275305
257427145
18977804
761814970
793246147
877940740
840517467
993246911
868296475
831456845
862636349
482020824
797765555
174827854
979992373
946278411
155114584
95673858
82574275
354331636
378647343
970388672
649329457
686406158
459318616
755691611
21203
992407830
366315372
297721548
644762433
94818047
588436339
770935442
488303799
448224737
359341813
546324530
940644413
482636632
199785190
977485422
609448487
482020824
940970440
335362996
673161982
482636632
186741788
129151366
401016825
245884273
400927857
779795753
545525098
103117768
61099190
137158394
172169034
419575419
516383057
179597442
552850257
470251328
569945300
495780310
717525184
156285460
803039224
963962664
157490495
303027156
663349178
326380939
454958552
621804500
772214221
477546440
715284891
279073267
592577365
795285863
248590766
404092704
96507421
945309929
680748079
647988332
824309164
963962664
195928244
280128240
436715057
711265915
218993063
991400574
93898630
58020252
260076071
538389301
920723056
103961583
689075782
202885086
341482505
973826410
590173748
626701595
148516861
834493369
579041013
330936553
759148435
342330165
368532695
71732795
413960064
198025561
967102009
769929921
944221421
557820851
873735929
129720502
673161982
386265640
743928632
195828062
150
633530946
523112380
991400574
259964466
752652073
719527227
608423628
602121847
200016492
416976073
865544553
983780318
840517467
520532393
608423628
995547968
727317746
185930935
967102009
734840508
954552379
154221862
964289785
746937336
777161433
388061120
156285460
416976073
309914368
69349174
494874175
716100284
342330165
357561530
199260963
920939153
711265915
159334055
324367954
491913303
618237524
4219893
514245021
909635725
614380239
695724458
424614948
338911730
107816356
950490452
648816111
827874435
991400574
373949568
397991399
16977106
896672937
347090776
802676821
482866441
129151366
576905337
965243946
109355973
118289806
1
185501014
806442151
148516861
716574648
180959028
314413453
514245021
417835489
787638947
467714031
167026947
124762499
717552752
799276792
154221862
933866206
193275305
100441623
873735929
364670984
806442151
717552752
569503510
326901762
539831708
172901029
108617296
487814049
405572486
516383057
837326094
644964705
304697117
168210228
914754744
738200694
743928632
364670984
162101766
304697117
69349174
869089766
312499983
410661095
384951437
349120238
178184439
933891365
349603248
249420944
235114930
701745760
181149298
156285460
109320
136876059
269288402
498805845
682160240
775715587
208917888
291848212
820777211
68899906
234251223
114248429
30498610
166726642
956708397
995547968
356780499
92758893
477546440
495780310
540791553
54878842
248590766
668561903
675213008
388061120
981870925
270354077
992780831
345422821
862636349
362603295
735089251
810404702
83761743
174164575
404462807
706300888
614633990
557820851
865494791
967102009
831908426
941607560
66430650
199260963
83761743
516383057
375415318
297138629
130159798
609148490
840517467
207908345
952041196
806442151
275205258
584638990
480968043
165803742
602121847
354740411
963962664
770935442
349120238
831512117
93718562
66012502
186587623
185501014
98197115
401016825
364670984
545223895
298620610
984905894
32373650
463834061
779342623
16689695
455224389
995547968
937517695
843974522
607196614
58020252
945672983
4578874
20142546
645014116
608297260
419144790
387264338
679855380
395156608
278181518
690319247
67086855
440450797
770935442
324367954
367048904
986345000
614633990
67633894
824309164
823046072
207905245
437507264
568368152
403296691
674514349
174875262
112225068
174875262
225799444
444805188
503444762
728091607
864436784
109320
163410716
78646918
555573743
860167755
929788198
393658570
482636632
767410185
137067068
382473683
127760918
524023036
439444906
89927958
637653710
633688326
362603295
404234143
129720502
498805845
704827836
119561326
335362996
928419854
178646258
945309929
170864699
865544553
590063751
32373650
814964688
618923232
854101187
843927008
96177646
598374889
960591428
722041552
841307578
249420944
314413453
542559202
146482342
151667782
556007948
516383057
631389585
989715368
399008459
180260007
195828062
467714031
195828062
97671737
963962664
505045357
377883590
538651415
163410716
149544260
204434900
451123015
933891365
748554282
556007948
964631266
12981067
162101766
96177646
479810800
388061120
261114832
18615269
565639024
649329457
467714031
102449875
322054625
479666987
514245021
148516861
868296475
389927427
689075782
524632621
78646918
225799444
568368152
495780310
78646918
98487014
834429163
415385114
553300049
165803742
743928632
930090612
884158612
93718562
916699448
427047899
615528042
760915990
464063534
60410418
892442879
940644413
149544260
562637862
621372446
843974522
80049273
462480493
38979749
401016825
610158202
151667782
228646161
42310282
482020824
986345000
312620736
73303087
655015866
195828062
415385114
574248926
825295186
397987061
916146584
316372179
280128240
705057874
172901029
636472756
165250140
70490549
165803742
326901762
12026803
335362996
275205258
467714031
287180467
342330165
46598156
27810873
496667098
257938790
865544553
351387871
368407906
289673336
32373650
113370599
39604588
614380239
27810873
783812235
51893291
275127100
249420944
4826160
807973025
669989313
18067065
929788198
346818599
963962664
658516737
239487316
251297295
952041196
202499987
74072782
168210228
540791553
649329457
92363518
32384110
463535049
721617140
406234572
30652752
252837964
60106177
374746203
297721548
151667782
4375814
467714031
740630647
539006855
482636632
741575657
587220085
572128359
918455197
486167898
556007948
630174927
695023568
862548231
82229777
867677207
498943403
277091524
270710518
747363900
416976073
693349883
424782727
756460836
192684665
309914368
885392673
361554162
862636349
93898630
227255957
195828062
3761461
952041196
446249614
76125924
977239291
129151366
415526410
945309929
199244201
147455223
217180628
105916539
494874175
416364284
516383057
278976413
727272649
831821379
324367954
457230381
378372833
696140963
364670984
645313835
945309929
316372179
743928632
739024991
187043921
275205258
272381806
1
734151400
728091607
791795427
898721940
23482358
249420944
237696903
345848438
821633801
477546440
329313371
275205258
379135191
330936553
26452858
234616523
409258172
1
507236163
446905078
354740411
269203187
258050926
275205258
884158612
93898630
717552752
556925250
319087538
903221914
986345000
397991399
386265640
489334816
4578874
516383057
683538680
314413453
58027706
362399368
294500866
145661031
349603248
74931021
314274700
200016492
482866441
614380239
829563740
989568114
648816111
847441083
138106562
193275305
516383057
562986044
963642319
928964820
482866441
568368152
488102524
884158612
704750704
666540376
963930839
738200694
347090776
32287383
304458367
543810941
417401557
404462807
939625501
913427796
852765561
165803742
67633894
190278175
711265915
195828062
769929921
472282784
863433124
306666231
428870600
117643267
82229777
861453908
583957851
818568905
267675064
716100284
770935442
366815149
914335092
398089477
314413453
154074325
92363518
66430650
782984210
780068949
456589706
698436690
903221914
714797570
211335038
865494791
137067068
607196614
482020824
814386009
401062440
889717759
110468114
980036766
481842213
199785190
364670984
32373650
540791553
93898630
372339610
353938735
549424140
312499983
773485779
240915048
131225688
193275305
387120643
278976413
630174927
409769576
812943636
121413468
110468114
494874175
795974298
741527671
794289386
977485422
118788854
514245021
389927427
912208782
355185882
608423628
690319247
412533633
93718562
408296517
92363518
507634900
241759492
700167415
67633894
369865985
658516737
792442600
952041196
864296238
260185023
479810800
309914368
681957484
151667782
769635806
93898630
314274700
92758893
849528059
113370599
479810800
365777724
68089388
983780318
508029086
159853745
49735308
686406158
178339009
920466589
519717987
637653710
648816111
489334816
113370599
92363518
712480266
338911730
606097528
314413453
200711453
995547968
331120636
249479266
725954086
873735929
67633894
344047448
249479266
67830950
654167456
127419230
779342623
487814049
780263283
270710518
151667782
649032276
179597442
560868111
20455028
275127100
803971314
227255957
729680015
389927427
1
40275225
686406158
898721940
59954848
214861020
843410497
23482358
316372179
802916844
150
503337797
748373110
412533633
275507421
239487316
130159798
443607341
804178194
137158394
859539565
557820851
314298088
397129535
46701852
827874435
637140857
802863955
202587175
749018590
148393373
408483483
585240519
686406158
648816111
210234170
572603392
207908345
719965523
189874901
41580315
844442594
95255754
491252191
545525098
627779269
990941599
323078431
877868737
698331558
144577080
69805772
950795150
539831708
492656052
397991399
438608693
305174163
273320985
741589367
113370599
867677207
278976413
507058672
487861193
794289386
124887470
196174323
67086855
505115444
107816356
92363518
92758893
60087607
329313371
32384110
743928632
93898630
686406158
458432099
309914368
151135305
377098791
570956372
297721548
3384
131278443
389927427
227962396
458432099
974588163
802916844
16977106
479936243
227547313
608423628
503444762
220256015
590332865
338911730
482020824
402298688
129151366
728091607
227547313
654167456
540791553
511959300
462361447
732149827
287659047
63305035
16405511
211191809
114617150
748219304
507634900
929788198
349603248
324367954
23482358
740344849
156285460
977485422
304697117
384951437
387120643
640211984
415385114
843410497
1
596813636
461943570
168210228
159853745
581052592
936661635
150
213738629
802916844
349120238
227382860
363563904
45361739
58767733
346677505
214206429
669632178
661815621
188811223
99687450
673131876
10717996
373614381
825900124
992780831
4826160
821987704
227255957
405959885
493854947
63379900
412533633
32384110
909051372
548444787
438613957
100441623
991435600
972681394
281255127
124887470
151667782
246532392
472750916
634247715
865494791
602121847
637653710
843410497
802676821
806442151
137067068
314116173
988265960
345422821
649329457
493854947
501019256
248590766
121413468
992780831
227547313
983780318
974723283
978578175
67633894
92363518
355056154
99609974
680441459
505115444
912208782
756130975
840517467
349603248
397129535
637653710
151667782
802916844
796980682
155114584
563709400
478420462
92610131
242026776
558840571
807973025
834319460
540791553
393109397
287777063
865494791
199858055
249479266
364670984
132146972
162101766
423422273
67633894
314274700
632442136
338911730
551519004
478420462
557820851
780068949
438087922
416976073
341482505
797279634
29635725
159853745
649789778
565623495
369865985
195828062
692924270
524228798
884750607
96507421
168685656
807431809
495780310
577740290
717552752
369865985
778557779
69349174
721617140
992780831
828346684
779342623
215872869
116781303
788456646
741752195
96507421
467714031
261370002
843706715
393658570
577080186
794289386
575661953
392658993
988265960
399070059
233570090
280128240
114617150
294780030
338911730
114617150
100441623
581264389
482609468
889374051
32384110
136624544
703719684
674316285
116019630
991400574
428209476
860814734
770590199
443607341
23313476
823046072
489334816
820777211
429451430
354515317
892048574
309914368
507634900
225799444
299017513
313626382
863136571
303695505
746937336
148516861
44237806
656165009
243854213
820777211
25322078
103182274
772214221
602121847
251043555
240879853
658516737
448224737
912208782
939643389
683538680
466043344
992780831
174875262
326901762
478420462
845762888
457230381
498744938
439752238
898721940
348134060
622446582
17920281
149544260
439752238
991435600
242026776
22124314
475052693
742035981
256395491
884158612
719109470
487814049
117232940
172901029
773118870
836115321
503444762
988265960
990022789
479810800
977485422
470251328
998583445
747797927
664166102
952041196
489334816
966921512
759459942
85405138
62822003
51283037
695689075
740630647
345316787
865494791
596813636
208917888
279714660
591905813
539831708
529498611
836879498
200016492
649329457
66430650
669989313
95673858
7438252
524632621
823533551
928419854
679855380
170864699
282455499
827874435
362603295
123757982
995547968
522825863
312499983
602121847
864543705
185670603
113055044
498805845
372380768
477546440
843410497
172516941
354914104
995547968
879204192
58020252
491440018
981870925
249479266
940644413
721617140
940817546
827874435
412533633
470251328
998736045
679855380
275127100
496030626
751885764
83761743
981870925
714797570
686123762
182258620
631951505
991435600
498943403
873735929
803039224
366859316
757085452
623237502
454550433
290767032
240879853
690319247
443926629
369865985
144680587
149544260
963962664
614405316
858871408
95455560
1
28435137
992407830
102456981
802676821
697912361
540940381
965243946
186587623
404462807
379135191
167026947
923254583
729385688
864980623
193992127
556007948
334832912
898721940
807973025
91206588
928419854
799362269
482866441
199260963
4748438
698436690
829563740
306008082
950205719
298620610
530740847
699562103
440138776
67633894
943957137
585086048
933891365
991400574
913408437
181128380
362603295
349120238
224646641
159264824
470598575
124887470
990277470
581264389
666264359
130159798
124887470
140288363
585240519
820144652
174875262
345425657
955827859
95673858
614633990
364670984
919383593
895352681
439752238
903221914
988302004
253484125
165803742
647193964
557337497
248004927
454933126
903221914
92363518
37108375
151667782
446632084
209689017
86515430
686406158
70843747
843410497
764523640
955948647
933866206
487814049
100441623
704043502
762682062
838950759
628773842
180411980
488381561
865494791
716574648
227568401
124251925
58020252
33729675
441556731
326901762
527469058
907316458
710010368
544409425
898721940
498805845
376746011
965243946
988302004
396333436
172901029
760616407
156285460
548444787
67633894
94210955
714797570
186487065
680748079
700167415
339550749
149544260
113370599
326901762
467573128
885392673
96177646
65637593
712194268
32111757
273320985
912208782
291811709
154221862
249479266
834429163
802676821
312084886
753294439
573375284
280128240
827874435
539831708
483090043
233613584
379135191
537434844
337332831
487814049
324009749
494874175
4826160
573375284
459756422
268410252
459756422
836348921
199785190
349603248
194774782
743928632
189766457
482636632
486167898
67086855
989429932
163410716
457230381
347090776
332716217
917965611
