498197015
168210228
227255957
644391696
109320
129720502
751109629
174875262
215341598
287082647
92758893
92758893
369871111
678225906
4826160
138154912
248590766
397991399
1
92758893
679855380
78226243
49857781
174875262
743928632
820535948
497250999
445042504
109320
65913120
388227754
110226845
162101766
27810873
779932091
162101766
896619369
248590766
329313371
658516737
751109629
787638947
193275305
610917869
168348757
903221914
637653710
524665463
280128240
903625840
109320
291321696
407107908
76106064
746937336
868148970
188718675
911742290
172901029
106885887
743928632
411714798
396041322
658516737
248590766
801078017
675759416
162101766
995867620
607210495
150
69349174
397991399
637653710
174875262
174875262
743928632
743928632
660446302
779226441
795194051
787638947
246403179
637653710
96687589
879812909
658516737
813905191
46598156
27810873
4826160
79280902
954328759
451245005
415385114
172901029
802676821
658516737
721617140
168210228
746937336
743928632
787638947
206379524
92758893
482636632
137158394
658516737
79280902
172901029
292018088
122045186
329313371
86481860
280128240
721617140
751109629
711265915
248590766
172901029
512331252
280128240
184051587
797239005
109320
280128240
415385114
193275305
3384
885322218
84613309
802676821
193275305
67633894
717552752
67633894
150
69349174
993891396
329313371
679855380
751109629
479530796
172901029
658516737
150
129720502
109320
658516737
787638947
658516737
1
27810873
743928632
529209529
503405887
6588335
38442888
27810873
4826160
150
397991399
48978145
815663216
802676821
3384
55472352
51847604
227255957
162101766
800637021
442470002
10
567680168
23482358
658516737
27810873
109320
4826160
92758893
248590766
415385114
772389904
141387628
354207071
679855380
394379937
109320
162101766
1
265986051
947312996
150
46598156
679855380
903221914
109320
482636632
356697367
227255957
740948528
715538920
329313371
751109629
92758893
174875262
444797595
476787740
996240678
69349174
168210228
535957448
861679214
416197712
721617140
787638947
129720502
786396385
797366556
586965669
150
751109629
768384823
679855380
702154093
541694107
23482358
828302735
129720502
329313371
27810873
850661700
480266558
632548127
787638947
825885088
751109629
857682481
482636632
647770929
370245742
743928632
67442676
342922548
329313371
109320
193275305
280128240
787638947
461224034
193275305
843410497
4826160
27810873
427894967
706399376
193275305
852238843
311413992
10
413184412
658516737
461224034
911050508
919578132
668099523
441325766
751109629
46598156
1
1
10
3384
786137688
302870148
923065581
92758893
783809951
726956022
259729461
129720502
324568824
217246461
23482358
717552752
631250396
482636632
718141979
553131646
415385114
836939633
721617140
247409742
46598156
901179743
787638947
162101766
903221914
174875262
113664567
227255957
92758893
802676821
4826160
622953366
897701169
482636632
193275305
1
10
670478838
100441623
961544792
547617479
746937336
77093497
168210228
248590766
3384
280121491
584784551
92758893
651122988
67633894
832777999
903221914
717552752
787638947
67633894
193275305
10
469784844
397092264
174875262
129720502
168210228
116966049
162101766
815663216
40046805
46598156
100441623
999810749
268578365
717552752
10
168210228
168210228
129720502
685686594
109320
623941759
397991399
637653710
787638947
488033343
3384
248590766
679855380
109320
129720502
721617140
243306103
922497749
273941101
23482358
658516737
926288073
637653710
767691999
332058608
391863644
7030787
144577079
743928632
751109629
787638947
280128240
721617140
658516737
162101766
655673679
388411075
174875262
787638947
679855380
174875262
174875262
47160744
280128240
776426345
652320367
272736507
168210228
10
968640956
34319191
743928632
150
397991399
833982446
903329601
903221914
229720372
392305614
172901029
162101766
637653710
194472651
3384
4826160
560208087
790172456
415385114
280128240
397991399
168210228
220863561
787638947
301386605
988913181
150
168210228
606328767
527030158
280128240
4826160
519647657
122177964
785905041
10
802676821
427686175
92758893
208504937
227255957
280128240
1
364583454
159853745
297466841
583792229
843410497
552107868
193275305
683026423
46598156
23482358
106936175
67633894
248590766
3384
168210228
787638947
802676821
10
658516737
397991399
751109629
193275305
23482358
100441623
168210227
502598760
601792342
100441623
365519657
379993917
224141984
490554389
658516737
837297982
998209860
3384
439156579
174875262
941759291
903221914
658516737
150
967187161
567032890
950104725
23482358
784373641
137158394
977481922
46598156
23482358
854890479
100441623
145827999
318648884
462746644
658516737
787638947
162101766
67633894
248590766
23482358
168210228
129720502
269040616
162101766
447649350
280128240
368070758
100441623
168210228
843410497
172901029
717552752
4826160
739253339
960504572
92758893
329313371
684428314
137158394
903221914
212748290
887466511
172901029
308544321
10
277378795
655720676
1
162101766
746937336
4826160
504686885
23482358
782411004
168210228
46598156
23482358
590708207
746937336
172901029
38765731
304843102
644681013
679855380
1
129720502
109320
27810873
67633894
162101766
193275305
137164586
168210228
162101766
618791823
15786884
844845413
395874311
904122036
436828982
751109629
899783297
558423859
35086572
415385114
174875262
109320
4826160
56013997
787638947
717552752
1
3384
100441623
10
846872116
917272543
717552752
3384
46510022
172901029
27810873
449429521
280128240
903221914
658516737
787638947
751109629
109856774
10
723090416
100441623
711265915
215904254
412398190
947505861
243390216
711265915
308794652
886997555
623338076
27810873
902769630
174707865
27810873
100441623
280128240
778071255
743928632
397991399
785566472
92758893
329313371
162101766
903221914
903221914
193275305
802676821
3384
703576962
248590766
4826160
227255957
1
168210228
27810873
909181739
502406967
227255957
393355289
721617140
161578743
172173511
787638947
691339523
573216709
544842641
709970773
955091948
746937336
90448181
974955222
711265915
193275305
482636632
721617140
129720502
977918063
257537444
746016598
150
316690456
679855380
787638947
109320
378011211
168210228
109291
109320
3384
3384
947291605
92758893
375229821
4826160
129720502
933215205
150
397991399
176413902
787638947
723300109
744298820
988469576
129720502
67633894
721617140
686031936
3384
162101766
329313371
672715793
172901029
327601845
717552752
329313371
83909104
1919319
46598156
843410497
29206018
455966185
10
3384
271143679
658516737
186118230
150
787638947
721617140
717552752
730004839
538583311
415385114
469537814
601945244
867632572
162101766
751109629
297210741
162101766
415385114
751109629
903221914
88819410
92758893
92758893
390089226
129720502
910298275
415385114
103737515
248590766
45352396
150
3384
109320
67633894
751109629
981422805
170402907
190231113
903221914
284115916
902130146
383667136
713361907
907152141
717552752
990989721
894935624
806270808
702009404
168210228
415385114
409382712
655720676
27810873
352927554
589800078
248590766
150
284585438
903221914
193275305
746937336
328565199
740041602
432840701
4826160
335226151
193275305
802676821
174875262
339347951
845503795
397991399
187064572
92758893
734882868
46598156
3384
67633894
802676821
398348999
100441623
23482358
507178397
717552752
109320
4826160
92758893
813229663
280128240
415385114
716876750
479363783
787638947
840148923
717552752
109320
100441623
168210228
113356539
1
1
66383124
871367868
280128240
92065486
802676821
228119337
811312460
284051870
420554989
751109629
162101766
294395207
109320
274123690
9803648
397991399
356713346
903221914
849982717
731058988
583344820
172901029
198846442
482636632
751109629
67633894
109320
10
280128240
69349174
840060587
787638947
780068949
4826160
137158394
100441623
100441623
290272731
422128415
903221914
100441623
802575014
534989275
150
172901029
162101766
397991399
33443769
80735889
721617140
3384
85025927
278411470
403256376
717228981
248590766
280128240
168210228
558207351
658516737
10
46598156
4826160
227255957
27810873
174875262
151531148
162101766
658516737
92758893
647847696
449267662
527030158
869935567
474035084
362264873
802676821
10
787638947
92758893
728015469
174875262
1
903221914
517768202
860896521
786916998
721617140
656013593
150
100441623
92758893
679855380
168210228
679855380
879089285
1
280128240
903221914
362269783
679855380
10
527030158
854858030
72997005
279915397
227255957
969557844
92758893
4826160
834441778
470485557
843410497
482636632
540362855
658516737
280128240
397991399
10
398429455
899129961
711265915
751109629
172901029
214494848
223158556
661495979
3384
810083826
67633894
397991399
172901029
387818606
903221914
280128240
389692741
415385114
503220999
69349174
873615751
150
700222171
630072638
637653710
111540024
787638947
566658650
329314813
158077278
248590766
3783626
1
611781523
802676821
3384
998209860
212647661
751109629
46598156
227255957
996787952
172901029
174693549
719612083
717552752
668576240
67633894
112546237
383752277
280128240
601651017
868871377
172901029
162101766
362225318
168210228
150
751109629
942886392
415385114
92758893
510717297
162101766
174875262
92758893
172901029
150
46598156
290087133
172901029
46598156
195141408
23482358
397991399
563806305
780068949
10
473454231
280128240
214393899
69349174
227255957
92758893
726928952
