671684920
566420269
27810873
721617140
10
721617140
67633894
3384
266430847
4826160
704618535
861064726
397991399
780068949
10336820
3384
92758893
141620171
1
134366826
4826160
329313371
67633894
751109629
431929581
930558200
793234587
168210228
397580424
42650076
4826160
881895583
329313371
415385114
619485513
721617140
222967959
787638947
939061841
329421275
1
11026656
244200799
974955222
480517067
963361287
820571456
682573987
579021539
397991399
573324950
356010933
788430356
903221914
721617140
129720502
917595782
23482358
583511067
721617140
127057832
843410497
222296113
227255957
439931517
424420958
100441623
46598156
174875262
415385114
99594111
894638647
174875262
944622401
474760382
917461999
711265915
67633894
584028527
996009266
996366510
751109629
10
46598156
896284922
826095726
659714751
819963822
194608513
248590766
502650468
329313371
780068948
802676821
162101766
658516737
269597032
851810089
746937336
46598156
637653710
193267870
174875262
168210228
137158394
717552752
434913583
790183746
255841605
874753328
525787085
126396571
518745110
718824399
190913912
903221914
168210228
329313371
415385114
23482358
174875262
566560357
147363566
891743070
637653710
10
98974141
794855831
23482358
727230608
629028836
751109629
92758893
721617140
946057347
224256528
787638947
777925118
105270423
23482358
219929354
172901029
307421086
843410497
792649895
856701863
150
280128240
787537071
109320
274825489
802676471
787638947
15378377
162101766
195610522
575857140
227255957
586657702
168210228
280128240
177616424
168210228
127497887
751109629
172901029
948601090
248590766
10
604850216
415385114
920619120
717552752
753234077
717552752
535957448
248590766
168210228
105826099
65391060
746937336
743928632
4826160
23482358
67633894
658516737
151229044
174310405
942814390
248590766
80093008
415385114
258811808
994906049
397991399
556700238
937086441
10
174875262
802676821
802676821
658516737
109320
984347893
280128240
168210228
329313371
787638947
751109629
527256486
168210228
686706674
763127981
721617140
364641539
280128240
787638947
123718
23482358
356315303
397991399
294588002
3384
159853745
92472113
167573684
100441623
248590766
658516737
631936783
679855380
4826160
843410497
162101766
754916899
23482358
541587253
3384
18789236
168210228
243832242
867235763
1
849979908
903221914
280128240
415385114
903221914
172901029
23482358
717552752
193275305
973988789
193275305
397991399
903221914
174875262
1
150
168210228
852489647
717552752
415385114
280128240
562935883
4826160
116829619
172901029
903221914
280128240
615329812
903221914
109320
917123473
751580424
577258582
3384
658516737
947641870
23482358
100441623
527030158
27810873
172901029
69226625
559432397
232185832
329313371
554710765
183761981
637653710
559969124
807649671
10
455894153
942538636
814010542
457148467
751109629
570259935
162101766
10
802676821
415385114
92758893
397991399
280128240
10
891560669
100915620
527030158
323852009
397991399
109320
780068949
162101766
658516737
743928632
235089751
422846789
230738290
199031224
814018682
50758820
23482358
787638947
679855380
109320
679855380
92758893
1
650798874
684174651
787638947
1
583944860
23482358
22304064
193275305
172901029
780068949
280955739
3384
193275305
100441623
82620324
150
817889491
26949662
442574405
397991399
174875262
221326289
624813478
268163505
150
721617140
109320
92758893
162101766
780068949
89665478
281453481
4826160
150
10
415385114
832939780
23482358
4826160
643355680
681010108
802676821
746937336
592167620
443305183
711265915
597129580
272908405
644643542
329313371
321579878
100441623
150
993219144
46598156
3384
746937336
856288560
717552752
267438085
629639974
46598156
802676821
384497568
156360407
379626649
679855380
848928066
129720502
4826160
162101766
168210228
109320
172901029
136633413
746937336
4826160
843410497
3783626
409126219
787638947
802570247
721617140
92758893
761001891
193275305
23482358
637653710
1
836776244
109320
177191272
329313371
415385114
4826160
594699472
137158394
903221914
174875262
162101766
415385114
168210228
3384
174875262
11244784
780068949
205463065
751109629
168210228
162101766
174875262
397991399
415385114
23482358
4826160
173258848
910609180
329313371
298320691
162264065
651122988
100441623
100441623
658516737
109320
721617140
820270867
898698089
415385114
482636632
867882037
415385114
46598156
862254968
721617140
280128240
67633894
248590766
262099829
721617140
329313371
717552752
498578028
378720000
15491793
277029912
903221914
67633894
955043493
903221914
1
903221914
280128240
658516737
342669879
717552752
373896975
397991399
777597204
717552752
168210228
884468353
248590766
514324468
875122521
687104800
971337233
216744664
903221914
172901029
27810873
415385114
280128240
567032890
1
10
23482358
67633894
397991399
227255957
559126252
705986431
150
129720502
168210228
177610463
415385114
951862735
538236697
235394570
482636632
746937336
67633894
27810873
109320
332823
415385114
721617140
415385114
162101766
679855380
515107373
702438640
533249924
902673376
637653710
743928632
787638947
193275305
654305339
23482358
303904004
1
92758893
350955813
948687694
883658391
721617140
721617140
146786858
193275305
184404307
27810873
248590766
454997435
764745987
193275305
751109629
823847985
379993917
258011840
394497006
171705984
479860102
69349174
721617140
902926551
802676821
717552752
819040802
543154934
707489830
1
215519272
10148739
952710541
162101766
273347221
140901491
969813709
10
903504560
3384
10
44841366
4826160
501818897
844411874
723520946
150
518665087
162101766
162101766
751109629
802676821
173235341
346040360
598835560
718940790
46598156
4826160
3384
129720502
575770632
612654642
23482358
482636632
162101766
344023602
10
717552752
69349174
817586964
645129905
523571537
415385114
397991399
329313371
239625009
236058228
717552752
802676821
316541308
1
100441623
717552752
691571582
109320
767014760
941212413
717552752
40046805
679855380
746937336
27810873
27810873
10
977899271
256876932
746937336
527030158
248590766
357554443
369926078
717552752
802676821
965594836
27810873
536350998
24775955
1
802676821
429313669
81268935
427258680
172901029
746937336
787638947
162101766
363305829
975292094
524984234
92758893
27810873
780068949
23482358
415385114
489483411
23482358
842218118
903221914
802676821
314121789
100441623
358497976
150
100441623
168114872
871036093
903221914
150366935
3384
56847128
4826160
109320
260438526
681569645
512674710
802676821
67633894
832309945
100441623
743928632
778706018
743928632
637653710
280128240
908103928
561854271
168210228
974865203
280128240
892332889
27810873
329313371
943262736
162101766
42296232
121851506
353647780
294267147
227255957
637653710
717552752
721617140
224141984
4826160
333760348
4826160
109320
721617140
329313371
4826160
322864385
721617140
67633894
109320
329313371
602185900
658516737
287642473
975113637
415385114
172901029
329313371
314121789
658516737
40961934
369780423
751109629
162101766
148281930
92758893
730658688
193275305
283074940
329313371
717228981
168210228
368355955
795406196
594522218
717552752
150
174875262
69349174
253221894
415385114
347386060
658516737
78446462
1
561010435
92758893
168210228
23482358
129720502
100441623
171767434
336773277
388738975
150
724560695
3384
3384
248590766
100441623
658516737
679855380
746937336
10
1
227255957
802676821
717552752
806192279
23482358
803804717
751109629
415385114
150
280128240
903405590
329313371
159839599
174875262
718824399
4826160
389274264
27810873
174875262
358572091
280128240
721617140
658516737
67633894
67633894
780070751
945215926
787470993
729700988
172901029
512764240
116535835
773960104
172901029
774902490
843410497
27810873
3384
717552752
527030158
415385114
560118594
597615176
46598156
917221207
746937336
642791431
254693192
890569722
172901029
658516737
405199814
637171523
100441623
100441623
193275305
162101766
129720502
268557563
903221914
679855380
85841776
641986399
272260904
193275305
751109629
679855380
162101766
129720502
903221914
150
254693192
666740454
717552752
565769635
44010935
415385114
746937336
4826160
174875262
903221914
224536085
431412686
336798130
1
92758893
717552752
280128240
329313371
787638947
174875262
174875262
92758893
780068949
693585436
861425266
505006818
46598156
802676821
427894967
703572986
37467405
800691044
906655262
168210228
67633894
100441623
135616020
150
787638947
773717565
751109629
658516737
658516737
379252083
543128664
715094342
903221914
415385114
415385114
717552752
685367001
150
440071854
329313371
380517772
787638947
100441623
831599280
998318650
617753618
415385114
92758893
174875262
482636632
216843175
540353044
816812554
10
717552752
66437255
434550468
141620171
802842884
228751322
10
268643034
843984654
658516737
150
721617140
746937336
543267412
248590766
150
162101766
116966049
4826160
329313371
163719484
253541664
280128240
280128240
109320
415385114
358583313
108779
624099722
109320
100441623
539114795
23482358
415385114
746937336
894019926
385525470
704725908
679855380
780068949
746937336
248590766
174875262
630415631
17463908
617663984
136877533
67633894
67633894
802676821
150
787638947
846698627
1
739066054
751109629
679855380
319338346
46598156
69349174
10
4826160
168210228
721617140
721617140
910133496
721617140
602796739
802676821
174875262
100441623
711265915
436889500
75650605
333437650
363128605
162101766
431412686
