512210339
148516861
912135238
884813790
742300031
67633894
50768651
388061120
726185148
648816111
373635
649329457
875161262
24590674
936775833
522612335
674031027
947089858
862636349
415385114
689075782
42310282
516383057
679855380
387120643
146219079
269522820
991400574
386265640
726185148
996642361
807500551
283413412
596813636
204269234
634247715
498805845
185749674
714797570
495780310
614380239
27810873
479810800
848238671
342330165
651776980
548680486
824309164
514245021
689451314
162366052
412533633
137067068
669048289
580791856
614633990
95673858
705234926
981870925
686406158
151667782
401062440
653308543
831512117
843974522
964224338
457230381
479810800
755507597
546832843
687161195
655015866
855006784
93350187
159853745
631002293
548056668
546625491
100460498
721617140
329012659
551268619
444232445
665712837
764523640
903221914
542329
919965156
431203280
25813673
906403763
362399368
572087212
884904606
240879853
600355015
96177646
439411627
407064566
150
323514145
62601460
526389577
405572486
125487231
654167456
937669151
778557779
928419854
495041814
779604642
393658570
482020824
674304302
275507421
986345000
657037550
829563740
415968943
40492402
269522820
328137715
312499983
537155390
199785190
398729392
67633894
621345147
487814049
618413818
451927396
278976413
412533633
4826160
404462807
358656732
793285065
926625265
270710518
824309164
704827836
227547313
237322508
369865985
992407830
877561959
320872940
686406158
372339610
10
90284283
495611668
336403548
347090776
1
95673858
711265915
738985021
700167415
122907731
179597442
679855380
794888531
859378379
153383520
472926011
252036096
655015866
903221914
80787028
43109471
372339610
188754230
568368152
314413453
494874175
714797570
82229777
470598575
683538680
965243946
67633894
137158394
704852441
345422821
185501014
294313815
514802540
78646918
751885764
130159798
227255957
2265488
83761743
669710231
493118642
514245021
780068949
32373650
298620610
238115688
807973025
933797034
790128822
100441623
67633894
795285863
83761743
751109629
671610815
919965156
958246219
215808870
324590459
596182841
487814049
493854947
504882739
225799444
169118041
283181671
240879853
539831708
860091822
703085527
599511226
254902434
67633894
291475908
420855862
965243946
159392480
349603248
273320985
444232445
174875262
545306005
23482358
222433169
573914720
527030158
167026947
981870925
634247715
375415318
82229777
185501014
704827836
312499983
505892325
716100284
78646918
624065289
32287383
372339610
794289386
124052896
816676719
16977106
764001144
886449275
273320985
545525098
930843317
954311950
494874175
467714031
999139868
792085667
704852441
349120238
665954842
739671662
715119544
837010718
162101766
92758893
3680589
532391409
397991399
602121847
545525098
27331556
621954862
743928632
655015866
992006761
603722775
648816111
80147452
772663554
372339610
898281671
10252294
199260963
170864699
949470336
482636632
486167898
114617150
741730713
179158563
164796678
200016492
905322296
821987704
294780030
412533633
58020252
180423057
712015036
309914368
699008349
314413453
877894384
121413468
173643577
398089477
751109629
690319247
515710241
137158394
585240519
988302004
970394615
626328234
151667782
403757049
8497222
340980453
343076224
225799444
210534276
863701500
93898630
240879853
478324422
756148157
207908345
549424140
773118870
109320
618649417
424375118
439752238
880293498
248590766
964291850
93898630
153012575
369865985
905774963
743928632
705234926
369865985
778557779
457230381
1037290
711133161
592689368
679855380
174875262
565229817
763542574
689075782
326901762
851671869
379799959
769901104
825385708
831141183
618108753
121413468
588131934
776178082
412396169
137158394
493924370
827874435
580911089
199785190
404111255
155342940
663349178
698436690
608189148
897173924
648556615
250464404
850437419
176001236
46598156
601499568
112913710
22820575
434271055
865494791
507634900
82229777
493854947
740630647
700167415
27810873
698436690
163410716
952273200
103961583
314413453
683538680
713101845
100441623
713955783
64803874
314413453
928419854
683538680
777161433
519239434
333242020
778557779
452035468
996464959
556906057
242026776
341482505
514245021
556007948
156285460
208917888
853796290
488003111
167026947
137067068
531822519
607258735
281926895
885392673
369865985
749492970
323908176
92758893
918055945
144815207
707592466
21334038
301103485
200016492
514245021
816443530
61214343
281255127
439752238
760445571
171239793
459756422
227465186
794863022
154221862
498805845
967403065
280128240
373192255
803039224
988988608
649032276
227547313
1
493854947
154221862
316372179
4826160
444805188
612866064
105246045
10
846011860
298620610
728704871
988302004
306743508
570272263
843974522
696940351
840517467
217141122
42310282
663349178
92758893
124653617
150
646550256
93898630
992407830
524632621
548056668
436815708
904957738
144960053
683558340
873735929
329617946
170864699
314413453
952543274
412533633
156285460
314409236
387120643
557337497
108641067
692860318
621372446
410387787
516070422
239487316
406479995
787638947
878388916
740699911
256669856
176841176
354740411
92363518
988302004
933866206
129720502
686406158
981870925
987979140
70843747
476320597
110358149
711265915
733168812
314274700
968680722
4578874
178339009
992780831
472750916
57126081
802676821
179597442
459756422
493936384
132696199
436715057
527030158
95673858
992340242
649329457
77319998
701977058
793087905
168210228
11587412
866994960
519679491
342330165
162101766
780068949
58020252
523994917
913408437
151667782
412533633
319114924
849388370
648816111
829563740
129720502
103887879
887776756
476569530
26374353
804378158
174875262
227465186
407396325
963962664
698436690
444805188
797544122
681820564
85174070
548056668
342330165
823161656
32287383
172901029
598374889
766914953
630174927
607196614
189874901
384951437
428088326
823046072
901005066
190937847
791521259
832509427
324367954
776324104
27810873
93718562
545959004
387120643
133438272
131225688
173116317
82229777
199560437
193275305
494874175
182359148
614853220
151667782
295647574
524632621
626701595
84652826
995755401
83761743
275205258
947312443
444232445
436715057
220528520
698436690
11944484
113586679
155114584
686406158
796553805
884158612
761440926
476714648
312499983
817730913
450228088
943581672
125500287
132624756
881775823
431310897
527030158
365764202
655015866
41753274
330421089
297721548
690319247
493854947
40937139
91104187
297721548
46230814
124868842
980877287
89920947
373635
811315615
264129102
458432099
689613597
293801316
92758893
452219916
268791080
455465528
249479266
195828062
888173323
672340633
963962664
543185163
109112121
305910220
839228742
178182348
389927427
764523640
39297825
620331334
715678755
457230381
297721548
788739545
689075782
769087504
82229777
277918388
761533631
524632621
545525098
365777724
995367930
648816111
109320
96884655
459756422
373635
977485422
27810873
38777826
117452829
542999585
721617140
556007948
498805845
270128079
170864699
705660256
857318063
283008848
542549104
5086259
444805188
389927427
280128240
69349174
367463602
34220901
165246000
386265640
482020824
222355543
114401284
940644413
161355851
1
311983668
109503906
596813636
42310282
470598575
168210228
704874102
532223601
165105338
932296209
32373650
482866441
176562393
92363518
995943664
807973025
902278952
178339009
232538996
658867938
193275305
958964594
824309164
918455197
104281319
170864699
986345000
37967521
940644413
594326241
51459554
389927427
957625625
350021000
150658261
608423628
113333176
396961234
249420944
873735929
765406202
527030158
686406158
885794338
122040837
481607466
114617150
544250262
328906481
556007948
393969055
706153832
516383057
495109725
573375284
172901029
167026947
557820851
10
170358276
928419854
453061401
115393505
594962966
527030158
463535049
514811540
314413453
562986044
487092189
254378554
393658570
305174163
603129180
484451191
770778842
457230381
964982728
680706574
444805188
108563469
68384322
673161982
714797570
962141435
129720502
27810873
894451655
424614948
995679092
464063534
679855380
621372446
653656377
711265915
95673858
56040027
104920120
983780318
952041196
648816111
290767032
200016492
514811540
97032613
843974522
614380239
339947093
93232780
184151516
523738621
212667528
554073374
578263469
330936553
902560629
165938868
637653710
672603288
153773552
46598156
596214589
186776432
121148626
548056668
630174927
866048730
92579822
25322078
765165266
46598156
297974012
744719917
115300031
31561321
110468114
912208782
613774115
32384110
131225688
873735929
25322078
146918355
780068949
39218592
538446824
977485422
79732099
444232445
545525098
39218592
457230381
862636349
704852441
100441623
540791553
336207444
472548298
227255957
630174927
988302004
686406158
790446278
136667990
228460124
92808555
487814049
971601761
820777211
964982728
185501014
451927396
199785190
159853745
60155430
16179116
752808808
670712555
960132926
837541356
952041196
705643386
547333859
684396151
856395605
294780030
397991399
3384
168210228
602121847
988265960
742927776
927949806
170507671
700167415
602121847
295739751
848538165
510701050
493854947
881292310
907952507
945262749
717552752
109320
365777724
92547501
444805188
131225688
126910957
150
3384
42282841
503444762
404462807
379135191
829563740
646208057
626701595
5118006
570457064
23482358
711265915
833589856
48855945
881455747
596813636
67633894
168210228
345422821
602121847
326901762
539831708
548056668
1421995
888683706
151667782
496188724
375740758
4578874
159077353
570178784
208917888
494748349
474491402
886113426
448224737
415516867
100441623
193992127
661820990
788975441
239487316
249479266
440499983
251260041
626701595
598374889
810127904
449419658
839903930
151667782
204434900
597255885
968493021
55723183
482020824
482866441
626701595
137158394
478420462
747363900
262113437
903221914
725412916
78569964
275507421
281255127
820777211
147860255
622148801
780298387
602121847
283444273
388061120
444805188
945309929
124365429
453646710
240879853
884345380
73593108
482020824
540791553
992081206
743928632
404462807
273320985
107816356
46966477
513193389
341482505
355326282
464063534
912135238
856472122
228832184
480395293
164029140
819768760
335362996
93718562
389927427
275127100
902981650
193992127
771173301
251297295
946382795
918055945
565367965
381800608
326901762
376359119
596813636
903221914
234563827
805556066
32373650
109320
21326745
715976176
386260525
36062616
776772071
861215801
413666060
783940534
140746280
519335436
938289094
940644413
673161982
4578874
621073266
399947735
691887622
918055945
7908834
748641126
482009740
678856884
980877287
486167898
369865985
304697117
27810873
284775652
649329457
680748079
599919664
4826160
795285863
524632621
865544553
314409236
698436690
945309929
281255127
700167415
31263902
544562614
903056865
326901762
527558705
556007948
151852729
824309164
68938321
489374036
279875294
582202780
995547968
242026776
940644413
478420462
240879853
751998843
721617140
711265915
493854947
567917589
698220729
5152245
66690946
988302004
96366838
514945565
113370599
150
308401690
109101180
129720502
772133911
687796366
363648177
137067068
118774954
26015137
751109629
312499983
662367967
716283530
556838964
404462807
964982728
536766999
764523640
876008651
181847325
772214221
874053861
826297880
612954420
711265915
957008147
690367283
829563740
383088151
305174163
514811540
875982816
1
27810873
516646086
648816111
787638947
993033346
341482505
195828062
280813692
686544194
489334816
249357964
354740411
184151516
130159798
228671902
661815621
476924496
179597442
618290069
933092321
815286351
507634900
162818107
4826160
630174927
469507967
994763985
698585684
316539867
718940354
692756476
630174927
149544260
686406158
318294545
570090705
992780831
645372563
770935442
764523640
525729377
344741106
227255957
199618033
482020824
445291017
621372446
102611526
312084886
979684079
292138359
553095996
716100284
4040525
952041196
114617150
539831708
457230381
494874175
583114574
28549802
963962664
515919788
865494791
164928058
354740411
421554345
914041235
740630647
314274700
359647666
802676821
843974522
881775823
50263938
168210228
98920084
457230381
739307769
386265640
124887470
870082998
529569688
204434900
883131480
275205258
721617140
83761743
581264389
988302004
964982728
375415318
93232780
68899906
881775823
144286223
545525098
13541329
32384110
437130896
519108725
198025561
470251328
129720502
724212402
764523640
933866206
222405796
486040299
388061120
506087420
568368152
278976413
273320985
444805188
181751142
482636632
323274935
619839892
821252698
683538680
117643267
90277543
770935442
695507396
840888076
32373650
181364118
199260963
704827836
759273296
241112702
124887470
884750607
124890410
170803639
688122634
10
654902448
528629419
702638557
855236987
788975441
486167898
689075782
704131079
74874734
447703272
614633990
573375284
3384
747363900
92758893
820777211
364670984
994537797
314274700
349139303
960914288
549807551
157602447
211960357
127651570
680748079
144875045
827936312
513210706
398089477
155596755
202203647
580792873
614633990
540791553
486167898
269522820
641215435
714797570
297721548
378924131
335362996
398089477
596205735
829563740
129151366
971721971
717832766
836494478
454071994
155114584
475992757
156285460
330936553
56179896
412533633
658516737
302260648
686406158
649329457
83761743
70843747
129720502
275507421
78582815
158048664
495766997
102272449
690319247
683865879
494874175
64299083
407359060
190522410
910238688
130159798
2840971
226760489
834429163
275507421
249945868
634247715
444232445
594365072
986345000
240879853
256881675
397129535
100441623
890176607
514245021
585747678
520692555
952041196
217152708
904593629
908379338
788975441
843410497
740630647
457230381
997725601
142325908
728091607
562070197
573556499
122177783
992006309
751885764
528814004
335362996
894403986
314409236
659238650
22034100
107231535
888649840
234286560
843974522
751885764
988302004
992780831
731031122
3384
183926298
357832760
30311793
253014475
827874435
459756422
326901762
608423628
694002698
199260963
615365206
947033242
316372179
349603248
741479992
919965156
856702032
25322078
323784374
208917888
269522820
297721548
746937336
120641299
563830379
481492881
511250886
716574648
716917426
372339610
32384110
436715057
421687200
329313371
605865695
502499254
227465186
632373523
281321127
83761743
898721940
192245165
993587684
748262100
174875262
630174927
314274700
196159367
945309929
960435681
992407830
541979557
345422821
70843747
918055945
227465186
726534507
705234926
581264389
967102009
903221914
630174927
168210228
486167898
248590766
248590766
527030158
178339009
933940074
372339610
507077650
291120124
258133963
329313371
545525098
206833999
770935442
70843747
109320
4578874
602121847
751109629
605542953
252107929
468153806
2876728
389927427
991435600
810359821
436715057
314274700
9233414
661815621
568368152
297721548
914650771
777161433
124887470
309914368
89031944
877573331
359625551
669989313
993246911
680441459
918055945
988265960
356257465
155114584
819390907
249183027
103551271
326901762
637653710
974297182
496857604
992780831
723326171
903221914
189874901
869611787
865494791
635957603
726549202
397222214
496647685
33824404
61461987
946905647
92758893
478420462
238067348
48993694
466113791
349603248
482636632
862636349
924053884
728714543
185501014
354740411
948681104
599259056
820777211
711265915
58020252
340980453
704827836
96177646
878815733
170259174
212696108
297721548
444805188
895914930
986345000
759568074
412533633
36179239
557820851
746937336
679855380
834429163
186587623
211934297
983780318
225799444
25817790
507634900
514245021
54524997
62702036
872465030
455405272
689075782
963962664
153633151
487814049
716100284
415385114
704936703
821313306
121413468
918055945
303904431
198025561
4164938
189874901
505115444
159853745
264363930
416976073
614633990
404462807
598374889
873735929
430622732
491670160
709205812
980877287
33891821
795285863
472470723
742002685
884750607
469337187
163410716
316372179
110557748
542145750
151667782
569916005
906216015
627901656
716574648
61424128
390734448
898721940
917456405
34850360
821987704
109095610
156418710
143433750
679855380
951759699
444805188
415385114
349603248
465492041
389653812
449534591
482866441
512162276
838230286
178339009
940644413
964982728
862264825
227382860
826305448
148516861
158853257
479810800
108563469
4826160
717552752
918455197
879603522
621367994
700167415
749137792
69349174
182575716
896143210
474580780
318294545
516383057
827874435
747363900
716100284
81655028
597170343
928419854
349603248
482020824
424614948
240668460
556007948
630348691
154647843
227547313
656674522
93232780
340980453
100317757
802676821
69349174
716100284
191874656
130159798
881775823
503337797
14149469
545525098
487814049
297721548
673973228
607196614
777161433
32287383
903221914
184518344
444805188
397991399
477546440
840801693
716100284
543714026
308762885
335362996
503444762
329069410
102717016
176717014
290767032
486167898
46755623
672867231
451927396
744418302
802916844
46598156
227547313
316205937
842176960
166807753
319479067
633874541
763519060
297739212
568368152
132892996
263689255
104105296
113370599
85639073
876207396
468609008
749018590
170864699
225232217
109320
18791251
185501014
179621172
193992127
573375284
591441977
198025561
802676821
261239767
367450842
986345000
537887578
770935442
186587623
312031619
362399368
742506741
206024974
918055945
545525098
634247715
379135191
340980453
885051350
459756422
163410716
897221916
933891365
100441623
225799444
349120238
157091808
522438040
684158597
873735929
934426892
335754056
673161982
882743376
957282465
156285460
895006214
676524565
928419854
182931302
482005913
370347816
683538680
940644413
3384
367979746
285611083
450408495
912135238
378463035
562856519
829563740
74091046
912208782
717552752
149544260
291848212
16977106
109320
314274700
122789628
870894432
865494791
983780318
199260963
986345000
95673858
110373945
340980453
227255957
204607262
487814049
121413468
673161982
27810873
632722616
29772837
784048739
492436527
338911730
51742887
476940851
802676821
145642562
52773310
281255127
694330040
548444787
498805845
605084443
730423192
903768545
901748466
389927427
369442094
959727093
170864699
680748079
865494791
11108071
617080737
383276601
395371677
448224737
738200694
834516176
108563469
312084886
598374889
199260963
168210228
744352168
680748079
905767421
873735929
648816111
263175059
874353199
751885764
404462807
185501014
945631658
275507421
843974522
891400418
896649515
4298457
239001406
23482358
769929921
193275305
928419854
136932511
91896684
615620635
369022779
181847325
585240519
568368152
516383057
720959622
442277922
794289386
768052329
538404740
482020824
174875262
1
32384110
579285780
941853096
495780310
985745723
314413453
683538680
46598156
845496289
414535497
696079410
655015866
174469238
616091153
683978947
103369980
206895488
294780030
373799788
416976073
505115444
81127709
747363900
433206294
199747343
543631849
479810800
397991399
572123331
304697117
431012404
124887470
46598156
199785190
573375284
577722763
778557779
81648003
349378664
933866206
92758893
843974522
84853141
768731168
335362996
494561247
187985533
392874468
345422821
239487316
397129535
278976413
348993816
953136951
943727850
940644413
765448587
478673060
362603295
903221914
169958611
448271409
137067068
189874901
87329862
275127100
472750916
546974392
4578874
779370659
181847325
402737690
108295917
342706736
143855102
314116173
335362996
82229777
239432258
364670984
234436170
980877287
818265792
649715856
70842168
329313371
587741146
983780318
858835696
634713824
558104183
626701595
158812850
621372446
429303489
174875262
658516737
379006147
676707240
556007948
749519982
505115444
42310282
574016106
701360434
993246911
541199475
148516861
618730328
563898065
557820851
444805188
300278716
94581767
109957553
349603248
614380239
150133334
444232445
683538680
849420517
866290671
249420944
773485779
314409236
937891611
986345000
638670470
773485779
545525098
467714031
984638696
482866441
649329457
342330165
349603248
760730277
307262024
627539269
482020824
121413468
387120643
933866206
380363106
837757920
634247715
776640388
389927427
732913440
908477894
528506625
457230381
562263208
342330165
326901762
482020824
280128240
259938437
884158612
637653710
798905141
802676821
741451665
38056830
740630647
92363518
656526239
309914368
648816111
153397718
816055089
204434900
521998235
557820851
527724205
370831318
32373650
890496572
692066514
540791553
501498556
109320
433762812
806442151
329313371
113370599
952041196
648816111
507634900
578021296
649329457
602121847
614633990
727482265
683538680
168210228
275205258
747363900
540260995
884158612
763256330
829563740
340980453
903221914
548239029
827166896
240932118
503243959
344383005
483935479
274438512
149237776
151667782
477546440
965243946
867677207
151667782
211260774
489334816
717552752
226703208
208917888
148827357
478420462
369865985
299943114
868296475
197865209
224652913
983780318
207908345
749018590
538093333
992407830
912863145
81104448
988265960
980877287
198025561
745810009
257342848
611291101
397991399
525372588
806442151
497439706
933891365
628712350
482866441
382709371
977485422
58052142
514802540
249420944
42310282
472750916
129151366
93718562
67086855
309914368
825355264
135083165
100441623
818265792
248004927
655015866
349603248
387120643
918055945
770935442
179597442
724135933
557820851
227465186
415385114
384951437
405572486
82229777
144577080
46598156
34199318
11568314
349982023
185930935
148306374
457230381
402737690
495780310
649032276
290767032
663733364
581264389
698436690
312090480
66430650
312084886
746937336
457230381
568368152
663795365
42310282
983135093
649329457
716100284
872331755
598374889
662258578
602121847
193275305
626701595
72926180
941102973
27810873
302864600
630641843
534312439
320974288
548056668
764523640
357273800
86555639
124887470
717417594
653055935
716328124
810527920
19212299
868261034
314274700
991400574
716155228
981870925
637653710
113906392
270246645
69349174
771086559
161498954
862834771
435506097
129151366
400688554
156285460
581264389
823046072
82229777
730117706
919965156
190206659
530357297
521792406
345422821
584229431
314274700
782862395
181344233
895390013
928832294
694052089
465851982
82229777
448707686
109320
844044156
963514248
979992373
448224737
979909657
898386268
788975441
899162623
751109629
628577302
701730193
881775823
83236449
10
555885397
704936703
728842324
199785190
239487316
388061120
310048789
780068949
780068949
548056668
301270196
280128240
448224737
254052936
686406158
164470102
332844096
705234926
613938202
195828062
565036032
1
199260963
990312234
980877287
913408437
493854947
109320
185566182
426474207
242544101
764523640
415356369
151667782
240879853
563363117
548056668
867677207
224229753
144577080
539554359
149544260
479686226
527030158
405572486
823046072
518320293
141449149
566631037
294780030
210394760
446423589
103961583
499544821
634299006
311521200
764523640
540791553
211960357
16977106
506450862
239487316
112122701
716100284
912215432
45303813
521236563
743928632
764523640
114617150
778557779
874064357
983780318
457230381
867677207
667331786
23482358
340980453
686406158
621372446
682095952
690266710
548056668
239487316
928954922
338911730
808136126
692109925
4578874
107816356
444805188
948275426
189874901
103961583
494874175
607196614
523124492
713751969
95673858
581264389
379135191
386265640
141419287
269522820
93718562
386265640
643790912
100441623
93232780
849859696
470598575
467714031
759654269
82229777
560246479
556007948
977485422
269237579
898721940
861183873
398089477
39790552
218694398
562085127
105738068
778557779
312467889
592541680
32111757
608919456
96507421
127343638
248004927
777161433
735438537
207549831
249420944
849859696
745810009
715126332
78646918
437159051
922390724
393029813
83761743
715110181
463535049
849859696
205427677
717552752
4826160
27810873
238886054
840206181
747363900
602552994
475634304
747363900
886373371
745810009
686855425
188770401
317812898
1037290
882021627
988265960
50338449
769929921
701352435
658347418
90311732
918055945
482636632
162101766
827874435
631842451
93898630
72845397
93232780
137067068
208917888
912208782
602657812
957751970
607681850
249420944
353076085
445300376
557337497
873735929
210747212
349603248
131225688
655015866
459756422
477546440
80092724
32287383
154221862
352415401
638005854
827651513
479686226
93232780
683210736
609195001
414422976
884158612
227547313
749866249
245476661
204218943
3998093
165371415
634247715
876712053
572866075
802676821
168210228
873735929
740830166
46598156
478420462
33287140
364670984
34850360
797609435
110468114
451927396
251297295
708655187
661815621
533280523
841685218
131225688
880418148
836551212
660744755
448224737
278976413
316372179
249479266
306587312
514704298
494874175
745810009
919194851
836445496
32373650
410003081
483230605
700167415
67633894
783863227
658516737
177563983
55849933
581093151
655015866
365777724
188768180
398498955
165803742
829563740
807973025
225799444
248590766
524767184
952041196
209129951
278976413
86882463
963962664
773118870
853338435
524632621
358434210
589931035
855820442
811195942
342330165
172901029
918055945
4578874
744734294
756700688
578200601
881775823
199785190
185930935
386265640
614941703
916268186
435294253
370672738
354740411
654455799
757655185
478420462
314274700
7363174
227465186
807973025
712006919
673161982
922317078
198025561
435722826
649032276
889025061
493854947
285999306
165803742
654223246
717552752
32373650
47984935
10359354
46598156
185501014
225799444
556007948
851877044
690319247
338770429
992343072
903221914
998016153
351098758
717552752
349120238
221516191
602121847
945309929
189874901
548056668
540791553
549595734
108563469
144577080
104194656
150
614633990
877583262
340980453
530244469
128979852
159853745
227951828
291848212
329313371
703942432
326901762
775690549
34220901
567561386
354740411
198025561
769929921
787638947
749018590
843410497
397991399
867536070
751348213
557820851
649032276
620458089
84980391
63074131
873735929
193992127
290767032
992780831
628949724
404462807
117643267
685987511
227465186
590957800
514245021
129151366
540791553
314413453
124887470
728091607
889484854
806442151
44592894
298620610
498943403
738200694
3998093
364670984
386265640
202531407
712185049
970905803
573792114
402737690
600158063
958572059
397129535
221421189
694247497
865544553
149529360
617030526
637959681
994862050
169336279
649329457
802676821
349254839
676597755
32373650
43016471
663349178
4826160
606642756
867065361
988302004
505115444
234331549
278976413
259914031
66430650
728091607
885392673
665571982
459271485
294780030
354740411
995547968
709711881
341327355
347090776
223064833
478420462
354793273
843934108
995547968
571173531
90733481
54643958
738567241
675841445
545482656
519360548
952041196
4826160
522768776
402737690
637653710
607128712
108563469
305174163
665844380
371516206
952041196
552173068
692893114
326901762
436453316
795285863
401308029
865544553
630174927
745810009
479686226
464382015
113370599
848601851
98991257
858534425
503337797
190077139
191928692
362399368
4578874
150
349603248
773615753
610116013
568368152
22734008
733480111
549140680
779502
626701595
721617140
439752238
275255177
95673858
919965156
652993222
331331163
129720502
763517737
402737690
627245288
122003867
113370599
159853745
103961583
1037290
56574972
27930897
78646918
934805225
746937336
305478343
3761461
405572486
799816413
517370357
992407830
887120899
92363518
435831901
362399368
362603295
39218592
207908345
409478305
239828826
687500369
218719
68899906
491782947
96507421
179597442
614380239
442530267
487814049
387120643
707049983
967102009
156904795
655015866
137067068
338911730
467086693
300014945
299962198
373635
661815621
929876370
136947703
580207553
362603295
356547200
446891519
32384110
682673137
479157618
312084886
130159798
505115444
940275686
200016492
602121847
717552752
278976413
329403095
93898630
110692812
242026776
271227585
281255127
77186342
251812669
921364114
609556661
294264847
117643267
449533867
568368152
162101766
556007948
34220901
451927396
39218592
952041196
309914368
65930585
79812694
980877287
365725523
154221862
729135592
3998093
248590766
866921667
50947760
275507421
416976073
711265915
56148766
527029543
131225688
304912612
397991399
661815621
733757931
467714031
556007948
412533633
397991399
963962664
85225183
159853745
228850729
85959321
338911730
189874901
963962664
273320985
34857525
704827836
726185148
998815078
495780310
967102009
314274700
801502940
159853745
716093642
137067068
659750390
426258284
365777724
390913126
275205258
9644277
290767032
263599206
216434532
354740411
109320
919965156
908437978
163410716
993246911
992780831
96507421
29849013
527030158
757196071
946006364
299913451
210151002
498217884
23482358
740630647
468444985
980234325
131225688
84809619
627589438
289699
946370307
95673858
842727423
794289386
276343772
983780318
1
208917888
669989313
373472960
249479266
498805845
741507146
746937336
663349178
186587623
964317533
27810873
820777211
95673858
113370599
4826160
716100284
343762443
95065020
65519728
614380239
184151516
948839486
110617657
69349174
202406010
64901770
89473414
806442151
608423628
294780030
772223837
794289386
919965156
314413453
239487316
248004927
626701595
666717978
156285460
137067068
710633570
20782126
8429100
204968694
482636632
438289835
354740411
202459787
779370659
641512680
728101801
513505669
451927396
511500873
240879853
662826019
618898974
412533633
326901762
868296475
72667455
812692099
280128240
220535707
683780371
150
171846790
716100284
405572486
937466524
70843747
794289386
507634900
993223936
795285863
186587623
103961583
199260963
22088891
232790857
95673858
459756422
347090776
704936703
510106505
163745251
172901029
444805188
109320
667026183
92363518
658516737
865165159
767109053
695657673
312829770
32384110
373093042
482636632
227255957
186587623
27810873
227255957
845678761
787638947
280128240
373635
154221862
11854973
247434619
671194732
673161982
259933114
192166047
716100284
222790033
125199863
42310282
349603248
904882019
843974522
124887470
362603295
693014859
370017236
231715068
172901029
843799366
704918133
675084224
853607766
527030158
645469298
113370599
46598156
675126042
557751047
964653278
626701595
314116173
199785190
937393802
780068949
347090776
109320
826954553
297721548
264440952
386265640
802916844
329826477
275507421
669989313
424614948
345422821
843974522
78646918
67633894
803816336
610553464
980877287
634434726
724397751
28941351
82229777
614633990
174875262
608941033
976286833
381868766
634988220
405572486
581264389
933891365
176017376
466037649
765244876
824309164
883757069
697522687
3345023
589123148
934977970
247186869
165105338
482718001
197722123
849848959
313386159
944834525
866112952
75011739
553575722
314409236
306688072
596813636
556007948
829512599
555695324
963610673
373635
687240351
679855380
815824945
833151156
921886320
168210228
584976143
103728369
52620051
369303927
3998093
664178151
448224737
7640801
61053257
28350656
915733543
899767428
670008392
242161940
4578874
89098735
92363518
717406806
275205258
184151516
991400574
730285094
482866441
93232780
755422095
658451189
549819405
891873363
195671704
714797570
789578806
208917888
369054552
334262115
446860954
584241459
137067068
227465186
1813038
649032276
857791528
457230381
10623153
388061120
372748461
997753347
314409236
595806222
829563740
908320794
964982728
143447746
493394094
737450223
884158612
963962664
648816111
673627942
888972790
913408437
751109629
505115444
95673858
67633894
828853965
70843747
34850360
989060446
207908345
362399368
402737690
283825546
774534314
82229777
248004927
160182417
918455197
614380239
93232780
227382860
117643267
339777541
753390926
372339610
365777724
847133132
735210709
397991399
204434900
890338226
346067889
233634501
441469389
384951437
654167456
487814049
636794301
557337497
594128571
335362996
472750916
811476097
245142272
614633990
991400574
728091607
232367490
472750916
613185418
514306663
130159798
386265640
788975441
829152591
700858142
562986044
482636632
991435600
615302155
291848212
90431547
234466752
780068949
529443249
402706289
379135191
141367590
270710518
700167415
365777724
912208782
239487316
790886188
704852441
32373650
110848263
865494791
913408437
92363518
726185148
129720502
489606073
241789795
807973025
486167898
747363900
268828080
824464998
261711273
498805845
795868127
474202399
595293974
827874435
649329457
335362996
854887779
421399474
321331993
805232867
942090669
105483
712087167
137158394
209018447
718663984
727449225
59363620
93784834
227465186
200016492
235242611
626701595
502387120
368521418
725687112
199207486
189134339
93898630
345422821
362603295
705234926
239487316
347090776
402737690
945309929
488080901
981870925
314198264
191875169
32287383
661815621
544834332
110468114
711265915
851543710
449613400
495780310
751000438
52448339
556522350
321718232
716100284
806442151
130159798
546969266
818265792
986389916
314409236
983780318
743928632
663349178
486032119
884805129
482020824
412533633
240879853
794289386
16977106
495780310
701973779
46598156
85662394
67633894
241649236
819003315
363799737
686530455
569331458
96507421
297721548
165803742
138734181
27810873
156285460
27810873
365777724
384951437
807805694
436715057
746937336
13381489
764000746
341482505
113370599
227465186
760951628
803187898
207908345
598374889
36404462
831512117
365839465
928419854
132083809
627376643
341482505
151667782
780068949
58020252
267611155
151667782
988302004
415385114
373635
614633990
807973025
141061562
849859696
898721940
359416050
898121106
723122050
514245021
203775809
258956766
470598575
674558068
965924872
157999509
190872577
992780831
485438591
424367074
305174163
269522820
372339610
329313371
34289519
649329457
585240519
354740411
915935982
327675265
958411271
96507421
626510580
154221862
269522820
282907261
997838450
457230381
986345000
740630647
683771630
615768266
120046394
314274700
4578874
568368152
96039843
498805845
922604734
273320985
913408437
630936034
557820851
110468114
978748915
71820133
96507421
912382548
656015587
227255957
66605158
511328593
389927427
349712490
324012574
779370659
154221862
539831708
384951437
198818461
982682434
206869561
770894905
129720502
714797570
755668058
458377983
493854947
486167898
338205046
137067068
398089477
915010185
584652076
150
324367954
553320060
32373650
374224851
802916844
103961583
539831708
227382860
660884587
64417711
875437497
49625739
630174927
179597442
190766959
884158612
34850360
270710518
704936703
879553184
365777724
207908345
208917888
457230381
297721548
312377943
998586094
340980453
2565811
538200285
460656319
398754191
658664634
802916844
199785190
4826160
545525098
748840593
807973025
681595152
545525098
369865985
316372179
200016492
608423628
137158394
917808241
564675370
539831708
561555966
398089477
159853745
361430920
664821095
415385114
693609644
350280747
786473765
964982728
912208782
316372179
280128240
243454684
539831708
918055945
199260963
722333968
718950527
798826332
791126346
84783247
824148034
10
192748537
743928632
34850360
404462807
329313371
607196614
769929921
251297295
186587623
489334816
32373650
362399368
290029434
95673858
952041196
270710518
769291692
704936703
865494791
441130595
992407830
533930908
807973025
459756422
712337405
991435600
779370659
946858254
827760891
881775823
3761461
82229777
637653710
820777211
451927396
482636632
154221862
412533633
405235624
986345000
595665874
335514824
362603295
193992127
231848566
263387323
534483868
29940831
327312017
306737324
780068949
314413453
810616801
979992373
744327235
347880563
654167456
251297295
977485422
745810009
134067706
726185148
372339610
180299989
963962664
866803665
386544052
354740411
460907563
354740411
129695858
749018590
104043683
721617140
130159798
986345000
893842
379135191
84087821
399346453
614137927
498805845
63945300
639118041
990886261
388061120
705234926
347350587
753043799
291848212
815377607
32384110
342330165
372339610
833918193
3384
384807996
92363518
938680793
983780318
110468114
381540413
661815621
427138138
121413468
873735929
312084886
122929440
991435600
725310847
918455197
492549860
977485422
70843747
236650837
652922025
312499983
488102524
439752238
107816356
151667782
794289386
770935442
979992373
346113511
306741972
963962664
859387497
431469198
770935442
179597442
341482505
967102009
395429864
862636349
67086855
556007948
865544553
770935442
654106308
329142722
716100284
504843329
980818602
902499579
278976413
995547968
569843162
347090776
129720502
156285460
167026947
457591131
882978818
312499983
195828062
401016825
370410259
637653710
568977450
467714031
733679506
686406158
986345000
70843747
783408211
992780831
324367954
827874435
673161982
705234926
63346624
683538680
839027620
764523640
982070973
416721453
167026947
912208782
404462807
116440748
459849323
482853801
493854947
740630647
251297295
743788608
821987704
397129535
988302004
679855380
148516861
251297295
829563740
179597442
436715057
843410497
669989313
746937336
912208782
294780030
743928632
977217589
689987616
375415318
273320985
709213392
378334392
176315271
527434373
93898630
772214221
291848212
124887470
653576176
556007948
96507421
478420462
478385070
835461005
614633990
645121917
783629905
51841487
651800109
855234341
678586194
787638947
486167898
337603108
240879853
991435600
758539381
185501014
726480344
728382159
97651051
340498734
430396605
146993211
540791553
7888449
282079583
444232445
534417980
540791553
224146166
807973025
505115444
164908604
213843433
413960064
827874435
818734253
589915508
655901784
10
602121847
265808853
95653760
933891365
269863120
268109701
655015866
750337123
540966650
416976073
108563469
991400574
23482358
300113318
444364911
913408437
465655117
899162623
151667782
726560359
700121366
967102009
675464972
723290600
251297295
291472782
397991399
136922743
125575379
322103350
94672885
227827257
471621864
745810009
321279607
905525378
680441459
451957842
992780831
369865985
913408437
779370659
4578874
280128240
482866441
842176960
494874175
130159798
696093068
70490549
465678673
571953109
269522820
795285863
278976413
349603248
963962664
596813636
689075782
913408437
658516737
129151366
48415218
980422548
849499869
436715057
679855380
165550410
339761070
989738924
397991399
370332305
774763244
419339241
451403454
187096277
639951442
151667782
967102009
208917888
869175512
34888017
100441623
324683463
340980453
952041196
539831708
24521999
428234838
658516737
244445175
684621350
212873219
393288667
247650620
844733406
99085627
965668215
3384
58020252
96507421
93232780
711265915
230414703
548056668
865494791
493854947
746937336
69349174
285871064
781175931
451002033
193275305
628604496
4311896
451766851
673161982
227547313
412533633
919821176
272195946
397991399
802916844
819726806
876179091
282283982
607206217
4826160
203691655
465163041
195828062
897041463
596813636
393658570
311964083
149544260
347090776
827874435
124887470
803060934
803039224
479588863
349603248
717552752
690319247
747363900
646371104
3384
388061120
568368152
314413453
818265792
648816111
477546440
462161742
529505347
309914368
426457687
52776790
876497561
622947453
626701595
107104591
83761743
614633990
873845825
781563334
263199134
422464113
919965156
343689048
977485422
534393090
46701852
256964665
167758824
38582563
448224737
700167415
174875262
486167898
482866441
682990863
245752697
903221914
727917259
602121847
840517467
545525098
621358170
985343035
163410716
918892063
590092832
148516861
489530584
128678357
519526333
743928632
842176960
121413468
758256227
487369308
275507421
472750916
648816111
331694429
318982007
489334816
93898630
648556615
832841782
482636632
4826160
294780030
324367954
859707905
249420944
788975441
193992127
384951437
361654582
356633930
46701852
919172131
494874175
783586461
843410497
297721548
365777724
492596155
557750736
280128240
857705126
833185752
779634122
448224737
964982728
324375680
340131382
387120643
967102009
482020824
516383057
991400574
412533633
598374889
942006036
993246911
19609300
178605862
194216392
225799444
708419374
129151366
345422821
908680178
100441623
143339819
349603248
349603248
122205926
94314489
379135191
676434246
387120643
922129322
121094721
347090776
305646466
514802540
275127100
854887779
630174927
482866441
361717327
871216656
117643267
184151516
756642765
168210228
207908345
265020239
364670984
537314662
638636946
150
3384
903221914
194025294
991400574
360807561
82229777
342330165
451927396
448224737
704936703
630174927
193992127
239487316
404462807
870899908
840517467
728609737
598955535
921621779
231739220
143923038
856151731
808385729
945309929
251297295
947230169
198025561
23482358
820918487
114617150
913408437
530934164
614380239
335362996
648816111
711265915
632177599
772824509
807019538
980456296
698436690
692115924
4826160
288597564
568368152
806442151
677543308
151667782
514802540
504246134
208917888
903389700
293757082
884158612
379135191
524632621
637653710
285706439
443607341
275127100
716100284
484634334
137158394
104663659
901094194
537044173
249787675
981870925
135371033
390495381
489334816
372339610
788975441
387120643
174800697
661815621
21558614
439752238
909933258
253642504
836447541
850879048
115353192
770252923
33326483
995547968
439838131
788975441
290767032
172901029
202959419
658516737
716574648
595543329
933891365
364865644
949251711
479810800
516383057
198025561
649329457
672961716
389927427
227547313
226986190
366198825
444232445
587220085
972362836
345422821
659070266
482020824
3384
644949980
507634900
16977106
721617140
372125619
420632094
714797570
185501014
42310282
988265960
111682952
137158394
843410497
4826160
189874901
326901762
327327554
193275305
476787743
595700882
4826160
865544553
585642967
373201673
379135191
211224342
557645218
983780318
552952241
203647641
103282627
821987704
485405523
178339009
795285863
949049295
723246539
925517972
275127100
150
560171555
329313371
496767320
877777597
397129535
262401499
473062929
865635544
4578874
314274700
977485422
389356529
427553902
402737690
376787533
470598575
70843747
577067362
207908345
66430650
658516737
269056997
251297295
93718562
529007619
220833049
129284047
952041196
634247715
747697981
769929921
451927396
128404349
309914368
271804086
574157874
988677967
129151366
842176960
600670167
168210228
320179186
350777367
778557779
321190904
818265792
225799444
778599960
95673858
482866441
864862390
581654191
686406158
486167898
686406158
885392673
248590766
32373650
539543564
108563469
78646918
340980453
760770644
92758893
746937336
531790205
952041196
124887470
933866206
527030158
806759761
773485779
28629887
776710446
655015866
545525098
633031164
505115444
773118870
372339610
32373650
151667782
768752959
162365941
400207866
50775101
15376941
732625973
471993402
199260963
734257855
312499983
86583464
670099553
18873230
933891365
16977106
494874175
345418543
230361079
679855380
46598156
637653710
711265915
34211965
256495853
345422821
186587623
734357242
873735929
356690531
248214273
388061120
175370262
751109629
362874699
193992127
596058182
725588066
141201896
518638118
673161982
224519880
10379582
333442651
700167415
751109629
658890891
260210633
32287383
794848812
711265915
221035906
591529606
109320
297591682
513893550
85675753
199260963
162101766
273320985
773421235
47135298
928419854
261091296
862636349
137158394
319088572
24178302
109320
897545148
568368152
700526891
981645276
467313561
899352582
273556274
455264353
746937336
239913792
290767032
108857050
73098840
156165581
728091607
184151516
349603248
688839404
195828062
764523640
326901762
190849629
954039706
424614948
443607341
993002093
458432099
762162835
925125841
314409236
856853941
331055708
861198900
67633894
93232780
614380239
807500551
972420383
690319247
275716547
262093779
787638947
361746745
884708734
952041196
992407830
470251328
181255150
823046072
957273533
275127100
292526983
903221914
595966750
693416085
406657776
314274700
704936703
436715057
172901029
934572885
364670984
714797570
251297295
97298103
125575379
109500993
195869192
51423399
699200469
482020824
988302004
354740411
406599411
248590766
299006683
345640916
716574648
93166706
823046072
823046072
365777724
21272653
912135238
747363900
326733418
458432099
683538680
305174163
220866991
957454132
455901176
648816111
659674540
903221914
374634583
586836647
180994372
827874435
384951437
495780310
917496292
507236163
345422821
575393628
32287383
498316274
377417454
446161009
95673858
438607404
486167898
969127786
159853745
639553961
787638947
313614952
32373650
199785190
818265792
475634304
963962664
514245021
229758217
184151516
918055945
876611124
802676821
441967348
666124060
489441281
987954114
416976073
196279118
92758893
602121847
884158612
113370599
170864699
992407830
634038373
502008618
347090776
95673858
5738208
778694973
493854947
579049040
684391919
981870925
648556615
134522440
92609488
144577080
230396677
10
159853745
58020252
669989313
177900322
773485779
330936553
402953801
795285863
225950639
849518154
176717014
121413468
249420944
447872170
381223728
179597442
184314920
264985257
398089477
111259438
345422821
129151366
991400574
150
726185148
991400574
648816111
262109946
340306089
686406158
652855485
843410497
863778550
6330055
369085302
363422602
189874901
987147682
25322078
227547313
671652323
933891365
147722373
268597088
294780030
163410716
413960064
234917613
849859696
780068949
751109629
798655327
663420419
38295792
347090776
775642259
713035879
46598156
211092215
270710518
568368152
389927427
374143871
568368152
568949674
503243495
246347168
793502539
436715057
721617140
977485422
903221914
764862108
388061120
251297295
362603295
369865985
590582151
495780310
198025561
278976413
232414880
275507421
475634304
651907801
468414756
436715057
341482505
341482505
359009202
397991399
366922490
404074628
854887779
749018590
962184773
750650601
752698499
4826160
199785190
92758893
865859083
927158737
359510734
912208782
883000871
804984504
415218699
945309929
123128423
96417357
219517932
280128240
586099807
635985820
983780318
546467853
818265792
19542988
21650853
658516737
177033814
486167898
898721940
669989313
507236163
314055568
316372179
96507421
979992373
157348878
773072526
159853745
62729684
489334816
824309164
901111425
658516737
162101766
885392673
497350863
868218881
309914368
203412917
129151366
95673858
170864699
524632621
498805845
347090776
952391152
67086855
952041196
343221992
386890634
448224737
704827836
3384
176662274
540791553
413563335
824309164
728091607
189874901
305379653
326627440
940644413
104285831
42310282
467714031
193992127
451927396
294780030
788975441
198025561
556007948
895235800
681959128
329313371
818101697
148516861
113739639
563835751
195388220
283525968
404462807
185930935
486153187
540513215
112144776
680300104
257925540
889067132
799512657
608423628
688156553
934464002
200016492
207908345
227393727
596813636
275507421
730962569
601178880
32287383
46598156
693927938
176717014
179597442
109320
570872923
516383057
318294545
508795288
232448161
470598575
928419854
868066382
284171620
275507421
495780310
427558312
568186692
518838065
193275305
357399086
881775823
499872950
120729836
389927427
249479266
9211061
743928632
168210228
154726268
769536565
884750607
479810800
993608507
918294307
623549076
768143739
670953017
279768517
995547968
93232780
912208782
342330165
227465186
279598921
843974522
227547313
199656249
945309929
67633894
995547968
602121847
373509145
991435600
470598575
965126006
647400861
556931364
540791553
969518523
67134525
103027368
165105338
819884503
711265915
507634900
422280951
405572486
131782021
637653710
962490370
290369525
379761282
237056446
159853745
189851959
524118839
886800121
495780310
310309632
666275306
486167898
952041196
477546440
199260963
508166375
208917888
467714031
92758893
24826651
716100284
621372446
463535049
975894314
799054111
189874901
963947900
365777724
716100284
493854947
162101766
619775790
378589396
545525098
759431990
116839436
174875262
473945615
837729516
922063954
67086855
669989313
707505503
661815621
349603248
444232445
885392673
366964598
903221914
124462874
816834070
649810212
538311371
807973025
32373650
494331912
131373086
772214221
716100284
621372446
32287383
412533633
648816111
29333603
225033065
437202187
139911535
983780318
489334816
58020252
369865985
174875262
721617140
903221914
507634900
505115444
595075853
495160408
750137831
293462112
14682840
451249838
326901762
874858758
415385114
903221914
38035026
797135008
834429163
479810800
722201923
949885195
329313371
649032276
991400574
1
270742589
493854947
90122414
16977106
914022357
796802816
857508147
686406158
865494791
621372446
413960064
663349178
872247858
69272435
823046072
926929527
185501014
682628857
673329558
275205258
213841745
241201413
970141316
489334816
162101766
721617140
345422821
912135238
555429689
436715057
891962527
608114930
135698914
720213561
634262945
207866381
738631635
342330165
504843180
35300667
706153832
10
820777211
451927396
124945866
865494791
23482358
29827578
414414704
716574648
56330680
950884043
980145882
680043507
71080970
194076217
661307656
34850360
347090776
704182241
654262234
304697117
977485422
776142614
316372179
689075782
32373650
415385114
531123669
291848212
904053694
273669660
651907540
539247141
669989313
119799436
598374889
881775823
608579599
200016492
291848212
251229462
340980453
326901762
745810009
398089477
516383057
628508168
137067068
468718387
556441127
370241747
655015866
16977106
928860854
775713078
834429163
507539921
524632621
912208782
680153000
707771362
803039224
121413468
209899857
178339009
507634900
3384
480682656
821987704
519326917
866756234
805051916
165803742
617133959
329313371
137067068
482636632
640891924
554440186
32287383
714195750
571704415
373173132
498974301
174875262
927896996
267850274
383190304
375415318
539831708
675522195
678284240
2175926
365777724
500595696
192863691
447506942
501427787
299115112
524177908
79819077
456985063
799893283
503444762
658516737
865494791
249479266
4826160
39170052
630174927
807832265
816717092
3384
636128271
522919473
581186156
760542008
963962664
373586806
251001264
824309164
970002852
714797570
78646918
404462807
155114584
482866441
227547313
108219555
383303468
617878228
36103837
108563469
179597442
664639852
244907010
93232780
962721752
67086855
96507421
3402748
726985862
151340608
208917888
660989129
549756643
797359747
68682119
737551176
395543543
451927396
859425131
677224785
7954238
227255957
760224824
862636349
658516737
341482505
993864317
829563740
658953395
384197017
167026947
858587889
184151516
123847289
885392673
924725436
425269873
834429163
199260963
341482505
539831708
596813636
540791553
909656198
96177646
117643267
509950761
362399368
372339610
872460224
236253792
326901762
813755374
706153832
38284552
658516737
882852495
168026865
661829323
362399368
142522179
1
482866441
170864699
826539897
945309929
562986044
714797570
291158631
156285460
560707162
430832643
401062440
109845552
66777588
773485779
189196384
712991345
867677207
150
736817670
342330165
198634875
654167456
275205258
807973025
992780831
23482358
411218645
667984340
683538680
121471110
630174927
457230381
619551695
547828383
478420462
806956828
366786050
664075476
137067068
684621655
436715057
181847325
482020824
272760686
4578874
420081520
318304814
834429163
743928632
769826183
478176514
731548037
444805188
898721940
634247715
373930751
670444699
584216394
992780831
530382891
618147670
397991399
148516861
743928632
369865985
250260540
606588122
548444787
575144723
824309164
176717014
12473953
389927427
663349178
345422821
555573743
946621590
919777846
482866441
527030158
562986044
34220901
964982728
39218592
749018590
283214527
673161982
598374889
935984527
458432099
714797570
648816111
131225688
596167574
806442151
596813636
937091373
108563469
197824217
270710518
404462807
661815621
850452593
859381263
139336909
749018590
794289386
26293154
236153415
545525098
22736489
829563740
720403225
477546440
389927427
36630059
745933342
986345000
903221914
398089477
341482505
477546440
535957718
626701595
899162623
130159798
717552752
270710518
626633910
269380329
482636632
697802530
704827836
705234926
387120643
478420462
198025561
5278903
439752238
838245982
354740411
991435600
342330165
977485422
193275305
990063287
389927427
342330165
650144967
67086855
119071133
884817514
409517003
42310282
448224737
291848212
458135094
614380239
33313995
987643992
147850039
288787833
998849250
4838245
14799671
486101329
601770634
230288365
843410497
415385114
765991524
842398826
721617140
78075677
749018590
545525098
661815621
614633990
386265640
167769301
312499983
716100284
78696654
748102890
788975441
738200694
53117232
663349178
154221862
178339009
658373659
100442559
54886871
179597442
129586017
362440567
193275305
229734911
568556383
963962664
512452368
914250455
684567975
132919648
185930935
206227063
412533633
4826160
589568208
630174927
234504434
3384
239487316
524632621
922819684
827874435
828169580
138689382
478420462
155455844
113370599
945251655
193992127
561259798
873735929
540791553
236345424
96507421
95673858
965124482
607196614
865544553
514811540
918455197
621372446
458432099
698436690
979992373
716574648
744891770
963962664
467929129
393658570
843974522
82229777
482375752
769929921
70581463
199785190
807973025
912135238
70490549
122837241
16534438
83761743
865544553
93718562
275205258
391491756
852529781
482020824
298620610
364670984
389927427
547642507
588634914
391844692
602247956
824309164
189874901
528555586
120273577
904662674
248590766
119219202
399965969
953347856
275127100
508319534
787638947
204434900
393658570
876312989
333437755
788975441
92758893
444232445
95673858
107816356
467714031
802676821
655015866
943881813
795285863
594940629
398089477
23482358
621621783
436715057
103961583
802676821
199785190
121762497
32373650
744723020
409921530
19717153
802676821
834780574
345422821
67633894
343346908
207908345
539831708
486167898
1
654167456
129106107
889914007
236000491
249572097
683538680
821987704
827474320
608423628
764523640
579687274
335151156
915984435
297721548
392341493
273320985
522425374
4826160
648556615
372339610
507634900
673161982
863129068
416976073
598374889
767436521
544467486
232712478
130159798
248590766
67086855
193984779
630534626
172901029
240879853
354740411
940644413
34850360
551899700
645702026
495550379
198681922
482636632
248004927
67633894
733093658
589931035
189874901
76977058
980877287
539831708
692770748
189847681
833946874
654394590
687484841
137158394
324367954
64196973
165105338
227255957
479810800
626701595
712112043
32373650
32287383
26478082
834429163
329994796
760011649
364670984
354740411
572818617
463979069
824309164
963962664
298075446
855240817
420722541
348979096
174875262
200770067
74918073
281255127
186845084
824387939
923190
749018590
737626053
129151366
928419854
412533633
309914368
413835134
291848212
404462807
505678264
349603248
365511180
823046072
724863277
209168696
478454765
985470981
248590766
295075693
103961583
227255957
32111757
470251328
148516861
179597442
843410497
153709228
673622436
404462807
498805845
742501405
26274562
711572323
569157026
66430650
364670984
303181146
714797570
644065475
807973025
76589071
60025677
596813636
129720502
848916251
516383057
266836990
275507421
884158612
83038455
21200162
322103684
530919568
1037290
524632621
701485672
137622532
977485422
411360363
280140835
751109629
444805188
509135068
928419854
326901762
96149097
749018590
50528423
165105338
369865985
629573001
275127100
42310282
773118870
727844793
769542811
92363518
309914368
814513954
711265915
986345000
265405671
614380239
964123895
284404480
34850360
330936553
698436690
933866206
27810873
287228646
110468114
375264130
148516861
227465186
969346397
275127100
152401886
819114191
185501014
457230381
56210412
207908345
818265792
498805845
297856796
988265960
174875262
989615018
807973025
70843747
959138894
688859427
576689501
798468565
32373650
482020824
881119808
714797570
367911857
384951437
342330165
225799444
847230230
904991822
754631202
207908345
207908345
4578874
479810800
179597442
672631285
113370599
919603515
9286077
660707196
291848212
567497430
134406668
658516737
237147761
714797570
963962664
412533633
486167898
524632621
142189038
417027106
571449033
386265640
937761363
278976413
209172257
146484979
617510267
67633894
527030158
981870925
246598077
898721940
897008035
167026947
178339009
144577080
799432865
207908345
875645240
568368152
824309164
747363900
157920165
820777211
705234926
547441713
375415318
46598156
743928632
579298804
384951437
632308631
843410497
467665255
506219523
227382860
199260963
683538680
96507421
746937336
154221862
958736127
679855380
976208458
234985886
802916844
884750607
995547968
952041196
345422821
661815621
59266407
148516861
461227770
235296411
648816111
596906490
895477720
982269331
680748079
172901029
711265915
95673858
174875262
772896807
654167456
818265792
491087567
570989044
607196614
681302879
544259546
94789185
400100501
278190406
464339099
728091607
92363518
284588365
649032276
412533633
358354704
100441623
834429163
170808331
472750916
296119029
556389573
642905489
354740411
598206698
446769279
95673858
585240519
189874901
275127100
402737690
93718562
452035468
918106310
193992127
516383057
293932163
291848212
433241659
503444762
966613764
73308201
57361453
509723662
514117243
234596699
494874175
944052565
185482629
991400574
330936553
100441623
873318862
149544260
477546440
472750916
471768121
103961583
557820851
499647445
751109629
298620610
807973025
299099499
178350046
786366424
290767032
478129535
239487316
842714186
4578874
335362996
598374889
626394308
291848212
282195983
295092685
154221862
495780310
749018590
83761743
903221914
66855013
472750916
150887721
205284286
728091607
840517467
109320
754968093
560608974
587555727
251297295
983780318
663349178
166651197
454166026
347090776
298620610
536033593
107816356
406360119
131225688
919965156
963962664
479810800
17998519
829563740
595893606
952041196
398089477
389927427
723265560
149544260
879271320
698436690
110468114
700167415
193275305
354397653
510217056
860496716
364670984
330132904
477901395
459756422
482636632
436715057
415385114
545525098
533119828
239487316
630247426
889202253
918520359
110786085
482636632
387120643
416613691
199785190
700167415
945200087
92363518
472882866
70843747
166407425
596813636
193275305
447411641
795652209
100441623
72214179
203686704
866148462
97310848
749018590
879103376
154221862
779989337
6042412
131225688
263592562
32111757
67633894
828736453
26330113
711265915
986316035
275127100
873735929
594746099
416976073
748428984
338911730
32373650
29131004
276423843
482636632
486167898
467714031
558294826
340980453
269522820
712158865
868296475
59032928
102131004
597288420
594944177
890131456
173750400
291848212
467714031
572145439
60410559
669989313
34220901
903132021
312784899
746937336
336600714
323749183
841219939
489334816
149544260
289876177
131225688
865494791
345422821
494874175
10
267003746
921356090
654167456
780556589
648556615
704827836
146899673
162259283
32373650
312465591
249479266
67086855
218899574
68899906
604166665
314413453
511467245
482636632
121413468
740630647
988752366
637653710
514245021
388710969
884750607
167026947
711265915
288234141
193992127
802916844
926871154
482636632
789097907
96177646
568368152
173601689
193275305
813140742
78646918
476318736
403090926
219308890
634674062
745810009
404462807
137469776
10
854887779
270710518
588787964
204136811
1
965089677
614633990
740630647
770575063
186587623
305174163
297721548
347998198
690319247
840517467
945309929
472750916
179597442
338911730
773556569
369865985
413751001
233779807
198025561
714797570
933891365
242026776
711265915
731291563
952041196
941679583
335626834
220257745
886708949
773118870
534565446
698436690
398089477
174875262
631504575
489334816
977485422
375415318
294605859
13052079
903063771
967102009
149544260
966713249
66347484
92658050
716100284
723046372
675939440
614633990
979992373
378464128
991435600
188644601
634247715
4578874
246504745
185501014
498805845
335362996
448118128
992780831
4826160
192095276
391682265
10949434
134169257
516383057
269522820
596051317
227465186
540791553
183403848
912135238
112687323
129151366
292453574
873799969
114617150
301552503
706153832
211960357
417465749
721617140
614380239
524119303
227547313
284096326
977485422
744558861
322718281
354740411
964982728
615610558
769929921
738200694
983780318
242026776
175400609
764523640
960106297
721617140
913408437
807973025
918455197
590189736
362399368
151625024
280128240
350908652
124887470
2726187
771191810
151667782
749423792
913408437
278976413
4826160
179597442
162101766
248004927
267814989
394740036
170864699
964982728
275507421
363391141
162101766
539831708
995547968
986389962
285018459
404462807
903221914
158893318
389927427
780068949
952041196
172901029
108563469
977485422
110468114
673161982
816770640
338820200
332958355
168661569
122057608
151137254
174875262
321755993
385263775
340980453
71061924
114517872
189874901
545525098
529600715
60474608
432287998
555573743
489334816
535045334
314274700
545525098
820227973
270710518
700167415
618657288
828652706
275507421
2298255
556007948
505115444
989871275
760024566
705234926
87590081
172901029
507236163
873735929
946258901
251297295
604205468
834429163
597726771
1
129151366
963962664
347090776
820777211
467714031
38582619
155114584
637653710
325506672
845500763
969265925
130256249
460227381
479810800
398089477
256075728
899162623
991400574
629408559
780682800
834240199
411676992
545525098
887129417
527840306
717552752
637653710
704827836
895574696
756396165
165803742
220595996
710824614
700167415
23482358
715121635
224300373
362603295
7214920
262754911
26689283
283385722
141398452
70146580
596813636
538988347
981870925
589120757
672024337
189874901
807973025
283082391
746899096
843410497
679855380
386890836
286699631
586607603
32287383
96177646
477546440
540791553
193275305
704852441
326547216
992780831
482636632
208917888
607270543
211960357
645349175
601000738
436715057
341658840
846835295
585095424
78646918
795285863
665020003
412533633
680441459
154221862
981870925
803039224
370343842
70930920
116637053
225143961
214357954
964982728
705234926
227382860
735949855
174875262
802303987
354740411
114617150
195828062
11699756
372435523
842828114
758315991
108563469
193275305
21045705
282464512
451927396
217734464
635692346
312084886
539062638
232316630
648788280
93232780
950589684
728091607
516383057
184151516
980297325
200016492
495780310
933866206
892210260
978361597
881775823
843410497
148516861
108372114
36503543
252062718
940644413
743924236
173228272
880289537
665007008
3384
824309164
844761594
803039224
428689858
207908345
146160690
391807361
255127979
138763998
439752238
711265915
163410716
353745034
46598156
324058578
23482358
751885764
241122229
204893429
3761461
303077090
309914368
793993252
4081408
165803742
354740411
981930948
18512409
736906461
512133322
778557779
745810009
607196614
34850360
737950520
192900066
713031595
241073406
800472937
482020824
172901029
464063534
78646918
211812387
388061120
436391506
428310757
232470508
302654644
61460245
543284857
177065619
489334816
291754836
369865985
971692606
818265792
248590766
386265640
58020252
288923727
855936820
179597442
532835784
673161982
608423628
487814049
376554146
248004927
12472291
202784126
438683871
478420462
418066982
398089477
658516737
884158612
451736149
655741073
988302004
936565511
715464380
486167898
379135191
899526110
3998093
443607341
27810873
470598575
995547968
919965156
137158394
67633894
96507421
3384
389927427
326901762
186587623
361558859
988302004
109320
309914368
467714031
716445119
788975441
487207495
790609029
649032276
493854947
167026947
269522820
377473513
865494791
562039971
322037705
321445504
58191007
874187701
380078294
932943053
280128240
542937376
251524843
470467844
764523640
361743459
129151366
58262789
898721940
336087746
28569469
516216595
45012127
842176960
865494791
800369830
829563740
211960357
275507421
244359269
16977106
291848212
272976098
144577080
248590766
249479266
354740411
252703267
324367954
802676821
389794517
912208782
612472314
679855380
68899906
179447022
975330446
23531904
935470990
708668926
683538680
263221426
548056668
184765676
771832454
368377955
55082618
335362996
139266983
3761461
204434900
858781750
298620610
834429163
806442151
89670898
211960357
92363518
253174649
384373170
626931400
337418840
57635434
607196614
354059513
721218751
341482505
128605800
428056551
906505667
248731862
82229777
96507421
416976073
802676821
342330165
720406623
39202391
540791553
750391993
167026947
524632621
594597740
314413453
827874435
198025561
16977106
392892609
981330245
740630647
649329457
51486640
657455028
314413453
721617140
249420944
802676821
274540426
275507421
193275305
516428493
746109783
278976413
652093250
69349174
459756422
942918706
751109629
46598156
478420462
200074560
773485779
710484055
412949445
386265640
700351643
912208782
96507421
455763587
606868447
586492904
301535951
991435600
705234926
1
109320
330646616
341482505
267032290
416976073
988265960
109320
42310282
999661367
860347125
708036338
34220901
168210228
622356585
31082155
402517038
988265960
658516737
503444762
239487316
82310960
231533662
195828062
716843310
74033640
898721940
482385283
297721548
459756422
929746638
386980772
1037290
275507421
863026473
529204804
326901762
737667438
389768210
67693386
919965156
764523640
96177646
571180599
802916844
626701595
751109629
107816356
172901029
188384044
673161982
103961583
811026220
82229777
67633894
614440313
236877328
733740816
489334816
186338879
742093672
199260963
585240519
478420462
993030788
27810873
598108787
324847945
717708174
545525098
354740411
704852441
35297189
273320985
904088572
92363518
336673636
247439759
150
673161982
96507421
240544598
23995003
165230690
482866441
227469293
958841047
129151366
761546248
436715057
176611956
632664093
904840565
170635468
109069938
765420360
4826160
663349178
470598575
108563469
252379356
275507421
919965156
402737690
405826589
248590766
183931780
467714031
807973025
493440001
415844381
936136021
745372870
33443300
689075782
884936344
779342623
489334816
430181855
573375284
239487316
749018590
839429477
92758893
280128240
436750172
381559049
991400574
881775823
683538680
451927396
388061120
902606745
912208782
626651191
156635766
305174163
137158394
320816329
130159798
807500551
361648329
737437238
193275305
4826160
345422821
648614767
658297136
545876982
444805188
768731168
914286465
314274700
543466311
437672592
557820851
791958775
335055631
349603248
780068949
95673858
679855380
635408590
11824869
410056464
574977759
618752148
849859696
28179601
456437748
976760126
756821591
802916844
945309929
184151516
387120643
716100284
918055945
964982728
484878592
30360
487711950
324881519
258426478
686147848
657610649
109320
309478354
795285863
284216995
747363900
137158394
498805845
899999877
472750916
174875262
898721940
297721548
761947649
239487316
646302128
963962664
100441623
776000880
94039590
744166788
424372072
614633990
540791553
388061120
897586469
700167415
328291229
757202848
379135191
919965156
89327314
898721940
379135191
329313371
823046072
70790729
669989313
679855380
88382334
200016492
738631581
884158612
482020824
174875262
280128240
913025262
176717014
654167456
347090776
129151366
304697117
296895487
342330165
82229777
611783561
339120657
503337797
637653710
363448381
476270412
935364111
668270626
159853745
912208782
721241177
61723443
484947920
467714031
795285863
58020252
634247715
614380239
755601092
281252751
103961583
467714031
257218569
341409646
163410716
585240519
163410716
992606836
364670984
552046784
867677207
249420944
967102009
345640920
199260963
472750916
904634611
388061120
121413468
745810009
426009434
273320985
109320
573375284
873735929
227465186
239487316
248590766
96177646
538855352
598374889
93090113
780068949
248004927
137158394
912127701
314413453
81205134
865494791
272413050
349120238
698414096
489334816
899387232
910799952
211960357
413960064
779342623
82229777
683538680
568368152
498197718
976323753
458933371
983921251
248590766
972393031
637116192
942552329
49879396
287855831
913408437
279884959
562986044
239019797
916545239
849859696
824756631
270404884
585845183
248004927
626155301
273320985
920978986
124492446
43783944
349603248
705234926
362603295
20576124
100441623
903553049
909884859
476787857
349603248
573608549
802676821
94226541
78646918
493854947
297325560
631983471
686406158
842454148
764523640
274493944
427649483
307086753
264069670
884158612
3761461
342330165
928419854
541908154
854088956
362399368
373635
242026776
972506265
787638947
131012929
9171967
25322078
167026947
439220607
176717014
477546440
121358187
67633894
889217014
349120238
979992373
397991399
454783088
548056668
837442823
148516861
146884151
487215994
498805845
673161982
45653071
1037290
963513610
543953181
971077664
840517467
683538680
34850360
444805188
114617150
59612802
868296475
605410468
660314103
227255957
758737604
950247595
562322890
787463905
800329258
679855380
156285460
440066914
634045874
827874435
342330165
764523640
787638947
545739974
129852898
743928632
881775823
929788198
829563740
33172207
539831708
507634900
936099052
524632621
291172072
917651147
167671882
229717540
312901936
340980453
865494791
10
325634517
402737690
46733515
966921385
568368152
108563469
611154914
55348348
489567380
1037290
171917373
794289386
630174927
699259684
593224729
291848212
362603295
607196614
149544260
589140052
93898630
918823437
404462807
200016492
918055945
227465186
244575074
724720587
590989065
32287383
162101766
150
14150129
148516861
84263482
714797570
398604860
167026947
4578874
66430650
856339697
520711393
130159798
96177646
630463376
834429163
472750916
340807618
369865985
490400456
630174927
774816669
93898630
325443281
131533649
198025561
683538680
566933204
467714031
67086855
605914857
587549932
32509075
899162623
903221914
66605158
856662847
514245021
992780831
837745222
364670984
980547871
959935096
474831457
25322078
427438388
821317078
347090776
828864840
540791553
751885764
812486354
397129535
527030158
412533633
329495021
160152888
963962664
113370599
465336555
764214233
60809839
656826103
422852164
599463062
352537085
137067068
92363518
222002499
291848212
109320
388061120
407377231
193275305
454933126
876721599
680748079
788975441
607196614
855187664
498855336
717552752
535372361
847380134
689075782
687907560
571794395
66430650
401016825
170864699
482020824
3354821
155114584
92758893
486167898
963962664
1037290
386265640
742879975
498805845
751885764
64011704
858462719
58020252
121412790
747363900
605638349
867022419
168210228
883656463
204434900
379543353
728091607
346420367
933866206
641336448
149544260
421358409
113808727
172339514
165105338
423251257
239487316
679675857
868871135
389927427
305042189
121413468
747363900
349120238
32287383
399568098
445459958
501105675
285441220
566802829
314409236
69349174
47355091
410986716
820777211
473398295
658516737
740176432
4578874
389927427
297721548
927689248
827874435
557820851
14847618
517781540
802828342
714797570
349120238
991505660
988302004
857933757
182963401
890200716
690319247
991000482
24198579
95673858
34850360
70524474
505115444
479810800
168210228
329313371
988265960
444232445
939682983
965243946
790588282
392422402
648556615
888098537
248004927
680441459
104809978
340980453
516383057
283933845
988302004
444354581
144577080
139099487
103961583
96507421
326901762
174875262
405240694
516383057
680435860
493854947
524840285
726518406
851850808
156285460
459756422
239688015
827874435
288324194
693040327
362603295
740630647
324208415
806626327
591648435
162447257
224540083
711265915
769929921
773118870
227547313
663349178
51350368
630174927
933866206
100441623
749681307
415385114
705234926
630174927
199785190
795285863
557820851
849596762
819308982
210567740
680441459
658516737
149544260
661815621
354577566
802916844
568024263
463535049
151053818
345422821
787638947
298620610
253489531
23482358
477546440
164120229
442399202
641493717
486167898
357237216
403466852
964580997
66472751
506345192
383543198
360163700
308433932
540791553
498805845
843922926
729725133
167026947
47091976
375415318
939242998
297721548
489728086
700167415
76482466
574914482
698436690
922406016
955420976
841828888
23482358
103961583
181373898
185501014
482020824
487814049
428229281
629080666
900495789
711265915
821987704
42310282
521185434
680748079
309141820
634821946
663349178
148516861
557445433
74152014
829563740
570521792
199785190
61566924
345880205
970218841
614633990
821987704
958919698
193992127
433120289
573375284
211960357
154349127
69349174
477546440
913300075
986634417
429607537
842176960
292157560
807973025
777327435
735667972
675619572
310780568
405572486
27555094
925311600
670280054
162101766
304697117
170864699
458843725
280626458
326901762
326974556
963962664
315351599
746937336
843974522
225799444
415385114
754124986
207908345
248590766
14150406
402737690
598374889
314170334
412533633
433374558
689075782
971032949
319643559
123915792
881874636
312499983
27810873
966845423
245695649
861122710
700141132
624839252
168210228
865544553
249420944
862636349
365649918
418957893
107456086
1552226
443607341
73488336
690319247
185930935
527030158
11884519
470598575
694877382
457230381
248590766
379135191
372339610
62811998
525921100
679855380
961329763
70430996
979151456
366175481
928419854
463017992
333303725
836509343
487814049
802916844
179597442
787638947
494082066
321495131
787775405
919965156
242026776
199260963
505863640
300176802
637653710
227382860
717552752
448445351
305174163
179597442
4578874
539461221
1037290
912135238
505370783
341482505
801214852
138407250
137158394
31520341
290767032
144494924
416976073
471292744
795285863
248004927
171869445
777062837
193275305
404294103
239487316
393555451
59891759
369865985
27955615
282499132
386265640
207908345
489334816
470598575
309914368
109320
465832285
881775823
694621437
362603295
780068949
801218583
656866795
821987704
479810800
108563469
837763104
201688109
325631458
539831708
150
988302004
567975316
308312384
556007948
962552881
653852608
268353025
581264389
618029014
386265640
871413556
365799971
879557250
67633894
46553333
290767032
472750916
221173991
457230381
539831708
929699243
46598156
180463708
227465186
841796069
642908694
379135191
362603295
397991399
634247715
469111760
216254706
459756422
42310282
227255957
249420944
876417628
326901762
239487316
826117107
27810873
414664024
1610930
478420462
94742141
349120238
208917888
115403458
4826160
400801786
788975441
37293993
749018590
933891365
154221862
478420462
888550642
690319247
32111757
162101766
312084886
952041196
686406158
966004207
397991399
991122372
3384
451927396
770935442
83761743
539831708
995547968
167026947
605839985
227077603
919965156
347788160
485781570
173643577
398089477
201614087
280128240
899162623
309914368
117643267
227465186
67086855
224876176
479810800
937868609
507236163
379742903
903221914
82229777
593780208
614380239
211960357
913424982
526988830
366401157
486763337
785187568
992780831
822976741
611452759
131225688
534254945
945309929
252687626
338911730
415385114
614380239
193796458
912135238
184151516
186849899
27810873
557337497
568368152
448224737
974248752
235379106
432411517
988302004
717956285
16977106
489334816
37618622
150
335747380
657758877
101316196
365636198
507634900
861965650
320091346
158480662
705234926
51066627
407877291
378291249
324367954
113370599
978129878
507236163
319745804
704852441
950578307
761737823
159853745
103961583
856936304
415385114
486167898
862636349
193992127
199260963
583614408
884725331
744013328
487814049
508149591
878476683
195828062
149544260
150
174158194
436715057
328968448
68791124
311642937
806271929
448224737
316372179
96169632
337645759
965243946
227753771
802916844
92107625
324367954
185930935
82229777
528145328
540791553
204517878
829707697
634247715
991435600
161963224
498805845
329313371
539831708
475634304
827665990
803039224
295677718
318369765
27810873
904302145
596813636
477546440
912085675
163410716
716574648
769929921
146171617
38796975
442406728
78646918
881775823
580425554
114617150
92758893
225799444
324879176
683538680
945183241
198025561
738200694
743928632
159853745
744102471
749098932
749018590
703276162
711265915
942326305
322931217
444805188
690319247
714854338
159526284
729445434
944954435
107905579
1665720
207908345
227465186
599232223
23482358
38912595
386265640
823144571
706153832
448279728
458432099
308776232
249479266
189835518
486167898
235070857
884158612
607196614
3384
151667782
308216605
297721548
496961447
248590766
557820851
126769164
425341126
441008321
92758893
458432099
165995684
749018590
291848212
436344103
743312041
36432354
842176960
941960963
998225562
728091607
312499983
933866206
883209357
122039251
32373650
933729069
827874435
573375284
273320985
375415318
914430345
52160675
519847751
436715057
607196614
51066627
983780318
93232780
433857334
676548363
424614948
769357602
944506272
795285863
96177646
751582902
446124747
77821060
572764885
862636349
354740411
149544260
309888972
700167415
968952469
54232476
664844541
407037774
854887779
971542898
565203267
199785190
89794020
262470076
317512119
602121847
861490194
409476181
843974522
174875262
67633894
247586177
312095199
368992263
660958877
636015874
82079865
436715057
779342623
129720502
843410497
270710518
218300056
806442151
802676821
450104161
472750916
407166106
505115444
679854474
270710518
415385114
843974522
679855380
82765446
652003594
120488508
67086855
717552752
28327586
151667782
871638081
507284934
770935442
82229777
731514152
298620610
112680801
34045985
686534832
303116832
131225688
131440857
93898630
377948079
601427793
3384
740630647
18112939
637653710
305811856
146781434
33026834
154340719
92363518
309914368
58020252
94847175
963962664
794289386
952041196
373635
146692650
649032773
906082117
519367140
207908345
608352566
882247451
881549339
107816356
548056668
451927396
596813636
726087345
131225688
931251618
583153638
803039224
573375284
580686291
60951364
444805188
67086855
362603295
32111757
193275305
547806546
459756422
338911730
156285460
821987704
95673858
327333837
350830935
966393601
686406158
932802362
275350230
206410015
649329457
130159798
12782767
473622016
246952515
34220901
16977106
824309164
415385114
895352681
610690839
83761743
110468114
176717014
158630453
83268362
487814049
803039224
444232445
38335259
844160473
415385114
964307831
369865985
301868433
32384110
112462877
480148435
34850360
202831977
714612114
512586130
256081475
952041196
96507421
253120681
270231229
669991471
808251485
867677207
686406158
323834740
388061120
193275305
988265960
887026724
258663115
367119615
482636632
769929921
267867635
602121847
193275305
654167456
335362996
269522820
404462807
560623677
283191875
248004927
842176960
705234926
821033973
314299588
605689072
247148567
623094209
908161149
10
966817537
240879853
268499018
823046072
64183769
581264389
242026776
107816356
596813636
412533633
912135238
454564227
209286277
137158394
883761508
988302004
140829124
93718562
255633076
705989399
316064558
208917888
23482358
636890086
23482358
92758893
155114584
795834682
599339001
450220958
70441911
239487316
415385114
476317150
891048624
340980453
900757842
354740411
3998093
529365727
614761382
555573743
472281691
815283639
285436155
65348543
749018590
946896827
630174927
34220901
717552752
591972590
185501014
795197704
634247715
540448587
840707659
840937100
910551054
988265960
104466337
602121847
624819799
540791553
864057084
788975441
1287148
987727660
1
110468114
23417353
956519531
355345137
806249621
742980492
640144351
811380057
729607253
765923505
113851169
156285460
368292456
248004927
812506200
12677975
716100284
333202118
372339610
131225688
882930117
806442151
451927396
842176960
634247715
184151516
39218592
928419854
700990560
189874901
459151003
329313371
507236163
225477137
654167456
928311401
802916844
698436690
721617140
795285863
100441623
893477058
470251328
933866206
607196614
852667043
150
1037290
269522820
386265640
208260390
625407762
992407830
527030158
549899460
715894624
458432099
652662782
494874175
25382439
379397854
614633990
562022758
169420107
922034230
28230030
779342623
745810009
614380239
401016825
718280169
540043317
28220239
643390924
386265640
96507421
584128677
442943980
884750607
130178314
182397982
87715909
770935442
657346550
93718562
952041196
839317852
424614948
718525398
362603295
93898630
329313371
522266622
684828120
395521045
986345000
96507421
124887470
556555495
3998093
331219857
189262041
388705481
810515801
163410716
470598575
269522820
314043631
813404194
78646918
780068949
594837170
648556615
868296475
865494791
129151366
837949392
34220901
149544260
423712551
273931410
965243946
699996111
335362996
607196614
137158394
474031271
340916167
793826627
193275305
843410497
156285460
85000275
82229777
120274292
358920621
478206095
189874901
714797570
4826160
974270044
796982488
642815361
56275008
303966955
711265915
478420462
330936553
7040628
521466700
387120643
540791553
843974522
519735596
726185148
481140642
159853745
347090776
440747637
846927240
740372178
769929921
499616828
515305264
829563740
458282550
700167415
531459665
163410716
354740411
578964149
7862471
137443377
31355835
667065863
227382860
189392551
364670984
14962806
245439618
593006295
137158394
348206880
700167415
470598575
404958439
249479266
827874435
42336341
822225095
336024270
539831708
933891365
25305674
83761743
471531137
585240519
415385114
170424695
256622646
705234926
871389313
979702072
933891365
823046072
184151516
273248424
884324213
208917888
740630647
801058696
199260963
984224918
540791553
349603248
526941268
732272129
740630647
498805845
276824587
372339610
411411167
100441623
899681488
348125046
715377622
49530419
93232780
745421867
626701595
349603248
494890555
310127650
827874435
951503962
83756684
27810873
656122287
326901762
260419328
802373544
893010272
16977106
940415616
1
255708635
989509198
192615638
58020252
690319247
530841931
965666314
884252452
401548746
559330463
843974522
256764114
155652830
144577080
335362996
242149861
922017929
458454838
225799444
648816111
779171201
566200817
803091837
505682296
442212015
862636349
634247715
154221862
704852441
608423628
841910585
342330165
977388357
179597442
354740411
239487316
451927396
833700384
129720502
493761244
381419804
109320
278976413
656323215
82229777
324367954
170864699
174875262
507236163
144577080
332149911
905301100
469981176
402737690
815741050
544022650
485136893
704852441
216863223
794921164
178716505
492796163
198025561
932960639
248004927
270428766
792684198
523302583
96949682
32384110
58020252
664511574
96507421
675171187
304940389
988302004
163410716
300435541
929356737
835800919
836142428
49974032
174875262
708408699
198025561
93898630
593404041
148331090
416384328
21814051
69349174
362001815
634247715
514033952
1503021
16977106
954691897
568368152
457230381
545435067
109320
152232407
540791553
113370599
617602874
716574648
917809750
723485863
770935442
92363518
457230381
788975441
251297295
327790631
117643267
938438089
457230381
108563469
439698937
199078468
137067068
820777211
405572486
137779303
614380239
641289969
706389377
672874926
516383057
181197099
363221292
341482505
548273436
966133524
70490549
672340633
807973025
303379285
10
688697253
398089477
96507421
191709499
365777724
338911730
700167415
163410716
144577080
108563469
751885764
252676793
851830361
159853745
972143074
139080718
312499983
143181875
636744560
66605158
72530460
987757466
32373650
966673444
877884283
912135238
137067068
515519675
688768342
389876682
679855380
777161433
251297295
96177646
88274602
297721548
23482358
912208782
977708745
4826160
75031670
803397105
181847325
505115444
890858558
225799444
397129535
291848212
193275305
198025561
909216769
582466217
177020584
721617140
580846990
816318894
379135191
867920671
373635
694818448
604077655
157489751
739868362
952041196
773118870
567793628
342330165
32373650
608423628
946278411
210498045
67005700
952041196
640976227
725011491
448224737
457230381
103477991
338911730
297721548
10458899
918672337
924293722
715168827
135412996
740630647
952714916
545525098
472750916
637653710
895205576
751109629
38430440
686406158
884750607
227382860
379135191
92363518
314409236
217747427
457230381
831498292
219791011
849859696
200016492
553382464
716100284
312168602
108856508
444805188
171180135
912135238
131941480
193992127
482020824
986345000
58020252
572943164
992780831
478420462
277601743
774028031
643811560
536285658
300462916
144577080
195635384
295554041
246710725
524632621
514245021
688764499
683791729
342330165
662902430
67056285
354740411
148516861
388061120
291811167
4578874
109320
227255957
432615278
885392673
996680332
115651296
195828062
113370599
571803059
563661365
486167898
208917888
184151516
498805845
613908972
471604617
992407830
275507421
58020252
189300635
555573743
468128784
940644413
417496024
652476820
749018590
919965156
840517467
163410716
991400574
682534618
952041196
387120643
608423628
983780318
751885764
443503870
496721163
1
507236163
782641926
471451104
67086855
829563740
718834078
937982299
459756422
219439745
749018590
273320985
629357170
983780318
740630647
944427163
746937336
568368152
214208626
940436946
392665756
163410716
745810009
23067595
993246911
663349178
704936703
227465186
827874435
787638947
991435600
269522820
751109629
425150047
398089477
225582282
95556376
154221862
823046072
655015866
415385114
871947233
739609882
288486333
414034419
614633990
604194384
522422889
554825792
362072004
341482505
309219691
283861671
71990832
834429163
264735236
884158612
649329457
721617140
580361200
32111757
193992127
820777211
126135614
661815621
955740548
384276563
124887470
691947943
179597442
716100284
776210154
239487316
490491422
479810800
240879853
593812482
945309929
372339610
340980453
298620610
318294545
440777901
163410716
725177325
404462807
381907053
829393354
764974125
755368466
713833654
764523640
844498418
592787435
905963727
464831363
617000420
184151516
282224029
67751356
140235628
963962664
985249335
842176960
137067068
933891365
308632698
689075782
740630647
827857777
78646918
479810800
921476629
151667782
964982728
996295452
58020252
873750581
751109629
58020252
117595958
489072913
668618594
770375682
976033710
668843520
238020490
239487316
188508292
405572486
795285863
679855380
327687820
375415318
803485088
585240519
716100284
717552752
10
802676821
167026947
900647906
415385114
784571198
514911057
486167898
658516737
493854947
128557206
58020252
149544260
152200794
593206130
607196614
763738729
227547313
404592698
941027241
682798489
298620610
673161982
415385114
190689280
129720502
802676821
108563469
410303881
7063192
96177646
487445445
649568516
679855380
378956065
46701852
382713465
771856651
430229242
469864188
332584810
967212322
423854090
66581035
168210228
710809501
817266767
451332917
202985775
843410497
129720502
280128240
167026947
43100266
588098542
530201189
555723689
498943403
840216472
319729354
673161982
616864908
294636704
451266551
534363526
372339610
314274700
178339009
780102983
705689567
548129528
207908345
123285949
57498394
442413333
73512870
229882605
557292971
185501014
734010251
556007948
383415271
764523640
705136671
92758893
200850223
291848212
779342623
196085623
486167898
247676811
468229101
66254333
290971916
498943403
372339610
650348780
97477580
694761130
503337797
905971888
67633894
746179860
445243995
270710518
484093886
132965086
236783685
979992373
413433988
179597442
227547313
895714550
380548637
884158612
850206184
761895369
270710518
602121847
523616478
827874435
379135191
751109629
405572486
795419768
451927396
986345000
454323214
130159798
264215370
573375284
284868767
451591247
780600693
764547515
96507421
663349178
903929104
599352484
304697117
978817335
248004927
34220901
127835953
181847325
768731168
239128620
193992127
557820851
345422821
991400574
573375284
159853745
516515391
11516086
478420462
100441623
401521897
843974522
224895040
769929921
843410497
867677207
698436690
472750916
214814897
460557711
655015866
67633894
524632621
631933531
598374889
828341900
319254618
316372179
46598156
3628416
112886557
186587623
461089543
338911730
673039689
525008606
940644413
251297295
174875262
596813636
477437204
854887779
654167456
562986044
957148378
487814049
907625582
137158394
357099969
716273819
975668400
527030158
478420462
690006403
251297295
241172704
412533633
907676923
110468114
96177646
486167898
149544260
2596011
745810009
854887779
424614948
150
388061120
227255957
495780310
893047223
834429163
32373650
726185148
844269235
307526759
130159798
541532506
404462807
927916522
243088484
275205258
388061120
773118870
18074814
733318898
962906815
398089477
227465186
703479126
64422705
583532651
269522820
885392673
824364022
243781973
186587623
200016492
219691505
208917888
712554146
483385090
983780318
415385114
456491272
573375284
269522820
165966256
308699932
345422821
932321072
103961583
439752238
202510735
482636632
412959817
43007176
482938993
592019929
478420462
541532244
747410688
230442550
711265915
398089477
70843747
825579952
608423628
516383057
397991399
995547968
395825462
539831708
947759959
845007074
144577080
772967811
482636632
173927616
368573733
963962664
183455252
303819340
156285460
708667371
365015946
78817239
68037161
79729437
728091607
121413468
770151690
113370599
991400574
107816356
211960357
794431503
955935765
167026947
96507421
747363900
803039224
108563469
840517467
840517467
977485422
218744535
270936690
25322078
149544260
443607341
661815621
609281974
349120238
470251328
109320
705234926
614380239
135582617
470598575
451927396
856445256
13815227
56889177
436715057
274564986
505115444
738200694
865494791
66605158
820777211
130159798
179505095
829563740
716100284
959154409
679349137
735335887
134413816
381130651
904736050
988302004
481944793
93898630
369700822
743928632
859861871
198025561
159853745
10
692121960
940644413
842612549
884750607
164853944
589876038
342330165
676387817
829563740
507158085
114617150
988302004
566336057
71954841
857134559
239487316
174875262
110468114
746303515
204434900
928419854
494874175
749018590
959032215
862636349
807973025
671547983
78646918
347090776
467714031
189874901
1
396631679
326901762
227382860
704827836
900999229
903221914
945309929
248783406
413177870
373635
294780030
124444766
402737690
15490136
182293742
436715057
677726321
208917888
482866441
304697117
298620610
514245021
324235372
65243753
991400574
567925786
516383057
404827810
829563740
342330165
787638947
163410716
721617140
308576474
772920664
376188495
32287383
224157153
831082252
988265960
539831708
34850360
876812130
542076160
394844713
114617150
525045494
549424140
3579733
878726391
575507917
314274700
278976413
885968931
412932557
362399368
25322078
524632621
681213007
303361801
168210228
191829326
406146963
572967875
933866206
129720502
614380239
591261612
541120814
630174927
653862171
728091607
833574931
829563740
278976413
32287383
742392478
326901762
398089477
324367954
338911730
680748079
751556479
472750916
630174927
273320985
178339009
544087858
637653710
41643576
1037290
42175465
132325717
649329457
762536082
498805845
68899906
828967722
995552061
714797570
64250741
100390680
273320985
586088075
436443868
39218592
539463717
280035490
412533633
118629313
806442151
92363518
630174927
326901762
870242305
139133296
689075782
87615117
436715057
755703376
984117719
393822483
755525543
937262520
275507421
269522820
622790686
200576734
326901762
277333373
988265960
465883085
603729121
248558416
199785190
69349174
451927396
498943403
690319247
124887470
413105603
246099377
698436690
912208782
727574112
833617690
821987704
610161437
345422821
561558003
51028700
940644413
979992373
317301630
787638947
823046072
178339009
148516861
704936703
849859696
16977106
456615569
928419854
683538680
186587623
553078441
988302004
794580499
876030826
983780318
322628189
161417909
829563740
32373650
983780318
557820851
609888866
984992852
32373650
381420915
683538680
326901762
96177646
227544029
770935442
686940560
626701595
912208782
101520145
590415071
988302004
351202024
721617140
3998093
405572486
441412991
562339272
150
96177646
839939116
952041196
487547938
467714031
199785190
278976413
73500567
10824482
137067068
764523640
23482358
124887470
373635
557337497
148516861
607196614
880097471
746937336
278976413
225455183
193275305
251297295
3384
911763646
502129197
148516861
92479348
416976073
592603921
482636632
568368152
527030158
844785153
294780030
77533290
801230864
305294655
269522820
524632621
865640357
67086855
714797570
830026593
478420462
697841239
961916607
487743437
384951437
349318299
952004299
843410497
27810873
349603248
339536692
454933126
916806794
858774144
45017224
596813636
297721548
469337187
634247715
721617140
129720502
898721940
90258900
988265960
631295833
888264763
162452126
933866206
786727629
130159798
802676821
926913705
806442151
249479266
262742526
168210228
823046072
199785190
999661367
629648614
159853745
852997331
240879853
556007948
324367954
10
379135191
249479266
735378182
314413453
559237188
179597442
117643267
97642637
190573886
573375284
46598156
704936703
240335493
631878097
957588816
651529951
444232445
715187615
663349178
165105338
681128363
680083425
477358494
333951735
370125401
865544553
598118801
716574648
178339009
14897717
239487316
32373650
700167415
297721548
614380239
796108949
150
386864264
86580489
249511371
189733097
787638947
2825482
58020252
645124883
761832585
992780831
485521932
933891365
973629167
129720502
548056668
250392418
904325024
823046072
44720873
39218592
408954006
888176509
881500098
609614372
436715057
648392565
991400574
147086898
126403649
686156393
507236163
913117994
559519220
349603248
347090776
165105338
489334816
280128240
96507421
314413453
42310282
384505336
486167898
103961583
372339610
921311659
95673410
664692486
839167358
412747395
49156473
816768013
430902096
167026947
19680314
105902371
79194102
489334816
711265915
928419854
349603248
686335601
581741592
714797570
806442151
764523640
711265915
34220901
700167415
516849996
96177646
444232445
782986012
66605158
376650433
680748079
148921189
901222032
829563740
698436690
348768660
440934846
178339009
347090776
199785190
683538680
514245021
865494791
966828304
107158369
905327591
765093164
903221914
556673563
96751395
451927396
125985465
787638947
457231372
275507421
743928632
178339009
16977106
46598156
170855403
70843747
855149010
347090776
723012535
224026556
360152536
979488105
305174163
316372179
309914368
225385943
986345000
162101766
123072408
154316216
770935442
109320
114617150
164834980
498805845
991400574
151667782
93718562
158711481
822379721
397129535
370557510
843410497
939184020
184151516
712660234
700167415
121413468
892770934
846527139
843410497
67633894
112628561
560624065
963962664
728091607
772214221
739710907
551699813
70843747
689075782
185238328
794876179
548056668
717552752
890255135
478420462
226858932
302578773
12962863
227465186
129720502
479810800
747363900
843410497
436327197
248590766
156285460
126291319
439335732
769929921
873735929
823046072
493761235
905281311
327080230
514718323
100441623
802916844
594913649
557458934
65190777
855283060
288905985
307560144
504592906
47838309
991400574
314409236
840517467
149544260
263393154
227255957
387120643
807973025
303961771
840517467
32373650
82229777
153649601
458432099
995547968
341482505
3761461
186575791
443607341
979731784
772214221
485263385
477614713
370375427
912208782
459236147
107816356
104925153
287456634
109563872
144577080
184151516
302334123
840517467
661815621
167684026
935301167
41018483
992780831
866225261
46017542
412533633
32111757
150
597609352
70843747
55345737
116519277
439752238
840499162
482636632
986345000
93210527
719806533
67633894
372409422
383019361
855835689
34850360
477546440
716958356
168210228
622636007
627356034
848782154
64705939
155114584
995547968
425338771
379960965
410758344
193992127
964982728
483159801
881622928
193992127
179597442
649329457
912208782
335362996
187987822
138929887
423056807
27810873
883620535
746937336
358578771
764523640
108545974
340980453
676138626
890844108
507634900
779342623
107816356
704852441
843410497
209860053
59229760
94284938
713953340
118892834
598374889
248004927
100441623
570017031
121413468
981870925
910432940
461972090
309914368
692363574
249479266
995547968
779342623
412533633
914706946
457230381
114617150
159853745
671780232
909080223
271673613
102177086
992407830
129720502
768731168
349442435
648816111
956898521
415385114
467714031
17294519
155114584
373635
314413453
652755904
162092040
151667782
952101658
147827572
401016825
843974522
444805188
23482358
997561127
711265915
795050105
669989313
556007948
170864699
23482358
556007948
275127100
94898496
172813950
82229777
357176443
514493687
261297317
433665099
801481018
992129248
689384465
93898630
137067068
825116498
648556615
562028289
551949503
503444762
144577080
467714031
509089644
38261506
444805188
451927396
155114584
913408437
506816527
93898630
856179381
648137163
770935442
159853745
557295650
213826773
6188265
751885764
347090776
368477338
918055945
397129535
92758893
314409236
467309203
494299098
716100284
862636349
358973992
111350883
326852405
751885764
332844585
941176209
661815621
251297295
399786126
471389490
408191010
641381538
291848212
92758893
598374889
854278657
725128620
405572486
3998093
836160039
720265986
10
124887470
137158394
899490496
83761743
993246911
806442151
645966084
683538680
902629803
764523640
249420944
716100284
384677257
186587623
657335500
291848212
184507522
486167898
182429584
332557796
658516737
680748079
149544260
671537450
596813636
354076674
875122933
969068693
849325187
772214221
598374889
495656982
807973025
505115444
262302008
714657796
345422821
479810800
705234926
306120929
834628972
889333261
103961583
374339940
632881307
624088022
