843410497
823046072
919965156
172901029
42310282
977485422
818265792
361397929
716100284
964982728
794289386
108773178
248004927
290767032
487814049
489334816
338911730
349351853
11198449
255429624
711265915
679855380
834429163
110468114
92758893
910870940
469975329
347090776
539831708
312565535
92363518
83761743
32373650
298620610
241825473
137363040
275127100
807097561
351473437
488102524
921133525
67633894
655015866
184151516
137067068
704852441
42435967
862636349
705234926
963962664
913408437
1037290
903221914
843974522
109320
214963959
318591130
799925581
213819189
354900190
993404112
472750916
179597442
782399440
149358091
67086855
636382920
45209738
777161433
12675183
470251328
70843747
458432099
719454852
716574648
993246911
795285863
614380239
903221914
318233696
369865985
478420462
482020824
489928892
991400574
568368152
478247711
248004927
159853745
9307966
753203348
648816111
843410497
96177646
167026947
227382860
290767032
516383057
918455197
946190066
740630647
598374889
661815621
275127100
589931035
982356481
658516737
873315053
109320
353433206
947789401
349120238
61425239
329313371
949262158
933866206
658516737
162101766
25322078
764523640
397991399
532881283
450022874
152236029
778557779
810774063
154221862
849859696
186587623
524632621
373635
705234926
349120238
32373650
769929921
341482505
66923545
275507421
992780831
309914368
172901029
780068949
372518376
156285460
404462807
93232780
479869451
991435600
405572486
807973025
952494597
95673858
969102838
165803742
898721940
92363518
973736824
673161982
245515482
706153832
248590766
691516069
772706997
369865985
461558971
988302004
468166713
207908345
616805173
67463095
413025657
368788785
83761743
749018590
963962664
103961583
732433405
714797570
913408437
278976413
402737690
349603248
523354490
803039224
32287383
601330395
304697117
977485422
734679589
239220652
90076693
514670044
137067068
947382500
794289386
913408437
581264389
840517467
516383057
903221914
602640067
168210228
444805188
728261997
802676821
652154042
178339009
436715057
827420229
486167898
700167415
912208782
486167898
173061636
749018590
454933126
256752176
344278178
415050424
439455802
117643267
992780831
349603248
559784770
746304749
163410716
275507421
679855380
801935158
698436690
9332806
954133398
602121847
526578435
724578194
648556615
3761461
540791553
242026776
831512117
208917888
482020824
342330165
150
362603295
505115444
372339610
926273900
467714031
728091607
124887470
556007948
309914368
494874175
1
172901029
178339009
964982728
416976073
793832897
68899906
762459500
933866206
940644413
249479266
439752238
270710518
114617150
663349178
4826160
986345000
304697117
824309164
397129535
680748079
347961952
121413468
854168624
608153570
211960357
944180991
614633990
964982728
898721940
312499983
581264389
705463767
353715629
193275305
769929921
32287383
159853745
415385114
164549234
26660250
248004927
4578874
162101766
362603295
991400574
271551693
539831708
148516861
372339610
231043143
918055945
186343934
349120238
862280459
663125607
415385114
482636632
309041216
67086855
369865985
672340633
110468114
988265960
364670984
344383005
514245021
933866206
199785190
573375284
704852441
194805009
393658570
524632621
986345000
599066521
121413468
802676821
373635
583041652
278976413
304697117
100441623
999026233
598374889
755227781
130159798
316372179
92758893
919965156
524333607
249420944
389189308
912863145
840264740
980877287
519261990
163410716
85471936
937344522
948106362
795285863
799220041
304725686
225767519
179597442
362603295
566380713
991435600
643717531
473288373
743928632
649032276
991435600
165803742
199785190
381063510
711265915
148516861
728393689
14941890
32287383
304697117
505115444
569403377
384951437
165105338
648556615
397129535
747363900
829563740
329313371
988302004
764523640
10
548444787
514245021
79184239
326951526
66605158
891919962
312499983
598374889
673161982
489334816
513285594
557820851
489334816
946278411
334955212
602121847
189346557
124422905
207908345
283919092
885392673
788975441
967102009
995547968
103961583
470598575
137296389
362399368
443607341
818265792
807973025
934493732
649329457
977485422
326901762
381294077
130159798
108563469
78206568
290634184
865494791
526045478
398089477
402737690
436715057
686406158
50234473
920167085
162101766
677245189
276126404
585305921
683538680
193275305
131225688
341482505
979787461
596813636
416290705
780068949
477546440
782812528
514802540
673161982
326901762
475710386
903221914
375389939
488102524
495780310
710998459
768731168
184151516
772214221
444805188
333086475
727692382
477546440
193992127
835082304
581264389
845303156
795285863
842176960
165803742
963962664
553247199
642694601
482636632
329313371
470251328
52622226
387120643
516383057
314274700
841052562
912863145
161310721
862636349
802676821
335362996
401016825
45605287
727908593
227382860
545419078
983780318
498943403
745274014
843410497
176522266
568977605
199785190
626701595
829563740
357331552
954866904
862636349
115355454
614380239
838105594
326901762
704936703
168210228
983780318
69349174
787638947
82229777
912208782
65852598
316874577
492784898
705589696
70843747
42310282
131225688
591918516
281255127
686406158
389927427
514245021
100441623
41891344
885392673
892130399
401016825
275205258
482636632
698436690
928419854
507236163
452869084
689075782
967582243
855719534
856907803
882717292
292576280
634247715
516383057
850892567
176941966
482636632
121413468
227255957
411569921
170864699
304697117
752471197
107816356
673161982
170864699
566995073
67086855
509919341
690319247
452035468
78646918
278976413
129720502
227328218
542343691
524974523
170864699
415199537
740630647
160550557
96177646
865544553
581510064
925293061
760416976
372339610
486167898
993175950
614633990
851109882
686406158
821987704
457230381
198025561
649329457
678412780
764523640
1037290
27810873
988265960
93898630
248004927
690319247
345269439
362603295
840237528
96177646
840517467
991435600
487814049
705234926
159853745
467714031
785950986
402737690
304697117
618154371
155114584
403543898
298620610
275507421
373635
802916844
621372446
348607045
654167456
71181274
78646918
273320985
634247715
397991399
884750607
392996021
108563469
981870925
345278513
663349178
992407830
296615315
398089477
324367954
23482358
804284538
165803742
986345000
39218592
259678677
477546440
16100902
364670984
815528663
711265915
713620440
389890336
129151366
463535049
642776413
307764311
345422821
179597442
113370599
23482358
312084886
167026947
376959245
32111757
747363900
384951437
945309929
683538680
838481543
114793107
872731373
251297295
679855380
412533633
827874435
700275749
945309929
477546440
178339009
678303883
340980453
249479266
779370659
820777211
868296475
398089477
199260963
540791553
840517467
561240816
769929921
494632242
952041196
96177646
114617150
827558256
717552752
388061120
919965156
746937336
844373455
227382860
128770636
881775823
482866441
388597127
940644413
275205258
990386208
92758893
977485422
33411736
677614169
800892506
690319247
208511988
898721940
424573559
862841477
114617150
398089477
795449702
204434900
51066627
700167415
92758893
840517467
96507421
156285460
124887470
608423628
598374889
626701595
23482358
178160982
991400574
131225688
596813636
402737690
945588571
347090776
349603248
107816356
260021810
885392673
721617140
479810800
472750916
988302004
716100284
121413468
51937278
698436690
325641707
711922865
988451907
239487316
864638691
251297295
70843747
398089477
349555006
700167415
189874901
389927427
963962664
459756422
170864699
634247715
516383057
713620440
952041196
281255127
46598156
745810009
493854947
505115444
834429163
821987704
312499983
386265640
486167898
293690482
342330165
163999846
299394491
744801241
704852441
227465186
457230381
988265960
186587623
458432099
92758893
945309929
661815621
294780030
167623649
626701595
51623485
109320
945309929
596813636
93232780
96507421
607196614
462577855
780092700
124629782
988067759
486167898
544324527
4550530
778557779
249420944
83761743
992780831
829563740
130159798
852866054
331388461
514802540
412533633
708169890
698436690
977485422
150
353604532
96177646
728091607
60598972
165803742
72008209
519935403
934353302
275205258
291939171
384951437
185930935
516383057
388061120
92758893
477546440
463535049
764366086
843410497
802916844
93718562
4826160
3998093
32384110
992407830
904191651
321325507
829563740
843974522
185930935
648816111
83761743
184622328
477546440
769929921
980877287
946561721
554176542
555494483
52811711
842176960
965243946
713620440
172901029
70843747
154006271
16977106
634247715
342330165
362603295
651861190
337761370
865544553
740630647
294780030
309914368
65140055
830789715
773485779
67086855
32373650
838617674
199260963
227255957
51066627
22024502
672340633
151667782
468143987
846002936
732227206
820007622
867975305
695171541
714797570
354740411
413960064
438552039
341482505
470251328
812137316
369865985
334466192
235151294
304697117
487480418
884750607
981870925
137067068
945309929
478420462
472750916
873735929
482020824
448224737
185854255
362603295
372339610
785909736
863717756
326901762
25322078
743928632
711265915
10
51066627
745810009
680441459
19853609
96177646
881775823
96177646
564120067
585240519
794289386
795285863
903221914
70843747
921501861
1
930163456
519122217
670368597
823046072
666961823
354740411
527030158
602121847
117643267
431602856
514811540
495780310
225799444
992780831
818265792
992407830
463307267
500383444
992780831
483563084
184151516
129543307
397991399
458432099
462480493
567310339
86808921
557337497
114617150
498805845
777398704
807973025
602056295
561175953
541390249
108563469
745810009
251297295
273320985
32111757
974650312
410090265
309914368
655015866
649032276
212849375
928419854
23482358
306889411
992780831
842176960
507634900
867677207
977485422
520649533
162101766
269522820
172901029
450223659
840517467
514245021
969521202
373635
227382860
6994782
524632621
844297945
34850360
17262693
661815621
185930935
933891365
979992373
769929921
587220085
903221914
971799808
991435600
354740411
768731168
3120820
946707126
717552752
925011732
373635
478420462
602121847
203442253
736523366
228295906
872836480
165803742
34220901
959884720
694715088
304697117
68899906
686406158
444805188
630174927
302220006
840517467
568368152
607196614
156285460
912135238
179855340
314413453
981870925
275507421
459756422
405572486
312499983
113370599
843410497
497025
183434583
821987704
46701852
558861244
710608577
472750916
495780310
969859985
806442151
211306952
195828062
714566117
707070311
78646918
58020252
208599578
165803742
227465186
155114584
758674720
690319247
115895809
992780831
884750607
131193101
23482358
475106605
608423628
444805188
498805845
302328650
34220901
609301257
857353405
786135371
174710635
340980453
527030158
539831708
477878733
364670984
96507421
299411718
34850360
144577080
802916844
655015866
738200694
819259966
32384110
172901029
155114584
726180301
364670984
514245021
540791553
976464239
280128240
818265792
598374889
539831708
447234017
275507421
803194573
698436690
34220901
862683070
150
151667782
498805845
991124700
355803448
137158394
885392673
649329457
524632621
439752238
340980453
544228834
912863145
818265792
482636632
993246911
770935442
780068949
608423628
96177646
470598575
749018590
764523640
992407830
79525839
149544260
633304963
884158612
451891723
649784562
178339009
706153832
828378505
780068949
700167415
165803742
805675910
416976073
915960800
69349174
185930935
751885764
779370659
404462807
455897865
243478534
228278172
150
596813636
834429163
482636632
6003240
227547313
551451840
79184239
503337797
992780831
184151516
444232445
326898427
769929921
248004927
181847325
249479266
130159798
868296475
540791553
820144652
780642153
843410497
345422777
440842425
865494791
4578874
349603248
248004927
992780831
32373650
649329457
329313371
338911730
165105338
903221914
32111757
248004927
568007618
545525098
807973025
654167456
743928632
69349174
770935442
314409236
379135191
598374889
67633894
679855380
649329457
629383476
137067068
966817988
967102009
751109629
32287383
716574648
155114584
99458397
317788453
227382860
673098716
469222787
865494791
92363518
575729271
864625100
953176206
436715057
634247715
704827836
269522820
384424098
952041196
489334816
289657545
141686487
66430650
251297295
516383057
575672470
531539800
463248899
153538514
596813636
673161982
362603295
347090776
182038834
818265792
280131105
862636349
704936703
397129535
820144652
779370659
402737690
83761743
397991399
731922247
467714031
275507421
581809971
108563469
129151366
992780831
912135238
347090776
278976413
721617140
482636632
574588881
843410497
199785190
78646918
503337797
737778130
362399368
820777211
81616200
683538680
478420462
829563740
807500551
451927396
679855380
291848212
758110709
596813636
181847325
486167898
556007948
605727040
46598156
316372179
278976413
10682604
178339009
42310282
991400574
802916844
275127100
34850360
59495203
384951437
83122198
272072451
938630987
857916583
679855380
540791553
804409043
827874435
700260504
581264389
516843249
568368152
788975441
202097310
917126310
444805188
467714031
324789705
849859696
314413453
562986044
103269624
379135191
386265640
74457425
815148019
32287383
189874901
194634321
517030763
483882727
487814049
65970654
995547968
287768938
655015866
690319247
275507421
165105338
963962664
66923545
489334816
976360992
312084886
717552752
19333470
912895733
227465186
314409236
416976073
68899906
770935442
168366638
354740411
843410497
109320
912135238
3998093
686406158
568368152
928357341
32373650
946278411
93232780
802676821
470251328
803039224
479810800
832420156
508550397
208917888
912135238
227547313
493854947
3384
424733898
608680084
314409236
807500551
373635
827874435
389927427
545525098
379135191
980877287
655015866
52191333
144577080
195828062
562986044
22968126
472750916
74948845
597862665
539509314
671188940
807500551
848168927
331589339
675648066
416976073
860274009
842176960
589931035
716100284
386265640
199260963
746937336
227382860
247299829
658516737
130159798
186587623
186587623
503444762
802676821
995547968
229521889
338911730
83408372
689075782
319710807
770520376
505115444
148516861
928419854
100441623
365270278
386959894
314274700
979992373
887307767
613165933
713799237
16977106
977485422
839150363
728091607
75355459
965243946
291848212
199060848
372339610
487814049
511228471
299562341
965243946
713620440
198025561
211960357
507634900
704827836
698436690
663349178
540791553
709723480
304518731
562986044
345422821
482636632
397991399
291848212
678444066
39927789
273320985
486167898
138506503
721617140
143566554
548359645
315722682
568368152
4826160
39218592
505115444
349603248
516383057
165803742
444232445
672541717
777026179
743928632
885392673
704852441
555573743
837162429
149544260
178160982
658516737
4578874
166721967
721617140
649329457
626701595
673161982
770935442
598374889
27810873
68021756
467714031
482636632
594098158
341482505
70490549
452035468
649032276
711265915
618406009
36670836
912208782
516383057
713921869
912208782
478420462
705234926
479810800
224166444
270710518
621372446
32373650
807973025
251297295
97134848
294780030
249420944
730176561
92758893
4578874
482020824
449945362
178339009
23482358
746937336
193275305
443607341
505039724
842176960
137067068
459756422
740630647
903221914
626701595
768731168
769929921
290238972
644324746
227382860
503444762
250772252
312084886
225799444
375415318
83761743
881775823
875233372
545525098
692997983
626701595
369865985
151667782
156285460
275205258
508389287
489334816
740630647
545525098
51066627
770935442
326901762
980877287
477546440
452035468
791994024
248004927
704936703
178339009
666765608
672340633
487814049
3384
386265640
329313371
472178826
711650090
439752238
986345000
329313371
751109629
95673858
749018590
573375284
27810873
962039618
354740411
168210228
174875262
291848212
93718562
61539590
988265960
649329457
240622815
655015866
602337443
829563740
487814049
929788198
354549834
470251328
110522617
873902608
545525098
598374889
331260935
289986424
740618843
345422821
39218592
713367716
873735929
898721940
654167456
520844776
156136561
995547968
301973640
249479266
441371191
703489246
716100284
184151516
749067735
779370659
514245021
779342623
817746785
150
498943403
630174927
886462918
165803742
507634900
107816356
607091675
199260963
561904098
493854947
980877287
873574412
933317919
920757755
413960064
314413453
614633990
270710518
964982728
137067068
154221862
33430502
415385114
297721548
451927396
168210228
318294545
658516737
369865985
248590766
380764589
151740650
249479266
270710518
983780318
451927396
227547313
144577080
912135238
518078651
842176960
243751406
247323737
516383057
608423628
700167415
208850734
67086855
85854224
100441623
114617150
412533633
629975941
507236163
794289386
79184239
557820851
770935442
179597442
906542999
827874435
219538180
393658570
779370659
32287383
95673858
942966925
401062440
167026947
84768425
131225688
546873689
928419854
490254409
461522969
314274700
898721940
388061120
303467866
309914368
170864699
498805845
189874901
991182554
123716076
730244449
144577080
910692258
884158612
387337704
698436690
81970802
16977106
93232780
923545773
402737690
933891365
347090776
851587663
124887470
275865344
654167456
295308020
928419854
470598575
977485422
67633894
107816356
913408437
700167415
451927396
830498609
917894667
806173098
399794984
997452352
338911730
751885764
270710518
754594601
320844618
96177646
977596089
159853745
34850360
36381463
820777211
658516737
796869454
335362996
61557601
979992373
369865985
637653710
933891365
965243946
876831314
404462807
144577080
945309929
193992127
204434900
163410716
362603295
714797570
404462807
557820851
696146873
249642442
250201791
113370599
689704743
510446490
59121568
34850360
314274700
162101766
142638396
529972338
163410716
531936309
521609781
155114584
239487316
92363518
222631753
653471546
700167415
119794118
204249815
992780831
186587623
167333025
93898630
120670253
303687083
716100284
857093171
952041196
516383057
649032276
23482358
721617140
165803742
933891365
68899906
207517618
751109629
341482505
493854947
608423628
186587623
124887470
243504971
802916844
977485422
167026947
248004927
387120643
498943403
651321305
747363900
249479266
913408437
719374842
208917888
918464859
561426220
108563469
475634304
227547313
401637578
3761461
704852441
919965156
384951437
314413453
596813636
100441623
135206721
130159798
362603295
323402799
803039224
270710518
436715057
198025561
897200163
548444787
738200694
204434900
319157313
275205258
107816356
32373650
129151366
168210228
482636632
807973025
952041196
746937336
590032389
557820851
310592114
314274700
66430650
7194213
416753665
458432099
607196614
227112330
129720502
372339610
205410515
661815621
654167456
354740411
444805188
305174163
3998093
364670984
129720502
776265454
415385114
397991399
721617140
995547968
67633894
902847005
436715057
43388222
749018590
807500551
129720502
593863128
199785190
248004927
940644413
487911997
658516737
649329457
884158612
109320
121413468
912208782
162452126
933866206
875990837
369865985
278976413
174388540
350221928
248004927
496509262
598374889
614633990
251278896
14303986
702585929
107816356
372339610
742299023
867677207
704852441
249479266
983780318
227255957
189874901
459756422
669989313
658516737
349747471
952041196
364670984
711265915
489334816
162101766
114617150
304697117
607196614
32384110
347090776
806442151
683538680
300670050
23482358
503444762
424614948
108563469
310487573
831512117
1
848412049
772419355
920024765
283140568
227255957
416976073
493854947
439752238
32384110
637297459
698436690
571484025
728091607
372642616
345422821
645809009
630174927
50018082
388061120
894839198
100441623
494874175
93232780
444232445
326901762
581322359
820777211
854887779
67928279
686406158
362776780
95923780
928419854
413394389
821987704
362603295
227255957
346698707
275127100
598374889
934763103
314413453
769929921
673455439
474058095
296505883
3998093
128651168
963962664
278976413
211960357
144577080
619626242
840517467
913408437
728091607
557876923
505624764
933866206
690319247
23482358
487814049
260639114
137158394
952041196
721617140
436715057
95673858
805248369
185930935
933891365
787638947
154318966
163410716
466287912
501714426
787798383
570916509
537182092
302018277
281911562
873735929
43947963
159853745
248590766
903221914
165803742
746085926
912208782
819187841
236447809
453617231
482020824
849859696
388061120
424614948
607196614
899162623
843974522
945309929
316372179
27810873
995547968
326901762
780068949
426731194
524632621
318696767
884750607
144577080
746937336
457230381
598374889
137158394
193535083
991435600
933866206
109320
25322078
168210228
349120238
130159798
496095946
614633990
249420944
364670984
448224737
137067068
314413453
4826160
721617140
249479266
256335526
696163833
234509951
482866441
69320554
143162743
487814049
420760061
716574648
828700019
699247867
32373650
952041196
93779137
599181994
416976073
335362996
32111757
991400574
134174915
689075782
933891365
275205258
211960357
251297295
69349174
805165765
568368152
475593191
131225688
401016825
650366516
803039224
955950412
168210228
151667782
793724197
221369026
478420462
32384110
934249078
568368152
472750916
454933126
347281584
843974522
305174163
162101766
995547968
478137424
562986044
673161982
924263037
751109629
740630647
681811514
294780030
316372179
479810800
16977106
547641550
309914368
38957544
413433988
78646918
359952669
952041196
95673858
965571272
121413468
239487316
417883059
174875262
109133740
259901102
568199981
412533633
412533633
178160982
778557779
825502910
705234926
747363900
815943169
507634900
83761743
289786981
144577080
444232445
9534006
773118870
787638947
198025561
191032647
338911730
486167898
634723920
28945689
325042817
689075782
791024316
349120238
16977106
992780831
983780318
772214221
653134670
172901029
208917888
178339009
383358391
155114584
387120643
673161982
503444762
608944351
369865985
34220901
913408437
387120643
204502448
991400574
130159798
291848212
453837847
909279809
193992127
165803742
482866441
713620440
188703159
992407830
200016492
83761743
168210228
369865985
602121847
477546440
40941319
316372179
827874435
338911730
310061653
27810873
929618759
507236163
840517467
464182110
341482505
658516737
249420944
865544553
455237993
665229870
314413453
305923557
912863145
854887779
607196614
976459692
412396169
167026947
862594951
227255957
561160186
131225688
58020252
362603295
655015866
397991399
405572486
933891365
303495841
332054672
614380239
824309164
713698003
714797570
225799444
176717014
155114584
397991399
160879025
716574648
870040942
1
389927427
96177646
834429163
252555895
768759480
865494791
208917888
655015866
662257914
787638947
339901173
749018590
919965156
4578874
413960064
46598156
302649335
728091607
114617150
80557907
74346842
717552752
82229777
70821878
849859696
538027129
859833967
69349174
451927396
568368152
92363518
773485779
144577080
168220237
649329457
903221914
288499321
93232780
794289386
865544553
220712293
341482505
806442151
347090776
165076855
365777724
865494791
412533633
648458212
790686506
637653710
533440688
156285460
1037290
966768694
261390481
405572486
386265640
148516861
156748727
669989313
113370599
66923545
898721940
317280532
35443606
498943403
837867928
537131979
150
940840740
787638947
475922748
336430902
834429163
148584913
114617150
170864699
838778704
379135191
70843747
998760609
148333992
82948288
843410497
979992373
225799444
148516861
663349178
670509035
415385114
884750607
489334816
855346733
467714031
174875262
66923545
829563740
246029635
764523640
879337321
524632621
398089477
908812534
92363518
67086855
324702226
503444762
249479266
168210228
312084886
235997629
144577080
414283415
163410716
372339610
746937336
602121847
743928632
482636632
738200694
42310282
193275305
249479266
609810942
478420462
107816356
345422821
673161982
335362996
573375284
405205886
717552752
208616495
716100284
912208782
372327796
745810009
849802736
114617150
148516861
100441623
311311520
548056668
273320985
46701852
482866441
995547968
643250970
482866441
962982945
93718562
591275093
803039224
802676821
373500495
862245738
988302004
988265960
124887470
314274700
479937656
824309164
294780030
386265640
711265915
457230381
69349174
577996334
248590766
940644413
165803742
443607341
340980453
200016492
477546440
248004927
704678443
779370659
945309929
199785190
101412403
46598156
780068949
415385114
89796774
137158394
32384110
32287383
109320
486467634
723811927
168210228
340980453
155114584
269522820
704852441
309914368
728091607
290146359
773118870
462480493
327850930
199785190
983780318
23482358
8847553
59473241
618255461
140774861
243590158
875746635
926212994
704936703
215832018
821987704
725207057
740630647
340980453
524632621
70394331
858815518
178339009
830708463
683538680
613083882
842176960
58020252
34220901
345422821
72714363
717552752
210195428
174875262
23482358
933891365
349603248
193992127
145859189
416976073
67633894
326901762
142951849
976755627
349120238
114617150
498805845
242026776
766657630
186587623
341482505
427959536
777938497
802916844
140337434
777161433
784987638
137067068
477546440
648816111
140178388
679855380
482636632
922265404
278976413
725930041
316372179
278976413
843410497
690319247
23482358
58304890
686406158
982357937
674214471
704852441
349603248
293869573
184282350
193275305
365504857
881775823
170864699
124887470
824309164
564378071
65746116
185501014
349120238
933891365
112669562
227547313
129151366
103961583
200016492
479810800
669989313
23482358
298620610
956474481
4021486
787638947
401062440
129720502
993246911
39218592
507236163
918055945
747363900
547705326
227255957
384201780
397129535
92244497
249479266
964982728
840517467
780068949
452264047
195828062
281255127
193275305
397991399
329313371
634247715
224519880
312499983
751885764
293403994
278976413
307022536
514811540
162452126
335362996
298977842
23482358
156285460
110468114
794289386
109320
764523640
596813636
903221914
456914406
58020252
457230381
918055945
167026947
614380239
354740411
2067649
147660486
301786936
773485779
777792195
827874435
602121847
291848212
444805188
436715057
707605019
365777724
661442494
42310282
239487316
906402275
777161433
291848212
43644200
1
251986694
67633894
602121847
930360407
405572486
304697117
788466120
172901029
993345986
99540935
451898202
275507421
412396169
717552752
768731168
193275305
679652667
739967340
416976073
329313371
130253456
885392673
326901762
505115444
486167898
14842611
379135191
655015866
314413453
34220901
614633990
249420944
227382860
649731886
312499983
67086855
495780310
851488500
401016825
753974292
686149347
820777211
899684701
679076916
297721548
992407830
981870925
964982728
482020824
935279023
740797916
705234926
549477243
779429606
362936226
239765678
607196614
788975441
711013743
919534425
4578874
475167808
773118870
162452126
980443410
378318502
114617150
290767032
185501014
246158309
341482505
391695382
159866089
607196614
444079204
153937600
92363518
227382860
603667860
130159798
637653710
824182080
165803742
794365535
448260486
150
865494791
721617140
861123897
964982728
60587956
482636632
319937092
349603248
656017834
186587623
711265915
818265792
398089477
740630647
951810036
458260736
386265640
843410497
108563469
912135238
162101766
507634900
647693647
700167415
69349174
349120238
743632583
137158394
717552752
919965156
297669007
988265960
486167898
9387532
705234926
152189382
314274700
801945975
498943403
318294545
121413468
642223032
487349778
814549939
916092172
64863447
439752238
249420944
769929921
556007948
820144652
467714031
608681368
747123968
225799444
361178501
573550984
85307931
65556388
887350703
444232445
698436690
607196614
388061120
886710908
795285863
4826160
840517467
273320985
188266314
600136361
281255127
195828062
39181008
614380239
530452414
312499983
229562404
918055945
736227180
148516861
482020824
885392673
482020824
242026776
384951437
680748079
550245641
389927427
397991399
34220901
144577080
34850360
479686226
655015866
598374889
459756422
329313371
747363900
19223879
964982728
746937336
345422821
95673858
322475481
204434900
965378408
31033716
77743049
121413468
494874175
929373730
562986044
410477551
178339009
536138130
489334816
843974522
148516861
655015866
556007948
70843747
387120643
32373650
714797570
706153832
172901029
964982728
402737690
746937336
494874175
384951437
225600062
891617016
318294545
211178846
176717014
316372179
30671940
384506537
137067068
100441623
881461393
494874175
342330165
333665088
227465186
562959773
165105338
39218592
78008109
407304772
498805845
596813636
314413453
764523640
770935442
444232445
249479266
899162623
706273750
424767635
249479266
607196614
945309929
482866441
297962512
983780318
505115444
945309929
290767032
527030158
268669314
773485779
193992127
680441459
981870925
178339009
514245021
655015866
92758893
314274700
204856335
969972004
1
524632621
329313371
462480493
503337797
725275839
475634304
630174927
100441623
690319247
800029935
581264389
239487316
609935489
457230381
482860515
621372446
291848212
384951437
100441623
4578874
884750607
751109629
672403024
235049426
718595947
943428229
787638947
153532679
365777724
873483234
167026947
195828062
314274700
673161982
3761461
137158394
977485422
181847325
704936703
535374009
527030158
827874435
630174927
598374889
803039224
345422821
96177646
851512009
661815621
963962664
472750916
751109629
189874901
595293445
568368152
968509637
436715057
151667782
659217945
803014123
829563740
769929921
854887779
70490549
227465186
514802540
557820851
16982691
827874435
967102009
309914368
454933126
145573069
884069785
648816111
436715057
149544260
634247715
865494791
270259017
585240519
498943403
184151516
93898630
667808299
185501014
849859696
97391483
700167415
159853745
661815621
838725278
248590766
197038750
833360246
540791553
717552752
824309164
952196621
709235404
912135238
39721693
344696024
421411769
981870925
70843747
787638947
369865985
78646918
470251328
373635
227255957
347090776
436715057
100441623
389927427
384003930
689075782
686406158
755022226
603524009
843410497
67086855
780068949
532889091
728091607
704936703
827874435
508452092
505115444
929408698
895154842
454933126
477546440
137067068
482866441
556007948
633198161
416976073
723735232
472750916
67086855
955579247
412533633
189874901
641040831
840517467
388061120
997153240
965243946
980877287
227382860
912208782
507634900
715595442
365777724
787638947
326038698
96177646
436715057
489334816
372540371
843410497
517187482
354740411
634593194
679855380
99388232
482317747
795285863
415385114
451927396
779342623
96177646
777903285
873735929
601260049
728091607
986345000
497083560
995547968
829563740
195828062
738200694
290767032
749018590
314413453
977485422
884158612
454933126
78646918
680748079
489334816
884750607
626701595
18547280
756330953
568368152
199785190
170747014
461884309
489471933
70843747
451927396
470598575
912135238
393658570
614633990
165803742
945309929
493854947
276102700
933891365
46339455
756575562
362603295
389927427
742415428
516383057
194405994
100441623
369137659
70490549
726185148
451052771
153741225
369258300
454933126
663349178
165105338
444805188
83761743
749018590
109778743
342330165
679714339
503444762
93898630
507386347
292659556
482636632
504858861
780068949
589026999
384951437
477546440
968013207
540791553
815097871
129151366
161241525
151667782
991435600
869752181
480201747
806512801
527030158
181847325
493424851
51685597
114617150
270710518
193992127
294780030
608423628
714797570
983117639
603267664
388061120
705234926
95673858
393162768
43031043
928140454
769929921
397991399
192988603
543012121
16945718
159704928
162101766
165105338
754848454
174875262
746937336
322191264
790356973
291848212
96507421
487814049
686477782
397991399
950185532
387120643
181847325
749645033
842176960
117643267
95945840
967102009
851128598
312499983
70843747
507634900
979992373
763687433
908418210
389927427
648556615
598374889
705234926
185930935
412533633
700709920
364629903
70490549
151667782
436715057
27810873
32384110
96177646
199785190
297349838
655015866
700167415
436715057
898721940
621372446
388868631
717552752
10
227382860
393658570
208917888
340980453
240879853
273320985
32287383
185930935
971041948
293242903
66430650
101494422
384951437
720546487
607196614
498805845
482636632
482020824
248590766
777119139
673161982
117643267
681682502
690127664
92363518
487814049
459756422
849859696
70843747
373635
379135191
329313371
912208782
831512117
482020824
110468114
486167898
982273109
988155683
167026947
795285863
23482358
494874175
421691417
823046072
97627346
199785190
843410497
117643267
963962664
507634900
299806107
389455047
239487316
472750916
335362996
636322666
794289386
927542309
195828062
162101766
5864249
627244599
235480773
113370599
919965156
111361099
735821397
983780318
208917888
388061120
865494791
993656685
362399368
946971910
451927396
698436690
478420462
333919726
661815621
92363518
129151366
746937336
150529515
936981687
802020242
626701595
165803742
626701595
928419854
25322078
843974522
637653710
540791553
165803742
209329920
516383057
412396169
458281197
865544553
711780346
405572486
424614948
109320
144577080
227382860
414437451
365483846
503444762
10
783526000
807500551
884750607
991400574
202181922
527030158
51066627
593207185
711265915
291848212
683762136
898721940
291848212
991400574
315970111
728091607
787638947
349603248
100441623
732149409
981870925
299069569
634247715
402737690
952041196
482866441
227255957
4578874
979992373
728091607
388061120
503444762
843974522
50039602
278976413
397129535
3998093
128741585
281255127
454933126
716100284
764523640
860649145
825441023
824309164
185930935
556007948
964982728
300805813
365777724
865494791
415385114
172901029
980506564
711265915
487814049
746937336
297721548
494874175
751109629
527030158
137158394
476430696
130117045
728647862
156285460
721617140
773118870
107816356
618103579
37902154
401016825
602121847
679855380
4826160
749018590
109320
779370659
32111757
58020252
537791562
198025561
746937336
364670984
556007948
596813636
507634900
338358789
615550420
314409236
340980453
349120238
843410497
816054141
251297295
239487316
820777211
156285460
113370599
168210228
290767032
386265640
988265960
829563740
940644413
58020252
881775823
364670984
478420462
800896151
193992127
967075900
734826234
836405413
79184239
385817722
96177646
545371725
486167898
347090776
913408437
198025561
121413468
705234926
4826160
704827836
549424140
379135191
524632621
824309164
354220108
648816111
472750916
919965156
189441186
93718562
129720502
788975441
448224737
945309929
186587623
95673858
469310578
178339009
511925662
185250732
716574648
524291254
46598156
171509054
163410716
316372179
726211466
150
338450805
387756225
859835606
929643452
928419854
993477991
120404113
36865914
903221914
831512117
208917888
637653710
199785190
347090776
92758893
314834911
95673858
836734657
658516737
60141260
964982728
369105645
407733322
598874647
488512447
700780930
412533633
717353150
760674023
291848212
778557779
516383057
351204960
304697117
749018590
738200694
335362996
673161982
789327354
163410716
986345000
208917888
749018590
69349174
137158394
159853745
482636632
854887779
867677207
198025561
172901029
479810800
294780030
32111757
448224737
302525376
444232445
556818443
503444762
981870925
548264239
278976413
779370659
932917982
129720502
198025561
988302004
163242627
820510063
349603248
637653710
933891365
568368152
92758893
423117613
498943403
170864699
186587623
970475133
673161982
389927427
95673858
32373650
95673858
287515487
716100284
550394873
388061120
302213890
193992127
416753665
330936553
402763377
514245021
467714031
674312311
239487316
673161982
451927396
540877975
598317507
408156220
1037290
291848212
673130134
330936553
891686836
696693416
387120643
392482278
156285460
884158612
251297295
436715057
773485779
110227309
604197510
78646918
548056668
335362996
738563089
548444787
444805188
836828112
713620440
546816453
298620610
21410474
607196614
172901029
764523640
410264310
795285863
1
885392673
16977106
324367954
865544553
412533633
478420462
873735929
472750916
67633894
708231477
170864699
596813636
881741678
41985868
654167456
963962664
397129535
96507421
225799444
711265915
479629222
195256441
335362996
309914368
137067068
933891365
239487316
717552752
198025561
415385114
621372446
117747144
444232445
95482404
956049735
479810800
69349174
329313371
92758893
342330165
92363518
751885764
224026556
202897501
614884906
503337797
414636168
960145297
919965156
36213130
486167898
834429163
389927427
1
4578874
347090776
364670984
514245021
298620610
683538680
291848212
830963161
918055945
69349174
281255127
726185148
96177646
740630647
598215627
329313371
3384
113370599
721617140
717552752
482020824
527318086
443607341
77052729
345422821
1
807973025
280128240
482636632
558338991
454933126
26494118
658516737
780068949
510127009
156285460
176311805
379135191
495780310
367321937
462480493
275127100
93718562
206103357
249479266
11972823
509821084
43971784
271598727
335362996
75701198
581264389
724662336
514245021
655015866
742245141
950198018
413960064
715062504
329313371
458082306
569362362
843974522
174875262
780068949
224519880
479686226
225607122
369865985
548444787
354740411
903221914
482020824
945309929
153825450
478420462
884158612
70490549
479822700
899162623
10
575438162
208917888
83761743
124887470
314413453
657587073
811728158
581894954
418576343
287205733
871567844
373635
412769583
179597442
207908345
981870925
623879414
912208782
46725630
477546440
275507421
326901762
831111047
718098707
42310282
637653710
751109629
748930069
280128240
389927427
347090776
401016825
746937336
144577080
439752238
555573743
345422821
527030158
316372179
240879853
807500551
372339610
979992373
503337797
794289386
487814049
980792189
198025561
335362996
436715057
658516737
298620610
58020252
168210228
903221914
114617150
743928632
721617140
823046072
648556615
625073643
829563740
940644413
689075782
150
305174163
100247946
144577080
780068949
93898630
92363518
96017313
194096331
386265640
610660987
587521341
91063910
479810800
933891365
58020252
23482358
454933126
205540646
977485422
809538777
524632621
549483287
820144652
717552752
544669965
251297295
637653710
146974536
992407830
156285460
489334816
777161433
751885764
56030036
721617140
187411434
745810009
375415318
168210228
773118870
516383057
912135238
314413453
740630647
404462807
44067126
227255957
840517467
88486914
527030158
556007948
248590766
711265915
275205258
487814049
109320
198025561
607196614
95673858
751885764
278976413
249420944
412396169
636166228
557820851
124887470
977290923
108563469
67086855
27424652
690319247
807973025
470598575
704827836
224469409
470251328
433404231
174875262
479686226
137158394
76049572
701594736
598374889
193275305
493854947
349120238
885392673
712859840
679855380
251297295
797474115
432689170
248004927
294780030
746707320
790290433
103961583
628340645
493854947
314413453
630174927
4826160
10
933866206
227255957
185501014
489334816
801799540
832959247
477546440
995547968
884750607
67633894
608423628
248590766
152659345
783151813
705234926
4826160
93898630
979992373
129720502
648816111
148516861
823046072
195828062
44160708
704936703
817494449
607196614
35513871
711265915
602121847
555573743
124887470
986345000
185501014
103961583
10
362603295
312499983
32384110
802676821
273940457
467714031
405572486
910759821
829563740
683538680
458432099
764523640
658516737
74704250
689991953
103961583
412396169
415193646
609063664
897672965
773118870
514245021
686406158
32373650
309914368
240879853
946859068
862636349
471469287
778557779
178160982
884750607
529183584
388061120
176717014
121413468
208917888
309914368
702230044
764147624
527030158
933866206
124887470
986345000
117643267
207908345
148516861
573125876
768659478
503444762
644714699
862636349
723390296
483617614
743928632
999661367
787948794
45189547
721617140
78646918
810583242
187957340
387677959
78646918
431271742
362399368
686406158
163410716
444232445
298620610
275205258
800977532
175429457
299169729
787638947
10
398089477
746937336
516383057
867677207
381723949
780453800
948142169
448236485
548056668
193992127
154221862
95673858
992407830
431035422
630379994
297721548
354839127
486167898
898721940
92758893
46598156
964982728
818450783
361526861
386265640
113370599
248590766
451927396
862636349
660821350
813473799
862636349
780068949
227382860
384951437
41458734
402737690
386265640
225799444
556007948
637653710
467714031
402737690
294780030
185501014
516794588
144577080
990896815
165803742
249420944
199785190
746937336
923111452
304576966
605081901
689075782
912863145
912135238
369865985
829978479
751109629
627843490
736730333
95673858
136214774
141554914
745810009
130159798
514802540
593505795
266415558
556368162
58020252
704852441
658516737
824309164
393345288
294780030
460695462
397129535
345422821
275127100
823046072
655499217
486167898
10
369865985
825576656
689075782
780068949
839005676
391315832
715449443
309914368
127236833
159853745
946947059
415385114
661815621
242026776
690319247
129720502
980282416
207908345
117643267
322793503
659553466
298620610
952637362
342330165
365777724
248590766
673161982
96177646
903221914
548056668
20814347
189874901
790033162
773118870
478420462
401062440
280128240
979992373
780068949
829563740
172901029
124791262
704852441
520448669
649329457
493218898
697922245
156285460
965629669
849859696
644166720
465811037
335362996
436715057
208917888
67633894
225799444
607196614
748745878
965698715
556007948
690453340
928419854
404462807
754402092
848709804
249479266
318294545
524632621
502751352
834429163
275127100
95673858
802676821
42310282
324367954
759695550
806442151
743928632
591449016
281255127
275205258
585240519
539831708
148516861
527030158
66430650
458432099
655015866
193275305
477546440
507634900
314274700
952041196
486167898
388061120
444805188
248004927
137158394
847010651
995547968
658582187
144577080
482020824
312499983
661815621
199785190
270343152
988302004
478420462
683538680
602121847
922919520
820777211
108563469
803039224
621372446
406864332
533135913
992780831
751109629
622991968
124887470
843410497
389927427
945309929
67086855
969042475
391657866
159853745
379135191
239487316
103712681
154221862
3998093
1
634247715
781261928
275127100
925365692
516383057
412396169
843974522
654167456
318294545
388061120
519983435
496391773
647513834
514245021
495780310
436715057
936796296
45270741
278976413
129720502
388061120
129720502
728091607
347090776
208917888
686406158
275507421
32287383
494874175
952041196
788434988
769929921
595598812
356102829
397129535
594904922
445505241
251297295
314409236
290463986
527030158
807973025
549424140
700771503
83761743
96177646
150
524632621
494874175
444805188
336182874
149544260
291848212
489334816
918206208
208917888
711265915
149544260
514245021
980877287
913408437
868296475
312499983
822863738
349603248
208291270
317076342
843410497
199260963
540791553
634247715
349603248
200016492
156285460
51066627
539831708
865494791
614633990
174875262
489247481
324367954
802916844
416976073
660121562
843410497
227382860
298620610
251297295
227382860
764523640
575288184
669989313
658031886
854968426
412396169
772214221
67086855
817466601
746937336
338047236
751885764
648556615
981870925
918055945
291848212
700167415
365777724
342858766
626701595
498805845
991400574
913408437
397991399
568368152
503444762
865494791
341482505
780068949
999661367
273320985
972619980
314409236
823046072
386265640
916604540
162725352
119188776
148516861
137067068
913408437
709235404
637653710
23482358
4092327
768731168
884890453
16977106
548056668
16977106
156285460
780068949
933891365
404462807
472750916
614380239
199785190
524806549
378041765
545525098
227255957
82229777
350543250
83761743
514811540
458432099
227255957
610483348
384951437
973660718
482866441
514245021
362399368
493854947
780068949
772214221
443251157
156285460
147852517
291848212
149544260
487814049
114617150
794289386
412533633
933866206
266914318
92363518
966047408
933866206
96507421
402454623
518577231
70843747
743928632
545525098
807973025
608423628
991400574
362603295
324367954
193992127
823046072
312084886
306023282
386265640
449037159
392596753
148516861
616746869
239487316
67086855
806627733
865494791
139103899
607196614
273793146
885392673
689075782
865544553
602121847
700167415
864520215
345422821
494874175
704936703
823046072
663127547
448224737
768731168
556007948
347090776
67086855
824309164
4578874
193275305
827874435
394279268
734999829
827874435
947823658
13084386
427478563
336622280
248590766
876902266
686406158
686406158
165803742
898721940
726185148
207908345
637653710
208917888
161281904
993246911
195828062
614633990
46598156
52964790
820777211
654167456
661815621
860640194
648816111
706275672
198025561
516383057
740630647
345422821
968197990
988265960
972968125
23482358
32373650
46598156
514245021
831879494
986345000
10
459756422
507634900
726185148
743928632
545525098
648816111
207908345
454215501
705234926
489334816
236969730
494874175
1
514245021
548056668
986345000
4826160
91366232
200016492
215693626
229299150
525395743
4578874
448404506
884750607
199260963
988302004
562986044
502212516
630174927
305174163
772214221
748252045
760102362
425877281
596813636
150
791865897
790795149
162101766
535568562
291848212
918455197
780068949
842176960
124887470
664919007
150
801073170
827874435
42343925
168210228
679855380
514245021
663349178
658516737
465463547
151667782
159853745
121413468
479810800
885392673
314413453
511270228
677013201
227382860
884750607
721617140
704827836
375090727
802916844
602121847
478420462
168210228
785806999
342330165
155114584
348643019
144577080
970758219
375415318
933891365
93718562
633809407
492967046
93898630
34850360
100441623
239487316
349120238
524632621
130159798
76352132
807973025
416976073
365777724
176717014
505115444
191485855
372339610
169999550
711476970
738200694
607196614
248590766
200016492
364670984
781668083
386265640
234771467
156285460
540791553
477546440
293123123
275507421
69548524
769929921
892370071
204434900
807973025
193275305
979992373
839782481
168210228
889574059
751109629
865544553
773118870
704852441
961615658
637653710
318133617
248004927
3384
37647708
621669723
996640367
464330765
768731168
495780310
607196614
388061120
516383057
608559669
965243946
411339191
42235694
751637220
807500551
250109458
963962664
498805845
498805845
918055945
131825364
820939916
269522820
158852060
240924678
467714031
933891365
314413453
397323963
993246911
198025561
51066627
398089477
290767032
714797570
873735929
873735929
4578874
559327563
225799444
411654856
903221914
148516861
769929921
933891365
48325114
8951365
178339009
436715057
186587623
696053878
3384
1
10
4405777
488173943
93898630
967102009
1
230672883
721617140
964982728
862636349
746937336
335362996
185403584
705234926
933891365
165803742
477546440
275205258
762609133
365777724
477546440
803039224
798888405
291848212
879665832
709362357
573014529
992510679
958200875
514245021
489334816
913408437
280128240
444805188
545525098
125575379
919965156
330936553
995547968
129151366
784342814
738200694
170864699
314413453
23482358
912808081
96507421
668536786
995547968
34850360
507634900
503444762
316739738
151667782
68414608
109320
912863145
993835041
444805188
225799444
614380239
977485422
516383057
607196614
661815621
489334816
992407830
415385114
176717014
108563469
871156382
416976073
545525098
880495081
92363518
507718207
444805188
626701595
721617140
239364233
655015866
498943403
997344325
896531739
34220901
312499983
32373650
517389038
829563740
818265792
349603248
340980453
539831708
438200398
992407830
840517467
422679653
380794311
151667782
933866206
176717014
92758893
69349174
459756422
991902889
716574648
788975441
131225688
248590766
282087287
550110715
124887470
457323075
747501800
152073689
518765240
178339009
103961583
281255127
883646601
607196614
898721940
1
93718562
92758893
683825606
445695123
602121847
930806227
827874435
999661367
548444787
67633894
799141758
992780831
787638947
773485779
824309164
362399368
983780318
310222982
794289386
524632621
458432099
777161433
873735929
34220901
373635
388061120
415385114
507236163
312084886
740630647
330936553
249479266
354740411
803039224
988265960
314413453
259566471
126226575
952451489
596813636
82229777
249479266
720069463
898721940
770935442
829563740
687831300
779342623
973999895
528248462
121413468
199785190
788976127
44104676
493854947
34850360
342669411
588253771
686406158
107816356
345422821
4826160
185501014
108563469
933891365
184151516
588616099
326136367
92363518
886980656
751109629
634247715
10
160571819
4826160
821987704
474393475
345422821
614633990
667665112
374436979
108563469
503444762
124887470
174875262
700167415
109320
585240519
827874435
275127100
415385114
721924203
227547313
51066627
282744150
606015132
402420183
107816356
92363518
364670984
172901029
454933126
70843747
751109629
469337187
369865985
32384110
549619326
149544260
539831708
912135238
498805845
545525098
460549957
100441623
983780318
743928632
980900894
249057397
673161982
975619988
612902746
986345000
198025561
329917778
918455197
818265792
318294545
138907493
899388617
397991399
405572486
122773830
625861551
93898630
362603295
663349178
704936703
387120643
704936703
4578874
472750916
249479266
834429163
460717193
364670984
178339009
30100867
165803742
207908345
421708883
454933126
514046790
596476904
134781461
32111757
275205258
778557779
32373650
852157001
573597248
362603295
821987704
803062243
521398857
743928632
436715057
304697117
408717418
117306298
316372179
224026556
683538680
738200694
373635
70490549
340980453
679855380
573438459
823046072
884750607
280128240
324367954
823046072
649032276
405572486
658516737
227547313
940644413
840517467
638308844
773485779
240879853
965243946
744844393
278976413
454933126
137067068
369865985
540791553
489334816
10
319849731
397129535
802676821
144577080
862636349
555932430
241161649
387120643
34220901
498943403
649329457
704827836
988265960
251839253
78646918
120137792
107816356
458432099
596813636
314409236
945309929
161119311
275507421
45444408
969990310
981870925
46598156
114617150
477546440
172901029
568368152
999661367
627288665
716574648
933891365
242026776
482020824
181847325
379135191
993246911
35649615
731117845
743022207
820777211
755024978
961847476
721617140
174875262
83761743
873735929
607196614
472750916
608423628
769929921
896157033
27810873
795285863
227465186
316372179
912208782
278046629
995547968
891484343
456717425
269522820
386265640
992407830
240879853
167026947
349120238
335362996
489334816
843974522
485216903
494874175
470598575
211960357
912208782
555573743
369865985
459756422
165803742
402737690
965243946
362399368
945309929
316957792
93898630
207908345
456905193
215565417
309914368
703592811
721617140
780068949
149544260
482866441
554750023
843014819
398089477
683538680
716100284
912208782
93232780
507236163
700167415
835097568
843974522
834429163
273320985
404462807
249420944
987566711
482020824
278976413
193275305
312084886
151667782
68899906
928588112
372339610
790236970
539428770
354740411
180377619
909786325
787638947
445747066
103961583
980877287
340980453
275127100
289511994
463535049
176717014
548056668
714797570
227255957
704827836
78646918
912208782
795285863
10
602121847
101844318
933866206
193275305
881912637
83761743
92363518
689075782
768731168
817954802
980877287
992780831
439752238
472750916
117643267
32373650
480639300
988302004
980819556
402737690
933891365
946278411
933891365
505115444
840517467
620735583
507634900
82512594
167026947
298620610
416753665
686406158
109320
339937029
364670984
507634900
711265915
663349178
479810800
524632621
507634900
548056668
304697117
467714031
751885764
999661367
528524381
532786190
873735929
969563458
412533633
938470022
314409236
746937336
600726490
66837247
16977106
843410497
330936553
514245021
185930935
290767032
627992005
1
516383057
562986044
693773432
928693825
147423952
689075782
301191673
991435600
635024596
746937336
189874901
77301311
721133874
176451093
174875262
539831708
34850360
821987704
82229777
995547968
207908345
596813636
910435186
34850360
703378975
257915311
704852441
749018590
402737690
170864699
187219302
732610266
992780831
453563762
150
83761743
482636632
952041196
344234738
165587275
117394580
933891365
3998093
273320985
207908345
397129535
424614948
93898630
415385114
349120238
159853745
887459694
415385114
362603295
634247715
884158612
553820821
825766598
294780030
457230381
297721548
185501014
10
646895498
251297295
251297295
292178225
405572486
3998093
93869107
208917888
704827836
843974522
227255957
472750916
373635
4826160
548056668
743928632
140754490
369865985
983382466
388061120
500036190
10
27810873
479810800
716574648
185930935
25322078
342330165
402737690
347090776
12365599
478001949
557054862
581264389
703318614
418233274
507634900
689008972
402737690
677249050
162101766
406828161
229025954
185311341
349603248
472749128
967102009
773485779
4578874
912325768
130159798
843974522
349603248
23482358
395190951
531346706
769929921
182842795
689075782
336872636
453747253
999092278
338911730
3998093
699066429
32373650
397129535
386265640
239175798
996945235
121413468
349603248
248004927
542886791
112198486
82229777
89582972
912135238
965243946
67633894
46598156
69349174
106850582
607196614
402737690
918055945
493167021
298620610
389927427
92363518
163410716
708092961
514802540
764523640
216976046
918853173
39218592
802916844
454933126
745810009
690319247
660886193
1
159853745
393658570
178339009
93898630
340980453
436715057
179746694
756880106
248590766
16977106
749018590
163410716
470251328
198025561
680748079
764523640
314413453
109320
397129535
713620440
577996744
32384110
548056668
444232445
396360795
344383005
27810873
149544260
940644413
992407830
583242650
411340078
977485422
373635
781689534
912135238
198025561
655015866
655015866
661815621
827874435
688212614
73153706
266453128
451927396
498943403
611990686
655015866
773118870
34220901
411707591
248590766
845047518
130159798
159853745
487814049
991400574
129151366
324367954
697646172
862636349
614380239
496705492
92363518
980877287
977485422
807114268
503337797
748106667
325824381
913510121
717552752
655015866
312499983
842176960
367332859
608903750
633480561
843974522
679855380
555573743
110468114
166354705
774201697
589931035
827874435
329313371
168210228
240879853
208917888
524632621
977485422
78646918
932928195
485023345
545525098
827874435
203084677
764523640
195922968
458432099
451927396
568368152
107816356
44421093
507318247
326901762
369865985
932478867
673161982
912581777
607196614
108563469
698436690
337511415
67633894
759812126
672340633
557231794
659058403
495780310
70490549
304697117
290767032
130159798
478420462
716100284
689075782
857259431
379135191
865494791
397129535
778557779
32373650
384951437
548056668
690319247
393129260
370672420
388061120
884750607
68899906
712926205
836462028
302545647
240879853
530122728
567058221
379730509
95673858
679855380
704827836
424614948
83761743
415385114
467394939
49185649
347114857
654167456
835358977
751109629
717552752
144577080
27810873
779370659
124887470
751109629
514245021
149544260
174875262
967102009
747363900
309914368
965375084
912208782
894941809
773118870
374036973
369865985
749018590
683538680
898721940
620564550
398089477
493854947
93471124
614380239
178339009
397129535
562986044
165803742
514802540
435401792
693284752
261225703
109320
989311016
384951437
165803742
857939248
386265640
686406158
8424502
109320
661796864
45734584
398089477
364826585
184151516
678688736
933891365
820578924
349120238
898721940
50321201
608423628
331248349
326901762
742632689
922805100
981870925
802676821
62492802
316573114
872995308
32384110
309914368
176717014
457535234
486167898
532502792
664296576
198025561
39218592
695490580
777515305
242026776
46701852
988302004
248590766
314274700
184658201
44903652
661815621
767293665
494950046
673161982
398089477
340980453
649329457
834429163
679229147
565933971
482636632
918055945
669324011
415504462
999708635
83848544
893981630
841413514
16977106
482020824
144577080
244339316
227547313
933891365
100441623
829563740
103961583
70843747
126241701
130159798
585240519
981870925
144023015
248004927
114617150
844246589
376650961
993246911
65700308
933866206
914612867
874522787
316372179
945309929
110231484
680748079
805543358
627558406
993246911
510236407
991400574
728091607
680748079
227255957
185501014
324367954
131225688
329313371
679285811
527030158
824009669
865494791
602121847
621372446
71001076
275507421
96507421
273320985
883875735
58205830
986345000
503444762
178339009
67086855
843357012
840517467
416976073
11565734
386265640
193275305
475634304
186587623
637653710
412575786
839766547
66923545
728091607
702185791
185930935
444232445
100441623
779776577
849859696
419037332
424614948
706153832
545525098
275205258
930680968
807973025
571270144
669183035
114617150
459756422
769929921
92758893
181847325
145714677
472750916
227465186
478420462
463736635
470598575
312499983
933891365
424614948
275127100
193992127
314274700
203318024
803039224
372339610
649329457
918055945
457230381
412533633
208917888
366927998
137067068
184151516
673161982
470251328
779347326
873735929
297721548
44113999
524632621
294780030
144577080
402737690
912208782
34850360
658516737
165803742
373635
873735929
608423628
96177646
113370599
245375077
131225688
248590766
751109629
862636349
248004927
493153688
475634304
983780318
82229777
714797570
251297295
539831708
698436690
482866441
409360162
186587623
269522820
93232780
248590766
637653710
881775823
174875262
168210228
131225688
168210228
745810009
673161982
129151366
685742790
397991399
227255957
34894241
655015866
460139523
648827499
745810009
847166388
314274700
92758893
67633894
137158394
347090776
779370659
773118870
673161982
130159798
4826160
487814049
621372446
249479266
178339009
398279304
514056622
540791553
454933126
557820851
557820851
388061120
503444762
130159798
68899906
359740778
4826160
661815621
764472699
23482358
305174163
961431116
458798735
37666864
899162623
134082369
148516861
541743123
576390211
991400574
494874175
648816111
798920236
418131035
764523640
422089750
207908345
661815621
59049169
549504891
967102009
533580597
522554417
371586757
189874901
200016492
991400574
986345000
185930935
978921840
441530044
869101997
787638947
991400574
364670984
472750916
472750916
172901029
834124201
824309164
93232780
402737690
708368616
16977106
207908345
341482505
25322078
340889763
577332533
919965156
749018590
148516861
404462807
444805188
802676821
179597442
52842124
123103675
952041196
743562547
548444787
540791553
85041550
711265915
457230381
992407830
67633894
802916844
760090065
458445401
402011638
312084886
362399368
794947901
681712837
769929921
836656544
4826160
919965156
172901029
221453196
482636632
928966565
573375284
821987704
150
314116173
249420944
988051433
637886036
5190153
176717014
461640553
249479266
379135191
981870925
488532055
301282780
746937336
23482358
820777211
201270442
111565117
638230595
780068949
459756422
428072713
415385114
812898252
174710635
635426620
164497852
658516737
67633894
721617140
347616159
96507421
584026951
176717014
903221914
294670593
690029823
129720502
130159798
200848753
545525098
69958276
95673858
965243946
108080949
988302004
326901762
534979591
911528526
925462554
659307823
224519880
773118870
494874175
167824563
112742190
843410497
919965156
413677290
45254256
167026947
467714031
483063060
680748079
362399368
439752238
637653710
769929921
345422821
419030259
498805845
373635
189874901
227547313
34850360
807500551
458432099
806442151
169086348
649329457
979992373
335362996
849859696
362603295
746937336
827874435
945309929
655015866
108789081
686406158
458432099
655015866
686406158
127547507
728091607
126911971
482636632
918455197
246395397
184151516
198025561
554047104
637653710
316372179
50574587
227382860
776051716
41652813
960990817
685769141
608423628
191740275
216284983
191610082
898721940
389927427
884158612
150
309914368
514931261
280128240
227255957
375415318
716574648
69349174
467714031
757410071
109320
467714031
207908345
163877478
341482505
777161433
807973025
516383057
717552752
143571828
990466800
324367954
345422821
851208096
719408165
294780030
970273225
827874435
93898630
736369271
588737065
83440672
941451568
849291912
361112454
326901762
312084886
93898630
250205567
227547313
439752238
728091607
93718562
457230381
32373650
167026947
207908345
314413453
372339610
982062418
437656581
479810800
992780831
413960064
129151366
268338147
843241247
636096084
983780318
415385114
109320
943478397
598374889
489067615
131225688
256031210
93232780
865494791
415385114
451927396
952041196
627349311
46598156
151667782
540791553
63500267
794289386
27810873
823046072
51066627
298620610
113370599
787593614
865494791
412396169
700167415
477348080
556007948
251685174
162101766
895672006
174875262
79640904
312499983
549424140
894118741
10702918
150
806442151
379135191
447259790
933024184
248004927
67086855
899204205
487477383
726185148
124887470
877831772
444805188
155114584
350475850
770935442
705234926
415385114
648814173
499365842
349603248
912208782
885392673
614633990
881775823
964982728
609415632
843410497
312499983
294780030
773485779
524434578
159853745
549835776
189476070
341549442
995547968
259345143
184151516
487814049
254847007
314413453
506569102
51066627
524090701
987755029
524632621
557820851
773485779
92758893
354740411
992407830
840517467
482020824
714797570
461220516
655015866
109320
807973025
251297295
912135238
184151516
170864699
199260963
110468114
226688252
820777211
965243946
937748180
988265960
883331937
369865985
598374889
881916082
903221914
121413468
32384110
298620610
988964292
207270776
963962664
424614948
827874435
162101766
225799444
329313371
728091607
129720502
716100284
375415318
865494791
802676821
493854947
324367954
114617150
716100284
349120238
6032563
940644413
486167898
467714031
743928632
836364465
306435533
711265915
482020824
343913379
446172128
669989313
507236163
333619820
265292399
981870925
249479266
807500551
983780318
811490210
777161433
179906597
23482358
81136367
10019763
507634900
798847663
663349178
726185148
124880696
589931035
704936703
918455197
144577080
189874901
459756422
482636632
454933126
32111757
309914368
585240519
516383057
457728832
335362996
347090776
867677207
986345000
261415020
912863145
981870925
67086855
5815744
18234106
931931712
602121847
163875091
527030158
732047413
835453462
51066627
168210228
347090776
150
148695284
241226126
568368152
542509123
503444762
539831708
37782169
716574648
379859991
630174927
673161982
4826160
581264389
436715057
397991399
275205258
649329457
29690401
198355468
780068949
546213803
986345000
721617140
773485779
780068949
473792134
226905641
185930935
204434900
988302004
538431524
92758893
178387059
174875262
169830685
195828062
928419854
208917888
482020824
479686226
516383057
218628440
365777724
908660218
999661367
637653710
655015866
983780318
341482505
912135238
312084886
786357498
557820851
952041196
514811540
940644413
46701852
507236163
738200694
326901762
803039224
267267679
32287383
144577080
341482505
154221862
557820851
276307031
884158612
402737690
269522820
149544260
669989313
806398236
983780318
436715057
649032276
354740411
545525098
503337797
156285460
162833876
80677630
130159798
988324253
324367954
827874435
269522820
780068949
211813800
32384110
773485779
199260963
621356729
23482358
96507421
795285863
451927396
999661367
444232445
649329457
489334816
827874435
369865985
397991399
690319247
967102009
309914368
710414343
912863145
421829541
761641453
984149544
855751823
320695212
506647511
341482505
404462807
913408437
683538680
514245021
186587623
83761743
92363518
536234767
46598156
795285863
751976325
372339610
716574648
369865985
457178629
347090776
4826160
372339610
477546440
276064193
602121847
186414584
200016492
415385114
96507421
227547313
231060992
806442151
316224346
93930105
505115444
678777099
933891365
680020136
225799444
568368152
748972962
165803742
92363518
868207092
100441623
999661367
354683054
168210228
919965156
89555920
498805845
802676821
830782341
248590766
93898630
71770358
849859696
156285460
69349174
802254430
227547313
676343012
779645052
669989313
917241776
451927396
743928632
979992373
751885764
32111757
690319247
981870925
415385114
924699517
118042758
686406158
436715057
912208782
956250279
444805188
10
858263961
467714031
524632621
802676821
3998093
989777545
794289386
656363464
898736311
365777724
67633894
884158612
919965156
404462807
342330165
498805845
658516737
988265960
482866441
249479266
505115444
963798097
746937336
111301133
457230381
978636345
124887470
614633990
154221862
82229777
853188806
473095282
341482505
362603295
107816356
409672397
458432099
607196614
32287383
764523640
318294545
298620610
390328031
67633894
482636632
107816356
63547518
379135191
669989313
992780831
386265640
398089477
168210228
827874435
318294545
556007948
571758968
123149229
162101766
170864699
34850360
622993336
917054688
16977106
349120238
936198395
273320985
514288958
387120643
991435600
498805845
249420944
286080320
62693105
764523640
335362996
4578874
337297713
883955903
803039224
354740411
338376983
314413453
871111677
912135238
751109629
312084886
548056668
397991399
871065922
130159798
314413453
353674467
807973025
686406158
227547313
928350552
208917888
865941410
107816356
698871256
521044599
198013252
885392673
390974741
497359084
155114584
981870925
866307088
404462807
981870925
994880848
999661367
461909894
365777724
227255957
973005928
934147759
58020252
349603248
249596743
527030158
155114584
329313371
807973025
440498619
884750607
770935442
482866441
160996637
507634900
639612426
387120643
751109629
210214876
952041196
772214221
711783076
1
512839087
156285460
860042427
221259466
704936703
873735929
478420462
467714031
4826160
520521617
831512117
489334816
314274700
314413453
525023388
802916844
555573743
179597442
482866441
443607341
988265960
412533633
341482505
280128240
184151516
266309839
318294545
329313371
178339009
144577080
545525098
696045464
527030158
721617140
698436690
806442151
568446778
67086855
185501014
933891365
337019535
637653710
34850360
66430650
179781949
637653710
318294545
316372179
598374889
728091607
443705424
539831708
988302004
174875262
185930935
503337797
986858222
822878354
654167456
4441280
46701852
701473219
663349178
992780831
404462807
193992127
291848212
281255127
740630647
986345000
704827836
451927396
705234926
514811540
96507421
388061120
435466572
129720502
76544049
747363900
988302004
329440249
154221862
413960064
324367954
227465186
298620610
4578874
304697117
415385114
35159558
165105338
37700028
482636632
841769087
964557558
788975441
986345000
928419854
885392673
220737490
866111227
563712845
770935442
398089477
464063534
916901658
275148234
316372179
807973025
42310282
661815621
92758893
416976073
163410716
568368152
775645766
259618790
983780318
865544553
121413468
928419854
626094984
514802540
340980453
626701595
193992127
573375284
335362996
379135191
227382860
100441623
524632621
898721940
698009490
156358152
199785190
618146683
342866766
820777211
649407254
556007948
604622071
928419854
975326462
773118870
764523640
80862985
649329457
32111757
435805157
199260963
202729187
479686226
690196760
259178349
3998093
805155300
470598575
237698325
702781164
393658570
500329922
452035468
921963141
680441459
918055945
632752865
468618302
704827836
745810009
199260963
174710635
695356789
443702723
16977106
10
898721940
297721548
259446173
207908345
977485422
10
679597818
137158394
463785579
747363900
720722413
868296475
248004927
16977106
32384110
275127100
964982728
362603295
3998093
211960357
482636632
309914368
557337497
326901762
46598156
862636349
630174927
843974522
977485422
638115328
549424140
260733000
11901410
107816356
668569751
495780310
716100284
603070043
397129535
922642865
58020252
545525098
714797570
326901762
503263855
427976070
341482505
27810873
545814336
843974522
82229777
881775823
818265792
22950413
374832489
843974522
70843747
437433681
345422821
207908345
140947138
227547313
264499624
179597442
184356408
163410716
922902364
147434266
507634900
411239838
811268188
239487316
318294545
71895184
873735929
275127100
170864699
193992127
249019373
143723082
865544553
995547968
258527181
981852355
349603248
347090776
363020762
162101766
751109629
539831708
585240519
823046072
176717014
314413453
514245021
167026947
249479266
199260963
495780310
976164006
716100284
16977106
472750916
634264604
625937499
310188950
498805845
649032276
275205258
208917888
93898630
370469666
738200694
78646918
3384
963962664
716100284
96507421
645462611
608423628
412533633
402737690
658516737
658516737
679855380
988265960
107816356
858946673
712415415
527030158
599541374
69349174
866056568
347090776
530528607
963962664
728091607
46701852
794289386
746937336
364670984
318294545
124887470
598374889
240901959
159853745
117643267
499931897
312879687
769929921
451927396
749018590
248590766
900391538
809786717
711265915
925139461
665676150
128027174
32384110
316372179
275205258
680441459
764523640
372339610
103961583
842176960
1037290
502358235
992780831
658516737
404462807
69349174
124887470
329313371
509500752
630174927
831512117
545525098
952041196
193992127
179597442
620070171
881775823
747363900
503444762
412533633
159661789
92758893
32384110
649329457
965243946
34850360
172901029
100441623
525462279
472750916
953330239
898721940
271784402
614851987
992780831
779370659
568368152
753295304
342330165
810125636
389927427
58020252
130159798
914371807
693089539
371100796
249479266
1
952041196
244853661
762290666
314413453
935895317
957998163
562986044
340665007
686406158
912135238
82229777
933866206
305020858
683538680
86613442
716100284
980877287
761425864
208917888
482020824
493854947
387684645
103961583
787638947
318953079
92758893
458432099
664644603
144577080
698436690
505115444
150
424902570
242026776
362603295
988302004
945309929
869200072
199785190
32373650
146756366
415385114
942062885
614380239
30286995
983780318
484334608
607196614
585240519
240526577
740630647
232281853
487814049
149544260
154986857
676589077
163410716
621372446
251297295
412533633
150
444232445
746937336
862719148
399791718
692096296
964982728
825895528
747363900
280738348
325307199
193992127
904745601
112891949
161128782
964982728
654167456
658516737
379135191
93898630
347090776
545525098
162101766
295882686
631195570
297721548
162101766
524632621
458432099
312499983
292838201
881775823
266211011
486167898
614633990
117643267
233492494
516383057
831769802
451927396
952041196
648816111
992780831
172901029
294780030
151667782
129151366
167026947
278976413
412533633
497318848
714797570
398089477
760161214
524632621
451927396
280128240
933866206
843410497
903221914
95673858
738200694
248004927
686204597
498805845
820777211
82229777
634839127
977485422
991435600
279092977
572897735
251297295
873735929
249420944
117643267
723645780
165803742
162101766
67086855
451927396
834429163
849859696
581264389
539831708
439752238
349603248
168210228
100441623
568442343
494874175
404462807
823046072
95556376
768731168
911049210
179597442
324367954
527030158
159950944
362399368
280128240
93898630
133792781
788975441
503337797
58020252
912208782
193992127
249479266
324367954
149544260
840517467
349603248
362603295
412396169
432635356
113370599
463518702
369865985
827874435
716100284
234533994
46841741
384104175
658516737
739952719
751109629
58663367
614633990
340980453
248590766
865544553
32373650
239487316
991400574
173845219
338635954
335362996
189874901
3761461
149544260
492526682
70490549
581264389
32384110
32392395
270710518
945309929
963965002
778557779
162452126
728091607
631263680
823046072
759715551
297721548
868296475
204434900
10
708185239
482636632
501782010
770935442
302545699
96507421
649329457
579520861
655015866
167026947
208917888
486167898
34850360
807973025
263933565
149544260
195828062
109034565
462480493
654167456
100441623
827874435
369865985
911004219
414646925
733253863
1037290
862636349
405166490
793418542
843974522
960162929
364670984
149544260
740630647
236366767
404462807
297721548
291848212
379135191
993246911
795285863
69349174
424614948
944295608
747363900
562986044
391269342
680748079
482020824
821987704
877233493
32111757
455564672
669989313
337670841
743928632
208917888
862636349
443607341
705234926
212125324
813476943
806442151
472750916
865544553
231992391
318294545
780068949
751479439
557820851
225984412
663349178
709235404
173199656
190140998
242026776
156387739
596813636
248590766
167026947
23482358
384951437
735036433
149544260
335362996
184151516
217178054
649329457
816873186
607196614
660210294
354740411
326901762
32287383
821987704
717552752
634247715
382150830
704827836
207908345
912135238
361082916
649032276
270710518
833534427
176717014
806442151
145839249
981870925
304697117
165803742
876298679
862636349
684422211
740630647
789786373
579095416
773473129
74697896
533482110
92758893
700167415
698436690
548056668
124887470
964982728
846475174
236208866
444805188
34220901
545525098
514245021
32384110
345422821
330936553
314409236
156285460
248590766
873795417
686406158
95673858
663349178
507634900
556007948
208917888
326069184
309914368
468777210
771791696
23482358
144577080
3384
565037653
846906611
945309929
606434404
444805188
746937336
598374889
207440854
794024890
780068949
137158394
611745255
375084443
4826160
389927427
372515811
335362996
608423628
738200694
291848212
740630647
541310274
557820851
36967405
630174927
454933126
16977106
439752238
249479266
621943484
57230975
482020824
309914368
380486993
149544260
166710540
795285863
178339009
827732907
175375508
927966691
314413453
516383057
485928940
467714031
1327232
431186068
516383057
680748079
405572486
335362996
16977106
673161982
57531983
818575449
242026776
495780310
426067725
270662436
457230381
663349178
958792031
888059717
751885764
768065130
794289386
716574648
245128422
436715057
507634900
224519880
304697117
705234926
66605158
472750916
251297295
652400434
383156174
608607906
178339009
149069123
340686794
749018590
302391479
458432099
918055945
832568625
873735929
170864699
716574648
770935442
649329457
193042300
406926367
654167456
934210479
67086855
150
842176960
287168942
93718562
304650095
562986044
189874901
32287383
673161982
704551911
404536411
799311406
992407830
728091607
275507421
179597442
661815621
151667782
909911681
148516861
172901029
933891365
275127100
185930935
520963181
988302004
747363900
614633990
143647236
672340633
802864258
148516861
198025561
230230301
807973025
10
404462807
723562822
155114584
397991399
683538680
275205258
486167898
144577080
387120643
853956682
107816356
740630647
148516861
345422821
96507421
129151366
672340633
561035986
387617707
431560641
398089477
66605158
661815621
737016903
873735929
787666293
988302004
802676821
291848212
581264389
95673858
178339009
109320
769929921
794289386
173643577
769929921
416976073
568368152
649329457
227547313
933866206
3384
46701852
199260963
62035354
472750916
802916844
795285863
470014022
183768287
482866441
933866206
32384110
821987704
913408437
113370599
95673858
545525098
545525098
294780030
200016492
193275305
568910801
773485779
503615321
919965156
312897985
130159798
248590766
961662661
807973025
981870925
92363518
721617140
714797570
502797495
801319473
849859696
545525098
397991399
977485422
612069290
173326242
103961583
562986044
787638947
697388760
108563469
208917888
242026776
409898171
933891365
459756422
282226230
185930935
176717014
450784937
384951437
928419854
193992127
721617140
928419854
211960357
108563469
70490549
919965156
330936553
895478639
740630647
885392673
379135191
189874901
95556376
265853804
680748079
988219709
482020824
314413453
728091607
191643302
46598156
928419854
638036381
596813636
292730783
963962664
373635
614633990
602121847
314413453
357295747
46598156
466491205
316372179
505115444
649329457
621372446
573519394
110468114
376015196
114617150
298620610
780068949
630174927
46598156
545525098
873735929
159853745
249479266
721617140
477044250
199785190
705234926
97005194
248004927
629478536
117643267
746937336
275127100
716574648
898721940
918055945
897003749
885392673
585240519
851230099
248004927
309914368
913408437
296024201
514811540
747363900
557337497
625460849
608423628
514802540
988265960
498805845
906768864
488102524
608423628
298616000
49351254
778557779
398089477
805063537
227547313
823036764
34147857
992780831
772214221
658516737
305174163
275127100
503337797
51066627
796435164
62164997
557337497
755470176
802916844
249479266
649032276
952041196
92363518
479686226
275205258
96507421
614380239
824309164
686406158
782027270
933891365
751109629
179597442
673161982
150
829563740
572146539
176717014
526014193
1037290
451927396
379135191
991400574
802676821
448224737
408621649
275507421
981870925
545525098
185930935
777161433
27810873
560396374
299274993
873735929
114617150
983723561
441229600
804828323
884750607
156285460
297721548
556007948
185930935
735759958
884750607
227382860
211989180
843974522
751109629
172901029
312499983
698436690
440697766
418678595
25779694
802916844
127220401
482142782
324328014
207908345
704852441
983701012
93232780
849859696
898721940
149544260
338911730
34850360
424614948
251297295
514245021
353370357
737705902
452035468
379135191
298029607
851827251
634247715
714797570
964982728
77374209
354740411
397991399
185930935
779611757
151667782
96601777
260118150
573375284
451682424
807973025
127643194
278975464
165803742
314274700
114617150
548205230
209289297
460251230
746937336
372339610
415385114
751079156
316372179
764523640
344383005
341482505
680441459
451309099
497061383
298620610
404462807
78646918
470251328
919965156
646238610
754294007
404286819
548056668
764864411
32384110
298157576
96177646
466811778
288585379
113370599
185501014
489334816
778791542
993246911
540791553
27810873
573375284
827504876
195828062
507634900
934342612
674431796
297721548
305917697
803039224
173643577
842176960
398089477
229103788
662883571
467714031
700167415
680441459
404462807
20053483
4578874
912208782
100441623
137067068
92363518
369865985
831929419
215197895
67086855
661815621
146816098
992407830
493854947
93898630
32287383
829563740
215777567
454165924
928419854
878201049
557309456
912135238
621372446
514245021
787638947
459756422
193275305
912208782
945309929
249479266
698436690
373635
803039224
330230885
504701359
312499983
827874435
43024564
843410497
388061120
492119593
365777724
107816356
3761461
297702368
648816111
493854947
705234926
774552756
124400438
298620610
995547968
109320
673161982
108563469
82229777
897427594
373635
387120643
83761743
179597442
52136562
919965156
979327138
227255957
823095306
995547968
774096845
23482358
503444762
275507421
787994894
291848212
556007948
808969494
193275305
865494791
820921173
144577080
980877287
153014705
867007915
337527819
704852441
335362996
93898630
551642378
909642674
746937336
897597885
581264389
740630647
815701945
478420462
801859036
661815621
673161982
149544260
649032276
485330164
524632621
349603248
69349174
721617140
32384110
150953050
873735929
315846615
548056668
100441623
787638947
388061120
149544260
898721940
649329457
444805188
199785190
27226918
129151366
312084886
124887470
912863145
67633894
96177646
108563469
163410716
472750916
393413379
95263385
792917626
347090776
279010060
736835683
580835530
685176800
397991399
716574648
4826160
431338676
721617140
227255957
398089477
22474830
441417064
355387435
413960064
983780318
461764119
121413468
846674882
686406158
248590766
294780030
294780030
297721548
686406158
698436690
669683019
249479266
711065151
713620440
163410716
380094320
598374889
545397717
992780831
185919956
604469405
630174927
933866206
93718562
614633990
70843747
314274700
831512117
207908345
630174927
290767032
269522820
100441623
27810873
165105338
227465186
318222819
32287383
673161982
172901029
124887470
314409236
494874175
705234926
124887470
517060625
486167898
547171670
278976413
680748079
806442151
659693197
820777211
415254441
913408437
200016492
899162623
220755208
556007948
408384500
515752349
27810873
405872425
327636769
987512864
173805530
717552752
4826160
155114584
548056668
249420944
840517467
795285863
704852441
490600042
900522249
165803742
42310282
27810873
32384110
484919414
689075782
124887470
815409317
995547968
858916202
199785190
512141216
446812342
168210228
405572486
802676821
179597442
494874175
434942430
397991399
738200694
802676821
254977874
491297741
973406670
514811540
573205137
211960357
297721548
278976413
661815621
494874175
185501014
704827836
365841853
305174163
658516737
681916107
401016825
472737888
600786807
178339009
885392673
843410497
747363900
331400324
398012748
568368152
156846147
174875262
32287383
777161433
273320985
163410716
131225688
156285460
717552752
933891365
401016825
4826160
185501014
16977106
384951437
983780318
706153832
163410716
4303009
110468114
415385114
658516737
78646918
669932102
726185148
721617140
654167456
92363518
151005381
892058683
495780310
147739011
824309164
983780318
979524369
92363518
155178680
769929921
829563740
421548414
1
912135238
155114584
93718562
501888206
75745629
825814656
137067068
574202555
3761461
165105338
928419854
842176960
121413468
227255957
309561702
806442151
338911730
129720502
498805845
248004927
150876864
404462807
3384
412533633
70843747
885392673
83761743
369865985
933866206
764523640
797839431
765388832
292084580
68899906
109320
848878603
66430650
646490962
773118870
483272432
564871976
746937336
770935442
913408437
92363518
991435600
493854947
679855380
705234926
412533633
464063534
620114404
479686226
721578464
373635
794289386
372339610
705234926
280128240
58020252
162101766
335362996
347245402
881775823
367448477
802828526
231258338
291848212
314274700
154131244
726185148
602121847
262485235
700167415
248004927
740630647
832878214
489334816
84973995
673161982
994870240
1
354740411
122962031
357184565
863292446
416976073
316372179
603934390
398089477
273320985
165803742
897042080
252624691
71235211
747363900
827874435
224813899
83761743
162101766
108563469
963879093
223267768
714797570
479810800
304697117
413433988
669845630
340980453
472747627
16977106
476892742
992780831
316372179
82229777
886953522
840517467
808899331
663349178
32111757
981870925
232213016
375415318
23482358
199785190
278976413
58020252
470598575
92758893
144656713
718424744
515970881
608423628
624702733
898721940
239487316
227465186
124887470
887449437
700868620
298853260
402737690
117643267
70067547
361390151
796904265
162452126
587539632
844857994
103740278
513903820
342330165
548056668
552448299
788975441
113370599
787442870
130159798
64183754
41015058
130159798
494874175
221583000
945309929
596813636
25322078
405572486
648556615
93232780
397991399
663349178
3384
245825460
482636632
862636349
419903
148516861
988265960
742298174
637653710
716100284
42664595
679855380
227382860
151667782
514811540
294780030
162101766
656516172
273320985
690319247
444232445
3384
3384
391391737
189874901
102283
749069511
379135191
380607076
986345000
314409236
100441623
527030158
92227242
329313371
666983754
81534236
349603248
207908345
884158612
817616950
4826160
129720502
956814489
314274700
885392673
843974522
406958303
136739108
945309929
270710518
170866491
304697117
314413453
952041196
598374889
415385114
179597442
421425335
362603295
471499320
806442151
797316716
527030158
92758893
111880264
34572178
550866030
788975441
330936553
807973025
705234926
163410716
416976073
227465186
714797570
637214010
912208782
740630647
27810873
117643267
444805188
573453405
967302688
524632621
178339009
181847325
162101766
885392673
97165380
143843063
280128240
663349178
74066696
191213975
204434900
113370599
796425540
553576411
32373650
335362996
68899906
834429163
661815621
3998093
996662288
653459138
709235404
920207067
291848212
686695599
609292285
865544553
117643267
448224737
51066627
384951437
436715057
764523640
4297382
322725234
159853745
743928632
95556376
479810800
630174927
467714031
129151366
802676821
96680556
665142180
585699169
679855380
882704464
46728973
67633894
93898630
78646918
641850367
72028501
22914600
312084886
487814049
174710635
881775823
42310282
667107876
918455197
820777211
4578874
545525098
248590766
637653710
402606039
787638947
726547875
342330165
149544260
442587254
583410194
769929921
178339009
630174927
141014371
458432099
965243946
549424140
100441623
610178476
93898630
285757558
479686226
625180202
342330165
510111791
32373650
304697117
918455197
867677207
778557779
482020824
516383057
96177646
194648525
297721548
899162623
992407830
46598156
364670984
828865694
345422821
505115444
75281702
178339009
867677207
137158394
413960064
152847910
526966864
658516737
581264389
207376969
474611084
159853745
298620610
614380239
326901762
843974522
67633894
10
743928632
951382233
168210228
74212029
691063854
168210228
794289386
137158394
347090776
688338473
470598575
597332706
711265915
16977106
658516737
458432099
248004927
113370599
329313371
505115444
113370599
757971131
379135191
562986044
297721548
427831648
55283495
49974148
470251328
714797570
397991399
802676821
834736600
436715057
32287383
827874435
405572486
507236163
387120643
386265640
347090776
17017670
246724522
248590766
680441459
828325911
933866206
991400574
800023029
56106118
542316962
873735929
673894786
787638947
613094823
61163686
598374889
372529925
436715057
632998139
493854947
113370599
477546440
341482505
438427585
418594472
821987704
341482505
972969857
543764414
562986044
740630647
171370646
316372179
109320
735197728
83761743
721617140
249420944
700167415
189874901
389927427
10
509673521
935541618
96507421
630174927
649329457
763733795
515946738
826062016
269522820
114617150
798947
96507421
654167456
767665287
760513040
130159798
329313371
227382860
459893135
159853745
490450586
316372179
946278411
387120643
270710518
751109629
57099222
738200694
807973025
32384110
482020824
78646918
69349174
448224737
482020824
556007948
96507421
314116173
539831708
870062725
642725472
503444762
880570897
66605158
738200694
114617150
929788198
389927427
538993930
32373650
821987704
208917888
312499983
704852441
527030158
981870925
31190665
503337797
965080168
751885764
270710518
108757352
408645512
10
354740411
18099427
482020824
940769970
391098382
282755832
305610276
335362996
751885764
32373650
892809255
700167415
514245021
772214221
275205258
726872930
719158049
655015866
68295180
92758893
248590766
548056668
524632621
412533633
780068949
130159798
831512117
718260417
524632621
334930051
152898483
3998093
967102009
967102009
227465186
32287383
424614948
516383057
623025125
773118870
239487316
227255957
448224737
585240519
598956538
458432099
90502857
110468114
294780030
803039224
103961583
452035468
312499983
193275305
820777211
655015866
239487316
981870925
172901029
865429510
3998093
658516737
881775823
608172355
355318645
767045810
842176960
554039728
3998093
172901029
28137020
561932480
166420964
820777211
558939592
172901029
109320
4826160
979992373
746937336
416976073
141969807
963962664
347090776
458110353
165803742
251986913
305174163
66430650
780068949
491924952
962351315
364670984
233636576
747964541
834429163
788975441
989836916
455089815
939598507
95673858
482636632
118122992
749018590
865494791
514245021
999661367
43275422
156285460
350215022
27810873
281255127
598374889
66430650
11297870
233208107
965243946
156285460
227255957
740630647
375344626
204434900
490115321
273320985
42310282
240879853
704852441
200016492
389927427
222075726
92758893
479810800
842176960
690319247
778095960
654167456
335362996
476417741
306843812
3384
740630647
329313371
272589603
873918954
154221862
18424911
867677207
534781028
27810873
204434900
373635
585240519
740630647
557820851
598374889
768731168
316372179
581264389
949189504
802676821
794289386
129151366
903221914
163410716
551123723
573375284
208799578
683897627
654167456
431862039
96507421
326901762
937487443
798530689
824309164
912135238
704827836
807500551
648816111
952041196
369865985
673161982
437780542
95673858
574186086
875118651
326901762
253874432
765717257
444805188
416193971
211796086
454933126
129720502
960253638
952041196
788975441
129720502
200016492
184518262
280035431
525061890
484289373
25322078
156285460
159853745
648556615
46598156
778557779
131225688
864867359
281255127
124887470
658516737
788975441
275127100
248004927
314413453
273320985
684212379
987705130
191207905
83761743
25322078
530389906
596813636
354740411
426021757
807973025
688413440
83761743
316372179
176717014
451927396
549424140
673161982
933866206
591792555
269567629
46598156
479810800
827874435
827874435
913408437
780068949
269522820
328975942
362603295
514802540
107314828
305174163
798759628
263536490
963962664
928419854
705234926
749018590
996898678
988265960
416976073
468256439
83761743
929642033
299332650
981870925
472750916
165803742
746937336
16977106
95673858
778557779
515960725
181847325
743928632
572751206
151667782
298620610
148516861
881775823
770935442
548444787
618002171
663349178
947960307
379135191
988302004
636690264
156401506
196800582
962553242
457230381
32373650
292999891
919965156
498805845
227465186
55922082
88663263
32898154
185930935
784040715
78646918
25322078
144577080
304697117
493854947
912208782
802916844
4826160
275127100
703698856
751109629
227255957
451927396
498943403
94471111
172901029
322095153
354740411
269522820
284364323
556007948
482636632
479810800
32373650
275127100
480919091
148516861
199260963
957290398
23482358
246780359
15608155
156285460
407589276
977203308
821289345
129720502
714797570
324528586
329313371
661815621
963962664
611952572
929788198
326156917
743928632
520595430
623540636
648816111
614380239
149544260
498805845
179106007
478420462
103899885
570759125
167026947
335362996
514811540
506850900
992407830
78646918
2365587
227805688
489275438
807973025
135721161
933866206
275205258
482636632
298620610
184151516
718816434
818265792
585240519
476306119
362603295
942303909
884750607
690319247
149544260
634247715
461728552
10
32384110
365777724
649032276
728091607
770573305
991435600
172901029
91348719
388061120
115136240
384951437
951293090
928419854
683538680
273320985
486167898
527030158
698436690
829563740
586121648
709235404
211960357
93232780
291848212
706153832
93898630
940644413
716100284
472992399
498805845
920541510
385385251
96177646
309914368
316520243
275127100
298620610
117643267
82229777
16977106
949355500
200016492
728091607
121413798
225494341
672340633
995547968
278123630
249479266
329313371
839018465
809748187
2135967
209519909
32287383
70511537
489334816
995547968
705529352
397991399
227465186
930604651
704936703
524632621
818265792
134229745
93898630
777161433
578658301
86376275
898304564
806442151
524632621
397991399
658516737
912208782
239487316
227547313
275127100
399466449
290383722
67633894
354740411
551853777
770935442
369865985
596813636
426431535
482636632
389927427
117643267
364670984
829563740
345422821
42310282
525880388
524632621
63164963
430084946
10
46294134
324787719
317724956
573375284
168210228
849859696
562986044
912649129
454933126
294780030
470598575
795285863
3384
273958244
995547968
185930935
444232445
862636349
59048212
658516737
32111757
25322078
739171148
598374889
714797570
980336486
648556615
529502361
700167415
155114584
444805188
242026776
480202599
275205258
823046072
100304304
919965156
705234926
131857633
779370659
211960357
457230381
278976413
557337497
637653710
615313673
970607160
598374889
983780318
248590766
865544553
130159798
482020824
663349178
977485422
314413453
470251328
797184548
444232445
992407830
862636349
660365439
167026947
881147460
817925727
67633894
444805188
242896645
625940390
149544260
113782809
93898630
630174927
148516861
556007948
680748079
27810873
109320
412850704
67086855
555573743
770935442
162101766
121413468
885392673
463503823
416753665
46598156
787638947
736341563
711265915
992407830
903221914
548056668
669018338
965243946
610272685
3761461
398089477
630507397
728091607
472750916
769424295
328705479
539831708
70490549
978291054
159853745
248590766
459756422
789849405
151667782
109320
585240519
387120643
107404400
330936553
743928632
508251291
376344929
462141789
986345000
995547968
581264389
349603248
239487316
67086855
598374889
498943403
386545186
388558336
121413468
329313371
20411837
405572486
46598156
117643267
466688937
113370599
623961743
270710518
277442912
387120643
507634900
700167415
404462807
249420944
46598156
709091547
397991399
162101766
304697117
4578874
885392673
967779650
679855380
227547313
157906189
995547968
499133642
738200694
845662391
702671587
393658570
271426107
578551679
150
163179131
415385114
114617150
124887470
156285460
717552752
794289386
110468114
820777211
546059012
137158394
405572486
796228001
766263362
614973393
444805188
168210228
770935442
769929921
444232445
335362996
608423628
965243946
329313371
581264389
108563469
527047083
940644413
144577080
228425939
778557779
964982728
802916844
186534686
587220085
248004927
743928632
788975441
892496765
459756422
451927396
807973025
807973025
226091764
992780831
275507421
99430504
804655384
379135191
531923712
321246505
952907902
903221914
372339610
503337797
811979125
717552752
649032276
124884452
239487316
802916844
981870925
903068441
728091607
479810800
249420944
988302004
829563740
568368152
248590766
609423706
193275305
834429163
557820851
109320
448042344
227465186
716100284
840517467
802916844
152492651
113370599
174840493
992780831
711265915
642157278
880649158
596813636
207908345
700167415
309914368
995547968
542387349
820777211
113370599
27810873
458432099
928419854
683538680
829563740
998218583
248590766
139101730
224026556
706153832
193992127
463535049
673161982
63963202
364670984
439752238
259574800
52306881
162101766
314702237
704827836
239487316
507634900
683538680
545525098
389927427
96507421
721617140
585240519
131225688
354268376
780068949
349603248
630174927
117643267
464063534
298620610
780068949
688889645
824309164
992407830
720827873
444805188
402737690
462480493
747363900
397991399
468006347
249479266
764523640
842176960
413960064
159853745
185501014
979992373
404279982
121413468
704936703
933866206
918455197
991435600
444805188
415385114
318641181
165105338
159853745
155391473
979992373
15649784
176073555
275127100
802916844
186587623
721617140
912135238
164863644
193275305
165105338
172901029
113370599
778557779
918055945
416840914
309914368
70396677
121413468
995547968
83761743
436715057
448224737
248590766
991400574
810240723
314274700
783005163
22022887
751109629
992407830
685768984
290767032
673161982
207908345
389927427
178036093
305174163
747363900
154221862
27928706
451927396
472750916
32287383
842176960
32287383
10
449571618
345422821
195828062
550200610
704852441
557820851
562986044
294780030
405415563
695081439
227547313
779370659
470598575
35570046
129151366
248004927
794289386
634247715
147813013
291848212
129756896
71171897
983780318
163410716
614380239
982580041
759614549
777161433
184151516
342330165
482020824
249479266
498943403
83761743
886768760
740630647
986324639
384951437
64379991
305174163
865544553
172901029
637653710
865494791
309967886
163410716
687220632
70843747
416976073
716100284
607196614
867677207
953737243
634247715
614836624
523362826
470251328
954526598
150
877367778
568368152
416549898
557005850
802916844
238687078
335362996
275127100
155114584
573375284
167026947
831512117
769929921
560204700
883087359
372339610
439485568
116255454
298929064
312499983
372339610
412533633
821987704
992780831
169339913
114073099
635583833
480344733
937878611
199260963
463440303
629487333
807973025
393658570
475634304
275127100
778557779
177289061
96177646
11062576
239487316
879371939
487369603
47509648
620618824
248590766
198025561
69349174
562986044
639451139
170864699
99601024
223512687
669989313
658516737
979992373
993246911
568368152
967102009
849859696
700167415
507634900
608423628
865494791
514245021
944805550
527030158
46598156
365777724
787638947
137158394
661815621
66605158
472750916
405572486
280128240
114617150
127085830
365777724
625138335
270710518
421424662
199260963
412533633
885392673
690319247
457230381
32384110
713620440
510598028
203385159
489334816
961728176
751109629
32373650
28909734
199785190
649329457
367743642
351676582
58020252
341482505
700167415
802916844
286562094
4578874
687083288
281255127
32373650
93964070
193275305
505115444
299769218
324367954
444805188
780068949
377574160
1
342330165
309914368
283249355
349603248
273320985
151427169
231043752
903978488
630174927
388061120
660733917
32373650
189874901
507634900
881775823
326901762
398089477
521112352
458198820
345567422
637653710
344383005
988302004
249479266
903031993
39218592
910977016
875857398
34850360
393658570
467714031
924861586
801872657
714797570
401016825
912863145
236940629
873644536
32303647
338911730
311390972
60022321
298620610
340980453
493854947
764523640
347090776
865494791
70843747
952940805
103961583
745810009
489334816
529908966
298620610
580817732
36517823
482866441
494874175
387747150
481649342
868296475
495780310
827874435
77112190
778557779
457230381
154221862
207387044
992407830
470307908
779342623
803039224
372339610
401016825
156415410
607196614
93898630
807973025
596813636
787638947
154221862
964982728
855808307
928677236
415385114
548056668
3384
1010645
163211553
11685697
793670939
472750916
247723164
349120238
863248339
648816111
865494791
714797570
70490549
78646918
493764502
137067068
477546440
933866206
384951437
681661494
314274700
903221914
991400574
539831708
173596908
988302004
290412467
759497456
901589554
914201865
457230381
70490549
162101766
315767546
945309929
503337797
977979453
397129535
505115444
275127100
67633894
401440505
634247715
309914368
207908345
863371436
314274700
843974522
272256690
788975441
28931572
314409236
444805188
129151366
713620440
393658570
341482505
516175021
867519543
324681772
711265915
66605158
