25322078
614633990
239487316
933891365
156285460
539831708
614380239
925368975
529139638
716100284
144577080
305174163
298620610
707071427
562986044
307541381
772729169
776749150
447682991
507999421
416976073
129151366
23482358
372339610
489460256
503661773
398089477
704852441
505222949
446635728
979992373
34220901
25322078
487814049
37255818
251396533
400740286
66605158
363332880
54198167
459756422
913408437
130159798
516383057
485717773
402737690
393658570
661112049
501617386
249479266
199785190
404462807
451927396
555608534
723172869
649032276
903221914
698436690
117643267
436715057
66605158
387120643
982790118
856770622
103961583
725709098
642130202
661815621
918055945
488102524
572816074
409436973
806442151
548165447
199785190
886876887
896654045
329313371
384132482
823046072
898721940
769901799
628255394
437256099
688111251
341482505
778086446
477546440
898721940
867677207
20057263
384951437
637653710
198025561
653767118
943700338
933866206
328124481
457230381
686406158
489334816
807973025
556007948
361830575
158984895
162101766
432765950
779336308
473625769
53597624
174748045
107816356
873735929
514245021
96177646
338911730
649329457
848179387
646543874
46598156
778957826
995004747
995547968
448224737
167402704
816415418
767573501
933891365
648306468
1037290
385670705
554442540
996499161
862636349
53365861
295488304
95414207
324804463
162101766
149441150
557337497
176717014
2243781
227547313
746937336
170864699
114859708
443607341
347090776
629575818
444232445
654167456
795285863
671613086
834219994
162101766
294780030
42310282
207908345
270415690
544328611
67633894
362603295
497272395
999661367
275205258
368324911
575333026
362603295
16977106
503444762
110770311
343662679
67633894
462711485
146874099
179164604
387194865
298620610
721617140
794997728
691148954
294463875
4826160
189874901
880405393
806442151
793455576
945309929
68899906
855709686
329313371
751885764
340826035
649032276
16977106
716574648
824211080
587514071
721617140
704852441
912135238
853605622
211960357
545525098
43691082
477546440
330936553
912135238
551745738
643916680
769929921
965949958
60678391
773118870
273237294
310624183
541585435
823046072
40609714
795285863
3998093
67633894
683538680
709133767
570299840
17628670
850277661
356712102
361202664
884850753
952041196
291848212
670044722
170864699
354740411
462480493
579113873
640308391
223852521
159853745
698865649
952041196
891304336
178339009
477546440
700628687
324367954
545004277
487343088
647981474
827940130
154221862
364305389
843271371
903776649
448224737
117696816
67633894
843974522
27810873
314163211
695712285
910392574
415385114
256244429
275205258
486167898
75045195
548056668
667704387
204010954
58937662
465191556
342330165
390025472
34651390
562986044
967102009
369865985
362262172
96507421
787638947
32219064
569717555
705234926
3384
658516737
472750916
214886463
73020682
830790965
483818981
117643267
588824070
402737690
345422821
899162623
772214221
648486069
630174927
643068015
840029453
991435600
603180727
34220901
340980453
103961583
184151516
312084886
239487316
301172767
261905788
144577080
839292536
3998093
308068947
298620610
449566623
865494791
598374889
444232445
249420944
326901762
806442151
287981644
807973025
402556854
375415318
227465186
940644413
604618628
749018590
73758331
789521646
829563740
487298445
818265792
505115444
372340769
962356487
211465373
899162623
330936553
372339610
329313371
127643157
842419052
933891365
225799444
981870925
656170953
902635062
940644413
349564845
802676821
673422746
539185092
839074190
806901450
773938300
16977106
807973025
457230381
912208782
174875262
357704363
753622597
393658570
954994144
485097877
46598156
215053385
971943697
151667782
768722025
373635
298620610
945309929
8089118
240879853
288139332
654167456
350956345
888218479
185501014
637653710
806442151
369865985
789681112
900466152
512271971
39708598
655069043
807973025
294780030
467714031
992407830
912766064
296027050
316372179
873735929
186587623
809437718
498943403
46598156
144577080
329313371
944538559
77329829
770647953
70843747
702021939
605369141
886288399
231082107
159853745
658516737
10
893510353
4826160
227382860
162101766
824309164
324367954
964982728
443607341
113370599
777161433
364869953
992780831
185501014
887986930
945309929
683538680
300454755
634247715
938845085
464033284
843974522
883919057
472392216
655015866
521538806
562986044
886516605
198025561
97727902
305174163
776817585
936802682
638550117
23482358
95673858
912135238
303361801
929788198
181581741
847152348
67173522
978539409
415732282
459756422
773326871
819303233
227547313
656004174
85237218
992798281
543316922
202104493
172901029
824309164
524632621
117596031
821527502
25322078
379135191
706564208
919965156
998063693
198025561
551682824
342330165
914120255
109320
232270010
78377458
219394463
717552752
445827074
716574648
324367954
788975441
181847325
83761743
505115444
769723627
706153832
788975441
894149373
673161982
750175394
988265960
614129611
919965156
865544553
248590766
818265792
612765403
448224737
894941274
918455197
746937336
482020824
16061669
99343843
172436120
144577080
205453756
940644413
696807209
672885594
397991399
242560418
26317745
653928909
837717888
669989313
341640854
349603248
137158394
482636632
998902689
700167415
415385114
568368152
545525098
451927396
700167415
46701852
32335998
826008417
426255762
345422821
287668981
458432099
96507421
615899832
309914368
917625893
148516861
402464734
349120238
294780030
849859696
383894480
84238956
450449275
726303828
545525098
994931606
475276346
219956084
95526830
522219368
873164341
290767032
114617150
223691921
542346861
324367954
615117078
140369521
577819828
179597442
583520739
840517467
940644413
444805188
191805078
393527352
807666203
992407830
582268557
875071331
842176960
751109629
137067068
836096575
714797570
846268018
821987704
268962771
151667782
771179140
974330824
304697117
470251328
362399368
232739670
543298397
843974522
278054970
846844640
9740194
743928632
751885764
464154053
151667782
487814049
717552752
747363900
398089477
195107017
486167898
593799506
594266045
239487316
556975795
632527840
951115631
21034825
129720502
196259032
503444762
613100277
539867712
20788493
240879853
679855380
457971826
975786066
964389598
872901278
170864699
137067068
316334360
180959595
349603248
738200694
756484561
557820851
3384
290767032
802916844
275127100
93232780
34850360
448224737
140797605
810678950
446881577
602204298
654238829
934629478
42949389
123036520
721617140
174875262
579231274
545525098
573186419
311024622
440398994
46598156
630174927
556007948
476107408
316372179
486167898
469436027
126912112
150
115822292
31747583
272791599
95673858
763696186
695711748
386265640
167026947
144577080
963962664
86275539
278976413
482020824
124887470
749294819
542655847
159853745
239487316
278502712
402737690
295472403
646420186
312499983
127026703
141944728
954019681
799661851
481095497
853116639
903221914
89635063
492848416
555388777
937620054
952041196
742736304
32111757
545525098
91651016
545525098
82278263
764110498
23482358
152586659
524632621
614380239
32287383
717552752
129151366
92758893
68899906
231691510
150
622111017
92758893
928419854
92363518
252904969
973435694
412533633
192092774
487814049
992407830
114617150
439752238
617297482
993246911
507236163
962789753
291670107
928766795
747363900
93898630
482020824
829037690
957133261
306834092
275264874
96507421
573375284
148516861
93232780
476278695
967102009
176672913
415385114
854887779
520000263
788759650
293531756
200016492
147900348
768568539
655015866
239487316
279808331
232037517
602121847
614633990
130159798
417163144
516383057
287488681
195312133
204434900
479810800
780068949
597193027
168075717
284814192
714797570
330936553
248004927
655015866
3384
528127479
178339009
334959082
749018590
449471947
983780318
51257714
176717014
27810873
586448749
230362720
131225688
161880968
386826852
736140630
639561032
873735929
70843747
988265960
669989313
7075349
93002090
723250042
907595530
323488508
596813636
281255127
596813636
139044334
995547968
912135238
852529050
370585700
999661367
376885104
831651043
679855380
625571413
127336846
3384
190623494
379201334
93232780
32384110
773118870
986345000
741969495
568368152
557820851
374484220
944051896
915468599
477546440
354740411
486659377
609785944
189874901
966119740
128507778
936431363
318294545
807973025
227255957
324367954
988265960
9225507
498468569
700167415
374215106
982431488
370943073
379874214
807973025
386265640
858995321
640873520
487134007
27810873
275127100
349603248
384130293
807973025
843410497
216644789
347090776
185501014
514001154
507634900
749018590
112249708
737680752
489334816
145426851
415385114
114617150
698436690
361838980
305174163
503444762
595717500
756870889
704936703
208917888
489659354
340980453
621372446
156285460
663349178
68340318
314274700
829563740
556007948
249479266
107816356
865494791
32287383
335362996
482636632
770935442
243324864
172901029
903221914
415385114
67779973
684523184
570330437
897434856
108563469
870840651
389927427
423347901
717552752
416976073
351254266
280128240
952041196
193992127
91897709
280128240
520388209
140135267
911253768
316372179
10
312084886
602857032
672035179
219786222
183517855
3384
884750607
482866441
711265915
504126837
779370659
69349174
778981974
387120643
100441623
848985118
151667782
790091310
967102009
741414230
806442151
400646171
665800842
494874175
92363518
438611125
237403302
503444762
23482358
37525906
412533633
178552948
380550706
309914368
470598575
568368152
345422821
755037283
457230381
692576818
129720502
479810800
4826160
466660325
397991399
717552752
312084886
474081272
728091607
873735929
788975441
324367954
932777722
481486566
862636349
100441623
933891365
81916361
862636349
108563469
932763653
787638947
117643267
1
862636349
897541846
614191206
36817192
992086859
305174163
498943403
540791553
737933585
977485422
482866441
919965156
846646007
384951437
240509624
521666290
179597442
952041196
32373650
680441459
992780831
749754142
541454603
721617140
453677955
482020824
716100284
104107172
227547313
550890005
324367954
482020824
227255957
324367954
108563469
574843303
726185148
349603248
894095090
309914368
924560192
478420462
865544553
487814049
248004927
96177646
150
163410716
277961229
467714031
393658570
932593367
318294545
751109629
494874175
665347031
640970567
292643896
369357002
992780831
193939370
831512117
837026001
831512117
114617150
952829451
79650068
314086101
751707457
401016825
384951437
658391336
198025561
291848212
96177646
639245537
137158394
773485779
988265960
159853745
682823626
905888802
250228752
137158394
650209689
113370599
698436690
471407380
266941676
155114584
746937336
988265960
548031523
751109629
791453239
642125487
495780310
103961583
33353113
750127945
120857730
751885764
258245495
507074053
161098733
628254201
302548793
673161982
658516737
410176578
880714314
527315086
309914368
403994939
275127100
986345000
493854947
472933320
988265960
176812670
592032843
150
108563469
831512117
457230381
340980453
4826160
151667782
444232445
275507421
95247389
651215768
10
389675946
239427328
827874435
316173938
651098000
373649244
145746181
426242310
551463654
874140076
275127100
25322078
4826160
297721548
168599164
514130066
148516861
743928632
750908041
170931805
27810873
607196614
799487344
103961583
372339610
561077539
136066959
113370599
326901762
999661367
813518486
770935442
852348683
658516737
573811470
978361062
335362996
995547968
312594112
803039224
95673858
573375284
992780831
980877287
185501014
843410497
354740411
386265640
129151366
766651752
202534100
930059196
947585925
68791259
992780831
745810009
248590766
263233638
540791553
444805188
992780831
824309164
470160139
650717826
700167415
759177331
742408498
297941708
555329015
716100284
517181956
659608243
295617000
150
966003557
289492556
582546956
478109907
221677911
711265915
672156031
273320985
479686226
83060458
66794967
6683507
789233030
634247715
1
740481843
174875262
172063444
32253659
23482358
856908924
100441623
679855380
412719263
181847325
184458894
324367954
264889821
25959379
607196614
952041196
634247715
654167456
1037290
477546440
689318777
414750175
830490102
46115516
195828062
402737690
937636076
824309164
245928433
686406158
689075782
881775823
980877287
175836298
397991399
270103169
741198179
824309164
415828890
457230381
903221914
248004927
891677411
677553181
716574648
151667782
48837239
198588244
743742648
280128240
925650317
898721940
280304167
933891365
694172095
163410716
863407552
345422821
705234926
659087114
613076536
285571458
806442151
427850350
562986044
606694503
309914368
304697117
25322078
868296475
919726509
729614806
881775823
759555458
439338659
802916844
802916844
107816356
294780030
940644413
181286133
41805422
147652403
614633990
868365657
3384
726185148
32373650
337814987
637966605
912330511
148086430
148516861
728091607
394232637
282036340
494874175
322910490
669989313
164721191
242026776
181432450
694384182
711265915
489334816
873735929
373635
356982345
583909353
819036860
46598156
952041196
992780831
577590917
201495646
714797570
389615662
873209821
159348411
190237665
516383057
705922876
849859696
598374889
981317493
294780030
316834571
919965156
480465674
968898073
470587628
769146848
482020824
67633894
900805229
963962664
632061682
254371186
347269243
679855380
407940889
996530995
144132563
248004927
643474034
345422821
738200694
828747776
336959808
555457246
281515871
516383057
349120238
478420462
305174163
409874173
415385114
788975441
995547968
933891365
55400871
114617150
179597442
873735929
121818729
503337797
769637513
193275305
726185148
698436690
185011158
380623956
467714031
258658680
67086855
397991399
654724251
283246290
551963252
224519880
716100284
607196614
674537386
3998093
279144685
265372467
93898630
398089477
314116173
601888629
473665081
634247715
248004927
462978406
422293906
124887470
524632621
658516737
749018590
790009949
279355883
549400455
649329457
657866574
507236163
482571317
848402264
371122302
136616091
905815950
338911730
413960064
840318487
296786114
807500551
422472360
653474060
880084605
335962011
596813636
829563740
85363892
333605856
56941703
494874175
817561797
182754857
289053157
329571120
273320985
802916844
557820851
374289481
661815621
148516861
556007948
417996581
176717014
977485422
706731839
988302004
349603248
539831708
690319247
722366668
807973025
804173926
734220847
208138438
322928504
286690172
854887779
995378666
3384
756547384
236208262
273320985
739269040
149544260
290127386
924525740
633515804
780068949
979984559
248004927
486167898
46598156
745810009
195873991
704936703
873735929
3384
690319247
389927427
151177987
247627430
457230381
250671090
148516861
665660080
980877287
937682740
200812577
34850360
204447915
840517467
100441623
729545430
994050947
195828062
938357593
801769845
860605926
494217775
227382860
658516737
507349252
751109629
779669631
721866641
92363518
200016492
316002772
67633894
755529764
906217948
354427317
24208138
352795304
663349178
779342623
199785190
93232780
50810681
608423628
303947041
348813871
824714746
635239922
842176960
470251328
695355946
340231162
507634900
178339009
686406158
933891365
242167151
673161982
439215269
466960686
416491574
986345000
490687580
467714031
698431749
156285460
862636349
42310282
596813636
335362996
100886945
56087693
456512920
95673858
129151366
705234926
369126174
991400574
539831708
655751329
198025561
42310282
824616418
798845732
339602131
783237649
952041196
314274700
32384110
356948707
272314398
55763266
149544260
654167456
952041196
640389929
591346568
797765948
96812388
4578874
329313371
313156470
712718100
739284974
129720502
514245021
540791553
379135191
541423475
404838995
166656754
457230381
666262924
342330165
55781121
463535049
734655150
8338559
498805845
193275305
16977106
92758893
928419854
865494791
107816356
347090776
384951437
360761749
918055945
276316696
454933126
690319247
675982219
912208782
768050703
717552752
362399368
973082093
251297295
858589291
820453213
953625579
354740411
209275112
669989313
108563469
728091607
494874175
544297318
928419854
804421894
602121847
899061119
507236163
304697117
291416237
928453499
223565212
492116643
557820851
270710518
326901762
8472479
787638947
6171664
482866441
280128240
680748079
44609214
249113880
485564444
895262147
275205258
106191296
524632621
776652619
705898016
686406158
523298738
40154344
70843747
362603295
867677207
45470077
980877287
443607341
787638947
558433911
625206472
555573743
527030158
816097302
508964971
980877287
322508482
416976073
514245021
154221862
27810873
545525098
314413453
986345000
294780030
573375284
180092758
992780831
973099853
302202014
4578874
470598575
275045484
540306957
918055945
953625556
788975441
861057148
178339009
954373865
407395117
805168382
402737690
110468114
349292763
275507421
639566011
193028531
602121847
323013737
88513449
70843747
388061120
620935423
348472376
366961911
178339009
633709599
83761743
567823008
821987704
779370659
424614948
367389180
912894276
751885764
948069812
540791553
991400574
927318644
227465186
798487725
884158612
919307192
251343087
223123125
251297295
495360616
617463917
548444787
345422821
980523321
843410497
873735929
393658570
32111757
751109629
705234926
691767055
717552752
397991399
1
716100284
347090776
199785190
634247715
524632621
248590766
176717014
505115444
312499983
817977952
95673858
686406158
994221485
490915183
794289386
551298436
753426716
162101766
596165610
18340870
442907225
912135238
988265960
166843968
514245021
912208782
649327848
559238934
193992127
24922896
340980453
174875262
713006049
742123480
286632134
503444762
149544260
714797570
204303540
157458342
243466890
873836233
795285863
581464848
240879853
335362996
493758935
193992127
204622772
93080368
369065927
818265792
808105862
854887779
626824475
312239396
842176960
737696659
199260963
867677207
865494791
355533241
32384110
441499722
275205258
290083176
357121249
472725438
179597442
23482358
73138330
113370599
179597442
199785190
161362759
170864699
795285863
933384147
966806870
250687139
751109629
506178460
919642366
104466695
697746377
477546440
1314492
475634304
807973025
967102009
175540254
419385972
598374889
493853476
568368152
538488418
829087341
944830358
198025561
818095284
80998139
174564948
342330165
653681238
706153832
131225688
919965156
405141663
269522820
672340633
166100558
680441459
268899788
227465186
308741695
96177646
842176960
802916844
129151366
666570074
141298389
326901762
802916844
144577080
545525098
249420944
92758893
981870925
375262398
312084886
444805188
24004051
206982632
201264844
365777724
34850360
105645802
926921150
802676821
912135238
979992373
792556538
298620610
765144329
184151516
782943359
405572486
714797570
463535049
919965156
654167456
953697117
93898630
54293310
54762944
215316171
818265792
3534949
832380839
818265792
824407198
650562618
290767032
369865985
478850972
58020252
915459649
482866441
827874435
873735929
983780318
6634470
199260963
342330165
213574028
775001607
467714031
787638947
837064872
28329828
3288524
17547500
181027509
769929921
541985592
304697117
842176960
369865985
489334816
945309929
316372179
46598156
242026776
595667823
986379164
470738386
527030158
418911448
700167415
565242300
614633990
314274700
96341089
397991399
716100284
867677207
117643267
267898692
295110400
412533633
498805845
557820851
543418601
156285460
952927419
70843747
151667782
732103887
568368152
180303044
514245021
438806171
124887470
208917888
743928632
424614948
556007948
892798024
716574648
993058382
801505750
690319247
568368152
310481053
111754811
10
524632621
275205258
477546440
458432099
308541508
444232445
388971824
698978046
273320985
326901762
129720502
93232780
46598156
225799444
131225688
177624671
129720502
185820191
1
227255957
260243047
714337826
64651205
840517467
820777211
673161982
137158394
983780318
32384110
994877917
454704497
23482358
269653561
124887470
633075820
703467854
70843747
335362996
679855380
96647667
602121847
854939792
251297295
986345000
369865985
740630647
988302004
626701595
309914368
168210228
250002492
119336855
398089477
742977285
32287383
958607960
157397987
326901762
298930901
440126791
584260368
912208782
3998093
562497076
752525514
239487316
335362996
867677207
584506564
849859696
724608925
873735929
966094635
988302004
932197741
33011855
621372446
248004927
156285460
865713066
350768337
404793591
106536611
316306841
249479266
921441632
967102009
10
770082138
93898630
279782592
630174927
591535128
439752238
107190998
113658281
773593517
69349174
422276211
424413047
724954104
873735929
693152167
769798605
802916844
344808207
384951437
524632621
208917888
637653710
316372179
354740411
560643529
413826631
988302004
31416785
249420944
911761569
254242581
32384110
494874175
794289386
611354054
653628550
578578051
314409236
979992373
980877287
326901762
676059386
803039224
312084886
907140942
189874901
482020824
140069459
364670984
520052506
686406158
980877287
387120643
324367954
625439831
608423628
211960357
329313371
443607341
418450927
682603113
317029161
478420462
52164706
316372179
215678313
503246385
625020934
876972861
482020824
332102319
298620610
154221862
165105338
424614948
884158612
368439158
189874901
988265960
685666054
551578803
630174927
648816111
786258386
675353925
129151366
769929921
4826160
993246911
927695452
864131339
3761461
557820851
901906621
278976413
986345000
421302116
82786719
780068949
507875691
249420944
3384
898721940
404462807
159853745
416976073
608965333
940644413
614633990
682150008
388055387
704827836
130820515
150
372339610
820830749
898784389
648816111
916947816
355618959
397991399
988265960
309914368
777052495
833554537
482636632
170864699
571435321
481629991
507634900
384951437
504613943
764523640
306347439
406789619
128613409
365777724
941097313
478420462
481180531
448224737
124276513
27810873
767505360
383197308
345422821
59490573
799820413
412533633
862636349
704714095
256215295
818265792
292098962
717403537
163410716
673161982
605255129
909683153
148516861
726310701
614380239
149544260
963372304
730783818
10822691
642215504
280128240
67086855
402601238
161838635
988302004
232930878
452000675
92758893
539831708
250052334
92758893
130159798
964982728
152831526
673161982
119040682
928419854
939474647
604821621
780068949
42697365
878702762
326901762
980877287
474441797
176743786
840517467
670471592
843974522
530210422
154221862
988265960
715195828
34813280
922162905
655756815
297721548
168210228
96177646
714797570
198025561
658516737
548056668
507634900
137067068
745810009
128881586
542631944
495780310
276808852
95673858
444805188
297721548
820369183
749018590
12572513
663349178
992780831
514245021
940644413
952395449
988265960
608423628
195828062
796799112
607196614
12165588
148465755
785629062
107432590
212295513
334013736
872898779
416976073
916503627
369865985
424614948
85119887
965767820
734642064
662980408
4578874
419075118
438179281
850311791
145834593
562986044
27810873
495780310
154894850
903221914
598374889
304697117
442847667
602121847
212648416
539831708
888305222
825879249
589819713
877671558
789408335
478420462
339223173
275127100
634247715
487814049
843410497
498943403
933891365
781419158
545525098
722843668
436715057
200016492
840517467
482866441
340980453
704288589
980877287
306228053
525984683
477340864
261699441
97579438
964776281
348348665
626739138
728091607
980877287
376089870
227255957
827118740
451603044
251297295
312499983
884158612
354740411
505115444
251297295
973412760
705938692
746937336
208917888
743952154
489334816
716100284
124887470
806442151
613112271
195828062
275205258
964191609
487957516
83761743
227465186
356149488
265982222
596813636
154221862
514245021
489334816
753186286
240696254
144577080
154221862
590038717
510372361
854775840
545525098
374157680
555573743
684361774
843974522
944143729
626701595
965243946
704827836
608423628
489334816
276079730
401062440
578838760
918055945
472750916
749224161
819091355
831512117
436715057
602121847
184151516
968470680
248590766
355238525
933866206
992780831
162327744
711265915
503337797
527030158
297721548
992744905
700256162
987218758
379135191
669957488
921054638
494874175
451927396
44095916
388061120
878807743
204644074
933891365
242026776
964982728
977485422
186587623
721617140
397991399
438701907
683538680
991400574
608423628
75441301
612131441
134367181
616773434
773118870
983780318
507031782
552456869
963962664
78646918
178339009
985542827
38864299
740630647
148516861
97062286
345422821
827874435
412533633
552522297
986345000
676536916
885392673
717552752
107816356
821347929
54451557
244746113
443607341
869673869
319878195
478420462
574562359
101542225
202034721
29648732
27810873
965243946
933891365
557337497
1
479810800
488102524
66166695
865308994
477546440
507634900
888521279
393658570
845449831
32373650
525682108
680441459
346601419
147044961
551737623
32384110
227547313
681679612
647563471
717552752
658599525
408566145
195828062
820777211
297721548
967307535
884158612
46889777
23482358
539831708
92363518
473368050
384951437
933891365
789689163
362604775
114350316
35632148
494874175
482866441
616781597
536994742
448224737
827031530
559829468
345422821
505990261
952041196
156285460
444805188
717552752
705004044
530371028
398089477
134067706
948230525
185501014
275127100
404462807
347090776
655015866
972204542
470598575
636215924
495780310
898721940
249479266
868898502
806442151
523807248
472750916
981870925
111315059
675006740
694965120
275127100
775379064
898721940
137158394
124435819
636207927
478420462
507236163
378344007
32384110
668573092
210763957
828300432
845406370
829563740
780068949
293954029
227255957
497386501
958833316
21581215
456490200
669989313
862636349
680362633
168210228
524632621
312499983
301229902
364909951
378833461
338911730
965243946
168210228
1037290
65116984
108563469
340980453
18397777
598374889
690960377
418104522
917525399
525196101
104341774
398089477
227617610
802916844
457230381
114617150
500757068
436745557
329313371
47510888
448224737
712768202
269375584
456883322
912135238
402622213
913408437
672340633
491406826
291848212
299239355
940345324
83761743
964982728
174875262
185930935
354502715
945309929
174875262
562986044
129720502
296460983
109320
981202643
866050591
107816356
927744130
34850360
867677207
254326077
95673858
707742043
932942071
459862666
287206075
178339009
250905391
178339009
275127100
251297295
746937336
349414937
750281061
439752238
200016492
185624960
759586873
999990496
227547313
713519638
769929921
760035935
716100284
347090776
864603798
952041196
829563740
362399368
388061120
944891228
516383057
253306693
154221862
248004927
137158394
700167415
202322701
168210228
477546440
866373364
881775823
823046072
740630647
403292885
698436690
720292831
637653710
810254573
943002922
587551717
144370818
53977703
485526190
284069982
774269624
951018647
541784865
341482505
444805188
613221193
275507421
199260963
32111757
285155145
335856496
649329457
482636632
545525098
249479266
446087816
93898630
402975447
670632589
940644413
114617150
535590635
253282325
341482505
995547968
372339610
992780831
940644413
833135186
38727099
903221914
248004927
165803742
503444762
614633990
555573743
87991735
673161982
579567731
392793121
743658479
792993138
280128240
249420944
777161433
114617150
213992654
764523640
5961134
495780310
459756422
4826160
124887470
646287596
498943403
148516861
649728803
843582570
244411450
772214221
251297295
470251328
807973025
104402924
70490549
639067140
123195470
967946430
502037157
649329457
575014200
321887838
487814049
802676821
885392673
542043763
495780310
928419854
156285460
439752238
6158520
607617231
774511942
743928632
685620118
985055496
6495853
790129020
314874062
521417358
889061247
405572486
724350827
867677207
548056668
68796372
394853654
721617140
567474309
66923545
780068949
213351734
32287383
507634900
93232780
741265704
539831708
449415951
112807091
555547683
67086855
705234926
32384110
273962558
689075782
978578926
457230381
1
478082281
562986044
266863944
920307760
884750607
167026947
536147863
551042758
598374889
185501014
156285460
563999565
543268056
46833092
803039224
888825087
45411104
825301469
912135238
664963103
379279487
248590766
304677051
182920541
416976073
657916616
206044936
326479253
750935387
249479266
121442978
109141341
457623106
575869440
716100284
137158394
768731168
131225688
372422419
413882628
686406158
144577080
540110121
66923545
905052491
596813636
360782081
499494528
898721940
130159798
500247771
80694087
740630647
255746503
92363518
983780318
608423628
550391381
1
226775963
919965156
802916844
32384110
188195992
121413468
899696306
161214110
1037290
312499983
341482505
341482505
283103705
975904163
172642739
323454786
405572486
780068949
227255957
129720502
354740411
746937336
788975441
816069878
115264145
124887470
95673858
608423628
862636349
457610403
314274700
270710518
665109003
684789488
361063121
716574648
669989313
248590766
222673314
470598575
560948503
992407830
66430650
67633894
32287383
769929921
275205258
409077551
221219355
524632621
342330165
32373650
492414510
81794698
467714031
1037290
116073523
427242299
397129535
48315473
900456267
38305970
56071574
146860081
93898630
707452904
666457184
17123636
326723931
96507421
340980453
490850588
673161982
242026776
988302004
991164911
178344412
512088318
787131067
332387191
275507421
514811540
467714031
334135159
304697117
986345000
163410716
637653710
32963021
134748231
7582122
132379492
672264406
477441262
606964445
902153023
919416966
787638947
738200694
128208963
163410716
109320
444805188
730682648
163410716
365777724
25673381
746937336
243476983
32111757
92758893
790633977
918963862
216754128
619004604
329313371
796189781
230855317
866106186
373651829
539051405
73088615
451359474
484519532
826811021
661815621
690319247
836070741
938153073
347177205
273268023
898721940
390823793
200016492
109320
878559383
80644736
270753525
514689333
124887470
757532547
489957942
708265130
349120238
391351603
912208782
540791553
594117889
189874901
698436690
450380960
865494791
193275305
174823235
35337738
451460816
98430966
113451018
444232445
444805188
991400574
270813898
129151366
903221914
928419854
616434806
168210228
478420462
472750916
302813061
149544260
137158394
314413453
778557779
505898885
542150410
129151366
259007424
952941656
778557779
199785190
581264389
704936703
596796605
572163535
717552752
598374889
298750790
527168476
658516737
737917012
683538680
381936931
626701595
310295059
264268150
441199834
806543804
853751455
335362996
131635614
431097407
180160887
695362886
178339009
341075016
568368152
856594385
928419854
744934530
69349174
733917009
172416449
644016403
673161982
149234232
964982728
416976073
581264389
444805188
843410497
873348083
607196614
696830744
608423628
400105226
751109629
933245751
548444787
391250442
815317842
304697117
515365179
364670984
514245021
404462807
715392703
1134658
29527813
493854947
294780030
749084650
179597442
384062370
831512117
787638947
745283835
778557779
318504668
498943403
571315706
479810800
740630647
544703776
963962664
270710518
54984810
514245021
740630647
374994640
805204448
207908345
769929921
712052437
607196614
72556344
233773973
137067068
753437162
557820851
472750916
849859696
728737259
686406158
168145965
207908345
316872192
540182671
788652660
340980453
150249801
985454977
775341825
324367954
74361119
48126907
714452907
467714031
354740411
963962664
107816356
344559561
305464280
172901029
466015625
275127100
683538680
247814498
324367954
590251267
977485422
23987395
778557779
187851855
829563740
388061120
545525098
741256767
282800562
4578874
48612342
481398980
448224737
189610198
279861982
49060376
962111191
173310692
138558322
765834731
627023004
931036234
301558935
472750916
32373650
591990914
977485422
387970798
787215192
539420973
550421009
197345754
993435147
981870925
986345000
818265792
614633990
1
715112572
820777211
992407830
690853407
102253762
92448255
364670984
351004097
785348819
835126013
824309164
436715057
832417639
571117056
448224737
204434900
884158612
482866441
647747681
649329457
340980453
318575383
578936638
13538504
526437154
493854947
329313371
420396180
654167456
558116721
514245021
988265960
702466723
353384719
612149621
181251236
184151516
261470160
716574648
275205258
751109629
202279154
477546440
393658570
940644413
404462807
462827980
483731175
548056668
862636349
194941124
498805845
977485422
220960509
87628342
963649808
92758893
448224737
661815621
366791132
503337797
186587623
271382861
275127100
885392673
454369949
516383057
898721940
912827753
581264389
729316210
757680804
707756594
280128240
989996273
614633990
930441223
179597442
298620610
788975441
298102125
309914368
373700440
67083941
275127100
316372179
185334226
472750916
245772921
58002402
144577080
912897419
275643250
208392447
686406158
540791553
690461166
992407830
10528392
459756422
439752238
78646918
689075782
412533633
229325933
630174927
167026947
97166031
614380239
436715057
743928632
163410716
404511864
70843747
645857117
598374889
227255957
227382860
307714520
114617150
16977106
96177646
766763301
248004927
579131102
498943403
365777724
404412867
240879853
769929921
992780831
705234926
189874901
251938456
479703766
227382860
940644413
937983268
349603248
959272098
822955760
92363518
775116640
345422821
516383057
316372179
100918589
167026947
73445206
362603295
160605781
555603501
764523640
46701852
278976413
174875262
448224737
410445357
434561257
840517467
4826160
482760615
378579493
992780831
92363518
311233327
680748079
505115444
23917941
315373986
151667782
922212718
983780318
275205258
375636104
920139804
207908345
487041151
349011550
862636349
199785190
871547510
998424396
924391256
649032276
121184211
983780318
940644413
694675970
463535049
291848212
92363518
979992373
152040778
498805845
398089477
113370599
306173689
474147684
653000203
15292349
326901762
561402595
154757163
667493506
559783992
170864699
275205258
456859485
690319247
413433988
585085276
527030158
76593541
363039154
452035468
765050043
720927198
468263263
974681247
602198776
269944246
912135238
771412690
144577080
780017576
795285863
405572486
770935442
304697117
141407863
451313030
585930557
162101766
825584994
834429163
78646918
448224737
291848212
4578874
912208782
884158612
324367954
637653710
473298830
977049593
152847720
28673039
428325016
83761743
670043519
459756422
487814049
275205258
554644044
873735929
303141898
236645491
388061120
226642197
390834310
548056668
992780831
277483251
95673858
3384
643409774
405479299
630174927
465307902
505115444
171241782
170864699
762675678
32287383
362399368
224890058
722811925
96537886
769929921
131748902
982041458
137158394
227465186
912135238
489466766
920383081
78480122
740630647
700167415
545525098
770935442
548056668
342707974
568368152
655015866
480558594
194360283
557337497
898721940
239198932
412266547
701909720
53526174
977485422
498943403
436715057
493854947
912135238
172322637
383080082
540791553
909377952
93898630
248004927
648816111
191947361
137067068
375586559
477546440
983780318
975784980
83761743
193069272
217282140
198025561
436063811
162101766
129690282
157205148
16977106
792621765
729336574
899983671
478420462
298620610
278976413
834429163
107816356
182088480
436242159
711265915
865494791
10
189874901
250388649
746937336
340137332
198025561
137158394
557820851
737958089
862636349
398089477
189874901
216208949
829541019
204955153
475634304
802676821
949970810
46598156
743928632
489334816
96507421
422646120
227547313
32287383
27810873
27810873
35132413
444805188
10
505115444
787638947
96177646
769929921
663349178
977485422
931618418
319142812
93718562
451927396
145259528
129720502
375489526
172901029
867677207
686406158
666049710
96891438
565728662
272535976
618547499
418681326
390891463
298620610
489142906
1037290
920234889
505115444
354740411
962503698
990280965
516383057
139112918
1
195048731
96147741
232822126
683538680
259426844
8652756
827874435
746937336
498805845
811114134
92363518
740630647
908227309
714797570
402467468
827874435
173502855
782740258
604455480
487814049
643042105
912205578
179597442
671486376
249420944
83325911
692515023
92758893
369865985
514802540
148589810
568368152
473974282
912208782
234288455
903221914
679483586
498686683
8271525
827239591
700167415
82229777
988302004
174875262
133997539
379135191
58020252
496167175
469773617
912135238
653838605
390018442
789927221
426358790
269522820
823285395
840517467
340433634
849859696
387120643
995547968
568368152
150
170864699
180874641
388061120
654678674
986345000
798357322
168210228
479810800
433586262
114617150
240911789
27850352
46678082
988265960
932578340
494874175
784407926
42310282
340980453
689075782
354740411
174875262
977485422
32111757
198025561
878006145
165803742
539831708
545525098
490134181
947219938
255619952
10
929685298
291396393
445556699
487814049
486167898
945309929
966428542
296070337
301170826
787069793
489334816
444232445
470598575
938497898
10
194851788
716574648
513232
153191043
428244880
365777724
548056668
62275186
346574739
92758893
507634900
700167415
148115318
312499983
770935442
53293612
248004927
186569974
174875262
621372446
150
314409236
314274700
273179011
891489812
285423667
488248749
516383057
451927396
637653710
459756422
819443249
67633894
983780318
783748548
162101766
986345000
635857426
738770620
698436690
66605158
777047412
403264124
207908345
832418305
258933075
471633389
55025466
658516737
185746305
993246911
305422872
84936312
881412816
836551150
290602849
5730055
673161982
405572486
263537216
251297295
1037290
239189231
686406158
131926437
498805845
157945183
208917888
742683621
431468262
806442151
335362996
681473273
487700654
296184344
834429163
733584464
794289386
502989554
729236694
681655638
295743646
129720502
560202700
676692462
709332248
595733963
335389428
607845326
275934388
4578874
614380239
568368152
167026947
249479266
584722028
290767032
951381241
751885764
386265640
184342325
626701595
306771360
624310932
103961583
4578874
852547554
360598240
840303150
945309929
609425049
843974522
827874435
679855380
405572486
32287383
755878163
227255957
810700247
908975333
185930935
829563740
543148510
394227265
165803742
556007948
654167456
514142351
964982728
249479266
940644413
683538680
477817975
23482358
494874175
717552752
24433618
912870561
111701561
726950737
345422821
3926177
658351741
596813636
829563740
780068949
764523640
27693737
740630647
404462807
754294135
249479266
379135191
347090776
68899906
318294545
932191245
93898630
248855303
4578874
410650225
216964899
492806554
251297295
353131952
812693048
897408032
547905265
962264719
324273132
114617150
948712385
58020252
278976413
798471595
487814049
186000221
286936327
527456337
991400574
471191842
505414884
687137878
834429163
400592370
131225688
451927396
983277498
330936553
951572447
834429163
170864699
792958039
343554687
441265302
345422821
673333721
492514182
32492903
314116173
242247893
430751035
669270712
669989313
795285863
297721548
125874840
93898630
751109629
747610451
607196614
291848212
344340922
193275305
723970868
658681425
117947945
598374889
608423628
686406158
460538904
602121847
340980453
340980453
397718243
719316808
524632621
108563469
46784066
117657890
137158394
728091607
347615852
545238399
884158612
738200694
890699998
470251328
446577702
953352093
557820851
25322078
597801876
991400574
769929921
849859696
562922006
444232445
444805188
643356115
673161982
634247715
602121847
251297295
648816111
389927427
747363900
103961583
328254451
216719692
225799444
695568461
391713782
614433070
885222254
993139375
738200694
602121847
503444762
69349174
388061120
308866982
666508932
208917888
626701595
729640727
10
108563469
223084637
738200694
824309164
614380239
47257901
248590766
168210228
747363900
129720502
156285460
379135191
443607341
472750916
802676821
156285460
516383057
802676821
608423628
165669974
131010661
495780310
961275068
36847174
661815621
812119282
527030158
896741124
314274700
247178526
834429163
817046364
149544260
178339009
144577080
448563183
607196614
945614149
989759480
527030158
914326562
82229777
384839160
165803742
375415318
238987397
451927396
749200418
649329457
389927427
716608507
130159798
729098002
108563469
249420944
743264706
733236655
275507421
351069666
467714031
386265640
451375546
240879853
827489556
109320
242026776
494874175
444805188
189874901
227465186
78646918
103961583
462656100
755359086
976259306
973500248
876362689
486167898
854623460
498805845
843974522
308608552
735853118
192752672
93232780
432286600
912135238
111143136
827874435
885392673
607196614
85546194
769929921
684950466
372339610
740630647
102966228
873534186
992085755
290767032
862636349
279968389
572839250
737374906
912208782
162101766
967368635
52356746
93718562
581264389
343395685
51395355
711265915
444805188
23482358
2171571
149544260
369865985
494874175
845002320
387120643
435462430
227382860
163410716
796174796
573560306
45876896
481601024
345422821
558868285
67633894
314413453
345198627
700167415
690696632
833362401
773118870
185464230
428999193
34850360
576688831
222557689
662741209
343639346
283750610
630174927
398089477
686406158
632039199
738200694
412533633
10
67633894
516383057
444232445
298620610
291848212
193275305
387120643
690319247
290767032
448224737
96177646
749018590
624266947
958507645
116811287
312084886
898721940
273320985
65774864
66430650
611231300
689474773
384951437
108147509
79184239
903221914
530328054
890686998
298620610
342330165
834934484
479810800
787638947
465921057
167026947
598374889
788975441
389927427
771368379
527030158
65822402
130159798
512142922
903221914
121413468
648556615
408454262
913408437
843410497
949607305
174410387
131225688
730721779
308926254
716100284
161669652
865494791
759906505
967102009
277125843
646328314
137158394
568368152
498943403
981870925
362747809
924407389
170864699
95630445
705234926
3998093
348805698
228687083
154221862
600361231
958707957
614633990
114617150
136193558
676007574
364670984
18609183
666753360
831512117
362982424
227255957
824309164
322217365
248590766
477546440
514802540
109320
608828269
159853745
96177646
967102009
330383381
767235078
148516861
778793889
27810873
292839161
981870925
465781633
99409821
124887470
275127100
448224737
467714031
198025561
478878179
527233637
242026776
196656054
92758893
344322325
348016699
725237785
150
743928632
589067236
742740720
787638947
294780030
570073431
305883058
673161982
324367954
602121847
278976413
524374280
527030158
507634900
419199637
601242114
117643267
827757389
674705015
507634900
863962692
845053233
604195404
155114584
291848212
326901762
516383057
167026947
114617150
300110958
470598575
997344812
309914368
883308866
384951437
690319247
256055472
269522820
329313371
21578692
539831708
42310282
853050497
398089477
722209242
224049934
326901762
809370664
690065118
387120643
240879853
431965976
113370599
105437910
290767032
873735929
22932872
108563469
171117811
365878357
726770900
275127100
720777279
747540843
56045344
46598156
92758893
281131750
355191277
468789320
690319247
200016492
805384465
649329457
727075840
940644413
573375284
983780318
570921859
912135238
166651197
799278029
324367954
113370599
678237901
493854947
152660812
340980453
444232445
226001094
680610633
858391931
439752238
873923171
248590766
154716972
109320
151667782
338911730
963962664
788975441
927901530
554856884
538440800
316372179
275127100
140323750
264209440
417505015
108563469
805566714
993246911
827554510
926135868
291848212
370318325
316372179
489229396
297721548
479810800
444215698
159853745
614633990
316372179
317141465
407642597
349603248
680748079
167541939
421519522
938311110
268509181
689075782
298620610
706686420
470598575
778557779
16311470
753142663
747740471
438628289
130159798
248590766
349120238
179627503
479810800
655015866
390435414
467714031
518180234
489334816
193275305
239487316
227255957
335362996
66430650
156927019
444805188
916852895
603253297
117643267
628418122
469709807
849859696
614633990
380249062
150
555573743
93718562
608423628
988302004
864408800
916467416
83761743
899370970
354740411
204434900
350708579
312884383
787549285
36722385
459756422
514245021
372339610
592463598
714797570
823381775
372339610
46598156
645158030
257116910
483471434
494055965
96177646
344383005
34850360
194360340
888375070
341482505
177500663
866394927
167026947
193275305
689075782
772359013
269522820
752585250
273320985
269888907
494874175
208917888
415385114
995970459
103411319
823046072
97290028
436715057
167026947
324367954
423338554
200016492
225799444
649329457
137340313
305174163
91832019
625716222
185501014
408469105
228870164
630174927
279556554
261550031
462511741
598374889
452562104
824800582
448224737
227255957
662328968
45719062
772453890
951684923
486885480
78646918
129007502
103961583
394968795
189378418
751109629
773014513
716100284
152550219
581320356
750158717
820777211
107816356
95251716
355933144
411962647
669989313
912208782
179597442
977575524
527030158
44795667
949117696
952041196
842871078
450896891
137158394
515503509
965243946
67086855
807973025
994676295
759880484
545525098
864947016
151667782
686406158
941823945
507634900
381812097
963526586
298620610
81364915
83761743
337893615
66605158
266315834
185501014
3998093
564824513
614633990
48463126
332628805
230485516
485494920
696912405
168210228
397323548
885392673
809866940
487814049
614380239
114617150
923176749
689911326
67633894
894039380
144577080
176717014
873038273
910685842
883396754
324106667
963962664
467714031
592379109
335381045
837839317
297721548
671703511
164980527
960238517
920287317
648989632
405572486
482866441
208917888
557820851
820777211
547355005
156285460
690584571
705234926
503444762
939222404
605914879
493854947
806442151
102164993
362603295
32373650
15504629
825806656
899187234
225799444
776102935
495575345
608090333
714370346
119818003
862636349
638569455
200016492
751109629
248300238
320114595
295806757
275507421
862636349
138424206
305597042
103525447
608423628
283131538
431104834
459532243
93898630
85942016
751109629
32373650
168210228
409975171
944419724
390298566
193275305
557820851
489508919
464063534
602121847
537670198
614380239
471729651
498805845
609394477
843974522
903474365
678041893
704936703
406838895
165803742
832200556
730929298
502805245
880823268
448224737
157208779
788975441
467714031
476184909
988265960
731516235
129151366
165803742
714797570
374166667
865580873
248004927
958470566
1
162101766
314413453
14256937
986345000
941787080
981889374
413960064
998809822
608423628
49135763
677932050
707738088
193275305
324367954
283880286
451927396
237888839
379497955
507634900
248590766
701715235
977485422
429354003
470251328
505115444
23482358
865544553
657812685
777706453
988265960
124887470
246236657
498805845
875065695
179597442
598374889
517333124
249479266
431711953
242026776
690319247
165803742
51066627
362603295
64037014
842176960
393103491
763822736
30803230
988265960
857900138
365090380
746937336
477546440
170864699
467714031
372339610
178339009
655015866
416976073
4826160
110468114
349603248
150
988265960
995730512
324367954
747363900
10
34768168
817968271
248004927
881775823
114617150
423680586
114617150
926485909
711265915
886737196
249600475
645322649
598896855
723849888
963962664
585374830
928419854
89048850
67784553
345422821
787638947
1
113370599
494065010
514245021
397991399
275301431
503444762
698436690
964982728
405378967
329996355
630174927
200061008
289618852
988961598
443586685
398089477
349603248
602348153
769081016
280128240
58020252
46701852
546627330
865350721
977485422
23482358
583470418
280128240
673161982
16977106
729985063
563952223
539210451
429538306
762788539
754871402
540791553
884750607
498805845
227255957
387120643
539831708
238659794
10
918526962
347090776
749018590
721617140
473300623
367804272
442008122
393658570
483987750
314409236
549424140
611772149
137067068
985091023
711929264
996357575
736561447
51339408
649329457
673161982
929228697
785119307
46701852
614633990
452723575
155114584
124315892
913237371
270710518
290767032
507634900
608112803
489334816
400108657
349120238
251297295
717552752
868296475
903221914
448224737
247084108
877145851
700167415
476004912
198011567
627067806
199028676
267754609
144577080
938676206
890811182
430363184
67086855
395710097
167577213
325362319
406615139
95673858
193275305
270710518
200016492
988302004
740630647
57243076
843245999
338911730
428090627
149451944
172901029
361267731
178339009
602121847
482866441
898090118
905251341
225799444
696881642
235388881
827874435
374187041
110382157
267503240
373635
147763988
689401051
802916844
396302151
93718562
482866441
285793155
316372179
747059811
602121847
728791967
706153832
199785190
511771748
431398803
728091607
616064372
923864557
32384110
109320
415120844
828553319
769555619
829980934
144233453
224026556
32287383
423555527
426717974
648816111
398089477
497127173
865494791
743928632
375415318
199785190
290767032
975975912
533487271
316372179
478420462
156285460
918455197
977485422
902154265
511075186
479810800
702751373
963962664
17688173
661815621
32111757
165803742
139746094
270710518
919022453
904163732
682330130
378562300
452724253
679855380
862636349
446898806
804874224
765068194
335362996
843974522
713620440
980877287
903221914
954775734
866148754
679855380
334199409
637653710
568368152
47883220
69860894
700347310
573375284
351426026
994966973
209855327
227547313
78646918
249420944
316372179
269522820
991435600
247784396
867677207
199260963
213863832
548653931
544439654
271252772
156285460
717552752
3384
564433418
310412765
275205258
314274700
248590766
398089477
794289386
148516861
745810009
439752238
704984729
482866441
545931110
851350135
497153145
457230381
454933126
557090948
123653325
242026776
207908345
556007948
96145472
621372446
673161982
784585553
276330074
349120238
898721940
971225454
69102417
605913298
662017826
596813636
405289180
384654879
451927396
716574648
514802540
246529098
444232445
354672625
173958588
163363758
326901762
742519203
555628074
639798075
854574252
386265640
803538055
704827836
251297295
465565702
550817586
557820851
349603248
803039224
655015866
522798240
323280954
630174927
984422691
717552752
744373250
860524875
174875262
458432099
280128240
810623139
296482345
243263233
444232445
573375284
167026947
387694283
92363518
291848212
482636632
690319247
108563469
154221862
675177561
639866414
514811540
939539283
983031548
742176886
823046072
751109629
373429805
68507966
439752238
698869538
178339009
39823508
933359985
486167898
662032539
231109269
459756422
197797417
530806392
195828062
765200968
42310282
404462807
828926342
615206001
482020824
148516861
598374889
955430964
12467313
93729352
663837087
648816111
291848212
272601791
345422821
603923003
778324380
34850360
19096525
457953975
958658467
741439838
607196614
56114509
548056668
148516861
562915377
792349345
281255127
751885764
935380425
103937454
655015866
969972448
655764670
875063030
269522820
754826814
372525369
372342892
178339009
324367954
416619753
772214221
623746859
195828062
1
999661367
309288492
747860203
174875262
248004927
697370202
34850360
717552752
823046072
885392673
988265960
849670615
802916844
992780831
159258511
292268170
35268314
518169322
195828062
174875262
108142821
773485779
672067207
680314843
248004927
168210228
347875178
358478144
275127100
724461907
702075569
594994789
457230381
754529965
25082075
82229777
806442151
195828062
398449767
248004927
444805188
316372179
513705791
209819555
280128240
227465186
487814049
433845868
679855380
545525098
935321577
787175111
121413468
172792564
983801143
487814049
69349174
669850433
522609956
980877287
758328621
124887470
862636349
454933126
312499983
457230381
396924761
669989313
92363518
824309164
177857940
314116173
425822403
605775094
284352070
864341583
58020252
273320985
820777211
500607781
505115444
457230381
34850360
445831097
503444762
116882032
570853976
82229777
920339354
881775823
248590766
479810800
960531579
556007948
486167898
312244355
865494791
562986044
356547001
314413453
550530473
39218592
672340633
655676854
618851624
992780831
297721548
545525098
280600542
843410497
412533633
449865844
189874901
349603248
821987704
200016492
698404931
582886181
297323442
782968751
467714031
711265915
340980453
611484482
581264389
117175008
663363380
114617150
208917888
179597442
807973025
451028777
652846925
508661947
392622618
362399368
413960064
898352316
451927396
128856802
130627189
326901762
461829338
802916844
581264389
885392673
912208782
807973025
444232445
124887470
326901762
751109629
482020824
864892388
93898630
269522820
991435600
453016083
661815621
498805845
217933210
312084886
20979714
806442151
424614948
452371667
227547313
572140389
516383057
858457582
67327524
46701852
566949569
82229777
983780318
503444762
631802830
454484704
367683456
899415357
415385114
843974522
928419854
219912763
390780224
113370599
459756422
424950304
25322078
892078979
458432099
573375284
90400555
493854947
587470194
249479266
914901102
626701595
681061052
111433753
124887470
408560138
991400574
364670984
52162591
184151516
924127507
362603295
716100284
373635
607196614
369865985
114033413
702899089
988302004
480473332
473939767
412533633
507236163
497095601
473722749
743982633
372339610
705234926
873735929
965243946
183864549
100441623
145743702
265879101
314274700
27810873
326901762
35143105
349120238
912863145
658516737
837156028
438861170
17779510
531862503
983780318
172518300
598374889
748401867
499523674
370204000
704852441
482866441
788975441
867677207
940644413
340980453
690319247
659438177
794225339
150
823046072
406992999
379135191
272506114
310626536
630174927
540791553
93898630
500484254
326901762
546666612
215501648
898721940
129151366
621372446
122523184
316133357
241364440
704827836
271843546
172901029
349631237
995437275
27743063
498943403
469375382
822593443
355595278
775938764
621372446
898721940
154644740
475634304
686406158
654167456
991758061
379135191
728091607
866868314
96507421
145934546
454933126
109320
372948022
878568286
195828062
868296475
541115779
102335499
865494791
947336590
270710518
933866206
467714031
429569007
446076013
154221862
150
275205258
527030158
78422969
404462807
489806460
442730359
96177646
637192680
98408862
662187554
779370659
704852441
179648398
821987704
265231121
398089477
602121847
806442151
487537899
748357738
165803742
178339009
335362996
180215225
820777211
348711313
822582170
988302004
697753612
933891365
411889991
865544553
393658570
802676821
327870333
981102799
397129535
270710518
281225905
307550846
3384
740630647
416719761
354740411
621372446
495971325
414083607
585240519
368954604
393722699
764053068
859095084
467714031
912477723
83761743
628220324
842084854
275205258
316362354
637653710
403038893
781507218
275127100
291848212
752916252
747363900
121143448
758215731
996527894
584692245
990747837
834445450
397991399
162101766
136535335
910931817
388135934
802676821
239554285
446298053
201147473
207908345
4826160
32384110
821987704
663349178
947754864
428381921
210407342
275507421
594631154
318757988
20240299
68900951
526390768
690319247
764523640
312983485
393724484
73554641
207908345
70197813
865494791
502331746
571366306
479810800
695905975
740630647
434448182
945309929
273421868
345422821
829563740
695714146
71159561
397129535
275205258
398089477
782712979
680599006
868296475
137067068
654167456
716100284
87957372
4826160
956368646
584779863
446598141
431829905
340262430
785298708
384688840
634247715
581264389
899076949
96507421
103961583
46598156
26439506
271184956
436967904
967367407
794289386
436715057
103961583
108563469
389927427
393658570
95911931
121777925
459756422
349603248
285996620
802676821
404208539
700167415
290767032
412533633
864124755
185501014
94846519
943930965
862636349
661815621
95673858
807973025
415814571
185501014
451570221
539831708
248004927
189015189
55212940
705234926
466948324
470598575
193275305
117643267
704852441
54816993
182619586
951472210
900555471
467714031
412704804
163410716
407147749
410203993
957841484
890535247
273423322
329313371
568368152
117643267
130159798
166832886
27810873
180372391
993246911
865544553
638386341
896994971
806442151
298620610
23482358
716711662
362603295
878974503
152009042
803039224
329313371
174875262
316372179
415385114
223659649
326901762
717552752
451927396
303071413
495780310
470731814
700167415
154221862
967583802
690116020
866834584
890383616
42310282
514245021
749396161
11298154
18111799
908401848
788665912
95673858
413960064
401016825
717727365
254832598
339280810
349120238
586524336
733082053
820777211
184151516
25322078
283463205
568834880
14066787
612060672
247934625
496717916
778688584
319591155
884149197
689075782
683538680
397129535
600051524
916163016
73377792
326901762
225849659
144577080
976807970
46458755
130159798
401131016
751109629
365777724
273320985
527030158
524632621
691782317
430872116
486167898
792275564
401149877
788975441
239487316
281023519
34850360
684745102
71911089
163797796
405572486
130159798
248004927
420569229
777161433
556007948
787638947
417652365
543862042
498805845
899162623
671859283
673161982
171704751
342330165
881481708
326901762
527030158
893789468
120745894
710969699
211960357
806442151
802676821
657236031
556007948
178339009
689075782
290767032
792072545
487056110
159853745
821573358
121584579
353272251
470598575
203109789
312084886
376902057
179597442
195828062
85524017
121413468
325490188
997368995
439083936
649032276
381364105
324215970
186658260
849859696
676969290
631605639
683471410
349603248
746014910
406648967
1525373
568327080
369865985
177954467
524632621
608423628
569438079
77115273
67440262
862795489
918055945
314409236
96177646
219651754
354740411
663349178
768619863
981819267
319762121
39218592
10
297721548
364670984
740630647
850758689
562986044
270710518
506207389
602121847
986345000
705234926
193653315
451927396
745810009
556007948
848091808
918023297
510959302
910668910
324367954
572516235
114617150
405572486
344383005
556007948
184151516
146992151
231637245
444805188
843974522
648556615
540791553
918055945
954214318
278976413
922194463
498805845
686406158
711439733
963962664
898721940
673161982
279672517
409419855
903221914
995547968
78646918
802676821
263477764
705234926
58020252
700167415
244885994
78764714
405572486
933891365
658516737
246521471
135166641
768603341
933891365
251297295
591824451
460057276
963962664
700167415
933891365
802676821
124887470
860068035
602121847
129720502
120219134
458432099
171237485
752834551
482636632
202368444
455981436
495780310
638863194
340980453
159853745
862636349
448224737
595047821
121413468
55401852
841531884
436715057
829548747
265268856
765385302
828291890
618241897
494874175
349193292
503444762
775657951
412533633
118742249
369865985
834429163
777695679
439752238
316372179
614633990
176906099
530395820
582483768
114617150
313166408
673161982
722772395
445175841
928419854
974136213
728091607
634247715
32373650
769929921
278976413
181679904
795285863
747363900
933891365
171417278
386265640
179597442
883884075
931305225
198027654
50172612
821987704
728091607
883068519
842176960
486167898
238774703
66430650
165803742
655680230
765531775
743928632
540791553
27810873
340980453
96177646
803039224
397192428
769656001
92758893
198025561
682237426
165803742
166017697
208917888
249420944
148516861
788039103
652250719
665675759
294780030
129151366
4631700
823046072
353064124
310737363
628623270
363622925
426463233
366528359
834429163
784492508
129151366
759021859
973919308
873735929
753494190
582164761
110100692
155522831
416444494
950800157
468806579
147524882
495979720
867677207
402408655
354740411
517820794
439752238
291848212
894777097
711901555
710367983
649032276
711265915
150
327813891
995547968
304697117
270710518
507236163
516318641
379135191
630174927
215402472
369865985
487814049
553722166
30215047
177948668
477546440
620884816
802916844
4826160
942198387
242026776
451927396
648816111
67633894
340980453
906437674
585240519
856316189
986080692
355911876
749391785
93718562
602121847
824309164
326901762
683538680
914997513
207908345
387120643
788975441
557162062
885873340
195828062
460591514
607063164
412533633
92758893
743928632
572296348
717552752
809370598
988265960
470598575
411325868
4826160
828631047
444014744
151667782
902131103
379135191
827874435
818107112
137158394
305080592
933891365
638008390
682324901
294780030
933891365
708466131
200016492
389131499
412533633
959103715
704852441
170864699
312084886
611825587
903221914
271013075
849082439
877554395
86516881
174875262
806393535
868559483
983780318
452035468
475634304
544663577
761177112
514811540
698436690
539785765
379135191
422915351
910589154
913408437
745810009
862636349
182076627
241461126
405572486
829943976
807500551
58020252
992780831
913408437
162452126
84949428
520138017
515259786
462853070
326901762
116061901
162101766
820503913
587328205
850812165
795285863
34850360
614633990
918055945
4578874
536001847
67086855
80473923
807973025
395975246
475634304
386265640
265130139
10
114663104
967530490
722698722
273320985
35567379
10
265490531
730615982
992780831
898721940
555573743
740630647
785782747
352482804
487286066
840517467
13269567
888014421
74096481
179597442
967547663
247703479
172901029
764361260
773485779
992780831
986345000
472750916
113489936
44374783
937156916
435685699
364670984
956664827
475421328
546631135
590624928
183442917
172901029
477546440
670777460
928419854
364670984
818265792
483643455
954083977
398089477
451927396
256006970
456069250
362399368
443607341
959440124
827107795
912134422
161516864
585240519
10
347519458
207467715
983780318
179597442
621635406
412136896
823207465
530992446
71153965
1
751109629
691120683
182108605
746937336
169339722
740487319
884125356
705144965
711265915
507236163
972969798
531470227
802135359
262724343
787638947
470251328
486167898
544080947
451927396
314409236
326901762
245581112
39218592
214438002
288382018
95673858
100441623
326280014
977485422
843974522
728091607
186587623
924117032
598374889
167026947
69615480
635409183
460609211
297155653
608065163
207908345
472750916
745810009
690319247
492455937
540362675
479810800
167009329
248004927
719294291
92363518
956597062
162101766
524632621
354740411
787638947
746802297
690319247
275225909
353769610
862636349
679855380
96507421
23482358
7931824
884750607
399602521
228705866
101792428
238253420
129714312
489334816
685015047
727853902
143799885
130159798
941694807
225799444
316372179
451927396
285355114
137158394
945309929
349120238
451927396
641076993
751109629
139310840
428772403
810454148
290767032
945309929
239487316
239487316
738969525
802676821
500337599
130159798
137158394
69349174
458432099
130159798
159133354
429099548
4578874
175770270
981870925
27810873
58020252
964982728
528497530
69349174
193150741
174875262
607196614
846263621
820027604
23482358
148849380
314413453
556007948
351205137
806859181
511948697
739726531
593015500
347090776
873735929
686406158
181847325
873735929
178339009
602335377
428185803
312084886
621660406
459756422
805838006
451927396
976718901
345422821
496345732
770935442
178339009
977485422
787934800
705234926
591494243
607196614
530528100
181296561
779342623
92363518
452256501
824309164
397991399
768731168
491219297
545561209
349603248
598374889
3384
910677240
161383144
772214221
370888057
397991399
514811540
66430650
655015866
673161982
751109629
365777724
731687446
933891365
704852441
436715057
960349044
217534803
986345000
199785190
92758893
290509064
126292786
312499983
362603295
397991399
478420462
82358543
394184905
545525098
324408937
843974522
668897566
121413468
3998093
93898630
18839858
487814049
24980184
802916844
654167456
477546440
647556998
212659992
488102524
227255957
547806929
931714090
138223739
884750607
326901762
397991399
992485710
723828603
697074736
324367954
983780318
13879064
130159798
625171966
275127100
838245411
207908345
103961583
981094143
290767032
787638947
165803742
482866441
374522624
251005495
162101766
986345000
179597442
881775823
148516861
988302004
1
797602477
912863145
241908542
743973141
90336087
513541784
168210228
347090776
193275305
193275305
207908345
568368152
566597030
349120238
34850360
104996156
602121847
892306446
174875262
791131786
704827836
345422821
96507421
424614948
388758336
256183514
163410716
298942412
888635991
979992373
661815621
227255957
683538680
862696742
593102552
679855380
933891365
519637395
807759791
354740411
810979470
902524587
514245021
204434900
78646918
78584395
487814049
907167735
179597442
479810800
996472649
249420944
884158612
963962664
23482358
310873038
340784408
149544260
738829804
665476745
594480102
39011066
568368152
863814420
756421464
78962683
564031063
124887470
186587623
898806880
983298485
992407830
374882631
95673858
865544553
888017903
807973025
981870925
849698187
683538680
838351318
312084886
1993168
290767032
482020824
560860266
478080544
751885764
23482358
144577080
581264389
460341868
545525098
561644241
93718562
35490859
890076679
34850360
482747818
598374889
273320985
114617150
717258851
638122129
349603248
667065791
679855380
345422821
995547968
314274700
76852728
568368152
933866206
660336968
556007948
646159722
702213224
751885764
312823300
108336615
898721940
178339009
933001509
354740411
736790743
193275305
668510931
250982061
503523788
653588111
32384110
831512117
704827836
614787782
376014344
130159798
67086855
275127100
596813636
129720502
595752472
840517467
397991399
707941459
276716758
291848212
711265915
477546440
296002490
248590766
573375284
151667782
975558343
599708485
251450522
419223098
860477505
672848317
764523640
42310282
310555565
32384110
749018590
687585704
827874435
540791553
489334816
995547968
914471953
467714031
486167898
623177359
988302004
679855380
557337497
171858141
751885764
320724437
615547882
32384110
884750607
239487316
856891358
275127100
673286433
134643014
711265915
239487316
95673858
331953366
495394023
648556615
885392673
159370471
49761870
378911462
932617736
649329457
117643267
862341214
906060028
436715057
168210228
212979549
699792984
915522926
372339610
867662945
4578874
807973025
344383005
833765508
866481655
121413468
196713188
608423628
820777211
94835533
476986938
416976073
700167415
980181841
23482358
693057362
156285460
633084676
829563740
770577603
713549054
820777211
820910136
920461561
884158612
23482358
873514474
988265960
230457173
933891365
312499983
489334816
823046072
124157114
336322784
653909308
154407732
28183892
912135238
818265792
955586281
842176960
329563628
92363518
630174927
404191215
568368152
458367869
494874175
417024372
843410497
933891365
919965156
777894368
903221914
557820851
728091607
93026603
854887779
919965156
748308133
522729344
448224737
478420462
141389026
405572486
829563740
251297295
241846121
753359441
945309929
988265960
225472166
287873107
349603248
88436721
968133137
239487316
70843747
179597442
189874901
457230381
614380239
620028455
691697485
824309164
379135191
342330165
397991399
980877287
314274700
248234963
41358658
971552116
162101766
218481826
853553780
872161335
251297295
271617405
444232445
109320
129720502
618728863
705234926
901060694
3384
704936703
275507421
948068389
131698273
204434900
545525098
507634900
695868719
881775823
738200694
490109446
379910851
278976413
390732131
615566316
668311489
977485422
149210840
191242798
314274700
756338158
634247715
648556615
951811866
715132962
316372179
70843747
244148864
770156754
602121847
39218592
240711032
637653710
129720502
873735929
227970095
682406912
207138804
316372179
604266401
884324743
598399104
581264389
919965156
374771358
858106810
871582891
534435975
758776698
540341850
505115444
168210228
130394519
10
780068949
184151516
258120053
865494791
383043951
471066525
130159798
157305483
242026776
129151366
668041353
988265960
630174927
903221914
743928632
928419854
192911939
630692600
137158394
238712190
66430650
967102009
361781315
341482505
673161982
828935057
46701852
551936708
140126192
494874175
487814049
415258267
415385114
471361279
539831708
494874175
216328973
817157894
543821574
275507421
77080264
379135191
596813636
219024655
90380121
168210228
751885764
344262640
280128240
321380721
240879853
185609273
193992127
153405847
148516861
794289386
778557779
193275305
746937336
968677208
90481562
574718013
207908345
940644413
945309929
767246824
70843747
10
32287383
678788971
345422821
913398707
635564005
794289386
991400574
495780310
401016825
32111757
598374889
467114776
272128885
737144538
275127100
658811735
933891365
602907068
335362996
669784889
992407830
13151025
396659776
195828062
933866206
4826160
514245021
47999672
254417870
928419854
465210989
338911730
6852741
816931166
320225686
937914975
730324918
576157619
177313077
121413468
913678510
176717014
986345000
539831708
123914797
516383057
395111816
373635
988265960
938862811
820777211
750402360
637653710
711265915
648800611
309914368
137158394
503444762
185501014
979943649
831512117
912135238
3998093
925901042
188147712
314409236
116519996
219207585
184151516
249420944
151667782
683538680
726160242
137158394
409562717
714797570
264134896
939647577
341990735
829563740
545314653
51066627
587448425
933891365
514245021
470788039
669989313
168210228
626701595
581264389
746937336
6967616
370043830
189874901
634247715
88685243
901496120
942302166
986345000
444805188
787638947
584102964
921254446
802063462
776261882
896267019
561162619
873238765
297721548
500761389
109320
746437393
717552752
740630647
353451261
823046072
270710518
4578874
881345780
275205258
457230381
63903079
467714031
405572486
299017062
397991399
96507421
903221914
121413468
413229062
749018590
929507154
230352444
446002724
539831708
845886474
397991399
314116173
827874435
661815621
576230826
467714031
479810800
604695319
803039224
345005086
349603248
199785190
873735929
620208606
655015866
331664223
32384110
551199281
545525098
918763683
981870925
407700920
298572965
46515993
518335930
434746113
150
225799444
344835026
614380239
820777211
893286245
172901029
487814049
195828062
885960385
992767915
895947744
436715057
516383057
72757581
607196614
452035468
225799444
70843747
751109629
467043399
492155200
992780831
840521342
540791553
92363518
301538797
129720502
657727455
88520983
629398952
788975441
697772714
906786497
972351759
197856611
188959729
723103574
436715057
503682282
598082357
66923545
680748079
862636349
57061584
680695780
477999156
452204128
114617150
198025561
193992127
952041196
265856070
261099412
988265960
861994063
670597672
598374889
899162623
93898630
170618279
163410716
829563740
248590766
461290083
179597442
439752238
349603248
540791553
503922294
305174163
136627674
154221862
740630647
623249787
448224737
479421721
626701595
508400139
82213782
704816116
716100284
110883115
354740411
457230381
27810873
4826160
372339610
189874901
113370599
643677164
983803994
591709549
594934179
388061120
946278411
486167898
614380239
486167898
309914368
862636349
672762854
67633894
297827042
865543754
149544260
865544553
184151516
679855380
436397208
172901029
732103563
92363518
103356133
227382860
83761743
417794470
918455197
369865985
986345000
680651639
550068139
278649745
919965156
93232780
690319247
368533043
649329457
415385114
92758893
177999749
121413468
190959481
979202602
39324811
963156629
389145079
1037290
4826160
996550222
32384110
162101766
527030158
801547284
156285460
686406158
751109629
20441297
805332498
234591335
84006912
827874435
227547313
342330165
711265915
933866206
545525098
204799798
743928632
980877287
96507421
120581639
459078648
280421693
884158612
686406158
518287168
977485422
193275305
704802408
945309929
67633894
375415318
25401690
402688985
326901762
109320
686406158
244008726
66430650
992470149
986345000
300230391
240879853
195828062
32287383
193275305
769929921
679855380
628643224
800588060
487814049
482020824
596813636
45034863
93898630
776700671
683538680
264270963
425709351
404462807
401016825
527030158
627190335
295345479
867677207
738200694
642731239
495946585
223302623
100441623
679855380
451927396
444805188
820777211
129151366
444232445
297721548
192184983
303334915
613288828
762935160
375415318
415784293
249479266
96177646
34850360
768542924
705234926
66430650
180275746
881775823
335362996
884158612
487886815
712828806
478420462
634247715
643194932
556879893
658605196
341482505
470598575
108563469
398089477
991400574
810114930
457686490
314274700
429187761
588562773
139023176
503944897
350997727
568368152
362603295
146113772
945309929
625800958
853819638
244903486
354740411
983780318
823046072
683538680
207908345
673161982
489334816
549865739
357719255
655015866
770935442
643803503
685284982
501664394
546747187
656003574
95673858
66499079
861617242
716574648
438716620
514245021
349142652
584864659
210741881
372339610
111610563
524830263
903221914
791585833
903221914
808189525
25322078
235648974
436017283
281255127
412533633
512483518
561444950
748878719
645260882
714797570
807973025
980877287
271455550
581264389
56466738
862636349
64943200
369418707
620247277
912208782
967102009
399216422
661815621
849859696
974481320
702191847
574156840
884158612
995547968
695767720
716100284
208917888
32384110
68895630
829563740
10
174875262
479641283
598374889
335362996
386838335
479686226
928419854
268391539
992407830
128466402
398089477
766077308
375636152
25322078
4826160
477546440
150
397991399
340531962
275507421
137067068
548056668
287700282
614380239
7405437
912208782
415385114
27810873
780068949
823046072
558476043
747725628
965243946
227547313
803040311
988302004
294780030
991400574
689075782
658906332
933891365
304224834
829563740
966370441
275127100
14665059
779342623
93232780
600532017
507110699
30902596
614380239
245264227
661815621
1037290
164658543
772214221
195359876
233854173
874426352
207908345
794715695
534692460
444805188
582397176
539841868
637653710
58020252
769929921
84155777
607219740
545525098
93718562
952041196
43008787
121413468
324367954
404462807
165803742
364670984
584584679
364670984
824309164
666415675
787638947
256535231
940644413
300942167
491434808
505115444
938889986
151667782
648816111
227255957
460617764
398089477
957105100
121567023
940644413
663349178
986345000
811000919
467002299
91892858
473844835
464330037
679855380
78142477
521479179
167026947
513680207
658492195
591422443
540791553
397991399
46598156
31817413
804418859
118044277
78646918
31425376
512479907
979351826
840167688
507634900
537645354
554908279
503078197
137960230
45325794
345422821
387565905
771163982
340980453
69349174
355758696
13613932
227382860
728091607
32384110
87252144
503301590
614380239
792526001
514811540
79184239
865331620
721153780
31496214
527030158
386321271
351722791
66605158
8544994
822152736
387475259
114617150
540791553
793879461
773118870
524632621
228296303
983780318
782287882
920480314
556007948
238746784
42310282
404191788
409742998
314413453
258129291
717552752
411099814
542188300
986345000
1839759
740630647
912540481
315771043
416521665
775816673
159853745
513818118
634247715
527030158
833515065
58020252
698436690
168210228
397991399
151667782
740630647
905245163
777397525
933891365
964982728
572810232
119648080
866738530
489334816
416976073
176187471
96507421
251146365
96507421
384951437
129151366
600595961
272013360
846563544
717552752
448224737
124887470
258274958
207908345
275205258
176708345
585240519
568368152
210393413
997597016
316372179
44616178
648285871
735934906
384482040
722758662
728091607
23482358
275127100
227440033
185930935
827874435
746937336
3384
121413468
207908345
875098955
933866206
614633990
379135191
608423628
499237026
741845444
309914368
743928632
91138406
163410716
168210228
168210228
375415318
168210228
579804440
150
509934000
525753037
53570349
100441623
32384110
336359449
602121847
144577080
602121847
747993660
345422821
132943642
836292538
865494791
988302004
165803742
357638830
865544553
717552752
893142175
479810800
351690260
46598156
606723725
66923545
167026947
801273358
462164086
970030024
132523583
187440624
865650054
621025899
885392673
614380239
281255127
309914368
890949529
227465186
342330165
642507232
689075782
717552752
487814049
940644413
477546440
728091607
480672081
255352325
301377345
77153765
92758893
521441201
992780831
950355889
906997854
680748079
833633595
524632621
889676860
665780833
278976413
683538680
34220901
876496049
229426748
885392673
601971017
505115444
3992461
407169161
212466367
33068639
46881947
264474045
44355753
679855380
814178245
970329870
362399368
543548703
843410497
96507421
162101766
4826160
805067599
329313371
70843747
249420944
304366742
821604075
716100284
503375214
608423628
362603295
555786376
994026812
340980453
522876320
470598575
507236163
376942563
827874435
65204182
611844383
839883878
493854947
720079251
861882446
686406158
228527952
471096347
329313371
425495958
24399209
748339694
811710031
70273453
477546440
195828062
83761743
329313371
269522820
154831747
449063643
657138278
66947396
893160176
638375252
27810873
167026947
379031488
444232445
212234392
557106217
751109629
286398570
717552752
151667782
208917888
384951437
893956003
410540244
316372179
728091607
126977066
807717004
275010788
761023732
562761591
961575609
66923545
589289318
840517467
280128240
4578874
766189978
648816111
585240519
790775499
248590766
937283216
992780831
448224737
448224737
992407830
947994921
479810800
685094617
473958154
396965845
849911697
787638947
403434455
352782530
479810800
246612993
687609762
93898630
843974522
797594978
489334816
873735929
1037290
465838938
365777724
326901762
477546440
442670459
92363518
402417285
129190356
951351846
779370659
436715057
700167415
566899548
933143732
326901762
459853923
341482505
246289501
707265788
32287383
32111757
620065045
456963417
967102009
783533894
364670984
509840086
903221914
159853745
344164139
312499983
373440312
208976877
191972010
1898716
277519652
977485422
373635
66411206
591547105
673161982
789902843
338351680
704852441
473837411
67633894
940644413
387437294
514811540
855947322
208917888
151667782
77223721
817452867
673661635
92888963
195828062
67633894
545525098
444805188
362603295
70490549
227465186
514811540
820777211
69349174
797544985
148516861
682736717
143710820
262761612
404462807
34594339
142745888
129720502
912863145
459756422
330936553
813632939
198025561
131225688
903221914
159853745
716100284
952041196
338911730
203335569
630174927
312499983
95673858
179597442
892490324
42310282
222326306
281887548
275205258
552946456
412533633
165803742
243806834
514588074
278976413
907690183
498805845
808784155
208917888
912135238
137158394
840517467
155007288
358320495
266505630
198019017
130403915
981870925
309914368
742678351
305355630
567375947
312084886
482636632
676818788
469689094
249420944
498805845
212480777
304271844
706775683
384951437
3998093
345422821
556162386
354639456
510335017
482636632
345643102
149544260
404462807
25322078
971520553
275507421
871932599
634247715
834429163
749616059
658516737
928104994
751885764
661815621
885392673
873735929
398089477
244496270
545525098
764523640
943784657
669989313
493854947
526978558
654167456
827874435
882138337
199963253
533648966
838968939
865717921
482020824
143964808
202889091
760338231
1
663349178
782904824
747720703
704852441
673161982
304697117
197033215
269522820
593477516
78646918
189874901
275507421
1
193275305
912208782
738200694
539831708
607196614
992407830
249479266
894405202
42310282
415385114
92363518
831512117
106393214
26996088
412533633
785467810
659051147
819145101
829563740
728091607
842238014
111547465
669528518
349120238
365777724
407669604
995547968
111128157
470598575
354640656
398089477
314413453
756413075
494726178
705234926
454364545
439752238
903221914
114617150
778396423
92758893
101568268
3384
621491374
199260963
227547313
704936703
349120238
85604593
718415863
626701595
314413453
912863145
700167415
967421612
275127100
565469470
365777724
93561218
564742703
499544821
95673858
49807581
372339610
649400597
96507421
59190805
988265960
206316477
38122047
580327652
277614982
743928632
558559266
58020252
345873550
663349178
227547313
335362996
69349174
668376602
601068146
788975441
412533633
586755338
614380239
843410497
273541837
3998093
62864921
67633894
825743627
986345000
689075782
58020252
893450287
162101766
27810873
988265960
680281949
983408002
966033280
777680289
34220901
179597442
240809646
117401745
251297295
573375284
151667782
865544553
19752825
842176960
107330408
275205258
540791553
208917888
193082431
726958222
487814049
654167456
714797570
545525098
823046072
708392213
658516737
397129535
527030158
454933126
516383057
704852441
503444762
482458345
137067068
664939816
83761743
614380239
204434900
503444762
794289386
294780030
936056218
10
124887470
172901029
915277893
594125415
898721940
548056668
23482358
181517931
347090776
151651128
335362996
338863626
35080210
778472545
688379601
280985043
248004927
728091607
482866441
450689868
227465186
637653710
350010732
451927396
176717014
258045694
129720502
46598156
940253366
711265915
397991399
948869062
621774412
167026947
956197672
249420944
829718410
131126878
988265960
514245021
378446691
198025561
23482358
714486026
912135238
154968982
965243946
95673858
892666873
877417882
540791553
92758893
227382860
165803742
882109251
556007948
799657328
708772052
680951299
746937336
555573743
704852441
607196614
964982728
69349174
679855380
515985804
448224737
623002947
49886983
601298406
341482505
27306663
738987345
32384110
150
472750916
287634341
203928357
199822985
638008691
709087882
568368152
464063534
30047466
417151740
874628000
279743420
149544260
992780831
114617150
249420944
995279374
499749146
314413453
153043101
851760822
539831708
335362996
746937336
673161982
239487316
165105338
249420944
999661367
133952429
225799444
598374889
898721940
345395811
440525276
463535049
173097578
844357690
999494637
168210228
732208940
669989313
129151366
216945567
614934909
602121847
249420944
233197789
373635
341482505
375980974
825176651
198852241
736216483
398089477
940644413
34850360
225380500
281384098
59572312
963962664
66923545
137158394
307573906
193959929
239136375
116422048
705234926
415385114
58020252
683538680
716100284
168210228
46598156
738422747
225799444
109320
126976769
680441459
913049511
498805845
121413468
233414942
333304159
269522820
477546440
529632740
32373650
18853820
350118663
95673858
728091607
103961583
598374889
56300909
227465186
404462807
918279943
992780831
887861436
482866441
703453721
457230381
404243939
940644413
329313371
829956760
369865985
302234359
899162623
407212975
795285863
792956092
275507421
354740411
205814365
779370659
92758893
649329457
236046706
823046072
740630647
199785190
679855380
794289386
702562909
658516737
398353305
779560971
3384
614633990
948695870
195828062
809934623
211150811
770231207
217474758
316372179
598374889
448224737
421996113
784207554
879216911
129151366
168210228
28261234
669989313
67086855
847651017
198025561
171754810
129151366
231774361
1037290
809316866
711762477
110644368
519784070
199785190
486829674
205847242
556670421
155114584
959011755
743928632
356988897
527030158
831022518
884158612
168210228
117643267
828946807
138273054
684744491
495780310
173663040
711265915
103961583
488663077
831512117
275205258
764523640
451927396
137976070
269522820
601495645
66923545
933866206
774089411
489703970
663031310
372339610
105623441
870189039
304697117
875245707
506787291
324685504
349120238
96177646
746937336
940644413
863090217
204816013
100441623
626701595
93898630
379135191
628211987
114617150
48193836
596813636
15854503
167599739
402737690
235557469
965243946
251297295
109320
808042224
963124237
124887470
905304064
963962664
781549342
964493638
847851154
133901376
349603248
479810800
298620610
585240519
634247715
782673544
3998093
66430650
408274573
370078651
235131570
121413468
341716624
862504832
912135238
505174122
664744067
482866441
258797404
606579919
952041196
129151366
300835626
284485880
603455338
873735929
527984844
930252251
345422821
706153832
10682495
448224737
3079210
1710085
478420462
395632662
949698418
185501014
802916844
649063817
661815621
548056668
714797570
193275305
760394810
981870925
314274700
700167415
821776360
406370490
114617150
548444787
333854782
151667782
162101766
53149195
482636632
642974428
79184239
82229777
413960064
199785190
345422821
992407830
379135191
548447964
384951437
227255957
990008810
494874175
225799444
233082222
588777152
357231330
539831708
683538680
1
506821441
197282668
103961583
458092791
988265960
802676821
988265960
470251328
698436690
501047143
290767032
338911730
516383057
573338381
802916844
131612022
863747414
192745367
340461926
596813636
592795294
50847191
129720502
34850360
129151366
545525098
365777724
262774073
412115943
865494791
96545477
170864699
568368152
894056493
78646918
444232445
109320
103961583
110468114
255346459
370523891
68899906
557337497
503488901
276603585
925747066
478730839
728100601
541143104
392231126
928419854
827874435
249479266
706066893
674604534
789273499
928419854
198474912
655166612
843410497
834429163
248590766
159014757
448224737
548650946
198025561
548056668
711265915
66392215
251297295
373635
109320
95673858
487814049
304697117
362049302
507634900
711265915
45353985
717552752
44683271
301467445
329313371
779342623
658516737
823172879
793862821
468149325
725333534
613493446
933891365
598374889
229783687
211960357
873735929
240879853
482020824
311947601
1
275205258
789450137
66017776
365777724
866905300
332313365
788975441
746937336
387120643
631119686
711265915
423103893
507236163
43575977
162101766
189874901
505115444
227255957
172901029
162101766
849711246
705234926
249420944
342330165
248004927
630174927
992780831
679855380
721580047
20031086
462521389
275812316
121413468
996305589
772214221
4826160
884750607
743928632
991435600
305174163
972184699
749018590
794289386
921947083
672377082
4826160
20979201
940563466
884158612
835668123
245175991
820702248
903221914
865194098
348396016
117643267
58020252
549747833
498943403
185386202
198025561
543568263
37992858
259580462
486167898
443372944
129720502
750411503
449645462
698436690
228921882
85240707
38313936
109320
101278832
66430650
168210228
73317557
98274915
108563469
619814820
4826160
873735929
96216809
913408437
604325943
129740227
864285265
364390253
248590766
827874435
802676821
379135191
100088127
365638835
457230381
313613262
283384943
928419854
198355468
884967216
199260963
25322078
58801014
991400574
32727560
489334816
329313371
746937336
619496268
150
70843747
130159798
28227924
482866441
948375079
4731122
113370599
597379084
580323953
909351716
565910219
209527064
69349174
584552979
67633894
326875990
469580707
405498580
700167415
991435600
787638947
749018590
916041070
724364156
42799174
991435600
820777211
697458474
556007948
324367954
102689659
977510638
795898176
185930935
112338787
530602492
297721548
728091607
913408437
129472261
593033341
159853745
3998093
735715417
705423776
489334816
621372446
737113467
701527506
82229777
548056668
69349174
251297295
898721940
155463332
48387791
539831708
769929921
291720661
764523640
991228956
287441461
965243946
617986198
574111772
239487316
448224737
784597760
318294545
137158394
426568107
697013615
649329457
263808972
494874175
406969246
93898630
677624488
480477100
129720502
121413468
412529073
364670984
114467076
251297295
716100284
415385114
684796501
227255957
800613456
503444762
557820851
487472457
448224737
551178146
627607442
209558774
881368311
963962664
462433553
340980453
172901029
452823238
827545828
545525098
690319247
454933126
316436630
340980453
479810800
700167415
129720502
933866206
557820851
140046911
185930935
342330165
32373650
163042049
393658570
329313371
412533633
786356037
933891365
168338129
862636349
550438925
810062105
746937336
168210228
331763717
988302004
514811540
634247715
964253422
662699158
952041196
661724894
986345000
606037091
507634900
296865727
680748079
789554354
477546440
736061300
968984155
642076695
786339755
545222158
163410716
240879853
508339595
4826160
305095808
55317704
269119538
163465837
46598156
670671768
375415318
507349353
862636349
518816558
648816111
954483649
762124260
779034854
363935535
802676821
38602593
721617140
981870925
598374889
100441623
26563908
663349178
632269149
640739590
658516737
83761743
934502042
129151366
573375284
312380969
44460851
911259398
74905057
850420334
802916844
109271399
699908550
803295891
612812634
132512509
545525098
721060966
32287383
649329457
389927427
489334816
944997845
184399648
482020824
675587537
459756422
988265960
