503337797
995547968
198025561
103961583
98987289
843103608
940644413
70843747
233557157
4578874
314413453
606860075
172901029
32384110
718677615
125051513
728091607
326901762
16977106
540791553
992407830
389927427
654168226
596813636
335362996
193992127
32373650
329313371
340134119
172980159
568368152
338911730
981870925
679855380
551521209
314413453
353968727
669549044
482020824
714991651
944919181
905082163
562986044
405162360
304697117
700167415
450365962
10841491
795285863
804061482
802916844
568368152
345422821
477510396
516383057
562986044
69349174
954832538
96507421
162101766
159853745
156285460
556007948
802676821
131194115
770935442
740630647
728091607
714167927
747363900
342067569
981870925
556007948
976274879
459756422
114617150
312499983
765040321
637205176
329844863
764523640
137067068
745810009
306656689
769929921
703780085
96177646
721617140
516383057
714797570
202659087
903221914
941409425
952041196
397991399
32373650
10
983780318
467714031
863078199
607196614
165221582
723262646
261774077
114617150
252718947
771113291
178339009
920705710
93232780
928419854
195828062
942002385
721617140
805371378
32287383
159853745
818265792
342330165
298358833
199260963
621372446
316372179
389927427
990703775
350144964
309914368
498943403
574362865
556007948
965243946
516383057
740630647
178339009
728091607
347090776
27810873
83761743
538094075
524632621
963962664
613007215
632349238
884158612
477546440
340980453
390401256
270710518
95673858
602121847
494874175
802916844
174875262
769929921
45659956
516383057
170864699
862636349
695594278
373635
479810800
658516737
729479599
229218734
297721548
669989313
881729238
1675962
448224737
193275305
997727944
198025561
596813636
137158394
253745379
109320
117643267
318777184
137158394
918455197
167026947
712574938
341482505
109881305
788975441
10043051
217609260
976512426
868296475
23770994
162101766
403891505
255903343
4578874
566262513
93232780
634718488
539639092
482866441
596813636
224809242
70490549
389927427
793831960
349603248
32384110
498805845
342330165
682039550
83761743
186697147
843410497
402737690
172901029
162351693
381440119
316372179
653628516
583090968
48118215
294780030
486167898
267911209
3761461
340980453
39148207
113370599
583585209
988265960
67633894
31503050
513668154
848515506
827874435
451927396
198025561
249420944
303492800
212797702
250424408
436715057
294780030
690471117
725281027
661815621
341867006
248004927
885817727
120198668
717552752
605267200
700167415
700167415
896292231
788975441
372339610
913408437
131225688
349822544
829563740
386593544
130159798
721617140
6531215
170864699
82577153
275507421
573375284
345422821
945309929
493854947
341482505
788404308
568368152
280128240
995547968
82229777
137067068
991400574
573375284
804111557
364670984
112169523
48939993
933866206
503444762
888562390
859488678
482866441
780068949
740630647
773911834
865494791
912208782
167026947
884750607
198025561
503444762
634247715
658516737
250863077
467714031
717399303
415385114
752622835
806066559
354740411
858434152
273320985
867208948
149574139
686406158
342330165
963259521
829563740
827874435
679855380
263095965
32287383
178339009
416976073
223971350
746937336
273799061
912135238
388061120
895940019
436642373
787777460
717552752
945309929
444232445
326901762
699450666
743463954
82229777
717552752
281522810
712915947
595108309
190022544
781080708
849333450
263599447
40904860
843974522
787638947
118638560
347090776
623087174
698436690
138638734
876556612
225799444
353408922
727426351
683538680
304697117
476756985
107816356
279453670
179597442
965384192
885165408
927576408
912208782
964766183
751109629
635178988
751885764
708768480
314413453
280128240
3998093
743928632
721617140
540791553
607196614
25322078
239487316
349603248
198025561
507236163
379135191
14759170
185501014
10
946174554
608423628
397991399
881775823
198025561
3755629
608423628
568354030
777858081
481649164
52883433
376581171
912208782
95673858
843974522
137158394
137158394
436715057
10
620697178
32373650
992780831
557820851
67633894
212237094
18791362
172901029
225799444
341482505
774525134
963962664
655015866
655015866
415385114
193992127
516383057
32111757
436715057
884750607
655015866
784189592
670922242
932497394
187335733
354740411
795285863
68814760
347090776
601439533
103961583
714797570
491252
239487316
298620610
542987109
211960357
690319247
69349174
913117312
208487862
67633894
398089477
95673858
305174163
95673858
93718562
865544553
364670984
58020252
663349178
514245021
489334816
872840945
738200694
150
32287383
118145636
375276516
505115444
874301245
884158612
248590766
402737690
616219499
562986044
706153832
142544211
479810800
207817017
829563740
1
671031858
257573991
409506053
466874320
814632690
384370557
964982728
578377313
459177481
32111757
193436389
831512117
482020824
159853745
436715057
698096747
337753315
388061120
198025561
743928632
437788891
185501014
67633894
372339610
309914368
407671542
239487316
163410716
297516939
120421927
773672248
779034360
216250015
948313852
388061120
66923545
130159798
185007623
734045370
314409236
680748079
795285863
186587623
857191168
503444762
16977106
30188003
245539007
508376313
556785730
70843747
95673858
588916780
389927427
743928632
557820851
333830366
559846644
463535049
82229777
459756422
820694112
887727847
539831708
826002195
857452458
860840585
227255957
69349174
359538580
186587623
749018590
71789363
92758893
172901029
933995555
492898180
23482358
96507421
76082117
83806052
364670984
20832497
307823239
654167456
991435600
117643267
340980453
608423628
602700200
505115444
78646918
498943403
468865425
626701595
306865723
438335358
486742319
247943697
988302004
896547418
389927427
463535049
906251084
130159798
204434900
229872378
42310282
424614948
147924859
556007948
648816111
89205536
172307010
831512117
940644413
444232445
100441623
716100284
226738556
436715057
4578874
89272106
778557779
168210228
635149493
273320985
711265915
840517467
477546440
257339070
83761743
74217871
269522820
522231988
689075782
1
442992424
493854947
179597442
32111757
34139718
312916698
592635368
109320
817353817
87495344
319084423
32384110
109320
824309164
253827608
640937217
719079997
199785190
32373650
96177646
934603198
903221914
602121847
775903404
827874435
493854947
716100284
444805188
486168123
341913567
858980608
378633282
240879853
329313371
267695271
851923888
424614948
717552752
397129535
342402660
155114584
538873596
581264389
827874435
225799444
225222530
739045472
884158612
161008107
290767032
113654585
3384
933891365
637653710
914429044
275205258
32384110
48534149
751109629
446512931
705750506
703196760
227383613
459756422
204434900
975932409
364818299
144577080
787638947
487814049
137158394
345422821
912208782
458432099
89634786
877992409
304557367
843410497
67633894
705914976
326901762
137158394
849859696
32384110
46598156
711265915
434246962
349603248
850903819
184151516
168210228
436715057
798591192
689075782
776589456
745810009
330968336
514245021
396913817
493854947
704852441
16977106
163410716
108563469
32945749
139002838
312084886
16977106
335362996
78646918
865544553
324367954
270710518
885986104
807636714
305643410
240881579
177837476
823046072
238285936
225799444
887434642
975857792
614633990
187919099
487814049
415385114
524632621
680748079
3998093
349120238
354740411
152036529
10
933891365
472750916
178339009
788039253
236992816
423077236
505115444
389927427
614380239
524632621
156285460
920912903
381650236
125268433
156835890
614380239
562681308
903461896
993820579
144577080
155114584
815531036
316372179
137158394
227039090
96507421
1
39218592
179597442
603893488
321588432
795285863
412533633
130159798
83761743
423313871
314274700
23482358
598374889
93232780
371404987
637653710
970156747
991400574
69349174
270710518
343446819
172901029
537351491
131225688
511632660
349603248
594744907
699442149
251297295
581373726
655015866
397991399
318294545
208917888
131225688
372339610
602121847
689075782
679855380
770935442
184151516
458307430
504624902
109320
780068949
787638947
734622500
67633894
562986044
498805845
444805188
444908258
388508612
329313371
251297295
132459181
58020252
698436690
184151516
744074463
249479266
179597442
139407
101428629
473233138
105307349
991400574
251274196
120464735
645141399
933866206
216870947
448224737
78646918
928419854
903221914
966303499
832199491
97713590
977485422
849859696
602121847
716100284
16137654
669989313
746901608
182656933
919965156
673161982
711265915
208917888
454301001
498943403
415385114
608423628
96507421
689075782
548056668
906844034
148159866
338911730
526604473
54250389
109174783
787638947
787324243
327579559
250496828
901383091
495780310
211416234
472750916
735696690
746937336
381924503
174875262
446399373
275127100
860585869
854735706
873735929
972102318
743928632
273643883
188602054
373635
391174582
608423628
162101766
280128240
193275305
477546440
753915896
465127306
92363518
658530320
137158394
986345000
362603295
591086744
395724113
34850360
988302004
159853745
598374889
472750916
208917888
177654679
305348063
280128240
820777211
516383057
156285460
316372179
686406158
68436787
312319443
620848640
802916844
2798098
691319517
705234926
123052705
309018311
683538680
698023180
967102009
669989313
25322078
279478040
548001782
69322707
489334816
366390058
190272221
93898630
539831708
487814049
482020824
96507421
527030158
239487316
952041196
807973025
341482505
415385114
88913883
216367274
686406158
482636632
493854947
470598575
227382860
269522820
391723918
557820851
114542921
863028204
82634005
193992127
747363900
648816111
295498029
912208782
924349645
199785190
248590766
4578874
389927427
612971001
150
335362996
751109629
199785190
527030158
141727042
913408437
208531400
340980453
398089477
840129275
354725244
679855380
354740411
657537719
360890098
314413453
384284029
705234926
160727634
503337797
692358484
100441623
751885764
342330165
416976073
398089477
803039224
117643267
162101766
714797570
448224737
689075782
465564365
349120238
795285863
208917888
541263332
726004676
248004927
340980453
849859696
419821376
165528703
524632621
986345000
278801032
185501014
114617150
630174927
940176894
482636632
978542485
359151517
122368142
174875262
32793799
980877287
320959311
466735649
255478564
329313371
456998092
458432099
3384
398089477
227547313
751109629
314726310
199785190
157920983
124887470
563738915
940644413
912135238
749018590
372339610
124887470
851845869
498805845
807473626
145279528
354740411
807973025
363662955
933075517
581791048
442441499
266801810
608423628
726564134
172070491
604982904
349120238
992780831
662296576
938777942
796358282
919965156
824309164
32287383
532706605
67633894
348914110
747687423
933024352
507236163
151090990
32111757
331886071
4826160
27936905
810284896
178339009
683538680
341482505
641762355
669989313
817289226
130159798
415385114
230057351
498943403
659300005
401016825
192636262
412533633
162050183
756416646
362399368
977485422
208917888
326901762
747363900
389927427
503444762
649329457
1835881
840517467
556007948
107079808
625555747
369865985
23482358
751109629
3384
32373650
661815621
608400896
527030158
598374889
10254205
494874175
10
195828062
167026947
34850360
311132147
691896814
964982728
982869667
257299842
83761743
679855380
100441623
556007948
416509486
314413453
149544260
608423628
227538797
155490397
278976413
489092585
913408437
334903391
912208782
743928632
962807020
393658570
249479266
101868879
802676821
870403697
596813636
860745276
249420944
179597442
661815621
216556976
4578874
278976413
806442151
350048484
139879795
144577080
58020252
479810800
673161982
539831708
251297295
81365164
624593030
574356819
519245174
35883141
359322305
204943833
93898630
768633589
743928632
93909159
406421491
689075782
369984283
48574888
305174163
171369516
304697117
807973025
372339610
199260963
820777211
773405356
994114023
32373650
32373650
199785190
745810009
129720502
424614948
362603295
543662143
280128240
165803742
110324500
347090776
790180415
743181497
352388512
940774396
477546440
350556850
983737932
172901029
467714031
168210228
32384110
72769253
51343552
87408202
626701595
227547313
468565129
888576442
207908345
883031254
964982728
193992127
467714031
803039224
577748136
412533633
981870925
705234926
316372179
106449360
749018590
654713035
290767032
671689474
32384110
389927427
58020252
690319247
988302004
100441623
148211424
915165696
995724125
487814049
92363518
32373650
127994432
137158394
634189226
329313371
885392673
4826160
945510842
195327171
96475864
705234926
986345000
109320
713527386
130159798
1
540610420
663913399
225799444
197014744
498805845
103961583
454536599
993680443
482636632
564964201
416976073
306496567
389927427
67633894
545525098
208917888
933891365
96177646
67633894
848521537
925485025
795285863
728091607
487964220
610625253
249479266
448224737
873735929
658516737
856243324
714797570
498805845
154221862
354740411
807500551
965526892
110468114
649377476
97608950
486167898
988302004
747363900
438194365
326901762
514245021
335362996
680748079
752229570
539831708
557337497
804408656
291848212
159853745
650922601
96507421
82229777
163410716
980178991
129037935
354305559
114617150
58020252
177761533
96177646
498943403
137067068
940644413
614380239
137067068
343038662
186587623
335362996
404462807
561806630
473406407
892153302
56672174
113370599
386265640
70843747
402737690
717552752
560568817
915730742
747363900
637653710
302295321
952461990
495780310
386091289
701203864
716100284
545525098
963962664
482866441
155406913
694732125
786533878
171204739
275127100
886039945
991400574
704852441
96177646
207792956
275127100
700167415
298065349
820777211
297721548
708248180
700333563
373635
995547968
625606323
1037290
507634900
174875262
684849822
706414323
114847355
940644413
108563469
849859696
3384
83313136
528805869
100441623
827874435
564959650
780068949
46649510
96177646
148516861
865494791
762253206
108563469
545525098
738200694
275205258
248590766
25322078
225799444
207908345
490747306
287533360
275127100
573375284
68122741
673161982
63692418
977877415
770935442
463535049
827874435
993246911
705234926
555290951
247277027
316372179
88314671
428901986
100441623
32384110
832749507
563688122
141715827
273320985
539831708
482020824
307745211
611386540
294780030
193275305
531921628
704852441
388350313
439752238
843410497
883764917
92363518
771176322
318294545
16977106
130159798
849859696
178339009
158331465
459756422
309914368
967484655
988302004
538049941
673416175
609551481
108563469
398089477
992780831
561939024
372339610
899187872
444232445
375609956
489334816
335362996
199287140
249479266
269522820
545525098
150032471
92363518
991400574
42310282
330694647
362603295
482020824
369865985
251814302
751109629
838950222
362603295
630174927
658516737
364406895
770935442
964982728
843410497
621372446
777161433
614633990
195828062
802676821
273320985
482866441
272024026
527030158
294780030
216977358
117643267
836110102
839558350
216037612
308454084
770935442
32287383
154221862
403722662
113370599
745810009
482015985
345422821
800416349
144967171
527030158
747363900
928419854
167026947
802676821
980877287
314413453
259137938
66430650
820834745
866081097
824309164
873558448
903221914
981870925
275127100
121413468
155114584
349531305
262664100
49075041
67451953
78646918
95673858
829563740
527030158
270710518
957588339
23482358
714797570
92363518
191120847
482020824
812931512
413960064
315796276
290767032
913408437
818265792
685455407
489010582
275127100
241507430
95867701
314216241
840517467
318294545
93232780
412533633
873735929
249479266
498943403
658516737
142045998
362399368
524632621
749018590
189874901
963189138
227465186
932899217
369865985
840517467
127351431
92363518
714797570
820041063
505115444
108563469
646955553
110780280
95673858
185501014
899266226
704827836
415385114
225799444
568368152
827874435
545885710
516383057
789451235
995547968
249479266
165803742
239487316
273320985
96507421
280128240
300293642
545525098
824309164
373635
199260963
347090776
833322156
885392673
4578874
5460352
487814049
967696636
398089477
602692626
149544260
757458520
740630647
268240958
988302004
269716355
436715057
34850360
797173396
807973025
379135191
439752238
129720502
416976073
748374844
3761461
67633894
706153832
130752217
179597442
294780030
963962664
195828062
78646918
630174927
981870925
657038373
174508143
225799444
795285863
165803742
716574648
975813247
401325810
476400451
109320
198025561
796976013
955670953
961387275
14214703
457230381
34220901
451927396
602325894
298620610
665889763
568368152
969568211
985437076
228252382
802676821
634247715
719108087
404462807
851878139
844322296
853678457
985991770
527030158
482866441
556007948
168544494
649329457
787638947
899162623
349120238
16977106
778557779
1982177
159853745
669989313
273320985
369865985
523748120
200016492
195828062
993246911
658516737
954041621
159853745
253493574
964689961
503207954
786414796
444545856
598374889
772214221
200016492
747363900
393658570
326130161
436715057
137067068
916467404
820777211
472750916
630174927
912863145
929684099
53306760
398179127
494874175
726900882
527030158
882563885
263182500
505115444
585240519
634247715
527030158
312084886
150
368534653
113370599
861687318
380069621
815626465
67086855
719417702
551461393
249479266
154703536
130159798
162101766
239897247
412533633
227465186
802916844
354740411
905558285
482636632
10
867717601
162101766
764523640
369865985
981870925
568368152
658516737
277433230
252339657
662696784
230996460
275507421
208917888
911768315
698436690
545525098
398089477
945309929
800583833
78646918
96507421
340980453
156285460
844930724
539831708
192170564
451927396
309244426
609915826
778025838
4826160
689075782
705234926
227547313
393658570
405572486
108563469
729524809
386302659
966822652
124887470
704852441
329274601
239487316
93898630
988302004
237403272
1
113370599
516383057
990678731
162101766
93898630
329313371
682949578
406966966
916819697
393658570
697893855
178339009
802676821
365328557
69349174
749018590
174875262
478420462
318657872
67086855
686406158
248590766
27810873
96177646
1126589
330936553
919965156
781493109
131832995
326901762
385128008
886430082
459368369
46598156
462056274
655015866
634247715
533145819
227382860
736064498
16977106
470151496
34220901
364670984
794289386
764523640
93898630
362603295
721127893
858487942
193275305
416436762
174875262
329313371
129151366
986345000
162101766
23482358
345422821
60663464
248004927
705234926
416976073
365777724
68789757
466621377
287705777
973193523
507634900
384951437
354740411
398089477
683538680
691765674
93898630
388061120
404462807
862636349
594391571
342431053
288346319
940134973
873735929
291848212
227465186
1
295194487
780068949
379135191
117643267
716100284
785144140
239487316
10043205
743928632
93898630
309632987
885624463
479810800
251297295
568368152
151667782
936633013
495644635
444805188
689075782
354705858
405572486
276812118
81050399
270710518
802916844
787638947
918055945
843974522
46618652
208917888
354740411
952041196
108563469
326901762
495780310
4578874
365777724
952041196
745810009
919965156
698285627
711657769
706117129
974313681
95673858
349603248
764523640
130159798
457247315
654167456
468208928
28605696
683538680
503444762
802676821
340980453
54813212
721617140
6739897
198025561
4536685
524632621
129151366
620776704
149621044
849984377
96507421
933891365
329313371
868296475
993076826
185930935
794289386
494874175
746937336
227465186
296676787
259479111
791112737
524632621
920658937
222756925
219190037
32373650
981870925
980877287
103961583
524131606
462753253
67633894
764523640
32287383
649032276
109320
822772901
963962664
607196614
306773828
614380239
32287383
252883957
507236163
379135191
338911730
630174927
489334816
114617150
964982728
945309929
577265200
726832398
539831708
247717788
96177646
556007948
202368839
324367954
341482505
658063906
397457737
840760526
767246766
82470995
180838682
651011478
673161982
511986178
655804446
745810009
749018590
156285460
3384
988265960
824995415
928419854
78865853
404462807
75246735
639690560
820777211
752115093
305174163
130159798
545525098
204434900
335843715
354740411
169053349
770935442
598374889
269230156
143717787
962622781
129720502
514245021
498805845
397991399
323337285
139065439
143813787
379242791
224002057
898721940
149544260
386608543
499582415
397484831
199785190
769929921
114617150
347090776
46598156
32373650
945309929
470598575
4826160
369865985
32373650
172901029
58633224
312499983
227255957
300444126
505115444
619592108
170864699
714797570
42310282
940644413
514802540
405572486
448224737
626701595
338911730
478420462
217251426
489334816
738200694
227255957
548056668
448224737
129151366
6316328
151667782
389971847
370859607
273017849
932074595
159469089
362399368
273320985
487814049
32287383
159853745
314274700
508587296
267789125
602225086
614948587
372339610
113590887
811288738
448224737
23482358
314413453
354879453
751885764
159648585
933891365
255045252
433556688
324367954
133148335
354740411
865544553
806442151
664430307
165927771
96507421
460708460
1
312229639
794289386
655015866
170864699
198025561
42310282
683538680
97800976
66430650
921559220
524632621
156285460
507634900
90626311
168184132
742085290
867677207
860581495
840517467
306510585
373635
705234926
808619993
408257559
299529615
694296435
948393228
792176160
221744014
144577080
349603248
747363900
505115444
131174164
108563469
649032276
661902
573375284
648816111
150
253899998
868296475
83761743
243122005
441472150
975550934
297721548
124887470
945065603
711226687
287605555
148516861
655015866
448224737
395339598
548056668
843974522
48579726
483383826
436715057
208917888
17510050
325864507
397991399
315916503
275127100
764523640
637653710
940644413
154221862
940644413
556007948
596813636
384951437
736188835
977485422
928419854
514245021
92758893
379526245
367858247
153464626
174875262
630174927
178339009
170864699
493854947
973176238
667615225
724565489
649964639
341482505
208917888
695357735
53388275
804240761
424614948
871125937
988302004
877320443
507634900
405444234
90178527
180291425
67288164
249420944
386265640
225799444
185501014
633088025
95435584
137067068
570641113
498805845
673161982
69349174
936072111
770935442
993246911
170864699
442637445
829563740
769929921
995547968
507236163
686406158
661815621
201286569
686573678
111432911
195828062
630174927
333404900
445768816
291848212
704852441
952041196
630174927
661651832
172901029
162101766
577914542
354740411
165803742
690319247
751109629
850615821
459756422
425233628
945309929
445707181
193992127
145457354
257048295
108563469
347670396
291848212
711265915
23482358
124887470
574525458
342330165
248004927
324367954
898721940
326901762
335362996
50948264
4578874
493693139
870523145
792220112
573802626
498943403
573375284
602121847
359992419
303985246
885392673
314413453
207908345
250656233
388772206
721617140
32111757
862636349
761181740
415562016
556530164
938714637
208499780
124358732
983780318
151752444
849859696
416976073
796348069
986345000
405397823
507236163
952041196
770935442
623747321
887238116
109320
46598156
572170877
630174927
184151516
807973025
794289386
780068949
580551867
487814049
386265640
779370659
65141956
883422889
92758893
149937502
622339494
490503762
493854947
125258839
477374250
111972108
421131140
543883423
885392673
27810873
408735011
103961583
459756422
556007948
362399368
3384
855620643
700167415
577089422
460013221
986345000
3384
149544260
895325558
357982914
661815621
855089023
933891365
482020824
865494791
669102875
240879853
457205866
53449519
716100284
671299517
176717014
365777724
716100284
275507421
405572486
349603248
452316631
493854947
793058034
772214221
728091607
155114584
345422821
416976073
129720502
981870925
436715057
113527928
207908345
222347944
545525098
340980453
251297295
412533633
34850360
290767032
797873437
380178855
940644413
44613601
471733202
239487316
743928632
949821965
524632621
304794161
378564354
930148490
178296630
649329457
700167415
795285863
417631248
200016492
785318882
275205258
595863330
834429163
155114584
661558539
270710518
251297295
483284030
444232445
434399288
806809890
167026947
23482358
78646918
165803742
82229777
23482358
152058718
386265640
759459414
362603295
514245021
155114584
738200694
26973438
247172060
195828062
398089477
194117649
899875926
764523640
32384110
165105338
354561141
329313371
679855380
865494791
165040419
472750916
519545956
155114584
935993600
162101766
568368152
467714031
109320
3384
673161982
827874435
344034081
130159798
412533633
316372179
39218592
872335373
137067068
410968945
95898267
865544553
7578937
885558115
208917888
247005109
472750916
397991399
716100284
32373650
248590766
299151967
870035770
451927396
144989693
711265915
444232445
679855380
291848212
5708732
489334816
312084886
716100284
397991399
195828062
605194827
448224737
621372446
883994577
99519632
772214221
17179764
482866441
467714031
558030086
505115444
92758893
342330165
172901029
823046072
649320934
280128240
312499983
524632621
715650873
248004927
827874435
207908345
248129689
704852441
672000253
326901762
704852441
764523640
988302004
340980453
36120129
649329457
479606501
545006677
898721940
96507421
773118870
365777724
389927427
648556615
593577749
267253528
573375284
4578874
903221914
165803742
309914368
721617140
596813636
530495430
637653710
388061120
663349178
69349174
165105338
320376099
151667782
397991399
124663373
881775823
637653710
249420944
682552353
974378311
341482505
648816111
860610263
235316927
239487316
309914368
820777211
514245021
679855380
163410716
963962664
559280229
746937336
933891365
329313371
704827836
622383736
728091607
610107499
162101766
174875262
873735929
738200694
40677961
249479266
248590766
362399368
275127100
129720502
401016825
314274700
845180303
614380239
807110972
270710518
217421001
165803742
478420462
32287383
986345000
698436690
896640895
747363900
109320
614380239
751109629
680441459
634247715
903221914
345422821
391065782
673161982
114617150
248004927
304697117
311900343
444232445
873735929
773118870
724437041
679855380
199785190
171515723
131225688
93718562
843974522
507236163
912135238
673161982
983780318
227382860
764523640
843640333
654167456
105506992
162101766
530887506
107816356
341482505
179597442
482020824
354740411
316372179
439946301
172901029
401016825
683538680
928419854
249420944
261136025
539831708
16977106
803039224
151667782
865494791
322826300
10
588457572
700416308
434921230
349603248
457230381
12214666
423150651
350433722
873735929
354740411
557820851
725120461
148516861
992407830
986345000
129151366
349603248
174875262
67086855
479810800
933446941
278976413
67633894
335809275
539957353
714214933
208879885
667466873
216936970
199260963
594975188
507634900
818265792
124887470
557820851
324367954
995547968
873735929
256001243
124887470
167026947
998566912
397991399
957840481
156285460
248004927
92363518
185720297
477546440
482020824
337028488
253240705
572237287
250981389
991435600
151667782
692012786
848205658
186689387
614633990
95673858
482020824
381298896
824309164
654167456
117643267
149231883
963962664
193275305
803798510
1
13050427
655608406
305174163
251297295
865494791
7634720
278976413
557486006
78646918
689075782
773118870
227382860
775264110
607196614
862636349
903221914
493854947
495780310
505115444
806442151
627213304
176717014
637653710
706153832
711265915
902358897
732824555
169604919
704852441
988302004
369865985
11543677
95673858
276805009
545525098
4578874
416780018
554898050
170864699
32111757
273320985
626701595
717552752
747363900
9681243
852419070
137049289
4578874
239487316
416976073
1
556007948
676694350
24581294
269522820
466444497
148516861
275205258
494874175
155114584
563195066
286583802
765926969
516679394
404812113
988302004
117905361
193275305
121413468
884158612
905898800
245658016
988302004
677334823
548056668
110365140
661815621
716574648
470598575
973656858
903221914
322033839
162101766
478180338
177277628
174875262
129720502
174875262
141977401
747363900
505115444
723080774
249420944
185501014
127702189
850014232
198025561
709409649
100441623
588664751
248590766
933866206
444805188
92758893
150
283118199
150
298620610
995547968
664690285
388061120
507634900
193992127
952041196
649329457
602121847
472750916
764523640
831512117
818265792
46701852
141566776
69349174
664264509
479810800
153689410
240879853
992407830
342330165
150
613335496
486167898
280128240
248590766
369865985
58020252
761524230
669989313
822860603
815545952
182081454
516383057
275127100
280128240
856806977
306740671
495574820
528747288
761943685
637653710
5318786
507634900
714797570
441255203
6943590
183146029
312499983
556963316
829563740
340980453
880706681
283037051
769929921
529356142
734585510
298428995
457230381
514245021
992780831
156285460
933866206
482020824
186647436
824309164
397129535
430546979
129151366
888658272
330936553
784115519
170864699
251297295
503444762
539578124
567784051
386463280
711077372
658516737
100441623
802676821
787079658
316372179
248004927
787638947
746937336
401016825
397552860
817040124
397991399
314413453
797014420
3998093
100031837
10
95673858
788414613
329313371
372339610
960276768
158738412
991435600
341482505
635263633
539831708
746937336
312499983
478420462
850158986
36815787
239487316
199785190
341482505
347090776
103961583
862636349
314274700
144577080
749018590
637653710
740630647
372008422
27863284
1
10089333
230049142
58020252
67633894
706308253
889972751
3998093
278611643
275205258
505115444
46598156
712053292
249479266
27810873
200016492
482020824
634760958
309914368
34220901
540791553
115556241
170880689
459756422
329313371
977644079
32384110
67633894
351092101
100441623
16977106
431810399
787638947
138765081
95673858
1
649032276
589162912
113370599
162101766
198025561
275507421
761745886
540791553
32384110
39218592
956353579
119634306
349603248
174875262
743928632
170864699
193210125
963962664
16977106
25692162
828371855
295559557
539831708
548056668
442017468
94039420
482866441
802676821
124887470
794289386
329313371
505115444
397129535
72949428
151667782
273320985
198025561
721617140
821663751
193275305
437063313
711265915
269522820
285939714
705234926
228561667
388061120
658516737
817954174
124887470
739710053
150
92758893
67086855
802676821
165802216
16977106
992780831
185930935
598374889
226371406
93232780
948405877
969238012
749018590
983780318
794289386
769929921
457230381
342330165
583117419
717552752
545525098
199523422
16977106
321234206
151667782
109320
32384110
915345774
291848212
39218592
397129535
807973025
277807022
281255127
502171651
184151516
207908345
556007948
500248865
649500864
193275305
416976073
550685592
760410833
764523640
585794629
129151366
581264389
3384
386265640
608423628
482636632
705234926
451927396
962899194
673161982
137067068
745810009
436715057
663349178
828340644
96507421
482020824
149544260
912208782
319349302
21117028
352305037
722443406
412533633
96177646
329300572
496544605
157708737
34220901
981870925
491542373
539054344
977395948
174875262
117643267
689075782
99011452
928419854
94205872
388061120
824309164
679855380
689075782
751109629
940644413
806442151
567142301
133999576
656784722
993246911
531000629
868296475
933891365
198025561
892662888
700167415
415587390
178339009
867677207
19104488
398089477
249888997
954759017
270710518
304697117
721617140
148516861
227255957
711265915
96177646
434577464
795285863
397991399
167834319
372339610
227255957
988302004
749018590
481366216
458153617
983780318
970844253
39656105
770935442
198025561
25322078
486167898
296097834
739611935
529687748
966116654
538337768
110000117
13736535
436715057
885392673
713127838
606323087
884750607
464063534
838747388
388483762
199785190
693506722
102139673
516440680
945309929
326210510
204850444
257229418
598374889
658516737
823046072
1
314413453
180120729
436715057
181847325
248004927
980877287
716574648
482636632
790639721
819193428
354740411
663349178
248590766
364670984
716424691
950464920
382836315
780068949
344881974
714797570
751109629
921388534
926733085
114617150
3384
193992127
680748079
108563469
602121847
396981432
716100284
949328451
185501014
952041196
494874175
380739704
280737514
138421859
884158612
314413453
629368549
145075717
575614790
415221853
156285460
362603295
714797570
600451545
981870925
670931384
943858234
557337497
364670984
109320
34850360
700400306
658516737
967102009
104220157
447355954
614633990
109320
46598156
32287383
940644413
507634900
274443176
67086855
273135953
661815621
129151366
645052503
444805188
298620610
903634846
494874175
35987882
977852189
412533633
494494322
729735731
965161469
249420944
950015668
824309164
903221914
844581149
827874435
444232445
865494791
338911730
126386526
565116732
602609711
446100420
980877287
39218592
791270259
885392673
630174927
381983860
717552752
240879853
345422821
345422821
928419854
477975159
290767032
114617150
66430650
676085077
614487173
335362996
364670984
200016492
865494791
186587623
487814049
313202705
748656170
875747178
470598575
787638947
25322078
156285460
368835177
842176960
322674144
185501014
251297295
304697117
198025561
596813636
227255957
492653006
78659817
349120238
93232780
312084886
405797840
733924183
163820854
369865985
444232445
596813636
530861746
477546440
738200694
435142914
862636349
314413453
751109629
482020824
97528535
668643162
775046394
928419854
844738952
124887470
648816111
836928718
199785190
952041196
751009982
340980453
479810800
647306874
108563469
986345000
309744942
738311393
306747458
312875993
966711268
988302004
865494791
807973025
599572043
343857136
109320
884750607
647688034
314274700
581264389
314413453
32287383
369040842
270710518
416663682
157222252
399317828
251297295
790758431
318294545
539831708
93898630
840517467
766493238
719456570
738200694
227465186
109320
772214221
873735929
507634900
404462807
150
199785190
314409236
912208782
178225261
683538680
66822028
89741062
397991399
172901029
256839652
568368152
626701595
773485779
372339610
986345000
146851643
743928632
851751372
714403436
92758893
806442151
69349174
329313371
613853252
122928113
204798161
293575086
195828062
227465186
26779811
178339009
294780030
96507421
739925822
746937336
626073671
477546440
209299408
304697117
404328003
690906979
770935442
10
913408437
840926067
486167898
749018590
7231603
717552752
70843747
340980453
193814734
69349174
207908345
655015866
621372446
312499983
103961583
912208782
324367954
151667782
986345000
94508760
156285460
281215716
443607341
683538680
338911730
149544260
1
716574648
381727552
362603295
498943403
376369766
153837047
778557779
614939742
482636632
46598156
314711830
444232445
291848212
746937336
124561233
747363900
751109629
159853745
493854947
399181865
928483383
172901029
711265915
933848389
696771555
294780030
80081315
495054600
232894184
993246911
398027929
635595107
444805188
658516737
324367954
933891365
637512214
482636632
306285125
493854947
137067068
912208782
375374880
294780030
198025561
557820851
902438661
669989313
890194644
746120475
983780318
354740411
990853916
67086855
348775921
795285863
498943403
576100854
835095883
581264389
400396760
211960357
568368152
386265640
297721548
995485788
275127100
873735929
23877780
557820851
113964315
698436690
482020824
162101766
704936703
458838415
448224737
758723505
10
383900144
227255957
86594773
188083249
10
342942249
199785190
704452766
993910896
304697117
548884564
415128640
894492021
67633894
364647810
93718562
215475011
95673858
386265640
486478973
621355943
297721548
405572486
936039811
978257069
646589375
626435809
407427282
751109629
787336131
212165711
298620610
494874175
839462042
323358404
444805188
602121847
5538499
995547968
167026947
78646918
829563740
658516737
32373650
495780310
265097797
124126084
587323987
988261697
733022381
45474944
326901762
412533633
326901762
301016388
415385114
275205258
701839195
270710518
77019032
228292162
704257176
846827481
436715057
275205258
829563740
524632621
173357820
165105338
178339009
509947958
92363518
23482358
981870925
159853745
339598083
716574648
225799444
569387233
705234926
239487316
724169816
906243949
482020824
150
267644753
155114584
4578874
404462807
531573052
1037290
92758893
124887470
340013520
108563469
107907298
331613921
782536486
632272435
275127100
92758893
151667782
540791553
524632621
326901762
388061120
661815621
117849343
193992127
114617150
614633990
117643267
444805188
179757747
251297295
539831708
919393429
376236790
151667782
27810873
712519608
848806579
163742960
607196614
505115444
663349178
829305173
444805188
557337497
952041196
305174163
560894394
903221914
896020650
608072958
314413453
444805188
945309929
282283821
493854947
444232445
298620610
146813447
342330165
121413468
607196614
912208782
992780831
745810009
341090354
896453474
873735929
865494791
450263159
919965156
806442151
933891365
991435600
242026776
459756422
596813636
49324040
139589054
545914895
574495035
389927427
59394515
607196614
746101605
67044906
96177646
163410716
545525098
345422821
865494791
137067068
92363518
204434900
829951939
280128240
498943403
227255957
176717014
630174927
701091990
598374889
495780310
992780831
805113858
473617168
457230381
681826953
444232445
129720502
557820851
362440155
34850360
163410716
785412458
250656773
967102009
781919903
329313371
383106027
871663800
203680267
163410716
27810873
342208700
604785225
716078072
557820851
834429163
803039224
953424216
873735929
803970783
923481198
162101766
362765979
248590766
419569506
467714031
294780030
316372179
93718562
912135238
142151251
159853745
495780310
238911405
297721548
289315738
365777724
686406158
903221914
251297295
614013372
248590766
360977488
607196614
753616177
312337626
439752238
868296475
159853745
495780310
386265640
107299447
405572486
286277441
607196614
714797570
155114584
298689754
198025561
340980453
696928618
96507421
596813636
834429163
109320
554555345
562134115
562986044
862636349
595797440
686406158
873507583
840517467
93898630
669989313
559063242
831202863
793215755
430480254
557820851
585240519
769929921
934438881
704852441
34220901
963962664
498943403
129720502
991435600
802676821
291056797
185501014
208917888
326901762
189874901
482636632
140555450
953956490
220087846
398089477
868296475
820777211
24991345
345422821
42529487
514245021
215022287
309914368
914271464
97629115
885546320
614380239
240581388
514802540
474785838
596813636
271232848
751885764
721617140
807973025
769929921
3384
751885764
157000804
784125212
155114584
409474851
126620606
704852441
745810009
649329457
482636632
239487316
598259725
799968944
199260963
711265915
686406158
957400738
54927622
32373650
156186691
303917096
793500774
458432099
716367867
845329595
970256875
519405760
807973025
522235782
746937336
184151516
545525098
823046072
740630647
248004927
630174927
92758893
44463306
362603295
297721548
92363518
397991399
242580867
127430097
903620536
980790278
862636349
781360299
897735636
1
372339610
163410716
669212629
742020690
669551160
995547968
751109629
243716346
724974163
227255957
130159798
416976073
588474902
472750916
386265640
200016492
362603295
714797570
704936703
824504758
704936703
372339610
397991399
533915883
345422821
129151366
275205258
326901762
467714031
253587418
389927427
330036317
193275305
611468606
843974522
159853745
788975441
865544553
437010633
658516737
820777211
967102009
204434900
115300123
514245021
757334878
389927427
716100284
540791553
843974522
311001405
372339610
33417525
150
909735016
100535344
189874901
189874901
390163409
624865001
726625514
474260653
794524302
788975441
165803742
364670984
927808695
482636632
717552752
389927427
966411080
349120238
689075782
704852441
379135191
67086855
149544260
843410497
275205258
1731774
524632621
847427596
121413468
573375284
711265915
673161982
129151366
193275305
461072338
93898630
992780831
637114490
980216006
395964829
152476608
648816111
144577080
442381529
971517247
193275305
673161982
820777211
482866441
792464758
150
816889042
249479266
816292289
412533633
655015866
369865985
983780318
386440489
545525098
130159798
254861049
470598575
128958127
165803742
202959551
452535905
82229777
259921712
541031416
527030158
148516861
605279441
459756422
618765888
635157967
283761888
489334816
664766646
303428540
809686123
192544859
787716432
614633990
778557779
654087379
919965156
137067068
912135238
379135191
390565807
144577080
686450578
779370659
23482358
133418443
349603248
840517467
343616571
448224737
84952290
530793872
555506567
743928632
418195569
369726460
158756390
696368580
772214221
747363900
562205904
948190663
347090776
129151366
108563469
474736203
332286784
548056668
312499983
163165426
165105338
689075782
291848212
129720502
749018590
873275555
397991399
556007948
286839985
103961583
716100284
596813636
111458503
494874175
92758893
964907765
199699469
291848212
379135191
745833904
167026947
780632187
853317062
156632231
40626882
141096382
270710518
868296475
168210228
136235864
298620610
709890459
533411755
207908345
412206827
358245168
873735929
124887470
163410716
309914368
124887470
103961583
379135191
884158612
304946891
952041196
3384
548056668
248626430
386265640
945309929
477818265
928419854
470598575
745890740
335362996
680890713
129720502
557343314
884158612
137067068
389927427
93898630
789850643
752596884
314274700
827874435
493854947
275873408
827874435
491984995
408202887
683538680
654167456
769929921
885392673
515250401
769714038
498943403
1
366743624
34850360
818265792
314274700
562986044
959501001
184404455
950992135
740630647
170864699
933891365
113370599
743928632
914179670
496124334
323706240
1037290
661815621
10
844975319
626438205
239487316
165803742
291848212
326901762
397991399
717552752
795285863
46768993
66605158
170864699
827874435
193275305
538131376
397991399
809068695
802182130
85675034
42514168
795206811
995547968
100441623
408523371
698436690
919965156
689075782
773118870
704936703
632304853
995547968
952038230
714903641
989627803
558067853
249420944
100441623
555573743
791856283
411431483
650357694
498943403
593122953
930373164
349120238
259333219
414728055
802916844
596813636
386265640
673161982
608215400
472750916
14098475
928718774
469452250
945309929
122042131
738200694
94089354
63308091
10
503337797
200016492
988302004
316372179
742804046
275205258
89633979
583611876
34258260
749018590
459756422
769929921
556007948
176717014
96507421
983780318
1271233
148516861
978269494
292494198
626701595
199785190
499135215
909035373
155114584
596813636
680840027
992780831
686406158
490358070
498805845
199785190
137158394
972934202
184151516
643665615
487724540
342330165
387120643
309914368
137158394
269522820
159853745
993246911
772214221
718539941
249479266
448224737
597013651
596813636
714797570
287919298
478420462
24489570
162101766
594402491
402737690
760431413
487814049
10
983346428
669989313
527196031
614380239
945309929
946328235
58020252
227547313
355762335
709484549
243524897
331479634
950241771
602121847
673161982
829563740
162101766
470598575
467714031
32287383
505115444
275127100
681463454
67633894
362405717
172901029
170864699
880697049
486167898
108563469
168210228
810990460
881775823
46598156
448224737
555573743
46598156
149544260
314409236
918435005
275507421
278976413
388061120
251297295
32373650
316561680
379135191
66430650
799064287
188900367
981870925
498943403
174949198
298361537
679855380
654167456
70490549
95673858
714797570
239107858
482020824
888435925
865632911
46207497
130159798
655660392
159157549
66430650
232530407
27691404
821987704
867677207
840517467
988302004
767711286
320824261
96177646
467731431
129151366
354740411
372422988
928419854
163410716
717552752
389927427
32287383
981870925
780068949
658440073
632318737
128009338
507634900
70843747
444232445
608423628
598374889
362399368
298620610
412533633
545525098
291848212
557820851
69349174
865104697
226468289
200016492
114617150
342330165
227465186
638963489
137158394
745810009
25322078
69349174
931969784
4578874
862636349
580930290
174875262
457230381
507634900
888517785
321393164
92363518
280128240
540791553
867112301
297721548
783177600
843410497
923228361
893330762
843410497
266810582
774564598
43390134
103961583
884158612
649032276
945309929
30011318
227547313
723849906
137158394
298620610
443607341
969555420
416976073
208917888
192330683
46598156
294780030
489334816
172901029
704852441
147140152
568368152
150
397991399
155114584
823046072
200016492
835714174
451927396
689075782
137158394
397991399
963962664
802676821
740630647
530494415
505115444
73547329
315809735
291848212
326901762
148516861
283410140
926906724
114617150
130078320
23364714
806442151
1
579339595
305202301
771733562
150886920
903221914
607196614
239487316
171498469
463535049
628230058
868296475
166658755
507634900
68252205
672452440
170864699
343142267
159853745
227382860
298256871
568368152
608423628
829563740
779641691
830147253
181391275
632965790
787638947
487814049
280128240
424490085
542785424
933891365
97622801
843974522
312499983
740630647
849859696
903221914
752126829
335362996
179597442
154221862
314413453
3384
280128240
471945527
170864699
557820851
747363900
444788540
979992373
548056668
1
155114584
162101766
291848212
289099823
602121847
395441487
429642184
151667782
380037783
364670984
478420462
983780318
58020252
278976413
658516737
157801031
626701595
521874166
777748439
213766426
430072568
470146282
489195408
700167415
769929921
829563740
198025561
614380239
4826160
122042902
347090776
196877901
37701524
536881702
711265915
498805845
551905097
894020176
860999021
508926365
704852441
416976073
413960064
489334816
946055574
10
964982728
463535049
596813636
48978338
415385114
398425247
444232445
477546440
760738968
588870687
461035315
341370921
305174163
47992652
478420462
117643267
912135238
498943403
379400870
393766436
635553149
494874175
679855380
67426265
34220901
314413453
137158394
871519537
764523640
365250973
771957237
109320
963962664
800007728
144577080
711265915
353306159
564398805
129720502
349120238
823046072
977485422
227255957
144577080
200016492
918055945
275205258
557337497
344182263
699622906
743928632
980877287
184151516
275507421
634132943
552010818
238795362
706157154
608423628
398089477
787638947
991400574
705234926
389927427
4578874
137158394
825842743
771379172
60033862
405572486
479810800
995547968
364670984
120064939
416976073
556007948
24747812
746937336
185501014
326901762
524632621
472750916
940644413
78646918
67633894
898721940
368044968
654167456
967378406
444805188
872959333
121413468
951891462
992407830
873735929
448224737
648816111
165803742
680748079
608423628
369865985
218844265
607196614
273616440
384802192
239487316
988302004
721617140
807973025
630174927
379135191
749018590
291848212
477546440
443499251
144577080
505115444
412407303
714797570
96507421
716100284
658516737
574772636
280128240
150
176717014
873735929
843410497
10
787638947
912208782
156285460
884158612
947017786
291848212
416537750
665398202
976889406
144993767
581264389
988302004
969917584
264095996
397991399
527030158
124887470
655015866
275507421
309914368
379135191
424895799
77275130
496099384
898721940
35724631
269522820
45036465
978880753
312084886
397991399
249420944
137158394
540791553
193275305
671484002
491953972
144577080
347090776
988265960
113193979
425247944
208917888
379135191
314265295
799929300
761051447
354740411
493854947
398089477
32384110
200016492
800991159
364640259
691012493
716100284
170864699
823046072
365777724
602121847
9512366
269522820
820777211
587008191
849859696
747363900
326901762
614633990
196015583
616990639
482636632
93414130
83761743
778557779
639264790
349120238
570809975
252107379
865494791
463535049
963962664
175450254
760677289
673161982
940644413
475358287
200184884
109978650
251297295
489334816
462937802
9877760
573375284
616405475
865494791
700167415
256270873
335362996
482866441
976551083
679855380
71668433
695694360
851404943
637653710
185501014
362603295
151667782
983780318
994338722
834429163
432189097
96177646
746937336
243454818
312499983
167026947
487814049
478420462
192525149
926608293
986345000
444232445
448224737
31247110
711265915
717552752
151667782
795285863
59254412
865707949
614380239
338911730
194545001
309914368
614380239
375594669
193275305
614380239
884943542
614633990
151667782
704852441
862636349
747363900
899023734
192974049
178339009
459459148
658516737
249420944
482020824
92363518
986345000
807344428
794919624
821987704
248004927
769929921
111206331
494874175
545525098
740213944
988302004
524632621
345422821
314274700
379135191
193992127
743943230
187934589
743928632
649032276
963962664
16543092
714094313
505115444
443729879
524632621
162101766
833428309
873735929
505115444
995547968
114617150
362603295
607196614
859024787
39218592
316372179
156285460
658516737
185501014
16977106
977485422
519482943
458432099
751885764
275205258
21838359
630174927
326877343
869015978
740630647
945309929
108563469
159853745
444805188
471729904
614633990
840517467
867677207
738200694
542818254
843618902
850933802
829563740
178193150
185930935
912135238
836878314
113417789
983780318
