253086967
67086855
868695909
198164825
227465186
137067068
655015866
489334816
284646272
913408437
67633894
248004927
294780030
52943655
505115444
27810873
611062686
184151516
478420462
199260963
416058115
34220901
986345000
168210228
239487316
225624326
615918425
626991169
93898630
991400574
155114584
404462807
704852441
220331985
181167798
958501618
705234926
92363518
658516737
314413453
71639497
93232780
988302004
121413468
749018590
123495883
178339009
70726845
404861081
806442151
113370599
342330165
986345000
3384
712593459
906809823
25322078
100441623
777484112
837819000
373635
116921720
275507421
273320985
402737690
25322078
885741214
45358558
147678295
124887470
918055945
443607341
824309164
239487316
489334816
280128240
795285863
58020252
365939123
287357944
404462807
309914368
945309929
979992373
829563740
10
772214221
799839857
165803742
18699197
349603248
746937336
251259117
919965156
335362996
663349178
227166721
479285113
804694219
478420462
771584183
249420944
843974522
482866441
458157683
807973025
354740411
43233371
881775823
992407830
117643267
129720502
23482358
415385114
53602931
117643267
155114584
141239727
67694943
686406158
752960071
16977106
364670984
27810873
70843747
843410497
834429163
239487316
655015866
64369285
109320
153792874
287957504
248004927
16977106
131834726
436715057
467714031
162101766
812827006
137067068
655573331
820777211
486167898
683538680
717552752
170793569
199260963
16977106
933891365
969436429
555573743
16327641
117643267
137067068
278976413
32287383
614633990
558721603
23482358
71162014
482636632
574592550
179597442
4826160
444805188
271465201
710941133
614380239
992407830
457230381
236128486
716574648
67633894
983780318
478420462
134602400
634247715
467714031
644138984
113370599
305174163
248590766
397991399
843974522
299574390
227465186
981870925
159853745
28845004
369865985
988302004
368900115
172901029
884750607
200016492
782866131
916840816
741325499
884158612
340171357
23580038
108563469
249479266
764523640
608330152
199785190
251297295
740630647
108563469
27810873
779342623
150
997818744
388061120
573201338
154526008
176717014
444232445
510880867
113370599
83761743
693240663
681479397
918055945
278976413
83680089
121413468
378386632
714797570
326901762
225799444
5492769
661815621
780068949
780068949
32287383
341482505
840036785
986345000
70843747
225134799
96507421
151667782
285007109
448224737
424115567
32373650
338911730
296054130
439752238
608423628
261559771
3384
1037290
794289386
478420462
614633990
516004815
208376891
396777727
389927427
23482358
96177646
885228917
200016492
312499983
297721548
362603295
149544260
251311355
343807545
67633894
679855380
118207752
794289386
163410716
269391510
185501014
248590766
340980453
405572486
95673858
301583731
444805188
386265640
649329457
827874435
58020252
637945106
273320985
809269347
649565581
602121847
507236163
478483865
362603295
16977106
482020824
827874435
503444762
792513139
540791553
507634900
988265960
658516737
239292421
453620690
714797570
3384
983780318
326367573
772214221
988302004
806175779
735980067
68760922
607196614
193275305
912135238
198025561
865494791
162101766
788887048
873735929
461966501
347090776
516383057
903221914
412533633
658516737
738200694
614633990
113370599
297721548
269522820
78646918
338911730
862636349
459756422
486167898
589937021
539831708
507634900
415385114
714797570
472750916
479810800
416976073
167026947
172901029
316372179
30752797
150
780168330
898721940
365777724
335362996
280128240
487814049
459756422
93232780
117643267
741561957
159853745
330228909
207908345
304697117
457230381
783986550
607944805
780940221
49916582
910712455
596813636
824309164
156285460
96507421
249420944
860655
608423628
302243432
561159326
129151366
787638947
402051129
981870925
251297295
540791553
704852441
602121847
633664114
335362996
362603295
539831708
608423628
919965156
412533633
10
663349178
305721300
992780831
389927427
870373808
218811001
100441623
580533565
556007948
807973025
980877287
314413453
614380239
394335276
802676821
172901029
628753497
298620610
486167898
193992127
704852441
109320
543896338
680441459
184151516
753852611
172901029
791739225
255170668
967123170
108563469
227255957
108563469
165803742
309914368
993867504
498805845
698436690
34220901
4826160
345422821
755678061
207908345
305328214
290767032
514245021
176580518
733357110
162101766
630174927
96177646
673161982
92363518
176717014
470598575
101344103
303231640
683538680
912135238
757293291
498943403
34220901
93898630
93898630
347090776
444232445
843410497
539831708
70843747
67086855
241981649
227255957
881775823
503444762
795285863
309914368
451927396
267432033
373635
478420462
992407830
366852300
87284161
458432099
96507421
268086056
472750916
61010834
965243946
782729737
802916844
130159798
298620610
485816476
807973025
144577080
155114584
509244039
925661300
194606036
740630647
298620610
721617140
168210228
343092524
467521092
16977106
23482358
199260963
345422821
248590766
84950928
452965944
658516737
524632621
666612171
148973525
124887470
340980453
335362996
606804543
32373650
494874175
493854947
544112977
482866441
524632621
587323057
199785190
634247715
123046581
670560961
478420462
833429547
263674933
635567182
988265960
326901762
701962029
749018590
514245021
747363900
509486535
16977106
185501014
4826160
253534545
778609620
540791553
593619767
829563740
100441623
451927396
354427317
665275326
199260963
912135238
309914368
487814049
745810009
372339610
248590766
654323231
482020824
32384110
770935442
490309322
234313280
384951437
721617140
787638947
112763584
227255957
398089477
788975441
66430650
50994650
167746270
78646918
868417792
539831708
92363518
945309929
680441459
823046072
965243946
701060830
144577080
661815621
477546440
278976413
693286017
912208782
888766872
986345000
950662520
271131806
279664423
439752238
555573743
801742296
113370599
912208782
349603248
881775823
248004927
820777211
482020824
415385114
527030158
148406600
316372179
602121847
461067118
294780030
405572486
401124750
129720502
728091607
325540728
130498284
26336935
823698203
67633894
904784761
843974522
794289386
63473507
818265792
482636632
722198538
208917888
150
335362996
198025561
498805845
751109629
129720502
436715057
397129535
181695564
967102009
993135192
362399368
195828062
907486683
568368152
163410716
372339610
807973025
655015866
117363128
32287383
239487316
549071390
912135238
32287383
67086855
991400574
648816111
472750916
526599317
10207526
362603295
174875262
273320985
980877287
782403637
700167415
648737199
977485422
397991399
823046072
614380239
95928159
988302004
4578874
86568720
493854947
486167898
562215887
503444762
917024031
928419854
141460220
644193631
103221085
219164297
86632526
280128240
33976796
482020824
214205928
565982676
745810009
900995289
95673858
60180400
485111648
93898630
516106381
451927396
700167415
879949024
928419854
323775697
57094046
514245021
527030158
482020824
637653710
774104701
507634900
316372179
39218592
364670984
705234926
151208246
822936595
751109629
211960357
297721548
823046072
444232445
740630647
557820851
457230381
170864699
387120643
540791553
150
992780831
478420462
820777211
596813636
705234926
345422821
482866441
873735929
31741180
886163388
165803742
312499983
700167415
174875262
280128240
398089477
185501014
251297295
4578874
444232445
436715057
70843747
349829260
572919683
988302004
726522052
738762118
864561055
634691812
749018590
903552753
199260963
185501014
527030158
327011167
95673858
278976413
991435600
842954317
747363900
79558710
151667782
192827545
448224737
369865985
952339187
568368152
575116429
67086855
473293752
290375098
637653710
208917888
412533633
92363518
673161982
25322078
225799444
185501014
674938405
275205258
43933239
498805845
807973025
495780310
952041196
872162440
255730846
67633894
743702203
114617150
34850360
904982774
778557779
898721940
290767032
386265640
802676821
467714031
573720903
602948553
826398050
96576952
991400574
174875262
493854947
596813636
314413453
179597442
716921131
227465186
613323745
842818507
388061120
92758893
751885764
626701595
362603295
90421144
991435600
870022663
54020391
10
467714031
514245021
596813636
899540701
95673858
764523640
545525098
92363518
316372179
660554538
83761743
372455147
683538680
862636349
436715057
661815621
66644336
614633990
199260963
21874573
457230381
179597442
424994752
759927301
749018590
487814049
992780831
802676821
849859696
728091607
884158612
843410497
915510762
203810248
494874175
1
108563469
824309164
741056962
83761743
193275305
708442867
454933126
478420462
348832137
716100284
95673858
787638947
42310282
4578874
986345000
747363900
983780318
903221914
890777350
964982728
768702560
834429163
704827836
721617140
979992373
818265792
498943403
551718515
816921285
25322078
227547313
980877287
318294545
415385114
943952086
240879853
995547968
738358653
548118384
507634900
342330165
779370659
933866206
111379503
1
941848496
129118985
90084179
726185148
249420944
648816111
249420944
70843747
185930935
436715057
69349174
260109559
614633990
249479266
677325569
93898630
436715057
933866206
96507421
780068949
756101375
656262528
67633894
114617150
69349174
96177646
238913219
478420462
992407830
862636349
227465186
58020252
313189842
331551696
910976394
867677207
986345000
482020824
309914368
359839523
842176960
744786579
82229777
961941898
354740411
316372179
298092632
516383057
979992373
992780831
449743042
827874435
199785190
503444762
780068949
482020824
174875262
617784588
718331061
80063381
334413797
354740411
121413468
838365564
626701595
932309004
735774378
375241494
840517467
556007948
314413453
193275305
342330165
679855380
326901762
964982728
129151366
341482505
123385851
398089477
828009442
224004271
384951437
726185148
644103465
4578874
873735929
519031794
92758893
23482358
416976073
60055446
3384
96177646
23482358
129720502
369865985
275127100
131225688
42633975
698436690
369865985
658516737
111975598
148516861
405381665
711265915
503444762
179597442
167026947
162101766
614380239
751109629
182915059
918055945
124887470
429996507
325172024
316372179
91913989
198025561
843974522
185501014
463755641
621372446
277605862
402737690
823046072
102027080
524632621
458432099
199785190
705234926
527030158
874358832
172901029
669989313
32287383
582646607
398089477
562986044
960221993
398089477
127701358
769929921
933543452
349120238
227382860
607196614
67086855
840517467
130159798
806442151
439752238
482176222
165803742
416976073
834985958
159853745
770935442
389927427
229690454
329313371
362399368
992780831
751885764
172901029
312499983
803039224
257179747
649459888
545525098
623204493
507236163
162101766
93232780
477546440
743928632
829563740
416976073
488303011
34850360
421395942
745810009
324367954
524632621
67633894
627810399
663349178
608423628
769929921
729861859
151667782
78646918
388061120
654167456
373635
240879853
93898630
849859696
364670984
444232445
207908345
172901029
928419854
868296475
967102009
27810873
887343207
788975441
227255957
749197284
711265915
178339009
897965486
3384
372339610
200016492
96507421
802916844
700167415
630174927
61664420
654167456
487814049
764523640
349120238
346125837
751109629
602121847
249479266
227382860
738200694
241518487
47581712
386265640
695982831
107816356
386265640
644817886
829624971
860972341
32287383
57335304
363158158
278976413
478420462
818265792
965310254
227255957
159853745
162101766
112439884
716100284
128065900
243683178
459756422
170864699
187326752
837177956
824309164
658516737
173309792
751885764
647868049
298620610
482636632
795123726
242227263
443607341
514811540
963962664
483219106
108563469
711265915
663349178
639972618
185501014
887647554
335362996
553429312
514802540
372339610
93232780
231745709
716100284
216910303
113370599
749320433
753228310
812459083
364670984
297721548
390775792
421033944
1
498805845
928419854
386265640
664123833
665748969
269522820
712179090
364670984
298620610
67633894
794147040
749018590
824309164
478420462
602076029
372818093
918055945
124887470
121413468
176717014
988265960
414616
416976073
846627711
406953781
23374208
873735929
477546440
349603248
714797570
585240519
501664614
511081242
294780030
4578874
93718562
478420462
928419854
475825621
294780030
705234926
280128240
270710518
802676821
340980453
233521579
788975441
818265792
291848212
83077953
362399368
156285460
747363900
199785190
398089477
137158394
257939800
716100284
19999776
963962664
843974522
740630647
444232445
983780318
411222832
1037290
384951437
542869100
193275305
227255957
71924674
186587623
310175142
963962664
945309929
521270374
636707210
24162807
415385114
596813636
149544260
614633990
977485422
871127726
993246911
664520793
498805845
843974522
338911730
703626240
154221862
776460534
67086855
807973025
165559264
227465186
159853745
689075782
679855380
801018510
712656766
868296475
928419854
78646918
39218592
4578874
843410497
14137440
588877893
389927427
829563740
174875262
802916844
29093936
335362996
675056277
165803742
716100284
314413453
699999541
873735929
304697117
326901762
208324247
498943403
57848616
369865985
705309842
495780310
619836641
362603295
121926165
540791553
317547412
743928632
33817189
240879853
67633894
933891365
858922511
734307816
829563740
325875935
884750607
547162078
717552752
645919517
291848212
118031860
487814049
306509406
95673858
96507421
199260963
527030158
227465186
159853745
96507421
716100284
174875262
423199532
780068949
362603295
172901029
137514190
242026776
912135238
827874435
862636349
211018884
131225688
71908008
746937336
35326491
124887470
208917888
751109629
168210228
870358384
189874901
100441623
93898630
820777211
952041196
986345000
751885764
912208782
121413468
689075782
604150781
248590766
103961583
199785190
649329457
281255127
649329457
482020824
345422821
290767032
831512117
728091607
9224521
1
683538680
527030158
181845578
199591419
470598575
82229777
698436690
843410497
556007948
176920933
362399368
482636632
269522820
83761743
555573743
717552752
400121614
70843747
167026947
83807776
208917888
746937336
298620610
424614948
470251328
969067444
326901762
261275295
728091607
557337497
700167415
195828062
43696739
754315390
486167898
585240519
290767032
661815621
977485422
983780318
347162510
10
695975349
312499983
683538680
630174927
979359958
67633894
240879853
568368152
227382860
527030158
10
898721940
960495946
163410716
237584976
184151516
174875262
324367954
649032276
537637033
168210228
414579893
200016492
117643267
868296475
185116449
714797570
734316344
310754043
862636349
802676821
32373650
655015866
121413468
829563740
945309929
95673858
227465186
705234926
747590172
93898630
857841302
487814049
834429163
952041196
842176960
661815621
721617140
608423628
439752238
634247715
373635
489334816
802916844
634247715
32373650
669989313
227465186
114617150
116286974
775195836
189874901
829563740
153193213
526289450
188049334
917000685
110753382
78646918
93722297
397129535
195828062
193992127
386265640
347090776
110468114
290767032
721623614
996564955
248004927
324515432
870893565
745810009
479977326
681103887
82229777
249479266
564615279
144577080
447600433
666172895
69349174
167026947
416976073
117643267
92363518
802916844
527030158
329784404
486167898
574796187
32384110
894958054
342330165
96177646
898721940
78646918
679855380
898721940
754942027
993246911
314413453
686406158
903221914
151667782
198025561
884750607
451927396
487585384
788975441
84522468
992407830
154221862
873735929
165803742
207908345
995547968
675314626
663349178
309914368
397129535
649032276
729347362
369865985
549732943
340980453
340980453
275205258
178339009
46598156
144577080
658516737
831096113
369865985
607196614
165803742
159853745
147294632
843974522
144577080
714797570
92758893
663349178
107816356
436715057
444805188
162101766
199260963
360066804
34850360
793921862
291848212
365777724
162101766
581264389
487814049
921998474
540791553
129151366
42310282
354740411
3998093
129151366
661815621
923943372
943801890
508508989
209345880
32384110
354740411
827874435
933866206
32111757
964913942
705361439
70843747
552319083
902070559
491538984
434200700
820990331
437232349
711265915
397991399
673161982
387120643
349603248
386265640
271298252
827874435
143354449
746937336
472750916
412533633
714797570
227382860
995547968
865836717
772214221
78646918
280128240
211960357
459756422
387120643
469962076
186817089
925662887
527030158
701115522
542204594
717552752
626701595
988265960
716100284
988021764
788670693
92363518
359283501
770935442
83761743
540791553
416976073
25322078
446255933
269522820
527030158
919458706
316372179
417247945
93898630
301387037
795368546
16977106
144577080
992780831
977485422
458265864
505115444
527030158
963962664
67633894
568368152
487814049
16977106
498805845
109320
806442151
174875262
349603248
637653710
507634900
404462807
308161795
242026776
596341078
960977394
828886894
199785190
401016825
10
92363518
780068949
415385114
738200694
486167898
137067068
887435499
340980453
342330165
10
117643267
4826160
329640607
372339610
873735929
568944312
673743176
104007998
690319247
349803335
163410716
696248164
945309929
859801959
81947904
608298658
968473202
719726091
207908345
771955354
39218592
172901029
66430650
996879544
193992127
172901029
780068949
732234066
802916844
245321055
227547313
314413453
608423628
945309929
740799866
43343190
47384415
649329457
478420462
278976413
698436690
249420944
540791553
144577080
178339009
291848212
248004927
379135191
728091607
590079288
195195308
794289386
484028650
728091607
386265640
984700738
683538680
489334816
787638947
918055945
53847810
151667782
566321867
83761743
326901762
663349178
23482358
881870769
839476950
72656491
912208782
92758893
484275317
952041196
940644413
103961583
661815621
446413538
42310282
227465186
107816356
680748079
992780831
3761461
472750916
743928632
843410497
58020252
746937336
565420296
3384
714797570
320955660
516383057
280128240
298620610
326901762
663349178
402737690
910688805
832862738
776881201
402737690
596813636
827874435
649329457
482866441
493854947
507750458
495780310
963962664
614380239
655015866
130159798
88000452
851203212
634247715
414923134
159853745
494874175
386265640
104591623
239487316
236749204
185867506
493854947
634247715
473167580
95673858
548056668
78646918
244734071
637653710
821987704
278976413
347090776
329313371
369865985
596567066
177926575
227255957
988302004
862453120
937062632
747363900
114617150
621335290
649329457
16977106
779397423
193275305
878708585
335362996
690319247
379135191
540791553
349120238
155114584
179597442
198025561
114617150
840517467
141001387
32384110
947644290
644009976
211049617
176717014
802676821
596813636
314409236
70843747
967393834
114617150
43287712
93898630
558712579
400326320
4826160
444805188
498805845
162101766
648816111
404462807
429000374
240879853
397129535
404462807
628107889
225938220
608423628
843410497
894217546
597071893
349120238
992407830
699140641
342644659
389927427
980877287
389927427
497704874
679855380
240879853
448224737
889964749
743928632
227547313
151667782
168210228
264487677
683538680
913092268
623337560
818265792
472750916
516383057
764748647
614380239
981633674
93898630
298620610
576725983
364670984
797829626
34850360
386265640
581264389
614380239
721617140
778422712
144577080
616603424
806442151
903221914
259772115
398089477
436715057
545525098
548056668
345422821
131225688
871480317
977485422
749018590
362399368
372339610
559962375
482866441
444232445
108187520
557820851
995547968
764523640
765530639
799720705
482636632
275205258
482636632
156285460
34850360
618179607
676718794
726185148
629876243
487814049
405520564
548056668
602121847
503444762
109320
275205258
372339610
908177187
686406158
305174163
494874175
249479266
93898630
316372179
269522820
787638947
165105338
689075782
109320
482020824
651886807
728091607
227465186
871254535
451927396
980877287
467714031
278799517
477840183
164409465
96177646
83761743
52625591
661815621
680748079
839706377
93898630
285934835
347090776
124887470
903221914
114617150
983780318
379135191
168210228
23482358
261719974
539831708
92363518
683538680
711265915
195828062
787638947
275205258
602121847
489334816
208917888
711265915
751109629
494874175
380738525
34220901
912135238
769644198
740630647
551847444
802916844
404462807
648619504
498805845
46598156
445155694
862636349
795285863
658516737
402737690
573375284
487814049
728091607
28236900
487814049
864820366
176420410
336374841
436715057
787638947
489334816
933891365
629948095
803039224
342963897
114617150
704852441
370610686
824309164
156285460
945309929
451927396
350863053
549094074
347090776
436715057
581264389
121413468
176717014
516911380
489334816
733512710
676283935
967102009
669989313
326901762
624243940
913408437
795285863
747363900
486167898
341482505
369865985
208917888
993626374
494874175
335362996
673161982
647953670
354320617
933891365
96507421
802676821
498943403
165803742
349120238
124887470
162101766
692081050
482020824
317601678
349603248
314413453
144577080
320646586
174875262
129720502
32111757
489334816
159853745
623392256
168210228
50702182
676146440
609590010
131225688
203071389
304697117
408469575
298620610
963962664
405572486
827874435
779370659
68747059
150
132730424
227465186
552030981
362603295
661815621
193992127
386265640
477546440
829563740
562986044
630174927
892580637
1
856470921
412833047
831505488
979992373
676520292
769929921
596813636
386032363
309914368
898721940
843974522
873735929
477546440
886107050
647570832
971754968
227382860
415385114
444232445
451927396
479810800
338911730
96507421
21442158
373635
199785190
728091607
204434900
884158612
507634900
233529375
711265915
823046072
342330165
654386114
614380239
881775823
369865985
686364847
736952781
704852441
679959723
764523640
208917888
602089577
96177646
185501014
630174927
873735929
189874901
248590766
743928632
32111757
130159798
626701595
585004142
862636349
1
503444762
829611795
769421345
555687016
342330165
369865985
83761743
540791553
397991399
4578874
520280359
655015866
343807433
58020252
93232780
884158612
516383057
193992127
598330256
239487316
124887470
780068949
150
459756422
730171454
698436690
979992373
412533633
608423628
291848212
845116601
262113067
227382860
364670984
637653710
261965578
527030158
867716855
482866441
101223457
745810009
276308833
480558710
324367954
3492694
608423628
148516861
820777211
269522820
642033854
689075782
391449133
743928632
829563740
807973025
986345000
249420944
100441623
615458162
225799444
751885764
704827836
594249934
778557779
193992127
227465186
919965156
992780831
498943403
824309164
820777211
884750607
784627928
162707729
731646732
353981220
129720502
417030733
451927396
167026947
903221914
707798617
806442151
881775823
539831708
505115444
273320985
843974522
56863037
965317290
988265960
945309929
398089477
562986044
314409236
109320
404462807
32287383
573375284
3384
146026491
823780552
129720502
92758893
614380239
986956941
167026947
335332045
227255957
208917888
93232780
109320
137158394
940644413
329313371
178339009
557337497
149544260
561881261
176717014
899521942
10249411
686406158
397129535
335937209
912208782
721617140
548056668
362603295
70843747
829563740
168210228
130159798
198025561
1138456
979992373
649329457
497742683
556007948
705234926
972502571
162101766
829563740
614633990
628612641
486167898
341482505
207908345
721617140
614380239
149544260
114617150
402737690
338911730
897330986
298620610
780068949
202341251
148516861
384951437
58020252
255738867
163410716
607196614
459756422
689075782
556007948
848062432
991435600
230662321
412533633
167026947
364670984
602121847
309073798
548056668
387120643
512486035
409788083
516383057
133276220
700167415
743928632
78646918
780068949
444882894
326901762
608423628
178339009
163410716
778557779
993246911
162101766
207908345
728091607
32287383
314413453
329313371
149610328
600915224
384300788
362603295
401016825
482020824
704505648
484074223
453642773
824309164
683538680
141559447
4826160
66423330
251533221
726185148
151667782
200016492
290767032
787638947
155114584
167642080
505115444
912135238
783123093
404040883
291848212
67633894
178339009
240879853
539831708
314409236
278976413
788975441
100441623
482020824
420063716
913408437
933866206
717552752
366176379
185501014
297721548
609738
829563740
596813636
549873524
640279731
717552752
778557779
721617140
339508182
827874435
704852441
402737690
475519157
679855380
898587128
607196614
383028343
560889484
658516737
663349178
764523640
4578874
945517110
717552752
936532984
269522820
477546440
505115444
976880379
114617150
843410497
32111757
1037290
912208782
814314444
109320
514245021
436715057
822907568
193992127
807973025
227255957
520601029
386599973
16977106
704936703
634247715
637653710
179597442
151667782
885368438
458432099
67633894
540791553
779370659
896865014
242026776
346803437
452708683
280128240
115319527
478420462
995547968
92363518
711265915
435265924
174875262
249420944
69349174
872491458
160630436
32373650
928806540
16977106
220152129
208917888
279755263
398089477
46598156
378252525
290767032
800010328
335362996
174875262
714797570
92363518
92758893
862636349
482866441
795285863
596813636
408592398
592162606
516383057
747363900
121413468
117643267
484218946
489334816
463535049
103961583
793813746
885392673
373635
912208782
179597442
837758789
177481718
664224917
39218592
370063604
881736784
698436690
78234292
745810009
454904426
32287383
204434900
269412558
479810800
66430650
342320034
730279650
540791553
918055945
294780030
788495594
36814831
423533550
928419854
117643267
980163338
472668289
451927396
596813636
227382860
977485422
32287383
704852441
309914368
3384
202666471
32287383
772214221
275205258
964982728
867677207
689075782
753033780
46598156
737618626
788975441
207908345
992780831
412533633
654167456
167619499
354740411
888435963
614380239
469912775
843974522
601330862
444805188
821720323
498943403
507119520
179597442
507634900
162101766
67086855
93898630
46598156
507634900
326901762
439518600
128733362
16977106
980877287
785952479
227382860
335362996
721617140
338911730
436715057
988302004
716574648
652432161
240998232
977485422
740630647
335362996
129720502
548056668
389927427
130159798
751885764
251297295
278976413
297721548
983780318
67633894
67633894
92363518
22974850
484184944
995547968
602121847
198025561
435580093
802676821
873735929
225646644
751419002
940644413
130159798
148516861
326901762
840517467
952041196
458088358
405484233
843974522
485407301
655015866
148516861
983780318
431459888
109320
445319977
185930935
832944254
498805845
865494791
389927427
545525098
749018590
248004927
746937336
865544553
988265960
524314600
705234926
1
884158612
162101766
988265960
89874056
498805845
858106692
136741204
811923024
92758893
746937336
174875262
992780831
444805188
794289386
227255957
540791553
67831523
67633894
314096765
700167415
988302004
107816356
543208011
129151366
516312685
654167456
780068949
829563740
527030158
670879062
890600792
784031794
673161982
299642979
227255957
820777211
510019928
358339211
787638947
167026947
131225688
150
444805188
420365922
156285460
931551047
797812525
278976413
354740411
32384110
977485422
545525098
688373142
448224737
823046072
658516737
227255957
275127100
717552752
986345000
514811540
314413453
573375284
973558920
952041196
250804607
269522820
444232445
574012329
200016492
160455022
803039224
514245021
200016492
981870925
126128674
195828062
82229777
185930935
324073020
170864699
775300039
523368491
919965156
683538680
618315973
495780310
614380239
23482358
986345000
223259988
919965156
977485422
186587623
96507421
514245021
273320985
445751506
979992373
979992373
137067068
69349174
829563740
576914498
981870925
340037743
637653710
92758893
384951437
659592470
950797695
598374889
940477752
721617140
673161982
493223708
225799444
583372077
354740411
150
275127100
494874175
389927427
778557779
993246911
557820851
151667782
130159798
312084886
482866441
919965156
114617150
432518060
407931313
568368152
787638947
314274700
825966846
983780318
761463076
22239065
780068949
100441623
11604639
991400574
543332540
865544553
69349174
435875050
96507421
387229522
384951437
380247877
716100284
993922964
417787847
116095480
108563469
103961583
137939898
44574415
205445721
304481374
389927427
913408437
885392673
658516737
131225688
898721940
941672456
199260963
281255127
32111757
305174163
449232253
193275305
614380239
739378347
706153832
113370599
507216114
239487316
787638947
120148809
913578787
208917888
362399368
527030158
475828001
477546440
807973025
365777724
854887779
787638947
802676821
309914368
604570652
645540094
536677137
570745320
117643267
829563740
109320
185501014
544923128
649032276
298620610
912208782
556007948
602121847
372339610
548056668
992780831
641216244
988302004
162101766
596813636
193992127
100441623
843410497
802916844
286932648
449646899
670985107
965243946
321747817
988302004
918055945
69349174
298620610
198256838
373635
249420944
148516861
448310058
248590766
503444762
1037290
828235346
788975441
771639409
444805188
747836111
70843747
933891365
988265960
705234926
178339009
58020252
661974499
608423628
988302004
129720502
539831708
607196614
231509272
412946734
840517467
467845214
514245021
227255957
855962885
107124771
58020252
345422821
3761461
456486753
66430650
27810873
827874435
223876894
504604057
648816111
400823823
514245021
433528830
213863926
717552752
472750916
807973025
751109629
349120238
637653710
50943089
129720502
386130377
718455910
291848212
598114192
338911730
189874901
585386107
486167898
159740835
162101766
689075782
444232445
505483888
749018590
788975441
324367954
751885764
818265792
458432099
103961583
995547968
505115444
952041196
489334816
72241536
568368152
514811540
193275305
439191932
495780310
320143452
842176960
875218197
35519695
873735929
867677207
592287302
643536401
444649080
598374889
114617150
27810873
995547968
780068949
689075782
918055945
834429163
608423628
444232445
862909537
389927427
778557779
326901762
305174163
863757719
369865985
149544260
614633990
348339493
482636632
29478828
602121847
834649152
482020824
873735929
514245021
505115444
242026776
162101766
354740411
919184177
314274700
451607848
963962664
290767032
502671132
214068809
853003067
16977106
316372179
770935442
986345000
395704042
770935442
823046072
602121847
913408437
91191273
345422821
184983308
347371783
516383057
885392673
795285863
207908345
467714031
524632621
398089477
788975441
23482358
722715646
714797570
451927396
280128240
27706975
444232445
308374880
818265792
155900497
405572486
107816356
557337497
957133779
314274700
988265960
630174927
840084429
179597442
962682477
988302004
945309929
174413919
439609546
670435895
329313371
596813636
862636349
714797570
436715057
649329457
467714031
983780318
167026947
885392673
124887470
681820298
995547968
140959100
130819945
248025508
415385114
444805188
845360788
945309929
67633894
219134343
743928632
787638947
185501014
439752238
82229777
630174927
773485779
736981878
267189796
67633894
514245021
661815621
706153832
301984037
237382355
686406158
493854947
505115444
444232445
472750916
833658021
503444762
207908345
983780318
198025561
479810800
505115444
168210228
723313768
385002327
365777724
150
630174927
107816356
546133950
238290709
507634900
405572486
983780318
780068949
239487316
1
630174927
227547313
168210228
679751749
404462807
626701595
349120238
195828062
721617140
542357846
794289386
345422821
505115444
884241572
603692734
745852565
698436690
478420462
608423628
69349174
478420462
165803742
646606549
10
913408437
746937336
193737933
686406158
7606123
986345000
200016492
53255344
539831708
155114584
278976413
227465186
124887470
772214221
193992127
740630647
405572486
193275305
738200694
747363900
159853745
865479899
330812943
184151516
599765694
482020824
478420462
596813636
470598575
439752238
686406158
478420462
33024362
290662356
753318056
862636349
946339377
967102009
940835758
184151516
398655135
624231824
903221914
824309164
308154649
69349174
93898630
195828062
795285863
928419854
485237398
426725623
898133684
740630647
988302004
472750916
58020252
384951437
107990139
155114584
125032744
658516737
252741407
10
444650978
130446752
231381965
737387153
711265915
59187165
295719965
397129535
663349178
683538680
918055945
130159798
144577080
988160475
806442151
912208782
880776008
946005657
502134170
4826160
335362996
373635
58020252
193275305
689075782
165803742
233161854
621372446
179597442
896744851
23482358
397991399
785186496
489334816
913408437
493708375
162487837
70843747
713540098
661815621
631097840
505115444
199785190
208917888
342330165
597185203
227547313
415385114
221159021
109320
896620019
275507421
79433072
816650410
612676639
364670984
794289386
170864699
66430650
151667782
227465186
980877287
602121847
257920983
3384
737623256
67086855
950483622
780395482
493854947
843974522
903221914
752246796
831109739
545525098
144577080
693907922
242738154
672875419
168210228
349603248
439752238
335362996
340980453
898721940
884750607
527030158
3384
849859696
586518430
458515286
1
279235153
467714031
507236163
802676821
1037290
389927427
314413453
911694999
326901762
795285863
803039224
728091607
159853745
239487316
773118870
933891365
108563469
891669720
740630647
349120238
530576309
933891365
388618726
165803742
281255127
19962693
548056668
17437547
412533633
92363518
439752238
251650683
189874901
717552752
787638947
189874901
585468834
764523640
370025538
184151516
379135191
345422821
738200694
165803742
680748079
802916844
545525098
259315899
304436880
185501014
30804343
320699316
67086855
777528447
751109629
527030158
714797570
992780831
689075782
673161982
637653710
806442151
27810873
579068997
807973025
467714031
297721548
936758701
622079046
242129825
505555650
980877287
478420462
711265915
585240519
995547968
397129535
794289386
185501014
630174927
335067222
162101766
355090966
980877287
913408437
829267610
174875262
93898630
290767032
66605158
78646918
983780318
444805188
16977106
239487316
404462807
736704741
248590766
398089477
952041196
312084886
108267195
794289386
802916844
291848212
184024177
794289386
309914850
69349174
936257401
2220565
4578874
843974522
459756422
843410497
32384110
46624750
455376664
362603295
698436690
498805845
981870925
77071900
415385114
10
163410716
448224737
316372179
82272791
412533633
357259559
527030158
58199431
999410875
912135238
832730113
487814049
201700484
556007948
269522820
655015866
176717014
821987704
865544553
740630647
193275305
58020252
607196614
621372446
150
31085312
933891365
197425419
769929921
478420462
365777724
853544238
843410497
540791553
482020824
109114676
578845742
162712777
266081676
341482505
628202892
386265640
251297295
15562018
731304113
386265640
658516737
802916844
448224737
309914368
514802540
315158066
198025561
740630647
157707771
941023330
556007948
995547968
310220602
58020252
103961583
227465186
239499609
397129535
915202064
159853745
117643267
700167415
903221914
649329457
4578874
924654774
661815621
716100284
751109629
834429163
963962664
37285967
297721548
316372179
109320
70843747
185501014
716100284
298620610
227255957
162101766
986345000
557820851
165803742
168893922
459756422
479810800
133285273
453196672
251297295
686406158
824309164
489334816
505499467
202121734
388061120
738200694
167026947
114367069
567119922
829563740
933891365
195828062
342330165
743928632
185501014
362603295
674233269
715407197
529078861
114667185
906719372
158308322
412533633
207036485
369080560
728091607
165803742
482866441
898721940
541181244
516383057
184151516
977485422
928419854
95673858
199260963
883783986
498805845
992780831
174273532
314413453
240879853
690319247
743928632
67086855
156285460
939658687
1
850224188
46598156
498158606
134155672
748185671
444232445
679855380
829563740
83761743
993246911
679855380
16977106
184151516
778557779
689075782
335027332
164626848
732427194
749018590
728091607
494874175
349603248
156285460
32373650
414807547
472750916
369865985
397129535
740630647
10
290767032
156285460
912208782
436363647
182192034
961787117
94038613
965824471
148516861
743928632
207908345
40883418
837534974
270955512
69349174
992780831
752015360
830151661
697934164
298620610
912135238
275507421
773485779
807973025
398089477
444232445
896097549
991920372
103961583
178339009
207908345
749018590
719433008
516383057
482020824
524632621
540791553
690936333
349120238
820834511
451927396
807337829
354740411
208917888
332835157
979868532
780068949
310312605
686406158
531532585
912135238
412533633
829563740
137067068
716574648
149544260
747363900
451927396
137067068
180002990
165803742
933891365
608423628
743928632
113370599
95673858
482020824
324367954
148516861
372339610
778557779
648063754
972108370
16977106
843974522
784332497
256006980
192612254
602121847
151667782
883976232
110468114
779370659
991435600
79375014
995547968
746937336
661815621
275127100
178339009
717552752
4826160
454933126
324797112
630174927
165803742
162101766
983780318
369865985
714797570
769929921
181276912
972987171
478068167
263060832
470115823
457230381
427391680
174875262
312499983
83761743
369865985
940644413
4578874
746937336
844949524
743928632
389927427
239487316
444232445
482636632
561806579
163410716
316372179
34850360
637653710
309914368
379135191
168753729
225799444
881775823
329313371
769929921
374076005
867677207
996657630
669989313
96177646
3481775
696004697
316372179
420009290
977485422
338911730
745810009
824288205
397129535
3998093
683538680
248590766
933866206
371897744
125559300
372339610
634247715
668183825
807973025
704852441
714797570
93718562
227465186
524632621
436089296
505115444
198025561
629927908
179597442
34850360
4578874
587424207
329313371
379135191
199785190
316372179
663349178
96177646
185501014
453536236
114617150
829563740
269522820
961104916
345422821
988302004
131225688
581264389
364670984
199260963
275127100
163410716
372339610
912208782
658516737
397206588
992780831
114617150
372032637
419828080
335362996
850664517
108563469
275507421
404462807
609429333
708672171
494874175
961884567
595211184
131225688
843974522
887608356
933866206
673161982
124887470
66430650
664179529
241362577
83761743
11189060
928419854
967102009
420516173
952041196
477210620
338580576
66430650
658516737
345422821
728091607
185501014
386265640
294780030
131585461
475993613
362603295
3865418
711265915
248590766
93898630
280128240
67633894
701455963
448224737
223224646
341482505
275127100
507236163
46598156
477546440
273287354
213263352
711265915
802676821
121413468
494982115
165803742
738200694
362603295
62370423
665552456
96507421
898721940
347090776
227255957
405885844
986786836
463535049
506825919
945309929
178339009
482866441
159853745
119656432
69349174
385359329
780068949
342330165
109143528
660576926
529122171
983780318
444805188
715144923
948850228
1
672835843
20216568
280128240
193946107
885392673
994812483
195828062
326901762
660552850
537394350
354740411
721617140
389927427
516809534
977485422
745810009
649032276
31445777
273320985
803039224
316372179
705234926
548056668
173217138
4826160
503444762
113370599
191059462
807973025
217553678
225799444
630174927
362399368
798525429
779370659
505115444
661815621
341482505
735804586
329313371
156816952
100441623
245731945
