700167415
952041196
58020252
314116173
349603248
607196614
648816111
614380239
649329457
413960064
933891365
899162623
457230381
280128240
275205258
253043445
999661367
918455197
462480493
171929375
275205258
113370599
32287383
672340633
952041196
988302004
379135191
495780310
428787716
693038154
248590766
90952525
992407830
806442151
463535049
227547313
388061120
32287383
562986044
62060444
227465186
240879853
297721548
101077190
312499983
70843747
999661367
137067068
962714137
412396169
413960064
249479266
108563469
559651992
773118870
723257664
885392673
82229777
341482505
690319247
773118870
393451466
162101766
726185148
587220085
542494422
95673858
344383005
572031941
100441623
270710518
669989313
413433988
3761461
962403917
730076821
743928632
779342623
27810873
698436690
540791553
881775823
745810009
391011982
16043708
347090776
156285460
749018590
463535049
704852441
93898630
393658570
448224737
820777211
895486726
738200694
589931035
397991399
379135191
391011982
980877287
806442151
444232445
928419854
680748079
454933126
402163790
779898322
448224737
401056940
185930935
275127100
439752238
854887779
227465186
489334816
362603295
34220901
893441124
253043445
404462807
478420462
458432099
494874175
977485422
581264389
787638947
135329353
715382041
868296475
854887779
314413453
669989313
401062440
912863145
92363518
498943403
614380239
397129535
854887779
912863145
416976073
184151516
149544260
413433988
979992373
802676821
379135191
280128240
557820851
585240519
457230381
810315344
113370599
867677207
505115444
448224737
34220901
945309929
802676821
823046072
867677207
613881118
823046072
932186414
82229777
704936703
404462807
230604385
773118870
365777724
34705104
314409236
514802540
362399368
189276277
704852441
401062440
486167898
795285863
181847325
4578874
313668215
903221914
309914368
436715057
365777724
769929921
918455197
503337797
740630647
121413468
217697409
87031138
275127100
413960064
338911730
680748079
709235404
275507421
198025561
840517467
303361801
401056940
726046795
416753665
93232780
933866206
3384
724962663
840517467
15228687
451927396
529078661
626701595
559651992
882679573
179597442
648556615
824309164
952041196
92363518
67086855
746937336
679855380
549424140
769929921
803039224
34705104
493854947
874668115
314409236
68899906
273320985
582665490
335362996
251297295
114617150
794289386
312084886
557820851
892483606
788975441
103961583
548444787
626701595
66430650
27810873
814883038
144577080
242026776
992780831
326901762
416753665
341482505
4588849
764523640
46598156
224026556
193275305
377867048
882679573
868296475
820777211
476460273
428131251
249420944
388061120
704827836
992407830
227547313
413433988
507634900
83761743
843410497
195828062
820144652
962403917
174875262
730076821
227382860
912208782
788975441
986345000
884750607
514811540
349603248
444805188
494874175
70179378
669989313
746937336
362399368
231057229
945309929
200016492
297721548
648556615
467714031
277203963
537433993
952041196
704936703
884158612
309914368
557337497
482636632
184151516
914002411
680748079
92363518
150
855411358
729190925
452035468
507634900
587220085
545525098
9482779
614380239
686406158
174710635
669989313
117643267
67410822
655015866
251297295
362603295
777161433
690319247
914002411
269522820
148516861
241709544
398089477
9482779
882679573
174875262
928419854
596813636
290767032
275507421
693038154
539831708
914002411
587220085
51066627
965243946
644290275
275127100
173643577
270710518
540791553
669989313
211960357
980877287
495780310
293446446
548444787
248004927
314413453
488102524
912863145
27590287
507634900
227465186
626701595
514245021
661815621
314116173
412396169
568444889
747363900
568368152
715382041
183350824
679855380
464063534
16977106
388061120
482020824
330936553
270710518
686406158
110468114
679855380
465231836
365777724
773118870
596813636
431530228
630174927
952041196
991400574
341482505
413960064
514245021
751885764
557337497
704852441
173879390
773118870
893441124
114617150
772214221
545525098
964982728
217697409
199260963
66923545
945309929
495780310
967102009
829563740
893441124
103961583
802676821
507634900
713620440
189874901
178160982
706153832
424614948
364670984
658516737
855411358
704936703
927052420
613881118
1037290
204434900
824309164
607196614
562986044
747363900
772214221
167026947
780068949
913408437
475634304
840517467
557955813
96177646
148516861
329313371
726185148
898721940
704827836
193275305
770935442
362399368
329313371
25322078
663349178
644290275
806442151
443607341
488102524
680441459
159853745
379135191
663349178
130159798
895486726
977485422
121413468
90952525
172901029
412533633
373635
340980453
959681273
1
779342623
329313371
993246911
176717014
548056668
316372179
537433993
873735929
570618809
772214221
193992127
562986044
189874901
1
613881118
149544260
723257664
912208782
117643267
170864699
165803742
110468114
540791553
150
415385114
927052420
168210228
568444889
358268488
464063534
314409236
305174163
388061120
573375284
469337187
1037290
181847325
368400084
207908345
962403917
424614948
767723920
401062440
935048843
607196614
326901762
764523640
761448102
70490549
15228687
341482505
386265640
587704170
393451466
728091607
598374889
451927396
843974522
107816356
314116173
717552752
717552752
251297295
428131251
663349178
539831708
148516861
95556376
527030158
834429163
428131251
4826160
78646918
494874175
227465186
230604385
125575379
82229777
135635332
131225688
773800830
706153832
843410497
820144652
679855380
843974522
165803742
814883038
705234926
3761461
341482505
648556615
339892824
253043445
312084886
965243946
431530228
644290275
516383057
83761743
467714031
701834758
795285863
27810873
704852441
459756422
988302004
701834758
614633990
979992373
377867048
704827836
557337497
612030348
548444787
967102009
1
3384
729996491
451927396
537433993
156911545
690319247
386265640
549732604
462480493
275127100
364924764
952041196
882679573
162452126
981870925
467714031
318294545
34220901
193992127
401056940
136179153
772214221
983780318
748679205
454933126
281255127
623600860
655015866
326901762
818265792
539831708
556007948
985368262
709235404
401056940
478420462
169324774
797801158
503337797
82229777
929788198
711265915
893441124
507652537
952041196
436715057
32384110
148516861
770935442
965243946
690319247
328784154
729747455
865494791
649329457
369865985
702027802
195828062
227547313
899162623
729190925
162452126
462480493
770935442
67410822
298620610
444232445
109320
248004927
193992127
90952525
821987704
700167415
298620610
3384
240879853
840517467
251297295
884750607
32287383
570618809
689075782
178114652
4826160
193992127
821987704
224026556
514811540
729190925
404509218
224026556
928081222
113370599
572031941
952041196
290767032
655015866
683538680
916298563
412533633
298620610
129720502
965243946
644290275
794289386
200016492
110468114
587220085
562986044
291848212
313668215
27810873
224519880
137158394
436715057
195828062
540791553
222148874
124887470
928081222
312084886
482866441
398089477
199785190
931045595
398089477
649032276
389927427
751109629
313668215
991435600
464063534
125575379
448224737
402737690
607196614
557820851
335362996
913408437
273320985
239487316
249420944
505115444
328784154
472750916
393451466
479810800
572031941
388061120
227547313
186587623
513434846
448224737
486167898
199785190
777161433
548056668
503337797
428131251
884750607
623600860
562986044
314409236
50053873
313668215
386265640
545525098
270710518
540791553
109320
248590766
895486726
802916844
780068949
581264389
717552752
32384110
740630647
988302004
193275305
630182963
918455197
919965156
354740411
487814049
70490549
689075782
873735929
707681157
211960357
733763875
278976413
467714031
827874435
709235404
778557779
457230381
178160982
898721940
494874175
570618809
415385114
768731168
854887779
242026776
328784154
186587623
747363900
338911730
67633894
39218592
4578874
572031941
24333935
151667782
34850360
884158612
745810009
138732000
706153832
689075782
253043445
393658570
567737052
644290275
211794326
779898322
92758893
375415318
135635332
393658570
193798935
162452126
27810873
46701852
193798935
673161982
452035468
58020252
472750916
83761743
820777211
227465186
110468114
773118870
156911545
470598575
193798935
469337187
107816356
199260963
309914368
648556615
342330165
779898322
602121847
398089477
795285863
472750916
239487316
10
397991399
715382041
46701852
249420944
723257664
66923545
706153832
413433988
92758893
701834758
207908345
582312154
50053873
51066627
397991399
24333935
568368152
291848212
155114584
977485422
806442151
992780831
362399368
831512117
211960357
401056940
704827836
314413453
329313371
415385114
329313371
851495638
672340633
720726769
195828062
249420944
159853745
751109629
412396169
46598156
82229777
463535049
34850360
912135238
155114584
186587623
318294545
149544260
107816356
476460273
165105338
748679205
251297295
25322078
971996379
83761743
898721940
613881118
898721940
67410822
648556615
96177646
862636349
704936703
778557779
305174163
184151516
4826160
428131251
487814049
349120238
70843747
227382860
3998093
749018590
227465186
717552752
768731168
137158394
698436690
779370659
514811540
129151366
470251328
67086855
630174927
991435600
172901029
117643267
649032276
928419854
995547968
281255127
542494422
176059348
798848612
548444787
716574648
539831708
716574648
388061120
291848212
130159798
648816111
542494422
903221914
964982728
765347074
293446446
831512117
669989313
344383005
992407830
391011982
268751929
556007948
986345000
227382860
412533633
305174163
527030158
728091607
278976413
843974522
24333935
843974522
503444762
991435600
24333935
867677207
843974522
514245021
330484397
444232445
148516861
103961583
761448102
608423628
918455197
156285460
893441124
621372446
730076821
448224737
669989313
462480493
185501014
83761743
494874175
227547313
986345000
779342623
773485779
885392673
959681273
211960357
114617150
854887779
821987704
4826160
90952525
397991399
747363900
898721940
439752238
170864699
746937336
865494791
137067068
162850370
714797570
463535049
557337497
349120238
690319247
242026776
107816356
404462807
3761461
716100284
83761743
32111757
507634900
349120238
415385114
67633894
388061120
738200694
721617140
608423628
568368152
145007928
912208782
577645040
842904805
963962664
507236163
798848612
572031941
100441623
144577080
731030941
154221862
928081222
843410497
557337497
185501014
935946048
981870925
464063534
149544260
275205258
95673858
269522820
412396169
540791553
401016825
1
15228687
369865985
548056668
572031941
669989313
649032276
493854947
227382860
862636349
10
482020824
316372179
412396169
50053873
557820851
96507421
281255127
165803742
626701595
914002411
69349174
788975441
118183492
946278411
895486726
557337497
402737690
314409236
740630647
389927427
312499983
58020252
746937336
996001420
129720502
363861554
129151366
478420462
227465186
269522820
3384
314409236
431530228
673161982
514245021
314274700
587220085
393658570
849859696
25322078
95556376
747363900
401016825
102826131
669989313
807973025
663349178
452035468
463211085
198025561
154221862
570618809
548056668
329313371
230604385
658516737
204434900
159853745
672340633
623600860
991400574
16043708
275205258
700167415
275127100
314409236
389927427
772214221
372339610
654167456
705234926
729747455
556007948
979992373
542762685
717552752
387120643
165105338
476460273
967102009
918455197
66430650
23482358
109320
349603248
946278411
728091607
634247715
482866441
280128240
373635
349603248
794289386
980877287
23482358
93898630
100441623
357391032
513434846
428131251
162452126
34220901
189874901
516383057
69349174
829563740
513434846
995547968
840517467
340980453
25322078
148516861
457230381
178339009
556007948
338911730
680748079
745810009
514802540
996001420
788975441
206880362
486167898
95556376
929788198
568368152
46598156
357391032
67633894
587220085
952041196
151667782
882679573
168210228
472750916
58020252
66605158
679855380
686406158
163410716
946278411
623600860
788975441
277203963
369865985
199260963
224519880
217697409
913408437
372339610
144577080
4826160
529078661
375415318
245481918
324367954
329313371
931045595
82229777
138732000
412396169
960489423
413960064
281255127
931045595
374875610
824309164
102826131
34220901
93898630
199785190
362399368
102826131
4578874
508203015
912208782
92758893
503337797
778557779
93898630
555573743
821987704
101077190
713768775
458432099
637653710
416753665
67410822
918455197
10
840517467
517400675
608423628
881775823
314274700
404758211
630174927
101077190
397991399
834429163
10
507634900
96507421
375415318
100441623
855411358
843410497
24333935
452035468
167026947
67410822
401056940
716574648
494874175
156285460
148301240
286323725
807500551
518044570
713620440
557337497
3761461
405572486
626701595
797801158
709235404
729747455
834429163
980877287
387120643
24333935
919965156
979992373
46701852
159853745
251297295
918455197
67633894
769929921
929788198
787638947
823046072
66605158
701834758
715382041
582665490
962714137
46598156
995547968
388061120
472750916
309914368
820777211
663349178
217697409
573375284
170864699
195828062
454933126
821987704
305174163
155114584
401062440
242026776
340980453
738200694
386265640
428131251
614380239
587220085
489334816
589931035
487814049
68899906
176717014
330484397
16977106
928081222
372339610
614380239
184935729
16043708
470598575
185501014
1037290
27810873
318294545
868296475
598374889
663349178
778557779
457230381
330936553
764523640
545525098
548444787
27810873
498943403
557337497
362603295
557820851
297721548
275507421
278976413
469337187
107816356
918455197
354740411
818265792
362603295
476531378
689075782
461088177
293446446
384951437
324367954
108563469
34220901
700167415
635151652
559651992
704827836
893441124
340980453
585240519
690319247
495780310
349603248
15228687
649032276
129720502
349120238
401016825
676807256
572608353
424614948
498066778
195828062
163410716
464063534
379135191
151667782
478317434
78646918
431530228
46701852
820777211
928419854
928419854
711265915
980877287
572031941
992407830
489334816
589931035
884158612
342330165
772214221
193992127
398089477
607196614
275507421
291848212
673161982
58020252
241709544
330936553
1037290
777161433
503444762
655621730
96177646
680441459
724962663
779370659
996001420
740277816
335362996
721617140
802916844
329313371
375415318
294780030
895486726
914825928
469337187
108563469
96177646
314413453
129720502
83761743
199260963
995547968
644290275
159619076
794289386
867677207
654167456
211794326
273320985
596813636
312084886
375415318
401062440
102826131
96177646
472750916
101077190
398089477
314413453
172901029
729747455
96507421
476531378
357391032
903221914
965243946
728091607
614633990
747363900
148516861
27810873
397991399
172901029
927052420
125575379
401062440
716100284
884158612
280128240
928419854
211960357
654167456
227382860
478420462
479686226
398089477
67410822
834020512
717552752
428131251
240879853
931045595
470251328
992407830
46701852
222148874
814883038
507236163
732126508
993246911
514811540
208917888
793477840
942505457
137050737
92363518
582665490
692882423
51066627
646702497
931045595
820777211
3998093
249420944
607196614
161105406
991435600
524632621
912863145
4578874
342330165
185501014
704852441
507634900
999661367
67633894
704936703
470251328
92758893
912135238
653312719
368400084
372339610
747363900
125575379
486167898
582665490
991435600
992780831
46598156
683538680
412396169
503337797
995547968
377867048
149544260
384951437
199785190
1037290
690319247
278976413
149544260
124887470
249420944
779370659
404462807
70843747
16977106
199260963
46937503
514802540
224519880
709235404
312499983
680441459
988265960
379135191
677281996
357391032
405572486
4578874
32287383
715382041
874668115
829563740
507634900
716574648
820144652
199260963
227382860
573375284
144577080
667649503
1037290
149544260
806442151
589931035
70843747
751109629
391011982
637653710
95673858
582665490
428131251
369865985
227255957
793477840
823046072
155114584
42310282
162452126
463535049
933866206
840517467
401062440
745810009
709235404
464063534
32373650
873735929
163410716
32384110
715382041
113370599
393451466
779898322
211794326
486167898
709235404
249420944
728091607
945309929
834429163
677281996
464063534
513434846
654167456
885392673
69349174
475634304
980877287
842176960
23482358
498805845
50053873
770935442
824309164
431530228
404462807
70490549
803039224
373635
70179378
335362996
902297967
493854947
23482358
303361801
912135238
548056668
137067068
185501014
3998093
379135191
991435600
373635
482020824
9482779
749018590
843974522
389927427
4826160
249479266
248004927
470251328
27810873
170864699
121413468
965243946
738200694
573375284
267160330
151667782
514811540
108563469
545525098
253043445
117643267
724962663
751885764
761448102
117643267
131225688
929788198
25322078
372339610
3384
568368152
165803742
365777724
913408437
486167898
779342623
959681273
498943403
686406158
851802557
34705104
690319247
195828062
773118870
834429163
933866206
745810009
248004927
726185148
683538680
248590766
568368152
729190925
654167456
109320
364670984
751109629
34705104
470598575
573375284
1
996001420
562986044
518044570
981870925
798848612
58020252
17545982
621372446
542494422
67410822
27810873
200016492
3998093
807973025
570618809
981870925
827874435
193798935
431530228
66430650
230604385
913408437
820144652
195828062
818265792
778557779
162101766
68899906
401062440
178160982
3761461
494874175
773485779
96177646
626701595
556007948
239487316
312499983
241709544
503337797
963962664
482866441
451927396
286323725
189874901
797801158
677281996
341482505
865494791
716100284
227255957
988265960
3761461
807973025
167026947
249420944
443607341
655015866
918055945
979992373
758275802
66605158
248590766
623600860
831512117
314409236
159853745
498805845
15228687
677281996
529078661
15228687
470251328
711265915
163410716
363861554
82229777
131225688
929788198
462480493
109320
913408437
162452126
249479266
693038154
312084886
787638947
482636632
747363900
704936703
402737690
239487316
761448102
518044570
452035468
151667782
42811083
729747455
363861554
135329353
820144652
341482505
524632621
892483606
303361801
32373650
121413468
773118870
402737690
412533633
965243946
488102524
673161982
391011982
165803742
270710518
451927396
855411358
916298563
290767032
893441124
389927427
991400574
78646918
240879853
162452126
67086855
364670984
723257664
318294545
714797570
156285460
918055945
178339009
224519880
67633894
309914368
572031941
495780310
494874175
393451466
211960357
314413453
454933126
10
855411358
995547968
375415318
810315344
298620610
50053873
183350824
482020824
714797570
95673858
32384110
131225688
806442151
508203015
882679573
680748079
305174163
479810800
309914368
663349178
46701852
916298563
32373650
313668215
314413453
649329457
764523640
443607341
452035468
993246911
745810009
211794326
779898322
518044570
716574648
135635332
70490549
415260693
479686226
964982728
401016825
476531378
156285460
713620440
821987704
690319247
821987704
135635332
4578874
749018590
661815621
927052420
711265915
92758893
979992373
412533633
983780318
928081222
391011982
393451466
25322078
174875262
100441623
404462807
338911730
107816356
549424140
698436690
706153832
103961583
614273247
170864699
747363900
933866206
401056940
540791553
216142483
144577080
568368152
537433993
110468114
912208782
181847325
253043445
918455197
163410716
540791553
728091607
926783849
865544553
823046072
829563740
881775823
716574648
981870925
540791553
358268488
820468759
413960064
362603295
614380239
195828062
278081176
189276277
802916844
704936703
963962664
248004927
224026556
387120643
869467248
176717014
779342623
803039224
4826160
498943403
797801158
70843747
807500551
928081222
107816356
347090776
314409236
393658570
309914368
46701852
364670984
758275802
344383005
963962664
802676821
27810873
314274700
137158394
34705104
810315344
314409236
362603295
663349178
770935442
912208782
176717014
249479266
32384110
778557779
393658570
273320985
570618809
32384110
981870925
764523640
1
507236163
829563740
340980453
898721940
713620440
413433988
670554107
156285460
514245021
199260963
181847325
768731168
479810800
280128240
745810009
69349174
713620440
110468114
110468114
476531378
919965156
281255127
898721940
854887779
927052420
144577080
34705104
39442365
170864699
764523640
290767032
174875262
3998093
362399368
465231836
144577080
516383057
746937336
761448102
451927396
386265640
290767032
305174163
108563469
462480493
507236163
986345000
714797570
42310282
372339610
270710518
585240519
384951437
582665490
211794326
598374889
557337497
66605158
820777211
850642843
669989313
50053873
885392673
463535049
613881118
475634304
1037290
386265640
207908345
634247715
751109629
67633894
940644413
884158612
634247715
704936703
129720502
372339610
464063534
479686226
582665490
155114584
101077190
988302004
431530228
92363518
297721548
717552752
150
261273890
357391032
476531378
277203963
347090776
280128240
570618809
16977106
933866206
855411358
130159798
929788198
155114584
820777211
365777724
78646918
988302004
683538680
562986044
738200694
745810009
117643267
102826131
568368152
1037290
661815621
903221914
824309164
58020252
724962663
96177646
16977106
416976073
362603295
716574648
110468114
479810800
924095256
991435600
70490549
581264389
548444787
713768775
807973025
401062440
329313371
459756422
773485779
240879853
217697409
807500551
312499983
251297295
700167415
503444762
345422821
363861554
253043445
899162623
568444889
341482505
444232445
293446446
297721548
16043708
680441459
227255957
581264389
919965156
562986044
341482505
479686226
16043708
32287383
988302004
225799444
293446446
349120238
416976073
834429163
391011982
443607341
988265960
623600860
156285460
527030158
898721940
740630647
715382041
168210228
372339610
661815621
183350824
328784154
728091607
357391032
898721940
655015866
824309164
365777724
129720502
649032276
457230381
303361801
294780030
884158612
95673858
95556376
802857396
607196614
174710635
225799444
330936553
78646918
151667782
185501014
573375284
721617140
459756422
92758893
225799444
117643267
769929921
995547968
882679573
178339009
621372446
15228687
503337797
649329457
602121847
912135238
862636349
124887470
217697409
929788198
102826131
602121847
780068949
689075782
823046072
898721940
482020824
32384110
193275305
159853745
810315344
849859696
223058826
178160982
208917888
34220901
514802540
159853745
867677207
807973025
241709544
478420462
83761743
297721548
90952525
476531378
10
585240519
899162623
388061120
713768775
25322078
117643267
138732000
797507168
281255127
539831708
32373650
487814049
701834758
649032276
32384110
66605158
159853745
452035468
986345000
326901762
463535049
693038154
114617150
278976413
211794326
843974522
514811540
316372179
503337797
952041196
42310282
375415318
539831708
862636349
227255957
892483606
373635
677281996
700167415
587220085
358268488
340980453
391011982
344447701
193275305
885392673
32287383
341482505
393658570
83761743
820144652
634247715
186587623
67410822
357391032
251297295
375415318
154221862
680441459
540791553
728091607
3384
693038154
933866206
342330165
621372446
487814049
176717014
130159798
82229777
369865985
585240519
96177646
568368152
154221862
542494422
198025561
991435600
545525098
730076821
195828062
469337187
779342623
67410822
967102009
865544553
46701852
67086855
200016492
562986044
459756422
981870925
207908345
912135238
779898322
607196614
211960357
275127100
251297295
507634900
487814049
314409236
171929375
401056940
729190925
443607341
357391032
963962664
198025561
464063534
349603248
78646918
962403917
964982728
377867048
614633990
743928632
70179378
614633990
66605158
498805845
607196614
899162623
698436690
518044570
479810800
951587549
83761743
820144652
377867048
58020252
405572486
747363900
67410822
66605158
505115444
709235404
344383005
486167898
884750607
493854947
831512117
117643267
39218592
821987704
39442365
170864699
113370599
514811540
495780310
413433988
240879853
366823023
102826131
548056668
375415318
843974522
4826160
803039224
635512847
769929921
358268488
4578874
227255957
713620440
614380239
338911730
402737690
373635
156911545
95673858
673161982
391011982
393658570
211960357
92363518
66923545
648556615
248590766
100441623
344383005
83761743
93232780
341482505
93718562
686406158
248004927
623600860
514245021
927052420
709235404
829563740
648556615
431530228
27810873
354740411
589931035
568368152
415385114
172901029
806442151
294780030
524632621
854887779
34705104
649032276
771979368
200016492
773485779
358268488
68899906
919965156
386265640
929788198
251297295
130436407
916298563
489334816
79184239
83761743
9482779
596813636
174710635
413433988
95673858
648556615
913408437
184151516
514245021
933866206
661815621
46598156
540791553
964982728
862636349
189276277
463535049
70843747
945309929
459756422
240879853
598374889
443607341
903221914
78646918
548056668
773485779
996001420
824309164
278976413
413960064
726185148
404462807
903221914
704827836
304697117
357391032
397129535
470251328
249479266
692886373
27810873
32287383
208917888
945309929
818265792
740630647
779370659
281255127
898721940
478420462
524632621
184151516
814883038
82657484
787638947
807973025
186587623
704936703
347090776
572031941
391011982
874668115
277203963
655970696
918055945
227465186
9482779
829563740
768731168
493854947
138732000
314409236
125575379
855411358
291848212
199260963
135635332
148516861
690319247
711265915
505115444
986345000
661815621
843974522
227465186
189874901
93232780
16977106
779370659
585240519
854887779
991435600
362651120
715382041
498943403
626701595
23482358
4578874
964982728
176717014
401056940
874668115
527030158
90952525
967102009
58020252
462480493
173879390
224026556
3998093
372339610
726185148
178160982
613881118
316372179
32373650
102826131
704936703
693038154
117643267
393658570
10
78646918
313668215
404462807
1037290
669989313
199785190
110468114
931045595
459756422
873735929
185930935
724962663
338911730
959681273
330936553
363861554
318294545
211960357
66430650
516383057
539831708
933891365
240879853
51066627
572031941
749018590
672340633
758275802
95673858
397129535
706153832
186587623
868296475
802676821
893441124
428131251
412396169
862636349
927052420
653467800
50053873
338911730
824309164
253043445
281255127
135329353
249479266
482020824
882679573
345422821
27810873
494874175
482636632
881775823
249420944
514811540
253043445
172901029
545525098
173643577
514245021
66605158
227465186
476531378
32373650
952041196
393451466
806442151
202029007
493854947
761448102
693038154
50053873
3761461
620260057
24333935
95556376
358268488
885392673
568444889
714797570
304697117
557820851
148516861
184151516
368400084
545525098
717552752
316372179
32373650
810315344
498943403
69349174
963962664
103961583
9482779
655015866
388061120
582665490
349120238
101077190
129720502
295945231
514811540
109320
508203015
454933126
444805188
539831708
999661367
749018590
293446446
363861554
777161433
171929375
16977106
680441459
66430650
211960357
305174163
482866441
527030158
452035468
855411358
1037290
405572486
834429163
614380239
183350824
68899906
445171569
965243946
384951437
514811540
746937336
227255957
108563469
598374889
693038154
144577080
4578874
648556615
172901029
95673858
358268488
809199403
358268488
761448102
95673858
570618809
545525098
314413453
90952525
557820851
747363900
658516737
413433988
96507421
444232445
174710635
823046072
656403707
840517467
503444762
706153832
962403917
448224737
581264389
472750916
717552752
711265915
387120643
328784154
281255127
39442365
482020824
728091607
487814049
928419854
559651992
173879390
616895224
173643577
516383057
138732000
189874901
170864699
855411358
769548018
207908345
704936703
549424140
823046072
494874175
309914368
802916844
529078661
855411358
248590766
614633990
181847325
341482505
690319247
388061120
273320985
793477840
167026947
993246911
39218592
912940950
945309929
46598156
643820117
555573743
309914368
899162623
610796506
349603248
952041196
413433988
345422821
644290275
557337497
68899906
840517467
46701852
729747455
772214221
623600860
32373650
713620440
780068949
524632621
893441124
717552752
232791478
802676821
441797290
693038154
457230381
224519880
928081222
185930935
614633990
34705104
67633894
726185148
293446446
369865985
874668115
95673858
470251328
980877287
239487316
443607341
121413468
379135191
314274700
940644413
69349174
1
389927427
174875262
404462807
368400084
489334816
214723048
780919536
401056940
529078661
309914368
587704170
829563740
397129535
217697409
217697409
862636349
241709544
396262641
476531378
154221862
395691740
614380239
648556615
716574648
758275802
185501014
549424140
913408437
3384
440931409
946278411
151667782
952041196
66923545
865494791
290767032
428131251
648556615
514811540
398089477
711265915
769929921
384951437
649329457
494874175
58020252
70179378
587704170
179597442
362399368
573375284
42310282
738200694
587704170
663349178
562986044
464063534
462480493
458432099
78646918
96177646
539831708
613881118
608423628
903221914
32373650
476531378
476531378
130159798
362603295
755075438
773118870
679855380
330936553
933866206
658516737
746937336
946278411
849859696
881775823
51066627
764523640
486167898
514245021
138732000
630174927
208917888
16043708
580151686
335362996
32384110
746937336
715382041
740630647
918455197
42310282
167026947
328784154
713620440
933866206
439752238
165803742
933891365
903221914
156285460
964982728
773118870
32287383
185930935
747363900
482020824
482636632
795285863
193275305
648816111
913408437
275127100
807500551
709235404
831512117
587220085
478420462
556007948
729190925
458432099
820777211
357391032
70179378
298620610
732126508
582665490
539831708
661815621
991435600
840517467
568444889
278976413
449343350
345422821
204434900
507634900
162452126
184151516
165803742
413960064
189276277
162452126
96177646
149544260
743928632
129151366
314116173
893441124
372339610
729190925
412396169
514802540
386265640
342330165
854887779
486167898
738200694
862636349
810315344
130159798
893441124
135635332
278081176
329313371
155114584
227382860
150
713620440
749018590
149544260
124887470
462480493
34220901
436715057
680441459
3998093
207936637
135329353
729190925
3761461
253043445
176717014
227547313
281255127
495765838
507236163
204434900
185930935
74633640
135329353
93232780
93898630
773485779
479686226
4826160
769929921
655015866
768731168
573375284
470598575
824309164
458432099
231709804
829563740
539831708
732126508
181847325
614633990
66923545
868296475
82229777
893441124
912135238
328784154
865494791
602121847
172901029
881775823
476531378
540791553
386265640
181847325
280128240
181847325
761448102
572031941
1
117643267
537433993
70490549
716100284
843974522
508203015
479686226
393658570
402737690
648816111
928081222
549424140
241709544
758275802
393451466
304697117
874668115
275205258
174875262
424614948
324367954
482636632
227255957
344383005
556007948
679855380
842176960
842176960
559651992
630174927
32111757
444232445
90952525
162452126
814883038
416976073
159853745
92363518
117643267
755306939
67410822
988265960
155114584
248590766
34850360
174875262
357391032
980877287
559651992
831512117
470598575
462480493
198025561
15228687
90952525
155114584
698436690
277203963
773118870
806442151
170864699
780068949
335362996
895486726
393658570
482020824
239487316
933891365
129151366
965243946
93718562
95673858
168210228
568444889
549424140
698436690
249420944
992407830
779898322
398089477
999661367
482020824
281255127
362399368
469337187
365777724
518044570
253043445
275205258
470251328
318294545
962403917
802916844
542494422
778557779
981870925
95673858
508203015
171929375
363861554
965243946
476460273
713768775
778557779
714797570
316372179
507236163
412533633
156285460
25322078
747363900
391011982
167026947
992407830
211960357
806442151
305174163
965243946
356448012
183350824
124786377
743928632
9482779
181847325
85306785
927052420
182494885
514245021
68899906
983780318
1
505115444
644290275
168210228
332884115
373635
983780318
3998093
102826131
778557779
185501014
102826131
273130797
198025561
585240519
470598575
93898630
489334816
777161433
545525098
514245021
487814049
680748079
548444787
129151366
70490549
988265960
919965156
32384110
914002411
596813636
363861554
598374889
977485422
654167456
15228687
135635332
200016492
286323725
193798935
172901029
831512117
293446446
661815621
673161982
464063534
412396169
416753665
330936553
279699179
412396169
137067068
663349178
291848212
131225688
488102524
363861554
50053873
476531378
66923545
428131251
341482505
67410822
516383057
548444787
598374889
979992373
291848212
386265640
503337797
748679205
818265792
129151366
275507421
693038154
303361801
527030158
135635332
375415318
732126508
494874175
402737690
489334816
540791553
672340633
486167898
193275305
314274700
476460273
83761743
608423628
363861554
993246911
162101766
416753665
92363518
479810800
50053873
148516861
843410497
314274700
472750916
797801158
397129535
803039224
165803742
242026776
297721548
249479266
397991399
661815621
34705104
570618809
318294545
34220901
125658895
704827836
582665490
416753665
903221914
193275305
778557779
314409236
413960064
451927396
679855380
165803742
389927427
376423056
726185148
70843747
493854947
199785190
193992127
297721548
529078661
195828062
23482358
477546440
32287383
227382860
342330165
144577080
679855380
899162623
32111757
34220901
135329353
918455197
713768775
691739444
723257664
479810800
648816111
178160982
27810873
587704170
820777211
820777211
462480493
248590766
495780310
843974522
539831708
773118870
557337497
778557779
524632621
298620610
803039224
779898322
868296475
364670984
865494791
704852441
518044570
211960357
933866206
183350824
548056668
329313371
96177646
581264389
4578874
537433993
139534998
199260963
294780030
46598156
39218592
810315344
347090776
365777724
34850360
912135238
365777724
389927427
34220901
992780831
305174163
15228687
964982728
773118870
27810873
185930935
895679160
714797570
193798935
539831708
614380239
70179378
401016825
912208782
102826131
387120643
555573743
545525098
706153832
312084886
977485422
723257664
493854947
489304047
167026947
443607341
458432099
189276277
193992127
680748079
714797570
540791553
899162623
135635332
810315344
827874435
368400084
996001420
829563740
967102009
764523640
996001420
992407830
686406158
634247715
489304047
291848212
189874901
293446446
173879390
903221914
117643267
581264389
507236163
630174927
298620610
758275802
451927396
537433993
131225688
192980148
249420944
173643577
354740411
570618809
673161982
133977745
807500551
338911730
173643577
895486726
587220085
198025561
654167456
602121847
557337497
709235404
178160982
174710635
305174163
389927427
669989313
39442365
770935442
602121847
854887779
165803742
582665490
824309164
66923545
199260963
764523640
749018590
654167456
69349174
364670984
364670984
585240519
275127100
849859696
940569226
314413453
436715057
768731168
820144652
778557779
967102009
384951437
230604385
156285460
170864699
514245021
493854947
769929921
656945113
598374889
568368152
224519880
388061120
807500551
885392673
476531378
709235404
124887470
326901762
372339610
211960357
133666400
798848612
608423628
472750916
952041196
802676821
39218592
507236163
309914368
758275802
463535049
280128240
110468114
391011982
779342623
933891365
368400084
967102009
96507421
338911730
988302004
368400084
868296475
854887779
700167415
178160982
162452126
823046072
713620440
183350824
155114584
709235404
68899906
93232780
826372077
398089477
34220901
92758893
34220901
899162623
316372179
174875262
514245021
503337797
185501014
32373650
174710635
4826160
843974522
940644413
770935442
467714031
70490549
797801158
1037290
178160982
358268488
693038154
988265960
704852441
178160982
404462807
693038154
482636632
705234926
27810873
3998093
290767032
342330165
963962664
149544260
39442365
150
637653710
328784154
773118870
219758230
749018590
68899906
773118870
680441459
32111757
314413453
945309929
224519880
922378953
557820851
713768775
728091607
92363518
412396169
239487316
416976073
779370659
493854947
377867048
873735929
916298563
933866206
93898630
873735929
807973025
621372446
623600860
241709544
326901762
341482505
608423628
623600860
34705104
918055945
570618809
90952525
867677207
626701595
124887470
983780318
933866206
204434900
548056668
397129535
477546440
540791553
903221914
224026556
298620610
329313371
539831708
328784154
988265960
107816356
428131251
913408437
270710518
746937336
199785190
475634304
398089477
424614948
3998093
178339009
162101766
32373650
607196614
362603295
1
576578420
297721548
353514025
344383005
199260963
637653710
505115444
613881118
912208782
70843747
312084886
602121847
318294545
156911545
224026556
557337497
503444762
827874435
607196614
865494791
539831708
587704170
663349178
34220901
587220085
751109629
780068949
992407830
497174365
340980453
614380239
415385114
329313371
100441623
478420462
644290275
211794326
881775823
540791553
840517467
156911545
787638947
884158612
788975441
479810800
393658570
66923545
103961583
715382041
39218592
764523640
758275802
995547968
884750607
585240519
767723920
740630647
598374889
738200694
330484397
391011982
144577080
363861554
379135191
58020252
404462807
831512117
388061120
649806421
931045595
389927427
363861554
304697117
459756422
885392673
316372179
458432099
15228687
401056940
162452126
83761743
101077190
124887470
470598575
178160982
507634900
777161433
539831708
82229777
151667782
503444762
148516861
198025561
4826160
342330165
384951437
751885764
57553700
623600860
995547968
980877287
465231836
821987704
397129535
679855380
661815621
807500551
335362996
242026776
818265792
669989313
303361801
794289386
854887779
398089477
335362996
820777211
113299540
568444889
324367954
962403917
211986449
248004927
363861554
495780310
314116173
472750916
93898630
208917888
587704170
173643577
690319247
95673858
709235404
843410497
513434846
479810800
773485779
178339009
207908345
358268488
67633894
240879853
398089477
581264389
527030158
868296475
3384
527030158
314409236
738200694
979992373
912135238
614633990
779370659
723257664
454933126
24333935
529078661
773485779
314116173
834429163
124887470
568444889
865494791
16043708
672340633
176717014
582665490
199785190
895486726
476531378
623600860
9482779
96177646
487814049
475634304
248004927
208917888
648816111
144577080
573375284
239487316
931045595
795285863
596813636
892483606
338911730
227547313
46701852
690319247
448224737
829563740
713768775
95556376
240879853
794289386
928419854
199260963
401016825
721617140
10
278081176
379135191
773485779
200016492
704852441
475634304
113370599
365777724
186587623
573375284
275205258
823046072
476460273
706153832
724962663
679855380
70179378
401016825
397991399
294444853
225799444
416753665
291848212
717552752
23482358
178339009
993246911
965243946
842176960
278976413
542494422
439752238
154221862
70490549
807973025
330936553
498943403
100441623
70490549
185930935
498943403
416753665
300042913
649329457
714797570
959681273
912208782
489304047
868296475
448224737
654167456
185930935
230604385
545525098
249479266
362603295
514245021
388061120
171929375
881775823
436715057
881775823
304697117
918455197
211794326
933866206
184151516
463535049
10
70490549
779370659
663349178
658809133
637653710
979992373
587220085
46598156
494874175
16977106
354740411
309914368
454933126
761448102
329313371
314409236
309914368
454933126
95556376
185501014
165803742
462480493
129720502
462480493
607196614
397129535
384951437
375415318
928419854
275205258
751109629
211960357
280128240
342330165
672340633
373635
716100284
529078661
401062440
749018590
979992373
818265792
976702626
761448102
833234163
391011982
964982728
185501014
66923545
962403917
92758893
312084886
794289386
278081176
946278411
397129535
50053873
470598575
505115444
962714137
946278411
518044570
270710518
729190925
965243946
3761461
314274700
151667782
964982728
92758893
648556615
66430650
780068949
93718562
204434900
362603295
723257664
186587623
746937336
608423628
165803742
195828062
503337797
965243946
150
25322078
568444889
109320
992780831
275127100
93232780
549424140
507236163
589931035
630174927
448224737
724962663
397991399
163410716
379135191
992780831
66430650
608423628
379135191
354740411
721617140
424614948
457230381
313668215
248590766
345422821
711265915
820144652
46598156
179597442
330936553
993246911
335362996
656372125
67086855
249479266
424614948
680441459
227382860
613881118
988302004
184151516
273320985
66430650
338911730
32111757
810682119
90952525
477546440
363861554
779370659
489334816
556007948
242026776
988265960
305174163
814883038
110468114
32373650
318294545
498943403
843974522
451927396
713768775
51066627
249479266
797801158
802676821
727360888
777161433
227382860
614380239
738200694
349603248
224519880
518044570
406639441
34705104
78646918
621372446
324367954
927052420
222148874
589931035
598374889
478420462
452035468
248004927
928419854
131225688
222148874
239487316
634247715
92363518
199785190
393658570
527030158
598374889
649329457
109320
148516861
690319247
865494791
135329353
477546440
464063534
444731863
303361801
32287383
46598156
270710518
314274700
66923545
32111757
768731168
129345378
108563469
193992127
779370659
798848612
514811540
10
644290275
962403917
341482505
476531378
992780831
10
465231836
679855380
470251328
168210228
814108740
778557779
130981733
96177646
477546440
199260963
912135238
658516737
840517467
412396169
103961583
540798879
318294545
338911730
170864699
314116173
393451466
240879853
977485422
189874901
170864699
199260963
314409236
135329353
281255127
312084886
66430650
227547313
39218592
824309164
345422821
413433988
518044570
324367954
364670984
751885764
773118870
549424140
96177646
649032276
895486726
222148874
193275305
102826131
3384
673161982
996001420
110468114
391011982
621372446
449615229
855411358
916298563
655015866
770935442
539831708
66923545
335362996
918055945
709235404
375415318
34705104
239487316
952713157
240879853
700167415
107816356
195828062
677281996
193798935
170864699
109320
193992127
167026947
349603248
614633990
174875262
362603295
93718562
349603248
482866441
393451466
626701595
686406158
705234926
709235404
79184239
928419854
154221862
489334816
443607341
568368152
1
93898630
868296475
764523640
806442151
952041196
993246911
156911545
573375284
849859696
487814049
669989313
21200125
24333935
542494422
589931035
912135238
124887470
746937336
751109629
914002411
585240519
513434846
93898630
375415318
963962664
314274700
548444787
189276277
280128240
690319247
548056668
713620440
999724180
250488536
275507421
148516861
539831708
23482358
338911730
249479266
843974522
291848212
518044570
416753665
67086855
275205258
151667782
689075782
293446446
587220085
527030158
690319247
193798935
780068949
364670984
34705104
472750916
778557779
772650965
873735929
24333935
281255127
655015866
505115444
312084886
716100284
482866441
658516737
159853745
562986044
101077190
372339610
630174927
208917888
911396609
634247715
316372179
514811540
503444762
313668215
602121847
991435600
248590766
129720502
673161982
630174927
357391032
195828062
349603248
70843747
165803742
281255127
314274700
424614948
16977106
309914368
151667782
614380239
780068949
107816356
462480493
16977106
335362996
614633990
562986044
458432099
479810800
644290275
393451466
979992373
503444762
1037290
51066627
946278411
110468114
67410822
704827836
899162623
230604385
162452126
344383005
393658570
892483606
32384110
626701595
713856983
613881118
95673858
495780310
582665490
962403917
347090776
280128240
304697117
793477840
90952525
195828062
680441459
672340633
637653710
312084886
706153832
138732000
557337497
412533633
110468114
363861554
724962663
416753665
165803742
181847325
912135238
436715057
10
788975441
677281996
607196614
806442151
467714031
482020824
661815621
644290275
172901029
701834758
417921765
375415318
945309929
401016825
280128240
489334816
589931035
780068949
305174163
918455197
342330165
614380239
865494791
728091607
172901029
945309929
151667782
138732000
83761743
278976413
778557779
559651992
365777724
393451466
96177646
278081176
50053873
713620440
570618809
518044570
489304047
479810800
349120238
562986044
222148874
335362996
988302004
401056940
903221914
711265915
242026776
25322078
114617150
780068949
914002411
294780030
313668215
865544553
927052420
369865985
100441623
758275802
275205258
78646918
129720502
34705104
156285460
66923545
358268488
714797570
940644413
451927396
135635332
721617140
113370599
69349174
981870925
3384
131225688
716100284
39218592
786645635
198025561
328784154
895486726
34850360
879784186
992407830
431530228
508203015
548056668
404462807
278976413
109320
183350824
893441124
778557779
96177646
4826160
531499090
100441623
66430650
649032276
174875262
251297295
162452126
634247715
748679205
66923545
23482358
249420944
882679573
999661367
587704170
986345000
312084886
991400574
398089477
329313371
778557779
810315344
93898630
199260963
39218592
121413468
568368152
24333935
309914368
444805188
208917888
267317238
940644413
239487316
587704170
637653710
476460273
156285460
462480493
929788198
286323725
314409236
368400084
162452126
24333935
192035445
389927427
362603295
802676821
743928632
750508368
706153832
769929921
354740411
27810873
751885764
113370599
368400084
596813636
1
705234926
224026556
787638947
170864699
639330245
545525098
23482358
431530228
181847325
740630647
806442151
557820851
428131251
852094584
661815621
478420462
556007948
224026556
125575379
415385114
486167898
439752238
148516861
952041196
415385114
159853745
568444889
249420944
680748079
95556376
992780831
397129535
459756422
787638947
701834758
979992373
549424140
227255957
596813636
184151516
758275802
375415318
728091607
806442151
95673858
4826160
93718562
729190925
993246911
542494422
452035468
363861554
387155393
494874175
230604385
767723920
527030158
918055945
807973025
129151366
945309929
967102009
649032276
275507421
113370599
330484397
251551745
764523640
824309164
649329457
313668215
979992373
273320985
239487316
180364368
248590766
927052420
507634900
386265640
779370659
68899906
768731168
224026556
745810009
914002411
644290275
914002411
50053873
488102524
680748079
962403917
470598575
178160982
275507421
912208782
345422821
587220085
83608249
227465186
34850360
724962663
568368152
230604385
716100284
193798935
482636632
916298563
933891365
32287383
459756422
344383005
377867048
788975441
929788198
503444762
732126508
349603248
464063534
170864699
95556376
962403917
470251328
964982728
151667782
724962663
539831708
709235404
498943403
46701852
962403917
779342623
849859696
149544260
555573743
66605158
913408437
654167456
162101766
3384
424614948
770935442
151667782
1
32384110
827874435
728091607
314274700
365777724
109320
444805188
316372179
156911545
184151516
843410497
150
305174163
393451466
294780030
465019041
448224737
686406158
290767032
478420462
124887470
207908345
751109629
34850360
758275802
494874175
693038154
698436690
393658570
545525098
779370659
770935442
338911730
914002411
211960357
507236163
357391032
1
773118870
46598156
170864699
555573743
138732000
607196614
514802540
275205258
96507421
914002411
933891365
227255957
398089477
693038154
189874901
463535049
386265640
34705104
478420462
486167898
135329353
249420944
129151366
892483606
78646918
988302004
470251328
1
862636349
388061120
881775823
189276277
962714137
568368152
873735929
204434900
165105338
983780318
1
67633894
66605158
100441623
462480493
721617140
513434846
404462807
761448102
582665490
614633990
709235404
330936553
312499983
516383057
999661367
341482505
677281996
493854947
248590766
912863145
193275305
516383057
988302004
139853058
193275305
779898322
452035468
270710518
798848612
200016492
787638947
849859696
570618809
977485422
655472945
451927396
193992127
436715057
34705104
3384
171929375
507236163
476460273
207908345
362603295
357391032
23482358
992780831
602121847
518044570
919965156
33728588
730076821
946278411
559651992
135329353
373635
163410716
1037290
89911830
663349178
745810009
903221914
802676821
988265960
303361801
916298563
773118870
393451466
439752238
357391032
58020252
849859696
372339610
117643267
810315344
298620610
401062440
973030676
251297295
269522820
463535049
913408437
293446446
230604385
4826160
874668115
124887470
475634304
278976413
842176960
970023999
959681273
476460273
933891365
807500551
868296475
470251328
680441459
415385114
493854947
573375284
178160982
495780310
137158394
514802540
32373650
929788198
328784154
244978632
475634304
977485422
345422821
927052420
704852441
16043708
439752238
137158394
507236163
779898322
705234926
107816356
514802540
787638947
713620440
27810873
193275305
549424140
945309929
275205258
654167456
723257664
273320985
185930935
309914368
648556615
797801158
298620610
452035468
482020824
144577080
248004927
807973025
721617140
108563469
749018590
868296475
444731863
581264389
623600860
912135238
679855380
344383005
634247715
199785190
144577080
324367954
34850360
477546440
946278411
807500551
767723920
248590766
524632621
129720502
181847325
393451466
649329457
88835791
312499983
962714137
787638947
46701852
751885764
929788198
513434846
802676821
379135191
706153832
730076821
794289386
416753665
193798935
795285863
148516861
66605158
614380239
34850360
701834758
807973025
186587623
475634304
69349174
401062440
589931035
486167898
557820851
700167415
431530228
679855380
398089477
459756422
200016492
840517467
728091607
416753665
486167898
364670984
758275802
813959554
444805188
3761461
109320
114617150
24333935
227465186
208917888
330484397
770935442
298620610
679855380
962714137
549424140
386265640
559651992
4826160
398089477
83761743
278081176
913408437
820144652
770935442
746937336
290767032
96507421
548056668
788975441
672340633
125575379
881775823
795285863
673161982
568444889
993246911
914002411
416753665
96177646
316372179
930075865
364670984
291848212
393451466
186587623
882679573
470251328
540791553
959681273
714797570
700167415
751109629
498943403
249420944
539831708
873735929
239487316
173643577
764523640
769929921
614380239
398089477
137158394
412533633
67086855
354740411
981870925
581264389
602121847
810315344
248590766
793774371
314409236
549424140
431530228
391011982
770935442
487814049
823046072
704852441
596813636
103961583
162101766
39442365
967102009
372339610
178339009
344383005
451927396
345422821
401062440
732126508
318294545
3998093
32373650
162452126
46598156
377867048
305174163
868296475
740630647
979992373
828397573
193275305
176717014
318294545
131225688
965243946
186587623
747363900
821987704
207908345
713768775
162452126
448224737
940644413
195828062
767723920
110468114
995547968
724962663
912863145
405572486
165105338
165105338
375415318
831512117
980877287
751885764
428131251
751109629
70490549
189276277
168210228
23482358
854887779
810315344
472750916
503337797
505115444
454933126
70490549
290767032
9482779
357391032
110468114
96177646
353616313
3761461
67633894
137067068
865494791
729190925
623600860
316372179
240879853
793477840
330484397
151667782
993246911
814883038
820777211
903221914
101077190
335362996
704827836
780068949
573375284
874668115
777161433
570618809
51066627
124887470
482020824
339208858
824309164
208917888
10
393451466
1
988302004
931045595
751885764
479810800
916298563
557820851
655015866
696707071
602121847
831512117
470251328
129720502
159853745
779370659
401056940
108563469
270710518
384951437
711265915
162452126
363861554
751109629
959681273
137158394
919965156
996001420
465231836
167026947
172901029
995547968
704852441
488102524
548444787
931045595
165105338
743928632
992407830
713620440
814883038
329313371
713768775
458432099
195828062
15228687
342330165
239487316
199785190
507236163
679855380
508203015
416976073
548444787
913408437
413433988
803039224
518044570
570618809
195828062
655015866
83761743
711265915
770935442
16977106
354740411
193275305
415385114
462480493
704827836
50053873
277203963
779370659
96177646
740630647
286323725
207908345
444805188
309914368
806442151
402737690
556007948
165803742
717552752
787638947
810315344
749018590
494874175
172901029
249479266
929788198
174875262
344383005
953194069
68899906
711265915
478420462
479810800
314413453
717552752
173643577
124887470
275205258
304697117
444805188
444232445
70843747
162101766
199785190
32111757
412396169
797801158
340980453
39218592
673161982
347090776
280128240
963962664
211794326
70490549
897061642
673161982
349120238
514802540
507634900
548056668
648556615
614633990
560965348
193798935
178160982
125575379
711265915
154221862
803039224
865494791
372339610
614380239
208917888
709235404
213186430
680748079
389927427
602121847
144577080
991435600
451927396
312084886
470598575
165803742
918055945
912135238
704503551
67410822
849859696
286323725
557820851
51066627
798848612
865494791
516383057
66923545
540791553
867677207
248004927
154221862
709235404
764523640
185930935
705234926
293446446
32111757
293446446
103961583
928419854
568444889
368400084
338911730
34220901
524632621
764523640
95556376
770935442
802676821
802676821
751109629
248004927
328784154
199260963
482020824
138067720
4826160
758275802
662290165
738200694
992407830
224763200
912208782
747363900
669989313
372339610
751885764
977485422
364670984
842176960
159853745
129151366
810315344
300217572
184151516
798848612
918455197
138732000
34850360
181847325
780068949
162101766
587220085
3384
135635332
326901762
704852441
326901762
537433993
779898322
962403917
494874175
326901762
230604385
397991399
779370659
168210228
162101766
820144652
867677207
524632621
10
807973025
542494422
313590138
486167898
405572486
918055945
589931035
67410822
388061120
581264389
698436690
412396169
10
946278411
562986044
25322078
820777211
70490549
821987704
113370599
938297730
338794602
787638947
313668215
405572486
928081222
46598156
251297295
850914574
474600616
281255127
980877287
738200694
493854947
16043708
738200694
335362996
965243946
918055945
211794326
965243946
199260963
514245021
589931035
397129535
4826160
393658570
823046072
931045595
711265915
716100284
505115444
1
326901762
570618809
596813636
779342623
249420944
1037290
32373650
983780318
280128240
3998093
184151516
242026776
414376978
884750607
368400084
470251328
731279620
724962663
713768775
787638947
328784154
416976073
479686226
79184239
121413468
507236163
345422821
596813636
304697117
769929921
277203963
314409236
413960064
401016825
867677207
850955283
103961583
50053873
933866206
962403917
693038154
810315344
795285863
698436690
67086855
780068949
393451466
928081222
992780831
933891365
278081176
189276277
557820851
137067068
171929375
711265915
992780831
42310282
673161982
363861554
475634304
27810873
314413453
508203015
933891365
555573743
704827836
167026947
798848612
700167415
555573743
548056668
952041196
170864699
931045595
821369510
508203015
555573743
405572486
996001420
608423628
297721548
788975441
700167415
314409236
304697117
9482779
102826131
32111757
280128240
773485779
507634900
999661367
162101766
980877287
62101745
516383057
803039224
829563740
581264389
732126508
165803742
125575379
912135238
129720502
249479266
439752238
854887779
357391032
163410716
993246911
444731863
964982728
66430650
929788198
248004927
107816356
751109629
780068949
505115444
698436690
779370659
444805188
658516737
495780310
862745812
602121847
211794326
749018590
507236163
347090776
314409236
199260963
996001420
154221862
988302004
732126508
524632621
10
810315344
217697409
884158612
67633894
393451466
458432099
545525098
784691537
309914368
991400574
162101766
513434846
335362996
743928632
401016825
90952525
312084886
704827836
173643577
827874435
545525098
363861554
207908345
96177646
849859696
397129535
818265792
704827836
9482779
32287383
93232780
779342623
479686226
198025561
626701595
912863145
482866441
761448102
514811540
689075782
46598156
92363518
931045595
148516861
443607341
589931035
983780318
375415318
4826160
95673858
716574648
50053873
723257664
293446446
227382860
71426482
32384110
163410716
178339009
795285863
993636872
607196614
730076821
428131251
749018590
929788198
723257664
769929921
304697117
377867048
479686226
912208782
195828062
748679205
503444762
596813636
249420944
312499983
368908372
66430650
713620440
16043708
248004927
314274700
42310282
170864699
480534444
439752238
368400084
482866441
393451466
286323725
413960064
648556615
677281996
156285460
903221914
881775823
413433988
405572486
698436690
842176960
457230381
193798935
773485779
249420944
598374889
39218592
405572486
436715057
807973025
365844442
211960357
110468114
227382860
92758893
690319247
448224737
717552752
724962663
933891365
39218592
768731168
173643577
304697117
70490549
58020252
732126508
693038154
874668115
79184239
401056940
444805188
227547313
3384
131225688
964982728
249479266
278081176
761448102
67086855
34705104
96177646
113370599
884750607
125575379
70490549
150
514245021
401056940
422511219
162452126
669989313
596813636
363970854
124887470
92758893
680748079
514802540
503337797
634247715
388061120
557820851
919965156
32111757
163410716
4826160
709235404
686406158
516383057
472750916
498805845
159853745
732126508
102826131
159853745
107816356
709235404
992407830
505115444
587704170
724962663
154221862
979992373
341482505
473960360
248590766
899162623
413433988
9482779
793004959
804464840
4578874
998198836
709235404
172901029
704936703
412396169
281255127
341482505
820144652
918055945
436715057
178339009
777161433
95673858
316372179
829563740
498943403
962403917
286323725
186587623
893441124
770935442
185501014
278081176
253043445
95673858
436715057
107816356
303361801
803039224
251297295
549424140
529078661
746937336
899162623
559651992
680748079
4578874
441016191
831512117
776366545
743928632
70490549
507634900
30462732
524632621
581264389
34850360
503337797
211794326
83761743
787638947
814883038
903221914
495780310
559651992
324367954
562986044
649329457
454933126
963962664
307160275
751885764
275304063
375415318
724962663
129720502
964982728
548056668
191784893
227547313
70843747
448224737
110468114
995547968
165803742
764523640
913408437
363861554
568444889
377867048
749018590
298620610
717552752
690950831
477546440
596813636
416753665
401016825
807500551
487814049
334144841
486167898
280128240
649032276
895486726
498943403
70843747
156285460
163410716
607196614
946278411
78646918
464063534
131225688
977485422
34850360
156285460
224519880
704827836
981870925
82229777
67086855
802676821
746937336
398089477
16043708
42310282
1037290
135329353
868296475
489304047
834429163
979992373
730076821
555573743
827874435
200016492
372339610
96177646
108563469
602121847
431530228
623600860
15228687
386265640
761448102
32287383
32111757
557337497
988265960
777161433
637653710
428131251
743928632
416753665
15228687
198025561
981870925
931045595
451927396
729190925
1
479810800
328784154
582665490
988302004
486167898
779898322
893441124
980877287
770935442
607196614
777161433
50053873
372339610
717552752
514811540
211794326
90952525
34705104
314116173
482636632
988265960
730076821
931045595
514802540
129151366
23482358
185501014
162452126
648556615
270544403
174710635
95556376
163410716
4578874
918055945
439752238
649329457
144577080
277203963
642805485
732126508
224519880
898721940
463535049
823046072
4826160
412396169
977485422
807973025
364670984
388061120
208397252
959681273
452035468
704827836
472750916
895486726
539831708
369865985
649032276
93232780
58020252
524632621
818265792
874668115
354740411
291848212
777161433
587704170
779370659
882679573
680748079
340980453
397129535
959681273
358268488
102826131
189874901
100441623
372339610
137158394
415385114
614380239
988265960
125575379
598374889
297721548
779342623
818265792
10
294780030
879773748
751109629
557820851
162452126
660476273
912208782
227382860
797801158
304697117
389927427
568368152
704852441
767723920
524632621
330484397
912135238
831512117
986345000
556007948
520291108
823046072
991435600
767723920
27810873
95673858
843410497
358268488
503444762
16977106
706153832
314409236
170864699
482636632
183172722
240879853
992780831
469337187
162452126
979992373
404462807
843974522
518044570
914002411
171929375
527030158
704827836
802676821
892483606
679090565
444731863
454933126
516383057
189276277
275127100
3998093
154221862
1
207908345
241709544
868296475
163410716
4578874
793477840
988265960
354740411
96507421
981870925
135329353
121413468
587704170
810315344
813040599
899162623
375415318
137158394
368400084
24333935
493854947
393658570
589931035
614380239
713768775
51066627
884750607
290767032
324367954
248590766
705234926
163410716
991435600
428131251
995547968
211960357
129151366
92758893
548444787
465231836
831512117
559651992
488102524
795285863
493854947
715382041
980877287
428131251
568368152
457230381
393658570
312084886
746937336
242026776
39218592
513434846
613881118
806442151
39442365
188365316
823046072
488102524
211960357
314274700
992407830
54405392
747363900
151667782
977485422
981033024
225799444
324367954
100441623
32373650
312499983
672340633
772214221
4826160
469337187
3761461
469337187
173879390
165803742
893441124
779898322
412396169
498805845
959681273
314274700
736496155
42310282
372339610
388061120
179597442
195828062
154221862
560805605
679855380
802916844
472750916
110468114
540791553
479686226
318294545
806442151
679855380
820144652
436715057
178339009
747363900
661815621
693038154
716574648
740630647
714817758
389927427
96177646
138732000
802916844
290767032
165105338
413960064
573375284
988302004
39218592
4578874
672340633
581264389
945309929
313668215
559651992
874668115
714797570
648816111
614633990
121413468
714797570
15228687
768731168
677281996
131225688
772214221
967102009
995547968
397991399
992407830
444232445
24333935
416976073
842176960
738200694
993246911
326901762
573375284
587220085
318294545
527030158
467714031
962714137
96177646
704852441
548056668
96507421
305174163
4826160
916298563
240879853
172901029
865494791
767723920
827874435
66430650
559651992
1
514811540
193798935
482020824
649032276
715382041
854887779
405572486
489304047
779370659
933866206
867677207
454933126
162452126
9482779
297721548
294780030
373635
873735929
780068949
518044570
298620610
780068949
693038154
150
486167898
962403917
290767032
779342623
314409236
129151366
862636349
195828062
14422747
69349174
172901029
476460273
401016825
150
585240519
176717014
527030158
899162623
16977106
559651992
542494422
386265640
773118870
758275802
199260963
658516737
470598575
174875262
275507421
823046072
270710518
865544553
881775823
988265960
479686226
193798935
424614948
478420462
335362996
488102524
227465186
444731863
413433988
476460273
680748079
745810009
820777211
992780831
979992373
463535049
865494791
928081222
482636632
184151516
680748079
669989313
795285863
914002411
928419854
912208782
32287383
340980453
328784154
626701595
865544553
669989313
489304047
172901029
362603295
761448102
23482358
96507421
865544553
309914368
549424140
514245021
121413468
451927396
193798935
444232445
397129535
607196614
862636349
899162623
820144652
102826131
101077190
472750916
721617140
721617140
95673858
298620610
843974522
269522820
723257664
983780318
211794326
159853745
648816111
487814049
912135238
135329353
66430650
928081222
689075782
927052420
93718562
344383005
326901762
195828062
174875262
803039224
768731168
467714031
162452126
728091607
168210228
124887470
416753665
388061120
130159798
102826131
79184239
389927427
230604385
227465186
24333935
654167456
10
618092684
464063534
277203963
66923545
470598575
200016492
608423628
572031941
312084886
138732000
701834758
912135238
470598575
892483606
743928632
66923545
644290275
401016825
843410497
573375284
32287383
716574648
386265640
932347349
898721940
477546440
357391032
730076821
634247715
185501014
349603248
884750607
608423628
135329353
779370659
67633894
787638947
348871406
802676821
324367954
171929375
977485422
110468114
940644413
962714137
439752238
125575379
224026556
163410716
135635332
807973025
854887779
713620440
46659364
489304047
117643267
39218592
412396169
107816356
514802540
952041196
693038154
70490549
173643577
211794326
469755665
614633990
581264389
962714137
493854947
709235404
386265640
514811540
316372179
9482779
239487316
995547968
217697409
557820851
867677207
4578874
363861554
882679573
249420944
92758893
581264389
42310282
278976413
388061120
513434846
286323725
16977106
314116173
82229777
46701852
562986044
540791553
245773191
32111757
494874175
328784154
459756422
108563469
514802540
516383057
66605158
893441124
174875262
362603295
507634900
736375935
820144652
793477840
129720502
470251328
897651757
451927396
979992373
428131251
714797570
253043445
721617140
347090776
124887470
999661367
898721940
195828062
746937336
820144652
537433993
874668115
464063534
964982728
918055945
401016825
70490549
162452126
444731863
335362996
704936703
669989313
962714137
507634900
96177646
342193313
70179378
270710518
179597442
465231836
729747455
135329353
174710635
880325876
393658570
979992373
444731863
110468114
524632621
163087273
401016825
95673858
714797570
186587623
573375284
842176960
607196614
401056940
738200694
730076821
479686226
716100284
607196614
117643267
298620610
92758893
683538680
69349174
479810800
124887470
199260963
96177646
113370599
621372446
90952525
275205258
981870925
476531378
507634900
993246911
34705104
305174163
572873936
444731863
738200694
349120238
608423628
680441459
204434900
582665490
797801158
227465186
165803742
83761743
777161433
582665490
159853745
365777724
508203015
895486726
179597442
747363900
539831708
349120238
472750916
372339610
199260963
912208782
827874435
582665490
131225688
431530228
444232445
768731168
51066627
716100284
655015866
761448102
39218592
834429163
368400084
747363900
401016825
855411358
701834758
275127100
556007948
335362996
32373650
933891365
224026556
770935442
996001420
807973025
740630647
862636349
303361801
993246911
706153832
174875262
608423628
705234926
991400574
914002411
4826160
698436690
529078661
211960357
462480493
93232780
249420944
981870925
23482358
477546440
178339009
25322078
740630647
251297295
357391032
995547968
135635332
314409236
679855380
677281996
769929921
582665490
281255127
916298563
648816111
401062440
463535049
278976413
96507421
96507421
729747455
328784154
472750916
93898630
807500551
537433993
564564650
962403917
372339610
165803742
464063534
912863145
885392673
165803742
183350824
131225688
193992127
397129535
314409236
3761461
548056668
931045595
32373650
555573743
131225688
338911730
275205258
470251328
149544260
683538680
895486726
779898322
919965156
362399368
740630647
224026556
124887470
614380239
211794326
705234926
721617140
1
596813636
991400574
342330165
508203015
513434846
170864699
174875262
156285460
389927427
946278411
570618809
995547968
401016825
648816111
208917888
424614948
881775823
173643577
843974522
903221914
751109629
797801158
183350824
713768775
706153832
222148874
298620610
248004927
729190925
344383005
797801158
476531378
981786423
138732000
67410822
270710518
477546440
95673858
992407830
68899906
476460273
488102524
868296475
862636349
398089477
253043445
251297295
868296475
488102524
488102524
69349174
32111757
224026556
42310282
131225688
802916844
940644413
66430650
184151516
995547968
572031941
661815621
458432099
70490549
183350824
291848212
802676821
582665490
516383057
475634304
899162623
16977106
654167456
149544260
107816356
548444787
249479266
70490549
562986044
679855380
46701852
60174558
314116173
865494791
4578874
768731168
109320
369865985
412533633
90952525
358268488
173879390
626701595
34850360
32111757
919965156
479686226
275205258
654167456
393451466
489304047
717552752
387120643
700167415
747363900
503444762
931045595
401056940
749018590
920078181
912863145
193798935
507236163
983780318
820777211
16977106
761448102
248590766
482866441
803039224
749018590
107816356
129151366
270710518
912863145
912863145
165105338
393658570
70843747
929788198
834429163
138732000
159853745
630174927
183350824
824309164
397991399
416976073
821987704
439752238
193798935
716100284
723257664
165803742
129151366
332962447
148516861
895486726
93718562
482020824
278081176
940644413
397991399
314409236
724962663
130159798
761448102
388061120
149544260
840517467
706153832
693038154
364670984
338911730
488102524
787638947
100441623
364670984
524632621
156285460
48714275
614633990
995547968
729747455
92758893
478420462
761448102
9482779
740630647
933891365
913408437
487814049
568444889
189276277
294780030
185501014
794289386
463535049
761448102
573375284
488102524
3384
156285460
225799444
993246911
248590766
753043492
467714031
172901029
387120643
568368152
137158394
489304047
715382041
46701852
67633894
865544553
843974522
149544260
251297295
135329353
991400574
649329457
251297295
778557779
25322078
465231836
713768775
32287383
93898630
34220901
207908345
913408437
991400574
32287383
992780831
589931035
992407830
881775823
728207291
613881118
155114584
693038154
795285863
313668215
802916844
918055945
827874435
794289386
253043445
810315344
555573743
313668215
324367954
608423628
1
596813636
16977106
462480493
945309929
227382860
404462807
472750916
585240519
162452126
516383057
479686226
945309929
183350824
768731168
556007948
899162623
156911545
903221914
849859696
83761743
555573743
682636679
172901029
873735929
275127100
193275305
715226331
842176960
151667782
70490549
172901029
297721548
680748079
239487316
388061120
716574648
249479266
513819757
724962663
962403917
749018590
144577080
572031941
840517467
249479266
358268488
963962664
270710518
680748079
842176960
831512117
991435600
294780030
439752238
386265640
609597884
914002411
919965156
278976413
297721548
354740411
362603295
692409856
648816111
489334816
821987704
68899906
95673858
138732000
83761743
654167456
874668115
918055945
482020824
465231836
402737690
150
821987704
884750607
806442151
178339009
459756422
227547313
672340633
108563469
489627123
168210228
51066627
96507421
67086855
806442151
90952525
459756422
548056668
503337797
67086855
23482358
649032276
207908345
503337797
404462807
392185457
704827836
253043445
807500551
150
193275305
155114584
482636632
394018053
507634900
173879390
855411358
16043708
124887470
723257664
992407830
172901029
342330165
444731863
914002411
945309929
312499983
992407830
444731863
721617140
176717014
649329457
927052420
648556615
224519880
964982728
217697409
330484397
172901029
338911730
465231836
51066627
444232445
704852441
772214221
174875262
109320
827874435
312084886
103961583
663349178
482866441
644290275
402737690
582665490
689075782
570618809
46701852
962403917
397129535
700167415
181847325
524632621
125575379
32111757
549424140
650196944
313668215
199260963
314116173
225799444
721617140
189874901
170864699
823046072
773118870
895486726
130159798
25322078
79184239
470598575
217697409
700167415
751885764
242026776
124887470
384951437
717552752
779342623
402737690
467714031
398089477
540791553
117643267
928419854
402737690
405572486
724962663
412533633
362603295
928081222
172901029
788975441
873735929
448224737
275127100
637653710
810315344
778557779
658516737
131225688
199260963
797801158
751885764
172901029
290767032
559651992
821987704
227465186
549424140
717552752
1037290
224519880
738200694
729190925
518044570
82229777
717552752
885392673
121413468
330936553
810315344
100441623
189276277
293446446
992407830
463535049
389927427
988302004
545525098
124887470
614380239
810315344
679855380
416753665
70843747
524632621
470598575
124348278
746937336
823046072
714797570
983780318
227465186
338911730
452035468
945309929
239487316
314413453
740630647
918055945
189276277
780068949
562986044
251297295
16043708
802676821
507236163
585240519
788975441
185501014
607196614
831944883
498805845
39442365
914002411
881775823
843410497
482020824
402737690
556007948
199785190
549424140
700167415
913408437
313668215
764523640
162101766
513434846
93898630
240879853
820144652
117643267
67633894
393658570
559651992
207908345
818265792
413433988
78646918
452035468
328784154
716574648
275205258
548056668
269522820
962714137
32384110
568444889
138732000
698436690
505115444
996001420
913408437
581264389
793477840
369865985
489334816
469337187
251297295
626701595
363861554
15228687
309914368
779342623
167026947
3998093
405572486
964982728
649032276
494874175
772214221
154221862
539831708
913408437
162101766
476460273
912135238
278976413
794289386
562986044
637653710
855411358
253043445
168210228
498805845
862636349
806442151
806442151
171929375
704852441
873735929
349120238
357391032
983780318
476531378
3761461
767723920
269522820
903221914
103929401
363861554
701685430
335362996
918055945
66430650
16977106
818265792
865544553
193798935
397991399
524632621
121413468
131225688
794274842
513434846
436715057
730076821
413433988
794289386
67633894
749018590
716574648
102826131
545525098
386265640
709235404
365777724
592782384
478420462
125418134
913408437
581264389
200016492
108563469
137158394
249420944
95556376
286323725
189276277
967102009
275127100
24333935
357391032
728091607
375415318
178339009
90952525
251297295
477546440
549424140
489304047
944458549
873735929
68899906
275127100
814883038
401056940
32373650
933866206
69349174
69349174
728091607
67633894
165803742
372339610
451927396
249420944
70179378
365777724
137158394
806442151
70179378
269522820
444232445
745810009
931045595
174710635
66605158
372339610
347090776
178160982
729747455
787638947
416753665
155114584
251297295
344383005
919965156
965243946
607196614
200016492
278081176
372339610
444731863
249420944
488102524
539831708
341482505
168210228
979992373
843974522
222148874
494874175
581264389
415385114
444805188
186587623
977485422
186587623
349603248
621372446
557337497
347090776
680748079
101077190
820777211
545525098
415385114
278976413
79184239
349120238
90952525
820777211
873735929
637653710
34705104
729747455
557337497
818265792
179597442
700167415
979992373
568368152
241709544
773118870
189874901
397129535
312084886
814883038
524632621
854887779
977485422
405572486
933866206
369865985
58020252
444232445
369865985
581264389
172901029
340980453
464063534
189276277
713620440
807500551
24333935
211960357
242026776
587220085
704213590
794289386
732126508
655015866
493854947
362603295
412396169
717552752
70843747
4578874
200016492
183350824
96177646
165105338
793477840
711265915
992407830
717552752
831512117
444731863
278081176
90491761
375415318
93898630
683538680
16977106
93718562
873735929
912863145
138732000
1037290
211960357
66923545
673423419
15228687
623600860
728091607
124887470
25322078
559651992
779370659
454933126
715382041
658516737
585240519
855411358
32373650
349603248
462480493
172901029
270710518
227465186
795285863
596813636
208917888
185501014
424614948
514811540
173643577
680748079
789987142
377867048
862636349
170864699
377867048
154221862
673161982
545525098
402737690
701834758
330936553
387120643
749018590
32373650
362603295
537433993
326901762
452035468
983780318
78646918
448224737
486167898
462480493
344383005
740630647
700167415
32373650
458432099
347090776
823046072
149544260
349120238
249479266
881775823
679855380
46598156
357391032
93232780
200016492
498805845
778557779
405572486
798848612
130159798
130159798
185501014
116456680
806442151
298620610
46598156
168210228
357391032
39218592
72340646
673161982
802916844
401062440
167026947
867677207
478420462
482866441
23482358
124887470
952041196
1037290
189874901
648556615
278976413
527030158
663349178
648816111
184151516
365777724
516383057
787638947
25322078
349120238
95556376
439752238
873735929
3998093
324367954
593061234
721617140
751885764
103961583
398089477
121130124
514811540
715382041
114617150
840517467
644290275
224026556
477546440
314409236
130159798
482866441
568368152
723257664
34850360
892483606
207908345
959681273
13959246
364670984
680441459
516383057
354740411
795285863
655015866
945309929
349603248
700167415
637653710
916298563
138732000
131225688
912135238
467714031
373635
634247715
657981604
373635
713620440
222148874
172901029
868296475
692965841
318294545
993246911
178339009
217697409
489334816
51066627
596813636
746937336
746937336
507236163
995547968
251297295
66430650
614380239
654167456
178339009
401062440
802676821
992780831
150
240879853
185930935
585240519
66923545
572031941
386265640
581264389
3761461
248590766
377867048
991435600
70843747
184371669
96177646
137158394
912208782
357391032
155114584
465231836
928419854
895486726
398089477
413433988
823046072
928892324
340980453
827874435
225799444
587704170
151667782
173879390
916298563
614633990
738200694
185501014
345422821
459756422
93898630
34220901
807973025
486167898
693038154
493854947
827874435
66430650
477546440
488102524
401016825
308650941
514802540
704936703
340980453
162452126
286323725
516383057
415385114
402737690
398089477
607196614
614380239
967102009
486167898
573375284
498943403
67633894
278081176
709235404
16977106
193992127
634247715
821987704
704827836
149544260
58020252
444805188
199785190
658516737
916298563
568444889
793477840
842176960
239487316
318294545
723257664
514245021
914002411
689075782
69349174
986345000
559796071
949584834
368400084
69349174
764523640
573375284
818265792
693038154
729747455
290767032
46598156
163410716
413960064
79184239
32373650
363861554
211960357
137067068
643484423
224519880
489334816
732126508
516383057
650150882
849859696
83761743
773118870
507634900
903221914
573375284
280128240
607196614
649032276
690319247
693038154
842558788
357391032
34850360
124887470
79184239
444843499
70843747
345422821
689075782
318294545
326901762
135329353
548444787
529078661
745810009
607196614
379135191
326901762
270710518
172901029
770935442
479810800
486167898
959312338
280128240
329313371
467714031
161151021
365777724
312084886
211960357
572031941
227382860
704936703
402737690
338911730
991400574
738200694
96507421
983780318
227255957
70490549
297721548
884750607
253043445
24333935
916298563
472750916
227465186
443607341
1
439752238
4578874
663349178
242026776
384951437
341482505
137067068
349603248
239487316
67633894
184151516
67633894
626701595
488102524
357391032
82229777
108563469
90952525
834429163
773485779
167026947
125575379
913408437
701834758
680748079
524632621
505115444
977485422
518044570
717552752
495780310
178160982
278081176
794289386
770935442
967102009
713620440
831512117
892483606
704827836
270710518
589931035
596450337
90952525
705234926
405572486
162452126
709235404
248590766
649032276
174710635
181847325
988302004
393658570
704827836
275205258
369865985
486167898
401056940
965243946
303361801
649329457
27810873
1037290
401062440
476460273
979992373
482636632
746937336
478420462
602121847
248590766
269522820
983780318
364670984
587704170
109320
316372179
598374889
701834758
749018590
199785190
199785190
778557779
724962663
655015866
277203963
487814049
988302004
680441459
530489707
898721940
658516737
78646918
738200694
596813636
503444762
4578874
362399368
614380239
92363518
148516861
46701852
230604385
556007948
39218592
470598575
330484397
165803742
165105338
843974522
895486726
208917888
313668215
806442151
810315344
217697409
559651992
807500551
508203015
451927396
298620610
919965156
335362996
204434900
658516737
952041196
281255127
779370659
428131251
66605158
582665490
806442151
452035468
810315344
686406158
979992373
354740411
842176960
444731863
451927396
227255957
996001420
623600860
424614948
996001420
929788198
401056940
162452126
230604385
129720502
90952525
27810873
39218592
51066627
46512584
372339610
129720502
537433993
341482505
493854947
328784154
740630647
113370599
893441124
578038739
773118870
200016492
404462807
224519880
562986044
358268488
808332641
827874435
151667782
15228687
793477840
405572486
602121847
283561557
344383005
912208782
634247715
401062440
244075185
686406158
93718562
436715057
495780310
249420944
743928632
67410822
398089477
371507796
986345000
368400084
988265960
705234926
507236163
303361801
807973025
58020252
798848612
329313371
401016825
94025650
559651992
568368152
416753665
25322078
365777724
952041196
884750607
843410497
498943403
173643577
344383005
977485422
35169408
649032276
542494422
83761743
415385114
34850360
42310282
144577080
479810800
893441124
444731863
912863145
747363900
168210228
843410497
952041196
415385114
899162623
362399368
962714137
340980453
704827836
514802540
988265960
1
225799444
649329457
986345000
793477840
357391032
67086855
130159798
751885764
723257664
154221862
807500551
108563469
793477840
362603295
488102524
39442365
457230381
173643577
884750607
986345000
297721548
705234926
412396169
663349178
596813636
498140515
507634900
330936553
843974522
386265640
131225688
181847325
992780831
946278411
183350824
709235404
129151366
467714031
843410497
613881118
761448102
602121847
171929375
649032276
494874175
716574648
388061120
557820851
249479266
661815621
117643267
687937513
148516861
27810873
439752238
3384
704827836
881775823
170864699
913408437
751885764
465231836
655015866
770935442
715382041
929788198
179597442
513434846
16043708
706153832
34220901
862636349
843974522
810315344
17633431
32384110
795285863
335362996
448224737
227255957
498805845
328784154
413433988
25322078
820144652
855411358
514245021
885392673
324367954
714797570
47095722
207908345
240879853
494874175
823046072
51066627
995547968
680441459
557820851
387120643
713620440
649329457
324367954
25322078
34220901
393658570
912135238
25322078
51066627
637653710
946278411
867677207
224026556
412533633
494874175
393451466
977485422
928081222
280128240
630174927
991435600
125575379
185930935
170864699
16977106
729190925
278081176
3761461
25322078
368400084
788975441
200016492
557820851
761448102
991400574
130159798
156911545
607196614
67086855
732126508
779898322
795285863
388061120
705234926
364670984
814883038
589931035
151667782
46598156
173879390
493854947
79184239
884750607
716100284
885392673
338911730
690319247
174710635
562986044
940644413
357391032
39442365
834429163
15228687
539831708
354740411
979992373
170864699
372339610
155114584
614380239
144577080
305174163
746937336
602845146
568368152
545525098
25322078
778557779
465231836
162101766
829563740
362603295
729747455
275127100
431530228
304697117
369865985
404462807
820144652
751885764
704827836
587220085
716574648
679855380
70179378
113370599
862636349
929788198
189276277
709235404
952041196
529078661
185501014
831512117
330491735
716100284
811764693
329313371
39218592
914002411
429740013
66605158
459430498
798848612
196312050
803039224
148516861
614633990
912135238
945309929
227547313
186587623
451927396
413433988
820144652
514811540
963962664
186587623
309914368
663349178
131225688
280128240
344383005
489304047
820777211
843410497
51066627
940644413
842176960
1
855411358
362399368
275507421
788975441
101077190
749018590
585240519
914002411
448224737
704827836
503337797
405572486
713620440
448224737
903221914
701834758
207908345
278976413
747363900
706153832
199260963
186587623
314413453
818265792
597440191
849859696
952041196
457230381
424614948
58020252
648816111
489304047
928081222
328784154
68899906
208917888
834429163
673161982
865494791
884750607
582665490
412533633
507236163
93718562
581264389
227382860
476531378
4826160
672340633
903221914
224519880
626701595
795285863
227547313
415385114
172901029
524632621
476531378
389927427
855411358
389927427
382913600
488102524
135635332
373635
679855380
32111757
992407830
375415318
709235404
124887470
649329457
130159798
103961583
572031941
514802540
475634304
683538680
529078661
649329457
470598575
93718562
83761743
174710635
716100284
680748079
738200694
93232780
927052420
779898322
46598156
131832511
342330165
761448102
686406158
227547313
751885764
178160982
32111757
275205258
165803742
335362996
778557779
329313371
222148874
495780310
416753665
316372179
898721940
178339009
621372446
375415318
174710635
568368152
224519880
959681273
251297295
443607341
208917888
807500551
398089477
16977106
768731168
172901029
32111757
679855380
927052420
27810873
70843747
34705104
46598156
555573743
524869437
10
711265915
865544553
620862224
862636349
912135238
467714031
672340633
648816111
885392673
556007948
280128240
740630647
855411358
980877287
58020252
570618809
777161433
713768775
721617140
746937336
436715057
183350824
404462807
711265915
373635
927052420
32373650
770935442
27810873
903221914
66605158
963962664
865544553
101077190
33867460
585240519
96177646
626701595
803039224
945309929
173643577
884158612
304697117
286323725
884750607
779342623
181847325
780068949
67410822
884750607
704936703
227547313
207908345
713620440
614633990
314413453
224519880
476460273
655015866
443607341
114617150
462480493
862636349
74394105
919965156
929788198
693038154
705234926
340980453
95673858
898721940
151667782
66605158
508203015
151667782
548444787
476460273
443607341
176717014
540791553
224026556
613881118
137158394
384951437
940644413
820777211
328293171
150
424614948
996001420
479686226
940644413
787638947
843410497
291848212
514245021
110468114
4826160
397991399
129720502
713768775
614633990
27810873
457230381
316372179
538780968
318294545
940644413
654167456
340980453
854887779
198025561
193275305
936315235
387120643
988265960
168210228
329313371
193992127
401016825
242026776
457230381
463535049
354740411
427453632
290833663
614633990
402737690
743928632
137158394
9482779
379135191
51065216
412396169
32111757
679855380
193798935
178339009
318294545
491763758
173643577
554365428
364670984
9482779
103961583
614380239
444731863
704936703
416753665
92363518
770935442
95556376
821987704
39218592
25322078
150
557820851
843410497
898721940
885392673
598374889
32373650
729190925
163410716
275205258
179597442
527030158
42310282
159853745
102826131
443607341
384951437
820144652
253043445
928081222
405572486
498943403
110468114
280128240
802916844
144577080
977485422
218637030
103961583
540791553
928419854
487814049
108563469
66923545
312084886
278081176
248004927
93718562
384951437
807973025
865494791
82229777
156285460
562986044
451927396
803039224
227547313
280128240
340980453
324367954
810315344
529078661
185501014
892483606
159853745
273320985
806442151
34220901
328784154
669989313
802676821
793477840
711265915
242026776
749018590
884750607
93898630
780068949
542494422
862636349
749018590
69349174
189276277
459756422
573375284
379135191
326901762
93718562
995547968
225799444
168210228
93232780
34705104
101077190
70843747
548444787
724962663
680441459
464063534
779898322
3761461
70179378
198025561
174710635
4826160
806442151
705234926
962714137
208917888
345422821
793477840
493854947
32287383
129151366
416976073
705234926
324367954
278976413
749018590
155114584
398089477
959681273
677281996
172901029
772214221
241709544
634247715
981870925
402737690
431530228
977485422
344383005
478420462
242026776
865544553
849859696
124887470
32373650
249420944
357391032
397129535
78646918
709235404
451927396
751109629
200016492
3761461
113370599
959681273
148516861
845174190
34705104
393451466
713768775
103961583
778557779
275507421
995547968
369865985
393451466
698436690
170864699
70843747
6723420
988302004
940644413
108563469
709235404
837138001
614380239
912135238
314409236
721617140
253043445
648816111
186587623
241709544
769929921
66605158
995547968
436715057
34850360
156285460
797801158
803039224
25322078
751109629
980877287
583194156
90952525
507236163
275507421
70490549
51066627
330936553
186587623
224026556
503444762
919965156
326901762
66923545
93718562
290767032
513434846
663349178
397991399
996001420
507236163
732126508
581264389
807973025
405572486
458432099
189874901
991435600
788975441
342330165
488102524
113370599
649032276
912863145
198025561
184151516
854887779
34850360
291848212
349603248
489334816
472750916
364670984
4578874
157040898
514245021
507634900
482866441
377867048
715382041
58020252
797801158
3384
672340633
770935442
748679205
68899906
171929375
398089477
626701595
573375284
397991399
215595962
313668215
405572486
176717014
386265640
798848612
368400084
585240519
864721434
729747455
992407830
873735929
159853745
281255127
217697409
189276277
424614948
608423628
278081176
573375284
101077190
314274700
324367954
882679573
144577080
109320
39442365
15228687
482866441
991435600
916298563
404462807
779898322
690319247
365777724
779342623
482866441
326901762
738200694
630174927
865494791
326901762
278976413
798848612
807973025
280128240
529078661
745810009
444731863
711265915
840517467
912135238
1037290
167026947
679855380
318294545
729747455
431530228
779370659
3998093
172901029
15228687
487814049
39442365
204434900
436715057
654167456
814883038
42310282
824309164
751885764
211794326
103961583
514802540
648556615
505393346
413960064
689075782
312499983
730076821
92758893
70843747
303361801
151667782
770935442
614380239
589931035
568444889
780068949
918055945
314116173
589931035
185930935
797801158
787638947
416753665
368400084
498805845
892483606
375415318
178339009
493854947
312499983
354740411
305174163
144577080
824309164
256841484
457230381
363861554
358268488
298620610
162101766
709235404
16977106
823494588
92363518
827874435
227255957
918055945
193275305
789151424
687986395
892483606
677281996
316372179
401016825
988265960
761448102
537433993
672340633
125575379
412533633
728091607
362399368
810315344
568368152
713768775
224026556
312084886
761894200
602121847
679855380
178160982
10
82229777
96177646
779370659
914002411
677281996
914002411
479810800
149544260
807973025
489334816
873735929
251297295
208917888
248590766
916298563
798848612
723257664
895486726
341482505
654167456
32111757
176717014
952041196
649329457
345422821
854887779
555573743
32373650
690319247
185501014
68899906
393451466
980877287
103961583
767723920
338911730
649032276
706153832
69349174
487814049
945309929
802916844
103961583
669989313
290767032
324367954
820777211
824309164
459756422
199785190
291848212
278976413
113370599
868296475
156911545
572031941
416976073
751885764
711265915
931045595
454933126
777161433
482020824
248004927
992780831
514245021
626701595
843974522
933866206
508203015
101077190
34220901
701834758
193275305
873735929
649032276
940644413
745810009
435229672
895486726
298620610
349120238
532215487
614633990
539831708
648556615
946278411
9482779
451927396
967102009
179597442
230604385
241709544
58020252
138732000
1037290
248004927
587220085
347090776
918455197
827874435
369865985
444232445
444232445
156911545
854887779
895486726
114617150
885392673
995547968
79184239
769929921
614380239
412396169
865544553
637653710
328784154
275205258
700167415
49798980
448224737
162452126
488102524
795285863
896863733
714797570
479686226
83761743
3384
477546440
952041196
478420462
614633990
102826131
10
384951437
297721548
349603248
67633894
823046072
181847325
200016492
248004927
253043445
298620610
277203963
362399368
693038154
658516737
185930935
568368152
312084886
34850360
444805188
67633894
748679205
189276277
290767032
103961583
498805845
931045595
788975441
273320985
988265960
545525098
788975441
470251328
469337187
181847325
297721548
607196614
178339009
368400084
868296475
290767032
598374889
726185148
747363900
129720502
899162623
472750916
893441124
341482505
51066627
487814049
537433993
186587623
178339009
137158394
568444889
291848212
369865985
946278411
489334816
173643577
779898322
582665490
225799444
820144652
458432099
66923545
248590766
683538680
952041196
634247715
820144652
137067068
102826131
135329353
401016825
162101766
443607341
721617140
314274700
983780318
24333935
912863145
478420462
349603248
275127100
539831708
747363900
820144652
135635332
723257664
573375284
933866206
467714031
362603295
928419854
503444762
121413468
227547313
362399368
655015866
940644413
162101766
312084886
92363518
428131251
340980453
230604385
39218592
393658570
416753665
673161982
369865985
472750916
286323725
701834758
342330165
155114584
769929921
764523640
404462807
391011982
227255957
431530228
729190925
269522820
636339675
686406158
683538680
743928632
514802540
505115444
198025561
249479266
518044570
965243946
562986044
965243946
587220085
16043708
93232780
117643267
211960357
669989313
913408437
482866441
945309929
919965156
278976413
193992127
138732000
748679205
548444787
779342623
313668215
773118870
749018590
927052420
386265640
548056668
168210228
713620440
314116173
999661367
444731863
151667782
716574648
983780318
929788198
992780831
933866206
573375284
312499983
795285863
387120643
100441623
189276277
129151366
70490549
16043708
163410716
129720502
179597442
412533633
46598156
137067068
913408437
527030158
981870925
349603248
770935442
683538680
66605158
326901762
465231836
186587623
714797570
773118870
312084886
148516861
330484397
16977106
980877287
149544260
767723920
991435600
967102009
962403917
470251328
559651992
769929921
458432099
364670984
416976073
9482779
914002411
931045595
102826131
402737690
507634900
270710518
167026947
715382041
698436690
705234926
347090776
683538680
95673858
162452126
818265792
507236163
3384
854887779
804683982
200016492
345422821
630174927
68899906
484011163
375415318
249479266
230604385
708863253
793477840
573375284
672340633
344383005
686406158
393658570
156911545
171929375
764523640
4826160
672340633
714797570
15198985
507236163
773485779
193992127
240879853
723257664
928081222
330936553
135635332
207095213
690319247
658516737
16043708
356506272
885392673
952041196
589931035
524632621
465231836
779898322
562986044
384951437
344383005
148516861
375415318
358268488
498805845
514811540
204434900
715382041
979992373
174875262
898721940
424614948
482636632
991400574
730076821
507634900
413960064
312084886
700981680
872930391
613881118
15228687
102826131
940644413
345422821
280128240
340980453
834429163
294780030
621372446
779342623
892483606
4578874
200016492
840517467
109320
882679573
354740411
614380239
369865985
572031941
291848212
434706092
454933126
818265792
617690740
110468114
174710635
68899906
854887779
329313371
596813636
706153832
464063534
357391032
405572486
773118870
293446446
4826160
529078661
568368152
539831708
780068949
163410716
981870925
275507421
225299256
379135191
312499983
459756422
589931035
770935442
810315344
165803742
176717014
4826160
916298563
375415318
479686226
137158394
540791553
391011982
598374889
644290275
401016825
386265640
324367954
868296475
93718562
193992127
79184239
269522820
795285863
375415318
314116173
680441459
391011982
452035468
173879390
204434900
940644413
644290275
479686226
294780030
689075782
962714137
109320
572031941
807973025
892483606
103961583
1037290
495780310
3998093
454933126
181847325
68899906
706153832
469337187
514245021
700167415
820777211
918455197
114617150
777161433
344383005
472750916
377867048
514245021
137158394
667509496
183350824
459756422
929788198
787638947
849859696
312499983
654167456
363861554
93898630
185930935
477546440
189874901
893441124
527030158
82229777
101077190
393451466
189276277
401062440
185501014
170864699
821987704
772214221
981870925
294780030
402737690
476460273
747363900
730076821
1037290
227547313
278976413
25322078
149544260
92758893
747363900
865544553
854887779
463535049
436715057
793477840
176717014
365777724
489304047
100441623
724962663
795285863
253043445
581264389
996001420
794289386
397991399
868296475
933891365
397991399
845569670
919965156
256053472
927052420
303361801
545525098
397129535
372339610
701834758
93718562
129151366
482866441
946278411
686406158
195828062
50053873
144577080
37552227
354740411
68899906
793477840
980877287
130159798
884158612
977485422
79184239
275205258
110468114
472122512
885392673
457230381
318294545
582665490
401016825
291848212
498943403
738200694
843410497
83761743
304697117
316372179
174710635
986345000
493854947
840517467
764523640
865494791
714797570
689075782
253043445
314274700
716574648
661815621
927052420
912208782
690319247
749018590
167026947
729190925
743928632
1
174710635
387120643
273320985
689075782
773485779
82229777
849859696
168210228
585240519
962714137
614633990
95556376
412396169
649329457
810315344
931045595
309914368
860524174
749018590
933891365
549424140
176717014
309914368
549424140
933866206
537433993
93232780
983780318
568444889
475634304
178339009
909442360
983780318
129720502
842176960
545525098
90952525
477546440
314409236
163410716
298620610
489304047
149544260
93232780
24333935
324367954
469337187
807973025
489437944
979992373
159853745
648556615
329313371
226777891
448224737
314116173
249479266
806442151
444731863
253043445
340980453
92363518
548056668
899162623
193275305
626701595
555573743
649032276
465231836
34705104
478420462
195828062
623600860
230604385
83761743
698436690
568444889
415385114
50053873
843974522
372339610
365777724
293446446
379135191
369865985
540791553
945309929
868296475
540791553
965243946
933866206
959681273
314274700
589931035
840517467
787638947
993246911
398089477
387120643
162101766
967102009
309914368
634247715
386265640
282511854
540791553
476531378
637653710
32384110
602121847
924520118
477546440
769929921
3998093
316372179
221550349
884750607
457230381
893441124
831512117
486167898
557337497
767723920
797801158
357391032
587220085
174710635
964982728
769929921
66430650
495780310
995547968
728091607
884750607
542494422
568368152
101077190
824309164
184151516
464063534
495780310
607196614
66605158
349120238
700167415
173643577
364670984
68899906
831512117
717552752
443607341
545525098
706153832
444232445
818265792
726185148
138732000
131225688
568368152
717552752
775122789
50053873
162452126
977485422
679855380
137158394
290767032
514245021
431530228
602121847
704827836
655015866
354740411
764523640
46701852
874668115
1037290
452035468
921828421
751109629
704852441
919965156
386265640
100441623
807500551
827874435
648556615
329313371
402737690
178160982
179597442
780068949
313668215
25322078
304697117
677281996
16043708
328784154
494874175
101077190
769929921
829563740
34850360
779898322
672340633
807973025
39218592
107816356
286323725
415385114
706153832
227255957
324367954
918055945
211794326
562986044
431530228
738200694
779342623
225799444
608423628
342330165
728091607
729747455
952041196
807500551
51066627
165105338
482636632
773485779
