456870542
388061120
168898922
138861384
751439674
314409236
804695294
699958212
439050851
137158394
804456604
896395896
512530470
658239975
548056668
524632621
958341518
773118870
170864699
174875262
151667782
80992737
841931831
3748833
199260963
649032276
329313371
3384
154221862
148516861
508000215
634247715
111986744
280128240
248004927
608423628
814030255
740630647
43470272
506977027
31206459
194056166
241758191
282255278
981870925
149544260
655015866
117643267
315681283
707546310
827874435
251297295
595386731
661815621
96177646
465907820
239487316
25096998
137067068
778557779
845321066
591526033
903688373
637861539
614157122
69349174
314274700
616472371
788488431
290767032
912208782
490921725
983780318
380272565
280128240
849859696
472750916
412533633
981433930
963808331
540791553
918055945
305459610
965243946
840517467
884750607
32384110
673161982
933891365
365777724
347067008
192143370
102647058
851442025
836916725
772783236
95296350
165938412
928419854
547941049
563628770
280128240
760400189
787638947
190710618
669548859
455302019
206428590
399963603
865494791
487814049
95673858
486384694
230227626
412533633
992780831
249479266
556007948
251297295
601910855
39861063
979992373
117643267
412533633
248229554
621035383
377419698
100441623
415385114
312084886
15601993
328618454
751109629
705234926
753679211
820777211
271256592
82229777
969427758
151667782
448224737
656434186
93898630
278976413
527030158
814008986
245782292
992407830
354740411
242026776
27810873
3384
986623715
605520695
298620610
186876123
710365706
624965846
552273827
310665351
398829963
993246911
66805874
103961583
614633990
39218592
590459060
643588708
581264389
489334816
298620610
949457050
130159798
821987704
525772105
726185148
341482505
220355253
539831708
576764999
763897894
318216388
712634145
988265960
33805275
1037290
10
807973025
598374889
598329506
413960064
83761743
515741646
852183803
717552752
362603295
657764446
836434772
62776035
46598156
172901029
945828730
912863145
430428859
878980986
51842023
335362996
273045610
253906402
883471710
557820851
275507421
514245021
448096094
312499983
172426199
292239515
198025561
207908345
918055945
317063485
387120643
42310282
615762830
174675124
991435600
10
162101766
326901762
34850360
751109629
320857205
482020824
658516737
785416213
342949733
444805188
977485422
213587332
747363900
903221914
260823029
373635
345422821
379135191
81787202
347090776
467714031
27810873
219773597
829563740
199785190
630174927
151667782
369865985
397991399
318798519
316372179
498805845
89797417
440865315
746937336
478420462
326901762
704852441
444232445
340980453
68899906
342330165
379636772
199260963
164400303
545525098
185501014
882333073
673161982
373137311
746937336
820777211
183324261
461917133
472750916
756550081
83641524
416056853
718970792
712524777
555573743
546393242
507634900
170131181
880612055
436715057
920641300
113206392
224026556
487814049
925654080
179597442
309914368
614380239
89863699
278976413
654977216
154221862
494146384
723064600
837019709
275507421
727595063
294780030
386265640
227547313
269465820
227547313
587220085
103961583
60666289
189874901
466494406
298620610
464069802
232819672
391851125
899956207
516383057
475430503
227382860
659692122
898721940
568368152
608423628
472750916
92758893
23482358
902826394
195828062
73342150
4826160
732444856
191395404
92758893
641303979
249479266
39218592
674590231
249479266
148516861
242026776
773118870
349603248
354740411
596813636
67086855
827874435
648556615
32287383
32373650
148516861
155114584
795285863
683538680
130159798
467714031
46598156
661815621
486167898
156285460
919965156
459756422
386265640
281255127
314413453
714797570
548056668
106481018
842176960
598374889
558279427
422497889
309914368
873735929
318294545
493854947
540791553
478420462
232565090
823046072
794289386
594940356
888094977
3384
913408437
247414446
420680080
494874175
621372446
482636632
349120238
955698565
80790475
982525544
482636632
107817896
904558261
967102009
249420944
856150404
167026947
248004927
113370599
696149885
785396488
963962664
364670984
269522820
598374889
422047137
628714029
397991399
178339009
347090776
728683152
398089477
723755635
838150292
555729052
198867440
381452129
272382688
966534524
545525098
596621902
289443555
124887470
349603248
150
873735929
548444787
849859696
479810800
32373650
275127100
215804515
109320
974059294
85900623
364184610
340980453
254707681
227255957
139907007
964982728
756098227
700167415
995529128
545525098
898721940
926184682
354740411
499194385
124887470
70843747
69349174
787820118
452607204
227255957
703474240
294780030
229592713
945316694
227465186
136628362
159853745
425310574
945309929
779342623
174875262
216057332
487814049
738352364
730116573
39683576
941823872
842712977
831512117
940644413
354740411
780222657
233793742
746937336
706153832
700167415
503444762
991127252
10
734749369
717552752
729573218
189280135
885392673
70843747
617689509
524632621
1
549006486
278976413
898721940
909154860
251297295
689075782
124887470
359264484
865801988
25322211
486167898
927747516
83761743
340952500
854367868
459756422
97763188
257842865
124887470
780068949
103961583
149544260
275205258
168210228
16912434
524632621
591477095
707591031
405572486
873735929
529313704
67086855
654167456
154221862
227465186
247271167
652174023
443874442
715160944
27902514
988230540
80482367
70721554
232471176
156285460
3761461
634247715
482636632
498805845
312084886
484380039
46598156
931857926
524632621
256703204
903221914
998601497
439752238
787638947
873735929
527030158
298620610
868296475
96177646
264401018
649329457
58020252
498805845
48176887
755903353
227382860
227382860
165803742
840517467
411475633
824307758
916241258
626687847
486167898
364459610
370413488
704827836
72882359
402737690
930401417
108436522
840394936
516383057
172901029
23482358
179597442
124887470
963962664
946068123
193275305
58608722
32373650
777161433
137067068
982523850
225837796
57514221
193275305
347090776
980877287
439752238
393658570
550294354
405572486
864037900
305938989
818265792
655015866
663349178
338911730
543907148
884158612
117643267
914490338
673161982
645419458
227255957
706153832
349603248
482020824
799196732
138533188
393658570
130159798
918916010
607196614
249479266
865600246
206662477
867677207
839183882
621372446
61064138
280128240
673161982
316489723
345469644
503444762
389904262
769929921
257484600
212000559
516383057
32459906
22602575
547616816
522299429
297696649
464345354
839866813
912208782
779370659
135918922
999661367
173764460
325850376
545525098
166831649
456115812
108563469
881795160
263451070
745810009
347090776
717552752
300952615
498805845
131225688
175249692
35048051
489334816
527030158
297721548
986345000
314059678
586289529
369865985
482636632
75482059
770935442
278976413
677197487
10
107816356
874232071
463204942
66605158
806617392
494874175
700167415
24602971
482636632
441036234
248004927
771101521
608423628
250844227
349603248
248004927
121413468
80429331
611366107
916236115
199156548
514245021
66605158
129151366
787777871
784290351
994217117
649329457
686699411
862636349
964982728
170864699
329313371
302527140
952041196
278976413
829563740
636777482
151667782
239487316
482020824
721617140
786121514
540791553
329313371
751109629
162101766
96507421
199785190
947056292
716100284
342330165
404433562
416562089
480288285
385744652
588514650
540791553
96507421
865494791
906275116
880038764
40605530
995547968
100064968
231261812
403332584
159853745
251297295
214120890
451927396
125528649
505115444
934320270
162101766
514811540
674873491
69349174
547841098
415385114
387120643
277988486
548056668
991400574
349120238
407136916
291848212
227465186
372339610
539831708
540791553
849859696
543087997
349515339
945309929
669989313
924886408
779688816
908084595
608423628
907253518
848445416
988853729
925451425
949518833
191320945
451927396
130159798
977915457
111047481
174875262
379068255
32384110
507236163
419028194
459756575
378062899
249420944
578659793
170864699
10709176
117524721
58838047
266722514
806442151
226221024
159853745
58020252
22912544
744721640
779737285
136731464
977485422
661815621
199785190
122980681
100441623
807500551
174875262
816939089
314274700
614633990
199260963
46598156
88145931
679212200
928419854
803039224
16977106
977485422
95673858
873735929
186587623
144577080
751885764
684657454
148516861
485618802
329313371
349603248
269522820
349603248
46598156
162101766
526448259
794970851
148516861
898721940
89573992
179597442
401016825
1
980877287
843410497
349120238
278976413
741738288
827874435
673738390
979992373
478420462
227382860
275205258
651664345
135553868
275507421
98541804
129151366
992780831
634247715
482020824
342330165
249479266
843259695
316666338
842176960
312499983
388061120
106237905
227465186
946709063
391976684
297349838
423990603
396684177
14029450
615697088
898721940
482020824
249479266
809531842
129151366
984116209
10
352755733
275507421
926361795
285232937
387120643
988302004
589804259
129720502
663777926
802916844
458432099
981870925
564939326
216416333
648556615
684894547
451927396
389927427
114617150
404462807
795285863
297721548
840517467
455500116
926300071
598928889
688775337
716377582
329313371
318294545
621628796
369865985
242026776
479320048
231633564
297721548
751885764
911772005
153013202
889940308
644288077
596249257
398844875
548444787
386265640
199260963
71970408
275106251
873735929
807973025
842849913
340155846
990887093
873735929
992780831
751885764
686406158
84164141
953430795
912135238
986345000
54770661
165105338
137067068
238685755
775546298
467714031
239487316
487814049
186587623
655015866
924984840
865606964
469221546
588090645
901214461
602121847
280349487
955840418
614633990
275058040
890515379
733611899
159853745
856521312
329313371
585769097
539831708
807973025
70812457
806442151
747363900
769929921
722516414
415385114
674730499
354740411
459596455
3761461
661815621
309914368
382086776
991400574
39789347
482516439
291848212
398089477
807973025
464470568
988302004
848664917
324015384
335362996
479810800
349603248
114617150
193992127
77345040
29417611
329313371
107816356
468491946
33779132
248590766
624349289
497825755
82229777
854663629
802916844
259365705
226692960
275127100
698436690
128508703
318294545
717552752
78646918
172368097
340980453
179597442
162723024
154002569
186587623
952041196
240633584
587220085
482636632
412533633
149544260
686406158
864116888
199785190
830351217
827874435
689075782
312084886
489334816
746937336
78646918
269522820
736584341
784030852
373635
989388563
92758893
898721940
926662787
398890708
280128240
963573646
829888285
193131854
324367954
513212800
46701852
647496330
248590766
568391277
206499442
372339610
292721923
42714208
482020824
27861954
863505472
743928632
130159798
557820851
622509905
881775823
340980453
401729837
950646838
326901762
884158612
903221914
607010847
30253978
692969530
764523640
272076494
834258999
294780030
364670984
673161982
889159789
912135238
325506672
249822737
614633990
736542289
9851557
67633894
345422821
839911053
711265915
174875262
373635
992780831
66430650
522838048
806110821
113370599
312084886
156715365
518893937
103685565
390831568
503444762
558348784
42546842
277092037
772921384
551466222
922125211
3384
384951437
686207162
113584682
4826160
558195118
789928052
34850360
703089104
34850360
682635561
477546440
557820851
877349717
529207110
167026947
186587623
552615140
859149945
249479266
25322078
451757981
690319247
716100284
3384
726185148
945309929
134459137
482020824
821987704
540976306
249420944
351502632
315041932
680748079
317116777
235327199
945309929
649032276
103961583
404462807
435354124
588773252
639563665
224261980
940644413
824309164
969431955
62890409
92758893
94504504
294780030
148516861
514245021
498805845
621372446
70843747
895009244
3384
725792558
341482505
162101766
204422749
536741146
818265792
402837688
92363518
988839116
53205622
885392673
394897686
34850360
727818934
167026947
543178582
282718852
110468114
67086855
159853745
680748079
587220085
889411080
875405340
519383730
470100035
919965156
632473880
769929921
179597442
530837942
919965156
457230381
827110786
614380239
20578119
451927396
269152392
598374889
700167415
42129568
743928632
493854947
73296374
457230381
498943403
787638947
981436382
198025561
705234926
362603295
489334816
596813636
902446454
314409236
66605158
614633990
123810502
100732777
553948820
751109629
629217625
738200694
92363518
912135238
873735929
503444762
287712744
77301587
721617140
770438596
818265792
700816571
136288823
151667782
326361771
820777211
309914368
107816356
275507421
988265960
34397373
820777211
630174927
108563469
25322078
573375284
568368152
977485422
314274700
121638667
245385172
349603248
995547968
124887470
198859216
547118563
832495939
98128547
488102524
97457749
129720502
517393860
194361633
933891365
308211891
760714348
788975441
824910077
248590766
150
163847831
912135238
843410497
716100284
478420462
624828592
721894764
157570151
172901029
444232445
498943403
620920110
974997549
705276470
79052976
935541056
199260963
596813636
964982728
998433487
849859696
60544221
575528511
379088900
992780831
788975441
648793753
716100284
314409236
439752238
121413468
341482505
168210228
749018590
519340730
963962664
279043476
68914383
211056796
124887470
686886799
652164733
163410716
879188860
649329457
370846524
248004927
93718562
795285863
856607513
740630647
663349178
630174927
308262857
472750916
107592618
263431626
184151516
487814049
654167456
546873208
108563469
743928632
370452184
249156445
718306046
1
294780030
362603295
988302004
953817954
185501014
404586176
335362996
372034275
157662306
493854947
991435600
346055178
495027477
829563740
341482505
747363900
34850360
912398176
562986044
291848212
548103728
748196728
489334816
745432338
648816111
810938597
83744453
684139213
694506176
393658570
736608362
933891365
58020252
840517467
316372179
349603248
834429163
945309929
165803742
92363518
921481813
162101766
124887470
379135191
842176960
349603248
697303953
362603295
788975441
479810800
444805188
124887470
150
930460467
309914368
827874435
364386234
916672012
173844967
886725084
726185148
992290414
568368152
482020824
649329457
527030158
69349174
602121847
354740411
649032276
864121627
93232780
199346457
489334816
705234926
415615130
239487316
530397469
3384
243985624
802361782
58020252
311131748
362399368
96177646
275464896
444232445
153435268
763263722
401404994
148539215
349603248
481941346
769929921
660408216
619979837
208917888
269270264
68500150
472750916
568368152
673161982
315244312
778557779
249479266
340980453
471297781
520577433
130159798
23482358
714797570
282519940
176717014
3384
121807859
76112730
751885764
540791553
198025561
991684731
70346762
269522820
768731168
813569790
4826160
454933126
716100284
746688873
453655769
487814049
108563469
129720502
784017625
78646918
930812582
995547968
66605158
747363900
964197170
508044754
495780310
189874901
330880666
380121399
172901029
395414820
534266085
810122074
3761461
541475041
356804253
767338869
22995345
647044717
746937336
529690000
53508174
444232445
291848212
885392673
928419854
860316182
587246486
498805845
137158394
374446777
269522820
4826160
154221862
342330165
482866441
447257227
109320
366478794
129720502
138432709
826263779
70490549
719965141
827874435
940625674
666773050
658516737
742740995
913247928
993246911
843410497
919965156
444805188
983780318
717552752
626701595
938639213
362603295
417748928
995547968
807973025
568368152
933866206
827874435
568368152
940644413
684200466
716574648
451927396
404462807
586108345
69349174
95673858
96027059
933891365
193275305
227382860
280128240
557402891
977346047
199785190
587220085
32111757
680748079
82875813
870661244
719135898
974992889
324367954
494874175
986345000
373635
505115444
991254808
221433665
614394602
24140881
193275305
749798076
843410497
248004927
415385114
3761461
794289386
245633238
773118870
273320985
324367954
884158612
397991399
450513812
843974522
460616378
548056668
806913691
51589834
156285460
898721940
482866441
227465186
745810009
947312135
661815621
505115444
58020252
363839970
548444787
70843747
658516737
884750607
278976413
70843747
800661529
614380239
977016514
516659157
261941661
746937336
503444762
269522820
514245021
778557779
612934991
562063042
275507421
448224737
338911730
251297295
862636349
192610337
227547313
555573743
324367954
269522820
144577080
440884838
75827353
323638882
467714031
700167415
843974522
144577080
772214221
673161982
710703780
479810800
27810873
905769296
78646918
743928632
990607112
913408437
341482505
881775823
795782229
909070076
540791553
821987704
305628614
549424140
912208782
163410716
1037290
217303312
952041196
598374889
903221914
70843747
23482358
747363900
176717014
239487316
684197424
983780318
940826273
940644413
821628093
911877968
13643977
340980453
198025561
459756422
773207662
26159273
832468296
58020252
533295778
193275305
108563469
683538680
374267270
769929921
741232783
885392673
38335664
314116173
981870925
977485422
478420462
70036410
945354477
15195201
912208782
843974522
151740238
807644416
144577080
766067263
83761743
482020824
710741351
862636349
600860582
507634900
312499983
963962664
10306090
686406158
245685729
372339610
661815621
189874901
965243946
397991399
154221862
431891994
92363518
384951437
634247715
683538680
778529838
557618150
275507421
840879706
288551645
312007518
772904835
596813636
610183100
764523640
199785190
457230381
4826160
113370599
983780318
930107365
92088036
768442322
323640002
840517467
829563740
463535049
466633531
171382545
248004927
330807231
723271938
711265915
493854947
965243946
347090776
198099851
7482469
581264389
205276180
93898630
361012974
389927427
304697117
808422361
900537844
415385114
129720502
802513046
998292351
346460643
356184011
820777211
23482358
10
362603295
566362287
751109629
779073683
199785190
714797570
548444787
227465186
208547376
912208782
556007948
674632907
193275305
75632326
934634691
747363900
339900517
290767032
463926603
178971827
207908345
208917888
974017731
234701737
369865985
698436690
344330604
548056668
304697117
372339610
338155983
32373650
673161982
174875262
467714031
137067068
837092676
754335183
168210228
270710518
952041196
208917888
649329457
740630647
383487937
92758893
347857182
907395984
557820851
92363518
482020824
573375284
699914786
829563740
387120643
298620610
986345000
205542659
752432662
114617150
231427358
989096238
869919125
156046031
155114584
362603295
96177646
67881262
612016922
853410496
193275305
100441623
770812042
548056668
301585820
100474000
494874175
507634900
467714031
118997038
596813636
412533633
290767032
362603295
159853745
928419854
866193503
680342279
572792727
793474417
636209731
962936759
862636349
686406158
27810873
458432099
824309164
540791553
63979508
903221914
700167415
527030158
657740877
441657869
657400485
69349174
507634900
829903328
543317094
354740411
416361769
335362996
170864699
239487316
452706299
412533633
874664487
770935442
170864699
66605158
450962687
1
637653710
316372179
658516737
673358582
185501014
193275305
388061120
632334631
711265915
16977106
10
93232780
995980672
605135313
339850268
416976073
426384730
454933126
846109847
993246911
335261990
556007948
806442151
163410716
541470129
174875262
101467583
30254332
584104099
837539870
416032720
68310104
757745520
843410497
103961583
979992373
977485422
199260963
995547968
130159798
151667782
188693793
831512117
963962664
199260963
227255957
673161982
227255957
542274740
275507421
527030158
598374889
1037290
170864699
820777211
55767024
90121279
933427313
759115377
769929921
581738150
977485422
249479266
721617140
248004927
16422003
552714586
689075782
362936248
329313371
756527497
505115444
603489114
903221914
351316307
46781430
633115506
951046439
330936553
869386047
25322078
107816356
98254895
977485422
193992127
460824014
896330424
921017211
803039224
254957357
108563469
690319247
548056668
4578874
988265960
333989126
96177646
451286475
25322078
326901762
608632991
167026947
637653710
314413453
234749900
917329622
903221914
626333379
338911730
970232242
121413468
548056668
40727348
184151516
507236163
10
404462807
873735929
32111757
60086674
478420462
185501014
625561668
552250414
83314004
401009879
393658570
189874901
275205258
176860407
564220567
721617140
415385114
369044624
721582173
341482505
130159798
69349174
251297295
4826160
254432905
458432099
156285460
816324612
3384
151667782
369851198
71773941
390726959
482020824
570770026
264049952
658516737
738200694
581264389
539831708
108563469
275507421
562986044
294780030
92758893
995547968
196112459
736680919
357473591
468377909
113598528
404462807
840517467
656580972
711265915
470598575
335424927
718033994
398089477
630174927
736934739
608423628
482636632
823046072
183904621
269522820
461879943
888067623
925468462
439921778
713054025
155971943
58020252
92758893
121708930
124887470
477546440
200016492
148218863
736329209
207908345
158997707
455950772
487814049
634247715
945309929
176717014
431131525
336956166
854643599
700167415
743928632
298620610
765746113
912208782
503444762
67633894
1
952411812
718244529
794289386
316372179
275127100
444805188
642623874
34850360
550896037
96507421
27810873
74305168
298620610
117643267
874428181
687602972
981870925
564528936
274658059
661815621
124887470
404462807
80923966
275127100
885392673
310431840
324053425
575736496
912446758
387120643
364586746
398175614
516383057
67086855
266425835
892234486
330936553
412533633
503444762
546800534
314413453
908247162
387521797
94823180
184905456
103961583
249479266
680748079
34220901
572261723
765872409
769929921
155380087
397129535
815960561
222388532
967102009
478420462
683538680
66923545
482866441
626701595
683791438
159853745
273320985
781948724
598374889
526367902
788530620
598374889
911609621
467825934
952041196
472750916
439752238
291848212
32384110
599407184
298620610
185501014
73705658
34850360
829563740
847484965
4578874
788975441
482020824
309914368
230693440
124887470
100008022
795285863
92363518
540791553
375999795
180179851
354740411
110695700
163410716
49766118
137158394
495780310
556007948
486167898
373635
103961583
992780831
608423628
669989313
698436690
372501461
38452138
482020824
802625956
100441623
747507008
925074654
291848212
482866441
602121847
83761743
10
406031752
740630647
42918177
199785190
611356630
96507421
208917888
912208782
493400802
717552752
991400574
69349174
479810800
601260831
668752372
392985580
93898630
743452872
324367954
372339610
338040003
759519748
412533633
176118316
130159798
491907089
193992127
369865985
3998093
649329457
980877287
448224737
67633894
67086855
992780831
746937336
656188198
818265792
207908345
503444762
349603248
709235404
288423499
598374889
757832385
267251024
4826160
302057197
807973025
873735929
711265915
461260932
69349174
970297877
956542833
664320980
913408437
433887662
918055945
436715057
498805845
977485422
785319049
10
439573070
930571609
91163755
482020824
240879853
354740411
92363518
913408437
439766091
175623485
384951437
401016825
34220901
478420462
108563469
802676821
375639894
297916291
849859696
621372446
862636349
168210228
685879625
78646918
168210228
272702006
979992373
971961478
493854947
963827304
404462807
393658570
721617140
524632621
609491993
93232780
150
651448876
720357015
743928632
745810009
96507421
189874901
298620610
312499983
548056668
996318204
314274700
926113822
589924074
672105348
23482358
444209944
10
556007948
658374436
498805845
187062477
119076335
242026776
705234926
557927166
728091607
195828062
135871414
655015866
910603427
884985843
64327788
397129535
441277626
372080016
227547313
387120643
154391589
992407830
355511281
673161982
424282142
983780318
963962664
781750686
4578874
105246616
172901029
236398530
778229321
291374261
563166632
349603248
608423628
605783096
478420462
768731168
497230269
751109629
956262448
345422821
556007948
275205258
282338677
502148721
453028957
802676821
227465186
457230381
438497620
648816111
607196614
968664433
746937336
881775823
372339610
506765568
247633074
239055036
740630647
303276352
802676821
25322078
277260854
227382860
387334449
10
415385114
369865985
439752238
772449438
698436690
195828062
70843747
374377758
318294545
4826160
289926737
419327827
335362996
341482505
369865985
634247715
700167415
136895379
369714692
32786263
405174254
137067068
362603295
100441623
284549808
275205258
673576735
648804389
404462807
516383057
514811540
144577080
843974522
885739681
175922772
198025561
312084886
832748773
864805047
800618631
976374248
227465186
644359171
987693437
415385114
216572784
365777724
919988362
340980453
362399368
945309929
988265960
223663362
626701595
931430552
824309164
3384
148516861
626701595
686406158
389927427
888176816
39218592
524632621
548056668
769929921
213887261
964982728
487025083
1
344383005
19932254
787638947
603384878
82229777
919965156
594516362
991999064
541338496
843410497
648556615
424614948
133237200
829563740
865544553
673161982
156285460
714797570
174147038
34850360
70843747
730799517
307507388
109320
354740411
362399368
868296475
549924722
114617150
557337497
523352218
548098107
683538680
299596029
779370659
96177646
734845649
885392673
783855938
295610242
113370599
309914368
149544260
147359090
129759224
807500551
992780831
844769858
316372179
254931214
790684147
154221862
690459853
92363518
23482358
650606417
493854947
687973882
335362996
979595786
96177646
772214221
92908352
664157478
43359361
236259370
721761352
150
180822526
69349174
93232780
457230381
802916844
803750060
193275305
138088359
903221914
714797570
453225686
689075782
494874175
865544553
649329457
582544678
208917888
322243278
865544553
402737690
820777211
422161437
11587669
178339009
445458662
855514554
586768356
608423628
404462807
424614948
92758893
16977106
369865985
565980993
114617150
697048789
130388345
97141790
539720260
27810873
854748111
275205258
585131563
842176960
482020824
779342623
663349178
275127100
550143474
602121847
93898630
507634900
404521706
463535049
150
919965156
849887841
988302004
557337497
10
562707461
67633894
82231260
853212532
199785190
983896551
268471455
207312212
511451568
362603295
648816111
873735929
790297082
225077840
764523640
598374889
586631319
336218927
227465186
205751228
918113662
281255127
507634900
91400758
313109134
448659071
121413468
780068949
470251328
845748686
689075782
172420580
591711836
502122396
123333498
107816356
149544260
96507421
493854947
165803742
912390676
46598156
507634900
475634304
788975441
489334816
20950697
111565587
713490601
1
824061420
540791553
794289386
167026947
482636632
612427645
498943403
698436690
227547313
291848212
185501014
128959955
209129538
608393559
641472060
803039224
494874175
548509765
793189227
401016825
658516737
244965505
514811540
150
22728777
640543709
945309929
909266710
700167415
347090776
312886184
201403645
225799444
248004927
457230381
988302004
297721548
522123654
445913759
157804526
3998093
956845190
614380239
972955920
51109721
482866441
707119221
802916844
527030158
791679868
960417005
199785190
10
393837572
227547313
348552797
129720502
767063172
706153832
89774877
658516737
779458636
135402420
369865985
527030158
551566741
3384
857670994
854887779
442125031
658516737
129151366
415385114
973556032
749018590
300900899
921913229
441835925
465369138
963962664
421147110
631005087
607196614
686337411
96507421
95673858
100441623
387120643
783946855
474578117
7535495
193992127
174875262
236255682
851415960
199785190
990889525
843974522
77603593
41047038
322668388
751885764
769929921
355166532
242026776
444207318
269522820
4826160
794289386
422176556
404462807
437608714
977485422
772214221
986345000
992407830
843974522
695155973
704827836
121413468
312499983
943654490
587417871
404462807
991400574
96507421
179597442
912208782
665092340
818265792
602121847
522136699
106837438
933866206
165803742
955568072
297721548
867677207
498805845
203062015
242026776
893926358
225523033
185930935
536497952
5428062
503337797
786533362
663349178
829563740
199260963
101020592
746937336
658516737
364670984
507634900
704936703
458432099
284825350
514245021
185501014
174875262
526914037
185501014
387895571
655015866
393658570
66430650
297341796
408451779
149544260
443607341
291848212
729702063
193992127
773118870
309914368
453587399
478420462
536080143
185501014
448224737
873735929
200491368
868000192
764523640
940644413
573375284
363157168
324367954
729272455
740630647
912208782
444232445
598358181
653140881
889414708
58020252
824309164
862636349
149544260
427117020
984978299
546106462
239079455
354740411
952041196
100441623
516383057
345422821
673161982
28606699
489232678
971746718
202762769
199785190
774034082
958847713
952041196
381754719
849859696
147129618
95673858
130159798
110468114
208917888
329233848
238177042
616534868
787638947
207908345
894158102
310123949
163374451
165803742
820777211
190702039
259106932
988265960
298675431
388061120
482636632
526017253
94268566
874220995
634247715
530778989
617342405
413960064
733960557
402737690
199260963
802676821
248004927
176717014
802676821
992780831
278890993
433729938
270534090
82229777
93232780
163076344
45868044
633992276
819238784
664351681
932012669
991400574
717552752
358149695
27810873
46598156
582287690
291848212
682482801
843974522
690255494
76115696
781398813
99663343
716306101
780068949
350370099
451927396
784317711
596813636
703189013
92363518
150
885392673
359910154
706153832
741429307
751109629
96177646
227465186
504370345
63127753
415385114
122575330
137538752
109949869
206912192
404462807
873735929
913408437
87327022
507634900
137158394
43914801
162101766
345422821
32373650
751885764
968700989
484468481
787638947
316372179
312084886
764523640
472750916
557624439
654167456
608423628
918055945
824212161
684538557
224949453
540073385
905967123
200016492
46598156
689075782
785634625
135453519
795285863
221421155
865544553
918055945
562986044
726375084
201880080
807973025
240780653
643183289
679855380
129151366
527311046
20569475
275127100
530191034
281225701
606830698
95673858
3998093
307912856
764523640
881775823
346814426
920508590
634247715
711265915
242026776
229788480
255224884
208917888
649329457
609236109
618850748
844513086
129151366
980152508
503531367
557820851
353299955
843410497
607196614
462480493
38486095
270710518
397991399
793889836
710747072
881775823
444232445
512113070
794289386
314409236
46598156
820777211
750920548
199785190
968445849
472274924
751109629
208917888
999661367
540791553
1006099
402737690
375335953
875684653
340629720
704827836
368709580
498805845
459756422
472750916
661815621
361779726
708209668
397991399
470598575
249479266
364670984
104407262
372339610
727890090
498805845
516383057
834047078
248590766
556007948
748269902
117643267
919198903
335362996
568368152
482020824
249420944
111816903
827874435
933891365
740510910
1655103
603790523
335362996
479810800
814186916
280128240
587220085
27810873
99475248
769929921
66430650
912863145
86650273
34220901
107816356
803039224
839766742
556007948
207908345
239487316
614380239
180811858
704852441
134810189
787638947
430564415
58020252
251411392
894279875
991481071
294780030
92363518
787638947
168210228
352948478
167026947
405572486
354330400
436715057
87209088
8071207
913847131
280848364
996595471
631846253
711265915
945309929
273382044
8984973
803039224
82229777
413960064
23482358
3761461
129720502
747363900
339598003
917501665
988302004
977485422
726185148
204922217
898721940
663349178
599603299
314116173
230554550
717723453
17761334
402737690
3384
239487316
297721548
172317573
540791553
172901029
379135191
444049643
577516291
67086855
352899240
386254572
498943403
179597442
92758893
129720502
626701595
4578874
688192746
344514102
919879868
10
312084886
59765298
108563469
299947940
595600604
487814049
266718781
82352164
46598156
749018590
510306630
83761743
34220901
103961583
667500011
378111751
275127100
884750607
583208068
545525098
952041196
626719630
262965508
68899906
207662533
42310282
600467128
607196614
720607185
25322078
673161982
678609732
802676821
349603248
269136294
170864699
545876472
562986044
349603248
399292836
355554030
436661186
167026947
988302004
909747580
495780310
751885764
494874175
296902941
4578874
275507421
943448283
602121847
100441623
928419854
778122103
527030158
266495728
67633894
344716470
65501471
672808081
477546440
865494791
3384
949376623
446475843
824309164
92363518
495780310
415504720
463535049
149544260
32111757
345422821
797905226
493854947
148516861
227465186
716100284
917139712
309914368
4578874
995547968
571392899
340980453
444232445
983780318
242026776
416976073
398089477
268782425
602121847
273320985
865544553
77048800
489730597
391047711
749018590
918055945
931758371
192687935
12409886
545525098
187594917
239487316
661815621
162101766
658516737
820777211
581264389
995547968
451927396
457230381
963962664
388061120
141379885
211731860
96507421
58020252
649329457
802916844
865544553
227547313
113370599
749018590
93232780
249479266
31797398
933891365
364670984
229945413
256538088
335362996
983780318
519683549
862636349
598139376
273320985
251297295
738200694
884158612
507634900
309914368
503337797
386265640
338911730
204434900
475634304
614380239
319594428
454083407
24432439
70843747
486167898
63461868
607196614
843974522
540791553
67633894
528345224
515612262
678161514
952041196
612715023
32287383
362603295
163410716
717552752
662494469
397991399
168505224
32384110
278976413
166582358
752241822
163410716
461522283
42310282
786414420
514245021
801677470
305174163
740630647
298620610
91617738
78646918
689075782
739524031
898853054
448205207
831512117
384951437
818265792
18451583
194492199
163410716
192498039
142343357
346764977
556007948
721889417
227547313
413698255
344706508
392507849
497755860
751885764
178339009
436715057
487814049
150
329313371
113370599
86014189
823046072
405911372
701456997
497254133
776273703
199785190
42310282
838066779
505115444
875268244
32384110
368411887
34220901
301174097
96177646
602121847
988265960
365777724
818420374
275205258
269522820
269157802
368517855
93898630
669989313
389927427
304697117
614633990
423763757
795285863
318294545
6206903
248409538
933387256
208917888
928419854
288312134
422985126
329313371
518979058
155114584
997607248
714797570
602121847
316372179
332794258
454933126
93898630
495780310
680441459
704852441
199785190
779801667
931705563
801463742
398089477
654167456
152185310
242366675
267715096
408955678
92363518
854702515
825111781
585240519
716574648
602121847
345422821
461563037
601758380
540791553
342330165
459993789
129720502
304637044
156285460
614380239
806442151
398089477
482866441
239487316
117643267
383106874
731557638
198025561
540791553
377771928
398089477
711265915
712553253
168210228
543290675
740630647
539831708
432038810
156285460
93898630
84507303
855243626
520971548
280128240
734407771
365777724
847786964
269522820
746937336
740630647
724332022
498805845
721617140
866979503
449983702
716100284
242456902
738200694
658516737
903221914
172920720
664549506
625567433
538557235
3384
541309012
608098560
587956546
178339009
762213963
967102009
841886390
723515590
654167456
794603741
96507421
345422821
477272344
92363518
983616439
983780318
34850360
230324384
527030158
716100284
714797570
608423628
341482505
96177646
365357417
12022028
436715057
614633990
10422651
357152323
885179165
10
397991399
3384
451049299
178339009
608423628
467714031
486543512
919965156
10
846183965
275127100
953651286
752303680
227862863
366247325
790240808
387120643
151667782
865494791
316871699
967102009
92478110
41242395
137503608
416976073
457519862
335422170
448224737
96085153
834429163
298620610
347090776
945309929
649476929
881257876
113937122
726341674
686406158
1
485805259
832295135
734543585
178339009
633007626
915142277
541721354
473740909
144033601
251219527
178339009
631016848
36049722
302468261
713335179
729132015
230967440
892638379
751784527
4578874
227382860
821487278
18512582
785232568
77107697
683538680
233184264
980877287
236639972
374222944
436715057
894094114
311411704
198025561
467714031
19896254
482020824
637653710
524632621
487814049
946128159
174875262
999291286
919965156
314592112
174875262
596813636
726185148
487814049
312499983
502350692
3384
384951437
751885764
802916844
942817987
333689910
163410716
16977106
295853791
486167898
117643267
42611837
818265792
444805188
66605158
618921216
582662043
170864699
354740411
793467573
46598156
340980453
778557779
198025561
751109629
661815621
730990238
291848212
644931742
495780310
569716053
746937336
545525098
933891365
838491340
87026120
271103269
7520805
852355894
738200694
751885764
234418909
266140066
349603248
522317245
530279425
58020252
986345000
16977106
459756422
327178393
784509365
885487785
494874175
199260963
415385114
688195472
661996456
898721940
410577690
556007948
703304889
509664888
791789928
545525098
482184360
873735929
609117467
661662305
992780831
540791553
365777724
752623614
10
809251589
687406395
752951698
159853745
820777211
507634900
412533633
595218610
842176960
23482358
464587162
248004927
375415318
44184289
96507421
637653710
4051872
143649534
933891365
967102009
527030158
680748079
585240519
912208782
648556615
278976413
440881646
242026776
876579731
556007948
751109629
477546440
78360279
116721196
357823737
764523640
198025561
769929921
326901762
881775823
227547313
398089477
983780318
377238310
704912936
705234926
959763958
911234413
401206118
225049182
463535049
240496038
179597442
40885998
67633894
364670984
225799444
74841383
377343454
477546440
940644413
827720218
482866441
225731193
885392673
194836
573375284
415385114
490645293
881775823
327151844
124319730
918055945
269522820
168210228
163410716
680441459
227465186
30981432
271384940
46598156
163410716
680441459
626285776
667627892
848657178
107816356
151667782
91725782
338911730
457334152
778557779
705234926
838690632
674020566
556007948
634247715
275205258
764523640
361198923
721617140
113370599
312499983
654167456
227255957
963962664
145005155
373635
527030158
843410497
898721940
427908862
329313371
556007948
941984407
628487192
992780831
4826160
23482358
376722340
256129286
312084886
301070043
103961583
843974522
630174927
186587623
938838096
764487082
165803742
540791553
154221862
779370659
945309929
149544260
448224737
468842397
778089017
177929766
249479266
19973698
481229698
781635594
175366600
562986044
992780831
627147322
66430650
728091607
915898494
362399368
479810800
770935442
557820851
679855380
649032276
562986044
413960064
314413453
922440845
704563809
866286539
896776933
829910970
482020824
93898630
689075782
184641798
498805845
200634836
38708313
312499983
124887470
270710518
470714036
637653710
516383057
367785004
364670984
912208782
637653710
928419854
790257504
527030158
561513236
178895164
248590766
275205258
121413468
689075782
279412296
855248854
57309365
147157931
717552752
669989313
168210228
1037290
778557779
297721548
952041196
362603295
66605158
150
866439506
748950917
148516861
229077729
380312911
137067068
316372179
309413997
700514207
805925407
432587166
408054889
607196614
314897981
749467221
740630647
314409236
751109629
329313371
967102009
249420944
936321248
596813636
320893873
10
152462648
556073791
108563469
807973025
69349174
217431498
918055945
356965708
328634237
489334816
34850360
210937841
388061120
803039224
275205258
240922352
92363518
129720502
95673858
130159798
918055945
557131724
479810800
724641059
116655632
802676821
275127100
879523652
829563740
568368152
439752238
794718705
61695412
885392673
751885764
993246911
37371575
204434900
620743111
820777211
227255957
983780318
230056151
741754678
364670984
623504327
988302004
868297438
280128240
22081073
234548649
18220457
273320985
170864699
89256102
993246911
317107403
470598575
830616902
121413468
470609319
993292265
802916844
849859696
903221914
419669089
208917888
170864699
843974522
444805188
934426295
96177646
745810009
635697073
156285460
844876368
701575991
514350007
69175626
298620610
963962664
747363900
993246911
524632621
364670984
562986044
314274700
787638947
991138572
777161433
389927427
32384110
845766134
75249257
948997017
4826160
314413453
963382684
753085276
472750916
721617140
913770010
928419854
575474309
355318935
667290881
539831708
720831936
129151366
34850360
557493209
114617150
486167898
129151366
606104181
354104177
673161982
368824362
92363518
854020460
750856769
314413453
148516861
8664548
689075782
446756316
573375284
751885764
275503940
131695360
717552752
862636349
493854947
482020824
879448414
372339610
573375284
673656525
598374889
723784589
616309370
898721940
661815621
711265915
999202157
746937336
494874175
505115444
294096172
290767032
849859696
316738328
32111757
770935442
432584845
869475369
23482358
713428704
349120238
817829137
227382860
126371114
27810873
821987704
608938609
544143367
573375284
806597639
92758893
31019094
614380239
305174163
454933126
663349178
888455630
4578874
375863047
626701595
967114294
740630647
181847325
992407830
420500185
422519663
192445372
530201403
549427501
357277489
354740411
185930935
239487316
590613969
16582282
148516861
580684955
115365588
8017025
945257559
160549307
268992817
881775823
4578874
999661367
669989313
464063534
936954656
892486473
4578874
562122920
177383695
373635
749888820
443607341
634247715
540791553
988302004
643095962
341906912
824309164
802676821
108563469
950862112
323116671
318294545
3761461
127736690
841292107
117667962
903221914
369865985
365777724
219909760
614633990
896505942
507634900
640831387
351457986
292173120
32373650
34850360
354740411
174875262
661815621
568368152
67370972
374768448
460928106
470598575
362603295
542937097
976139891
640985268
992407830
912359848
913408437
843974522
324367954
416753665
596813636
983780318
580503905
43147534
981870925
342330165
507236163
548444787
700167415
108837845
556077021
49124966
478296193
398089477
2915168
707630115
401016825
51066627
794289386
43126002
163410716
528041848
159853745
570073790
607196614
751109629
455609502
95673858
245713656
442877739
679010173
199260963
628490047
806442151
625717645
404462807
395293691
912208782
336124293
199260963
856743695
181847325
614380239
184151516
983780318
938058392
751109629
613689891
345422821
820203804
179597442
264429694
59277053
193992127
977485422
386265640
706153832
787638947
185501014
401016825
415385114
954222273
940074043
824309164
846640318
764104090
482020824
840517467
887464966
991435600
652259221
70843747
4578874
740630647
884750607
159853745
96507421
433774202
922017439
997960907
723978497
680748079
200065756
441397624
770935442
507104334
67086855
211776248
412077583
807973025
963652936
780068949
568368152
873735929
751109629
379135191
238663850
193275305
168081929
778557779
451927396
349603248
444805188
185930935
943909635
137158394
503337797
795285863
372040149
756545613
860350134
314413453
704130934
482866441
875979941
189874901
625310358
482866441
663349178
230943900
697916527
203650657
498805845
170864699
716574648
486167898
478420462
404462807
415385114
700167415
903221914
34850360
32384110
779370659
542250399
834429163
773127848
58845866
404462807
738200694
978257023
393658570
539831708
992407830
173831438
806442151
389927427
456747328
940644413
898721940
511727495
25322078
256908915
754407158
940644413
396894279
999946116
726185148
693496558
326901762
131225688
614633990
568914067
167026947
172449861
259331608
826447796
728091607
116602064
432079865
410067124
415385114
647364768
737582983
367186565
944669934
623149492
179597442
181005599
918055945
832961032
482020824
187462311
689075782
369865985
752071321
925789927
58020252
302507788
340980453
100441623
314409236
317338029
172901029
109320
324328448
335107347
517277961
725957959
32111757
67086855
764523640
20740553
136016728
608423628
663349178
843974522
870007584
198025561
981870925
740630647
176981522
444805188
802676821
154184642
165803742
524632621
98357935
289009834
621372446
379670317
334119955
505115444
525801781
349603248
240879853
740630647
993892750
819710757
93898630
270710518
802676821
349120238
3384
614380239
316372179
602121847
798792463
388061120
654167456
952041196
32287383
581264389
873735929
326901762
884158612
397129535
645097343
986345000
606284942
418148663
724664548
151077651
642692429
162101766
945309929
884158612
27810873
155114584
614380239
983780318
940644413
121413468
341482505
457230381
484279674
405572486
397129535
659829914
224035586
917113468
880277357
137158394
162101766
3998093
343275451
314413453
10190704
462480493
239487316
505115444
747363900
595686450
314413453
314274700
507634900
341482505
204434900
980877287
280253008
479810800
165799268
747363900
204434900
853306753
615468152
194329997
679855380
57932853
81340783
704827836
840517467
386265640
16325748
986345000
172901029
898596639
559022170
738527444
355958004
191639724
404462807
709805362
901987840
445280474
379135191
319341072
780068949
873735929
554806633
349468131
700167415
193992127
540791553
780068949
779342623
179597442
275507421
29683738
329313371
330922794
504241577
630174927
884158612
981870925
397991399
55413923
865494791
224026556
637653710
151667782
958481470
805105570
129720502
695037760
720496807
780068949
208917888
273027237
970354650
130159798
170864699
166771097
548056668
700167415
314274700
58020252
179597442
121413468
229746890
590515925
238009524
795285863
888161176
649032276
249479266
399292479
614633990
451469289
365777724
826194509
67633894
779370659
548444787
486167898
185930935
843974522
810660081
952009220
235520767
275205258
919965156
312683657
325760620
303845402
864619637
387120643
486853256
219307298
513155359
865494791
168611706
913408437
349603248
923050628
808262498
296669326
287004160
546739305
516383057
40906784
514022616
777948645
100441623
34850360
55723001
467714031
184190808
144577080
328356310
903221914
369865985
373635
967109210
514811540
420276876
443607341
895526860
989545857
234685137
419564600
149544260
831512117
482636632
149544260
466627370
915064618
314409236
312125378
991435600
384951437
349603248
980877287
524877332
649032276
884158612
648816111
362603295
526955127
156285460
304697117
379842713
736868666
223390796
587220085
200016492
890915759
579597996
470598575
992780831
452487871
505115444
270710518
721617140
167026947
843974522
165803742
76166768
341482505
443880091
104817979
161767571
174875262
912208782
443054707
411123457
10
336082560
889204317
847867297
281255127
29373661
404462807
590368361
521910301
658516737
502791188
444805188
865544553
637653710
133145272
680748079
147170516
199785190
751109629
843974522
229769969
103961583
379935677
185501014
885041581
945309929
738341092
27810873
787638947
249420944
965243946
457230381
316372179
585240519
312499983
749018590
665218892
963962664
324367954
435313152
436715057
58020252
892930759
814722533
156285460
248004927
807816324
457230381
719128764
390808663
419754267
375686129
174875262
4578874
704852441
507634900
911138940
555573743
928419854
1
377941331
788975441
407854529
73560768
113370599
884750607
827874435
247530344
54155894
655015866
116413544
773840379
360221568
469445324
843974522
326901762
137067068
489951205
991867137
986304694
607196614
32491813
533286448
614380239
539831708
93718562
751109629
416976073
60584440
558227064
270366390
123714423
198025561
316765073
991400574
472750916
764479353
3998093
568368152
884158612
928066748
571156691
745810009
32373650
184151516
249479266
369865985
111465110
993246911
388061120
980877287
545525098
76541617
4578874
726185148
750284183
451927396
448224737
412921520
776225205
3998093
482866441
964982728
406526986
630395556
326901762
51623034
162101766
400355125
764523640
144577080
717552752
549292958
979992373
193992127
699736289
199260963
9928010
988727154
275127100
489334816
292250574
340980453
988302004
259212701
545302372
716574648
113163080
421158443
494874175
503444762
37734734
648816111
618945705
468964004
278738103
735166954
173643577
952041196
516383057
867677207
412533633
220967991
172901029
179597442
227465186
312084886
38056714
727392493
612714255
917329791
764523640
539831708
539831708
513796478
912208782
690324140
345422821
341168366
211635378
787638947
316372179
27810873
240879853
349603248
200016492
654167456
925769147
596412428
10168070
53260091
369865985
93232780
554693683
148516861
566521664
705234926
307157790
925060550
912863145
846068737
669989313
34850360
275127100
813319911
481627270
16977106
129151366
103961583
506294336
823046072
982568444
275127100
862887375
849000533
740630647
419516045
901057923
519691661
308450689
573375284
405572486
503934200
728091607
608423628
482866441
242650768
568368152
714276069
144577080
159853745
684994057
15832896
170690260
516383057
950201936
740773633
855170109
497936133
894530249
155114584
4578874
443607341
404462807
769929921
752914924
163410716
841819132
489334816
372339610
42310282
32287383
716574648
751109629
66430650
603275150
505115444
704827836
983417178
779885837
62163302
992407830
547969032
32384110
80762937
221954819
502160095
717552752
148516861
129720502
467714031
156285460
324367954
679855380
462560832
602610549
986345000
692407545
898721940
958406051
100902980
270710518
738200694
979888293
314274700
903221914
290480883
514811540
649329457
155310458
865494791
465311228
174875262
280128240
207908345
995547968
507236163
245543858
6656023
249420944
494874175
619940090
607196614
68246183
910343214
877125112
365777724
789600686
769532499
211960357
204419364
902412214
225799444
109320
248004927
648816111
987021592
160659896
185501014
840517467
621372446
712922967
562986044
927080128
770935442
121413468
843974522
913334294
170867279
524632621
952041196
397958132
691882187
505115444
159853745
992407830
25322078
974878188
96177646
599722702
635447966
172901029
342330165
843974522
995547968
284939155
328749665
711265915
663349178
903318529
238236069
278580224
790812049
316372179
511971208
244135156
621271880
795285863
398089477
898721940
646082857
743928632
927063310
412533633
648816111
92758893
170864699
864715219
704259468
67633894
756931895
380256984
585240519
479810800
379135191
70490549
661815621
383244400
247088345
486167898
202061942
836422834
257773894
170864699
82229777
645770579
773118870
10
780068949
379135191
455970224
921347674
144577080
769929921
423884502
54985093
25322078
746937336
403248136
357744880
198025561
268983877
163410716
402555054
477546440
1037290
859494296
977485422
715582548
105868279
379135191
840952919
619662556
683538680
988265960
719783828
278342617
492912748
314116173
103961583
84078562
802916844
661815621
486167898
202280561
654167456
100441623
794289386
32111757
397991399
905733163
498805845
131225688
901218074
940839215
431609473
246082994
149544260
72381489
607196614
1
473302868
10
108826922
988265960
538493763
193275305
862636349
364619370
991400574
391091391
729738993
234810927
933891365
527669814
504772419
999207671
503444762
621097662
451927396
77514462
242026776
594204150
394326922
562986044
70398448
103961583
602121847
207658733
159041944
3998093
467714031
412533633
802676821
862429895
227382860
524632621
32111757
773118870
128776892
981870925
82885825
16977106
168210228
783452271
205784703
992602430
208917888
785452746
69781008
137158394
395193768
608808879
280128240
436715057
764523640
200016492
487814049
386265640
23482358
773494842
132255333
459756422
348688563
326695358
100441623
837141813
167026947
25322078
548850672
788975441
362603295
604008078
940644413
397991399
981870925
937670455
137067068
903221914
397129535
608423628
154221862
928419854
151667782
988302004
103961583
239487316
214263009
314274700
818265792
1
587318436
662059578
384951437
159853745
184151516
862636349
829563740
542778115
963962664
275127100
380620463
539614738
213130771
807973025
132158891
198025561
408021183
865494791
527030158
85267352
477546440
963970874
294780030
889137159
249479266
85522228
903221914
493854947
912135238
478900719
711999249
679855380
393658570
886359755
649032276
245382090
294780030
131225688
689075782
298620610
885392673
823046072
343185616
716068018
293667553
658516737
369865985
540791553
498349958
683538680
288649132
999661367
980877287
488701582
95673858
698127424
207908345
326702059
770935442
680748079
997282500
66430650
860634364
618550343
973028790
307784639
384951437
184151516
137926294
165803742
802916844
248004927
986345000
410455643
577690616
32384110
900934684
410481869
503860461
843410497
34850360
105181813
631727189
624453129
772214221
698436690
906456830
40883056
100441623
648556615
824309164
680748079
230893974
913408437
338671371
787638947
673440566
672340633
665851975
397991399
598465335
602121847
608423628
444805188
898721940
509121637
751109629
149544260
459756422
270558749
689075782
614380239
540791553
349120238
95673858
385057582
162101766
787638947
253624625
487814049
514811540
557820851
280128240
507634900
498805845
470598575
855615945
923519404
988402798
818265792
716574648
669989313
614380239
952041196
113834008
992780831
704852441
672120871
365875235
739730364
482636632
470251328
374468221
267828955
963962664
405572486
369865985
93898630
575065837
553143436
663349178
132468303
482020824
389927427
598374889
148516861
692929057
309914368
137067068
795285863
744131477
269522820
550522942
43075433
717520524
112886143
610218055
750053744
546706269
952041196
277693478
354740411
771791955
144577080
208917888
316372179
316372179
820750073
397129535
556473314
898721940
351439649
884750607
95263925
357112864
238856312
743928632
154221862
568368152
499530578
658015024
405705485
186587623
712576236
648816111
428727988
436715057
95673858
495780310
721617140
860847879
983780318
705234926
16977106
622117187
751751570
448224737
575231907
321611299
751109629
701078748
195828062
262239051
495867165
270710518
568368152
457230381
986345000
193992127
716868136
185501014
235772705
705003711
242042082
390350588
169622237
564015989
365777724
607196614
843410497
379135191
93718562
273320985
467714031
680748079
691257689
585240519
826128866
935308477
514245021
711265915
295274292
10
751109629
946278411
579777293
409535334
46598156
780068949
1
766720445
592213513
950989283
993834404
308720626
843410497
148432104
4826160
560599572
244826926
487814049
674731747
711265915
163410716
121123485
596813636
353050671
167026947
933891365
524632621
654244256
489334816
655789548
211996616
840225986
460470482
89851811
244124928
913408437
704852441
386265640
555229880
843296279
208962689
607196614
384951437
673701101
178339009
705234926
977485422
360819877
541880879
700167415
186052143
62755544
129017058
452958774
338911730
507634900
170864699
990393646
148648772
503444762
636118338
297721548
663800844
198025561
70843747
751885764
320653578
443607341
377351164
829563740
630174927
521117931
953676819
856255041
573375284
227255957
912208782
873735929
526273409
25322078
58526271
146242786
448224737
778494341
73717210
865494791
594131264
981870925
405572486
399895133
828624540
71723419
124887470
120886176
156244834
25322078
39218592
17457760
749559131
928419854
249620218
602121847
704024987
95673858
193992127
761393183
545525098
227465186
92758893
478918564
396924324
840517467
314687546
275127100
57252961
914864379
70843747
314116173
850890730
349402768
32384110
326901762
903221914
952611161
683538680
198025561
482636632
168210228
240879853
239817615
137158394
780797545
995547968
275205258
250719065
539831708
820777211
96177646
159853745
270710518
500493543
760724308
566612259
768027855
29399497
114617150
716574648
179597442
163410716
121413468
925958077
540791553
903221914
521974955
697354829
4826160
680748079
503444762
163410716
489334816
701649415
373635
404462807
920299564
273320985
345422821
480414742
689075782
107816356
93898630
470251328
388061120
716100284
593285723
557812220
3384
987516802
131225688
489334816
505115444
634120335
690319247
200016492
886775554
49229602
349603248
745810009
34850360
493733747
495780310
873735929
132996161
82920319
607196614
314274700
625707276
794289386
117643267
493145353
249479266
354740411
527030158
341482505
193275305
516383057
423791507
384108217
498805845
548444787
992780831
37354514
714797570
397129535
165803742
463574513
529246233
912135238
324367954
843974522
346398655
290414482
458432099
994465176
311536381
386265640
157788402
467714031
384951437
522013888
995547968
395363203
408147828
802676821
312499983
361191196
397129535
995547968
390825752
178339009
983780318
489781550
740630647
294780030
831512117
873875952
275127100
34850360
811074249
802901650
362399368
66090437
362603295
518424550
689075782
912909730
783809930
278976413
297721548
67086855
373635
873735929
398089477
941527938
510613949
70258483
624694155
881454101
92758893
3235089
802916844
507634900
325976746
745810009
704852441
912135238
963962664
961193833
79713587
95673858
675109686
251297295
717852103
186587623
34850360
363134532
582321166
167414200
514811540
362989113
686406158
596321754
568368152
42360299
129720502
393658570
643619690
273320985
404462807
788975441
108563469
598374889
32373650
162101766
467714031
612491540
751109629
827874435
995927166
993246911
598209205
683538680
436715057
867677207
155669189
56696312
954332744
692424808
149544260
316295475
189874901
42895422
349351290
326891107
986345000
874685264
360497997
165803742
96507421
779089293
252482676
637653710
117643267
199785190
940644413
823046072
489334816
349120238
168210228
32111757
614380239
4826160
798307939
439752238
747363900
981870925
574485406
162101766
75965533
487814049
784673991
849859696
3998093
910061403
715583383
11939866
373635
321013332
279826602
881306097
704852441
248590766
273320985
489334816
881775823
910810353
933866206
314274700
772214221
145042322
723910200
971691016
23482358
489334816
557395656
100441623
362603295
878900363
249420944
154021655
137158394
131225688
467714031
428536783
619211968
316372179
69349174
393658570
823046072
868956806
248004927
184151516
263718422
239529098
968101239
335362996
686406158
498805845
716100284
661815621
206861466
291848212
32384110
722677139
404462807
979992373
568192612
600824644
716100284
355578544
751885764
322981385
988661008
174875262
329230967
524632621
873735929
239546401
614380239
115367523
598374889
658822167
913281332
360439812
172901029
156285460
10
280148958
400573275
95135785
273320985
3384
107816356
948932580
21489165
683825809
273320985
992407830
716574648
386265640
344370067
716574648
546140095
96507421
503444762
204817187
505685950
32384110
614633990
614380239
240642856
746937336
548444787
161883239
131250068
498513448
32111757
155442907
36585481
69349174
935061603
795285863
717552752
690319247
275507421
255954958
602121847
993180083
338911730
96507421
928419854
207653646
545898485
96177646
614633990
697227017
548056668
622204613
156285460
66923545
459822503
988302004
193275305
144577080
839401
189874901
349120238
349120238
137067068
610704313
184151516
773118870
862636349
30581007
576124318
988265960
868296475
686406158
137158394
544917405
189874901
248590766
695821861
211569105
482020824
365777724
487814049
572111080
803472860
168210228
650347813
176717014
693649033
29489139
397991399
478420462
860698919
626701595
305522698
751885764
737805339
908471186
148516861
527030158
455347391
477546440
283450627
22829953
487814049
716100284
46250677
992407830
233433589
498805845
573375284
630174927
764523640
536322558
505115444
514802540
283372044
487814049
843410497
275127100
658516737
662008985
710719385
927462606
821535040
965744514
312499983
345422821
281255127
992407830
843915098
34220901
718676848
488957677
711265915
71031374
988302004
318294545
807973025
893634824
114617150
823096528
482020824
818265792
344626249
788975441
802676821
130159798
465669659
280128240
224519880
349120238
658516737
329313371
67086855
404462807
127410525
290767032
470598575
523146229
477263001
347090776
167026947
649032276
793910382
428099053
626701595
623112485
397129535
291848212
167026947
239487316
274381223
729070382
716100284
346475020
27810873
240297928
673161982
13078783
385838553
32373650
780068949
137158394
353710617
740981435
149544260
675170708
66605158
797560369
498943403
227547313
933866206
179597442
184151516
700167415
625386513
286736168
328731359
82229777
512618170
215431929
699175006
760452742
478420462
478420462
568368152
396373995
743928632
112782737
801870501
981870925
619572744
706889490
556007948
489334816
46701852
847496111
436715057
963962664
751885764
448382355
148516861
280128240
903117648
92758893
928419854
625573844
365777724
193275305
955301836
402737690
226385687
966025186
114656115
55777872
275507421
417600615
42310282
149544260
62537274
114617150
704713191
397991399
717552752
740630647
787638947
837257223
151667782
458222827
630174927
167026947
137067068
747363900
121413468
309914368
691244581
227382860
979992373
28826129
372339610
494874175
448224737
304697117
718968455
448224737
88464159
416976073
1037290
939504304
208917888
435111069
240879853
545767262
632311065
963962664
740630647
117518106
150
687106556
5253335
342330165
314413453
500943009
288986292
867025605
981870925
457230381
129151366
952041196
746937336
345422821
448224737
988476246
69349174
624904399
679855380
130159798
296950607
689075782
843410497
46701673
545504088
1037290
208792489
895943663
689574563
10
130159798
799479674
352959741
185930935
544057025
940644413
96507421
556007948
297847102
224181134
170864699
4578874
121413468
714797570
365391073
945309929
393297671
317420800
963962664
912135238
779370659
463535049
54541437
735026968
416976073
227255957
888333045
883161455
332346848
890755728
445122944
667937028
298620610
369865985
436715057
78646918
70490549
345422821
211960357
621795382
149544260
553308449
770187395
263554488
578069907
614380239
32111757
338335768
567066163
680748079
884750607
144577080
92758893
227465186
802916844
657240003
849859696
557337497
562986044
595422637
249420944
873735929
507926585
905580049
843410497
843055017
912135238
130159798
367599904
522715798
106728369
673161982
826911211
857404440
363034920
162101766
673161982
607196614
649329457
833192127
539831708
373635
398933262
579010681
716100284
648816111
52733332
150894670
507634900
251209940
75476662
746937336
433139753
456262813
743928632
988265960
43753502
928745449
279233781
498805845
548056668
843410497
415385114
708697812
807973025
256237047
614892611
444680626
568368152
103961583
316372179
907031483
440580497
133672195
840517467
498805845
792760664
721617140
839344121
108900451
298620610
868801723
67201985
424614948
679855380
373474682
686615597
913408437
965284229
349603248
746937336
980877287
621372446
3761461
114617150
933866206
467714031
997197049
4578874
394644430
841002098
249479266
312001892
983938028
686978470
843974522
280128240
770952077
493854947
507236163
256470015
941745207
780068949
643169828
193275305
46598156
384951437
195828062
467714031
334026521
174211143
355383922
150
487814049
523122954
46598156
59334965
780068949
747715716
820777211
248590766
391430819
507634900
908098599
728091607
457230381
185930935
944438140
769929921
107781503
614633990
933866206
614633990
673161982
538079901
654039752
307062333
933891365
778557779
178339009
438263965
457230381
514111324
145484648
299492463
82229777
596813636
721617140
82229777
338911730
16977106
131225688
25322078
557337497
840869383
107816356
109320
269522820
545525098
93232780
214178694
149544260
384951437
863876414
804634477
42310282
133150384
311678267
10
176717014
173496087
550511181
278976413
844171866
498805845
933866206
758414630
484963204
251297295
507634900
807973025
314413453
117120061
67633894
344460904
451927396
498805845
844190422
1
167026947
242609377
779342623
482020824
27810873
729493579
648816111
138578864
121413468
635074332
637653710
225799444
304697117
49008322
547517583
161847500
150
561869145
181161858
70843747
920298419
751109629
432977441
884750607
988302004
464063534
227465186
654167456
291848212
607196614
480517107
199260963
282042952
362603295
595927643
641397758
479686226
297721548
412533633
969263428
10
756164595
802676821
463535049
548056668
879122429
189980022
586625547
338911730
346310052
903221914
649329457
498943403
922424828
80329480
514811540
998508683
314116173
583012745
928419854
362603295
995096363
952041196
568516365
1
906967275
117838463
96177646
156285460
589315134
880387600
503725267
716100284
581264389
834429163
345422821
630174927
386265640
787638947
129720502
314274700
827874435
125575379
470251328
704852441
720994501
1
556007948
507634900
764523640
607196614
719676396
444232445
79050780
495780310
281255127
564874299
610623383
199785190
598374889
630174927
64104960
603232914
298620610
615642926
807973025
867677207
356773908
165803742
95673858
324367954
584827052
129720502
524632621
181847325
482020824
406460006
92758893
373635
221612247
557820851
555573743
68083334
904237824
540791553
404462807
328874984
23482358
465656401
209956289
93898630
93232780
495780310
993246911
251297295
807973025
717435507
155114584
43303871
3384
92758893
553172748
404462807
227255957
817830085
181857502
787638947
174875262
573265632
255594484
354740411
468809243
969431630
472750916
853795232
58020252
705947444
96177646
304697117
527030158
928419854
705464508
950041122
1037290
443607341
505115444
10
165803742
135139565
3384
66605158
477989862
704827836
155198726
482636632
919965156
939304090
137067068
129151366
942538981
33206815
50824972
542309281
498805845
404462807
820777211
756749829
630174927
227255957
687633850
27810873
946998488
186587623
620563175
69109936
70490549
95673858
779370659
827874435
46598156
110468114
373635
769929921
32384110
233604309
545525098
314775628
764523640
978483499
193275305
567358439
824798875
516383057
397129535
78646918
980272601
275127100
846506318
314261715
151667782
402344570
986895375
551631077
607196614
258491848
649032276
787327161
124887470
233914780
336049428
22602349
91058680
637167451
444615845
654167456
716100284
162101766
463535049
310384750
178339009
174875262
884158612
655015866
707393679
780068949
880259957
148516861
867677207
131225688
739135201
457230381
379854718
249420944
298620610
211960357
207897329
102963605
181847325
635791137
92758893
911816339
448224737
354519144
802676821
740630647
747104125
167026947
718838136
309914368
248590766
802676821
928419854
850773352
436715057
309914368
641955428
826077633
207908345
614380239
167274231
940286462
68899906
649329457
659843760
342182001
877207694
527030158
693865584
494874175
858054879
520591645
518115469
139117291
827874435
280128240
339026072
156285460
384951437
398312700
32287383
198025561
772214221
427615997
312499983
503319055
163410716
648731572
991435600
93232780
88791886
82229777
69349174
243234199
616457213
663349178
963962664
178339009
306212167
829563740
130481170
728091607
821807428
903221914
304697117
756672530
755740365
94618663
639238962
342423464
524632621
406118434
482636632
406412023
200016492
649329457
394004683
178262221
679855380
704783002
249577445
832691375
372339610
952041196
451927396
764523640
768764412
867677207
312499983
686406158
507634900
170864699
669989313
711265915
859050347
472576019
172901029
884750607
649329457
304697117
256938684
873735929
338911730
66923545
75110958
637653710
398089477
728091607
673161982
35432937
556680114
189874901
898721940
492923509
705234926
371850820
413433988
912135238
78776599
93718562
251545005
150
913408437
995547968
364670984
251297295
537605098
598259367
536275208
629775653
338556071
912208782
95673858
325145815
992780831
862636349
121413468
901546909
805844897
440993204
156285460
125575379
227465186
823046072
802676821
398089477
986345000
648816111
749018590
314274700
199260963
793329626
364670984
350337775
34595905
690319247
269522820
866759836
275127100
545949497
231202781
853089107
357296921
95673858
967102009
751109629
168210228
277356474
193275305
46598156
281689206
185501014
278976413
375415318
905068490
25238901
477546440
297721548
814991317
465598767
829563740
270093056
239487316
162452126
963777183
372688705
468489369
126985093
596813636
462943445
844029559
326901762
711265915
933866206
751109629
221397730
894880526
269522820
803039224
388061120
770935442
881775823
372339610
222769356
770935442
251297295
798097197
934987892
83761743
56773188
557337497
341663770
185501014
23482358
831512117
991400574
340980453
912135238
954998265
4578874
112886994
640303901
93718562
452035468
104917956
131225688
447196746
131225688
39218592
167026947
600570568
200016492
275127100
764939180
699444075
34850360
190480840
436715057
843410497
879796663
478788976
345422821
698615028
621372446
96177646
239487316
347400713
634247715
941135165
903221914
39218592
340980453
721091570
51218341
613373114
649032276
745796490
937632722
185501014
639269197
393967973
441754645
805970534
919965156
539831708
156285460
608423628
928419854
788697688
349603248
552504968
514811540
185501014
124661240
683538680
70843747
251297295
501773548
163410716
154221862
50244681
992161365
185501014
820777211
67633894
32287383
275205258
785916552
637653710
248590766
4578874
133725899
933891365
450326473
386265640
980877287
179597442
920723545
482636632
514811540
345199031
448793602
844030932
546393337
85511510
649329457
452035468
733932615
82229777
890321328
919965156
312084886
16232832
228576842
637653710
269522820
326901762
193275305
637653710
787638947
553902734
773255116
612187774
156285460
690319247
996192998
514997584
778557779
170864699
1
806442151
550249282
649032276
375415318
940644413
20356689
903221914
252606626
200618585
999661367
482866441
836079218
821987704
824309164
448224737
863268575
865494791
325506271
298620610
393476729
47711120
165803742
107816356
898116928
573375284
25322078
390117603
975611519
940644413
387120643
945309929
787022145
843410497
779370659
711265915
342330165
520380230
412533633
47548416
436715057
184259335
908853263
247654187
29067804
403416621
357492320
834429163
898721940
34850360
498805845
663349178
459756422
630174927
273889350
337905811
109320
122941296
156285460
364670984
246014034
683538680
298620610
770935442
637653710
632100093
704852441
129720502
66605158
444232445
166510324
21902759
185930935
556007948
103820300
278002166
883130851
768731168
340980453
607196614
656501535
518218019
326901762
290767032
726019665
30596171
764523640
125599036
397991399
92363518
803039224
802676821
10540751
134494792
602121847
9587571
300460642
903305016
764523640
477546440
156285460
515650370
46701852
96616174
230244575
10838462
598374889
100441623
248004927
195828062
66472180
482192755
58020252
297721548
698436690
297721548
977838580
843410497
456891144
129151366
592476359
70843747
999661367
593570039
163080065
350945163
414042536
843974522
38559871
787638947
494874175
136424360
512145393
602121847
129514788
137158394
387120643
647192884
967611962
207908345
903221914
943340464
386068771
244755537
62102196
680330563
199785190
764523640
3761461
827886632
916076923
340980453
995547968
630174927
156285460
768650815
527030158
137067068
634304980
163410716
568368152
165803742
621372446
117643267
565026008
903221914
753036377
270710518
992407830
213656941
283893092
523344201
568368152
673161982
788975441
978800850
148516861
326901762
680748079
680441459
698436690
779638094
614633990
314409236
397930712
32111757
130159798
144577080
851941036
650596995
482636632
107816356
70490549
669989313
23482358
280128240
113370599
388061120
711265915
73436032
680748079
692333881
150
661815621
548056668
5389657
165803742
195828062
227255957
110468114
980877287
858057463
903221914
1
379135191
199260963
156285460
23482358
181927664
344551103
444232445
548863434
964828243
855721863
887966925
627552136
704852441
806765900
1
308297710
669989313
1
297721548
489334816
311099393
430812216
172901029
805591181
713669249
780068949
507340246
463345427
239487316
746937336
267455872
876161376
997684679
389927427
69349174
339918889
74718792
965243946
298620610
624122180
672749355
983752464
842176960
321510856
316372179
804028275
666367364
638402626
772214221
721617140
159853745
3384
341482505
198503802
413960064
162101766
684327250
32384110
108563469
860622062
476522877
649329457
16348076
58020252
884750607
881775823
478970979
681617219
71222340
712325514
998830738
107816356
501185984
433802502
401375447
928419854
778557779
706307962
251297295
181847325
556302151
66784126
717552752
601595593
116911380
988265960
503340298
544990644
482020824
224519880
596813636
954248987
320970230
32373650
129151366
395190662
950347772
482020824
655015866
186587623
255820009
522390553
405572486
42310282
592982114
165105338
382567707
840752580
527030158
70843747
614380239
604491699
298620610
270710518
149544260
204434900
66605158
937690954
988302004
366998594
556007948
677568159
704827836
164750634
770935442
787638947
172901029
318294545
809543084
66605158
608423628
913408437
992780831
23721590
293919667
439966580
316372179
278976413
76616208
655210033
514802540
606869697
189874901
672719255
109320
823046072
239487316
309914368
103961583
436715057
415557700
661288703
195828062
494874175
228759202
494874175
60044945
802676821
899136679
823046072
393889869
3771333
754099988
3384
873858303
404462807
412769700
884158612
117643267
903221914
855331722
248004927
705948982
10
710301721
225799444
225799444
606608894
372339610
467714031
1
760174540
78646918
314274700
658516737
179597442
764523640
792131378
249420944
457230381
316372179
621372446
294780030
949084573
65140797
909629488
673161982
200599342
178168081
27810873
338911730
93676286
873735929
96177646
568683186
405572486
700167415
493854947
280128240
930520853
926011038
443607341
184568676
745896923
58020252
122207722
843974522
397991399
772214221
472204484
649329457
728091607
898721940
314413453
27090555
690319247
933891365
540119018
621848323
473127104
193992127
248590766
178339009
637653710
998232778
54610511
495780310
618764612
203062432
482636632
240735672
780119020
223995956
329313371
519638262
776644344
228030200
772499929
539831708
539831708
415385114
522370049
807447008
855802442
195828062
557820851
536590520
485719712
448224737
726253960
912208782
598374889
945548050
144577080
239487316
451927396
949235316
590543127
270710518
621372446
497926574
867677207
414411608
88239012
165803742
862636349
740630647
716574648
436768990
461807631
393658570
928419854
769929921
103961583
772214221
410879326
489334816
714044543
598374889
96507421
898721940
510412442
820777211
545525098
680748079
96177646
843410497
69349174
642662589
821987704
967580040
775205718
823046072
478420462
487814049
172901029
69349174
986345000
280128240
94511767
770935442
391910983
103961583
226298844
834442077
112793452
197928908
316372179
596813636
387018714
384418211
369865985
526524424
179597442
349603248
449898382
238751233
717552752
806715488
773118870
498943403
624344445
728091607
156285460
162101766
716574648
958703244
156285460
503444762
368797717
505876091
602747836
335362996
450504796
972381671
354740411
829316029
81687361
915775840
917710608
185501014
918055945
294780030
704450033
131225688
582480389
543241584
333474740
865494791
168210228
362281446
84071849
207908345
330936553
83761743
902914311
147462720
236440853
980101194
83761743
200016492
981137643
373635
963962664
326901762
974502037
487814049
913408437
379135191
548444787
873735929
425712669
304697117
351423455
227465186
46598156
372339610
316372179
212253024
442470836
858378842
417690178
472750916
269522820
778557779
424614948
103684980
854887779
121413468
920547704
945309929
458841771
142033198
184151516
113370599
457230381
3384
242026776
178339009
873735929
990654706
708237217
884158612
270710518
298620610
403954045
159853745
162101766
524632621
645904628
10
17131032
913049775
386265640
904269796
634247715
96507421
601494976
109320
327707572
369865985
242026776
114617150
348386094
620284243
25322078
841473001
822190686
32287383
847979596
723625399
364346164
335362996
130159798
487814049
714045882
3998093
482866441
952041196
444805188
704852441
841139629
162101766
315910209
493854947
120845665
224519880
895803244
227465186
591036712
298620610
312499983
301405260
205139382
354740411
227255957
690387505
124887470
459756422
123661545
751007838
271450815
482020824
764523640
425739652
752902510
457051176
40328532
312597720
806442151
415385114
32287383
503444762
705919223
3384
310752565
756125110
524632621
509221215
743928632
933891365
614633990
778404437
207908345
150
256913723
135495216
524827970
431688255
932194709
472750916
196492663
332949439
780068949
663349178
918055945
439752238
556007948
207908345
163410716
329229489
1
866833703
498455443
731753465
159853745
467714031
227465186
579408394
137179585
275205258
995547968
165803742
444805188
15792670
150
46598156
614380239
436715057
938007220
436715057
788975441
822045467
129151366
716100284
373635
759110464
761036872
362603295
477546440
831512117
234160633
335362996
630174927
372339610
478420462
273320985
273320985
27810873
270710518
596813636
380274321
959818355
590104979
472750916
880229315
399995289
795285863
946913172
316372179
482020824
673161982
32373650
155114584
918987186
563228343
40217464
940644413
849723140
298620610
120632919
738200694
819102501
402737690
995547968
341799742
924714379
96507421
992407830
945309929
220671871
156285460
550874206
199260963
549424140
35109969
933891365
406315647
745810009
995860707
674027830
806442151
722633961
67086855
148516861
151667782
972522536
581568867
168210228
984462285
284490389
248590766
690319247
453585403
821987704
137158394
314409236
198025561
683538680
482866441
246864581
129720502
137067068
637653710
117995923
167026947
227547313
823046072
592911067
608423628
167026947
200016492
456118747
34850360
963962664
248004927
718963160
988302004
467714031
507634900
199785190
489334816
100441623
611039567
698436690
557820851
375415318
863117843
393658570
661815621
676279177
716100284
304697117
402296313
416976073
507634900
96507421
372339610
156285460
3761461
364235585
121413468
906121951
795285863
198025561
736112762
459756422
163410716
1
841464983
967102009
88908610
340980453
457555766
131225688
193992127
487640415
478420462
673161982
184151516
802676821
428014252
92758893
199785190
67086855
721617140
208917888
829563740
313699315
807500551
106771725
607196614
389927427
404462807
6357766
486167898
144214731
696579320
210101730
489334816
108563469
92758893
840517467
988265960
338414459
150
859285790
412533633
454933126
929596381
711265915
149544260
637669855
451767416
275535268
714797570
319210564
690319247
179597442
511713531
788731862
199260963
614633990
683538680
349603248
783235878
608423628
621372446
269522820
106717427
540791553
704827836
165714443
507634900
199785190
516383057
269522820
5829259
373635
876869221
427044857
144577080
