810315344
865544553
959681273
108563469
698436690
572031941
729190925
200016492
494874175
655015866
981870925
791095616
27810873
24333935
940644413
626701595
608423628
121413468
318294545
582665490
154206818
93718562
173643577
242026776
347090776
724962663
149544260
270710518
451927396
148516861
557820851
303361801
928419854
224519880
34220901
686406158
615052652
451927396
344383005
728091607
945309929
488102524
61975071
996001420
340980453
293446446
479686226
378989390
90952525
700167415
747363900
840517467
507634900
318294545
174710635
761448102
312084886
227255957
470598575
312084886
658516737
275205258
135635332
148516861
831512117
67633894
669989313
168210228
614633990
572031941
92758893
794289386
568368152
729747455
462480493
881775823
129720502
294780030
933866206
764523640
107816356
729747455
876243808
443607341
823046072
93898630
159853745
514245021
4826160
4826160
962714137
470598575
189874901
144577080
514802540
401062440
59236862
829563740
716574648
701834758
203107878
70490549
548444787
281255127
211960357
582665490
607196614
96507421
248590766
312084886
225799444
463535049
363861554
174710635
224026556
70490549
516383057
193992127
524632621
275127100
397129535
107816356
137158394
981870925
372339610
693038154
151667782
291848212
354740411
479810800
626701595
885392673
527030158
803039224
163410716
100441623
773118870
135635332
568444889
503444762
3384
831512117
540791553
34705104
27810873
185501014
46701852
514802540
682898893
717552752
114617150
9482779
716574648
135635332
199785190
183350824
170864699
582665490
189874901
806442151
313668215
46598156
758427298
913408437
39442365
207908345
342330165
988302004
163410716
362603295
770935442
637653710
154221862
326901762
465231836
649329457
458432099
67633894
155114584
155114584
777161433
946278411
227255957
903221914
162452126
463535049
249420944
32384110
637653710
555573743
779370659
655015866
248004927
46598156
686406158
548444787
962714137
113370599
634247715
278976413
151667782
494874175
706153832
715382041
174710635
165105338
349120238
416976073
745810009
693038154
70843747
211794326
93232780
469337187
39218592
32373650
113370599
865494791
529078661
389927427
452035468
156285460
138732000
102826131
70490549
464063534
884158612
121413468
834429163
137158394
388061120
211794326
193992127
882679573
621372446
780068949
829563740
585240519
95556376
729747455
369865985
227382860
770935442
818265792
16043708
314413453
107816356
507634900
396105791
224519880
34705104
589931035
162452126
224495718
362399368
630174927
373635
913408437
489334816
412533633
294780030
340980453
803039224
199785190
488102524
477546440
829563740
39442365
507634900
193798935
195828062
568444889
527030158
711265915
240879853
746937336
927052420
967102009
602121847
465231836
20492211
15228687
227547313
486167898
505115444
912135238
174387174
489334816
820777211
365777724
108563469
945309929
649329457
381709696
821987704
613881118
110468114
940644413
767723920
32373650
107816356
608423628
608423628
649032276
413960064
903221914
965243946
705234926
165803742
148516861
79184239
683538680
716574648
47894918
405572486
729747455
843974522
222148874
167026947
980877287
582665490
648556615
314413453
542494422
873735929
413433988
32287383
4826160
379135191
448224737
195828062
503444762
472750916
843974522
375415318
305174163
764523640
608423628
93718562
623600860
514802540
338911730
745810009
290767032
50053873
482866441
363861554
304697117
457230381
683538680
129720502
820144652
679855380
9482779
802676821
15228687
249420944
775342480
995547968
401056940
482636632
34850360
723257664
686406158
626701595
330484397
730076821
726185148
648816111
820777211
806442151
156911545
773485779
174529664
912863145
881775823
66923545
661815621
607196614
677281996
393658570
598839862
109320
503444762
433556226
92363518
487814049
928081222
884158612
518044570
573375284
227382860
559651992
275205258
747363900
713620440
537138741
513434846
495780310
654167456
518044570
68899906
67410822
693038154
103961583
278081176
185930935
478420462
227382860
156911545
885392673
248004927
436715057
70490549
749018590
16043708
740630647
398089477
709235404
462480493
854887779
556007948
772214221
151667782
704936703
709235404
919965156
95673858
121413468
82229777
464063534
983780318
475634304
326901762
67086855
888867091
623600860
893441124
488102524
527030158
749018590
489334816
67086855
704852441
867677207
769929921
807973025
884158612
713768775
585240519
529078661
542494422
827874435
885392673
802916844
589931035
195828062
494884004
751885764
457230381
67086855
349603248
814883038
172901029
451927396
303361801
179597442
463535049
448224737
189874901
716574648
338911730
884158612
524632621
913408437
204434900
772214221
298620610
439752238
32384110
606318981
227382860
444731863
868296475
110468114
940644413
868296475
761448102
713768775
562986044
477546440
482020824
389927427
716100284
992780831
507236163
980877287
178160982
101077190
349603248
865494791
732126508
798848612
820777211
724962663
716100284
991400574
916298563
384951437
806442151
537433993
27810873
933891365
713620440
572031941
746937336
419985718
293446446
290767032
27810873
704936703
241709544
977485422
96177646
940644413
672340633
181847325
854887779
452035468
239487316
109320
518044570
66923545
83761743
413960064
962714137
242026776
9482779
879608410
769929921
224026556
150
602121847
372339610
227476116
398089477
451927396
929103662
991400574
806442151
945309929
71801126
885392673
297721548
70179378
239487316
102826131
199260963
884158612
514802540
498943403
704827836
992407830
540791553
297721548
476460273
174235936
185930935
533717292
470598575
986345000
899162623
802676821
448224737
537433993
843410497
807500551
827874435
176717014
412533633
557337497
358268488
83761743
189874901
780068949
269522820
402737690
933866206
248590766
979992373
62586765
193275305
465231836
389927427
802676821
211960357
613881118
342330165
962714137
548444787
545525098
637653710
67633894
479686226
802916844
338911730
981870925
96507421
596813636
829563740
514245021
45000101
326901762
745810009
298620610
463535049
810315344
874668115
193798935
820777211
705234926
967102009
952041196
999661367
162101766
570618809
927052420
121413468
940644413
689075782
92758893
189276277
340980453
459756422
316372179
705234926
713620440
482636632
173643577
840517467
211794326
124887470
82229777
34850360
661815621
24333935
275507421
945309929
874668115
608423628
885392673
330272827
952041196
412396169
865494791
493854947
135329353
34850360
32384110
96177646
312499983
693038154
767723920
305174163
155114584
135329353
83761743
770935442
559651992
964982728
328784154
881775823
548056668
9482779
338911730
777161433
788975441
919965156
476460273
669989313
751885764
991400574
991435600
66605158
405572486
884750607
369865985
475634304
46598156
124887470
193992127
281255127
280128240
843974522
767723920
996001420
476460273
181847325
405572486
312084886
328784154
165803742
225799444
912208782
412396169
654167456
70490549
193798935
273320985
151667782
649032276
454933126
585240519
503337797
540791553
71993646
952041196
93718562
912135238
138732000
227465186
339696800
714797570
729747455
92758893
32384110
478420462
482020824
444805188
32111757
470251328
778557779
931045595
630174927
39218592
726185148
965243946
441883532
154221862
986150257
884750607
793477840
416753665
963962664
349603248
623600860
823046072
644290275
95556376
176717014
527030158
679855380
818265792
144577080
773485779
548444787
470598575
357391032
242026776
193992127
363861554
413433988
854887779
345422821
884158612
793477840
248004927
150
929788198
452035468
1
412533633
862636349
240879853
568444889
101077190
155114584
338911730
630174927
831512117
171929375
415385114
493854947
227547313
945309929
892483606
706153832
738200694
714797570
749549329
874668115
963962664
398089477
362603295
476531378
778557779
304697117
155114584
313668215
230604385
401056940
918455197
208917888
155114584
965243946
249479266
318294545
278081176
401062440
505115444
70490549
745810009
748679205
607196614
230604385
458432099
808487390
137158394
93898630
876903951
513434846
767723920
945309929
330936553
167026947
208917888
388061120
138732000
713768775
729747455
129151366
977485422
494874175
358268488
716100284
401016825
103961583
312499983
827874435
568368152
738200694
479810800
912135238
698436690
66430650
362399368
165105338
821987704
988302004
362399368
131225688
222148874
993246911
542494422
913408437
180868324
459756422
825133037
570618809
562986044
840517467
463535049
50053873
312084886
843974522
903221914
401016825
802676821
679855380
242026776
50053873
462480493
110468114
940644413
827874435
463535049
130159798
66605158
443607341
3998093
715382041
549424140
117643267
572031941
298620610
292877981
664149773
451927396
280128240
680748079
991400574
227547313
379135191
608423628
751885764
701834758
959681273
557820851
416976073
156911545
401062440
732126508
314116173
249479266
988302004
827874435
340980453
82229777
981870925
402737690
312084886
582665490
764523640
732126508
548056668
67410822
293446446
251297295
23482358
242026776
892483606
211960357
964982728
772214221
557337497
278081176
186587623
138732000
967102009
386265640
749018590
663349178
865544553
431530228
918055945
914002411
151667782
326901762
465231836
614380239
168210228
928393912
746937336
199260963
369865985
129151366
854887779
304697117
16043708
630174927
173372580
798848612
78646918
983780318
135329353
514802540
821987704
130159798
239487316
93232780
802676821
298620610
495780310
679855380
16043708
402737690
314413453
991400574
918455197
204434900
929788198
163410716
743928632
992780831
70490549
323484228
991400574
716574648
101077190
326901762
644290275
751109629
431530228
773118870
281255127
991435600
854887779
32111757
167026947
537433993
898721940
222148874
224026556
126813317
185501014
369865985
149544260
672340633
67633894
527918796
732126508
713620440
503444762
340980453
986345000
507634900
69349174
34220901
507634900
34705104
428131251
156285460
113370599
270710518
524632621
940644413
478420462
761448102
751109629
867677207
10
768731168
596813636
95673858
129151366
125575379
761448102
113370599
3998093
387120643
373635
745810009
457230381
341482505
4826160
444805188
999661367
345422821
874668115
503337797
677281996
862636349
689075782
122922785
109320
965243946
358268488
444805188
171929375
486167898
401016825
204434900
772214221
991435600
634247715
195828062
286323725
669989313
96507421
462480493
67086855
95673858
67410822
189874901
109320
401062440
644290275
34220901
23482358
275127100
767723920
25322078
489304047
184151516
349120238
557820851
716100284
918455197
338911730
988265960
373635
454933126
178339009
716100284
9482779
155114584
329313371
728091607
556007948
843410497
867677207
668142366
704852441
661815621
755816420
297721548
386265640
780068949
927052420
843410497
607196614
865544553
328784154
729190925
940644413
704852441
928419854
556007948
788975441
32384110
893441124
596813636
464063534
849859696
185501014
518044570
93232780
477546440
373635
391011982
634247715
249420944
962714137
227382860
46110034
518044570
788896034
242026776
174875262
318294545
444232445
148516861
211960357
457230381
344383005
277203963
803039224
981870925
729190925
67633894
401056940
814883038
493854947
995547968
556007948
514811540
131225688
478420462
314409236
772214221
913408437
39442365
185501014
154221862
745810009
294780030
518044570
823046072
293446446
988302004
482636632
393658570
704936703
802916844
401056940
874668115
843974522
748679205
444232445
32384110
170864699
207908345
715382041
746937336
457230381
843974522
469337187
294780030
570618809
829563740
344383005
834429163
248004927
988302004
207908345
715382041
313668215
885392673
375415318
290767032
340980453
658516737
171929375
102826131
940644413
373635
649032276
138732000
66430650
298620610
184151516
193992127
27810873
103961583
354740411
303361801
241709544
369865985
795285863
324367954
273320985
32111757
138732000
4826160
557820851
137158394
415385114
587220085
185930935
160156045
661815621
482020824
211794326
865544553
899162623
867677207
706153832
4826160
354740411
673161982
716574648
82229777
70843747
865544553
701834758
129151366
928419854
995547968
181847325
916298563
979992373
843410497
704936703
181847325
548444787
893441124
834429163
459756422
23482358
698436690
626701595
401056940
458432099
275507421
24920301
867677207
514811540
340980453
545525098
463535049
823043167
916298563
369865985
33523682
314116173
630174927
895486726
178160982
705234926
705234926
865544553
477546440
3761461
646966799
338911730
693038154
693038154
573375284
398089477
388061120
746937336
444731863
227255957
239487316
770935442
548444787
130159798
700167415
814883038
555573743
49882802
110468114
1
570618809
121413468
138732000
39442365
224026556
273320985
110468114
389927427
70843747
979992373
344383005
304697117
439752238
304697117
101077190
3998093
690319247
713620440
598374889
217697409
873735929
927052420
542494422
195828062
459756422
173643577
342330165
386265640
547593590
207908345
457230381
314413453
518044570
135329353
172901029
387120643
508203015
803039224
479686226
451927396
482866441
470598575
498805845
713620440
186587623
582665490
933866206
363861554
3998093
919965156
602121847
568444889
587704170
303361801
377867048
412533633
34850360
173879390
723257664
568444889
375415318
251297295
545525098
70843747
9482779
401062440
32287383
291848212
363861554
117643267
373635
1037290
967102009
95673858
834429163
193992127
100441623
524632621
249420944
849859696
121413468
748679205
698436690
51066627
761448102
705234926
365777724
881775823
912135238
309914368
658516737
148516861
448224737
912135238
862636349
3998093
189874901
362603295
745810009
505115444
277031370
562986044
345422821
747363900
328784154
489304047
820777211
465120713
769929921
66430650
109320
913408437
208917888
377867048
326901762
794289386
114617150
572031941
992407830
865544553
933891365
769929921
303361801
78646918
713620440
729747455
884750607
330484397
767723920
314409236
431530228
793477840
199260963
669989313
174875262
768731168
369865985
788975441
129720502
330936553
977485422
516383057
375415318
983780318
314274700
148516861
101196038
32384110
787638947
100441623
170864699
582665490
814883038
107816356
424614948
227465186
330936553
721617140
393451466
173643577
363861554
498943403
912208782
338911730
181847325
448224737
524632621
309914368
999661367
747363900
834429163
680748079
548056668
178515094
188198436
704936703
929788198
912863145
92363518
929788198
489334816
101077190
713768775
476531378
916298563
365777724
743928632
729747455
405572486
70490549
305174163
110468114
749018590
740630647
324837119
493854947
79184239
328784154
946278411
70843747
338344125
413960064
31542034
475634304
881775823
767723920
914002411
150
413960064
393451466
42310282
270710518
715382041
802676821
479686226
767723920
68899906
988265960
740630647
884158612
46701852
363861554
568368152
313668215
709235404
779198453
93718562
482636632
472750916
401056940
1037290
655015866
109320
412396169
401056940
281255127
991400574
927052420
102826131
794289386
179597442
529078661
482866441
807973025
172901029
505115444
754775692
885392673
227255957
981870925
903221914
179597442
186587623
309914368
829563740
3998093
155114584
689075782
893441124
779898322
482020824
335362996
137158394
482636632
193798935
39218592
336817792
39218592
885392673
778557779
865544553
613881118
34705104
945309929
338911730
341482505
463535049
855411358
393658570
732126508
946278411
280128240
829563740
965243946
397991399
156285460
4826160
67633894
885392673
23482358
368400084
980877287
690319247
751885764
23482358
277203963
129720502
940644413
25322078
634247715
539831708
110468114
240879853
919965156
66605158
654167456
93232780
787638947
412533633
529078661
47126173
475634304
452035468
304697117
413433988
363861554
109320
415385114
814883038
34220901
465231836
314409236
928419854
428131251
914002411
726185148
596813636
999661367
508203015
463535049
342330165
589931035
614380239
704852441
129720502
899162623
980877287
290767032
208917888
885392673
388061120
849859696
365777724
404462807
540791553
277203963
178160982
677281996
842176960
843410497
444232445
193798935
313668215
151003287
649032276
34705104
842176960
991400574
568444889
189276277
503444762
701834758
95556376
892483606
831512117
476531378
767723920
349120238
853446361
79184239
193275305
740630647
568368152
375070918
679855380
892483606
884750607
549424140
248004927
467714031
959681273
679011478
93898630
865544553
3384
446976136
93232780
217697409
338911730
686406158
945309929
46701852
135329353
150
806442151
96177646
436715057
751885764
700167415
269522820
476460273
680748079
113370599
928419854
426201023
93718562
467714031
489304047
602121847
899162623
154221862
557337497
114617150
459756422
545525098
882679573
458432099
596813636
488102524
234763915
82229777
548056668
743928632
486167898
459756422
829563740
70490549
745810009
354740411
933866206
673161982
290767032
482636632
716574648
129151366
199785190
716100284
393451466
865544553
669989313
704852441
90952525
891320206
183350824
207908345
980877287
90952525
357391032
873735929
391011982
293446446
66430650
919965156
198025561
137158394
788975441
820144652
275127100
764523640
992780831
70179378
291299237
829563740
51066627
919965156
448224737
398089477
614633990
138732000
993246911
818265792
769929921
637653710
193992127
979992373
297721548
379135191
92758893
358268488
824309164
82229777
988302004
540791553
82229777
83761743
931045595
397991399
387120643
709235404
738200694
892483606
732126508
946278411
661815621
178339009
162101766
807500551
298620610
155114584
568368152
612559334
58020252
476460273
354740411
537433993
693038154
384951437
465231836
751109629
730076821
993246911
746937336
679855380
568368152
988302004
764523640
452035468
193798935
101077190
679855380
159853745
23482358
548056668
124887470
995547968
132869111
173643577
362399368
291848212
773485779
372339610
108563469
717552752
273320985
827874435
585240519
117643267
834429163
436715057
278976413
713768775
107816356
905340899
644290275
514245021
393658570
983780318
587704170
655015866
655015866
495780310
803039224
329313371
829563740
854887779
66923545
596813636
843974522
614633990
185930935
67633894
326901762
121413468
100441623
596813636
230604385
704936703
488102524
820777211
32111757
165105338
270710518
294780030
649032276
700167415
179597442
463535049
130159798
542494422
27810873
507634900
993246911
829563740
767723920
892483606
602121847
981870925
912135238
50053873
184151516
726185148
16977106
804641948
508203015
715382041
16977106
167026947
663349178
470598575
723257664
34220901
777161433
992407830
893441124
222148874
981870925
149544260
761448102
304697117
156911545
636335080
67410822
93718562
314413453
634247715
375415318
34220901
70490549
706153832
507236163
557337497
991400574
296673138
444731863
412533633
165803742
416753665
751109629
842176960
107816356
778557779
428131251
83761743
582665490
715382041
881775823
946278411
568368152
797801158
314116173
865544553
1037290
319423735
952041196
814883038
743928632
167026947
297721548
919965156
933891365
373635
820777211
614380239
32373650
981870925
843410497
751109629
124887470
928419854
3384
312499983
537433993
467714031
151667782
186587623
113370599
654167456
807973025
51066627
705234926
335362996
865494791
803039224
495780310
793477840
614380239
174710635
121413468
444731863
884158612
669989313
338911730
354740411
715382041
794289386
823046072
316372179
630174927
814883038
195828062
391011982
462480493
174710635
748679205
224026556
401056940
342330165
463535049
672340633
824309164
472750916
32384110
673161982
862636349
884158612
476460273
472750916
312499983
124887470
290767032
330484397
163410716
144577080
341482505
802916844
96177646
129151366
131225688
4826160
124887470
211960357
342330165
621372446
977485422
991435600
613881118
431530228
751109629
69349174
324367954
167026947
482636632
312084886
345422821
587704170
862636349
444232445
927052420
444232445
369865985
507236163
16977106
912863145
768731168
965243946
96507421
326901762
156911545
198025561
568444889
963962664
648816111
820144652
67633894
585240519
401056940
314413453
559651992
93232780
945309929
412533633
345422821
831512117
251297295
884750607
507236163
349603248
977485422
294780030
649329457
386452170
683538680
479686226
845980308
389927427
581264389
304697117
151667782
829563740
824309164
314274700
614633990
330484397
479686226
881775823
198025561
66430650
516383057
159853745
899162623
779898322
482866441
680441459
855411358
82229777
280128240
242026776
401062440
802676821
991435600
95556376
67410822
166228547
454457717
444731863
895486726
277203963
178339009
443607341
391011982
291848212
769929921
443607341
93718562
768201615
181847325
365777724
442494394
701834758
328784154
125575379
614633990
965243946
798848612
503337797
740630647
365777724
189276277
294780030
137067068
797801158
25322078
189874901
746937336
555573743
993246911
472270024
69349174
211794326
414114410
724962663
78646918
849296139
868296475
436715057
424614948
476460273
508203015
198025561
507236163
991400574
914002411
562986044
929788198
349603248
330484397
51066627
995547968
865494791
931045595
732126508
602121847
818265792
884158612
803039224
349120238
820777211
959681273
986345000
988265960
314413453
326901762
995547968
9482779
962403917
298620610
557337497
843410497
746937336
66923545
401016825
874668115
92758893
539831708
470251328
401016825
345422821
183350824
248004927
709235404
114617150
416753665
405572486
487814049
298506818
330936553
290767032
124887470
318703373
398089477
160301623
637653710
663349178
384951437
349603248
648556615
453482558
479686226
92363518
303361801
927052420
458432099
10
495780310
178339009
992407830
516383057
963962664
335362996
946278411
154221862
58020252
614380239
746937336
90952525
895486726
602121847
738200694
724962663
165105338
388478428
377867048
393658570
162452126
487814049
139074532
159853745
895486726
962714137
688823299
673161982
66923545
171929375
764523640
222148874
448224737
797801158
928419854
3761461
874668115
503444762
747363900
95673858
270710518
95556376
150
270710518
933866206
32384110
549424140
503337797
714797570
882679573
318294545
27810873
34220901
672340633
375415318
602121847
686406158
700167415
304697117
277203963
568444889
179597442
479810800
479810800
658516737
93232780
3998093
803039224
174710635
648556615
178339009
747363900
810315344
165803742
648556615
648816111
745810009
655015866
67086855
507634900
66430650
135329353
10
706153832
51066627
459756422
424614948
806442151
294780030
401056940
159853745
181847325
150
248590766
3384
472750916
125575379
270710518
882679573
137158394
24333935
415385114
738200694
151667782
148516861
898721940
723257664
820144652
979992373
32373650
67086855
654167456
827874435
298620610
389927427
918055945
401062440
67633894
3682237
663349178
349120238
129151366
23482358
996001420
469337187
303361801
912208782
482866441
779342623
630174927
630174927
637653710
204434900
795285863
185930935
34850360
275127100
444805188
173879390
162101766
79184239
193798935
3998093
714797570
849859696
189276277
855411358
32384110
444805188
309914368
362603295
100441623
952041196
125575379
93718562
3761461
108563469
514245021
413960064
921677945
168210228
867677207
489304047
637653710
489334816
967102009
369865985
648556615
738200694
849859696
663349178
823046072
630174927
885392673
981605533
92363518
4578874
988265960
898721940
207908345
248590766
952041196
448224737
330484397
457230381
899162623
328784154
1037290
242026776
689075782
368400084
992780831
542494422
100441623
807973025
270710518
444805188
655015866
503444762
527030158
518044570
278976413
314116173
324367954
312084886
823046072
602121847
278081176
413433988
798848612
401016825
79184239
963962664
686406158
701834758
211794326
459756422
882679573
507634900
303361801
729190925
556007948
459756422
489541461
83761743
156911545
211794326
345422821
178339009
372339610
270710518
587220085
405572486
977485422
227547313
42310282
470598575
181847325
318294545
745810009
248004927
108563469
613881118
513434846
249479266
125575379
773485779
772214221
23482358
794289386
884750607
211794326
189874901
227255957
648816111
270710518
465231836
912135238
387120643
208917888
700167415
345422821
690319247
470251328
170864699
623600860
124887470
621372446
518044570
253043445
459756422
874668115
137067068
777161433
820777211
507236163
198025561
596813636
729190925
195828062
270710518
248004927
253043445
362603295
779370659
275507421
27810873
690319247
96507421
614784837
413433988
505115444
780068949
607196614
121413468
404462807
476531378
745810009
827874435
557820851
562986044
92758893
39218592
514245021
121413468
401062440
478420462
389927427
862636349
843410497
174710635
868296475
787638947
9482779
809212918
952041196
802916844
402737690
673161982
729190925
34220901
32287383
154221862
39442365
369865985
108563469
92758893
340980453
222148874
793477840
779898322
204434900
100441623
729962259
747363900
489334816
709235404
885392673
479686226
780068949
135635332
92758893
240879853
777161433
899162623
291848212
587704170
649329457
397129535
342330165
451927396
384951437
967102009
183350824
463535049
912135238
803039224
297721548
402737690
388061120
743928632
386265640
988265960
227382860
46701852
549424140
349120238
457230381
884158612
746937336
933891365
821987704
357391032
683538680
572031941
478420462
138732000
34220901
335362996
821987704
967102009
882679573
297721548
507236163
384951437
251494509
537433993
68675901
478420462
693038154
721617140
787638947
821987704
314116173
919965156
508203015
428131251
193275305
162452126
362399368
728091607
862636349
477546440
92758893
716100284
347090776
96177646
23482358
479686226
764523640
32287383
412396169
587704170
470598575
840517467
70490549
312499983
507634900
154221862
338911730
732126508
773118870
193798935
931045595
32111757
967102009
176717014
761448102
988265960
185930935
476531378
963962664
614380239
362603295
297721548
996001420
568444889
23482358
398089477
25322078
745810009
540791553
306162437
788975441
46598156
489304047
649032276
135329353
988302004
344383005
253043445
340980453
779898322
178160982
617687072
242026776
362399368
827874435
724962663
493854947
70843747
545525098
751109629
678643057
788975441
585240519
475634304
121413468
156285460
613881118
649329457
903221914
679855380
945309929
713620440
686406158
32384110
489304047
9482779
171929375
476531378
129151366
344383005
769929921
452035468
30159144
103961583
15228687
305174163
806442151
67086855
581264389
514811540
475634304
933891365
649329457
793477840
768650405
589931035
389927427
318294545
807973025
444731863
970785143
489334816
364670984
39442365
649032276
672340633
131225688
129151366
677281996
928419854
369865985
840517467
929788198
686406158
773118870
413960064
723257664
459756422
724962663
393451466
253043445
107816356
831512117
613881118
168210228
967102009
293446446
248188046
482636632
895486726
779370659
413960064
777161433
649329457
96177646
661815621
486167898
470251328
402737690
614633990
626701595
51066627
92758893
3761461
314274700
412396169
286323725
369865985
798848612
767723920
542494422
933866206
253043445
751109629
598374889
472750916
903221914
349120238
912863145
514811540
698436690
431530228
269522820
779898322
275205258
704827836
208917888
732126508
704827836
927052420
278976413
275205258
634247715
829563740
439752238
312499983
537433993
362603295
582665490
78646918
959681273
587704170
314116173
669989313
159853745
986345000
655015866
539831708
613881118
965243946
895486726
316372179
102826131
849859696
32373650
199785190
478420462
898721940
70179378
179597442
818265792
32111757
328784154
621372446
314274700
69349174
369865985
818265792
342330165
294780030
555573743
482020824
713620440
312499983
614633990
513434846
630174927
342330165
797801158
67410822
163410716
730076821
716574648
829563740
362603295
93898630
181847325
940644413
364670984
478420462
270710518
585240519
689075782
358268488
648816111
290767032
540791553
58020252
929788198
751109629
991400574
176717014
46598156
965243946
882679573
747363900
986345000
999661367
204434900
716100284
1
573375284
328784154
275205258
275127100
582665490
207908345
549424140
34220901
156285460
716100284
365777724
758275802
193798935
189276277
174875262
703811419
988302004
991435600
513434846
224026556
507236163
15228687
165803742
745810009
814883038
379135191
32287383
745810009
679855380
281255127
940644413
986345000
372339610
548056668
124887470
189276277
704852441
758275802
58020252
416976073
529078661
587704170
23482358
349120238
568368152
658516737
768731168
163410716
4578874
130159798
663349178
130159798
389927427
391011982
582665490
3384
70490549
50053873
275507421
820144652
92758893
476460273
981870925
68899906
967102009
613881118
357391032
912135238
10018846
683538680
415640154
721617140
746937336
996001420
958547942
475634304
549424140
193275305
27810873
884158612
477546440
829563740
672340633
557337497
462480493
317131797
963962664
913408437
527030158
363861554
709235404
780068949
607196614
779370659
806442151
818265792
95556376
156285460
70179378
215278132
1
314274700
865494791
673161982
655015866
199785190
621372446
24333935
545525098
341482505
873735929
912135238
207908345
15228687
364670984
865544553
773118870
392043440
249420944
884750607
144577080
313668215
156911545
549424140
470598575
680441459
93232780
999661367
50053873
740630647
648816111
952041196
96177646
560546318
514802540
912208782
823046072
929788198
451927396
318294545
479686226
305174163
814883038
227465186
855411358
312084886
514245021
824309164
568444889
46598156
746937336
716574648
178160982
189018188
478420462
345422821
415385114
873735929
185930935
46598156
171929375
843974522
493854947
700167415
165803742
469337187
116991713
32373650
402737690
613881118
470598575
249479266
156911545
747363900
32287383
485285616
503337797
959681273
630174927
885392673
404462807
991400574
70179378
862636349
495780310
714797570
402737690
195828062
999661367
787638947
572031941
916298563
415385114
335362996
928081222
555573743
477546440
121413468
305174163
797801158
589931035
778557779
489304047
459756422
770935442
705234926
297721548
66430650
704852441
493854947
4826160
482866441
436715057
596813636
189874901
23482358
173879390
174710635
68899906
137158394
185930935
34220901
967102009
144059780
527030158
669989313
933891365
693038154
482020824
150
199785190
545525098
284053398
959681273
581264389
25322078
369865985
821987704
363861554
693038154
798848612
714797570
178339009
469806861
151667782
444731863
227547313
829211356
341482505
630174927
689075782
758275802
121413468
464063534
401062440
829563740
557337497
912863145
117643267
649329457
239487316
849859696
199785190
131225688
294780030
470251328
451927396
424614948
93232780
125575379
293446446
277203963
807500551
918455197
724962663
68899906
988302004
498805845
137067068
621372446
476531378
90952525
170864699
477546440
928081222
416976073
885392673
150
873735929
649329457
3384
412533633
634247715
518044570
946278411
518044570
488102524
903221914
173643577
655015866
648816111
470598575
362399368
507236163
369865985
704852441
372339610
275205258
207908345
428131251
23482358
204434900
581264389
364670984
514999385
663349178
207908345
144577080
698436690
991400574
679855380
475634304
768731168
186587623
529078661
721617140
101077190
549424140
820144652
316372179
931045595
324367954
444731863
388061120
173879390
82229777
3384
79184239
241709544
884750607
108563469
368400084
513434846
193275305
436715057
338911730
919965156
16977106
293446446
648556615
96177646
704936703
607196614
387120643
587220085
273320985
444232445
390899160
772214221
135329353
346794282
404462807
18579661
34220901
898721940
275127100
747363900
898721940
892483606
454933126
470251328
93898630
476531378
489334816
313668215
967102009
704852441
379135191
637653710
342330165
479810800
527030158
916298563
542494422
174875262
242026776
873735929
4826160
451927396
137067068
806442151
658516737
454933126
540791553
114617150
129151366
607196614
885392673
369865985
488102524
278081176
849859696
476531378
829563740
354740411
706153832
711265915
341482505
630174927
843974522
940644413
895486726
529078840
705234926
613881118
328784154
840517467
489334816
32384110
462480493
82229777
916298563
827874435
66605158
977485422
222148874
178339009
227547313
123657669
723257664
884750607
701834758
992780831
494874175
479686226
174875262
874668115
589931035
940644413
393658570
795285863
372339610
964982728
342453565
687709293
280128240
745810009
756014902
251297295
704852441
683293514
981870925
508203015
478420462
658516737
972786337
884158612
129720502
70843747
929788198
713620440
507236163
39218592
497072945
743928632
749018590
397129535
167026947
663349178
168210228
316372179
723257664
225799444
176717014
373635
444731863
195828062
1
32384110
338911730
726185148
357391032
737646978
493854947
927052420
167026947
66430650
193275305
4826160
457230381
874668115
482866441
673161982
489334816
716100284
163410716
713620440
193798935
823046072
95556376
945309929
156285460
928081222
829563740
772214221
280128240
874668115
448224737
184151516
248329482
90952525
884750607
470598575
286323725
412396169
46598156
773485779
344383005
732126508
1
275127100
962714137
787638947
991435600
661815621
179597442
963962664
873735929
109320
747363900
462480493
107816356
779370659
224519880
451927396
318294545
852295990
32373650
335362996
705234926
503444762
428131251
637653710
162101766
589931035
634247715
680441459
478420462
151667782
66430650
368400084
330936553
397991399
42666413
729747455
654167456
993544447
728091607
58020252
330936553
286323725
275127100
482020824
899162623
818265792
607196614
444731863
32287383
406045691
82229777
330936553
121413468
388061120
715382041
363861554
373635
486167898
644290275
672340633
507236163
654167456
514802540
701834758
107791131
979992373
200016492
798848612
979992373
482866441
726185148
797801158
507634900
318294545
398089477
3761461
587704170
832112035
865544553
448224737
779370659
993246911
914002411
379135191
679855380
649032276
90952525
270710518
100441623
740630647
454933126
314409236
239487316
222148874
185930935
163410716
70843747
621372446
963962664
291848212
964982728
876726383
829563740
46701852
464063534
224026556
690319247
918455197
428131251
227255957
475634304
927052420
912208782
312084886
151667782
1
101077190
428131251
507236163
178160982
581264389
151667782
269522820
470251328
772214221
159853745
340980453
277203963
745810009
129151366
482636632
962714137
607196614
919965156
167026947
952041196
173879390
988302004
849859696
227547313
253043445
912208782
251297295
4826160
932081508
933891365
458432099
391011982
867677207
745810009
981870925
96507421
369865985
713768775
706153832
738200694
489334816
758275802
827874435
582665490
778557779
195828062
144577080
489334816
222148874
404462807
654167456
933891365
24333935
457230381
340980453
393451466
548056668
291848212
723257664
312499983
162101766
768731168
251297295
704852441
916298563
745810009
704827836
700167415
211794326
562986044
171929375
655015866
82229777
242026776
308224690
329313371
465231836
995547968
768731168
135329353
672722910
721617140
967102009
709235404
507236163
58020252
557337497
304202953
686406158
362603295
539831708
797801158
178339009
824309164
1
704852441
185501014
401016825
227547313
498943403
991435600
738200694
967102009
933891365
144577080
165803742
527030158
230604385
365777724
700167415
537433993
952041196
349120238
581264389
46598156
66605158
767723920
495780310
121413468
278081176
751885764
669592867
983780318
721617140
929788198
793477840
840517467
117643267
701834758
354740411
503337797
748679205
977485422
211794326
193275305
463535049
199260963
537433993
156802051
807973025
587704170
867677207
249420944
488102524
527030158
518044570
482020824
183350824
709235404
162452126
573375284
369865985
655015866
341482505
66430650
32373650
581264389
135635332
807500551
3761461
747363900
572784921
347090776
452035468
412533633
330484397
991400574
185501014
183350824
405572486
281255127
465231836
773485779
803039224
32384110
198025561
698436690
34220901
793477840
693038154
842176960
701001936
16043708
240879853
172901029
405572486
305174163
482866441
740630647
415385114
862636349
347090776
548056668
3384
278976413
914002411
92363518
927052420
78646918
818265792
393451466
164626667
663349178
172901029
773485779
715382041
613881118
623600860
498943403
929788198
680441459
689075782
286323725
912208782
748637140
358268488
827874435
867383704
185930935
171929375
174710635
278081176
919965156
991400574
93232780
589931035
269522820
709235404
444805188
313668215
415385114
68899906
363861554
649329457
730076821
78646918
810315344
137067068
874668115
198025561
150
193992127
66605158
165803742
983780318
249420944
648556615
764523640
834429163
125575379
240927490
290019740
779370659
494874175
372339610
713620440
893441124
24333935
70490549
162101766
798848612
165105338
174875262
680441459
494874175
549424140
204792898
929788198
663349178
109320
929788198
658516737
198025561
67410822
92363518
919965156
79184239
297721548
224026556
448224737
733521439
723257664
349120238
199260963
769929921
398089477
412533633
704827836
46598156
865494791
673161982
472750916
701834758
637653710
493854947
977485422
10
312499983
222148874
470598575
581264389
770935442
927052420
855411358
648556615
663349178
810315344
233456707
412396169
895486726
999661367
489334816
119425307
946278411
779898322
443607341
270822267
342330165
199785190
751109629
912863145
369865985
793477840
993246911
764523640
927052420
821987704
988302004
669989313
113370599
314413453
661815621
227255957
135635332
773118870
773485779
814883038
983780318
10
144577080
137158394
992407830
368400084
168210228
184151516
402737690
503337797
242026776
462480493
401056940
401016825
851340093
992407830
364670984
992780831
131225688
557820851
931045595
81140776
110468114
503337797
387120643
178160982
977485422
16977106
715382041
568368152
912135238
100441623
186587623
454933126
768731168
779898322
946398272
121413468
96177646
648816111
995547968
498805845
929788198
349603248
498943403
713768775
729747455
290767032
398089477
150
412396169
265020904
171929375
498805845
486167898
278976413
67633894
68899906
559651992
884750607
778557779
377867048
451927396
67086855
249420944
663349178
933891365
130159798
428131251
443607341
706153832
686406158
464063534
995547968
3761461
436715057
479686226
391011982
772214221
34850360
384951437
178339009
51066627
444731863
503337797
224519880
433820483
66923545
412533633
304697117
886486324
673161982
248004927
397991399
747363900
513434846
275127100
364670984
602121847
340980453
397991399
814883038
204434900
349120238
462480493
749018590
305174163
154221862
448224737
912135238
363861554
855411358
207908345
178160982
556007948
344383005
16977106
721617140
174123372
614633990
802916844
568444889
912208782
15228687
803039224
704827836
387120643
743928632
32373650
726185148
655015866
663349178
704852441
124887470
393451466
709235404
369865985
738200694
443607341
129151366
154221862
451927396
185501014
767723920
314274700
778557779
144577080
129151366
305174163
933891365
516383057
102826131
940644413
413960064
4826160
999661367
540791553
444232445
488102524
298620610
993246911
148516861
286323725
867677207
489304047
677281996
802916844
965243946
613881118
746937336
780068949
114617150
834429163
862636349
173879390
82229777
884750607
170864699
865494791
90952525
964982728
42310282
42310282
669989313
362399368
637653710
68899906
761448102
545525098
68899906
745810009
548444787
393658570
125575379
764523640
162101766
173879390
716574648
34220901
713620440
100441623
673161982
769929921
464063534
705234926
78646918
704827836
368400084
518044570
713768775
314409236
463535049
314409236
3998093
93232780
165803742
729747455
919965156
539831708
884158612
513434846
634247715
745810009
589931035
278081176
148516861
717552752
548444787
372339610
225799444
482866441
387120643
503337797
207908345
748679205
103961583
842176960
68899906
529078661
529078661
16043708
208917888
66430650
885392673
405572486
977485422
470251328
548444787
841641360
928081222
305174163
358268488
248590766
912863145
330484397
751109629
377867048
903221914
4826160
314413453
330936553
298620610
95556376
286323725
967102009
991435600
314409236
179597442
892483606
227382860
290767032
286323725
304697117
777161433
68899906
548056668
959681273
277203963
714797570
241709544
529078661
690319247
150
462480493
767723920
463535049
138732000
794289386
680748079
253043445
172901029
181847325
855411358
372339610
928081222
42310282
991435600
806442151
758275802
649329457
637653710
298620610
711265915
138732000
729747455
752598128
401056940
933866206
747481386
275507421
929788198
42310282
648556615
598374889
551477652
882679573
198025561
649032276
834429163
914002411
843410497
316372179
149544260
224519880
478420462
242026776
46598156
386265640
397129535
683538680
397129535
412533633
170864699
121283665
412396169
773485779
286323725
602121847
514811540
230412546
613881118
96177646
393658570
144577080
865544553
95673858
314409236
3998093
199260963
100441623
962714137
713768775
364670984
729190925
227465186
557337497
824309164
377867048
778557779
545525098
716100284
436715057
729747455
70490549
377867048
242026776
865544553
843410497
854887779
631210046
642451117
131225688
874668115
69349174
316372179
893441124
992780831
51066627
802676821
806442151
15327080
96177646
144577080
472750916
179597442
672340633
82229777
654167456
743928632
96177646
821987704
507634900
148516861
32604948
470251328
309914368
243289525
66430650
493854947
779342623
795285863
240879853
208917888
779370659
50053873
125575379
388061120
767723920
862636349
439752238
195828062
556007948
151667782
562986044
51066627
465231836
114617150
135635332
114617150
389927427
661815621
242026776
387120643
70490549
562986044
124887470
912863145
464063534
100441623
648556615
452035468
988302004
167026947
717552752
184151516
96507421
854887779
172901029
66430650
626701595
110468114
391011982
715382041
959681273
549424140
103961583
711265915
211960357
3384
602121847
749018590
25322078
716100284
559651992
729747455
397129535
706153832
626701595
248590766
482636632
488102524
131225688
129720502
477546440
952041196
779342623
251492681
773485779
585240519
870048431
573375284
393451466
349603248
983780318
184260688
557820851
505115444
596813636
341482505
820144652
827874435
32373650
514802540
4826160
596813636
330936553
704827836
412533633
170864699
748679205
227255957
32373650
204434900
3998093
498805845
770935442
341482505
966606018
728091607
222148874
892483606
962403917
269522820
498805845
224026556
444805188
727109530
912208782
70490549
193275305
912863145
991400574
336768454
467714031
818265792
58020252
977485422
730076821
189874901
103961583
211794326
114617150
318294545
27810873
290035318
275205258
962714137
349120238
621372446
928081222
227255957
992780831
416976073
129151366
823046072
820144652
843974522
602121847
704936703
862636349
919965156
572031941
275127100
141724462
570618809
654167456
931045595
607196614
834429163
344383005
758275802
658516737
189276277
34705104
899162623
298620610
173643577
217697409
928081222
865544553
713768775
698436690
67410822
545525098
199260963
110468114
589931035
278081176
829563740
10
587704170
290767032
227547313
415385114
489334816
208917888
349603248
479686226
469337187
314413453
545525098
68899906
398089477
46598156
467714031
248004927
318294545
156285460
568444889
740630647
596813636
368400084
482020824
916298563
109320
95556376
621372446
503444762
85605034
69349174
375136306
568368152
278081176
715382041
557337497
555573743
659417626
78646918
163410716
820144652
794289386
170864699
281255127
529078661
548444787
988302004
199260963
137158394
415385114
505115444
32373650
168210228
806442151
988302004
163410716
249479266
27810873
578658113
940644413
362603295
32287383
338911730
137067068
993246911
823046072
15228687
715382041
963962664
519557357
663349178
95673858
156911545
751109629
16977106
607196614
787638947
672340633
649903458
174710635
155114584
270710518
16043708
42310282
476460273
806442151
704852441
865544553
561666592
555573743
1598128
23482358
224519880
172901029
404462807
347090776
964982728
503337797
726185148
807973025
275507421
476531378
457230381
227382860
66605158
516383057
32111757
769929921
165803742
704827836
195828062
854887779
614633990
582665490
709235404
200016492
200016492
693038154
384951437
278081176
170864699
614380239
991400574
211960357
1
275507421
369865985
743928632
514811540
398089477
761448102
758275802
834429163
39218592
457230381
540791553
770935442
93718562
749018590
663349178
305174163
912863145
549424140
34220901
614633990
988265960
50053873
362603295
248004927
314409236
135329353
458432099
827874435
680441459
916298563
217697409
207908345
705234926
347090776
585240519
108563469
156285460
893441124
821987704
424614948
78646918
413960064
278976413
514802540
447144974
93898630
814883038
304697117
439752238
24333935
444805188
988302004
884750607
988265960
898721940
42310282
834429163
927052420
489304047
4826160
706153832
93898630
184151516
412396169
518044570
780068949
173643577
412533633
452035468
598374889
67633894
176717014
820777211
156911545
312499983
135329353
328784154
162452126
728091607
572031941
964982728
125575379
67410822
993246911
290767032
928081222
4826160
185501014
818265792
342330165
364670984
559651992
401016825
354740411
384951437
865544553
185930935
249420944
225799444
144577080
899162623
275205258
726185148
489304047
821987704
585240519
357391032
170864699
711265915
709235404
452035468
928081222
959681273
587704170
240879853
165803742
477546440
683591559
992780831
239487316
977485422
124887470
416976073
338911730
613881118
962403917
154221862
540791553
913408437
539831708
70179378
929788198
109320
787638947
32373650
963962664
391011982
193275305
93232780
470598575
93232780
779342623
460380792
316372179
286323725
931045595
514245021
730076821
401062440
223426736
129720502
706153832
186587623
326901762
767723920
979992373
704852441
342330165
338911730
945309929
393451466
102826131
10
895486726
10
537433993
401016825
865494791
779370659
680748079
728091607
170864699
273320985
478420462
448224737
173643577
124887470
843410497
401056940
767723920
717552752
130159798
412533633
704827836
92758893
818265792
372339610
398089477
963962664
393451466
842176960
802676821
67410822
644290275
443607341
686406158
549424140
452035468
893441124
831512117
357391032
404462807
738200694
58020252
767723920
391011982
992407830
379135191
181847325
529078661
723257664
401062440
981870925
608423628
154221862
344383005
342330165
280128240
648556615
312499983
281255127
488102524
225799444
494874175
539831708
794289386
823046072
677281996
159853745
227255957
476531378
751109629
940644413
748679205
458432099
199260963
393451466
207908345
919965156
539831708
820777211
477546440
273320985
803039224
78646918
102826131
498805845
15228687
729190925
867677207
494874175
746937336
109320
503444762
405572486
227382860
683538680
324367954
93232780
66605158
747363900
92758893
472750916
842176960
67086855
168210228
1
602121847
1037290
16977106
867677207
672340633
23482358
185930935
514245021
693038154
807500551
165803742
176717014
716574648
298620610
280128240
542494422
470251328
940644413
388061120
913408437
773594527
314274700
341482505
347090776
798848612
503337797
959681273
637653710
67410822
368400084
82229777
868296475
730076821
495780310
916298563
806442151
779342623
358268488
358268488
988265960
3384
362603295
868296475
159853745
981870925
747363900
32373650
3384
1
779342623
318294545
369865985
172492376
240879853
568444889
184151516
10
170864699
298620610
504903536
3761461
814883038
773118870
598374889
32287383
912863145
32373650
779370659
981870925
613881118
746937336
92363518
23709807
991411574
918055945
137067068
431530228
689075782
527030158
83761743
479686226
340980453
885392673
555573743
537433993
730076821
701834758
933891365
704827836
477546440
568368152
714797570
769929921
463535049
211960357
149544260
986345000
277203963
568444889
253043445
614633990
793477840
568444889
444731863
240879853
952041196
927052420
46598156
178160982
582665490
748129591
388061120
988302004
32111757
344383005
470251328
743928632
986345000
807973025
862636349
751885764
50053873
489334816
39442365
498943403
174710635
113370599
312084886
32384110
711265915
952041196
416753665
129720502
3384
959681273
224026556
802916844
330484397
15228687
459756422
729190925
176717014
3998093
713768775
101077190
787638947
602121847
431530228
881775823
67086855
316372179
556007948
514811540
443607341
751109629
967102009
959681273
912135238
109320
224519880
992407830
23482358
273320985
275127100
398089477
448694251
155114584
527030158
275205258
168210228
388061120
469337187
96177646
393451466
885392673
730076821
698436690
165105338
495780310
724962663
912135238
794289386
699734868
568368152
9482779
472750916
345422821
39442365
726185148
469337187
979992373
278976413
199260963
108563469
412396169
475634304
131225688
110468114
239487316
314116173
669989313
807500551
340980453
649329457
556007948
962403917
715382041
388061120
195828062
986345000
779342623
981870925
820144652
996001420
135329353
794289386
680441459
364670984
314413453
745803409
459756422
193275305
251297295
174710635
779898322
286323725
439752238
557820851
686406158
929788198
933891365
803039224
151667782
644290275
1037290
170864699
349603248
778557779
780068949
946278411
27810873
743928632
189874901
162452126
562639543
204434900
807500551
729747455
75940523
290767032
342330165
798848612
469337187
358268488
362603295
478420462
95673858
227547313
711265915
658516737
704852441
294780030
389927427
444731863
163410716
598374889
113370599
831512117
539831708
278976413
559651992
999661367
614633990
16977106
330936553
200016492
362399368
444731863
882679573
779342623
178339009
150
927052420
596813636
680441459
463535049
983780318
494874175
135329353
443607341
931045595
125575379
148516861
393451466
690319247
384951437
200016492
614380239
607196614
996001420
716100284
225799444
358268488
724962663
227547313
693038154
807500551
253043445
270710518
178160982
227547313
25322078
151667782
959562062
680748079
849859696
881775823
986345000
291848212
779370659
673161982
224026556
613881118
539831708
478420462
587220085
225799444
412533633
93898630
992780831
717552752
393451466
823046072
714797570
818265792
476531378
275127100
444805188
711265915
704936703
358268488
834429163
162452126
312084886
227547313
779370659
475634304
630174927
779370659
602121847
253043445
556007948
738200694
489304047
436715057
34220901
137158394
559651992
195828062
913408437
405572486
452035468
946278411
129720502
745810009
34850360
278976413
715382041
980877287
882679573
679855380
129720502
884158612
457230381
131225688
823046072
470598575
198025561
933891365
340980453
842176960
413960064
312499983
818265792
704936703
227465186
297721548
807973025
50053873
66605158
746937336
514802540
764523640
16977106
387120643
448224737
109320
654167456
980877287
204434900
539831708
748679205
524632621
803039224
239487316
931045595
780068949
884158612
375415318
585240519
193992127
821987704
248590766
913408437
587704170
518044570
991435600
46701852
102826131
186587623
312084886
964982728
706153832
884158612
716574648
557820851
314413453
227255957
179597442
154221862
773118870
714797570
884158612
581264389
505115444
211960357
686406158
802916844
919965156
780068949
514802540
778557779
644290275
732126508
15228687
313668215
559651992
479810800
379135191
393658570
457230381
977485422
989517996
649329457
211960357
158408666
738200694
508203015
717552752
424614948
304697117
412396169
193992127
185501014
275205258
444232445
769929921
726185148
207908345
918455197
326901762
372339610
314116173
170864699
818265792
726185148
881775823
114617150
913408437
253043445
486167898
79184239
185930935
349603248
248004927
32111757
505115444
621372446
562986044
469337187
227547313
404462807
865494791
988302004
884158612
882679573
167026947
932594295
855411358
338911730
156285460
416753665
648816111
770935442
884750607
740630647
34220901
780068949
995547968
478420462
540791553
704852441
200016492
389927427
467714031
729747455
723257664
723257664
717552752
324367954
758275802
686406158
199260963
109320
673161982
277203963
773485779
443607341
885392673
934761777
596813636
95556376
475634304
559651992
514802540
898721940
798848612
540791553
769929921
185501014
170864699
479686226
728091607
557337497
275205258
269522820
198025561
277203963
768731168
79184239
458432099
365777724
67086855
940644413
95673858
704852441
564323319
478420462
42310282
3998093
589931035
952041196
929788198
899162623
16043708
415385114
16977106
314116173
672340633
280128240
614633990
489334816
527030158
912166813
156911545
873735929
919965156
275127100
802676821
148516861
162452126
416976073
465231836
798848612
876087971
344383005
107816356
698436690
946278411
895486726
748679205
667053524
138732000
181847325
730076821
704936703
515303579
195828062
995908617
156285460
865494791
795285863
779342623
369865985
251297295
945309929
349603248
304697117
251297295
388061120
716574648
70843747
514802540
780068949
167026947
929788198
273320985
903221914
162101766
32287383
690319247
42310282
704936703
23482358
130159798
78646918
326901762
67410822
16043708
342330165
277203963
661815621
121413468
865494791
557337497
892483606
170864699
34705104
962714137
362603295
66430650
92758893
655015866
109320
672340633
16977106
368400084
787638947
174710635
79184239
242026776
500644568
542494422
540791553
777161433
690319247
999661367
899162623
728091607
329313371
95556376
174875262
275205258
818265792
508203015
498805845
222148874
357391032
758275802
248590766
514811540
148516861
353302233
144577080
964982728
165105338
476460273
102826131
916298563
481141323
328784154
983780318
945309929
655015866
893441124
335362996
463535049
529078661
723257664
328784154
991400574
798848612
424614948
189276277
503337797
868296475
991400574
393658570
130159798
545525098
995547968
623600860
242026776
211960357
927052420
503444762
486167898
514811540
980877287
476460273
398089477
807973025
368400084
34705104
589931035
780068949
1037290
189276277
545525098
365777724
849859696
649032276
124887470
806442151
919965156
928081222
341482505
602121847
165803742
278976413
349120238
489334816
391011982
779370659
721617140
416976073
482866441
677281996
240879853
821987704
362399368
912135238
452035468
365777724
150
326901762
713620440
746937336
109320
654167456
748679205
340980453
928419854
298620610
393658570
23482358
991400574
248004927
613881118
412533633
92363518
293446446
416753665
614633990
690319247
855411358
508203015
330936553
840517467
912208782
78646918
176717014
365777724
794289386
637741905
767723920
881775823
842176960
773485779
303361801
698436690
149544260
690319247
78646918
167026947
261404537
514245021
738200694
297721548
840517467
439752238
444731863
709788616
330484397
623600860
335362996
473421416
884158612
281255127
444232445
144577080
67410822
589931035
711265915
137067068
413433988
393451466
46701852
242026776
416753665
555573743
349120238
368400084
658516737
375415318
916298563
304697117
70179378
135329353
823046072
219633174
163410716
248590766
986345000
787638947
705234926
562986044
709235404
330484397
717552752
401062440
464063534
108563469
100441623
224519880
738200694
211960357
749018590
608423628
313668215
941273544
452035468
991435600
927052420
884158612
67086855
964982728
416976073
892483606
227465186
365777724
9482779
862636349
278081176
728091607
914002411
885392673
672340633
95556376
412533633
39442365
360954047
113370599
431530228
608423628
952041196
393451466
927052420
916298563
162452126
78646918
582665490
746937336
462480493
3998093
241709544
867677207
721617140
365777724
732126508
86201134
475634304
67633894
23482358
918055945
90952525
386265640
465231836
780068949
701834758
977485422
854887779
70179378
767723920
293446446
326901762
556007948
802676821
183350824
405572486
271791054
842176960
683538680
498805845
582665490
793477840
729190925
587704170
476531378
354740411
730076821
764523640
729190925
416753665
540791553
740630647
981870925
58020252
459756422
748679205
967102009
587704170
1592240
797337422
773485779
95673858
330484397
494874175
464063534
988265960
1037290
34220901
402737690
802676821
297721548
102826131
507236163
137158394
829563740
988302004
96376872
701834758
326901762
549424140
912135238
899162623
101077190
898721940
914002411
557820851
545525098
338911730
250516818
723433644
227255957
393451466
892483606
630174927
933891365
270710518
129151366
745810009
613881118
779370659
225799444
649032276
24333935
489304047
211960357
780068949
46598156
114617150
389927427
313668215
928419854
109320
794289386
777161433
669989313
103961583
178160982
732126508
587220085
365777724
472750916
657885986
204434900
806442151
931045595
51066627
439752238
979992373
959681273
716100284
436715057
454933126
514245021
15228687
211960357
70179378
227547313
451927396
173879390
32287383
314274700
884750607
931045595
912135238
495780310
912863145
314413453
444232445
912863145
705234926
275127100
514811540
637653710
489334816
912732950
458432099
912863145
855411358
568368152
767723920
965243946
412533633
397991399
654167456
397129535
270710518
977485422
680748079
717552752
793477840
988265960
807973025
539831708
34850360
326901762
208917888
613881118
151667782
767723920
843410497
912135238
281255127
585240519
572031941
713620440
927052420
82229777
318294545
537433993
275127100
773118870
424614948
495780310
928081222
162452126
634247715
614633990
457230381
189874901
614380239
945309929
798848612
829563740
165803742
195828062
193275305
23482358
273320985
518044570
135329353
189874901
163410716
494874175
369865985
207908345
807500551
340980453
397991399
751885764
148516861
885392673
899162623
248590766
570618809
424614948
251297295
557337497
798848612
865544553
137067068
992407830
726185148
572031941
199260963
46598156
404462807
454933126
470598575
557337497
318294545
165105338
110468114
589931035
164208701
514245021
58020252
795285863
865544553
644290275
613881118
514802540
794289386
344383005
314413453
404462807
988265960
648816111
881775823
895486726
347090776
339984014
724962663
658516737
281255127
362603295
658516737
820777211
477546440
723257664
70179378
3384
919965156
154221862
176717014
669989313
402737690
806442151
165803742
249420944
297721548
721617140
129151366
927052420
680441459
884158612
341482505
672180563
732126508
253043445
555573743
885392673
721617140
821987704
168210228
980877287
995547968
704936703
716100284
803039224
178339009
623600860
135635332
690319247
698436690
469337187
193275305
748679205
854887779
341482505
463535049
582665490
227465186
316372179
242026776
34705104
477546440
892483606
704827836
820144652
648556615
93898630
913408437
173643577
304697117
278081176
677281996
413433988
746937336
1037290
436715057
802916844
178339009
701834758
991435600
590124616
507634900
527030158
680441459
9482779
470251328
773118870
865544553
4826160
365777724
706153832
855411358
855411358
444232445
653630003
3761461
462480493
135635332
1037290
706153832
918455197
648556615
179597442
469337187
373635
780068949
181847325
144577080
479810800
413433988
458432099
330484397
372339610
746937336
513434846
121413468
626701595
167026947
751885764
227465186
729190925
518044570
135329353
401062440
401016825
758275802
436715057
207908345
386265640
165803742
362399368
732126508
404462807
778557779
479810800
241709544
548444787
312084886
227382860
587704170
304697117
32384110
514802540
10
248590766
988302004
545525098
548056668
962403917
529078661
981870925
516383057
556007948
713768775
952041196
882679573
803039224
912135238
477546440
704827836
529078661
772214221
416753665
82229777
996001420
169807223
83761743
162101766
78646918
3384
39218592
562986044
444805188
101077190
524632621
46701852
34220901
933866206
649329457
314116173
589931035
996001420
729747455
388061120
391011982
874668115
124887470
431530228
304697117
573375284
993246911
248590766
174710635
448224737
824309164
156911545
416753665
269522820
443607341
113370599
787638947
357391032
251297295
482020824
178339009
780068949
498943403
344383005
542494422
582665490
163410716
503444762
32373650
178160982
802676821
613881118
10
66430650
479686226
585240519
103961583
557337497
829563740
275205258
716100284
393451466
314116173
758275802
458432099
416976073
479810800
539831708
379135191
794184608
227465186
125575379
176717014
979992373
393658570
884158612
69349174
154221862
401056940
345422821
677281996
436715057
345422821
979992373
107816356
705234926
193798935
788975441
505115444
648556615
568444889
280128240
181847325
185501014
27810873
211960357
807973025
649032276
293446446
470251328
12241940
807973025
358268488
780068949
95556376
596813636
176717014
542494422
679855380
634247715
524632621
159853745
101077190
503444762
401056940
159853745
967102009
303361801
373635
787638947
498943403
706153832
195828062
349120238
51066627
230604385
751109629
669989313
704827836
653380298
479686226
820144652
335362996
39442365
46701852
996001420
93232780
335362996
178160982
882679573
39442365
729190925
458432099
69349174
101077190
309914368
860467174
717552752
472750916
637653710
156911545
928081222
207908345
730076821
884750607
270710518
768731168
66923545
548444787
598374889
224519880
70179378
895486726
644290275
387120643
820777211
548056668
303361801
298620610
730076821
162452126
849859696
489334816
454933126
988302004
745810009
962714137
314274700
32373650
23482358
680441459
464063534
340980453
249420944
278081176
178160982
277203963
342575142
70490549
167026947
802916844
679855380
361704760
148516861
3761461
716574648
124887470
4578874
796787290
416976073
208917888
884750607
721617140
9482779
207908345
964982728
513434846
364670984
623600860
927052420
514802540
729190925
751885764
69349174
962714137
717552752
314409236
363861554
698436690
680748079
309914368
314409236
613881118
349120238
962403917
70490549
23482358
357391032
824309164
716100284
992780831
903221914
208917888
281255127
393451466
487814049
928081222
227465186
634247715
686406158
82338060
794289386
745810009
680441459
807500551
806442151
779342623
439752238
402737690
881775823
211794326
945309929
278081176
178160982
931045595
749018590
176717014
899162623
401062440
874668115
269522820
993246911
330484397
503337797
329313371
928081222
428131251
959681273
732126508
95673858
874668115
397991399
770935442
995547968
149544260
1037290
51066627
557820851
16043708
135635332
751885764
454933126
155114584
777161433
178160982
294780030
428131251
503444762
162452126
135635332
884750607
834429163
983780318
82229777
241709544
507634900
946278411
482636632
829563740
747363900
738200694
945309929
46701852
23482358
614633990
463535049
174710635
401056940
679855380
988302004
482020824
821987704
779342623
110468114
637653710
730076821
503444762
3384
470598575
24333935
95673858
155114584
338911730
189874901
570618809
185930935
865544553
159853745
96177646
458432099
241709544
929788198
113370599
721617140
479810800
962714137
983780318
129151366
487814049
313668215
514245021
537433993
964982728
964982728
124887470
482636632
436715057
398089477
156285460
479686226
189874901
176717014
748679205
181847325
82229777
487814049
330484397
715382041
211960357
439752238
918455197
358268488
807973025
70179378
470598575
170864699
413433988
928419854
82229777
854887779
649032276
458432099
849859696
349603248
996001420
749018590
129720502
275205258
293446446
912135238
598374889
602121847
630174927
109320
304697117
277209537
518044570
709235404
663349178
227547313
224026556
581264389
988265960
802676821
314413453
705234926
251297295
168210228
493854947
608423628
168210228
831512117
469337187
463535049
415385114
32111757
470598575
788975441
275127100
962662776
713620440
156285460
439752238
3998093
347090776
798848612
174875262
125575379
573375284
16043708
125575379
992407830
248590766
389927427
559651992
200016492
444731863
413433988
398089477
669989313
46598156
379135191
58020252
770935442
368400084
294780030
3998093
173879390
945309929
58020252
207908345
232099490
349120238
713620440
193992127
689075782
225799444
680441459
184151516
778557779
335362996
814883038
377867048
150
743928632
32384110
981870925
513434846
478420462
9482779
168210228
717552752
424614948
178339009
138732000
689075782
67086855
314274700
428131251
823046072
281255127
398089477
70490549
413433988
680441459
867677207
898721940
680441459
227465186
613881118
174710635
779342623
114617150
770935442
51066627
807500551
444232445
193798935
253043445
186587623
928419854
479810800
815506232
933891365
384951437
149544260
758275802
70843747
207908345
281255127
9482779
324367954
895486726
700167415
291848212
121211632
372339610
280128240
475634304
704852441
577487475
338911730
70179378
103961583
779370659
156911545
66605158
814883038
349603248
114617150
487814049
807500551
345422821
824309164
95673858
914002411
478420462
401056940
507236163
476531378
482866441
797801158
988302004
398089477
66605158
92758893
345422821
927052420
795285863
314116173
70843747
721617140
663349178
199785190
820144652
82229777
384951437
764523640
607196614
240879853
542494422
354740411
428131251
82229777
4578874
933891365
489334816
854887779
163410716
249479266
780068949
689075782
227465186
428131251
92363518
114617150
507236163
193275305
802676821
882679573
281255127
70843747
368400084
732126508
173643577
387120643
269522820
278081176
503337797
273320985
773118870
829563740
507634900
803039224
818265792
988302004
4578874
714797570
413960064
507236163
965243946
501962077
172901029
557337497
349120238
658516737
326901762
498805845
457230381
992407830
940644413
66430650
711265915
326901762
126064968
3998093
149544260
770935442
66605158
773118870
705234926
137067068
946278411
503444762
489334816
362399368
868296475
32111757
451927396
573375284
16043708
477546440
131225688
589931035
138732000
170864699
100441623
78646918
482636632
946278411
503444762
993246911
173879390
913408437
198025561
829563740
304697117
960023134
993246911
40593100
945309929
840517467
9482779
312499983
913408437
397991399
818265792
704852441
270710518
129720502
186587623
388061120
529078661
413960064
110468114
329313371
698436690
280128240
3761461
304697117
253043445
389927427
109320
654167456
162452126
614633990
69349174
3384
401062440
78646918
379135191
514802540
329313371
874668115
275205258
375415318
316372179
389927427
530337481
773485779
655015866
824309164
458432099
779342623
82229777
174875262
705234926
713768775
155114584
649329457
648816111
358268488
721617140
189276277
362603295
309914368
248004927
555573743
537433993
524632621
614633990
275205258
386265640
768731168
903221914
798848612
537433993
555573743
163410716
725715049
498943403
973952538
933891365
377867048
962403917
211960357
251297295
649032276
314274700
3384
673161982
929788198
100441623
882679573
557337497
34220901
843974522
689075782
96507421
912135238
482020824
559651992
865494791
672340633
929788198
794289386
843410497
503337797
919965156
162101766
354740411
312499983
654692794
634247715
743928632
280128240
178339009
967102009
93718562
162101766
912135238
109320
703147703
275507421
398089477
507236163
309914368
572031941
405572486
39218592
173643577
358268488
155114584
185930935
751109629
679855380
32287383
946278411
882679573
462480493
67410822
151667782
170864699
793477840
824309164
372339610
916298563
711265915
773485779
946278411
898721940
548444787
767723920
626701595
614633990
90952525
751109629
867677207
96507421
137067068
204434900
598374889
354740411
211960357
469337187
42310282
488102524
375415318
413960064
278976413
103961583
195828062
463535049
349603248
58020252
373635
312499983
387120643
885392673
275127100
249479266
802916844
867677207
314409236
518044570
154221862
912863145
802676821
50053873
135635332
328784154
457409297
482020824
193992127
802676821
347090776
24333935
568368152
16043708
751885764
704827836
749018590
991400574
241709544
740630647
508203015
10
46701852
843410497
58020252
507634900
167026947
83761743
275127100
996001420
15228687
704936703
713768775
269522820
151667782
721617140
986345000
714797570
555573743
3761461
227465186
318294545
933891365
729190925
163410716
962714137
163410716
413960064
248004927
862636349
537433993
181847325
354740411
185501014
66923545
109320
384951437
743928632
505115444
503444762
996001420
843410497
165105338
614633990
401062440
931045595
167026947
443607341
32111757
498805845
155114584
303361801
34850360
26964667
614633990
66605158
451927396
649329457
470251328
357391032
280128240
503444762
989854302
465231836
70179378
787638947
514802540
843410497
798848612
413960064
630174927
397991399
587704170
199785190
162101766
996001420
270710518
32287383
979992373
795285863
211794326
764523640
967102009
95556376
637653710
34850360
165105338
478420462
91374366
174710635
388061120
248590766
93718562
193798935
698436690
67633894
412533633
539831708
124887470
945309929
824309164
281255127
372339610
326901762
377867048
918455197
387120643
467714031
607196614
539831708
540791553
294780030
154221862
895486726
824256796
507634900
413960064
508203015
959681273
46701852
489304047
211960357
293446446
211794326
700167415
24333935
701834758
305116193
562986044
181847325
927052420
572031941
772214221
23482358
770935442
363861554
993246911
448224737
10
207908345
494874175
585240519
159853745
680748079
129151366
138732000
537433993
189874901
186587623
109320
3384
95673858
129151366
320125303
413960064
704827836
587220085
767723920
559651992
397991399
711265915
486167898
711265915
156911545
988302004
454933126
458432099
751109629
124887470
149544260
919965156
882679573
193992127
452035468
462480493
716100284
249479266
916298563
95673858
527030158
965243946
159853745
330484397
303361801
648556615
199785190
478420462
34220901
524632621
294780030
928081222
482636632
313668215
680748079
556007948
704852441
673161982
686406158
669989313
885392673
28249685
193992127
414635948
369865985
328784154
404462807
416753665
342903736
572031941
144577080
154221862
568368152
829563740
95556376
95673858
137067068
167026947
305174163
494874175
470598575
820777211
689075782
58020252
379135191
716100284
477546440
39218592
397129535
549424140
70843747
582665490
626701595
448224737
189276277
960898438
745810009
965243946
581264389
487814049
459756422
284727419
225118319
298620610
724962663
110468114
135635332
918055945
980877287
820777211
773118870
698436690
621372446
874668115
286323725
183350824
162101766
873735929
294780030
573375284
729747455
92363518
303361801
918055945
27810873
570618809
313312450
895486726
730076821
240879853
393658570
404462807
362603295
114617150
389927427
25322078
316372179
581264389
314413453
82229777
342330165
495780310
518044570
200016492
451927396
393451466
988265960
251297295
314413453
312084886
621372446
545525098
46598156
4578874
581264389
248004927
730076821
992780831
803039224
717552752
168210228
979992373
173643577
721617140
439752238
979992373
892483606
849859696
459756422
193275305
673161982
967102009
39442365
621372446
53715690
391011982
387120643
179597442
831512117
70490549
388061120
148516861
810315344
389927427
979992373
614633990
728091607
788975441
465854830
884750607
1
992780831
677281996
27810873
114617150
983780318
151667782
827874435
995547968
714797570
34850360
16977106
185501014
198025561
162101766
659109011
623600860
709235404
341482505
549424140
572031941
286323725
34705104
373635
415385114
34705104
70843747
291848212
898721940
341482505
648556615
92758893
248004927
598374889
807973025
658516737
92363518
286323725
242839147
318294545
479686226
444805188
125575379
249420944
277203963
487814049
581264389
820777211
999661367
354740411
67410822
773485779
70490549
155114584
412533633
270710518
648556615
16043708
545525098
440241057
457230381
867677207
916298563
135329353
412533633
277203963
23482358
273320985
751109629
66605158
912863145
444805188
607196614
96177646
988265960
9482779
443607341
95556376
732126508
328784154
637653710
66605158
649329457
39218592
988265960
821987704
773118870
357391032
92758893
912208782
649032276
377867048
787638947
999661367
155114584
587220085
330484397
548056668
607196614
193275305
224519880
768731168
66430650
372339610
980877287
788975441
162452126
107816356
39218592
416753665
388061120
117643267
806442151
135635332
439752238
4578874
470598575
198025561
170864699
114617150
278081176
472750916
309914368
598374889
893441124
46598156
341482505
398089477
649329457
906598967
273320985
231422728
977485422
732126508
850319997
70060664
525533183
32287383
888404710
165105338
644290275
330936553
338911730
495780310
467714031
557051463
241709544
964982728
70843747
831512117
679855380
275127100
349120238
716574648
572031941
23482358
32111757
514802540
183350824
895486726
507236163
820777211
303361801
472750916
843410497
165803742
375415318
401056940
364670984
700167415
23482358
277203963
364670984
227255957
3998093
330484397
114617150
724962663
286323725
885392673
919965156
529078661
354740411
397129535
933866206
242026776
741817542
912208782
476531378
634247715
93232780
802916844
457230381
409781560
203183925
913408437
358268488
870626929
562986044
131225688
297721548
885392673
227547313
479810800
114617150
479810800
945309929
162452126
882679573
165803742
457230381
505115444
224519880
672340633
137067068
402737690
101077190
962714137
172901029
794289386
174875262
608423628
477546440
275507421
513434846
874668115
996001420
278976413
884750607
626701595
793477840
272432884
227382860
807973025
174710635
704852441
963962664
507634900
912208782
716574648
137158394
469337187
405572486
779342623
873735929
467714031
386265640
488461820
589931035
174710635
756105632
159853745
159853745
824309164
724962663
843974522
587704170
135635332
363861554
740630647
724962663
964982728
27810873
248590766
338911730
709235404
988302004
507634900
962561785
764523640
721617140
25322078
596813636
489334816
929788198
107816356
503337797
596813636
476531378
613881118
931045595
159853745
174710635
751109629
173879390
189276277
242026776
751885764
330484397
66605158
716100284
305174163
444731863
494874175
444232445
443607341
726185148
95673858
572031941
608423628
340980453
108563469
329313371
70490549
892483606
107816356
882679573
537433993
347090776
149544260
129151366
458432099
465231836
195828062
144577080
303361801
278081176
865494791
401056940
34220901
239487316
358268488
78646918
818265792
1037290
345422821
868296475
338084372
779898322
570618809
199785190
428131251
66923545
829563740
330484397
549424140
335093313
398089477
476531378
585240519
548444787
316372179
248590766
207908345
598374889
761448102
962403917
100441623
451927396
669989313
557337497
981870925
988302004
3761461
124887470
178160982
716574648
280128240
369865985
277203963
454933126
585240519
980877287
330936553
518044570
928419854
397991399
373131354
596813636
195828062
178160982
913408437
230604385
181847325
193992127
493854947
821987704
621372446
444232445
649032276
39442365
303361801
113370599
559651992
267144424
275507421
539831708
415385114
829563740
32111757
328784154
729190925
225799444
758275802
514245021
342330165
90952525
693038154
173879390
156285460
479810800
967102009
507634900
634247715
779370659
249479266
680441459
637653710
788975441
867677207
448224737
884750607
673161982
479686226
469337187
391011982
477546440
207908345
198025561
379135191
787638947
992407830
818265792
275507421
92758893
1
679855380
393219494
602121847
992780831
338911730
304697117
862636349
293446446
32373650
962403917
451927396
991435600
698436690
556007948
309914368
304697117
540791553
596813636
482636632
761448102
854887779
338911730
514811540
462480493
342330165
189874901
773485779
106161352
527030158
933891365
107816356
393658570
404462807
843026798
977485422
614380239
537433993
293446446
341482505
248590766
979992373
174875262
479686226
585240519
227547313
436715057
494874175
946278411
487814049
721617140
270710518
916298563
802676821
204434900
931045595
454933126
495780310
717552752
189874901
207908345
368400084
384951437
918055945
587220085
565121916
991435600
10
83761743
312499983
150
983780318
992780831
614380239
743928632
613881118
330936553
401016825
290767032
50053873
114617150
211794326
965243946
598374889
572031941
32287383
49738490
198025561
458432099
401016825
487814049
680748079
199260963
330936553
3761461
90952525
624789793
573375284
324367954
493854947
882679573
174710635
179597442
211794326
83761743
488102524
273320985
32384110
608423628
46701852
527030158
379135191
379135191
305174163
964982728
986345000
680441459
249479266
679855380
373635
794289386
313668215
806442151
486167898
154221862
479686226
472750916
3998093
728091607
746937336
108563469
32287383
227547313
96507421
806442151
716100284
248590766
773118870
686406158
724962663
557820851
251297295
270710518
779342623
797801158
884158612
329313371
326901762
916298563
503337797
740630647
539564202
630174927
884158612
109320
324367954
514245021
892483606
780068949
740630647
788975441
914002411
448224737
124887470
239487316
824309164
706153832
884158612
463535049
291848212
230604385
690319247
587704170
248590766
476460273
913408437
312084886
318294545
479686226
855411358
313668215
354740411
444232445
996001420
280128240
186587623
773485779
165803742
893441124
217697409
248590766
32111757
397129535
916298563
634247715
573375284
32111757
211794326
821987704
24333935
349120238
193798935
16977106
199785190
345422821
290767032
155114584
865494791
362399368
229043326
95556376
16043708
227547313
125575379
613881118
529078661
101077190
778557779
278081176
469337187
751885764
843410497
885392673
402737690
758275802
903896135
27810873
198025561
199785190
582665490
204434900
156285460
179597442
431530228
328784154
402737690
117643267
983780318
117643267
654167456
513434846
758520362
713620440
170864699
806442151
1037290
79184239
652224581
186587623
93718562
713768775
46598156
3384
280128240
465231836
393451466
32111757
488102524
795285863
291848212
388061120
795285863
865544553
524632621
557820851
171929375
479810800
195828062
589931035
278976413
172901029
181847325
96177646
885392673
679855380
746937336
596813636
482020824
621372446
195828062
316372179
304697117
993246911
92363518
3761461
570618809
730076821
163410716
849859696
401016825
559651992
1037290
242026776
387120643
70179378
147511543
4578874
183350824
278976413
963962664
189874901
548056668
965243946
740630647
108563469
991400574
818265792
280128240
680748079
679855380
831512117
507236163
865544553
746937336
680441459
556007948
10
314409236
46598156
589931035
840517467
868296475
919965156
489773119
704852441
137158394
602121847
298620610
227382860
314274700
318294545
227255957
996001420
70843747
713620440
991400574
314274700
102826131
413433988
585240519
34705104
305174163
46598156
50053873
834429163
70179378
24333935
988265960
888685089
807973025
489334816
596813636
475634304
964982728
751885764
121413468
70179378
479810800
172901029
249479266
248004927
548056668
912135238
807500551
294780030
903221914
412533633
25130591
709235404
46598156
986345000
387120643
700167415
770935442
3998093
70179378
557820851
46701852
988302004
557337497
50053873
363861554
738200694
462480493
706153832
758275802
768731168
412396169
478420462
874668115
589931035
587704170
269522820
68899906
50053873
18080811
217697409
693038154
865544553
275507421
165105338
903221914
740630647
93898630
820777211
704827836
673161982
680748079
347090776
751109629
607196614
357391032
807500551
384951437
125575379
992780831
748679205
498805845
324367954
758275802
124887470
487814049
677281996
779898322
34220901
402737690
364670984
155114584
965243946
363861554
648556615
66430650
489304047
248004927
514802540
549424140
698436690
854887779
444805188
32287383
16358648
740630647
820144652
174875262
297721548
857400670
459756422
482020824
92758893
738200694
240879853
314274700
557820851
208917888
729747455
178160982
601590260
706153832
1
967102009
183350824
658516737
4826160
227547313
462480493
672340633
814883038
275507421
842176960
303361801
401016825
716574648
70843747
335362996
70179378
768731168
70179378
240879853
572031941
487814049
834429163
312084886
67086855
344383005
798848612
178339009
996001420
458432099
407665158
465231836
986345000
946278411
199785190
138732000
823046072
412396169
849859696
570618809
125575379
758275802
704852441
503444762
913408437
148516861
559651992
369865985
67633894
3384
655015866
379135191
881775823
227465186
66923545
199260963
843410497
178339009
199785190
70843747
459756422
248590766
713620440
95556376
90952525
275127100
393658570
178160982
124887470
375415318
797801158
415385114
465243704
549424140
405572486
621372446
270710518
865494791
335362996
185501014
240879853
183350824
669989313
137067068
275127100
478420462
999661367
171929375
649329457
156285460
729747455
748679205
677281996
814883038
995547968
66605158
195828062
462480493
581264389
529078661
516383057
298620610
630174927
82229777
401056940
305174163
32373650
46701852
163410716
398089477
211794326
181847325
344383005
827874435
224026556
172901029
462480493
746937336
770935442
281255127
498805845
457276339
518044570
669989313
67410822
630174927
413433988
179597442
277203963
469337187
316372179
454933126
67086855
79184239
179597442
965243946
16043708
39442365
275205258
66923545
871021281
803039224
479810800
275127100
298620610
542494422
748679205
373635
608423628
107816356
482866441
23482358
27810873
34220901
772214221
70179378
746937336
165105338
176717014
10
470251328
451927396
824309164
820144652
572031941
747363900
482866441
638369744
416976073
797801158
32111757
587704170
985662563
458432099
96177646
959681273
67410822
335362996
397129535
83761743
241709544
991400574
516383057
50053873
882679573
772214221
298620610
401056940
740630647
117643267
185501014
402737690
162101766
95556376
529078661
24333935
945309929
398089477
698436690
786561759
46701852
677281996
749018590
505115444
738200694
637653710
724962663
479810800
341482505
962714137
163410716
347090776
965243946
802916844
34850360
608423628
32111757
843974522
885392673
83761743
347090776
224026556
189874901
373635
217697409
217697409
275205258
96507421
827874435
529078661
661815621
415385114
92758893
919965156
424614948
431530228
249420944
372339610
362399368
962403917
34705104
654167456
683538680
109320
855411358
736569644
962403917
489334816
32111757
312084886
204434900
820777211
463535049
529078661
314409236
1037290
269522820
314116173
514245021
482636632
25322078
794289386
340980453
32384110
162452126
125575379
172901029
751109629
275507421
405572486
829563740
362603295
898721940
725547452
428131251
454933126
189874901
494874175
185930935
873735929
93232780
634247715
537433993
873735929
405572486
988302004
672340633
537433993
444731863
983780318
843974522
156285460
557820851
93898630
806442151
779898322
159853745
66430650
275507421
121413468
32384110
913408437
413960064
778557779
770935442
868296475
349603248
357391032
179605286
368400084
124887470
172658959
310571291
95673858
211960357
919965156
70843747
862636349
401016825
988265960
777161433
227382860
328784154
413433988
514811540
170864699
241709544
649329457
247569259
189874901
377867048
69368094
39218592
328784154
919965156
178160982
834429163
598374889
706153832
637653710
58020252
341482505
66605158
248004927
587220085
486167898
162101766
596813636
3384
728091607
940644413
66605158
614638672
290767032
280128240
745810009
568444889
349120238
459756422
929788198
514245021
513434846
413960064
581264389
986225931
173879390
68899906
747363900
831512117
386265640
482866441
467714031
444805188
199785190
305174163
882679573
465231836
621372446
224502554
540791553
581264389
67633894
338911730
338911730
673161982
884158612
821987704
724962663
713620440
873735929
814883038
248004927
79184239
326901762
795285863
827874435
479810800
747363900
655015866
658516737
589931035
933891365
125575379
472750916
341482505
777161433
843974522
413433988
545525098
68899906
185930935
181847325
93898630
818265792
96507421
843974522
568368152
275205258
959681273
240879853
163410716
165105338
489304047
999661367
117643267
644290275
316372179
663349178
230604385
749018590
996001420
34850360
129720502
892483606
386265640
903221914
227547313
767723920
275205258
476460273
393658570
401062440
68899906
165803742
15228687
701834758
314413453
109320
176717014
467714031
10
365777724
476460273
658516737
185930935
503337797
457230381
156911545
867677207
820777211
992407830
401056940
83761743
402737690
312084886
914002411
424614948
701834758
42310282
568444889
679855380
912135238
380554489
368400084
242026776
470251328
179597442
193275305
980877287
644290275
721617140
294780030
242026776
415385114
34705104
623600860
690319247
549424140
155114584
977485422
253043445
124887470
444805188
303361801
32384110
70843747
137067068
379135191
991435600
66605158
716100284
621372446
222148874
110468114
129720502
412396169
66923545
172901029
855411358
767723920
711265915
728091607
728091607
587220085
121413468
794289386
843974522
405572486
794289386
486167898
199785190
82229777
362603295
824309164
405572486
724962663
773118870
898721940
148516861
328784154
277203963
316372179
66430650
996001420
748679205
69349174
730076821
777161433
867677207
87027257
648816111
677281996
46701852
152353272
495780310
843410497
980877287
144577080
914002411
25322078
352547940
981870925
803039224
345422821
92758893
46701852
270710518
3761461
931045595
249420944
957219455
717552752
95673858
454933126
514811540
704827836
658516737
585240519
451927396
470251328
93232780
842176960
132743044
623600860
10
679855380
993246911
149544260
401016825
537433993
389927427
110468114
349603248
843410497
680441459
637653710
270710518
996001420
318294545
173879390
95556376
885392673
614633990
4578874
386265640
195828062
698436690
965243946
929788198
162101766
964982728
92758893
505115444
224519880
277203963
193798935
369865985
556007948
463535049
163410716
135635332
25322078
363861554
716574648
372339610
135329353
309914368
281255127
413433988
540791553
677281996
389927427
513434846
181847325
189276277
764523640
413433988
732126508
582665490
988265960
25322078
928081222
443607341
67086855
217697409
680710362
498805845
979992373
416753665
365777724
345422821
467714031
96177646
818265792
787638947
489304047
144577080
200016492
415385114
107816356
3384
129720502
124887470
412533633
23482358
184151516
981870925
239487316
770935442
723257664
70843747
179597442
4578874
802916844
227382860
253043445
227465186
66923545
178160982
919965156
193275305
572031941
312499983
227465186
834429163
768731168
743928632
412396169
170596961
557820851
369865985
456725511
50053873
940644413
96507421
23482358
779370659
614633990
1
802676821
198025561
176717014
174875262
444731863
672340633
431530228
482636632
873735929
174710635
16977106
912863145
780068949
639908523
798848612
93718562
185930935
467714031
93898630
470598575
444731863
405572486
479810800
465231836
340980453
313668215
278976413
991435600
700167415
39218592
587704170
962403917
912135238
358268488
726185148
690319247
729190925
865544553
436715057
178339009
895486726
248590766
698436690
995547968
928419854
764523640
529078661
162101766
821987704
885392673
568444889
823046072
680748079
690319247
401062440
952041196
3384
199785190
135329353
729190925
637653710
393658570
823046072
393451466
537433993
608423628
312499983
714797570
527030158
46598156
431530228
649329457
914002411
174710635
965243946
912135238
330936553
275205258
478420462
495780310
1037290
614380239
170864699
167026947
933891365
749018590
401062440
964982728
377867048
767723920
470598575
179597442
51066627
163410716
393658570
558978288
607196614
174710635
669989313
927052420
507634900
995547968
401062440
405572486
125575379
986345000
174710635
405572486
304697117
540791553
240879853
772214221
225799444
986345000
780068949
787638947
545525098
165105338
416976073
242026776
882679573
314413453
178339009
199785190
114676736
424614948
507236163
661815621
929788198
680441459
683538680
773118870
537433993
855411358
345422821
758275802
706153832
163410716
794289386
717552752
705234926
121413468
275205258
820144652
240879853
151667782
303361801
992780831
700167415
585240519
698436690
493854947
476460273
172901029
227255957
114617150
240879853
34220901
663349178
96507421
242026776
386265640
607196614
514245021
230604385
193275305
217697409
413433988
713620440
518044570
573375284
559651992
96507421
503337797
995570522
477546440
200016492
803039224
144577080
918455197
587220085
505115444
241709544
368400084
204434900
980877287
991400574
614633990
391011982
303361801
193275305
101077190
895486726
27810873
34705104
372339610
46598156
562986044
70843747
347090776
159853745
3384
46701852
150
412396169
508203015
318294545
894138188
769929921
269522820
862636349
304697117
903221914
773118870
291848212
820777211
103961583
439752238
71319892
46598156
377867048
794289386
365777724
648556615
365777724
689075782
885392673
621372446
413960064
24333935
342330165
713768775
527030158
66430650
113370599
824309164
58020252
401062440
239487316
23482358
66923545
217697409
995547968
677281996
83761743
767723920
912863145
199260963
39218592
444805188
415385114
156911545
109320
798848612
50053873
354740411
149544260
820144652
451927396
779898322
3761461
444805188
304697117
384951437
539831708
313668215
193275305
814883038
916298563
70179378
679855380
516383057
843410497
637653710
34220901
156911545
758275802
179597442
516383057
15228687
275205258
184151516
208917888
121413468
15228687
749018590
587220085
840517467
329313371
884158612
865494791
959681273
843410497
452035468
964982728
726185148
79184239
992780831
469337187
706153832
32373650
207908345
92758893
176717014
195828062
677281996
193275305
270710518
303361801
945309929
436715057
548056668
230604385
843410497
39442365
135635332
224026556
193798935
881775823
66923545
416976073
69349174
557820851
608423628
211960357
821987704
495780310
540791553
672340633
162101766
524632621
151667782
189276277
314409236
24333935
211960357
248590766
648816111
680441459
527871294
964982728
67633894
927052420
807973025
715382041
928419854
444232445
669989313
137067068
478420462
155114584
977485422
482020824
712288529
849859696
572031941
745810009
195828062
634247715
818265792
172901029
23482358
66923545
16977106
539831708
562986044
514245021
22179720
156911545
173879390
587704170
807500551
503444762
151667782
124887470
314274700
463535049
585240519
135329353
478420462
893441124
704852441
230604385
820144652
673161982
401056940
476531378
16977106
70843747
347090776
172901029
439752238
314116173
189276277
100441623
715382041
503337797
649329457
524632621
185930935
193798935
338911730
24333935
208917888
714797570
185501014
856765448
436715057
354658093
683538680
415385114
952041196
489334816
217697409
291848212
388061120
940644413
751109629
912208782
391011982
405572486
314409236
823046072
277203963
70843747
914002411
95673858
928419854
193992127
557820851
633404363
121413468
738200694
773118870
458432099
179597442
107816356
704827836
405572486
778557779
3761461
312084886
368400084
991400574
239487316
113370599
402737690
227255957
751109629
514811540
979992373
709235404
377867048
137158394
581264389
834429163
770935442
372339610
476531378
933891365
820144652
728091607
318294545
831512117
224026556
156911545
486167898
727424087
185501014
193992127
156911545
93898630
443607341
275127100
814883038
607196614
892483606
513434846
780068949
162452126
3761461
487814049
779342623
70843747
372339610
159853745
401056940
669989313
312499983
895486726
368400084
314116173
93718562
559651992
137158394
996001420
277203963
135635332
459756422
222148874
227465186
649032276
770935442
482636632
181847325
349603248
504703450
170864699
795285863
516383057
689075782
344383005
388061120
999661367
516383057
79184239
294780030
743928632
581264389
312499983
988302004
705234926
313668215
672340633
278976413
587704170
242026776
173879390
24333935
598374889
171929375
93718562
242026776
199260963
884750607
648816111
443607341
648816111
58020252
144577080
176717014
476460273
340980453
634247715
933866206
793477840
184151516
465231836
518044570
124887470
648816111
135329353
912135238
389927427
155114584
441390491
413960064
865494791
672340633
747363900
249479266
78646918
379135191
903221914
227255957
779370659
70490549
32111757
858238738
93718562
797801158
67633894
185209366
507236163
16043708
198025561
723257664
959681273
559651992
174875262
107816356
893441124
253043445
121413468
304697117
568444889
314409236
174710635
185930935
795285863
23482358
329313371
489304047
962714137
167344651
680748079
4826160
855411358
297721548
314274700
3998093
540791553
189276277
189874901
931045595
170864699
412533633
3761461
488102524
780068949
15228687
46701852
67633894
413433988
807500551
793477840
96507421
108563469
211960357
548444787
314413453
93718562
701834758
489334816
649329457
767205138
829563740
241709544
388061120
570618809
227465186
117643267
431530228
286323725
503337797
472750916
865544553
986345000
170864699
384951437
358268488
673161982
721617140
135635332
3384
155114584
482866441
831512117
482866441
341482505
916298563
730076821
798848612
66430650
514245021
548444787
704827836
372339610
249479266
379135191
59690328
412396169
654167456
745810009
467714031
39218592
281255127
498805845
58020252
704936703
193275305
745810009
131225688
372339610
277203963
82229777
314409236
131225688
884158612
184151516
680441459
979992373
297721548
996001420
172901029
820777211
131225688
704936703
649329457
918055945
732126508
183350824
183267690
488102524
176717014
342330165
589931035
439752238
402737690
314274700
729190925
470251328
780068949
831512117
464063534
198025561
757424467
364670984
959681273
93232780
475634304
402737690
330936553
498805845
623600860
648556615
185930935
823046072
67410822
764523640
885392673
814883038
83761743
340980453
368400084
138732000
151667782
51066627
980877287
277203963
16043708
290767032
42310282
402737690
471248360
476460273
677281996
176717014
967102009
489334816
345422821
477546440
102826131
174710635
227255957
230604385
572031941
278976413
347090776
413960064
32287383
597237561
479810800
988302004
103961583
769929921
95673858
137067068
798848612
470598575
834429163
843410497
706153832
493854947
413960064
222148874
470598575
70179378
513291573
903221914
598374889
713768775
137067068
174875262
189874901
843410497
32384110
412533633
614380239
486167898
249420944
637653710
549424140
249420944
967102009
482020824
802916844
849859696
70179378
144577080
779370659
945309929
743928632
130159798
477546440
991435600
150
174875262
469337187
991400574
507236163
297721548
179597442
193798935
912135238
23482358
795285863
548444787
401016825
625872249
207908345
412533633
482020824
977485422
9482779
585240519
416753665
649329457
195828062
498805845
967102009
516383057
198025561
100441623
993246911
16043708
986345000
514802540
513434846
898721940
362399368
549424140
514245021
95673858
751885764
393658570
700167415
137067068
305174163
27810873
487814049
598374889
716574648
207908345
162452126
914002411
416753665
507634900
67410822
386265640
614380239
389927427
3998093
658516737
1037290
368400084
868296475
933891365
614380239
613881118
478420462
39442365
928419854
208917888
672340633
273320985
918455197
186587623
568368152
10
365777724
730076821
823046072
505115444
721617140
178160982
716100284
240879853
798848612
347090776
873735929
305174163
108563469
32807482
173879390
227465186
981870925
401056940
715174419
479686226
802916844
729747455
981870925
472750916
3761461
637653710
797801158
807500551
15228687
313105949
995547968
103961583
802916844
818265792
713768775
542494422
15228687
730076821
607196614
598374889
585240519
963962664
986345000
269522820
342330165
865494791
269522820
230604385
482020824
117643267
644290275
637653710
173643577
39218592
884750607
102826131
32384110
508203015
686406158
661815621
102826131
217697409
270710518
562986044
162452126
981870925
273320985
495780310
248004927
647293000
717552752
996001420
514245021
303361801
469337187
340980453
451927396
470251328
721617140
542494422
663349178
498943403
539786661
626701595
701834758
405572486
686406158
95556376
527030158
630174927
729190925
470598575
738200694
412533633
316372179
882679573
150
794289386
928081222
165803742
167026947
365777724
482866441
249479266
402737690
840517467
444232445
398089477
312499983
768731168
527030158
706153832
294780030
4578874
312499983
416753665
198025561
587220085
131225688
3761461
444731863
130159798
369865985
630174927
32384110
230604385
630174927
477546440
813814640
249420944
893441124
981870925
589931035
428131251
914002411
476460273
963962664
529078661
15228687
227547313
479810800
797801158
388061120
189874901
263985353
46598156
318294545
918455197
465231836
58020252
495780310
679855380
728091607
820777211
170938401
156911545
820777211
714797570
649032276
855411358
130159798
549424140
173643577
899162623
365777724
898721940
413960064
397129535
706153832
979992373
977485422
926070927
555573743
802916844
344383005
705234926
740630647
193992127
240879853
431530228
479686226
963962664
486167898
755401290
82229777
154221862
92758893
903221914
493854947
193992127
723257664
913408437
34705104
391011982
16977106
494874175
290767032
1037290
539831708
788975441
96507421
730076821
503337797
884750607
992407830
807500551
524632621
93898630
397991399
770935442
459756422
802676821
477546440
171929375
529078661
818265792
573375284
991435600
470598575
251035745
798848612
787638947
114617150
172901029
46598156
174875262
130159798
372339610
66605158
79184239
170864699
770935442
654167456
663349178
208917888
240879853
294780030
861725585
464063534
3384
148516861
4826160
683538680
9482779
402737690
330936553
162452126
797801158
330936553
686406158
349120238
251297295
895486726
416976073
278976413
224026556
162101766
867677207
165803742
818265792
729190925
510531851
388061120
881775823
458432099
912863145
655015866
979992373
397991399
184151516
27810873
721617140
658516737
413433988
174710635
608423628
527030158
649032276
787638947
704936703
475634304
93232780
172901029
137158394
704852441
981870925
602121847
827874435
779342623
840517467
494874175
529078661
167026947
806442151
614380239
174710635
979141640
873735929
457230381
459756422
68899906
677281996
589931035
797801158
981870925
369865985
444805188
999661367
286323725
933891365
90952525
711265915
802916844
3998093
980877287
679855380
393451466
335362996
439831434
