721617140
129151366
952041196
362603295
386265640
467714031
96177646
294780030
973964215
185501014
829563740
222382956
977485422
373034346
828032483
163410716
834639507
764523640
940644413
596813636
121413468
906746199
240879853
652834033
316232304
536651963
273320985
751109629
648816111
938356438
326901762
226656914
115855573
479810800
860566469
769929921
696718048
557820851
114617150
118599546
355698228
314274700
373635
526638509
324420238
589055224
317647374
103961583
902641795
854887779
149544260
401016825
482636632
493854947
103961583
646350297
884158612
728091607
992780831
137158394
969631979
596813636
930031474
47445120
96122702
342330165
162101766
614380239
790437894
828593368
823046072
823916509
648026200
412533633
787638947
415385114
458432099
482866441
292919719
337992418
316372179
95673858
174220986
187874434
443720092
284834329
487814049
92363518
440105835
404462807
770935442
843410497
269522820
443607341
479810800
701676406
99552852
1
3028199
873735929
48253719
845755246
401543725
819076040
296511566
1
516383057
329548130
900543146
867647749
913408437
824904807
257713813
55309837
103961583
369865985
3998093
312499983
207908345
401016825
10
981870925
225799444
653885920
119421906
673161982
524632621
987184122
767643697
980877287
208917888
982389099
614633990
162101766
276480221
4578874
852956216
330614100
227255957
435835938
704852441
781159605
42310282
448224737
884927839
764523640
335362996
645045466
472750916
687604583
67633894
825032331
671581306
767801481
846822708
248004927
283257762
581264389
929551498
872069195
185501014
721617140
294780030
912135238
521077083
275507421
608423628
988302004
637653710
873735929
470598575
820777211
314274700
843410497
270710518
514811540
32111757
903221914
388061120
439752238
444805188
716574648
751885764
274339311
275205258
804207621
810711611
270710518
890461337
98231720
373635
345422821
652589473
802916844
462995935
747363900
556007948
692980904
409799455
59408281
165803742
711265915
658516737
751109629
700618089
931957798
444805188
328629767
177112814
506558286
227465186
498805845
22505110
70843747
981870925
952041196
711265915
341482505
524250078
117643267
208917888
928419854
658516737
960038869
253577505
457230381
266094369
740630647
347465947
978958855
751109629
92758893
189167887
669989313
121413468
524632621
728091607
503079204
739498009
443607341
797448967
131225688
934459436
225799444
297623736
298620610
963171748
620188552
470598575
967102009
479810800
281255127
16977106
664587617
444805188
524632621
3384
132688262
78150804
686406158
693592316
527030158
593734934
977485422
109320
737238945
952041196
314274700
344381615
178339009
323157742
748888364
6208740
89285470
802676821
655637319
756946346
760612873
967102009
457995675
39544526
649329457
178339009
548056668
185501014
487814049
373635
711265915
591239424
444805188
405572486
364670984
748160140
185501014
887185668
309914368
821146068
992407830
999343653
751885764
109320
912208782
294780030
291848212
673161982
740630647
673021898
635097977
418799041
195828062
801571997
200823900
239712894
252809687
843410497
486167898
477546440
871120917
216894573
686406158
193992127
547544546
498726170
972706080
478420462
298620610
999881315
83761743
380861522
802676821
291259167
782018816
613736053
770935442
536460712
440516124
249537004
291843234
354973295
131225688
162101766
529465015
492418376
993880678
562986044
912135238
721617140
154221862
865494791
495780310
934255739
663349178
84455727
658884113
227465186
557102150
107816356
137067068
495780310
10192218
505385569
498805845
103961583
806442151
746937336
107816356
403597465
862636349
584543243
568368152
769929921
228852512
626701595
988113471
337844387
16766757
98132807
114617150
173546123
505115444
302386618
624115968
91162621
458432099
489334816
983780318
524632621
654167456
566382132
704852441
499940056
688661701
340490091
137158394
885392673
940083870
340980453
721369433
96177646
3384
384972368
824309164
248004927
162101766
766674791
555864284
290767032
529956679
335362996
452649655
807973025
393500117
168210228
39430239
434274470
595203793
82229777
45771334
874717027
849859696
499685990
573375284
340980453
96507421
952041196
436715057
745810009
359730616
952041196
155114584
224648176
165803742
539831708
963962664
362603295
314413453
467344307
928419854
310015562
602121847
150
369865985
682288348
95673858
825580040
362399368
274617162
156285460
140802647
193275305
349603248
726185148
373653154
626215687
974849970
652186080
108563469
977485422
22762197
743928632
586517094
637653710
585240519
970769588
376635289
895208356
681574245
389927427
179597442
883868667
372972027
448224737
372339610
171479341
780068949
770935442
371646486
185453544
679855380
326901762
278976413
280128240
27583496
273414658
743928632
154221862
96177646
995547968
807973025
988302004
659548627
734565389
751109629
545525098
102503366
956939502
505115444
820777211
784225957
827874435
131225688
717552752
498805845
906038244
32373650
960242439
130159798
700167415
466325344
23482358
763224650
486461956
443607341
3384
608780625
113370599
290767032
683538680
786542731
658516737
314413453
498943403
619444944
670162580
198025561
918055945
603999730
884158612
747085334
614633990
898721940
489738079
510415878
494874175
556007948
189874901
325761776
29315075
16977106
802676821
502279747
963962664
412533633
918542010
884158612
193992127
457230381
326901762
473603735
275205258
355838730
185330458
728091607
369593327
3701559
361329324
235710260
195828062
178339009
539047064
388061120
974531086
865494791
899767181
545525098
540791553
729815044
702984439
777161433
795285863
840517467
849859696
995547968
193275305
793109528
100441623
297721548
499872598
691833042
912863145
662125010
598374889
878867917
573375284
117643267
181847325
227547313
79392731
655015866
988265960
78646918
205118211
787638947
38085322
211131213
980391589
96417596
614633990
208917888
193923482
313559970
903221914
113370599
251297295
494874175
227382860
980877287
843410497
331636007
725332341
772366078
366822064
999326391
716100284
275507421
690319247
614633990
129151366
53964560
717552752
669806450
995547968
38152110
340980453
345422821
401762268
818452270
773118870
347090776
438006517
602121847
952041196
207908345
514245021
486167898
227382860
280128240
213820828
674782685
308126823
656859317
324367954
424614948
34850360
287252946
612322100
991400574
109320
365777724
498805845
931570959
464495517
137158394
171817346
991608098
717552752
928695176
347090776
886204912
245809015
402737690
788975441
52683105
137067068
614380239
505115444
614635841
527989484
291848212
812451632
786329806
716100284
640568356
862636349
686406158
897850659
894412665
340980453
3998093
398089477
546219615
548056668
304287564
545375251
965243946
649032276
607196614
975435338
10
172901029
136566829
494874175
397991399
543701944
137158394
58462491
471870111
472750916
824309164
357355170
114617150
705234926
342330165
294780030
100441623
248865030
619937514
339489906
524632621
254537473
498805845
717552752
444232445
964384638
717552752
198025561
381973299
274442305
865494791
992780831
977485422
71453102
131225688
498943403
760281791
773118870
705889351
865494791
281255127
743747246
90811831
23482358
342330165
813927350
450262701
259012369
137067068
802676821
10
992611648
278437465
630174927
967102009
800862550
472750916
502543131
507634900
502484215
107816356
806442151
354740411
885392673
369865985
129720502
129720502
724782380
275127100
974886856
319626215
845329186
249479266
773118870
207908345
482636632
150
4826160
193992127
760338987
716100284
193275305
255983656
779370659
747363900
159853745
415385114
10
751109629
241720815
275205258
458432099
471422929
95546905
661746562
906559141
67633894
662520626
495780310
92363518
357412610
864766845
48899003
303694220
199260963
263455451
379135191
354740411
429796227
912135238
749018590
934073472
159853745
679855380
873735929
78646918
309914368
992407830
224097396
503444762
860274641
170864699
534806837
335362996
444915394
977485422
458432099
630174927
879775054
733270932
195828062
4826160
867677207
93718562
439752238
967102009
557820851
457283327
899932885
251297295
193275305
780068949
953475252
761254192
468393481
880937445
903221914
151667782
647731969
827874435
986345000
349603248
514245021
673161982
412620541
159853745
728091607
740630647
768426741
607062724
1037290
297721548
658516737
121413468
339181006
137158394
911040016
903221914
335362996
341482505
596813636
608423628
129720502
903221914
482020824
479810800
487814049
704025436
988302004
466291822
516383057
507236163
227465186
284836826
227255957
389927427
187826085
630174927
805595796
132107130
637653710
834534102
803039224
69349174
148516861
121413468
1
16977106
884158612
208917888
986202057
269522820
981870925
176717014
952041196
717552752
745810009
92363518
507634900
92758893
95673858
186587623
874575191
150
354023281
379135191
494874175
694088550
354740411
496084127
460875552
439752238
840517467
96177646
4578874
614380239
743928632
435621803
649032276
303911806
804435407
507634900
662009812
451927396
829563740
899634827
329313371
308004011
903389092
250323678
448697023
315826476
92758893
463841287
755835042
93232780
486167898
933866206
172901029
507634900
965838578
903221914
93232780
340980453
113637093
833815760
873735929
298819441
454367140
23482358
478420462
96507421
52400772
107816356
838055031
340980453
568368152
687623482
802916844
49175605
742961112
751109629
144577080
376981238
754846749
324367954
290767032
672340633
689075782
70843747
918055945
325701624
941767396
95673858
807973025
780068949
174875262
43473376
28548138
2852716
460557923
603947909
623414193
891399165
751109629
781532396
640872225
802721949
261612910
254231719
504553092
977485422
938037817
704852441
568368152
386081733
83761743
275127100
89886763
527030158
802077426
875888493
308378807
480937798
481103582
165803742
600034971
760732924
556707125
195828062
372339610
416976073
602121847
444805188
305174163
539288232
621372446
137158394
911659007
23482358
398089477
789551878
114617150
883587142
799180735
866328536
389927427
440485312
444232445
951217498
328644730
275127100
983780318
807973025
168210228
710790603
868296475
207600246
273320985
163253383
262619737
691944449
96177646
386265640
349921940
527030158
193992127
762257273
313003348
994454749
470598575
203952496
340980453
743928632
193992127
10
658516737
802916844
862636349
243097990
777703950
494874175
514311081
375415318
314413453
637653710
472750916
842176960
332533068
82510937
34850360
196566963
316372179
96177646
810976297
249479266
784323715
995547968
3998093
51066627
114552852
929251968
89873884
749018590
331801493
986345000
208917888
129720502
16977106
10
373728102
573375284
831512117
134839474
545525098
434403026
165803742
769468635
41977960
802676821
329313371
451927396
159853745
456780531
444232445
379135191
721925985
275205258
539831708
27889317
531524363
144577080
109320
398089477
27810873
379135191
766884006
109320
129720502
629737594
186587623
151667782
149494970
477546440
807973025
822404551
865544553
735936773
411796612
69349174
211852092
168210228
129720502
335362996
213942436
716100284
342397896
575690413
178866085
584011754
170864699
912135238
545525098
42310282
188409618
493854947
93898630
326901762
193275305
208917888
757561812
862636349
340980453
630174927
326901762
918055945
444805188
172901029
679855380
424614948
42310282
225799444
689075782
873735929
768596000
356550776
83826702
412533633
916385279
990263795
388061120
969844061
3384
465948990
738200694
991400574
741456352
556007948
408944855
605059004
443508593
237322709
32373650
467714031
436715057
635718591
148516861
658516737
988835513
248004927
93232780
479810800
392832864
716574648
248590766
121413468
612085535
963962664
152436189
992780831
884750607
342330165
457230381
598374889
151124649
661815621
168210228
507236163
772214221
387107913
273320985
686406158
269522820
940644413
966133327
437209790
199260963
198025561
560145538
690319247
305374676
534843091
381770127
808796654
895359667
135066005
39218592
142888087
779370659
698436690
249479266
1
679855380
714797570
885392673
442808573
979992373
149544260
219612110
204434900
481060819
248004927
689775799
991435600
141374900
680748079
347090776
787773992
498805845
398089477
807973025
61080623
987852714
335362996
280432678
648556615
367908131
297721548
804338847
479810800
581224170
764523640
172901029
780534491
404462807
618229958
184151516
172901029
97518977
3384
92595635
203307982
821987704
477546440
144577080
928618964
468542885
514245021
311917423
912135238
527030158
679855380
124887470
626701595
150074403
799025205
683538680
530884598
82501726
991400574
728091607
670108475
726022687
827874435
444894504
493917312
65115556
141797202
855225269
418489438
32373650
963962664
737394558
159853745
679855380
539831708
729433516
873735929
415385114
747363900
92758893
971937488
679855380
248004927
655015866
751657927
721617140
188399265
349120238
161171590
600897679
132250782
705234926
312088998
829563740
667919904
386265640
482866441
103130581
770935442
315657818
67659447
500608988
49057536
117643267
163410716
751885764
305174163
446457750
799126407
559263668
803039224
43030968
198025561
354740411
655015866
429177507
933866206
581438534
689075782
928419854
479810800
477546440
764523640
56132017
862636349
634247715
639889416
813831836
402737690
69349174
764523640
655015866
482866441
397991399
486167898
356689923
201718214
493854947
275507421
4578874
655883621
834653717
873735929
248590766
176717014
69349174
379135191
513682846
345794732
150
584114626
179765932
341482505
621372446
134617950
349603248
524632621
377385303
738200694
96177646
379135191
898721940
137067068
357165280
759425657
92363518
239487316
167026947
953318539
747363900
347090776
479746560
132272967
393927687
550731445
200016492
291848212
280128240
10
248004927
548444787
1
555414140
155520866
482020824
95673858
507236163
527030158
349603248
193275305
340980453
222575706
185930935
722245496
439752238
505620848
709161994
470605706
324367954
375410929
591773286
963962664
359099766
689075782
983780318
275205258
275205258
304697117
314409236
389927427
324967394
67633894
683538680
470598575
659361069
686406158
793135210
401982237
540791553
492074236
67086855
117643267
648429477
144577080
505115444
617955847
505115444
489334816
316372179
3384
276983063
513541683
364670984
83761743
524180187
840165639
746572092
198025561
482020824
751109629
665202848
968985099
573375284
113370599
209871863
33062012
94882153
335362996
23482358
404462807
716821568
823830238
95673858
712391737
945309929
121222058
478420462
834429163
595090685
679481177
568368152
645707468
751109629
426548868
275507421
58020252
384951437
184151516
291848212
273320985
552667286
457230381
13225503
66302658
486167898
32287383
950268014
291848212
91753144
432101917
184151516
493854947
107816356
602121847
281255127
813347068
269522820
92363518
275330006
228918008
649329457
859170284
507634900
903221914
988265960
45272750
384951437
185930935
398083905
643456173
787638947
803039224
681366999
986345000
802676821
95673858
161304598
364670984
704936703
648816111
566325150
248590766
242026776
486167898
823987587
524632621
389927427
167026947
823046072
379135191
598374889
898721940
51515628
952041196
150
389940406
933891365
630174927
933891365
162101766
83761743
185501014
802916844
280128240
114617150
843410497
806567057
467580215
764523640
127540769
424497397
926528288
195828062
945668358
199785190
756404390
560730824
652929898
503444762
669989313
716444127
329313371
287585284
338911730
943951101
78646918
383187850
840517467
248004927
482020824
96507421
433712305
728091607
988302004
467714031
823046072
372339610
952626100
850438445
721617140
820777211
316372179
349120238
168899745
717552752
985881191
716806813
864172611
859394623
162101766
351187319
516383057
336235602
275205258
918055945
743557626
415385114
673161982
857879102
881775823
448224737
796706016
912208782
239487316
617026598
427738217
614380239
436715057
249420944
248590766
383048261
901154020
568368152
482020824
178339009
444232445
829529590
3384
326901762
557337497
870711672
345422821
855373329
4578874
556127164
438300182
373635
373635
297721548
933891365
540465617
273320985
602121847
679855380
705234926
341482505
441290445
687783055
28119746
347135138
514997584
820777211
251297295
992780831
150
992407830
249479266
956262448
680769729
33733416
170864699
178339009
275205258
326901762
524632621
782811443
721954782
780068949
103961583
412533633
345422821
67086855
653355230
334762981
731144728
163410716
739727358
397991399
278976413
171780440
700167415
46598156
347303922
614633990
658516737
457296318
364670984
150
81260715
125333565
436715057
717552752
919965156
602833955
221652170
207908345
405572486
249479266
487814049
326901762
718744106
24503500
821987704
108563469
32384110
135763543
988302004
386265640
598633712
717552752
184151516
557820851
690319247
216794243
933866206
272461519
70490549
133618053
70843747
797523734
362603295
103961583
314274700
321630573
633619105
944340552
348274578
614633990
110468114
185399013
983996949
67086855
882551693
342330165
982696856
952004391
800599071
679855380
129151366
23482358
259239204
679855380
273320985
988265960
740630647
178339009
928419854
60387716
890689342
738779499
67633894
193992127
362603295
983780318
208917888
482866441
655015866
201051574
166798291
424684833
802676821
261178988
507236163
267353097
637597557
170864699
379135191
398089477
174875262
69349174
436715057
862636349
634531823
728091607
498805845
373635
137067068
32384110
276345631
806442151
661815621
827874435
189874901
381131290
727006678
970042066
1037290
511748523
165803742
467714031
728091607
32384110
746937336
764523640
493854947
589031697
365777724
314413453
75321147
788975441
751109629
314274700
195828062
896563906
556828185
273254752
249479266
607196614
903221914
424614948
557820851
486790232
983780318
726259277
865494791
242026776
516383057
402737690
716469999
397991399
129151366
354740411
902160022
270710518
979106395
356929638
369865985
683538680
208917888
673161982
264147994
267949093
23482358
721947810
753868275
303373042
342330165
100760611
999813815
637146269
330013402
704852441
200016492
29453769
381372685
198372819
988265960
933866206
178339009
297109092
23482358
262654200
381677238
890736302
977485422
151667782
478420462
287582614
186179147
397991399
649032276
620643300
47895598
461193286
672576716
791481285
144453981
66406285
779370659
82229777
514063003
781015968
251297295
239487316
505115444
83087096
259452266
867677207
581029416
436321241
704727231
522441156
903221914
4578874
149544260
659189970
931171122
714278697
159163220
168407692
372339610
239487316
227547313
309914368
933891365
939130098
818265792
805506275
154221862
602121847
208917888
84613806
214380153
522117410
301961300
716100284
384951437
663349178
503416577
802676821
878059361
304697117
653151109
78646918
913408437
829586738
534610213
435253616
777161433
940644413
474089892
565165342
991435600
445050256
482636632
444805188
395906606
181847325
596813636
494874175
67633894
459756422
32373650
142620393
42310282
8318715
607196614
840517467
335362996
594099140
843410497
312499983
174875262
442220191
704936703
416283027
19330366
802907872
249479266
416976073
280372290
502626153
840517467
244636035
983780318
386265640
706153832
100441623
189874901
663430406
72761335
840517467
238679934
495780310
120864537
986345000
690319247
865544553
787638947
251297295
349645091
773239524
248004927
818265792
124887470
66629258
304697117
721617140
505115444
280765537
446748651
119034466
899157125
404462807
354740411
843410497
698436690
970348225
3553215
95673858
389927427
509443370
155114584
663349178
124887470
990547065
264676000
275205258
336881781
97928654
873735929
27810873
96216230
297721548
912208782
412533633
280128240
482105153
482544673
92758893
964221493
324367954
314274700
524632621
952205313
999714426
711265915
39218592
4578874
329313371
269522820
560067140
525577148
362399368
10
316372179
444232445
851464365
779303712
70017257
752127697
824309164
290767032
156285460
503242269
991400574
602121847
829563740
716100284
314413453
389927427
988302004
415385114
96177646
345422821
991435600
415385114
751109629
290767032
250451931
82229777
329865373
58668349
680748079
524632621
746937336
704852441
956405029
150
462497838
96507421
333934635
602121847
672340633
626701595
918055945
150
756500736
860679365
686406158
992603083
32287383
314274700
40470017
748376631
546027610
113370599
678027331
479810800
287842981
1339839
335362996
10
144577080
161507068
489334816
165376334
862636349
680441459
545525098
637653710
990382053
607196614
747499839
825749317
451927396
353922086
940644413
389927427
824309164
627030122
885392673
207908345
93898630
444805188
227465186
290767032
3384
92363518
248004927
912208782
340980453
32287383
444232445
159853745
988385149
540791553
582011460
70490549
589250383
477546440
109320
137067068
365777724
746937336
673161982
794289386
720707775
784085230
240879853
124887470
525871139
16830458
35369513
46605913
167026947
4578874
149544260
402509576
76775798
661815621
198025561
524632621
472750916
46598156
301305000
981870925
496691810
227465186
6649424
167026947
235717417
257505278
933866206
36596860
667068350
150
178339009
137158394
109320
476604689
440808646
829563740
829826147
478420462
614633990
342330165
58020252
581264389
666358315
633482806
193275305
470448760
913408437
940644413
494874175
401016825
273320985
246939382
397991399
933891365
78646918
466491820
401016825
26903842
348581442
700167415
941388127
489334816
916665154
67086855
743928632
159853745
644543014
979002864
198025561
972182793
933866206
304468665
666702217
92758893
309914368
412533633
314413453
740630647
100441623
498805845
347090776
294244079
369865985
66605158
117643267
539831708
132137601
249945120
27810873
743585147
304697117
25846688
227382860
309914368
700167415
362603295
482636632
820777211
608423628
227465186
430649716
871216751
806442151
995547968
843722809
401016825
48178399
549546043
251297295
294780030
988265960
248004927
746937336
573375284
4578874
316372179
884970637
248590766
661815621
788975441
46598156
98374615
726755757
294780030
591108089
415385114
335362996
539001175
472750916
461555579
183547934
329699726
637653710
239487316
193992127
156285460
10724296
540729206
598374889
596813636
404108290
70843747
459756422
859355251
505115444
773485779
397129535
61220436
683538680
121413468
58020252
539831708
93898630
890069058
964982728
661713250
174875262
661815621
96177646
569277313
124887470
995547968
227547313
357341944
881775823
304898401
661815621
428038168
397129535
34220901
109320
474007641
812563410
209883886
918055945
113370599
155114584
779370659
365777724
898721940
906170270
433967078
208917888
714797570
379135191
364670984
443607341
493854947
608423628
903221914
679855380
988302004
341482505
78091585
374310046
280128240
805064813
170688934
482866441
881775823
193992127
952041196
378699047
95673858
714939503
903221914
66605158
294780030
649329457
329313371
873735929
840517467
1
298620610
680453363
881775823
717552752
795878744
175234083
932627125
275507421
983780318
720746029
820777211
879995286
796912666
248004927
507236163
770935442
807973025
402737690
616994852
679855380
227382860
365777724
405572486
988265960
1
477546440
364670984
137067068
711265915
745810009
222261093
95673858
151339157
201055215
273320985
548056668
67086855
929427358
196817633
190130872
92758893
395113327
800110676
204434900
637653710
363750460
343228896
81232277
764523640
386915890
524632621
608423628
556007948
566306424
335362996
814239843
243795624
634247715
168210228
568368152
831512117
477546440
130159798
32384110
176717014
941726434
992407830
96507421
487814049
74417987
340980453
436243576
746937336
186587623
740630647
383310018
69349174
151667782
333102072
32384110
849859696
772936987
32373650
726185148
258062064
975719519
723587244
808528362
810558499
458433279
150
716574648
208917888
689075782
67633894
227465186
794289386
86838904
723532322
477546440
17235765
979992373
795285863
189874901
25322078
764523640
437688673
777161433
92758893
874211914
608423628
878452469
943168155
364495215
469054301
253852791
994858163
731231844
130159798
227547313
444232445
176862178
10
352127487
764523640
318294545
718231562
176717014
340980453
885392673
329313371
397991399
957942997
495780310
584487605
621016986
843410497
168210228
584484585
208917888
602121847
91406935
27810873
338911730
617766984
478420462
922612615
912208782
663349178
329313371
193275305
345422821
162101766
436069413
207908345
12495922
717552752
365777724
159155414
661815621
988302004
634247715
16977106
806783047
658516737
27462845
32384110
349603248
686406158
482866441
516383057
109320
397991399
165803742
663349178
477546440
482020824
700167415
137158394
507634900
614633990
704852441
278976413
807973025
388061120
827874435
630174927
92363518
756984419
235951271
602807408
898721940
108563469
462011992
857974365
749769076
545199247
717552752
728091607
69349174
198484108
46598156
179597442
96507421
439752238
873735929
679855380
639362559
409020522
384951437
545525098
482020824
275205258
423642511
487814049
32111757
689041006
70843747
278976413
354740411
763659175
148676852
535616302
964982728
819509621
698340201
529598470
379135191
849859696
947696005
657117507
341482505
372339610
740630647
562986044
795285863
840517467
472750916
72263044
596813636
683538680
507634900
915233622
115088006
316372179
539831708
924750827
110468114
985095851
556007948
100987576
743928632
511987551
794229296
894413003
482636632
269522820
32373650
379885814
296924243
444543424
113370599
107816356
659280913
314413453
185501014
598374889
728091607
210112037
32287383
556007948
640627256
179597442
788975441
278808542
975274503
404462807
983723561
16269481
365777724
674151630
137067068
493854947
148516861
189874901
167026947
167026947
476461913
174875262
346968504
349603248
740758452
803139966
384951437
305174163
433037327
751885764
92758893
764032200
472252011
415934117
23616943
114766349
899422640
198025561
832087053
388061120
963962664
988265960
329313371
711265915
539831708
183422261
283457108
704827836
848768055
531463202
459756422
324367954
985198617
889999307
294198855
124887470
275205258
269522820
731480595
746937336
812934900
977485422
150196647
991400574
981870925
585496453
604629560
129304591
912135238
149544260
305174163
898474628
705234926
626701595
754101521
121413468
770110098
700167415
535518606
739817195
252909273
439802675
275507421
830665938
769929921
920089357
472750916
489334591
806442151
294780030
431292050
977485422
275205258
470251328
807973025
494874175
145490555
84484143
21815789
109320
743928632
865544553
673329820
988265960
656146555
280052385
358524263
58020252
415874063
364670984
669989313
183981956
311845310
150
405572486
93232780
4578874
919965156
275205258
979992373
92758893
83761743
211537224
739040472
610095803
249825436
188211940
924450967
374249304
309914368
225799444
156285460
945081956
123676217
137067068
539831708
95673858
648816111
962209984
342330165
928419854
743928632
46598156
199785190
516972790
193275305
379135191
491889955
82229777
988016701
903221914
683538680
581264389
658516737
239487316
548033258
302660325
320467778
861130699
626701595
686406158
631411679
914182151
514811540
290537573
114343525
245437257
828118063
207908345
149544260
195828062
354740411
178339009
487814049
83761743
767002482
686406158
485287310
967102009
208917888
156285460
540791553
672340633
810300486
807973025
103961583
229128832
344128673
96648888
665486237
4578874
858571472
159853745
255923578
439387298
843410497
152756789
248590766
800655799
992780831
100441623
423426699
745810009
598374889
492051592
278976413
583226091
275127100
109320
711265915
851129370
884750607
467714031
275205258
80338469
304697117
828883711
32287383
960009422
608423628
988576731
106949649
532128906
400906210
994734021
874673885
995547968
185930935
556007948
991400574
316840701
945309929
312499983
843974522
1
809627469
227255957
782089692
46598156
871213226
495780310
373635
885392673
967102009
658516737
865957736
275507421
369865985
120015945
211960357
42310282
932750739
341482505
249479266
249479266
912135238
596813636
575408604
250275700
865494791
981870925
451927396
794289386
324367954
633924185
963962664
46701852
615100013
725604881
939949452
155114584
397129535
156285460
240879853
107816356
314274700
527030158
170531411
163410716
347090776
80856448
67086855
388061120
505115444
417201531
269522820
454206619
988302004
104581429
94900067
189868500
240879853
645743477
608416570
150
747363900
295919257
83761743
144577080
528931044
93718562
114617150
940644413
939612628
411331489
693428418
835068120
980877287
980877287
278976413
746937336
95673858
195828062
432518232
162101766
690319247
977485422
154221862
208917888
581264389
298620610
248004927
499528612
714797570
60673981
345422821
444805188
619761097
178339009
778557779
767120677
117643267
198025561
611490834
174875262
717552752
626479447
867912678
109320
388061120
498805845
846243665
195828062
71671811
806442151
608423628
214683641
66605158
178339009
362603295
203436394
172901029
918055945
864071162
521019687
834628186
443607341
100441623
254514779
272810986
77498163
379135191
251297295
23482358
702369645
248590766
179597442
154221862
933891365
8578587
163410716
362284672
535870628
907560233
780318060
897691204
131225688
686827574
507236163
746937336
4826160
84685770
149544260
498805845
270440396
654167456
477546440
298620610
983780318
124887470
760204917
184151516
992780831
649329457
769929921
714797570
275205258
373635
471723563
366994876
416976073
580864807
717552752
289304588
157291790
114617150
248590766
148675442
933891365
157436533
834429163
67086855
941135390
185501014
232845405
996568667
148516861
1
602121847
3384
913408437
364782643
163410716
248004927
809568512
314413453
353980143
544860017
379135191
686406158
755706779
172788336
909502842
227382860
821954197
983780318
347090776
802420025
912135238
936588026
487814049
32287383
165105338
487071618
150
406670340
48525695
297721548
898721940
163410716
227255957
795285863
463159268
953054534
193275305
806442151
76623661
69349174
10
457230381
482020824
630174927
716100284
980393822
6188571
569383194
233370320
200016492
34220901
271370769
992780831
527030158
162101766
156285460
840517467
992457805
839418285
489334816
803631162
482636632
55688980
903221914
853676820
3384
162101766
149619386
948321345
312084886
787638947
514802540
874766649
964982728
87919506
843568251
956426946
176717014
634247715
448224737
131225688
556007948
388823963
769929921
505115444
207908345
743928632
304697117
275127100
751885764
1037290
502272397
680748079
602364886
347090776
507634900
478420462
451927396
980877287
791601522
648556615
548444787
345422821
849859696
986565679
67633894
217463475
745810009
362204878
979992373
365777724
436715057
310599546
314274700
186587623
326901762
415385114
849845962
829563740
249420944
562691156
885392673
82229777
294278428
843410497
124887470
829563740
803389027
955042884
151667782
711265915
418308319
764523640
933866206
96177646
174370170
1037290
304916790
82229777
227255957
821281027
395858189
3384
524632621
843969275
539831708
548056668
666181091
749018590
802424574
297721548
903221914
129151366
655015866
444232445
548056668
540791553
539678824
84293140
898721940
400844352
168210228
524293294
113370599
506230735
273320985
386265640
338386423
717552752
865494791
148947663
375760537
349603248
27810873
329313371
629583897
269522820
429579098
389927427
568368152
117643267
397991399
213787474
284092709
885392673
849859696
663349178
983780318
716100284
779370659
174875262
364670984
205675460
548337557
806442151
96177646
252224604
648816111
493854947
614380239
212782198
903221914
24617187
470483848
495780310
93898630
362685210
634629613
716100284
93232780
655015866
70843747
397991399
200016492
690461166
973361629
25322078
444805188
929904400
714797570
226945019
186587623
651499075
129151366
342330165
154221862
764523640
205066789
492968864
129151366
333444870
193275305
199785190
740630647
912135238
573153038
529885457
73078635
527030158
362184990
484654401
43479226
962298448
976660530
204434900
824309164
498805845
402737690
324367954
994138026
879073777
242026776
335362996
309032018
16977106
389927427
3384
679855380
697652051
92363518
4578874
343446188
477546440
23482358
912208782
415385114
439752238
485733040
459756422
689442031
239018109
139082215
189874901
280128240
96312580
834170672
110468114
784329415
503444762
568368152
569733569
113370599
32287383
482636632
476339080
653217875
607258735
46598156
149544260
46598156
458432099
69349174
110468114
47297435
517464847
824309164
740630647
199260963
304697117
684735148
661815621
130159798
640336160
407951193
324367954
964982728
928419854
558990127
312499983
160461910
934441381
733543409
850462807
93232780
818265792
100441623
772214221
945309929
608423628
924879271
608423628
436715057
1
32373650
671308333
963962664
971260894
722798421
581264389
456838868
402737690
746937336
404087612
493854947
716100284
716100284
535186086
451927396
351310383
37146088
58522760
514512238
669790621
251297295
32373650
314413453
178344686
32287383
314409236
144321030
235960155
573375284
933891365
26544073
195828062
185501014
903221914
903221914
539831708
903221914
364670984
614380239
700902891
470598575
299333275
4578874
770653990
910259872
278875236
195793461
520580203
159853745
190535551
184282856
700167415
340124437
246940680
742311336
260513512
626701595
753145840
862169116
285477554
315239553
370965220
522033621
639814765
819380452
291848212
992407830
778612711
610569597
174875262
912863145
32373650
314274700
545525098
482636632
150647729
364670984
3384
689075782
751885764
618751687
329264667
230218123
539831708
482020824
711265915
100577394
512406527
864163263
803039224
493854947
32287383
349603248
248590766
614380239
963080017
93898630
124887470
770935442
686406158
527030158
86892556
482636632
442885665
539831708
967836612
922656355
903221914
493854947
912208782
37158790
4826160
626558501
227547313
68316612
444805188
959494320
137769412
314413453
477876431
10
416976073
599440805
597291452
112825766
204434900
10
320680310
366974956
772214221
505115444
738200694
551442652
527030158
44022820
943419028
867186410
885392673
448224737
314274700
129720502
54025378
23482358
397129535
568798883
227255957
649032276
865494791
838531120
335668522
113370599
662044601
602121847
968980537
716100284
156285460
903221914
436126202
673161982
493854947
507634900
444805188
846722213
847018208
846888067
444805188
818265792
27810873
108563469
607044107
614633990
919965156
514811540
248590766
614633990
545525098
746937336
208917888
772214221
705801770
979578572
494874175
821295268
342330165
482866441
677199183
27810873
479810800
614633990
32287383
814855949
479810800
686406158
100441623
606573918
52763687
10
96177646
362603295
457230381
599644211
282055202
208874803
873735929
830724773
176230155
131667256
174875262
46598156
916992816
298620610
848745243
495780310
842512698
100903823
180655858
100750617
46598156
503291910
444805188
503337797
991435600
117457054
690572963
23482358
787638947
16977106
988302004
634247715
933891365
349603248
855557722
556007948
473441828
244886080
516383057
491128468
529308103
608515887
313020420
86248370
117228245
809402444
372339610
928419854
981400086
34850360
724131293
387120643
251647276
556007948
248590766
379135191
388061120
867677207
222435590
453568471
683538680
884750607
71140933
863222247
4826160
873735929
498805845
436715057
704936703
58020252
174875262
187212195
546963501
316372179
113621843
335362996
345422821
1
297721548
857605683
32287383
401590186
728091607
724866518
706153832
185501014
568368152
867404185
424614948
150
278976413
23482358
711265915
807876655
930195301
249479266
58020252
705234926
827874435
45943679
424614948
644087598
185609141
835279923
686406158
312084886
263403449
290767032
524632621
614633990
309914368
96177646
884158612
100441623
207908345
333651565
62294340
362399368
835116838
865544553
727493022
338911730
988302004
884750607
379701652
607196614
626701595
179597442
58020252
686848763
581264389
643174674
809117067
427303322
411766860
881775823
379334176
159853745
885392673
436715057
372339610
116369271
802916844
129720502
607196614
669989313
113370599
205308587
885836181
1037290
745810009
740630647
971256341
156285460
15497147
505115444
919965156
207605459
661268866
70843747
747363900
404462807
602121847
654167456
402737690
369865985
101891759
297721548
26516797
96177646
1
63951079
992824504
280128240
791494751
919965156
349552816
92758893
857303090
368759494
172901029
997702467
373419318
524632621
963962664
4826160
326901762
389003648
367529921
314413453
186587623
472750916
637653710
717552752
614633990
324505130
280128240
505115444
178625845
467714031
186894637
747363900
174875262
529159805
83761743
691637693
39218592
192316483
329313371
560085563
985814782
482636632
310695506
108563469
926425289
557820851
933891365
661815621
179597442
539831708
180285107
983780318
972499235
186587623
413668015
82154491
575680751
859742344
18442654
788975441
915270986
548056668
498943403
655015866
65032436
261734821
482636632
641244928
377859004
486167898
401016825
903221914
47795062
803039224
721617140
340026781
467714031
916165613
355981357
32287383
900485505
642194594
130159798
7429855
3998093
402737690
993246911
280128240
598374889
751885764
69349174
661815621
168210228
209050280
807973025
280128240
479810800
687672014
614380239
891055378
748625088
305174163
67086855
986345000
314413453
397991399
479810800
589668645
134625199
849859696
743928632
843974522
729625772
32373650
867677207
170864699
372339610
310877616
184462992
239487316
396736104
316372179
309914368
69349174
842983433
139951019
448593469
675808367
291848212
398089477
907893077
374973397
704852441
634247715
914263008
850832958
675530815
419286196
812904849
375759861
92758893
840517467
779370659
326901762
498805845
857028286
831512117
626701595
92363518
70843747
151835303
832173222
227465186
32287383
641571593
431768173
967102009
407732013
379135191
314413453
524632621
312084886
347090776
193275305
174310411
49849335
167026947
793016452
23799994
840517467
721901824
919965156
970090178
185501014
96507421
953595709
149544260
718707846
175209326
686406158
649754006
46701852
326901762
806442151
780013013
436252768
341482505
170864699
981870925
8392266
249479266
663349178
77309128
746937336
698134261
110468114
489147322
514245021
444232445
384951437
807973025
933866206
93898630
372956364
540791553
243230742
398089477
649329457
524632621
807973025
314413453
885392673
32384110
219724813
314409236
865494791
467714031
242026776
565083406
314413453
634247715
249420944
4826160
979992373
746937336
257993463
630658375
249479266
478420462
942049581
885392673
761508457
444805188
823460344
541696004
349120238
749018590
364670984
684629300
711780346
879309102
362603295
137158394
716100284
436715057
798120711
124887470
431084749
227465186
275127100
683538680
169323755
873735929
295813882
516383057
797112630
393658570
227986628
482866441
867677207
607196614
78646918
498943403
788975441
163410716
456020207
695449333
992407830
248590766
349603248
297721548
705234926
900841082
764115744
82229777
16977106
553050044
193275305
309914368
280128240
514245021
82229777
429126008
341314736
467714031
258832509
305817924
557820851
349603248
583357855
804433907
741772163
801582073
100441623
781156377
335362996
349120238
121413468
204434900
704827836
412533633
806442151
424614948
903221914
673961796
58020252
4826160
905610306
630174927
444805188
349603248
979558150
39218592
527238605
29768708
873735929
234214285
114617150
131225688
179597442
828366193
780068949
556007948
316372179
459756422
795002921
787638947
601755304
916245507
300218395
862636349
198025561
588037515
172675364
269018446
107816356
514245021
81273164
614380239
746937336
144577080
683538680
248004927
764523640
70843747
556007948
824309164
655015866
602121847
410910732
479810800
952041196
508432629
516544760
977798854
843974522
834429163
881775823
570899454
911111827
992407830
683538680
46598156
498805845
407453856
150
829563740
364670984
802916844
314274700
540791553
512170525
637121537
747363900
473575298
155006280
717552752
95673858
298620610
99365844
486167898
568390340
964888016
479810800
130159798
329313371
721617140
913408437
633357027
557820851
639713862
179597442
53979857
91105095
928419854
881775823
585240519
655015866
436715057
27810873
736776766
822247875
354740411
495780310
769929921
137158394
725906927
988302004
751109629
873735929
362603295
280128240
706153832
789947509
477546440
664790871
204434900
710447043
802676821
93898630
373458061
441373621
829563740
556007948
987118320
829563740
155114584
401996919
67633894
195828062
865494791
557337497
952041196
172901029
484507798
326901762
728091607
992780831
9629377
572257638
23482358
39741723
275127100
865108795
278976413
865494791
32111757
921425113
531892503
177973193
293560475
380357020
679855380
238142881
129720502
764523640
733948194
170864699
347090776
751109629
862636349
179597442
404255488
912208782
92758893
959286981
969162393
92758893
67086855
543123800
933891365
234764269
574674297
775297209
607196614
269522820
983780318
114617150
711265915
136739753
776402642
144577080
251297295
239487316
788729571
649032276
905675163
148942538
71835711
318905638
63791221
81709728
155114584
482636632
515392323
168210228
78646918
828730513
787638947
595094317
824309164
111103367
963962664
290767032
830336783
18180017
200016492
1
574176338
269522820
740630647
581264389
680748079
614633990
78646918
459756422
945309929
193275305
829563740
717552752
240879853
91241638
398089477
249479266
342330165
790697531
354740411
960406850
312499983
607831350
102571023
977948334
393883362
556007948
545525098
849456622
920026601
193992127
181294779
319505022
178339009
820777211
3761461
912208782
980877287
996345566
464019753
364670984
87129663
747363900
314274700
557337497
634560233
903221914
185501014
397886555
884158612
556007948
35404031
751885764
457230381
534729288
46800542
865544553
773118870
868672955
978122646
654167456
249479266
780068949
820777211
342330165
1473899
509968823
764523640
107816356
316821117
42310282
919965156
227465186
467557792
109320
93232780
764419851
764964655
349603248
580619292
967081745
479810800
258009523
168210228
362603295
248004927
318294545
843974522
717552752
302979333
493854947
129349599
698436690
581264389
389927427
401016825
341482505
66823051
373635
445540016
711265915
360521377
363737650
650329902
160805221
92363518
270710518
239487316
903221914
701352632
573911081
312499983
926742840
773256451
239487316
275507421
455961732
455914780
206106799
746937336
74030341
38634869
297721548
298620610
849859696
779370659
140141404
156285460
575639515
714797570
8409036
573218671
67086855
872751022
621199062
524632621
824309164
198025561
981072708
3998093
345422821
129720502
743928632
309914368
181847325
527030158
397991399
764523640
204434900
312499983
539664212
585240519
273320985
335362996
163410716
808901738
304697117
714797570
444805188
560801241
288660105
197456164
179597442
608423628
314413453
172901029
630174927
477546440
751885764
248004927
384951437
459756422
12549177
270710518
179597442
149544260
869686193
278976413
704827836
39615421
912208782
311060415
787638947
387120643
117077462
275507421
314413453
4578874
494874175
327245750
900757852
715747589
704827836
318151285
179597442
532339136
898909246
545525098
66605158
185930935
95673858
154221862
144577080
933891365
621372446
69349174
683538680
275507421
294780030
714797570
2052981
361132521
114617150
614633990
212046605
865494791
249420944
998521347
545525098
532422114
873735929
93898630
68078070
503444762
637653710
314274700
258962641
741977909
787638947
280128240
728091607
463535049
364670984
129720502
198025561
556007948
877090315
275134105
486167898
749018590
577209164
730365345
450363797
939427502
412533633
780068949
691112102
370625772
312730931
637653710
700167415
3384
405572486
910566180
314274700
10
867677207
266182383
507634900
369865985
498805845
492731482
46598156
926593229
459688380
979992373
452088741
298165679
730433826
602121847
83761467
482020824
291848212
686406158
751109629
439678850
10
191012664
538578515
457343221
4826160
787638947
290767032
402737690
412533633
862636349
407786235
557337497
298620610
548056668
505115444
297721548
764877758
979721547
21600733
384951437
686406158
215715439
686406158
565100551
716100284
487814049
77404820
599149823
751885764
463362051
614380239
807973025
843410497
181691823
96177646
802676821
640123954
999661367
751885764
898721940
182357890
782388145
935921557
274883398
455223205
981870925
818265792
479810800
843410497
275507421
478420462
633921118
823046072
372173745
179597442
467714031
189874901
415385114
607828964
156285460
482866441
588340600
489334816
92758893
372340612
405572486
137158394
658516737
584998986
803039224
69803445
609442793
1
465895516
7700237
167026947
521006913
787638947
495780310
25322078
338911730
665887849
992407830
988265960
309031793
168210228
144220702
813693155
746937336
598723502
689075782
498368529
131225688
129151366
4826160
537320405
514802540
10
65409678
628960953
436715057
829563740
865494791
769364048
602121847
398089477
412533633
424614948
958939803
822708468
402118060
207908345
740244310
992407830
390688700
912135238
854887779
745810009
67633894
916127106
457204691
690319247
820590447
379135191
545525098
227547313
420897868
364670984
614807278
131225688
3737764
297721548
198025561
903221914
585240519
1
150
330011213
174875262
855419796
493854947
511539112
637653710
459181171
787638947
23482358
698436690
93038099
827731525
347090776
649329457
726896924
540791553
535396871
100441623
117643267
92758893
373635
335913354
991400574
802916844
112743113
599331682
952041196
96161789
179038666
818265792
645478584
251696185
10
280128240
945309929
70373546
145669274
818193741
93718562
340980453
654167456
278976413
494874175
721617140
415385114
298620610
10
992407830
614216816
46598156
824309164
897964673
709045849
829563740
698436690
448224737
95673858
335362996
100441623
544567354
316682742
127840755
112727974
309914368
486167898
747363900
79346164
108563469
568187771
291848212
77186344
184151516
389927427
965243946
35539312
23482358
498943403
950226548
322867867
70094526
613197505
58020252
239487316
580854814
340980453
92255677
316372179
278976413
345422821
259499291
365777724
162101766
226197114
482020824
980877287
297721548
644479253
876732546
402737690
151667782
827874435
863443886
755655606
557820851
748296635
413930844
873735929
489334816
179597442
46598156
827874435
493854947
398089477
335362996
527481855
329313371
404462807
129720502
149544260
780068949
494874175
462144528
199785190
789147167
711265915
309754314
898721940
372339610
362603295
818265792
341482505
621372446
412533633
326901762
647900312
829563740
137158394
665117917
167824645
398089477
657627074
355687576
109225657
349603248
482636632
151667782
711265915
630174927
405572486
290767032
399205507
459756422
372339610
170864699
416976073
316372179
796745012
589358867
57994266
555656439
349120238
829563740
898721940
405572486
326901762
6666727
822261135
364211612
227465186
142387279
906055111
698436690
842176960
614380239
189874901
193992127
881775823
195828062
649660241
197813106
980877287
923994686
275205258
630174927
114617150
382732666
568368152
129720502
705234926
764523640
314116173
828646699
297721548
947295365
155114584
757234344
607196614
393658570
143498611
883334476
93898630
314413453
500002545
124584585
206768798
884158612
515846763
505115444
918055945
379135191
807973025
498943403
964982728
516383057
803039224
471202179
717552752
25322078
1037290
717552752
872152710
527030158
527030158
354740411
766498878
107816356
341322353
188507350
185501014
614380239
951929039
448224737
342330165
4826160
1
773118870
786268793
96177646
354740411
698436690
884158612
874772421
995547968
308057480
383861342
280115939
634247715
162101766
82229777
4578874
614633990
405572486
719571563
699040219
721617140
40763182
321051090
137067068
101072256
551923958
316372179
545525098
199785190
275127100
596813636
193992127
314274700
227255957
925591757
398961771
691584128
963366567
743928632
397991399
809058340
977485422
243389444
11585079
847807249
210546510
107816356
278976413
180938795
614633990
239487316
386265640
410556610
178141819
614380239
178339009
829563740
918055945
198645833
996439979
977485422
82229777
181519892
934985249
761750178
547849051
660645975
298620610
113370599
227255957
297721548
507634900
837020801
260500826
156285460
162101766
100441623
498943403
649329457
527178318
10
158449651
901405498
990435554
249443426
4826160
479574107
514811540
644966785
341482505
126200576
46701852
816173466
586979690
340980453
789420929
634247715
129720502
494874175
267115853
11907345
95673858
700167415
964982728
106406361
700167415
78646918
446141482
766704432
903221914
113370599
573375284
262020116
375415318
929943750
78646918
637653710
362603295
96177646
259515581
324367954
444805188
95673858
249420944
91352161
448224737
981870925
412533633
309914368
862636349
482636632
503444762
835804192
648816111
181126546
422411634
16977106
820777211
162231296
857591817
890014330
649032276
494874175
662201197
524632621
386620960
781148635
144577080
3384
746937336
650844720
171293028
238309363
704852441
607196614
96177646
614380239
724560190
248004927
884158612
988302004
873735929
865544553
354740411
898721940
183732861
918055945
488912366
341482505
643831791
889807821
280128240
922092040
729130412
362603295
478420462
397991399
614380239
198025561
849628404
248590766
687770283
657982270
69349174
58020252
913223173
772823940
743928632
919965156
34220901
532989569
40273249
55855817
970594719
10
179597442
319613676
92363518
440191136
131225688
937341018
728091607
494874175
46598156
479810800
540791553
66430650
341482505
478420462
304697117
634247715
185501014
940644413
82229777
384951437
614380239
824309164
313192572
100441623
451927396
795285863
156285460
23482358
249420944
444805188
32384110
709684148
200016492
562986044
486263734
990896261
314274700
928110694
903956032
2388950
404462807
683538680
787638947
121413468
280128240
464379930
833278078
448947810
961480391
717552752
168901678
23482358
411328197
449071590
301948908
906103508
772214221
71125037
545525098
108312288
755757084
193275305
745810009
769929921
96177646
277463789
397991399
314274700
933866206
213131072
211960357
815427343
369865985
111726867
131956120
884927045
405572486
780068949
562986044
549893969
921195232
634247715
834863819
940644413
914455495
39595476
788545899
10
314274700
366994143
314198468
997111806
179464127
806442151
628404250
239487316
690319247
769496876
980302884
156285460
35693214
834429163
498802947
922578677
933866206
709564796
633698712
213220301
459136636
926095457
839911933
459756422
345422821
873735929
78646918
239487316
995547968
714797570
885392673
389927427
352508270
764523640
493854947
632653195
780068949
722214146
130159798
352464749
189874901
721617140
209859914
516383057
375425622
192227350
465995559
310030391
770935442
823046072
991400574
676942991
455899228
75177621
986345000
1
404462807
184151516
544194119
727348070
700167415
282884215
840517467
150089026
372339610
126378045
135612444
570934874
207908345
944266425
335362996
764523640
896450392
386265640
34220901
606191303
244139892
384247538
192498050
111435681
832807629
185965
717552752
823046072
42860231
478420462
649329457
112642882
207247081
57019383
913408437
788975441
108569014
898821247
968495376
324367954
3384
415912393
354065514
548056668
563517251
487814049
32373650
824309164
327397743
766053771
10
280128240
912135238
663349178
918829414
335971420
980136572
372339610
545525098
615990612
824309164
602121847
328820849
25322078
443607341
489334816
165105338
340497091
335362996
557820851
724403490
443607341
318294545
993741498
61456391
915527820
514802540
977485422
111998578
194230047
329313371
279871497
416976073
930100452
42310282
151667782
119020602
919965156
83761743
129720502
273320985
919965156
130159798
633594150
820777211
686406158
248004927
673446546
580878855
67633894
685835290
342330165
10
82229777
249479266
679855380
975499219
726185148
478420462
69349174
807973025
901929594
802916844
637653710
404462807
106206764
453439550
754668857
992298775
705704229
178339009
349120238
156944881
539831708
239487316
610792377
417144262
179773184
416840819
579754590
880017024
3384
879534098
532451599
52136089
604147497
679855380
910352577
778164429
444805188
738200694
454614957
278271672
918055945
4826160
8639579
4826160
598374889
751885764
834707176
470598575
177250401
749079770
728091607
498805845
18486387
345422821
155114584
129151366
172901029
661815621
249479266
766263115
451420448
988302004
919965156
248590766
963962664
262975634
121413468
259514448
810181393
598374889
211960357
215130044
109320
397991399
818919087
151667782
743928632
113370599
69349174
521372786
137067068
655015866
841386284
83761743
564606078
902894286
706153832
354740411
802676821
317919768
988302004
190239997
196994063
476117572
170864699
456259024
92363518
981870925
70843747
938489373
195828062
384951437
912208782
68295527
823046072
192025721
672340633
991435600
716100284
775268373
890566445
705234926
369865985
607196614
280128240
995547968
335804852
251297295
93898630
988302004
807195973
913320476
83761743
107816356
507236163
992407830
941389486
241138637
15386767
802676821
9229512
823046072
172901029
278976413
884158612
900278341
489334816
114617150
689163525
90391066
912701519
189874901
163410716
96177646
655015866
709705183
369865985
163410716
294780030
482636632
193992127
704936703
109320
503444762
743928632
912135238
849859696
358640386
481015047
823046072
540791553
100441623
248590766
332921077
262857800
615161977
451927396
18439674
903221914
297721548
96177646
779518981
522849986
829563740
109320
32373650
412533633
129720502
857687689
857297708
482020824
586965313
266850200
347090776
743928632
586250229
23482358
486167898
661815621
634247715
328015846
721617140
517079015
705234926
249420944
367811009
1
425526661
614633990
557337497
387120643
807973025
256917392
398089477
458432099
39218592
16977106
563083193
717552752
882562522
70837004
706600017
472750916
373635
694896447
770935442
482636632
202438817
121413468
28468498
170864699
806442151
248590766
333353535
634247715
568368152
866598928
42310282
689075782
251297295
842176960
594683210
32287383
950550924
760310051
661004356
405572486
93898630
912208782
290767032
199785190
444232445
608423628
285474382
227465186
393368317
865544553
548056668
138355347
149544260
751885764
680748079
67086855
439752238
591268014
251297295
655703187
581048030
624510236
109320
840517467
988302004
109320
372339610
106318638
787638947
213848908
257983093
881775823
658516737
784286416
165803742
197234213
121413468
991400574
642085723
124856622
655015866
686406158
662946720
69349174
530046389
113370599
968943059
891465396
239487316
314274700
898835642
251297295
186587623
769929921
778699054
4826160
227255957
451394729
644296854
335362996
573092168
349120238
260692926
195828062
49396780
82229777
527030158
656466688
991435600
614633990
478420462
478875372
179597442
751109629
903221914
568368152
360735045
912208782
100441623
332056782
178339009
1037290
780068949
32384110
92758893
527030158
80321514
207908345
4826160
318294545
393658570
304697117
807973025
986744404
32111757
912208782
369865985
587100843
384951437
96177646
354740411
820777211
165803742
649032276
431944917
327587293
207908345
788975441
789035370
801810729
280221794
495653256
880034647
459756422
873735929
269522820
227465186
124887470
901989055
779342623
345422821
493854947
404462807
931072720
471428409
210605943
28797070
967102009
661192332
836871921
607196614
188191852
649329457
159853745
335081403
770935442
412533633
124887470
147038290
395362280
524632621
677289646
384951437
185501014
717552752
199785190
386265640
341482505
105739848
4826160
397991399
721617140
498855472
573375284
493854947
248590766
394871286
503444762
883868650
199785190
832897106
108563469
493854947
642821137
425797186
291848212
495780310
952775787
150
305174163
442336347
514802540
24549748
568368152
32287383
412896778
389927427
527030158
202510189
769929921
754211759
885392673
298620610
555573743
898721940
918055945
108563469
124887470
96507421
772214221
751885764
42310282
108563469
76531086
898721940
48778000
150153661
611149108
661815621
771460671
541837536
39467445
428769625
933891365
842176960
769052339
275127100
297721548
686406158
710705468
704981934
988265960
23482358
829563740
933891365
163410716
988208194
556007948
601818922
34220901
371797684
362603295
461704492
795285863
37498516
248590766
873263319
745810009
372339610
536816977
178339009
550515087
661815621
273320985
813058237
117815360
680748079
59478935
539831708
448224737
444232445
711265915
174875262
552454679
942340933
540791553
149544260
124887470
193275305
397129535
661815621
311271092
966331072
131225688
326015227
467714031
467714031
284664011
823046072
322413059
48631719
32373650
842176960
621372446
448224737
81242050
124787058
185501014
198025561
516383057
788975441
121413468
83761743
968212485
143085422
802676821
912135238
159853745
287514142
771961356
86188789
95673858
912547343
456934899
787638947
343907895
274901648
963962664
913373077
632101126
368784006
129151366
114617150
70843747
857693941
772214221
928485200
36580723
164903239
598374889
787638947
344377343
648816111
365777724
815262406
149544260
576828650
478420462
655015866
614633990
700167415
439752238
749018590
498943403
372339610
596813636
992713588
900329893
987445934
988265960
607196614
887583000
162101766
991400574
503444762
103961583
407478116
341482505
682778813
298620610
345422821
993246911
168210228
469158585
711077941
979992373
162302613
669989313
951566586
297721548
539831708
759651581
634247715
240879853
32111757
772214221
989699104
387120643
336601348
397290447
91245933
24458028
388061120
834429163
404462807
335362996
626701595
372339610
121413468
586552912
484521824
174875262
100441623
787638947
15827835
482636632
620234160
1037290
973541942
397991399
446359479
494874175
109320
270710518
312084886
495780310
702658303
951659084
74788963
294939432
3998093
689075782
637653710
991400574
545525098
810090353
205096204
312499983
820777211
862636349
278976413
633323112
527030158
168620922
700167415
996548732
459756422
884158612
751109629
772214221
584933596
365725085
479810800
709298444
540791553
728091607
393658570
95673858
107816356
297721548
836906561
256466577
148516861
787721582
663349178
249479266
113370599
275127100
275507421
137158394
794440767
787638947
482020824
982785051
444805188
840517467
471593038
964926538
562986044
449639244
23482358
683431649
600718397
803039224
424614948
743928632
248590766
494874175
27810873
714797570
78646918
829563740
1
