1
9
10
127
147
149
150
2769
3268
3337
3375
3380
3383
3384
87651
104605
107264
108779
109049
109221
109291
109306
109315
109319
109320
3818773
4590366
4719728
4794637
4809626
4819381
4823611
4824792
4825541
4825919
4826062
4826111
4826140
4826154
4826159
4826160
219623391
265332655
273319675
277988346
278981086
279633837
279925156
280014793
280072774
280103293
280116116
280121491
280124864
280126691
280127540
280127897
280128066
280128164
280128213
280128233
280128239
280128240
136121809
567191939
183851287
546526627
626592017
679552808
703576962
711347843
716421962
719144926
720340315
720877668
721221918
721415606
721512434
721558730
721583812
721599373
721608138
721612638
721614821
721615910
721616512
721616855
721617029
721617105
721617132
721617139
721617140
524081934
400619595
894723054
445737536
269966785
465754336
847470804
641677502
163114875
446030092
573216709
632414916
670712179
692636424
703942794
709616642
712830903
714872428
716067570
716721565
717071180
717266998
717385972
717459495
717502078
717525411
717537816
717544495
717548263
717550454
717551684
717552312
717552597
717552708
717552743
717552751
717552752
229740887
869244715
749195331
281859075
598055103
773162001
520811325
418020042
605139796
132188191
886882256
373996983
245071591
61112659
538165906
298047909
737871762
20294992
188514851
283074940
335545771
366132165
385301514
397478563
404829457
409110588
411583977
413051036
413958873
414532926
414888936
415100590
415222479
415291722
415331405
415354675
415368515
415376610
415381099
415383397
415384465
415384905
415385060
415385104
415385113
415385114
205937257
860154007
156391282
785748106
131259203
477779425
639689808
863144771
753887686
25528574
703488012
287037717
690345643
889118239
529209529
767486283
312826857
957484173
206341895
177617055
646506319
680527574
881654419
940805477
206579830
962540628
413357734
689979693
866493028
981260229
54788038
100521825
128503977
145647491
156339019
163163277
167573684
170402907
172176008
173258848
173909243
174298092
174532072
174674345
174761114
174813265
174843504
174860103
174868607
174872622
174874339
174874988
174875197
174875251
174875261
174875262
304742537
4544154
61333012
182964874
290609747
25866228
614210710
4557213
163977839
105324883
568459058
143907628
692934111
240376667
411760267
852616009
421667908
142938320
754439041
871048665
665018613
532911968
459483493
332711918
806355732
943302763
699040620
822885918
861214622
934179946
930769841
438977455
399423373
155863531
568967109
153633243
206379524
902459537
355536639
646111707
831556493
950543197
27833536
78665636
112273501
134372875
148697514
157820714
163547831
167115898
169337095
170724633
171593721
172135854
172468855
172667640
172781546
172843543
172875301
172890460
172897115
172899755
172900678
172900952
172901017
172901028
172901029
313925518
828156237
792345896
876353664
902153672
502785226
112176210
49379892
814010542
336656587
55472352
291830081
961923616
668934805
336993918
646486953
582767978
999270823
495573129
972373757
465815127
900226390
494962407
192969223
459140160
759062207
203163793
298766244
752656469
588215041
231830610
219179727
87898293
791745368
481639849
289523395
65046144
776768591
61270468
220292098
367242465
410369079
119312500
104077274
601834882
33903384
351379530
221674909
119635802
375796621
212055140
773088041
151644071
407248121
578901708
693002982
767929264
816597092
847978586
868148970
881108969
889436573
894773007
898163652
900283094
901575399
902337744
902769630
903003019
903122502
903179988
903205716
903216285
903220199
903221473
903221824
903221901
903221913
903221914
767077273
116686604
4913895
2190476
487046967
298884829
857682481
403861189
490394644
188365431
108293052
602875225
328089691
992081474
965960254
390063589
150377802
79089754
311353380
686581547
722173009
6730726
519273417
497617857
96199368
742623290
169148535
899771283
856021657
267438085
461014600
755875371
807017523
931860081
497579142
714872288
802570247
335871511
862132147
140668104
227440825
153606433
381779075
252863282
833454140
912191393
601042999
246479587
147889114
862032776
436532503
555897491
112734738
79484617
829658418
223382563
829524092
623627467
413862197
142586878
125593269
242521914
79661589
30984272
365736922
271490030
880701555
287160915
556700238
734771612
852171594
929435326
980120009
13153197
34442177
47934408
56294848
61331787
64266943
65913120
66797290
67249574
67468469
67567881
67609807
67626005
67631634
67633349
67633790
67633880
67633893
67633894
69523544
819175405
757483856
789402993
194479836
669871536
986322284
84412735
813203684
209711242
402654248
590575379
815766255
424842880
274642141
498060952
679254219
878105232
550192885
627165940
77769774
886049182
96844514
854175991
917571060
396060316
864420
766033665
201245308
657688175
704165775
788969965
110930197
940226059
196394327
284051870
320727260
833558027
154324988
391535442
522854041
945002377
730692538
79501460
633171403
29553194
104983118
677803166
454406310
62591864
850337884
182125542
64326881
589800078
413178801
986503759
436755555
749803664
584165378
786491349
789147167
557848028
421418011
502139992
204728477
397711032
673342540
570362940
57556094
46367882
311407265
974778919
622728582
111851950
129231257
569005443
779932091
727351018
101121633
390457536
938240547
981721733
683236709
153032912
465768310
672076836
806456585
892535114
946541877
979601208
999271263
10605656
16907371
20274322
21995096
22831700
23216020
23381445
23447458
23471545
23479434
23481694
23482239
23482343
23482357
23482358
