810696952
700167415
454933126
130159798
204691150
32373650
607848055
787638947
312084886
965243946
117643267
137717277
175054281
651238725
523393651
842176960
314492665
95285954
683538680
482866441
747557318
494874175
32373650
745810009
516383057
834429163
193992127
324367954
694212955
779342623
4128151
354740411
656710717
148516861
912208782
894830512
174875262
784829683
20745113
270602458
980877287
328763805
253401034
331287984
705234926
362603295
449092678
274996258
100441623
340980453
459756422
758923899
63490428
751109629
184151516
486167898
1
144577080
889686707
596813636
751109629
673370565
556007948
354740411
154221862
773485779
898005387
868296475
950585422
103961583
785401901
310243343
806442151
46598156
760745601
965726081
199785190
280128240
102774268
610044009
137067068
581264389
630174927
95673858
686406158
183433292
124887470
773485779
548056668
134915289
680748079
791457089
148516861
11442549
583083062
117643267
931321229
96177646
256295996
721617140
756718495
10
482020824
470598575
195774444
167026947
113857115
189874901
608423628
820777211
438302191
310105348
700167415
444232445
452035468
802916844
345422821
168210228
838840226
503974002
108563469
928419854
325149920
274554071
813451787
746937336
735729424
673161982
557820851
184151516
448224737
871610450
607196614
278976413
290767032
96177646
524632621
196883274
360615791
394026585
340980453
326901762
749018590
849808464
20625585
502154315
534540397
353990598
698436690
14043045
975367153
794974692
557337497
963962664
345422821
827714916
275507421
113370599
154736069
500368907
802916844
166058701
992780831
743928632
154221862
463535049
820777211
107141724
921461781
763462962
912135238
436544140
294780030
520045118
444805188
586600386
456513181
981870925
436715057
66605158
721617140
321738929
397991399
634483221
291848212
448224737
10
397991399
659478937
155114584
992407830
768411965
473661220
393658570
109320
280128240
137158394
559971574
289847962
156285460
342330165
667129844
373635
363533883
10
824105958
256751318
249420944
58020252
252149442
548444787
898721940
519654179
155114584
680748079
870279918
167026947
349603248
179597442
222741084
448224737
137067068
494874175
177393623
818265792
387120643
685089296
291836940
297721548
423985851
854897739
749018590
949511369
746937336
176717014
17017648
400063871
772682440
745810009
195828062
520423260
91934758
397991399
162101766
690319247
831512117
100441623
949196268
67086855
912135238
227382860
958553372
700167415
973195024
256804986
706280605
176893836
297804161
156285460
316372179
209326643
992016557
604136560
32287383
903419149
975471981
39218592
96676654
95670053
275127100
99590871
156287428
787042372
728091607
646145760
151494329
621542878
172901029
933866206
294780030
304442788
721617140
900512860
235554420
431241340
20907780
737849343
568313440
150
717552752
486167898
498805845
384951437
902622016
163554347
220633259
912135238
290807247
751885764
271286131
249479266
915387440
380421442
535354227
999116451
492814994
475514084
238182897
465357807
372425447
329313371
93718562
548056668
654820807
511815392
144577080
574737033
199342339
905935087
865494791
315112807
657361962
388061120
5772983
788975441
929589142
92758893
834910699
773118870
236355266
174811844
168210228
743928632
573375284
514789137
444805188
402615134
981870925
489969714
867677207
349070031
179597442
58020252
667590020
193275305
608423628
316372179
608423628
6610224
219710025
822964458
840841432
557820851
451085924
849859696
304697117
278976413
716100284
4578874
107816356
433500818
754640171
93898630
193275305
66569259
499284905
338711911
880453548
248004927
149544260
857103149
107159936
933891365
598374889
849296277
191726322
116183403
807973025
227481896
159853745
1
917287635
929255627
397991399
124887470
483452198
199260963
600000143
743928632
260129098
773485779
108563469
749018590
314413453
903221914
829563740
67086855
843974522
174875262
67633894
68899906
347090776
592403028
249796993
489334816
3384
415385114
66430650
275205258
239580680
514245021
891036193
32384110
784984112
680441459
720258830
220499250
624173819
312927931
227255957
343236961
540791553
614633990
227562366
205757272
669928899
32384110
25322078
686406158
647065276
350519622
199785190
689807987
397991399
227382860
716574648
1
2681603
69349174
362603295
493854947
960402253
2414982
663349178
121413468
124887470
714961321
168210228
862636349
463535049
957212743
398089477
191779455
997347933
96060507
865494791
555573743
644140900
249420944
4826160
823046072
78646918
70490549
643759187
342330165
756933686
667118985
130159798
813789109
862636349
889548281
25322078
967978366
747363900
159853745
575086662
362603295
275205258
683538680
121413468
988265960
416976073
276746051
690319247
130159798
207908345
932196247
129151366
632196125
251297295
273320985
991435600
341482505
780883165
933866206
963962664
297721548
369865985
939403131
364670984
424845808
744055500
749018590
157061423
597178842
922938492
553700756
176717014
704466160
354740411
174875262
901497654
964982728
82229777
888941213
163410716
199260963
162101766
509236541
461799888
384951437
307441837
661172149
20601044
148516861
167026947
174875262
208917888
890530138
26274211
624516417
484426558
621372446
78743519
988469124
622701480
686406158
179597442
340980453
111778884
963904397
75181424
772214221
379680801
96177646
653655120
16482169
149544260
93863256
721617140
375611436
34850360
787778954
649329457
606568047
780068949
717980558
811729338
151347493
150
297721548
388061120
144577080
556007948
806442151
679855380
764523640
663190853
551485542
310302540
389927427
412533633
375291434
939039630
935075
415385114
585240519
602121847
680748079
608423628
869839966
168210228
156285460
96507421
649032276
933891365
220855604
119812850
167026947
526599106
96507421
10
404462807
665028437
661815621
524632621
928419854
862636349
185501014
33919201
42363245
10
451927396
779853294
96177646
727424758
249479266
662586630
654167456
248590766
314413453
135206176
421481893
145622582
727226702
557820851
489334816
486167898
596448908
647686882
93436237
141385456
87679125
589931035
16869245
649032276
778557779
899162623
689075782
505043551
856329483
312499983
531050806
111012900
263394227
399463242
788975441
457230381
991435600
408076274
740797916
227366866
193275305
96507421
101128066
206968147
501434815
698582846
149544260
16977106
162101766
375123964
786130663
96553124
886998902
830207202
162101766
453597798
594418752
415385114
284231241
227465186
906792808
553144006
503444762
128255119
911156149
137067068
673161982
717552752
429484438
992780831
743928632
95673858
463535049
335362996
191480144
778557779
417220192
262071531
707145516
710570839
213006864
159853745
540791553
729259321
862636349
404472954
755199505
482636632
172901029
278976413
690378573
103961583
448224737
78646918
444232445
427980238
607196614
406724644
498943403
150
79870830
691168433
698436690
46598156
59810414
397991399
369865985
488584084
984357018
278976413
746937336
977485422
402737690
393658570
270710518
88378384
99646847
2047162
785214369
269522820
189874901
716574648
69349174
537239874
467714031
273320985
745810009
706153832
456749978
674305458
338380331
280128240
654167456
773485779
373635
227382860
167026947
80256007
790205746
115806627
3998093
967102009
744188073
558019177
444370036
953246015
58020252
689075782
216997131
5780144
176565777
93898630
467714031
129151366
453368970
952041196
441193861
501033410
275205258
16977106
988302004
992407830
241640222
495780310
379135191
150776266
825626197
127845626
576842994
159866527
83761743
121413468
637942441
347631193
404624607
707132192
79184239
179597442
429152878
96177646
436715057
868296475
698436690
767524866
318294545
661815621
5717393
167026947
415676335
58020252
273221068
963962664
467714031
537264122
705234926
463881925
583690149
638125195
875824561
343100925
135576581
732944806
388984141
424614948
873735929
48379560
249420944
199785190
673161982
34220901
15290367
4826160
652418725
848311890
113191166
738200694
669390133
952041196
991435600
195828062
16977106
298620610
942154493
912135238
443177974
39218592
340980453
742963818
562986044
190357511
764971862
630174927
865494791
836309854
946422665
69349174
280128240
275127100
362603295
605786689
249479266
716574648
50985981
159853745
148516861
751109629
401062440
401509564
557205112
981870925
570937693
100441623
728091607
155560027
607196614
980877287
809368019
766801659
342330165
275507421
807500551
709789558
898668263
249420944
494874175
501257629
342330165
929581665
145747354
903221914
769929921
903696236
442397840
354740411
740630647
548056668
393658570
329313371
314413453
843974522
309914368
873735929
95673858
314413453
198025561
871333309
175480800
865494791
889048687
806442151
806211805
581139063
491977834
458432099
154741111
787638947
458432099
258079818
704827836
728593745
270710518
762456135
486167898
679317372
528010958
34845105
906034345
109320
386142711
728100746
170864699
120602957
527755900
478420462
18439081
549118434
885392673
501939795
728091607
470598575
493854947
181847325
117643267
654167456
579401456
42310282
195828062
806442151
917997289
527030158
364670984
560105121
912122938
409422595
714797570
12059594
607574387
343209846
700167415
314244256
807973025
951192548
124068536
802676821
68899906
631929611
19845682
137158394
92758893
397991399
734579830
1
193992127
390869833
803039224
630174927
912208782
100578537
624921628
716100284
281482424
341829753
61328325
350502356
507236163
981870925
440421474
739497299
178526478
914252931
269522820
398311409
314413453
505115444
280128240
992780831
566887638
606428056
283313212
977113995
93898630
794289386
83761743
347090776
280128240
747363900
20080814
740630647
973369875
32111757
165803742
34220901
795285863
573375284
714797570
404462807
824309164
800064156
107816356
402737690
280120611
453554225
270463137
459357694
340980453
179242004
172901029
657700937
168112434
791361662
406462409
802916844
183081268
679855380
802916844
608423628
607196614
199260963
704827836
766437529
680748079
193275305
717552752
324367954
208917888
384951437
716100284
24676448
238704213
129151366
768467422
129720502
322654532
70065826
451927396
992780831
823046072
596813636
415385114
979992373
677119648
68899906
326901762
470683712
239487316
584113631
914745499
227382860
262073822
944590612
1
43383539
341482505
444232445
137158394
118697058
743928632
389927427
614380239
248590766
672692024
585240519
545525098
305174163
165803742
379135191
779370659
860750312
32373650
117748410
132282128
92363518
543229786
919965156
530303139
12173374
779370659
372339610
540540040
706153832
130159798
520414755
892228157
777791897
384791016
457450950
159853745
163410716
100441623
747363900
93898630
78529207
479810800
62731132
240879853
773485779
806468958
267319749
162101766
438910351
989862345
918757389
843243740
924848606
491635144
541419686
92363518
545525098
848264123
372804260
280128240
67086855
489334816
658516737
649032276
944079600
809776045
164593508
358339377
314274700
660676940
991435600
820777211
504750244
378204815
329147009
981870925
548056668
824309164
986345000
984425577
489334816
479810800
420633742
324367954
362399368
16292737
794463056
366702320
912208782
988265960
803039224
193992127
711265915
705234926
416976073
669989313
6259165
365777724
608423628
598374889
460137795
364263285
150
482020824
750456680
107816356
649329457
364670984
144577080
960375323
334030765
922845006
227382860
854622664
312499983
167026947
933866206
663349178
248004927
108563469
899140095
686406158
379135191
32111757
545432662
165803742
679587775
463078153
844099709
58020252
452420725
439752238
153076860
727243642
316372179
225799444
868762064
486167898
923563252
617848628
204434900
248590766
726185148
666810429
117643267
690319247
769929921
481783042
716100284
573375284
626701595
200016492
107816356
995547968
626701595
154221862
96177646
631093929
176717014
168782530
261505297
298620610
753793572
785386786
677791420
32111757
830722689
818265792
494874175
336855097
928419854
32384110
271486665
354740411
67086855
780477137
532826145
793125027
130159798
466309784
788975441
655015866
705234926
269129872
250692942
692763256
720958093
680943701
194451059
722160041
142953927
727511363
369865985
221555193
679855380
806442151
482636632
991400574
963651733
516383057
4578874
141133513
749018590
840603893
790127701
842176960
539831708
354160866
593386016
120209832
865494791
172901029
656870970
986345000
768934343
561711800
527030158
457230381
349603248
279957812
598437783
372339610
530777321
898721940
87390221
840231690
384951437
172901029
427396158
884158612
746937336
802676821
769929921
868922462
4578874
555734735
199260963
151667782
751109629
362236604
717552752
988302004
208917888
842176960
964307717
205792968
906423461
206127845
498805845
873001892
275939951
834429163
304163057
110468114
168073092
914727816
564708807
557820851
988302004
991818844
600454764
477546440
952041196
367816107
563294398
768062543
28496696
242026776
92758893
175794216
457230381
265799261
888746042
556007948
495780310
3761461
743928632
988265960
534777148
540791553
129720502
503444762
368815174
179597442
423915304
4578874
802361070
124887470
802916844
67086855
222891797
149638740
785495857
342431130
409496129
524632621
570589891
277348200
745810009
928419854
764523640
550666247
764523640
626701595
78225709
746937336
82365436
169155763
498943403
317741817
700167415
109320
32384110
778535830
356472927
673810054
349120238
770935442
4578874
505115444
361739269
940644413
326901762
658411891
952801953
330343635
646319359
661224609
203759246
124887470
444232445
18271552
887105118
440651360
812128878
441769663
605387684
977327443
983780318
256961779
927825884
648816111
648816111
309914368
454933126
806442151
740630647
998029660
268838000
749018590
632413444
314889923
859455829
824309164
496475536
305935707
362399368
414712153
482636632
721617140
795285863
824309164
165803742
316091097
779342623
3998093
803250381
898721940
189874901
389927427
539831708
634247715
545525098
737560544
388061120
797557826
314413453
794869330
312499983
4826160
962996344
92758893
843974522
406790265
362202143
66430650
790644675
275507421
482600596
340980453
858293545
742557201
251297295
395331027
879945071
675996920
567842755
552852529
903221914
110468114
933866206
581264389
438131233
596813636
134534214
3998093
771650308
273320985
172901029
306284174
226862773
561148064
693385024
764523640
154221862
292055256
29993947
342330165
467714031
68899906
585755585
945309929
32287383
464747877
535622328
290866713
177028939
406753954
167918135
79173866
205752522
626402766
231950926
862636349
690319247
599814591
297721548
4826160
714797570
137158394
384951437
130159798
918055945
489334816
696360876
349603248
1
150034901
914236413
849859696
316107150
129151366
749018590
560714898
148516861
71135343
173685915
84751384
493854947
266820818
451927396
156322076
707626750
109320
992780831
457230381
735373215
489334816
769929921
588522497
891463903
26941613
967102009
654167456
240879853
348091731
868296475
533989114
150
7388317
784616398
197234464
16977106
649032276
899047594
83761743
437237364
965243946
34850360
746937336
385035771
459773450
516549985
463535049
630174927
204434900
957515063
386293352
310398678
137158394
172901029
577984885
919965156
637653710
600317853
244786115
952041196
137158394
207908345
514245021
494874175
362603295
66645224
163410716
981115413
16977106
269297242
487814049
113370599
918055945
658516737
185930935
881775823
324367954
827874435
974985560
40522083
949398200
594627961
78646918
131010685
763286671
82229777
298303067
372339610
745810009
482636632
492083821
329313371
524632621
340980453
28643100
250287268
248004927
443607341
23482358
23365520
242026776
963962664
298620610
991435600
991435600
365907472
69349174
312492528
807973025
144435793
93898630
484375150
667136426
227465186
284940900
912137921
870522717
174875262
486167898
418799722
275205258
388061120
97912425
477129761
873735929
817217031
316372179
359726237
179597442
764523640
100441623
69349174
414964747
588511679
23882172
830684339
947829770
470251328
493854947
137067068
32111757
94731515
604603145
98794994
71290050
174875262
275507421
988265960
1
757151358
609291601
13442656
62084809
130159798
752239601
236754926
663349178
771897389
716100284
705234926
137158394
392200403
251297295
67633894
714797570
316372179
204855361
878469409
185501014
162101766
809428961
454468974
807973025
364670984
170864699
95673858
929410988
30702167
184151516
849904816
498805845
297721548
383295263
332986033
96507421
873735929
618183834
275507421
747363900
866675848
785775719
609199494
275127100
498805845
478420462
590985092
517912524
912870858
6572564
463370008
207908345
69349174
185930935
174875262
280128240
297721548
829563740
477546440
459085193
514937496
584144589
3384
732877334
86732897
2735204
58020252
728091607
274828877
227382860
537081563
107756052
820581522
740630647
93898630
165803742
354740411
10791475
275205258
880298974
397991399
992407830
909472192
280128240
995990831
207908345
195828062
448300733
69222606
121413468
148426190
764523640
39218592
465687622
489334816
596813636
100441623
840978045
34850360
342330165
16640813
716100284
917961274
14908530
10
316372179
637653710
148120610
9927786
60197012
444805188
64088285
903221914
129151366
945309929
129720502
717552752
941784088
910901011
630174927
290087839
8357937
820919610
275127100
169097698
161231307
208917888
489334816
101129832
678502383
281255127
673161982
423918435
806442151
516383057
713086587
607196614
271701614
427170012
324367954
4826160
321344999
16778831
829563740
22153761
602121847
522367550
54954729
687781817
976662987
505115444
300711787
46598156
120818089
524905440
364670984
42851700
482020824
866177865
794644567
32384110
207908345
109320
332999202
324367954
705234926
795285863
944857065
831512117
717552752
347090776
167026947
305174163
681873031
185930935
658516737
388388303
416976073
273320985
372339610
354740411
389927427
539831708
280238592
444232445
495780310
902402463
834429163
486167898
573375284
477546440
877676334
709130176
540791553
159853745
114594744
860879052
347090776
995547968
503444762
704936703
973047432
675990519
162915554
150
516383057
663666751
648838421
97729766
634532045
749654322
388061120
988856434
67633894
355269646
329313371
686406158
207908345
150
41096254
873735929
354740411
341482505
28547487
348649234
704936703
912208782
630174927
773118870
530277349
495780310
309914368
109320
384951437
573375284
150742748
983780318
665802734
163410716
116288020
984336820
172901029
80204855
349603248
316372179
326901762
189140328
372339610
852077116
770935442
345422821
148516861
215562133
163410716
481695390
655015866
16977106
398089477
763299127
32287383
441891471
329313371
840703197
331170267
953448405
738200694
865494791
535831160
52095551
404462807
938783095
146131024
415385114
436715057
465562482
786013779
165803742
176717014
381991739
537514702
989909864
39072451
907058849
133651259
207908345
946549497
716041991
626845680
190074087
67095254
867677207
419760286
144889603
896808467
193275305
458410840
161870316
480218691
281255127
740630647
792010891
95264886
409085997
270710518
42310282
397991399
193992127
749384745
398089477
170889503
615248614
379135191
479810800
354740411
784178528
503544526
149544260
689864229
721617140
562986044
764523640
519673165
964982728
146387764
273977665
131225688
827874435
608423628
631040110
133872803
114617150
405572486
92363518
467580215
939029202
248035867
199785190
498805845
913408437
176324486
516383057
51808663
777822071
747363900
280128240
898721940
165803742
638750378
740630647
290767032
386265640
137158394
624084771
387120643
647834674
730423872
982937951
721617140
561948096
237917776
853371566
154727976
363795155
700167415
291848212
451927396
46598156
472750916
100441623
608423628
879369448
429841935
723700137
847623532
107816356
251759492
476399784
34220901
431238820
823046072
223043718
51383626
342085922
354740411
130159798
490270960
204949557
925101169
75044049
946550453
884750607
816498093
996766403
649353564
209819752
919965156
167026947
447401210
679360964
369865985
397991399
493854947
470598575
318294545
275127100
958770484
612846665
151667782
846002997
130159798
992780831
717552752
254746521
159080861
338911730
436715057
795273499
103961583
253721913
130159798
778557779
966720142
612900264
240699678
419735138
458432099
673883759
915428842
398253886
819305699
912135238
178339009
457984433
247419813
207908345
532834222
32373650
223298020
712616016
630174927
498805845
16977106
524632621
154221862
809277371
486167898
559025544
338019872
415385114
986268854
319897718
649329457
489334816
697209025
213822972
418538486
124887470
630174927
728091607
289626096
796360319
637653710
716574648
405572486
50339086
30289560
721617140
329313371
466745258
562986044
685961962
95978530
451779720
673228029
479810800
751109629
917675940
159853745
484920447
413929163
248004927
129720502
276564225
843974522
527030158
807973025
102312294
764523640
64467364
477445714
70212751
335362996
663349178
439752238
770275037
248590766
314413453
736597187
778273626
802916844
940644413
569159202
792028286
489334816
298652882
154878626
845912761
154221862
41252089
132545388
690319247
405572486
609812160
89970457
401016825
898721940
342330165
199260963
316372179
150
494874175
898721940
630174927
802676821
73870263
476774467
704852441
942652520
398089477
840517467
840131885
70490549
362603295
467714031
939422833
977485422
214962635
34850360
199260963
33924187
430340904
493854947
895823208
343379078
375793065
314116173
124763003
607196614
129741278
124887470
133043851
769826167
557820851
397991399
187768907
522315189
728091607
32287383
23017391
873735929
280128240
626701595
545525098
411491607
141844265
637198334
676897953
352913158
478420462
290767032
780068949
125377316
275205258
140028423
116152823
298620610
928419854
67086855
711265915
405572486
197509093
27810873
169129988
733259974
679914805
806442151
527030158
134138682
792981408
129151366
891905362
84371778
540791553
241838848
308541634
314274700
919965156
630174927
639428583
167026947
992780831
543938300
172901029
232409999
174132129
151667782
745022844
846979567
898721940
151667782
590381533
840517467
201022575
276636143
952041196
467822900
932827588
234245127
291848212
843974522
731834621
775722306
312341384
354740411
226316897
461795866
780068949
846489142
966346842
227382860
120227748
208007591
165485081
614149976
842865468
34850360
397991399
321686381
898745963
469712442
6392217
96507421
966694890
4578874
284979557
451927396
41314523
567944163
144216572
626304651
866766039
711265915
366358372
896484185
248004927
4826160
38724663
498805845
137067068
134691692
785248821
127594664
924538227
690049817
777161433
291712725
747363900
495616609
495780310
482866441
637323831
178339009
610538755
384951437
995547968
199950572
630174927
894452758
256214978
903221914
669836338
439752238
199785190
586300623
159853745
933891365
23482358
193992127
396152790
973175084
227465186
291276823
848719515
717651559
338911730
206191511
975050372
751661984
769929921
384951437
914733916
404462807
137388851
126354290
393335474
734232395
150507382
406534129
114617150
47298672
239909596
806442151
117643267
651831733
224026556
207908345
301256967
32373650
931293884
723916297
806442151
540791553
548255640
662205690
981870925
298620610
398061234
251297295
710045877
787638947
755867363
107816356
798673473
124754537
430512537
657211333
95673858
514802540
854887779
44505551
58020252
124287439
769929921
903485632
164104695
95673858
404462807
157108252
712917317
743928632
547868134
683538680
89690825
187030244
789994663
102695977
780068949
415385114
256821777
304697117
82229777
933891365
137158394
912208782
457230381
66430650
690319247
747363900
397589964
178339009
494874175
124887470
79123297
362399368
197193307
977485422
388061120
679855380
189874901
458573081
709609601
959441775
873735929
218724197
130726899
721617140
580972618
448652394
995547968
992780831
673161982
107816356
121911046
108563469
117743289
549034454
912208782
775246997
802916844
337500060
843410497
505115444
235659075
62328390
397991399
458432099
135829269
3384
821987704
820777211
966579458
200762333
969593929
103106270
58020252
176953162
968712506
548304111
83761743
58020252
952041196
23482358
197219421
184151516
3384
980298662
389020631
479003239
280128240
988302004
34220901
230407481
988302004
630174927
179597442
933866206
541498402
933891365
683538680
470251328
434242953
486167898
260378472
110468114
400593016
239487316
656573541
488726948
601914408
802676821
162101766
275205258
747363900
248004927
386265640
449553206
248028844
807500551
341482505
73636475
25322078
573073669
964639038
889928373
831512117
165803742
300105578
32373650
44352488
751109629
809484310
239487316
648816111
178339009
540791553
867677207
78116788
165803742
186587623
579058257
342330165
362603295
161954763
279729910
149544260
260043094
898721940
661815621
964982728
734164186
376244765
504743624
556007948
565131213
148857789
180632232
699698644
32373650
588563420
208917888
553191769
393595717
800952790
150
108355981
242865381
884158612
963962664
913408437
379797379
446548789
227547313
683538680
773485779
884750607
977485422
289728107
557820851
599726031
273320985
311160174
415385114
733408504
790433113
828638583
743928632
314413453
499890874
979992373
36226666
740630647
227344213
153327831
296909222
831512117
415385114
565502795
741508059
404462807
303719969
679855380
472675782
151667782
380670986
568368152
459355027
109320
314152906
227547313
787638947
873566354
401016825
648816111
42310282
847213438
32373650
114497422
185930935
227547313
983780318
646555427
867677207
870371743
401016825
520997555
25322078
489334816
689461343
249479266
103961583
251297295
13997946
230144236
291848212
439010340
111619870
680748079
101587570
840517467
114617150
339652124
884158612
681925991
56323661
681993120
881989084
231962799
658516737
339323895
919965156
174952426
42906588
865544553
3384
743928632
884158612
918055945
394789165
997406037
405438339
597467121
924961748
580374790
843974522
776421954
322078731
167026947
903221914
746937336
743928632
451927396
875146154
193597698
271143354
379135191
227382860
964982728
331357928
614380239
764523640
146280938
245854365
275127100
846350267
355519244
397446141
884750607
540791553
314274700
547844713
451927396
747647038
448224737
764523640
350804165
780068949
3384
42310282
96177646
801184785
32373650
32373650
68899906
959894323
582836957
141094517
69349174
353213852
986345000
129720502
470251328
678011680
985315832
386265640
144214372
183698012
253717701
455600159
937034946
174875262
991435600
314274700
73432071
156836820
824309164
237356725
342674023
830174917
539831708
704852441
380984752
602158731
722433205
381707779
200016492
592951711
23482358
607907462
919965156
608423628
314409236
89510141
340688548
743623566
371643279
644426802
30786647
834469277
251297295
366563857
737852737
665998920
540791553
683538680
34850360
828372704
227382860
494874175
121413468
457230381
827874435
32111757
109320
912135238
349120238
995547968
527030158
99876815
534205842
23482358
843410497
581264389
216434624
3998093
65431654
227382860
556007948
70843747
927286892
784257617
875418347
952280907
312022925
137455543
625079525
70843747
623477381
454933126
83761743
759515613
52566053
545525098
694673081
87463258
865494791
432014392
320086509
117643267
3384
781410145
614380239
3384
644542308
227255957
926161821
458432099
772214221
889834966
298620610
1037290
386265640
928419854
988265960
780877932
93533015
297721548
305174163
395205030
312084886
778692214
443607341
109320
787638947
503337797
918055945
114617150
459297419
246423542
630174927
349603248
874972314
878938149
831855185
660221308
283193164
607869628
165803742
229829184
596172967
788822330
384951437
388098606
228647497
705234926
806442151
649329457
444805188
786463425
251297295
294780030
444805188
72401051
4578874
462480493
827874435
443008429
649032276
909101208
479347461
103961583
631247818
663349178
372339610
233906268
918055945
249420944
977254467
827874435
82229777
313890048
46598156
785693266
437725106
107745556
136278963
34220901
811991507
683538680
379135191
353660829
751109629
489334816
251297295
309914368
860830065
109320
34850360
737353602
872933468
482636632
616891032
266817222
166887482
103961583
667361655
801946496
242026776
369865985
185501014
834959816
402286507
198025561
279664418
342330165
195891824
197066091
902837701
137158394
741902880
10
323231278
834429163
109320
540791553
344202284
305205952
711265915
596813636
691425212
769929921
467714031
721617140
785399173
58020252
481922023
132547399
335362996
298620610
48309928
829563740
988302004
249479266
557337497
135704793
349603248
172901029
280128240
567655056
787638947
273320985
413636103
207908345
748985771
457230381
283043040
778557779
738200694
131907858
888794421
70843747
4826160
170621443
273320985
818677879
867134489
906562427
933866206
375375069
364438565
802676821
549424140
771001191
276919846
686024467
113038502
845781386
182550439
413960064
540791553
100441623
103583262
167026947
649329457
332564058
227465186
461608664
807500551
115930276
802916844
210731855
795592976
886922996
424614948
788975441
604887395
686406158
143373434
713620440
650577771
3384
448224737
5853396
96205069
827874435
290767032
228692805
647077576
148516861
108540355
745810009
850363879
16977106
165803742
51066627
677188984
805537445
580723071
964975581
66430650
865544553
988265960
142747069
557820851
151662031
281255127
498452931
704936703
32373650
242026776
704936703
802676821
725059914
55451322
963962664
549369175
738200694
341482505
847563422
89080288
318173491
495399530
240413499
745810009
186587623
230696229
952041196
679855380
3761461
444805188
341482505
412533633
275127100
487814049
93898630
884750607
988302004
129720502
111083087
717294646
964982728
802676821
312084886
16434025
445776860
83761743
388061120
703327154
67086855
286993309
700167415
491829581
251297295
76578404
884158612
539831708
1037290
728091607
189618345
585240519
988302004
694976822
285435172
640054030
248590766
534753598
653015865
607196614
467714031
640490770
539831708
787638947
648816111
91203710
613814529
67086855
109320
853143583
995547968
700466136
738617636
239487316
239487316
964982728
416570047
935621180
594668933
397991399
129720502
163409860
580048670
571157823
482020824
913408437
314413453
46701852
919965156
295493399
903221914
873649420
942938250
569992647
710966417
110337425
599065129
248590766
397129535
433432502
137158394
174307565
689075782
683874710
857333663
814866456
516389303
34220901
759383966
162101766
729252704
16899465
1
494874175
129151366
915470575
598374889
673161982
801932673
859787327
808795354
225799444
12942308
124465489
62544442
802916844
275127100
199785190
807973025
703537546
968584410
231385490
933891365
32098955
477546440
92363518
849859696
376648252
608423628
874973268
188089869
198025561
397129535
464320170
176717014
979992373
759152685
386265640
436715057
516383057
695741792
648816111
843410497
658516737
374096574
862636349
851428133
379135191
195751282
108897599
652300266
482866441
874735530
195828062
404462807
988654992
445038893
131570768
505115444
815690427
215333566
552335111
940644413
980877287
655081614
648816111
672340633
248590766
568368152
249420944
201654796
204434900
697106859
564048770
707918643
166323835
109320
502638428
103961583
294780030
319455794
658516737
442300284
878300294
178339009
275127100
548056668
879212638
649032276
703352755
608423628
362399368
635081971
172879950
669989313
4578874
177347507
769929921
348340452
478420462
720024581
144577080
787638947
505115444
510683305
777161433
403351665
975215850
824309164
992407830
663349178
42310282
199260963
827874435
965310797
226457576
435367714
299032483
4578874
360716129
720181758
749018590
249479266
94966057
952041196
4826160
227382860
357037355
404462807
655015866
673161982
21954943
56750541
556007948
686406158
498943403
82229777
961956610
34850360
181001632
498943403
631662868
819115165
498805845
92363518
746937336
163425475
227382860
70843747
31408945
520817197
963962664
988265960
418641339
482020824
113370599
464283140
882776132
439382495
751885764
376619314
144577080
915247548
765519735
262679136
614633990
933891365
802916844
905405027
227465186
224026556
449866523
3998093
348225141
385752644
489334816
156212398
923923281
14875012
783262049
502872164
103961583
736858159
776947872
416082967
318294545
209687143
598374889
651473196
108563469
623525833
199785190
857178580
979992373
796729186
649329457
436928219
266400133
34850360
689075782
349603248
189874901
548595593
608423628
193275305
607196614
903221914
294780030
435226885
482636632
379135191
775083480
227255957
865494791
714797570
685520338
359309704
304697117
408570702
470982956
977823485
628315426
415385114
193275305
661815621
968729279
676905210
588878457
482866441
787638947
515672530
933249200
436715057
595351570
761886328
679012208
34897025
316372179
538311750
950930161
934820444
148516861
32384110
792714680
417983563
936642551
117643267
199260963
663349178
137067068
747363900
770935442
137067068
736249712
69349174
740442927
113370599
761767051
46598156
807973025
405105539
314274700
96177646
690408691
227547313
121413468
275205258
758052055
349603248
414840765
683419981
354955358
109320
963962664
596813636
168210228
475634304
46530387
903221914
691014881
174198295
163410716
504846748
442553025
606890333
165105338
913075474
914205664
503444762
585240519
933891365
281255127
422094303
275205258
50264002
165803742
853599741
995547968
129720502
439752238
125861931
413879405
273320985
626701595
335362996
771957794
726185148
514245021
264448230
824309164
436715057
412742350
154749238
173407934
144577080
649032276
388061120
611306313
184151516
166663330
387219583
943609955
759907473
929788198
92758893
477546440
696529037
444232445
837576072
150
330925538
444805188
750535699
439752238
985943662
503337797
749018590
70843747
341482505
291038065
933891365
843410497
155114584
988265960
470598575
462471294
448224737
697112023
768266906
388110830
108563469
608818582
759498424
131225688
199260963
42310282
798404862
405572486
96507421
73567544
317896214
648816111
807973025
913408437
964908284
324367954
240896109
227255957
997732198
779066549
309882581
883215996
95673858
132543173
4625040
683683068
795285863
683538680
806282443
749018590
868167509
654167456
46598156
176717014
563162210
898721940
208917888
898721940
92758893
993246911
836064061
99876062
82229777
13700787
60593033
130159798
566582430
255853109
162101766
193992127
773943224
547074557
464920984
743928632
335362996
798152212
918455197
171979113
437723193
983780318
576775705
824061743
145497431
248590766
346138178
249479266
751885764
58362620
669989313
113757794
397991399
429526281
233198499
189874901
733952903
813002479
165803742
767830300
564779217
451927396
683538680
78071789
364670984
443607341
980861909
802916844
884158612
940644413
494874175
571607881
481688247
318294545
685747156
453388705
545525098
347090776
740630647
174875262
1037290
397991399
415385114
333152817
957918299
140264176
514002645
641797405
809097918
95673858
986345000
433020261
304697117
93296993
342330165
185501014
894660639
4826160
843410497
843410497
977968202
716100284
402694382
129047368
34220901
918055945
620238959
34220901
27810873
349603248
980927982
93718562
704827836
152322743
803119552
27810873
769929921
690570192
700167415
453847891
25322078
746937336
273320985
807974091
278976413
278171856
663349178
778557779
565145338
122450750
213037115
362399368
67086855
32384110
665040217
596813636
598374889
991400574
297721548
608423628
764523640
130159798
93898630
417261752
78646918
380010526
312499983
239487316
151840805
699519350
800363356
884158612
981870925
728504379
334845282
291848212
412533633
840517467
332633547
705234926
747363900
503444762
150
824309164
100441623
401132473
373185282
227382860
977485422
125575379
291848212
819794938
627505713
978177060
933891365
346243776
476635064
524632621
416976073
587621195
621372446
991400574
397129535
227255957
37608215
172901029
933891365
928594668
593223555
514245021
873735929
773118870
815485525
377931292
114617150
443093415
698311899
787638947
865494791
27810873
488188421
574594845
229942398
986345000
832329220
806442151
711265915
436715057
848922346
477546440
470598575
185930935
933826765
818265792
83761743
555573743
432187257
184151516
291848212
928419854
788975441
217844755
986345000
34850360
100441623
581264389
3384
32558137
704936703
212848037
92758893
198025561
760500804
314413453
67153896
815904302
83372355
716574648
603074030
901580964
773118870
338911730
208917888
928419854
273320985
507634900
448224737
129720502
780651162
845707908
472750916
843974522
745810009
514802540
278976413
186587623
794088200
412533633
330157086
32373650
114617150
607196614
873735929
782033694
227382860
141770854
358133005
401016825
988265960
933891365
163728256
162101766
802916844
227255957
997937943
694130923
32287383
628587556
661521157
290767032
873735929
144577080
151344298
93898630
489334816
172901029
92363518
77425666
8060067
178339009
314910616
101910494
648816111
396410662
115993030
856752177
470598575
312499983
425605087
503444762
275205258
927693780
820448525
149838829
867677207
376389513
726249078
546584206
916599034
449712539
602121847
458432099
3384
386265640
163410716
278976413
970678978
862636349
372339610
965393502
796122987
283632126
242740256
451927396
988277663
39777725
114617150
96507421
195106972
705239551
788975441
648816111
76276047
992407830
69906296
130159798
329313371
290767032
248590766
23122165
360357528
411235759
923853200
927162458
229675902
198025561
396105165
441803901
667218004
278976413
995547968
846880833
181177380
711265915
988265960
199260963
362478492
635046775
132806727
472750916
178568798
100008506
388061120
32384110
165803742
514811540
652957016
388061120
170864699
79369606
626701595
185501014
108563469
477546440
780068949
587128842
289161537
728091607
196567846
314413453
963962664
998619874
97902678
397991399
175659911
34220901
824309164
585240519
290767032
485495735
436886455
936733016
843410497
511339069
110468114
581264389
324944345
23482358
992780831
143274624
681941351
487814049
891391225
790560858
988265960
479128714
774104132
121413468
415385114
70843747
270710518
83761743
349515704
654695550
274492121
251297295
539438349
108563469
788975441
189874901
548444787
608423628
575957157
583935581
92758893
407496827
130159798
3440041
18120091
296572946
164505769
482636632
716574648
469001335
673161982
13767233
372339610
745810009
372339610
721617140
350009761
940644413
336282704
340980453
689075782
795285863
487814049
137158394
269522820
305174163
172901029
673161982
410125891
802174702
924546488
1598817
444805188
647338150
627439239
303361801
1
294780030
652603306
367086167
672340633
807973025
163410716
818265792
620873450
321847252
193275305
721617140
137067068
533434231
968025544
303769044
170864699
373635
304299088
316372179
556007948
162452126
568352319
286914790
130159798
365777724
15920946
172496030
505023207
967102009
936437646
927109032
261988289
640960789
129720502
780931988
716100284
135923657
855438011
950129528
413433988
1
428574896
397991399
792873158
634247715
10
69349174
991400574
471383940
867677207
986345000
582458012
524007767
151667782
312737083
98919434
749206037
667981893
818265792
105126116
388264122
577145948
787695085
498805845
3176519
980877287
293191371
340980453
493854947
412283500
992407830
348796206
269522820
452094062
910740965
378230364
107816356
824309164
60538003
477217709
661815621
281649658
624459213
945309929
439752238
825525309
176717014
93898630
626310450
788625380
977485422
621372446
31121672
381188992
412533633
364670984
431828991
986345000
96177646
753568763
197337940
722820364
155114584
991400574
854834944
992407830
905718360
169626269
545525098
365777724
743928632
227354281
309914368
980561232
233330264
745810009
305174163
778557779
318294545
473169681
56181334
670700191
452035468
92363518
988302004
96177646
556007948
4826160
214247854
137067068
3998093
103809382
257056626
885392673
507634900
486167898
621372446
444805188
988302004
314274700
204750951
248590766
771018330
401016825
573375284
6165630
150301359
278976413
639083250
318294545
170864699
788569438
81451837
220518659
34850360
840517467
545578923
661815621
751885764
514802540
405572486
603858578
255236832
703573855
689075782
928419854
227274003
849471627
150
3384
149544260
948844405
303624232
92363518
673161982
981277773
170864699
669989313
67889531
689433155
52087139
820777211
551968087
58687280
379135191
239996594
641467793
397991399
728091607
85543339
654167456
677771356
100441623
280128240
918455197
919965156
922601629
639544412
764523640
66430650
912135238
634247715
324151100
841243617
100441623
402737690
275507421
545525098
825656769
746937336
482020824
100450157
962510999
74666262
172901029
150
823942527
311587854
482866441
620647271
185930935
777161433
225799444
67086855
935196731
229250588
992780831
943550852
806442151
369865985
928419854
916856782
5064830
845426348
608423628
43552599
242720196
991400574
470598575
648816111
726185148
532812924
392163346
532636052
899162623
281255127
493854947
10
48454399
647705917
86044498
703235281
436241754
788323802
571566148
184151516
803039224
593142396
106028920
248004927
989144412
470251328
686406158
478420462
141304315
430372234
524160494
976022796
917546636
436715057
179597442
445234731
207908345
977485422
205644572
107816356
96414601
414000909
429994035
876475108
407110564
679855380
92758893
172901029
148516861
204434900
46701852
489334816
992780831
227235941
444232445
39218592
812104431
723776992
623776453
870633438
172901029
929788198
596813636
58020252
686406158
424045710
392974199
594517594
202762050
24029212
92363518
22280791
525443555
42310282
843974522
608423628
867677207
689798617
1
316372179
893395402
405572486
454137687
170864699
280071620
69396299
738633941
243491350
364670984
182474903
672340633
259223305
941057133
404462807
108563469
649329457
168571600
159853745
903221914
65639154
751109629
355477342
272500754
362603295
447184671
695032437
369865985
642028804
114541802
438037212
369485925
174875262
740630647
204434900
276257260
248004927
239487316
249479266
192461674
362603295
302387774
335600219
482636632
9689690
779370659
431374671
489334816
661815621
314413453
208917888
327622041
775977649
113370599
780068949
168210228
96507421
161531244
583410351
635029651
609464981
952041196
447216914
95673858
127865514
376912089
427436083
43381205
602121847
988302004
516383057
412533633
775227095
4578874
819225712
190208389
741394408
83761743
41918517
977485422
412881088
108193922
865494791
57193410
128784292
898721940
591940011
716100284
135595387
457230381
137067068
394706510
854540907
528229477
32302766
803461847
607196614
585240519
92363518
226526137
397129535
834958128
430888300
967039969
324367954
391833473
248004927
746937336
4826160
493854947
32373650
184789162
562986044
193275305
555965453
159853745
401016825
904969379
146254333
444075101
179597442
202338731
965023304
704248005
898721940
799975542
226454905
481238881
670897340
689075782
472750916
978201155
654167456
614380239
850457652
65422430
763709567
275205258
991936091
103094182
682589547
46598156
103961583
280128240
489334816
16977106
895495271
777067194
221330409
379135191
25322078
78646918
291848212
634247715
751885764
329341535
865786012
607196614
161242295
795285863
990124782
716614670
894646507
184835884
3384
608423628
842176960
937503419
875203650
443232447
376183844
68369821
926944319
934973657
178657742
369865985
342330165
742200162
933891365
397991399
387120643
627217632
802676821
168210228
186587623
152172319
927788844
195828062
815189852
248590766
78646918
821987704
493596319
482020824
716745324
32384110
474274348
924077744
751344444
216100289
354740411
194938942
679855380
746937336
208917888
36191793
43377698
269522820
186416500
32373650
386881496
4826160
163410716
787638947
161752628
58020252
198574422
720062563
795285863
584414338
309914368
581708335
658516737
369865985
633556905
527030158
319090469
145718977
83761743
425660869
294869700
802676821
162101766
614380239
679855380
93898630
149544260
747363900
181211836
67086855
129322827
444232445
397129535
899221814
498805845
631479712
765365152
32384110
145492759
195828062
986345000
993457868
568368152
46598156
367152282
690319247
79302143
543569439
673553827
829563740
527030158
843410497
986345000
227382860
372339610
885392673
4578874
705234926
159853745
747363900
169707627
236591102
602121847
867677207
761380131
260617090
349603248
861656449
25322078
900134011
149544260
405572486
672998575
224026556
248683497
743928632
415385114
130159798
591408131
93898630
772779791
156285460
304652190
58020252
516893179
828771726
16920526
249650956
651990091
314274700
557337497
90863839
721617140
932287482
201444347
229403998
9032899
512760283
885392673
469586409
899876011
711265915
761511976
177984452
823771903
726047469
352436050
726185148
883443528
93898630
443607341
362603295
155114584
999955180
459756422
155126845
317521720
979228928
956189419
658516737
373635
398089477
919965156
589189100
444232445
717552752
986345000
352550912
218198784
184151516
749018590
486260703
859314762
912863145
314409236
309914368
349591162
330525213
995547968
834429163
3384
997728180
838546720
349603248
32373650
96177646
137994551
96507421
103961583
459438156
794289386
658516737
929020716
403262404
923591099
614633990
305174163
842176960
840517467
4826160
96177646
618529556
524632621
513068698
608190934
945309929
865494791
148516861
114617150
663349178
172287299
653779252
145633276
135639225
981870925
791730459
884750607
843974522
448224737
245798617
378310937
34850360
609190681
621372446
621215435
795285863
658830272
639440848
339323895
482636632
913408437
731544231
545525098
28678963
523798558
486167898
462480493
828592148
165803742
384922539
413231838
995547968
981870925
387120643
676654005
198803955
124887470
402737690
840517467
386265640
117213458
858707207
365273166
694068476
479810800
769929921
521170263
648816111
263134124
804037866
325111139
198025561
991724917
329313371
176717014
326901762
67086855
482636632
354740411
781757981
557005273
35387501
893419002
96507421
275507421
304697117
26513300
239487316
334061638
207908345
553556257
524632621
458432099
181847325
374317368
740630647
169706203
66430650
655442667
132399526
294780030
708923126
34850360
714797570
764523640
404462807
954973346
412533633
687067018
237728243
992780831
874244579
865494791
251297295
940644413
905319575
168210228
456723413
912863145
314413453
336708481
492411416
240879853
92289599
229203063
840517467
365777724
58020252
692934232
95557232
230479858
600546669
280128240
832706364
884158612
129720502
905971389
10
602280717
166901631
465411180
149619340
347090776
32373650
193275305
965234787
110468114
4826160
517337153
70843747
983780318
772617359
675711915
137067068
294472439
837637351
258063150
340960874
792820642
460117652
312084886
664246310
249420944
540791553
111816174
624965373
24999073
581264389
280128240
745810009
617255720
304697117
34850360
76497709
601332448
411962408
193992127
4578874
843410497
654167456
35874356
209949845
728091607
869019036
126566515
405572486
199939350
72882776
193992127
645514599
893179956
168344267
630174927
386265640
347090776
977485422
67633894
34850360
66605158
988265960
73381881
718913461
516383057
70843747
764192282
860429637
988193124
751109629
150062270
865544553
96507421
545525098
898815545
898721940
186587623
13193888
797000409
514245021
528903135
3384
58718888
389123937
275507421
980877287
248004927
785476341
704827836
450211726
461698551
349603248
157478788
539831708
981870925
741272848
100441623
682641246
392778290
967911531
93898630
129720502
545525098
466442807
323815520
507875357
425797994
345422821
105004375
498992308
429414225
478420462
806442151
542079967
318294545
389927427
696629387
715582007
716574648
679620352
10
584032108
458432099
626701595
843974522
227255957
599627604
751109629
746937336
236178666
626701595
32384110
137067068
227382860
638726611
534203116
669989313
309914368
298620610
172901029
526321720
518434927
223468398
527030158
986345000
347000634
314274700
444805188
841173139
697004251
904668698
300746251
709064758
444232445
81042914
150
448615419
750027655
395178403
67910996
286007579
10
530787975
740630647
839859920
70843747
51221958
95556376
472750916
844832551
575725782
398089477
844525790
834354273
715864427
259085522
421033147
103746343
711265915
196177568
454933126
159854257
294780030
246782368
598374889
314455470
163410716
466163001
335362996
436438839
632883096
108423977
471526183
802676821
992780831
954148006
162101766
629600460
829563740
855451213
535652063
512079942
3384
548444787
110393412
556007948
178567914
489378908
539831708
137067068
151667782
45452230
995567150
463536528
529198954
16977106
634247715
326901762
524632621
25322078
705234926
347474170
291288305
982280336
661815621
472750916
278575103
168210228
168210228
489334816
129720502
595178178
477546440
873337815
227255957
83021426
207908345
168210228
833362659
785859272
751885764
261019438
507634900
978500210
621372446
721617140
654782079
199785190
32631403
25322078
932803872
721617140
121413468
410426107
404462807
884750607
538253818
632365059
793955690
775001739
561905413
274853035
638562159
764523640
273320985
78646918
721617140
100441623
477546440
919965156
867960993
281255127
260997926
557820851
630174927
540791553
546494656
3998093
370883762
959490074
602121847
690319247
324367954
999872181
700167415
598374889
816063139
322591169
717009083
314413453
479810800
340333119
885392673
486167898
655015866
457230381
942857649
717687291
390536775
197094324
538597816
568368152
648816111
782229672
807704139
311295813
703517770
745810009
69349174
51671830
690668494
162124330
464882210
137067068
367207121
851982692
940260316
834429163
545921041
706615593
498805845
43468502
448224737
761813041
676782695
163797757
179597442
867857954
130490013
25322078
117643267
929932487
832675010
10
312499983
493854947
372339610
280128240
655123089
992780831
234927389
110753382
505115444
50068590
585240519
854376801
587750281
992407830
110577952
689075782
69556684
165803742
227382860
576851417
137158394
745810009
165439708
689783090
397991399
880365032
770935442
269522820
72220362
840497092
862636349
820777211
93898630
414282275
650852774
776183225
520498084
313634537
239487316
498124760
716100284
981870925
968256715
583960991
703560140
494874175
558283018
42310282
415385114
396405936
788975441
524632621
356958304
576798301
184151516
387244758
649032276
405861880
96507421
206947818
945309929
137828652
849859696
482866441
291848212
329313371
397129535
544470
4826160
803039224
747614138
66430650
582722776
988265960
614633990
255735843
151667782
190846949
967680971
704936703
311079870
640555301
397991399
173855188
435442821
289321724
93898630
335362996
454933126
412533633
100441623
820777211
397865794
843291107
471468995
27060647
540463396
444805188
189874901
114617150
669989313
832057056
694908974
482636632
198025561
591580432
538083453
92363518
78646918
95745972
626246472
169452149
49095723
82229777
848693628
34850360
580210931
872965469
304697117
260280837
986345000
100441623
416976073
903174907
976197626
545525098
199260963
716574648
280633041
478420462
992407830
743928632
514811540
93898630
757074408
175533003
489772857
369865985
614380239
368090805
434586066
748332759
482636632
435109416
983140433
484098812
995547968
633718283
928419854
493335533
615395938
487814049
444232445
74621406
385816409
3384
545525098
656650156
672340633
988265960
503444762
637744713
925748039
737290431
827874435
507634900
613824595
825203905
855585987
823046072
948108932
362603295
66430650
749018590
689075782
949738390
414033894
583497015
843410497
773642226
330594628
224224635
317360924
986345000
16977106
967102009
704827836
78646918
714797570
329313371
616483481
56251258
903221914
193275305
697456748
458432099
548056668
714797570
340980453
100441623
751124810
107816356
566512676
803039224
843410497
850194875
303333814
262372349
614633990
211894055
264217899
770622903
811886600
398089477
966911470
326901762
498805845
17546745
148516861
913408437
398089477
444805188
331042
10
630174927
143063318
689075782
293139311
103961583
448224737
412533633
279177670
444232445
988302004
454933126
251297295
694612974
77485141
184006760
305174163
478420462
520481071
865544553
443607341
412533633
150
595522031
68598743
46282591
70490549
66605158
259387273
150
10
369865985
883693359
540791553
516383057
411941095
96507421
58020252
298633038
893391121
898721940
398089477
516383057
298962669
477546440
290767032
108563469
207444583
424614948
647422566
439752238
991435600
453502018
11454763
728091607
859176784
191372117
159853745
991435600
419348861
664212978
148516861
325792422
7558481
751109629
177901221
172554381
55606486
42310282
224809181
711265915
381153544
137158394
482020824
946278411
524891179
287667116
846438073
783602070
274021594
794289386
658516737
927657366
373635
849819193
146064147
757244683
142742531
363318509
661815621
85887550
749018590
654540322
32384110
806716648
988302004
751661645
151667782
634476291
32384110
932319141
795064330
689075782
112373034
637653710
992780831
401016825
993246911
505115444
829563740
898999016
381969002
855666000
966116459
414526291
520295904
31881751
654167456
498805845
298620610
454687855
746937336
842176960
334669321
390899684
152453585
193407912
776083575
774906220
948935321
1252074
32384110
981815715
220295896
150886932
842176960
740344255
362603295
586740355
542425272
740630647
555987869
514802540
162101766
365777724
406927042
3761461
334973884
843974522
159853745
324367954
396211155
1037290
145463571
794289386
807973025
249420944
52574839
849859696
435563876
156285460
264320641
460389276
298620610
172901029
992407830
103961583
415385114
404462807
106862916
720290381
211960357
156285460
347090776
144577080
856703994
602121847
662778182
935533898
793516001
945309929
897068725
743928632
249479266
809473468
254924420
148516861
306051231
706153832
10
306634305
174875262
59558472
444219612
156666084
26432679
5635971
306170875
309914368
866514686
237126255
64779401
32373650
248004927
991435600
373635
31705939
347090776
957267280
377600992
165803742
530216737
109320
824309164
249238568
207908345
326901762
627710497
620610081
663349178
231908541
505115444
585546918
198025561
399367902
779342623
645951344
413524871
715184821
904238283
545525098
96507421
248590766
711265915
32384110
827874435
904333611
294822836
444805188
305174163
369865985
251297295
934768935
448861603
595001990
199260963
794289386
746937336
463535049
630174927
133910520
933891365
662750317
744334705
498943403
273714116
472750916
903221914
770935442
165105338
764523640
197170032
548444787
919965156
779342623
820777211
326901762
299840237
914435776
557487545
462446805
394233366
618302535
571361113
713926497
362399368
602121847
337778606
960684274
717552752
881775823
497635656
795285863
714797570
248004927
404462807
494874175
598374889
548896897
264504652
132844470
477546440
829563740
988633521
964870704
362423494
747126298
945309929
936257215
362603295
92007694
823046072
296267374
304697117
109320
32384110
781529825
482020824
821349077
717404020
25322078
412533633
3761461
352350080
764841493
657923717
46598156
829607730
319961353
319212042
199785190
933866206
354909993
487814049
67633894
618215537
379135191
991435600
304346560
385898818
135022042
135242147
583658761
248590766
312499983
483165171
402737690
472750916
504017398
497639104
300740059
649032276
110288662
635954104
647628612
766797815
898721940
199785190
82229777
773118870
185501014
51431981
881043269
272825299
624528930
467714031
675703192
764523640
885752129
507793727
704816985
10
160447773
550430690
556007948
980877287
728091607
652468595
397293493
144577080
548056668
326462744
400731383
144849474
748789023
477546440
151667782
554312969
384951437
704936703
963962664
116430330
248552470
119913777
973984858
79184239
964941374
701260422
163410716
912208782
92363518
444805188
726185148
418643769
683857727
453448161
918055945
4578874
219104193
349603248
412533633
193275305
137158394
422220488
35555143
933866206
873735929
843410497
478420462
176717014
133648765
837251939
431233254
487814049
744136271
239487316
280887513
379135191
324751258
952777039
67633894
18545812
690319247
373635
608423628
947283966
717552752
690319247
701835261
166494217
862636349
189874901
516383057
979992373
977819562
505836574
983694754
686406158
491213494
932801013
242026776
114617150
482020824
457230381
83103359
903221914
514245021
849859696
142573725
349603248
777161433
301898926
348417987
573784092
379135191
667936441
131225688
335362996
822875659
963962664
397991399
784899973
518276980
337382054
616010658
979992373
600519769
95673858
634247715
988265960
341403897
84785553
471501083
717552752
493854947
663541350
349603248
527030158
1037290
673070712
434206041
556007948
114617150
493854947
382025713
61150330
603776136
481504712
369865985
548056668
275507421
67633894
375415318
713968700
676708332
873735929
248590766
547382420
487814049
919965156
973357769
570558429
649054466
747601024
10
366341399
706153832
782098135
79184239
275127100
231120253
912208782
379135191
404462807
933891365
630174927
117643267
226338521
347090776
110160959
721587998
204389195
898721940
291890207
524632621
93898630
704852441
778557779
499309715
27810873
251297295
291848212
740630647
745810009
174133176
195211236
150
67086855
698792918
614380239
238388590
372339610
699106696
626810441
596813636
174875262
9953479
679962835
340980453
100441623
794904499
871361575
475243399
343842556
482020824
329313371
572080700
137158394
986345000
472750916
505115444
511788179
720570453
686406158
742577262
984450780
733864807
614633990
155114584
179597442
792260600
875428338
66430650
568368152
797002660
898721940
163410716
482866441
73693380
589831431
305174163
498943403
764523640
228985983
840186697
806442151
350325606
67633894
494874175
581264389
153787154
899162623
614380239
412533633
7223378
661235446
258765717
995547968
32373650
965593555
382950903
46598156
683538680
448224737
443607341
74383303
280128240
373635
148958135
314116173
476396854
516383057
807973025
990685755
958627065
329850540
932372185
459756422
912823677
651994854
240879853
865640723
373635
108563469
85700940
13605630
273320985
339855916
696054938
675608021
866205660
498943403
369865985
879258377
390770137
78254281
387120643
639121174
32373650
558384254
335362996
396792352
412533633
362603295
710651691
387349476
974361845
873735929
66923545
845134960
2278027
585240519
154221862
865494791
824309164
807973025
466668770
438989331
771769239
575811142
859730236
842176960
770935442
211960357
388061120
918055945
753793036
649032276
60889551
131225688
32384110
312408461
940949104
772214221
820777211
312499983
207625767
721617140
593035579
912965069
575747538
312084886
556007948
602819125
999304530
871421633
912208782
372339610
428682432
478420462
693899949
203732155
838087941
564029822
945309929
928419854
767573040
687875248
608423628
314274700
80723166
349288468
977485422
663399600
566462535
750861586
276159432
416976073
832236563
275205258
300265609
197578572
845494046
108227208
840517467
345422821
714573713
332836785
514802540
977485422
139109543
614633990
326901762
467714031
144577080
787638947
482553925
649329457
10
347720372
95673858
148516861
679772334
976046972
795285863
911397142
915997649
795285863
379839291
218601998
179597442
278312920
898721940
334490450
779342623
366399007
795285863
757496892
527030158
223151009
32384110
411196788
93898630
56677451
683538680
341482505
680748079
78646918
981870925
93898630
404462807
983780318
263309232
880103460
649329457
386265640
981870925
130052720
703122458
65354871
873735929
155114584
355163274
165803742
477025035
261960911
933891365
677281880
498805845
482020824
763537289
470598575
107816356
862636349
714797570
3384
777044095
249420944
363499322
655015866
304697117
444898800
870226958
389927427
32373650
15635995
938968337
992407830
279920546
149544260
291848212
318294545
711265915
494874175
936431635
439752238
184151516
632339912
865494791
483485208
335362996
32384110
239487316
886461053
163410716
823046072
862636349
341430072
314409236
298875156
27810873
95673858
464074160
198025561
451927396
605521972
211238995
988302004
491445249
700167415
532060721
489334816
648307783
369448385
639463496
31836698
803039224
271542957
654511024
154221862
983780318
272316890
298620610
64293815
334533511
840517467
425523144
498805845
224519880
379135191
779853233
185930935
47912924
269522820
880165808
365777724
124887470
503337797
712404861
379135191
849859696
465369998
749018590
338436653
128197504
250127113
746937336
945309929
78646918
777721651
992407830
248590766
548511348
184151516
524632621
815831189
451927396
747591479
887009297
325748307
940644413
853914578
447241878
397991399
251297295
671154598
109320
349120238
861745304
658516737
84961096
545525098
3998093
546475997
318260853
682702559
200016492
398920143
401016825
821611114
885392673
514802540
486167898
780068949
162101766
137158394
981870925
439752238
199260963
92758893
138058377
543207108
556007948
151671482
281255127
100441623
312015086
363441384
516383057
413433988
862513782
442851953
548056668
248004927
988265960
493854947
807009028
661815621
732629077
342165686
525631367
986345000
802676821
620055085
652938489
372339610
42249128
270710518
371582452
663349178
131225688
193992127
862517606
401016825
273320985
424111914
219623265
602121847
397991399
460982479
919965156
280128240
174875262
275507421
465202108
568368152
858764053
681756781
685063777
952500068
748439890
686406158
903873193
248590766
713901301
802676821
613639631
711265915
92363518
93232780
850797674
470598575
335362996
873840738
450474535
389927427
401441266
444818585
343578442
991400574
708915552
32287383
251297295
997269771
147606692
988302004
963962664
545525098
341482505
340980453
1
912469442
536646409
97876674
967102009
314413453
654167456
876029486
370685510
393658570
428597276
67633894
983480525
614633990
946545011
711265915
865494791
165803742
3998093
46598156
32111757
407866274
844190299
854887779
747363900
581264389
751885764
309914368
97265689
681585953
579556925
369865985
729028232
451927396
582997694
329313371
705234926
649329457
649574900
225799444
947342007
585548748
837706143
548606755
806047617
275205258
70490549
912135238
298620610
257429660
83761743
898928724
140074076
194171845
364670984
450906753
558321182
251297295
467714031
12148337
699760117
224718314
312084886
789395930
995547968
503444762
824309164
286943782
144126768
249479266
239487316
332914645
812071953
591069966
225833506
165105338
198598740
278976413
26786853
129720502
513492491
448224737
991435600
707403668
705128538
928808302
556007948
637182674
354740411
802916844
316372179
608423628
204505077
770397924
4578874
436715057
372339610
32111757
275127100
980877287
794289386
913408437
806442151
448224737
146284095
275507421
977240690
494874175
200016492
495780310
294780030
717552752
904925784
820777211
662300704
212220608
314274700
981870925
729221764
451927396
203307651
220750689
630174927
455789945
806463064
1
243439432
326901762
416503914
4578874
92759713
3761461
482020824
556007948
92758893
903221914
372339610
704852441
388061120
782245800
402737690
7910155
701226590
859617548
193275305
58839754
431907134
134429990
83761743
424614948
945309929
207908345
827874435
714797570
824309164
540791553
862636349
477546440
945220037
417472712
912208782
16977106
913408437
96507421
69349174
312499983
521804160
841701247
364670984
991435600
721617140
523968381
210579424
559795477
195828062
37216803
34220901
210427426
912135238
738200694
602773955
160068755
207908345
445988034
248004927
839569065
763446394
137158394
298620610
248004927
396429202
137067068
680748079
208917888
137158394
505115444
648099254
179597442
930213478
451927396
746937336
673161982
595860269
121413468
312499983
503337797
521027055
472319674
54811052
249420944
498805845
457860365
314413453
752584741
270710518
349603248
397129535
202968814
165105338
345422821
806442151
342583824
172901029
995547968
331675131
693247224
658516737
482020824
451927396
487814049
55845626
992780831
404462807
179265416
952041196
646433986
663620598
623761341
985729236
884158612
530971748
791166543
534139142
861334006
881775823
704827836
970494230
800373238
230549501
933891365
275507421
259551417
46598156
320379809
572493958
513306201
34214404
52443410
726369155
884158612
138264888
751109629
137067068
761628927
415385114
824309164
167411628
323272229
549641961
227547313
153309481
982783124
691188557
360373732
227255957
568569357
348747101
204998691
326901762
124861903
129720502
581264389
347090776
933891365
335362996
95673858
808767384
661815621
578408840
713620440
451927396
686406158
883747434
444805188
549911839
42310282
12749566
341836558
763063410
983325403
479810800
964982728
224519880
988302004
55938345
539033587
388061120
592547888
799140622
307110246
281255127
23482358
9955280
820777211
25322078
732829543
66333145
386265640
462480493
904236558
100382077
889039031
436602449
167026947
381083462
386265640
227255957
189874901
788697033
314413453
503337797
388261032
467714031
716100284
996776137
331288532
823046072
362603295
705234926
100441623
663806072
42310282
92363518
467714031
823033701
275127100
4826160
396277534
375415318
350681750
763407155
829563740
34850360
114617150
145047033
176717014
503337797
743928632
95673858
16845028
160703984
360394894
855394502
450375183
980333344
400905707
637653710
608423628
624557948
451927396
663708695
482866441
913408437
568368152
823999558
853476240
412533633
602121847
477546440
805684540
542816676
967102009
763751790
700167415
117643267
648816111
68021729
304697117
51066627
418618615
787638947
95747396
389927427
459029764
811038666
108563469
60366264
992407830
732866838
882974960
539831708
683538680
865544553
891066199
342330165
810519557
362603295
524632621
14173976
93718562
398853485
3384
10
155330082
3761461
603718979
749018590
503444762
172901029
32287383
891611426
323042614
887345620
340980453
386265640
121413468
90904628
500804292
265779561
854006239
751885764
729306158
168210228
751109629
464063534
97411760
318294545
34220901
52605656
10
721293285
170864699
635695172
919965156
640098652
257146395
204770449
129151366
780068949
405572486
858547447
728779367
495780310
820177020
286628503
156285460
356523046
96507421
943689666
721617140
178339009
437451509
478449515
3998093
83390385
179597442
637246318
312084886
747363900
903221914
683573278
552804904
153158762
448224737
15546036
494093341
743928632
198025561
642870583
451927396
155114584
326901762
91828873
461588077
44024242
34220901
130213964
591242910
834429163
148516861
749018590
338911730
686131290
709289181
865684947
529600297
980877287
231195242
452035468
899162623
10418598
200016492
884158612
26185841
780068949
628636674
565540970
749018590
862636349
716100284
330936553
745504941
393602490
696580608
248004927
470598575
865544553
854625532
546239969
403732024
548056668
614380239
275127100
821987704
829021584
130159798
694968248
907456687
349603248
717552752
999834156
912208782
986345000
933866206
345422821
114617150
462480493
550669120
93718562
776748999
724644064
573375284
783413531
533448205
779342623
884158612
497481353
219881000
482866441
865544553
316372179
866835443
185930935
169665226
567588665
950183709
995547968
478420462
76503126
843782267
121413468
3998093
384951437
34220901
829563740
489334816
541277373
365110764
756839429
630174927
193275305
167349672
690319247
993458441
630174927
117643267
141057104
494874175
66923545
499989716
776358876
176717014
704852441
601042236
153659961
935099117
545525098
199941955
929712975
640494301
137158394
607196614
372657298
498591850
925768876
806442151
586021568
225799444
314413453
425800382
89648631
658516737
297400259
312499983
690129195
649827750
410239669
355487513
275127100
445359861
272391786
783566438
482636632
673161982
630174927
282250990
476659120
995547968
75229842
654167456
608272636
945692992
672340633
887043027
425494050
927975208
423287220
110468114
341482505
942549569
801581171
111657035
423511684
95673858
665259958
137067068
630174927
689075782
654059933
386265640
404720338
479810800
986345000
239487316
905726599
52953843
265287385
389219042
291848212
927104437
881775823
782972187
118024464
35605178
17204784
646821478
130076050
248004927
749018590
384951437
993791111
963962664
159853745
981870925
802676821
291848212
938095704
354740411
864114189
401064756
411996778
598351995
96507421
776259504
600158505
137158394
498805845
436715057
507236163
579356674
858208887
137158394
865494791
482020824
711265915
598374889
342330165
940644413
983780318
119341261
34220901
638109897
328757276
885392673
275127100
185930935
148516861
661815621
415812470
148516861
315477694
843852813
770935442
979992373
963658916
249420944
642668186
176717014
648816111
364670984
951237335
237197360
898721940
743410376
740372098
407755770
961462803
208917888
121413468
981181480
410599607
165105338
261366587
467714031
548056668
383948117
35051010
773118870
803039224
602121847
651248023
291848212
143282954
96226241
199260963
764160661
4578874
200016492
443607341
441487825
130159798
573375284
992780831
709879049
92363518
983780318
215095298
275205258
292437556
201948778
354740411
16113183
239487316
347090776
169702590
110078474
199785190
949807632
87878544
926182649
577343741
457230381
747363900
493854947
981870925
624021543
332956497
840211293
909573985
291848212
494874175
125160439
333665299
788975441
248004927
841612905
95673858
947342073
988302004
540791553
232544950
402737690
779370659
992407830
352309786
905371011
684903006
291848212
194235649
207908345
598374889
458432099
362603295
949918356
150021589
936187010
1037290
764523640
27810873
614633990
498943403
642368459
683538680
824309164
993246911
248004927
79972594
341482505
756500040
525788085
917322921
829563740
654167456
585999876
638119051
709927063
298620610
306074484
746937336
107816356
280128240
511596858
495780310
401062440
312084886
507424781
320165921
451927396
93898630
644242694
11583535
338911730
458211297
237083923
159853745
732358493
186587623
109320
754297200
105803865
144123226
658516737
184151516
544227180
379135191
874599353
514245021
10
385681624
700167415
164436084
635057409
884750607
193992127
494874175
824309164
504843618
714797570
619563260
721372254
170864699
31756358
67086855
324367954
892083931
457230381
995066585
448224737
550466601
49220068
475684662
289851682
436715057
655015866
836443729
113709203
117957655
319537557
988265960
249479266
505115444
698436690
740630647
514802540
340551009
691017837
235033369
178339009
992407830
581527206
983780318
388061120
151667782
249479266
67633894
580769923
881775823
110742013
881732926
424658763
207908345
229252791
689487360
794289386
714797570
743928632
649032276
113370599
341482505
802916844
93842430
601479073
457639943
778557779
198025561
246467687
443939362
933866206
19384441
672345814
902191250
384951437
752655862
242026776
796534068
48767283
743928632
482636632
283517687
579990359
494537987
124887470
316372179
542771701
463838893
927682507
402284937
340186323
744070479
166393334
149544260
141847017
96177646
529695563
362603295
754172978
915163500
843974522
307365004
67086855
661815621
779322350
273320985
630174927
434168345
340980453
1
649329457
9633801
372339610
919965156
724534234
364461121
425854338
235149049
924284261
316372179
448224737
404462807
557063374
181921008
326901762
429276896
793354113
640926505
510569700
131834321
714797570
232444537
170864699
415385114
757731874
774486910
316372179
324367954
386265640
498805845
849859696
646562221
585240519
458432099
953286047
661815621
389947160
457230381
52363549
210199782
649329457
532141711
348419537
655015866
556007948
928419854
502839673
552442077
507634900
235731476
303067577
723724000
642993704
417220538
165433545
884750607
928419854
366643173
916974508
150
837348686
337186687
489334816
843376448
539831708
18077216
70867599
386265640
881203359
272764319
294292900
986345000
290767032
842176960
487238603
405572486
805340204
989005655
477546440
720128596
732980463
634247715
514570078
347090776
1
32373650
557820851
25322078
705234926
989684193
148516861
750515957
533654832
897077397
404462807
290767032
354879805
984553575
885392673
67086855
329313371
32384110
46895577
862636349
581264389
454208729
362399368
669989313
968103983
206078301
233326949
945309929
780327911
873735929
137067068
245661848
630174927
555830056
983780318
607196614
294780030
780068949
337260785
482866441
534032838
10
713886607
680272717
596813636
843410497
967439977
675772206
137158394
343022241
3998093
823573983
677479587
369865985
163710276
444232445
817138028
146991961
64620310
524632621
174690402
227221028
356209893
962616997
312499983
661815621
41220170
67633894
646272260
953379168
843974522
65166892
472750916
117643267
728091607
269522820
240706538
341482505
992407830
320939484
137158394
32384110
552547689
779370659
625788603
275205258
239487316
663349178
482020824
802676821
54402051
420268194
349331448
999661367
698436690
32111757
537309997
890435413
312499983
148516861
898721940
304697117
566509027
751109629
4578874
478614180
436715057
131385173
986345000
873735929
354740411
149698550
67633894
199785190
571213170
687506028
298957857
459756422
840517467
482636632
369865985
451927396
199785190
139946002
447801489
689075782
404462807
488671337
298530862
250918961
622111859
364477508
478420462
159853745
524632621
621303803
275738281
438000415
540753053
303361801
495780310
4663239
30454576
4826160
280128240
552732175
444232445
467334153
525635381
448224737
12470848
912024032
863400659
397129535
137067068
193992127
461074560
345422821
46598156
100441623
391373192
655015866
400714219
318757051
482141819
448224737
402737690
326592895
825948897
602149371
965515735
291848212
746937336
312292950
200016492
415385114
773118870
387120643
850876801
478420462
498805845
291055302
195828062
795285863
777795192
101983089
159853745
954891828
34850360
986345000
178339009
32373650
867204009
100441623
988302004
193992127
49611330
121956373
863205181
596367142
912208782
793276828
185501014
518450503
855078218
228841055
772214221
163410716
193992127
46701852
161227919
65408329
86689604
681609442
717552752
526818389
415385114
879763039
864063011
545525098
482636632
444805188
107816356
596813636
475583260
764523640
654167456
470933027
105582738
988302004
778012633
1037290
220042994
856646152
873735929
275205258
365777724
820971990
843974522
4826160
303582947
634247715
537376026
405572486
131225688
84168939
275127100
900432415
719107586
270273392
290767032
916755807
1037290
842217590
746358026
743497394
227255957
884158612
690705830
161636171
493854947
891836884
881775823
855865137
498805845
5496191
436715057
398286254
751109629
29178733
159853745
918055945
790053544
416976073
921766911
163537199
779342623
372339610
240879853
165803742
371213954
269522820
679832302
485102091
584588109
981870925
154722887
107816356
858010828
349874632
10
503444762
991400574
845707923
162101766
592746388
977485422
975051692
706025104
470598575
341482505
199260963
51092592
208917888
946335080
67633894
275205258
340980453
32453955
92363518
251297295
763524614
957535413
416533001
361640568
277741907
482020824
807973025
966358706
404096740
643507077
967755751
364670984
620287544
913408437
512058391
621372446
885395436
545525098
873735929
387120643
227465186
992780831
787638947
212281766
740071930
117643267
298620610
227255957
199785190
422850953
227255957
200016492
335362996
843723734
1
903221914
988302004
991400574
981870925
729224766
281255127
273320985
1037290
156496813
372339610
230752799
319654968
503444762
965243946
596813636
113604541
770935442
548056668
31319948
940205505
467714031
501792477
787638947
210293264
380629595
958337919
865544553
745125993
507899030
459756422
520565117
740423856
775302765
507260970
186791251
149305173
113370599
476459941
607196614
933633208
956415935
733274514
843974522
873735929
988302004
42310282
457693824
451055976
249420944
557828609
170864699
607196614
720293976
798910837
109320
779342623
151667782
540791553
673161982
258899606
5563903
92758893
637653710
86542817
728091607
3384
444232445
211358759
32287383
252791529
402737690
86602313
725545285
690319247
739718306
467714031
416976073
555573743
617468695
56187668
769523866
104068950
324792086
327609147
1
27317982
820811778
860965322
93898630
119139639
865494791
912208782
249420944
472750916
170864699
873735929
110468114
227382860
335362996
121413468
369903970
827874435
621372446
418674477
227382860
514245021
32111757
370238887
802676821
840234790
658516737
909398127
290767032
679855380
761052551
261048152
991435600
67633894
462480493
895285872
556007948
458432099
195828062
868296475
457230381
781907904
457444317
638982417
27810873
284765758
412533633
878030318
992780831
823046072
343567798
32373650
602121847
704936703
969759868
233480159
160302485
170864699
802676821
401016825
305357318
488102524
385202467
934820429
661815621
459756422
769929921
447533395
986345000
957474489
862636349
316372179
391445966
58020252
685952962
945309929
992407830
912863145
99257612
884158612
115308045
607196614
524632621
681218069
991400574
30012578
362399368
478420462
32287383
275127100
812536484
197811735
202787726
741927138
557337497
100441623
596813636
48905004
373635
903221914
281526316
65461307
278976413
430851947
912135238
359473888
23482358
211960357
437834995
478420462
386265640
389927427
159853745
995547968
83761743
17838966
493313739
200016492
744120227
346246167
803039224
369865985
14925030
126863767
302119426
48030373
178339009
717552752
583386679
339038956
865544553
61344346
32373650
309843478
865494791
803039224
581264389
181847325
979992373
137067068
992780831
849859696
439752238
275205258
42310282
157070180
705234926
495780310
586290355
736157785
208917888
933891365
314274700
273320985
275127100
534585757
386265640
983210215
165803742
456152814
524134244
848775412
289065835
155502324
520149279
912135238
129151366
609138365
802916844
389927427
974127085
928419854
204434900
988980311
158694490
539831708
884750607
404462807
655015866
195828062
505175539
214698384
280128240
608423628
898790272
341482505
505115444
992655271
195828062
545525098
367319609
470505134
356829035
179597442
393658570
171483645
488102524
508076362
698436690
444232445
103961583
764523640
4826160
458432099
294962345
298620610
331921379
610584494
673931025
386265640
464063534
270710518
238067348
940644413
397991399
167026947
3384
673161982
147700352
912208782
339493348
999616322
405046581
612920117
930740171
649329457
545525098
46059351
338911730
964454822
20508019
208083488
721617140
654167456
397991399
199785190
291880421
137158394
689075782
397568197
884487327
131253239
104643593
96177646
78646918
514245021
705911423
787638947
827874435
970431417
5341614
326901762
155114584
402737690
842153374
150
153339888
470251328
815958474
314413453
603021101
151667782
335362996
795877154
4225135
721617140
289502358
66430650
34850360
598374889
32373650
297721548
258429571
209350805
199260963
354740411
539831708
806442151
641994652
900525483
472750916
314116173
827216924
239487316
654099320
945309929
779704548
673161982
1037290
137158394
287513434
953775104
473442260
100531862
228882173
27810873
10080432
124887470
369865985
121650343
547256231
440286759
786286441
889514801
912135238
69349174
228893706
686406158
745810009
887905935
820777211
583373580
506379239
32111757
820945281
326736212
369865985
20456757
32287383
746937336
862636349
900708605
46598156
54127182
223376078
912208782
457230381
367597465
68899906
999661367
35718269
273320985
352665082
472750916
964982728
777161433
10
234589773
193275305
680443937
131225688
684676808
977183645
807621296
513323762
940644413
912135238
581264389
397991399
686406158
333353945
357806273
503444762
728091607
721617140
549300965
3998093
275127100
316372179
751109629
885392673
293570374
581264389
780482106
210327924
278976413
314409236
846417175
188822699
208917888
374446185
212593111
446911081
806442151
239487316
458432099
156285460
4578874
700167415
159853745
524632621
164300675
901342326
144577080
47409648
207908345
912208782
537464438
556007948
995547968
242026776
759400234
482020824
573375284
739205555
183810294
67086855
525852110
988455351
93232780
693865668
436781066
919965156
668040688
979992373
131225688
422286923
211960357
618503399
198025561
821419260
227465186
446541301
711265915
458432099
186001423
896037190
596415305
316372179
91215117
140438020
684591805
203005286
648816111
630174927
866917410
370803346
194682788
931902968
459393295
479810800
444805188
162101766
919458434
6948642
635075544
95673858
514245021
247131071
807700343
790307894
867677207
682694125
374707690
721617140
796682707
25322078
415385114
3384
912135238
653557386
46598156
625834956
674342965
690319247
977485422
4826160
208917888
200016492
973436621
456693192
796055986
823533493
96693076
163410716
4826160
853315085
583640968
949426730
159853745
502915794
388687853
608423628
749018590
178339009
568586489
243592500
23452741
621372446
527030158
272628082
369865985
963962664
645842890
983374473
397991399
95673858
299123319
740630647
561489259
829090706
659878465
156285460
658516737
35197901
147585016
26384717
614380239
402737690
220767508
476775679
679855380
498805845
607159625
307318165
379128595
663349178
829925518
227382860
590283427
745810009
883306256
769929921
593786574
131015645
679855380
933866206
249420944
172901029
275127100
294780030
482636632
144577080
82229777
130159798
275205258
545525098
688866750
566083572
780207644
507634900
912135238
451927396
716100284
902784204
389927427
129151366
806295335
193275305
977485422
557820851
326375884
904436965
83761743
321395414
189874901
478267332
760515254
237989902
299172801
527030158
314797491
475634304
323033748
373635
845611998
926578022
977485422
802676821
249420944
214915013
549580772
424587950
138161296
159853745
303596092
758583262
279759379
398089477
284269201
780068949
469995380
903221914
500444918
167651127
573375284
598374889
988265960
977485422
987120423
759724906
382566815
596813636
884158612
714797570
36026186
127292934
859562461
414284074
716100284
649032276
832307955
404462807
184151516
598066372
612301635
402130140
208917888
89304338
545525098
377064249
862636349
581264389
988302004
746321470
458432099
963962664
162452126
827874435
332352818
388061120
913408437
499534690
174875262
297721548
866833712
514802540
507634900
940644413
207040240
428014539
919929907
82328008
224026556
663432517
137158394
717552752
981870925
933891365
388377103
833675811
479686226
400136317
322342168
424067331
249420944
669190725
503337797
637653710
903221914
928419854
548056668
469337187
608423628
95673858
108563469
507634900
200016492
212456040
405572486
386265640
422854879
199260963
204434900
117643267
40626460
184408307
185501014
135854904
206323222
349120238
883681730
573375284
534542567
150
787638947
193275305
397129535
54520746
380014591
205557980
478420462
804515885
250954300
27810873
204619107
131225688
66430650
929982550
704634340
150579156
151667782
700167415
897332938
580072566
602121847
263458077
949386273
144577080
829563740
995547968
152737885
700167415
330152111
970727730
608423628
345422821
680748079
135289374
741169380
4578874
158838510
179597442
988302004
498805845
206989075
189924901
144211883
928419854
28215798
137158394
751109629
168210228
288308487
750306821
280128240
443607341
747363900
470828197
395568997
482636632
933866206
498088350
330890908
140908749
269522820
658516737
323968647
478420462
859794740
884750607
716100284
903221914
38218621
398089477
284616355
386668843
406733229
648556615
721656634
167026947
986345000
884750607
393175956
369865985
933959514
898721940
70843747
10
247050969
716206533
741999660
835843148
382093197
326901762
482636632
585240519
380260794
444232445
34850360
249479266
674838736
268835962
977801026
847700545
712271610
404937423
314413453
599985190
903779219
208917888
443892536
205157640
281446745
152772633
227547313
607196614
83761743
389169961
746937336
305174163
545525098
824309164
769872738
482020824
337571802
175567398
529648692
349603248
542757043
484243942
121413468
148516861
953703303
838837716
698436690
147584301
23586685
234181777
482866441
555239175
505115444
568368152
233826528
750059204
928419854
125551129
716148877
341482505
728091607
579166048
358688219
464063534
675550442
685270130
354740411
555484506
793545046
914249355
184709287
607863170
131225688
393913067
208917888
568368152
31081258
479810800
342693956
884158612
326901762
478420462
970596727
193275305
609712787
415385114
158457751
415385114
698436690
809719065
751885764
3761461
67086855
3384
165803742
503337797
503444762
614633990
548444787
915171277
605435353
803914697
995547968
405151531
479810800
663349178
668753274
827874435
753682261
802676821
362603295
607196614
372339610
301528379
514245021
83761743
272504565
721617140
852112324
567627995
382986343
272979912
388061120
834429163
436715057
162685145
472750916
196611533
32384110
764523640
866567024
483625154
483344571
658516737
516869806
108563469
707074188
649032276
83761743
290218392
151074573
921258078
820777211
446092853
751109629
865494791
732903839
457230381
653062950
907107436
177450718
642031841
700128466
751109629
213959715
152962865
623368804
658516737
416593722
769929921
295997489
904492783
304474627
176717014
493479073
719116299
768511576
40064984
61606344
602121847
527030158
70843747
681971343
956558178
470598575
711265915
291848212
706287775
69349174
4578874
358463545
369865985
195828062
493854947
130159798
716100284
172901029
919965156
700167415
347090776
820777211
953477722
716687101
172901029
884750607
93898630
323891398
229156166
991400574
495780310
129151366
409113045
117643267
862123534
577901799
329313371
717552752
585240519
525954581
890380134
151667782
198025561
477546440
318294545
235333632
585790580
294780030
113053788
475505953
963962664
117643267
865544553
181777229
557820851
405234084
278976413
69349174
607817868
478420462
748095839
267921385
388205298
657790651
527030158
527030158
598374889
33676721
988302004
113370599
269052636
934556
26383147
425171495
436715057
489334816
135694844
297499359
436715057
584324809
275507421
812395013
82636160
669989313
614380239
323655222
3384
901707064
213910365
538693373
395461328
420952193
840517467
524632621
794488191
281046431
342330165
983780318
70843747
556007948
108563469
750977867
845088208
912135238
362603295
260709038
912208782
614633990
992780831
47351024
539591469
740630647
121227337
351007674
168210228
717552752
852576729
522598143
54516970
614633990
824309164
29377277
984244419
137067068
98173468
195774079
824309164
133989629
172901029
834429163
940644413
54065207
747536607
4578874
477546440
788975441
388061120
237922954
297721548
70843747
280128240
452614043
413468577
162848635
129352075
424861124
511444892
573375284
109320
829563740
780206568
46701852
522416593
877210909
745636996
737655764
137158394
489334816
397129535
237716718
526367225
993487667
188821553
146527734
479810800
541658774
778557779
233386253
40033764
96507421
114617150
270710518
784008209
83761743
654167456
300268000
3384
944878626
638737139
314274700
311993458
401016825
43663464
958390506
1
735696329
672340633
354196350
16977106
524632621
680441459
697146117
99731619
934609245
478420462
772214221
527030158
185501014
275507421
977485422
296440805
58790856
721617140
374547570
988265960
981870925
389927427
486484469
167026947
88387796
850789889
483140651
240879853
977315220
978782581
492104865
759336346
127334827
494376014
124887470
482020824
915172315
954060699
278976413
372339610
802916844
112230365
769929921
644538965
251297295
225231624
149544260
507044691
607196614
743928632
907162046
412533633
884158612
998623995
187742396
713620440
349603248
183350987
527030158
548056668
335362996
273320985
489334816
199260963
999661367
82229777
353923512
354740411
506370453
992780831
721015908
988265960
163410716
96967874
514195179
269522820
32373650
806442151
248004927
412533633
740120384
329313371
499410424
397129535
877605124
92758893
807973025
506633586
604972052
227547313
326901762
838184965
977986037
807973025
532314463
733143487
349603248
365777724
32111757
309914368
162112997
840653838
582033880
649329457
109320
304697117
561177010
505115444
147012042
174875262
4826160
527030158
828514412
269522820
787925622
646459610
47536760
304281209
498307
91378914
79402659
