Image 1
7 9 17 19 37 39 41 46 47 48 49 66 
71 73 81 86 87 89 93 97 99 106 111 123 
Total number of black nodes = 24

Image 2
7 8 9 11 13 14 16 17 19 21 23 49 
56 74 81 97 106 122 
Total number of black nodes = 18

Image 3
..**....
*******.
*******.
*******.
*******.
*******.
.**.***.
....**..

Image 4
8 9 12 13 16 19 23 31 39 46 49 56 
64 68 89 92 93 96 97 99 106 117 118 122 
Total number of black nodes = 24

Image 5
6 8 16 17 22 34 38 39 43 44 57 59 
63 64 68 71 82 84 87 107 111 114 121 
Total number of black nodes = 23

