64
1011100100001110101000000010000101011001011000010001110011110111
0110101001001001010001010110101011111111011111110011111101100110
1001101010010101110111100111101111100011011011110000110000110001
1010010101110100011010001101000101000110000001101010111010000111
1000101010101101110001100000000111100010000100001001010111110110
1011011001010000111101001010101100010000111101010010110110011000
1000100101111111101100000100101101011001100001101010010100110001
0100100100000000111100001011111001000011000111000111100101011000
1101110101000011111010001111111000011010011101110110100111010110
0101101010100100011011101111011000010000111111110111011101000111
1011101011110100100101111110010101100000110100110000101100010000
1011010100011101010010010010111110001001100100100011100110100111
1101111011011000001111000101110000101001101010101100110010110110
1001001010110011101111111111010111010111011011100101001010011000
1011010110011010110110111101010110010001101001001111101000110000
0111110101101001010110100110000011011111000100100010111101111001
1110110111110010010110100110000010010101110111010111010110110101
0110111011110011101100100010100010011011110001001000000001100110
1000011000101001001111010011111110101011010110010101011100110000
1001001110101000110100111011010101011010000110000111110011100110
1111101000110101001100011100001011101110101010000011101110010101
1010001111001111000010010100101100011100110010101100011011111001
1100010111100000010111110010100000011010001110100000101111010000
0000111110011100010010101111110100010100100000000101011000011001
1101100110011101110101111001111001011110010010011001001010110101
0000001110011010100110001101011101010000010000101101010100100110
1111001001001110000100011000000011110100010011111010000011110001
1110111111001011011110111110101011010001000010101000001011000111
1100101001100110100100110011110001110101001101100110111110110101
1101111100101110100000001001011000000111110100001000000111011000
0110000010000101111001000111011011001101101110100000110111110101
0011001111000011111000010000001111011111010011001100000100011000
1010010011101101111111010000001110000100010000111100001011010100
0011001101101111001110010100100110000011110110101010001100000111
0110001100111111100000100101111001111111110001001111010111010111
1101111110110111001100000101010000011110110001001101011111100111
1011011100001011000110111010001110111110101101110110100011110100
1100101101010011101010100000100011001001010100100111100110011000
0101010001011100111011001110100000000110101100010101100010110110
0001011110100010100011011101110101011000011111101000010101111010
1000010000000000010111010101110100000011110100000011110111110100
0000011100000100101100110001011101001100110111000011111001100100
0100011111010010001010001100001110110100010100000001110110110110
1110101101010110100101101000100001010101011111011010011110100100
1000001111111010001100000111110111110001101010011001010011010101
1110101100010100000010101111001100001010110011100010111010111011
0010100000111001010011100001011110001101001001111010011110010110
0010011101011111000001110100001010000011111101010111001001011011
1011000001110101000001101110011111001000000111000110100000110101
0111001101110000100010101010101011000111010001100111100001100100
0011101110100000011000001011110101110010000110100000101010110111
1000111100001011100011110001011111001111011110110010100010000100
1010011110010101111010001000000001111010011010111100001100110101
1001111110101101010100010110110111000001110011000101101110011010
0001100000000110001001111000100101000010111011111111001110110111
0111001000111100101101100011111001101000011000010010111010011010
1010010000111110101011000011100000010011000001100110111000010110
1101001110011001010000000111010000001100110000001000100110000101
0000111111001101110010110010001111101001101010000101111011010111
0011111001101100001001011110100100101000111000010111110101100101
1101011101100100110010100001111010101001110101110011001000110110
0010001111001000111111011011001101011110010100101101111101011010
0011110011100111101111010101010110010001110110010001010011110110
1100111011000000101111001010000011100111011010110101100110111010
64
1100100011001011001000011010010010111100101000001001101100110110
1110111111001100011001001110101101011000111110001101111010100100
0011111100011100110111111111110000000010001001001010100111110110
0000001010010101100001010111011011100011111001011000101101100100
0110101100001000011001110100000001000101110101010111011001010111
0001001110111011011101101100111010010101111100001000000001111011
0000100010011010000100011110111010111010010100110000110011010110
1110101010100001000101010111101100100100111111011101100011011011
0111100010100010000000110101101001111111001110001100010001110111
1101101110100011110011110001010111010011011110111010001011100000
0101101101110001011101000000000011001001001101101111010010111101
0111011011110000110011101010101001101000011111111101111000000000
0101111101011101111011011111111111001110010011110110100101110111
0111011101010110010101100101000001011110111011010111000100011101
0111100011111000000100101011000001110101010001010111101100111101
1001101011111100011111111100010111111111111101011000110011011100
0100110011010101100110111100010110110100001111100011010001010110
1000101101010010010001011000101100011000111001010010010111000011
0110011110000110110111001001111001001110101110000001001000011101
0101001010001011011100101101010010110011111111011011000100100011
0011111110111110110111000010001100000101010010011001110100110110
0100001100100110110011001000111011011001011011110010011100011100
0110010000000101101110000010111110111111110011011010111000111100
1010111000011011111010110001101010110001011000110111001111111100
0011100000111100111100000001101110101011101001000111001100110010
1010111000111111011101010101111011010111111011010111000110100011
0101011111101111100111100100000110010101101010100000001100111100
0110001001101110011110010100101101110100110000110010000101100010
0000101110000011000101101011010111010010110100011100101000010001
0111001001101011111001010011000100000010111001010100001001111101
0100000001000100110100011101001101100100010111101110101001011100
1000001000100010010000001000011000111010110010010010011110011101
0001100001001000010100000110010001100000101000110010011100110001
1001001011001100101111100010000001001100011110111000111010100010
0010001010011010001001111111111101011110001001110111010001111100
0101111000110110110110011001010110111111010000110111011001000010
0011011011100010001111100100111000011001010101100010001100110001
0000111010011100000011111111111111101000111100011101110001011101
0011000100111001010010110000110111100011010100000001010101111101
1111001001000111010010100111100011110001110111100100000010011100
0010010100010101110110111110100010101010001110111001100011010001
1110001010100001100100101011101010101111101100011101111110000011
1000011001110001001011011010000000010001100101011010100001011101
0000101001010011011100110010101100100100110111001000001000100011
0010011000011101100100011101000010010010011011000111010111110000
0010101011110101100010110110001011100111001110111010100110011100
1000010111011110111011111001001000101000111010000000010100111111
1100011010110100111010110010011100100110010101101101100101111100
0101000111110110111001110011011001101001100110011100110111110000
1101011011110001001110010110010101100000100001111011101101100011
1011011000100101100000000011110010011000100111111110111100111110
0010101010101100001010101111011011101001110111101101110110100001
0100001001111100000000110000111001011101111010000010000011010000
0001101010000000101100001001110000100100100011010111111010110111
1010100110100111111001000110110011100011011011100111001000011110
1111001011011001101100011011100110101101110011001010111101010111
0110000110001011011011011000100111110110100001110010110110110001
1111000000011100101010011101100111101011000011110010110001101000
1000101001001100001000101100001001001010000010110001101100111110
0001111111001101100000000110100010100011010000101011100010001000
0111011000100000001010100111001100001110011100101001011110110001
0000110001101011001110101000001011111111100001110011011011010111
1101100111000010010011001111001001111100011101001011011100111111
1001001110001001000111010100011101100110110010100111101000010111
64
0100010101101010010011000101011100111101000001110111001010010001
1000000000101011100000110000011100110000000111010101000100011001
1101111011111001011110100101100110000101100000010000010011011111
0110001100110000100001000001001100100000110000000010100011111001
0100011011000111111000001110110110000101011100001101101110110010
0111000000011110000110110101110100110100000100100100000111000110
1110110100110001000111101010111110111111111100101110100111111111
0010111101100100101101101101101010101001010100100011110100100110
0111100100010101101001101100100111110110100110010000011010110010
0011110001000010010010101001100011110110100100101000011100111001
1111111010010110110100011000011100001110100101110111010111111110
1101001101010011001011111000110111111111111110100101011111111001
0011101010111110110000000011001001001011111011100010110011010010
1101000001010110111100011010000110111011000110001101010111100111
1101100101111101101101110001000111110100011010100001110011011110
0001101100010011101101100000010000111010111101000100000101000111
0000100101110100001111100011010001110001100110111001000111110011
0000100010110111011000001110011010111101000000101100011001111000
1100101011100111110110110111100111000101000111011011000110111010
1111011100101110100001010101001100010100011111001000001110011000
1001111011011011010110111000110010000000011001100111110011110011
1110010010100011011011010011111101110000100010101010001010000111
1011100100001100000111011100111001101010011010000000101110111001
0000101101111010000011001011101011010000111011101101011001000111
1001110110101001000101010010101010101010000001011101010011010011
0110100011010100111101010111100100100110000011001011000001011010
1011011000001010011111111110010000010010100010001110011010011001
1000001111101110110101001010111010011111111001001100010010111011
1010111000100010111101110101001000011011010100010000101100110010
1001000111011100010001101110010010100011000001100110111110000100
1000010111100001000100000101000010000001110101110110001110111001
0110111110001111010001011110010100011111011010001010011001100100
1011100111001111100100111111000001000001101001000010101000110010
0101110110001001010111111010010111101001101111100010110100111011
1000011001011001111001001011101010111001101000100001101010111000
1011001111010011011111100011000001011000111000111011000101111011
1101101001000101110111011100111111111100110110111001011000010010
1011100100111101110001100101101000101110001111000011111101100100
1011000010010110101000101010111001001010010101111011010011011000
0101001111100100111011110111101100010100111100010110000110000101
1100100011111110101110100000111101001101101011100111101100110001
0110000101101001011101010101101100101010001100100101101010111010
1010001100110101100011000000010001110010001100000000110111111000
1000111110110100011100101110111010000011011110010010111101011010
1111011100011100000111001011000100110111010011111101001000110001
1000110101000000111011000000010011100100101110100100100001000101
1010000001111111111010100111101111001001010010011100000011111001
0110001110110001010010101000111011001111111100110011110010000101
1111010000010011010100001001000110000110001110000000110001010001
0111010100010110101101001100010010100001001000001001111010011010
1101011111000100001011111101101110111101101111000110110011011001
1010101101001101110110010101000101001000101111010101111000111011
1100011111111001001001100010111110111100010001010010010101110001
1111100100100011000101011001100110101111001000001101110100000100
1100010000001010010000011110010100010110110010110001011110111001
0001011101011001010100000101010000001100001011010100100011100100
1100000001100010110000000100110001010101101100001000100001110000
0001010101110011100011100001101001111110101010101100000111111011
0110011110101001001001110100010111101111101001101011001000111011
1101101100101000010010010000111111000110100001111001100100111111
1111001110000111101011111111000001100011110101110111110101010000
1100110111111110100111110110011100111000001001001010001100100000
0111100001000001111010111001111111011101010101110001101000011010
0011001000101110111110001100101011000011100011011101111111000010
64
1010000000001101111010111111001010011010101001101101011100110000
0010000110001010000000101010010010010101001111011011000011111100
0101101111011110100111011011100001100100011000001100011100111010
1100111001011011011000101001001100000101000001011100110100011100
1010011101100110000001010000111010100000000110010000101000110001
1110110110011111101110101111100011010011101111110110011001000011
0100101010110101111111100000000000010110000101010110101000111010
0000001011000011101110110011010101001000100100111011011110000011
1001011011011100011001111010110000010001011011000010001100010101
0001110111101111101010011111100100011111001101010010011010011100
0111110100110111000100000010011010101011111110100001000001011011
1110001010010110100010100110110001011110000110111011001001111100
1000010100011011001000011001001111101010001010011000111100110101
1101000110100001001100000010011000011000001111010011000001000010
0011111010011100010101001101111010010001101011111011110101111011
0111111010110010000100011010100110010011000100010110000010100010
1010101010110001110011000011001111011010110110100111010001110110
0110110110110100100010010100011111011000101000110100001110111101
0000110101100010001100101111100001100000110111100001010001111011
1001001011100111100000001111001011010001100100110010011001111101
1011100101111010111110100110100101110101101001111101100111010110
1010010101000100100110001101100010010111000000010100100101100010
0001101011101001000111000110001001001010001010001100100001011010
1100101011011111100011011111011101010110000011110011010111000010
1101101011000111100111001100111100001101110100110001110111110110
1100100101010001010100101001110100000011000010010001111101111100
0001100100000001110110111000011111111011010001010110101100111010
0010011010001001001101010010110100011010000001010100000110011100
1100110110000101110100001111011110111110101101000010010011110111
0011010100111101110010110100010101000100100000111101111010000011
0010101000010110101111111011110100000010001100000001011000111010
1110100000001100101001100100100011011100100011100100001101000011
0111111000101110001101100101000110000110010000011000100111010111
1111110000101000011110100000001001001000000111011110100001011100
0010010111111100110100010001101100111100010001111011101100011001
0001000001111100101111111101000111010001000011100001100010111100
0111110111000100010100001010100001110101001110000111001110110111
0001000001011000011000010001101110001111000111011011101010000001
0101011001110111001001110010001110001101101101100001001100111001
1101110001100001000001101001011000000111000001001101111001100000
0100101001011011000111111000111001001101010011111111111010110110
1000110011001110111100001111110011000011100101111011100100111111
0100010010011100011010111100010111110111110110111100110000111001
0111000000010101100101110100111101000110101110101110110011111111
0101100011111001111110110001010011110110101010100001001110010110
0110110010001011010011001010010101000001000111111110110111100000
0110001100101010000011011101110001000110101011000110010111011000
1010000001010000010011010000100011101000001100101011100100100000
0111001100110010100101010111000000000011110101110010101110110110
1011000010110011010101010010000100000100000001010011011100111111
0111000001100001111011100111111001111100010110010000100111111000
0100110001100000011101000001010010101101001100001011101111011110
0010010000011111111001111100101000101001101000001000010011111101
0101110011100110110001100111101011001010100000110001000011100001
0100001111001001101000001000000010010101001010001011110011111000
1011000010111110111001011111010111100011101110101110100100000001
0010011111100101001000011110111110010000010100010110010111011101
1001010011010010010011111011111111011111010010110100001000011110
0100010000000110110001001010000010000011010001110101010111011001
0111100010101011011011101010101001100110001000100011111110011110
0001000001101110000011000101010111000010000101001111100011111101
0110100010010111011101101110010000010001010000000100011010000001
0111011110110100111000100001111000111010100100101100101110111001
1001010011001011011111110010101100100000001011000001111001100000
64
0000001110001100011010101011101101111011011010110001010011111101
1010010000001111101001111100000101010100110100100001010001011111
0010100001011111001011000011111001000001111001010110001010111101
0000100111011110110000110111010011101000101011100100000010111111
0010000000000011001011001010101101001001100111100010111111001100
0000110001111001001111010001000001010110011110101100011110100000
0000101111010100010110111110000111110001100100000000111110011111
1110000110100010010110101011010011111111001001100100001001100000
0011011101111001110000000000010110110100111011011000001000101100
1111000001101100100001000101111010011011011101001110000101111111
1001100010111010001111110100001101001010011110011011001110111110
0010110100110111010010011110100100111011001111000001000110011101
0100010011110010101001100111010110001100100010000110101000101100
0011110000001100100101011000101111011101111111101011001111100011
1001111100101001110100010111111100111010000011100101100010111110
1101100101110111111100001100101000110100101100001100010110000011
0100011100010110111000011101111000111111011101011111011100001101
1101110001010001000011101000001001010011011011101010111010011100
1010110010000001100101111101110110010001011110111101110111011110
0001000101000001011010010001011111110000001100101110011101011100
0111100010111101000111111110100001010110000000110001001000101101
0000000001100101101111110101010100010110111001001110110001000011
1011111101001110111110011010000110101101100001110110010011111111
1110110100010100101110010101010010111111001110001011000010100011
0111101101100110011110110100000011100100011101100010100001101101
1110110010110000101100110011110011000000111010100011111010011101
1101100011100100000111000000001001011110111100000000100011111111
0010010100111100101100101000100010111011100000011010001001111101
0100100011001100000101011001011000011101100101111000010101001110
0111010010110000001010100010101011101001011000100001100101100010
1100101100010111010111100001110001100110100100011011001111011111
1000100101101001000010111000100101111001000010111110100011100010
0101111110001011110101111011111000100011111010000110110001101110
1001100011001110101110011110001100101111111100000100100111111101
1111100000011100001100001111110010010101011001000111111010111110
0111010111011101100110100101011000110100000011010011110100011101
0101110000100001101100000000100110010010100111011111000001101110
1101010111011011100000001011011001101010111110000101111100100011
1111011111110010000001000100001010101100000110111101001000111110
0011110110001000100000110011011110100010100001010001111111000011
0010111111011010100111000010001111101000011010000001101101001111
0010110110101011000110010111110111100100011100100001110011011100
1100010001111001111000100110001000010110011011100110101100011110
1101000110000000001100010010100011101111000111110100100100011100
0011100001010110110110101101011101011001000011110011011000101111
1110000100101110110010010110100010100001111111001000011000000111
1100011010000001101011011101100111100011101011110000011000111101
0000110111110110101011001110110100101001000111010101101111100111
1001101010110101001111001111110101100010010101101000001100101111
0000110101010010011100101000001011101111111011001110001010011010
1111000100100110110010111011111111001001110110001010010000111101
1110110111100011101101011011010100101100100101010001111001111011
1000100100111110010100100110100110001010101000110110101100001110
1101110101000111011010111101011101111111010001101011000001100100
1010001001101100001011110010011101110000101001010111100101011101
0111000110010011000001100111001011100110000110111000110010100100
1011011000000100001001111000001110111101110101001111010000101110
0111000100010111111110101101111000111000110011011010011110111011
1010000111000111011000010000000100000010010100001101010001111100
1001110101011110100011110110101110100011000000011111011001011011
1011010111001011111000011011010000000101101110010001110101101010
1000110100110000011100110000100110110100110001011110010101100100
1001011000011101000001111011100110111011001101110110110001111100
0101010101001010010101101000110010100101100000011011000110000101
