0
0
0
1
0
0
0
1
0
1
0
0
0
0
2
0
1
0
0
0
5
1
0
0
0
0
0
6
6
0
13
0
2
2
13
0
0
0
0
1
0
0
1
0
2
1
0
2
0
18
0
29
18
0
2
0
6
0
0
14
0
8
1
0
0
6
0
14
29
0
73
42
301
48
6
8
0
0
0
186
0
2
86
0
1
0
0
0
42
18
8
2
20
48
0
301
0
86
6
0
102
0
0
186
18
2
61
1
42
61
30
14
0
14
102
2
30
20
374
200
108
20
414
374
14
1081
120
6
0
0
108
125
0
200
228
834
2
1
2
42
86
86
2
48
125
1
1394
690
20
120
222
30
18
20
6
30
222
20
0
414
330
834
90
0
0
44
2
8
42
56
62
90
330
504
690
8
8
104
48
14
258
2
0
18
62
0
44
0
228
0
1081
0
2069
1926
3613
8
2370
2
186
1152
62
8130
1382
374
56
0
1142
3138
2346
3360
30
8130
126
248
2
44
0
14
228
20
0
108
253
1382
14
5354
2
90
20
936
92
264
200
228
0
18
0
248
1142
936
90
0
720
104
0
128
0
5070
8
1926
876
570
876
186
0
870
264
1470
720
1580
30
44
42
920
2
374
56
62
0
6
462
20
330
11581
428
92
104
1980
276
552
570
552
6
108
20
0
86
516
8
18
42
0
516
3613
5354
3360
86
120
920
11581
416
20
1470
870
3138
428
0
2
1
228
48
20
416
200
276
0
330
0
48
462
44
128
1980
120
228
126
1
253
1580
2346
1152
44
2
8
2370
5070
0
255467928392
331404342842
14978660760
2237376
122246930880
1472642511120
417057320130
41474
27181904
9617613641280
3207888
256438229073720
20382216480
24972330
18360
1394
608519317808
479508560
272362986
5070
123615330
2918118600
3039312
876
387732198
662543640
888300
302589033896
3138
22208
830652764210580
1400616555300
6443092646520
2472630
732090
9939010976
1098192515280
20166880039908
125640649470
14512512212280
11665873728
3555491649696
258431173770
7761901517328
5399428500
2049343514
1979820
2870640
69289502400
6988758718704
11544335229336
287623056
4575062
1918164240
13265407080282
33720602
28004207566268
217784191422
2878056000
115680
62140500
3594275290200
155513877023520
9696961080
1900005840
8601947525160
578700
1470
58090068
30424317577968
57749
7120769040
106012874
288369172126800
870
14284351054724
77959920
84475839840
8210340
63032134034
8130
868089393360
2048190716240
1574919360
397680
23240972604864
61082
15065286260
72322295477040
207621552
20519381862
2825965216080
598434055590
61740
133050882660480
3173843821
8833344912
18108
145142077493448
11581
7920859196
59435949647040
1191989
20027730
248263046640
226626
1884
34812
938736
524232
157313403030
185819353210500
5400
1243586
20224125180
296134927752
157130838360
476019039240
689305656
26749800
4768312332
1890914486874
8831004840
36872
208540922
237030600
172767524121360
11960676380400
486738882
230734500
345633832800
54281772992
1726792227552
73
25794781
240840
1060489291236600
491238
179632417712
36739248
6654730160
33512
257853883530
598434055590
111961
4750561230
3217535688
13474867830
4306681
5400270619856
578700
77685739995200
552864
86893029838800
6632817552
1550231855564
39389268540
152310
3768330
802640
128614830
936
2014891488
594000
94890
18944430
874577110928220
306498062304
5483398080
2639594
7551204480
52104528
18944430
281408052864
496686779904
5423365800
54906809160416
42
2419116
1200030
8478
1807698627000
406980
1418040
108642402560
78489360
73861982466528
6461632976
1470
42815139678284
679192590600
2841660
25100408
161556360
12472525320
2966052720
176299920
157137786978480
2122083870
635397170
8820
460519920
311466414391020
3588992002140
598830
152310
24571469910600
9501920
22107908876400
83670240
3403414800
2639594
292753230
3092449262400
32040
18709524923432
43471951446
122325858720
69704887680
90048
23335020
11368751940
445754
13104540
1040
28217361105752
3939519812424
72559679120
15027632
2380854
1951632
215489792
121527000
18537840
317725560
9830700
951941700
16422278356928
673261
219867992
48390
961374960
227495662080
79283274816
1949741460000
7061528
29670
9329186
15918
12883644658808
635600
18613946979104
447557935328
110788434708
955624320
173382182
7174080776
18360
244980048
20903444
569615806736
4284
52228267560
2493390
2856867464
604471036680
2370
78948274656404
1377516960363510
8831004840
1783880
439168593600
9524
121221944
76874037679230
239288
949092889440
9964101500
1438988400
2133454320
653186659584
166956
6961320
73704
2930772936
33472128
203777124048
262080
552
97609428
1057942281721352
55213453
171292909291728
106982
3089784
14370443744
552
11964
20925268830
32016
533725346736
23736510
336948296790
4879784
1655850069728
834
1859419799880
14705026080
22117466714
22326100565
1595539128420
612726870
2968600657400
8942092165920
890516411216
126462
563952
25693920
157130838360
108732
216053923764336
14959810008
20628
508530
10828128
1751288
2408
8210340
301
21160736
121496
374
556382891329034
95401
7023693096
899280
5012576
1321798556
49718864
612215813880
154546274524621
48684
25212
268381
282607122
321910708280
130562502
7878281569920
1559289345920
294319620
12662
1782
27520870320
1705559040
30917520
112128903549030
1946415744000
8547963054390
14463380148
52551534110624
378595237448520
5283180
73755011118116
4137360
89924456
5660690432
60571918320
1235700
1836109426320
38880
877679460
116962756702184
48606836598900
3479016
825480
192565562
226181333730576
190035596265840
61700898
302970
945930
2069
2303317220192
256296
30993926655888
137082410492
65746800
173992500891888
3864
9453195070920
864806272861
395770320
17977557743400
7916286
1593996480
2012370
281340720
45578761506740
30983864970
5890571846210
1523382
45159992
1523382
1352340
55213453
921270083443710
228
1882543521848
8052336406080
479166965790
376396670283480
190928
669603830905884
25212
875714
15026004
11658108
163080
40596198745200
33278070
1423172320560
29207215645398
673459848610878
1334148948
138746
1392392
1926
18
258431173770
3756312
431525429
4106439430633
2090374920
56358
22379760
2619071280
6167232
5024958330
4980415986
46992
113492
444581658246600
21075528056
51991039632
757650848216
12119053181684
363637436976
330965786672
118628100
330485027040
1369228411801734
2744
39745488
74997840
13650
942510358440
12662
76390742601390
2959682685750
726778855410
11231069388
911194536
660955303617114
1550712282980
20102623920
1296840
97609428
1225518725088
2371734032
1980
77304
5392550809802
2870640
2619071280
3488861648
18078614484
268381
11009738864
444581658246600
1221675242
114628920
3360
1142
2380854
22054694201736
905452897104
236392479734040
5232054651482
3360
4879784
23547778590
8472
1423918650
6967260
43746066
28650
920
3205679040
84681990
9524
341940
9787425858336
2351083352
1353953521184
708480
1522963800
11130
262080
413784
18499968935552
61700898
25268992068944
3509731656
447852240
11130
91220558570880
421452800
176299920
46470827130
248989640444880
14
16082987640
4878
56153444761
207315822
153580020985104
4385981560464
3768330
13944
72886628335248
261960391056
2208
1979820
14815503966816
17352794
487920958938
2958562848
139957994546
16325723300
3772680389504
2493390
554340531600
21385862672
2811168
868010715096
37122365520
2030117168
50640
344492864
567350967960
6549670452781
189872360
42031440
172938598440
76303489471608
3036928890
1100781050400
18991535564
8643348
4979942
165700664136
121976008386
469718697772296
13680
1466168100
65235313704960
2346534750
15052422
1143236270340
868089393360
465390636245160
50019480
416
64649520
11811665216
374
1957265936640
1580
16881681907440
51881804173184
33700281608
6540977903040
123497287056
1131131530620
26466
32090760
40789464912
582429814632
102
24098977637952
158204130
70788600
27182990160
5589156038670
145781184
46079984208
6077248381
26466
49604
1664408225304
360074
83222979238124
287854616
176910
6100740
81873972690
3613
8
3968898506
68628514356
493861612800
6534242610
230734500
360074
291863520
941430
1179126
4980415986
1384312800
168838505982272
6077248381
26372814344
51847340580
25481935800
374833338684
137723208
619879500
4073474
18938359235376
13296
3398094173700
196448
87355775552000
463577336
125147057999040
12670881608
7039164486816
523404
2270851160760
30025306616
61362
2496033140
126310393760
5518285824
40630626888432
16524
104
113256
20628
569659472
87655422960
286743240
959331270600
557806513429872
523543440
23588448900
6487445
20403850636760
102932789504
11581
1777470
1494412218000
636927840
130562502
4969777664
1342512
215475696
2048250808202642
30509071880
11231069388
7008926001630
1473528
143000640
6
395358062568
4115989800
165420
83816693725680
8221947461784
397096814420
1783880
11294503516800
56076413749530
690
251310
4128404
178964
96230785955984
23560346093256
496391220
61067904
533855192
43746066
5045522
4110
10065271765416
3190757580
9933846538560
31486759935960
1155595640220
4566600
236026168320
3738
176830319148
251096429374728
258046288704
113256
32116750639200
12389935113864
7398
29386062116580
369030
21264190992
48390
4847307635520
787843950490124
14972214558
3502716
151871244
8272969152
7993066920
601516028234
5144832
687963168
639395698302900
5890320
3613
870958845600
4000497942
1170053560085960
3840312
16411260471128
13840666176
6961320
2444234940
171782000
15318192
1862335692
834
1372514892
102005749440
635600
118669696289280
1751171895816
7143420
12630730590000
5354
2237376
2820600
368404801230
941336373600
3594275290200
206244793548360
31414377216
1152
106012874
570
14161028400
386540
3606
16084034
18709524923432
249792000
38774271512
3178440
2487368478
1450656
804374430
195426
1218197310
7781448024
121527000
19057500
292188
3842640
11964
228
198900
82787038272
610093513
15639866510400
5974138168712
571794
27528433560
5052432
14653680810
346210514
712976
2152698346260
226626
230295539852640
330
140375520
463154227248
153140400
78300
15783432
1382
816897128
387732198
266662650
7697477382
33720602
431525429
178964
33255704
3418780092
57308630690730
1580
170506772488800
124327613586
666980
124569684377906
14223170730
14090400
3334567784
11327070
373273954821510
401388602286
7781439874320
99679619300
114628920
60038195328
11593
13650
387896312
870
6687341894
478382128631232
189130087104
55912140938880
46340166430830
426679625568
1081
4644
1284900
3139712640
1133535644240
12202424
508530
200
1902576
65182866
951289024988
671759668944
336948296790
2339045103444
23440900793276
490572457453
159514092240
817232461
870672
2920224
47720400
274312800
546336
4422009510554
116142
7602
4359298320
221989407668
70170
545400
10427712074
1966571336520
265530908
9225829672949
18602
4137360
9225829672949
669603830905884
69832430880
69330
408529908632
903114720
2346
85123154403000
5354
6274753297880
1890914486874
106982
457320210
23736510
1081
673261
458980248
25268992068944
24098977637952
25693920
1375549472
4825568880
4568550
251310
69205272864
8854997040
2035856
97597101943748
88102800
72251879400
11509508792
5070
177791474840
2584459285440
1143828
3360
74247432190922
341336
15375484772424
671019000
20821750767848
10437085414688
4154948622720
1915920
6220250028
138746
10728546
5012576
134792
2804544
33897600465288
48791588
195426
67291440300
10858574186600
132434884401810
76130
176910
3711275744
8782745522
400218016320
209024151704
440476560
14529007008
94890
161020620
21037320
369030
3243613320
12744
126462
821817360
853781280
10270616
5769457974
4953780240
394248
1007306792309
69330
30881136
12130247887200
18690860880
147587401
3130320
3288672
479935066752
1749619920
14090400
301
15825450880800
78230160
413909236020
47209010
1872180385200
57749
30309120
18226008599400
17654912
572093043120
5080855862880
75796724309
261984430080
6757639379312
12994995842220
8130
255467928392
331404342842
14978660760
2237376
122246930880
1472642511120
417057320130
41474
27181904
9617613641280
3207888
256438229073720
20382216480
24972330
18360
1394
608519317808
479508560
272362986
5070
123615330
2918118600
3039312
876
387732198
662543640
888300
302589033896
3138
22208
830652764210580
1400616555300
6443092646520
2472630
732090
9939010976
1098192515280
20166880039908
125640649470
14512512212280
11665873728
3555491649696
258431173770
7761901517328
5399428500
2049343514
1979820
2870640
69289502400
6988758718704
11544335229336
287623056
4575062
1918164240
13265407080282
33720602
28004207566268
217784191422
2878056000
115680
62140500
3594275290200
155513877023520
9696961080
1900005840
8601947525160
578700
1470
58090068
30424317577968
57749
7120769040
106012874
288369172126800
870
14284351054724
77959920
84475839840
8210340
63032134034
8130
868089393360
2048190716240
1574919360
397680
23240972604864
61082
15065286260
72322295477040
207621552
20519381862
2825965216080
598434055590
61740
133050882660480
3173843821
8833344912
18108
145142077493448
11581
