\BOOKMARK [1][-]{section.1}{\376\377\230\230\166\356\131\047\141\017}{}% 1
\BOOKMARK [1][-]{section.2}{\376\377\140\073\117\123\122\006\147\220}{}% 2
\BOOKMARK [2][-]{subsection.2.1}{\376\377\124\175\230\230\131\121\147\072}{section.2}% 3
\BOOKMARK [2][-]{subsection.2.2}{\376\377\137\227\122\006\117\060\213\241}{section.2}% 4
\BOOKMARK [2][-]{subsection.2.3}{\376\377\226\306\213\255\226\037\116\222\155\113\137\227\122\006\140\305\121\265}{section.2}% 5
\BOOKMARK [2][-]{subsection.2.4}{\376\377\000\125\000\117\000\112\225\134\120\317\137\227\122\006\140\305\121\265}{section.2}% 6
\BOOKMARK [2][-]{subsection.2.5}{\376\377\137\227\122\006\140\073\176\323}{section.2}% 7
\BOOKMARK [1][-]{section.3}{\376\377\230\230\166\356\211\343\154\325\123\312\124\175\230\230\140\035\215\357}{}% 8
\BOOKMARK [2][-]{subsection.3.1}{\376\377\155\113\213\325\160\271\000\061\000\054\000\062\000\054\000\063}{section.3}% 9
\BOOKMARK [3][-]{subsubsection.3.1.1}{\376\377\155\113\213\325\160\271\000\061}{subsection.3.1}% 10
\BOOKMARK [3][-]{subsubsection.3.1.2}{\376\377\155\113\213\325\160\271\000\062}{subsection.3.1}% 11
\BOOKMARK [3][-]{subsubsection.3.1.3}{\376\377\155\113\213\325\160\271\000\063}{subsection.3.1}% 12
\BOOKMARK [2][-]{subsection.3.2}{\376\377\155\113\213\325\160\271\000\064\000\054\000\065\000\054\000\066}{section.3}% 13
\BOOKMARK [3][-]{subsubsection.3.2.1}{\376\377\155\113\213\325\160\271\000\064}{subsection.3.2}% 14
\BOOKMARK [3][-]{subsubsection.3.2.2}{\376\377\155\113\213\325\160\271\000\065}{subsection.3.2}% 15
\BOOKMARK [3][-]{subsubsection.3.2.3}{\376\377\155\113\213\325\160\271\000\066}{subsection.3.2}% 16
\BOOKMARK [2][-]{subsection.3.3}{\376\377\155\113\213\325\160\271\000\067\000\054\000\070\000\054\000\071}{section.3}% 17
\BOOKMARK [3][-]{subsubsection.3.3.1}{\376\377\155\113\213\325\160\271\000\067}{subsection.3.3}% 18
\BOOKMARK [3][-]{subsubsection.3.3.2}{\376\377\155\113\213\325\160\271\000\070}{subsection.3.3}% 19
\BOOKMARK [3][-]{subsubsection.3.3.3}{\376\377\155\113\213\325\160\271\000\071}{subsection.3.3}% 20
\BOOKMARK [2][-]{subsection.3.4}{\376\377\155\113\213\325\160\271\000\061\000\060}{section.3}% 21
\BOOKMARK [1][-]{section.4}{\376\377\140\073\176\323}{}% 22
\BOOKMARK [1][-]{section.5}{\376\377\201\364\214\042}{}% 23
