606630979
72352995
785067494
4826160
58020252
584390870
141813363
150
783218277
481271883
121080758
92363518
896334728
114203659
71102589
226399809
411422123
243032974
342330165
992780831
988265960
149544260
516471004
596716531
207908345
448224737
117872040
938893699
898721940
328096428
93898630
986907594
33025444
32287383
22718386
195828062
287292789
245447192
225360788
354359903
482626296
784198518
822174323
638072287
128951596
941050576
177273617
96177646
944291180
32384110
801678893
219637236
249479266
751109629
482267185
963962664
207908345
577635901
542931740
651485822
350746876
256329955
78646918
402116661
543199934
498805845
441865962
98769362
23482358
438745246
808985829
905457583
596813636
379135191
679855380
276502263
829993943
801243694
485038482
767103413
781795537
82229777
126288685
278983497
843974522
721617140
140425627
309914368
219432009
199260963
596813636
541586665
895546713
113684142
202893321
920355271
922232201
627500503
275507421
998566462
516383057
482636632
69349174
291848212
360779486
477546440
642794113
255747300
799935941
500325390
21613768
983780318
345005532
974210733
90069368
324632050
280128240
32513816
4578874
220867886
482068686
963962664
809186754
958977811
939687957
823046072
364670984
597927706
992291683
778809682
568368152
981140280
828952515
214166256
431707956
939667258
29005740
216192203
174875262
388617473
311696990
179597442
67086855
129720502
102922067
602121847
675806177
58020252
36604785
194448900
663333223
109320
503444762
94929757
988265960
872578245
546579285
691010564
498805845
612840028
189055686
740733985
329313371
537553726
919623647
567262246
191884092
528453308
766197234
264663892
861007277
961521853
81209802
100441623
329313371
507634900
177522641
530986326
198025561
700167415
397211949
85410835
839390997
382852952
711265915
942217972
273146246
355637074
53009384
524632621
285144711
807973025
303441396
687703503
129541881
539831708
69349174
382856224
276316673
606140224
195828062
263883006
185864191
944719979
124887470
780068949
411702885
594115104
41675374
372835484
190570293
443166299
775792504
689677266
184212267
358041587
881907443
743928632
478420462
224480101
494874175
313542882
483060222
179597442
658685085
939413964
493854947
143382994
596813636
931432120
716100284
681285413
608423628
346786849
598722622
448224737
475169594
27810873
815205401
268821009
787638947
895844463
326076966
168210228
143974784
314274700
820777211
104297569
164104412
439602794
314413453
69577984
16315541
385678741
806442151
592833293
422917125
881017671
409148920
824309164
224170702
764251068
723319210
132119773
969512524
137655274
227465186
890866088
389927427
727267311
5523930
961856302
650074856
807973025
433603049
389927427
253869971
227615503
641187214
670655767
487814049
981870925
303983116
92758893
149544260
817211971
67633894
219909238
637225278
373635
924061425
179825266
228683338
32373650
716856864
46598156
597985475
301092771
963443806
940212926
609054701
992407830
234381652
795581509
614380239
764523640
32287383
100328627
15665695
67633894
124887470
945309929
746937336
519079683
524416883
46598156
746937336
227465186
781239384
760758494
596813636
444805188
15721627
788817338
78917125
380240623
398089477
23242359
288714870
925313686
585018638
644179487
765166895
855438341
354740411
388061120
524978033
802676821
309914368
527030158
367006480
112712287
519199067
557820851
747808339
108638431
903221914
149544260
409471229
364872657
435589229
275205258
391870495
168210228
441924925
552267430
459756422
922504422
147824893
477546440
275205258
84076534
736504071
4578874
780068949
625175472
72548621
999030610
819260140
643064242
739132248
48162493
195828062
114909031
211865380
279622726
372339610
372339610
843974522
424074497
789279763
883877327
204260587
275841692
93898630
150
258707425
4578874
714797570
700748331
444805188
26937092
903221914
110370975
717552752
935480882
710711177
319490624
673161982
239487316
92363518
615803917
180467971
854146580
730180916
439492351
320926571
547404644
157850400
534954619
469387943
890440691
850050177
92758893
236842941
163760449
843410497
131696840
375655295
44820989
338492132
239487316
427443596
40956333
501469265
153073407
890437401
620688513
184151516
4826160
786471578
403665524
527030158
149544260
738447400
227465186
121413468
451927396
664842432
482866441
379135191
478420462
342330165
851266693
988302004
448224737
715869911
643568515
708802922
129720502
441035714
589943808
912248847
208917888
314274700
124887470
695295312
159364942
437478384
969165539
976369151
107816356
903462385
237835288
947347393
980877287
259298749
103961583
780068949
37379926
862636349
998577380
714797570
162101766
199785190
57395096
694156057
802043389
838265943
810290877
573651341
118171605
626604535
738096270
597823428
275507421
26116198
980877287
993171798
490949566
227255957
776364536
956294635
772942247
722425876
477546440
579886559
645489884
834383455
436715057
269522820
599547437
275127100
733927082
841436929
342330165
827874435
320449659
174875262
482020824
337695263
896221420
320478480
507634900
792707757
459844722
953684330
721617140
347541348
927532123
711265915
935740686
247692606
193275305
714797570
316372179
444805188
708745996
802278594
336174689
675627265
710804792
816887632
424647328
106573915
448224737
515822827
124887470
205227205
41805130
556007948
747363900
199260963
168210228
430323908
249479266
178110915
675332258
611466668
876602190
248004927
120872446
579864333
1
538166765
686406158
96177646
833011637
280128240
27810873
917143483
846147821
3384
981870925
614380239
1
824569053
786312515
9192911
922144059
103741
583407480
248004927
389927427
248004927
58020252
375629177
966419115
730752857
453452296
921236895
539831708
93898630
327806970
130474718
545373163
598280359
249128599
405310020
827781750
407902567
44130336
156285460
711265915
673161982
57860494
138759020
833703239
461039421
117643267
804645157
275127100
630174927
117722483
148516861
829563740
22117512
60124179
787209439
103805930
655015866
67573730
467714031
745043052
952041196
516383057
673161982
137067068
582890280
689075782
688855400
416976073
181992320
996228758
865108816
309549877
155171180
142573725
235427225
216197811
114617150
912208782
377648150
199785190
313822161
769558219
987411460
567220345
677590323
46598156
185801542
982785979
444805188
314413453
4578874
67470423
716100284
784393251
179597442
593032438
176327590
399313370
285850687
943433539
316372179
252266204
711251137
263361204
410824807
557233423
591087967
651077027
389927427
215973613
482636632
144577080
165803742
880146029
37596804
843410497
955728163
778079503
523574282
229932055
10
602121847
498547879
892695201
341482505
706035678
325241353
945309929
682147099
167026947
514614061
703032517
109320
580791643
123190171
756352320
432649214
149544260
613598510
634965019
658512503
636558322
870735283
499655059
86301404
655015866
511319269
430894686
229551199
660941741
192920684
295413381
96177646
982330954
637459764
968105839
916494426
978656180
479810800
314413453
510320126
114617150
124608967
648816111
829563740
244114440
705359447
785957498
23482358
378737912
244393860
178339009
648816111
747363900
269522820
961347170
400550823
869246820
856490834
699263509
168210228
390868573
978667916
499091340
237120650
329313371
853734000
981867673
993920194
419287772
106134813
275507421
923448115
497898149
591474875
498805845
172901029
517000437
655015866
578162021
215581535
910346877
129151366
290987159
369865985
363577135
745489304
704852441
498289188
676339280
199785190
316372179
91125008
989989362
716100284
364670984
849938299
130141807
474030738
506228465
280128240
980877287
960050840
693293213
398307617
513191669
202007433
120120414
232950741
975337446
181951851
145975847
494264819
798160405
493854947
363003949
214330241
591376557
524625693
109320
251297295
329313371
141966077
595934437
658231685
424902645
633311453
246257056
664586138
931184407
405181325
941983284
759661403
895511550
207908345
31689290
389927427
604488704
150978479
27810873
284822175
945309929
107816356
177807314
476661789
853430104
269522820
812108309
151667782
652009
873735929
102139540
19019105
159853745
795883386
966607334
275205258
1
757472910
100659774
354740411
853736170
198025561
547047514
498964966
262798027
161222897
683538680
630786747
819760815
509263348
295784987
4826160
549298587
50709358
734739359
900840309
338978472
4826160
540791553
208917888
825525788
447036600
243802406
468990404
704204291
876301687
155114584
716100284
766768724
275507421
311172678
122083734
129720502
209857719
806442151
168210228
536271701
676583659
538991678
168115956
608423628
275205258
208917888
831853685
578013259
350495311
206807314
154504203
158190629
465324718
185501014
109320
298620610
769114664
227465186
490233227
785760032
612292946
988782238
758290128
865494791
721767026
258438777
556007948
900608723
637653710
17113864
673161982
673161982
369865985
160269283
459634247
787638947
823549119
124000344
58020252
114617150
375017323
697904949
338464301
149544260
507634900
504667638
224098669
995547968
489334816
398089477
844208857
246378150
679855380
511973782
951758140
113370599
94893407
988265960
482636632
705234926
938905005
588010653
108242060
226118153
848819329
314413453
326901762
824202650
397991399
326901762
683037930
436541254
929824709
826254705
239487316
438230428
745459724
384951437
403589617
167026947
806013509
335362996
477546440
10
829563740
539699778
373100952
568368152
176591467
914720771
713863857
673161982
985799374
482636632
320120974
81096333
780815050
473669040
805668403
99803002
369865985
85117649
898812600
150
391743916
280128240
531434666
625447326
160969395
162101766
192047145
404462807
794289386
673460014
59924247
597685715
602121847
837898170
489222708
104387467
74662445
479810800
62785869
374089695
48797332
777178631
275205258
293876166
398356075
69349174
109320
463452388
46598156
32558968
646539586
138181130
989024461
376559550
658516737
778392399
235733329
92363518
899802274
425476237
641482916
110225974
27810873
857210042
428718860
198603706
173934763
241554372
28099459
556007948
700167415
553199089
783602164
629895332
436071165
587955324
557820851
520550781
844645079
544278608
730889900
603320528
388061120
507634900
690319247
638990824
100511680
139721403
208350872
928419854
336920102
874000724
647158400
984664653
731622447
151667782
743928632
176659820
248590766
897782084
755562526
760523028
159853745
612415011
819920910
227382860
32384110
670885026
488152127
881096762
344537838
513794772
251297295
539093499
924459461
582494918
314274700
615779812
693524677
27214742
246541928
32287383
58020252
198025561
613191319
953390760
673161982
974585736
170864699
114617150
18734210
687445349
121413468
78240731
873735929
745992336
372339610
995547968
850880418
248004927
405952209
404456820
732892537
703302407
341482505
275205258
248344928
233178638
693814156
179597442
276274732
740802300
150067740
170070811
196460244
502150515
801917990
137158394
260253935
787956967
346494693
393756572
582360370
589034576
892311175
964172104
27810873
207908345
519485747
316372179
505115444
398631658
989735869
959355969
524632621
438043458
379135191
343914853
884346573
997982888
150333935
127423866
67086855
103961583
121188566
252363934
489334816
269191
67234283
259614645
883204982
5247201
193275305
490537521
167049677
705234926
704852441
404462807
787399546
412790390
426430127
63409295
179597442
248004927
769929921
518355413
759986266
189175047
3982991
949413940
742417574
387475617
404462807
637653710
478893047
249420944
712758272
649862669
342622595
509382502
900088822
353711831
614380239
239016725
315990701
789676162
825667422
199785190
987065340
973060728
354740411
746205913
721579833
424577218
857299446
728069059
488544463
171184363
687382569
521874199
213705628
809753234
275205258
178097781
394933914
983647094
905951865
614633990
924477887
414766998
780068949
297721548
71359618
444232445
46158088
333371322
209556794
660587941
815992251
58020252
516383057
314413453
787835917
531793338
443617130
50980926
301210163
524632621
10
391077031
930101777
655826576
95673858
23482358
709879127
164206581
862636349
752920465
304697117
188179267
724209495
178339009
880463328
743928632
326901762
683538680
544532305
442860148
766381177
372038436
543261956
240897322
96177646
414140560
724993148
608423628
674786704
199260963
980636861
16634386
418309307
671878240
122966495
493854947
444805188
444232445
268959298
890052509
689614308
679855380
540791553
524632621
204719143
227255957
451927396
870780218
182929340
488203166
304697117
746937336
700167415
770104772
598695519
365677942
441486107
739392359
278976413
723424615
37789294
539831708
290767032
802916844
653861278
931372576
202424867
449541674
174875262
716100284
453590961
227541737
921297120
554355402
136897084
174630483
587914772
137158394
545525098
195828062
690659509
863881113
516383057
655015866
631200584
311409953
224829477
839911190
471884741
958137404
505115444
238897333
156134815
32287383
546715666
614633990
198274093
705234926
136642811
669710133
309914368
796950665
978490948
899470778
54944210
16922341
505115444
11114886
441630059
109320
302971817
598865787
765764507
380719766
297721548
992780831
566062907
13769629
483624441
33505203
614380239
275205258
843974522
845843162
27810873
113270997
777683072
751044243
335362996
743928632
522568889
707806048
888283173
347188487
875331642
299926290
585114472
52957630
82348132
772595486
766634199
107816356
700652685
857654985
137158394
168451341
123459642
873735929
540894061
172901029
799275610
849225112
558288384
769233654
507634900
126984646
400470485
539831708
532279734
967527360
557413391
183087547
749815792
733865909
379907110
211583424
816918106
556187498
27718158
175509359
404462807
377120022
248004927
227255957
607196614
174875262
971867444
151667782
558139755
232556001
996930187
43826078
875160910
4826160
601131359
882460452
34760646
266193157
34094789
4308620
761669839
619650859
24583988
679317887
319487252
782169329
143063723
764523640
974944986
661815621
182254109
143184348
227255957
778164092
945309929
108976470
431491933
472750916
170864699
607196614
643166110
624851169
526242857
701901297
755357326
315260195
934038522
792041233
391918502
212654630
129720502
143001142
174875262
714550335
195828062
876446944
165803742
903221914
721617140
324472057
637653710
141715134
796029965
118548450
489334816
348435130
237767034
328134885
161036159
503005474
108563469
823842191
816475096
332993931
152793677
198079940
123697887
308084458
908372436
822689662
288571414
90225138
130159798
833741529
704852441
714797570
700167415
165803742
208917888
448065604
965173864
389927427
233667526
963962664
475059445
859733397
349603248
616600948
245122079
546790808
129055326
701214150
761598911
27748614
551282318
184151516
827754387
630490434
994169948
607196614
275507421
884313781
940121117
428750094
354740411
356160878
156285460
347090776
500637288
608238617
32373650
355363478
555630209
853731917
884158612
913230843
951508055
482020824
22291403
144577080
986345000
658516737
804343943
321769601
721617140
143012024
584401914
797898365
217214632
963892848
843410497
563735477
207908345
840413348
401454857
988265960
806310511
750647606
843410497
894892426
499402567
298620610
490329593
466963889
38174214
606121739
329313371
354467285
380086082
579786647
386265640
679855380
14932767
106924527
261989962
275404949
613757165
50323932
412952909
780911802
133880965
412533633
92758893
33729069
549303938
532284849
184533356
707337590
627891877
930877290
354740411
700167415
658530897
354740411
93898630
983780318
159853745
972652636
236874099
349603248
165803742
983780318
677163637
653871570
72758930
643182784
124887470
269522820
347250860
285986820
477546440
486419711
176744655
333610619
91037928
294857906
98106961
382555100
634247715
275507421
333661804
534858098
167267958
493854947
465390168
157530808
413090893
423828135
325527926
495780310
721617140
275127100
323074275
827874435
998831482
36243527
717552752
280128240
316372179
898721940
468990267
199785190
680693350
90634430
287073380
262059573
320378873
334203960
797356605
887971199
318060749
178446646
422917170
136686856
721617140
297721548
82211847
797297158
148516861
272126393
945309929
341005776
711265915
977485422
280128240
121413468
621231998
751885764
752134313
308929008
484044135
557382723
886429123
385464117
249420944
248004927
894722178
4690336
510546079
548056668
269578387
390207623
32373650
501110831
493854947
469114864
586064848
174807113
93547595
73834188
780068949
608868363
227255957
354181651
620433328
208917888
781071320
32384110
163410716
806827094
762432035
10151689
269794849
379109885
552708588
130808695
992780831
205347840
746937336
67371431
326901762
150
32673918
468971483
658001031
841894680
541604413
253118301
603022481
239487316
396347587
254128642
438998191
476213771
489334816
862636349
69316121
168419444
83792919
109320
544955048
752588211
188289915
743629408
778475304
162101766
517422447
879052014
595229076
144468944
507634900
286558805
137067068
412808828
352372926
307343670
561308996
482866441
362593881
297721548
1
647923408
743928632
359904494
438913974
370252608
598170549
862328909
46598156
859667578
135116070
789788873
412533633
100441623
944820764
620915724
404462807
122743272
751109629
533234384
158135472
329206458
881754608
524632621
441054151
92363518
581960782
787638947
478995956
933891365
867146588
444232445
494874175
811994242
568368152
561493616
545525098
235467636
354143572
248004927
720948894
23482358
329313371
561762081
899478215
764523640
788320620
159853745
191019954
532884776
275205258
933823497
409382755
871628236
443353163
853619444
251966212
495003543
981736368
163410716
516383057
608808244
44295357
834384813
992780831
223855764
144577080
571019517
269775979
444805188
444805188
900019411
341482505
462280431
928155976
637653710
827874435
660818253
275507421
588288513
249479266
53189038
63912489
92758893
570507035
585102055
761946085
189874901
665493069
268464011
151667782
390593020
633570437
245856777
211496162
981140842
232836396
568116026
280128240
367252957
392998158
893366706
364112185
420355366
615264557
493802557
610830094
827874435
379966985
95707962
52606428
980327922
715266984
519384169
983780318
92758893
487814049
4578874
120496504
389927427
807973025
803973417
802916844
277497083
913938896
873735929
572475169
114617150
62073052
890823232
568368152
607196614
105981523
885904821
32384110
204832102
524632621
648816111
478420462
860172550
844579263
18637631
18681131
162722844
312282151
724173981
586428502
476973402
928180908
977485422
963962664
96507421
982934865
796997820
897605094
896969966
178339009
713000937
492855399
482636632
764213241
886471696
268688362
769929921
712456121
6900587
436466691
747363900
275127100
952041196
67633894
68495144
648816111
213241355
216366521
446137743
607196614
41831860
285615558
358427371
415531339
197683478
842160364
494874175
580261794
364670984
364927366
570118604
596813636
502550949
3384
98972658
548056668
478420462
365785225
514661304
109320
463331539
167361904
885392673
333520857
945309929
901704953
140740137
183214836
963962664
379850786
705234926
329266658
152159310
166636771
425514807
703428971
329927020
46598156
522072705
577101836
630174927
741837157
249479266
485983083
174875262
297721548
131824515
349643899
840024914
814358184
92363518
468732495
454020638
899565595
743928632
779739349
314274700
184839066
179105206
986345000
160732236
594602386
465065113
328541541
900725652
64123867
576065379
389927427
302328079
385899087
311231524
397991399
695430351
435254436
210236128
728091607
21580794
498388849
728091607
22514178
862636349
740335121
275062745
152998865
977014663
514188811
388704500
747857908
571893046
731010665
317983154
247027256
201495173
467714031
69349174
505115444
628254201
79883585
890212891
494874175
710757888
678670263
621356729
129790653
866316156
859586417
496121388
163410716
638005210
227465186
170864699
389927427
212662877
173049506
81035340
524621303
810949644
886415666
309023170
794133243
673137859
395177356
58020252
410272246
830919962
86892704
933891365
540791553
498805845
4826160
791662422
646963911
326901762
264678999
388061120
249078659
668525004
927744166
168022118
894436091
27810873
711265915
479814912
505318555
722993279
728091607
907526540
466386231
58020252
151667782
210673976
630174927
526143501
100441623
514414538
557763502
444232445
998486835
117643267
92758893
67086855
829563740
167026947
10944489
185611537
827867433
966227238
914686542
480472468
137158394
773368321
351213867
107383756
983780318
154679931
880061503
800073797
164168978
202027150
83514967
12713309
812433582
722229934
248590766
170864699
297721548
114617150
116186769
964385222
472750916
167884185
190309296
520058372
164381007
621836266
196237807
489997725
555317010
719940344
422311618
491974621
50425277
733996151
711265915
743199439
912387820
987292191
739978056
354740411
927489591
991400574
983854488
451927396
340115686
23482358
833310005
767958802
447937435
751109629
95673858
130159798
195428830
787638947
316508550
927009051
372339610
763097581
500887648
249479266
759020253
626948647
482636632
300856532
937248007
789314642
935655972
398089477
46598156
939013931
661119098
169133284
486167898
100441623
178339009
275205258
673161982
326901762
5792680
405526962
69349174
751109629
212597385
527030158
88344409
71073809
651599080
166151990
597278228
772301604
506101281
388061120
92363518
114617150
826375986
521518372
745442741
275507421
742837790
658516737
601403582
61553804
827874435
141152143
412533633
165803742
655015866
637653710
743928632
603886131
771075383
92363518
445769866
3384
236637684
572316580
527030158
482020824
809806335
875022950
270691476
167626526
333329398
271387631
747823609
810253482
895774242
448224737
114647495
182753313
341482505
366874539
394773219
141385662
956562929
905983267
590650550
992780831
648819396
67633894
630174927
268469938
724015263
177937210
534860722
556472463
580946798
496670899
903533868
581703961
69349174
198025561
198025561
402084353
431833383
614633990
34826664
459325141
340862524
994747827
124887470
679855380
23482358
978855009
749018590
93898630
652485123
193275305
880635502
501450911
373635
155775702
527458406
460309591
556007948
916758919
413354471
478906810
376718540
103961583
412533633
149343016
190768848
371621297
381150298
388478553
595012699
903221914
178339009
397991399
319053962
189874901
712517064
339574356
345422821
379493383
911951679
862636349
954924952
313779536
568368152
163410716
505462211
696346045
199785190
305996988
275127100
775160329
726162293
663349178
199785190
71330886
78107043
537845121
614380239
95135051
199785190
538660011
689001394
165219516
467276808
335362996
746937336
907283890
93084131
313884138
697186199
181003205
513072035
119749622
209576404
305833096
335362996
67633894
692664613
951717249
601980388
312091416
498805845
664972859
379135191
144187671
432226380
28396873
935142992
253275095
465213610
316372179
832946943
150
949985122
952041196
673557652
397546804
168348153
841901197
479810800
112032326
180046500
173038790
248590766
309914368
439475808
788959607
23482358
906945910
626128402
885672257
494874175
516383057
191488337
298620610
973170029
813789796
225412307
502478366
737787657
107667061
362603295
104841966
436715057
588685454
673161982
88424571
524984226
199785190
660758350
163410716
751109629
269029260
451149108
590635569
545525098
179597442
151667782
753949711
335362996
341482505
492785505
355922682
162101766
297721548
361429286
320808657
772284230
599981283
708068538
92363518
691831077
850303884
395874255
489334816
483429676
352947905
883692449
32287383
494648690
32373650
489334816
636432953
335362996
883303377
237185704
670456745
193275305
512594088
258302130
255850513
943949024
784901413
765160265
23574338
72119183
759705656
969591261
304933224
207908345
237229230
607196614
46598156
970059081
448224737
913408437
637653710
324367954
193275305
164854232
100441623
486167898
556007948
66893557
345422821
453323900
311020753
697712190
598374889
130159798
885415954
657564856
32572874
345422821
965395635
10
473312965
499115609
515770182
754348058
170864699
701845920
576725816
549858666
493854947
531955082
297721548
654779559
168210228
524632621
756911940
95673858
195828062
76950473
371819397
459192417
335362996
418959786
139180523
131912569
419197521
691561284
721617140
242171299
161782328
335362996
614380239
925454123
829211051
673161982
708889905
194022698
56403515
999766618
275205258
156285460
162101766
297226842
67633894
569257090
553923539
637154038
661728101
909489091
507634900
124128712
871654282
162308498
715801906
338831836
170864699
449788140
470354636
715744495
524632621
193275305
109320
191298288
43263704
544269045
379135191
757726654
137067068
990059092
152035813
444232445
802916844
178339009
965931562
430900329
517610505
804533623
665627163
995445098
130159798
805307802
705234926
716100284
751109629
482636632
96177646
426990625
241077059
648816111
818532261
32287383
314413453
129019348
32373650
103961583
326901762
157923026
155698967
334185311
751561730
803294155
435642286
23553621
312499983
836256170
512590970
86375477
65076335
328799299
150137844
386063975
661815621
988302004
799145753
529424181
933891365
466736938
373782983
999858561
649329457
30537145
527030158
827874435
468692318
134142740
747363900
280128240
933117364
991400574
860796703
937531716
607196614
9040183
493854947
843410497
952041196
100441623
975845008
770935442
952041196
384978530
324367954
316879628
208917888
489895687
223969299
149544260
821423777
926635505
716311081
166678949
516383057
527224974
630174927
163410716
627719380
199785190
988265960
296491916
994176341
487814049
806442151
992780831
417974106
482940002
935395992
962270597
538505950
919890267
654782885
810965984
27810873
851051308
408629469
606862105
165718254
356530813
479810800
415385114
657204429
374202747
52975453
405854534
954321839
182832872
62511160
529588211
92197705
23482358
36222637
371168871
246216267
16977106
612253728
920879459
514245021
23482358
226870098
488155291
949211143
126200182
581182070
928419854
159853745
345891204
843974522
63392968
940644413
393948424
4578874
185066515
52843786
225196964
963260735
428427098
479810800
704064640
612269983
890114336
649152260
249420944
92363518
848298474
168210228
397991399
518538398
378060281
912208782
631814262
339557878
627348911
667632970
221461663
489330780
265680234
432163031
46103733
279664277
529637649
249479266
481790111
743400360
673161982
928419854
248590766
802676821
682815313
199785190
521411092
661815621
587541155
238556541
477546440
715662598
587081260
452128628
342330165
444018522
347090776
858995869
293847438
295008796
167289605
342330165
70843747
41433599
877692073
907722636
505115444
607894956
991400574
133935419
159669438
477706741
355005392
969995108
39169729
713232170
478420462
239487316
631282210
144577080
613869574
318379201
683538680
875270700
165803742
8361972
482020824
762873755
436715057
593145263
423617885
251297295
86867314
364054469
880858151
34676010
294780030
668031214
271596058
249932011
96507421
275205258
658516737
400732472
258965285
406636268
663260830
168210228
213639316
746937336
925185086
634961340
420726547
903221914
472750916
960543119
136494959
975155518
591159026
980431923
459447631
141069147
479810800
170864699
320193032
384951437
647912857
220053881
501465415
96507421
739027525
235550756
437904892
963962664
93898630
377153725
732654834
385042045
275127100
193275305
248004927
959213597
82166628
379914505
340180951
29648727
984722002
351695923
387570946
377017631
567051584
516383057
514245021
377645979
963576402
113249664
477546440
983653667
657146641
6885941
669568772
389602889
722177071
128221417
1
408260284
908683516
662611202
679855380
986345000
745193024
992780831
318342228
363495869
283177264
93898630
779989134
174875262
444903738
148516861
798349739
557679131
249420944
342330165
272096213
723427084
178332430
97576889
254087002
382223429
762172978
31707676
174875262
721617140
6008291
411231778
431658776
912832164
795453621
304255686
350130656
249420944
940644413
594359084
568368152
404462807
780068949
223446227
941713246
329313371
866127656
375079250
807568647
570355607
714713191
424432493
149544260
670450570
463990916
842895824
358431819
940644413
805493476
613057374
224220923
812366513
88655575
183071241
629255778
199219246
93898630
684074111
990548848
528134055
768799039
53500800
70843747
57876790
114617150
572463304
96507421
588061460
466006787
838234363
820777211
127169740
610885412
539831708
185501014
121413468
342330165
34850360
548199485
482636632
642444712
885392673
281730283
266912561
494874175
352300857
316372179
865187165
968174256
20358345
108911351
741299507
275507421
482636632
995547968
108563469
825388101
345422821
615556694
512499882
720417279
928419854
137158394
667417484
86076298
984217247
711265915
434287838
581545350
620003491
93898630
308330443
505002712
388061120
349603248
719050696
761931353
149544260
450060437
717552752
65898336
249420944
740630647
54534997
992780831
130159798
377525690
114617150
943199732
596813636
537752810
538942445
767479508
963962664
227136621
949309466
92363518
501320683
199260963
219514489
200376511
276802499
986345000
877488611
293241126
320448969
70843747
170864699
977520418
489334816
284532833
187316867
10
952271510
928696153
891194885
654752962
805061513
700167415
198025561
494874175
173396634
25597568
910333412
280128240
732624349
340980453
679915890
767162096
859065149
847764614
573801766
534370236
977485422
837971091
361159996
526719433
613314013
232190211
316293561
958834458
96072269
848064068
373635
778327179
406505029
251244674
14890258
531991807
805996514
800412323
34850360
87333972
489334816
468397313
558938924
860894963
21342105
776974661
514874209
527030158
179597442
928419854
706392590
494695055
317194424
836542366
746937336
554202809
94289236
562368445
489334816
827502788
64007715
221198077
885949905
555747819
300878051
340980453
449436285
443466289
308039742
663111687
728590567
205789332
791031194
559658719
465361173
227465186
325273242
637653710
467714031
912247015
120846379
894645159
602348057
193140548
444805188
193275305
148683786
520449503
607196614
862636349
539831708
952041196
372347429
148516861
395808317
998684993
912135238
852048181
61501464
867510234
34850360
746937336
738189598
661815621
262197258
843974522
862636349
1
653629754
393076283
426286036
482866441
688346357
27810873
631565694
728199143
32384110
797094173
348529136
205164433
638607265
151667782
743928632
329313371
877464319
796246315
870861144
797408044
144577080
434517762
55627015
175388311
827071800
534801956
506060546
782543398
220616356
577263933
661815621
487814049
174875262
174875262
354740411
975307245
149544260
478707730
569093847
505115444
27791885
180922138
986345000
316372179
752111372
148516861
769929921
903449621
728091607
176390128
354740411
780068949
772841571
688844666
57793082
149357433
564475519
459756422
743928632
25645844
248004927
769929921
23482358
612692570
552155782
235281516
527605847
161797053
742478515
391401519
436794215
198025561
34199771
103961583
249479266
402689271
198025561
746471043
612073255
477927388
205012376
556007948
148516861
854822843
946435267
661815621
876171624
278941205
775520001
280209556
597946470
630174927
32287383
819543358
61346151
407133384
622793244
388403035
526067312
145336710
617000491
816014340
414659159
662641675
949501805
55190705
519347903
863129475
364670984
397991399
556007948
96177646
807973025
729727490
539831708
55245672
752430875
642823236
93866729
187815191
34798740
388061120
505137275
598529378
970597912
671147112
167599426
261380205
179153546
7570869
590729445
743928632
189874901
150
398089477
17266453
952041196
234477751
777175048
86734818
625366186
493854947
982930426
896042666
747363900
906974165
192214989
588162756
625736849
324367954
921300444
71805248
644787508
208917888
129720502
154247619
839920046
236542576
398089477
151540459
470519448
896950834
69349174
496860835
259530051
344657077
296809281
275507421
682271507
283993061
397991399
362603295
15363841
93898630
603395624
827874435
963033035
472751454
300461786
735850955
148447858
586155903
796237283
556007948
163410716
372074408
245639180
511516701
919965156
806442151
227255957
275205258
467714031
441496670
366268466
453003332
418990006
335362996
2733102
297721548
433808317
614380239
580181489
447366844
743928632
649329457
653242654
129720502
488402168
615705174
851892590
658116223
969819347
227465186
130180565
251297295
682561387
610954529
58535684
311974515
345422821
23482358
815945257
573784635
552611661
799020466
218417105
98476079
891203821
440106381
94934005
199785190
493854947
877397930
325840981
952041196
844746447
716100284
876617308
423208070
271270271
415945640
924919698
770935442
404462807
988265960
130159798
349603248
895011360
299472496
121089080
62064628
75838704
593922797
679855380
275205258
696122483
448982933
386265640
210089217
516383057
740630647
253060169
632677548
817574306
548056668
956384773
412450612
314174326
233855767
154342916
403953735
669736124
345422821
734526096
378585220
44430018
241092440
683538680
221203957
553342045
857312232
362603295
433682722
493246301
46598156
980753351
686689295
250585009
523222612
476584336
534087048
107223892
607196614
417990460
173308320
820790772
595497720
129720502
658516737
713268463
498805845
954754105
472750916
436715057
497310057
275127100
821835788
435422289
527471359
862636349
520466776
301518573
120369739
568368152
540823594
275205258
65670536
738541297
534867630
717608596
55178597
56047293
27810873
880857595
563546004
47083745
441080400
2087021
446194550
100469363
717552752
807973025
810858834
69349174
4739586
498090828
92758893
469045363
70843747
885392673
829563740
935070836
345422821
851094658
493204541
660954964
858725528
248004927
4578874
35290242
548056668
137158394
878691495
724111600
719731321
780068949
986345000
193275305
79410068
814932952
764523640
316372179
644098432
193275305
636335710
290767032
77619010
258253605
90681498
386265640
717552752
489334816
353385716
178339009
732859325
479810800
551513359
110737891
94441307
257814846
898721940
105192479
31523470
988302004
389920196
515245771
957323055
885386986
3384
260968152
445802524
642586567
787638947
364566120
529088230
918879816
103961583
579652656
393044882
118122634
347827277
207908345
163890857
311099250
298380587
885529075
248004927
992780831
198025561
129210574
993950778
659614860
990326455
23482358
415385114
535334801
144577080
60743538
32373650
95673858
428863511
683538680
936521662
233445310
482020824
590063420
647759470
983780318
615796617
661815621
571235976
129059856
983823100
503899751
227465186
92758893
92758893
951119491
148516861
108563469
117449355
45895577
379135191
137158394
746937336
147278425
362603295
287400659
620895741
193992127
362611586
701487142
933891365
666660867
156285460
485622157
70033645
824412911
34762179
137067068
577947345
887398601
457078206
493854947
601754919
583992707
134456458
939415642
230428869
945344565
91381513
694778885
935819805
937758539
1
973497317
309914368
899763169
783934946
159853745
914807777
302422049
673709505
143568287
446974592
109320
158873827
129720502
614380239
27810873
68103575
394917362
438115089
455226178
69349174
436715057
155416249
285035421
650286876
986345000
9901617
897075255
746937336
679544581
220255400
493854947
482866441
718089701
27810873
865397488
655015866
101322352
802916844
898721940
652297884
807188326
193992127
448224737
693898093
377337123
647319426
902996741
138991898
471563506
602121847
981870925
23482358
465268170
904995397
265077713
843410497
384853020
275205258
725781273
179597442
733731273
760161426
19014699
199260963
980877287
384830094
913818884
498892440
382100054
207908345
796227014
262970350
867325799
370252046
223360831
393972367
308769015
673161982
46897630
509914449
514924775
924976028
452535694
109320
5037823
834628597
163410716
401009218
673161982
649329457
488534496
23482358
563506931
728037736
780272716
105251833
371806966
71073860
133670595
770153148
211031070
458918468
307243686
952262445
324750972
545316751
115112715
728091607
912208782
592126093
365115598
21233579
236947518
73001730
873735929
130159798
129720502
614380239
882124665
946753794
966184366
751792841
32384110
691325842
873735929
282620505
638741882
364670984
472750916
767089287
147220236
933891365
33158528
397991399
397991399
824911730
977485422
223890914
409915418
439601017
842827466
95673858
415385114
837369513
727504006
598374889
434545951
86746454
482020824
621006589
614633990
442660688
297721548
198387909
90123047
699541261
420068509
807973025
595214975
32416878
388061120
334350225
537085415
32373650
516383057
746937336
662732302
159853745
939590194
82842196
341482505
758165325
272002010
396077779
829563740
275205258
101063806
950760904
780919176
940086969
32373650
43281614
274498112
813698376
291715202
430104438
362603295
37888694
551211988
145432611
794136893
360888954
96243498
192818362
436899296
548801192
851214092
764523640
977485422
214246298
2117709
165803742
216033001
783643254
133999037
10
80323031
845178410
931690462
928419854
821694703
966364496
308827235
486167898
854809726
780068949
741033985
273380563
770602528
686406158
975984789
127122808
945309929
385219307
380237064
933891365
894836462
398089477
407548822
459885909
506748755
728292968
661452810
537829109
179597442
249420944
652699391
1
32373650
342330165
398802510
275127100
952047853
806442151
144366607
958065457
350110321
312499983
542166371
825508432
174875262
91478767
35187073
714360677
383198563
912208782
679855380
237418270
130774730
501423299
137067068
812491273
953447678
927760463
539831708
983673530
434052140
743928632
983456555
749018590
811153908
802676821
177518913
56981523
539831708
208917888
621351970
615198136
472750916
208917888
283077435
710145080
354740411
31286945
829782318
542887010
927006362
861828873
321419951
221731495
312499983
695160991
863286694
162101766
724087514
400131665
671714071
436715057
938847565
380675472
848231054
602121847
441546691
479810800
688879711
389927427
131013755
980316582
75079689
726525804
710983367
842895245
120620306
929623959
467804033
634247715
514245021
874451761
621240340
416522707
297419117
393614540
199260963
579562703
248004927
120481527
697205806
1
124442057
454689489
92363518
704146183
822099309
555022911
236700
98219310
888050218
79359800
205762775
227255957
594385470
553346769
340980453
427473567
719819044
479662154
113370599
960684847
235561673
148618831
304554931
441067052
585327621
606680162
101248135
802539485
962950505
568368152
19707626
210975294
660201688
649702543
274923120
259285214
728091607
496242174
881600693
438569167
346569148
32384110
659050998
855594996
339095909
829563740
424282206
404338740
342330165
598752432
825019516
769929921
614380239
576651981
955817608
280285804
237896817
159853745
679552928
843220591
598164846
222425219
505892700
482636632
152313923
320074780
963962664
988265960
743767492
908450294
802288911
229200388
199785190
596813636
691576496
695403516
4646925
891816346
78400588
605391022
1
323643807
991400574
829563740
836976359
982823790
699425663
262814404
874900947
398982657
971862294
629015576
854417851
779046594
149544260
556007948
106944285
543028090
369723588
907963054
388061120
16977106
913020986
415385114
230889713
86342689
807973025
12252084
881761717
968660660
144577080
211746711
432331736
383313490
259274467
409780997
386608543
121649886
101678376
988302004
884519549
168210228
428332117
294670845
320845946
886314951
11684420
842033911
323847891
460008508
503303856
862636349
945309929
166256805
412533633
10
678181280
269870326
903221914
281758960
124996345
354740411
981870925
70882672
218496007
706966756
156285460
167026947
173634454
95673858
354740411
688155208
862636349
239487316
67633894
372352331
564458275
702802546
214944599
728083151
844147669
277448127
614380239
498805845
324367954
162691021
373635
148516861
885392673
489334816
728091607
807973025
95673858
976718810
436715057
103580647
101923243
246537341
50368302
740630647
887045780
284028498
58020252
224534639
108563469
32373650
500631
297902709
995547968
200209453
674449069
855512852
888945003
673161982
274788059
927802171
12900215
413882394
389927427
630174927
225799444
472750916
618297691
340980453
512943313
206224837
648816111
520557384
269522820
683664748
898721940
973256751
314133489
328063076
605906166
537259534
780068949
798141913
971604664
895788906
359981105
669978175
695271467
744202410
658516737
235228046
762796029
700167415
802473815
129720502
921575128
23482358
84139255
224760124
211641155
561401886
113509275
770935442
80312282
172901029
699987488
251297295
156526975
556007948
95673858
343278362
797511577
514245021
773266678
91135325
383207334
938777224
82229777
630071369
10
279365393
714797570
527823641
259243132
324367954
634629103
858364740
107907435
649056567
986345000
411890884
216984675
982274522
627076369
948765745
159878132
692870087
780068949
156285460
316372179
986345000
490614802
939894340
69349174
227465186
749389414
780396986
312499983
198025561
820777211
951255736
482866441
912312479
516383057
833308436
430253775
373635
993927706
433448465
869293187
434364838
193275305
330610417
170864699
150
983915090
548056668
149808363
391756067
418762815
755407308
477546440
952041196
843974522
248004927
3384
434055507
751109629
21213463
103961583
394112690
489334816
32287383
679855380
335362996
150
854340975
395405276
505115444
654389033
617947830
170886679
888876706
966247318
477546440
946934731
179597442
256078656
224534704
607196614
787496775
771318040
776744504
823557511
488004834
166189965
149544260
558970475
573388654
928419854
493854947
389927427
436715057
4055532
838456199
565764503
630174927
807706188
255650647
312499983
575860755
799040998
764226819
749271483
798666787
700167415
607390645
803039224
542543939
751429767
176728180
613812539
224118157
297721548
645497552
898721940
199260963
733852527
533722996
758677646
498054744
104455765
587260202
501926351
369865985
92758893
33741819
357363797
163249019
187922374
432358388
662335308
167026947
369865985
489334816
282641583
746781487
279207371
248004927
936453612
442120702
657784516
222041088
912432428
743707156
508019361
575288135
19026469
473137327
705228553
500966353
994148434
862636349
29283161
119962779
780068949
545525098
760904196
372339610
304453459
78646918
479810800
706034794
448224737
270520658
203717684
347122836
178460651
581541935
544846509
894929186
129720502
608423628
314413453
534653891
498805845
721231793
85901249
912175444
516383057
110445906
114617150
967636454
751109629
686406158
689075782
781518511
159853745
227255957
90907462
986345000
199009872
976593486
556007948
937706650
927040616
707884820
903221914
557820851
874097565
412155827
312839798
107004058
843410497
193275305
704895752
73482053
617608275
102142285
168170043
395898563
150
118893125
150
705234926
51094507
807973025
599023615
972425818
317229222
444232445
590501419
806442151
199785190
495872786
581170560
10
482866441
329313371
774352561
796839307
952041196
316965034
109320
124887470
545525098
482636632
4826160
13904033
18743968
517902575
885392673
624674
296073580
390999846
110435479
983780318
918427385
178339009
46480098
391559923
982839458
656931664
274709342
287895762
209677133
23482358
467714031
78428455
348812811
10
700294213
273784381
203773254
459868938
637653710
823571064
728091607
436715057
312499983
195253077
614633990
788693983
109320
127668049
342330165
819028334
69349174
130159798
412533633
495691479
72477891
568368152
185808993
448224737
685972217
789764068
498805845
193257769
596190345
38536033
172831728
778086767
224816044
721617140
898140537
32373650
485862590
323727189
843981819
976922006
654882691
288917661
329961608
354840175
933891365
668377721
31716191
273320985
523864915
405353463
974604237
614380239
870366115
275205258
857072092
298620610
155169529
661815621
649678391
270185557
337567227
552448391
482636632
4578874
436715057
484417747
487415740
230163456
904603909
203626826
32287383
63892471
643338033
146929691
398877292
198799892
95316646
32384110
482636632
575318280
70843747
706947580
884056779
369141841
162101766
477499181
423706865
992780831
889219758
698460254
137067068
14736030
150
275205258
22446602
159853745
542311692
35068278
910903356
981236459
505757925
944580592
862636349
665935143
168210228
1
349603248
278996619
715949838
661815621
211382548
137325561
391278933
80867552
129720502
208917888
393090062
865494791
743928632
711265915
607196614
752986548
172901029
70843747
682198761
520408277
266537755
436715057
199260963
504670617
790012149
95588141
661532210
554256081
679855380
467714031
108168984
298620610
309914368
915923213
418663073
668426981
35766391
58604780
657653632
539831708
313180379
133047849
843974522
686406158
784869547
548056668
630174927
34850360
865494791
713621700
802676821
858947395
976909417
21213541
570861331
974197200
351468824
409227819
137158394
556007948
682675876
186278241
683538680
658516737
96470920
970865509
139016357
227255957
445858892
711794626
630174927
46598156
139982130
806442151
178251250
787638947
518433274
267900416
827874435
898913833
144577080
661815621
724301113
249479266
92017941
988302004
179503910
460654288
354940818
999379542
309914368
512604569
264314236
641886943
335362996
11068055
726801458
770935442
181379183
744738950
494167805
283667585
316372179
751885764
369372179
977483564
569247678
638628348
493854947
988302004
159853745
291848212
769707781
442409545
404462807
665846491
169088211
721617140
158756552
903221914
183475942
228585568
314274700
913905941
986345000
52548102
801544148
229861508
289195727
210999445
340980453
373549203
743656713
193851772
802916844
271191260
843410497
802121449
456822034
313590254
873735929
540791553
841512495
95673858
403867360
658516737
397974842
108069525
73622930
595045959
887531636
498206644
827874435
272584431
397991399
516383057
249420944
608954162
33147796
806442151
697739768
585296047
193275305
794344791
828007444
487814049
309914368
249420944
743272503
732605258
386621901
714917986
435049614
230411313
297721548
197603144
58020252
729926121
508535740
713064740
510503263
31426492
444805188
3384
328301635
769993139
336418101
705234926
497534389
656172951
143229884
167026947
448392799
193275305
275127100
751109629
655767744
175042303
222440728
700963924
498805845
388061120
179597442
707287128
572984809
162101766
159853745
341303649
109320
344848325
548056668
442953079
559459653
130159798
827399968
583589396
441234453
451927396
108183672
507634900
640647817
774805289
929825171
550762919
840484108
737511074
559365615
565393555
193275305
345422821
679855380
24542514
721617140
3384
824661514
195991295
286840381
728091607
471745694
173756119
75919267
220513685
559707317
988302004
397129535
743356055
996105939
96507421
146779932
589767992
869157253
880014135
461078641
827874435
790690005
424503534
873735929
875579052
110176311
159853745
981169621
899046563
527030158
892902608
269522820
3259844
269522820
20945427
868839010
346410291
780068949
802862831
498849544
177889248
772774504
517984413
840072128
211669487
853958367
393706636
167026947
309914368
829563740
911814203
95233205
3384
369865985
244149948
992407830
675315241
682594277
912208782
759196741
573469344
917656565
614337304
521297214
192660496
209821127
700552220
27810873
130159798
615380152
444805188
694100425
275507421
928403821
1
809802577
137158394
661815621
983713523
560041415
96507421
966203252
627752287
167026947
369865985
549104282
384042377
83761743
96507421
461901144
83761743
684294114
609650357
724831767
330554351
73178950
545525098
693867451
3384
185501014
869341072
273320985
39098391
195828062
224326337
803461027
478420462
655015866
130159798
157116899
723348604
759552979
373635
737799986
922308864
998112874
769929921
810039759
96507421
146588132
35743154
51855495
231154329
648816111
525389559
178339009
702036819
647389474
354740411
124280154
96177646
410550444
582660049
39673351
459756422
318891848
651895140
914942029
1
992780831
354740411
527030158
968257935
109942898
406471029
809329799
807973025
937071025
704203387
804764845
494131119
223121405
323954465
986345000
153017039
30945355
988265960
32287383
243239395
743928632
126220403
262081309
912208782
150672285
150
914845562
71399362
801313175
772851945
332259561
714286015
109320
415051713
316756199
667581128
787638947
452857244
151165863
287960514
198314328
723465372
875144677
96177646
607196614
609409387
723080774
342330165
618847534
663156131
326901762
648164639
386265640
788905812
93898630
291848212
626653157
187184222
138814893
86199358
418291461
159535285
730062324
531168825
2125581
568070247
456620661
565378321
693042804
905107685
351069372
579568628
95673858
700167415
561301702
412052500
514631598
886759340
499257127
614380239
655379124
977485422
398089477
977485422
823055373
87583606
945309929
419136638
838622813
175890325
399357149
372339610
735009135
724237977
705622746
719725837
729011428
742629575
505115444
179597442
912135238
392711617
156285460
362603295
881325665
880339282
300005164
298620610
348376364
953517148
686406158
788826819
275205258
747363900
121413468
222217447
114617150
1346175
477546440
121413468
726341955
478684849
437597332
282076005
248004927
800354741
46598156
894474694
438495162
498805845
300146506
607196614
595530747
213792593
184914888
203259590
308915962
597725474
980891632
256300338
276707622
513465133
16977106
362603295
290767032
415385114
289851657
66372569
584904821
539831708
807973025
929004660
347090776
444805188
273320985
630174927
557999765
450973816
637653710
494874175
476920017
451927396
663825
392461333
21996062
912406647
686406158
973375411
329837366
751109629
174875262
988302004
487814049
501653170
364670984
55796305
32287383
71316625
746937336
20830207
3384
217570817
657733317
745647265
956980882
679855380
113061134
350826649
148516861
714797570
472332800
249420944
620837622
968952587
273320985
764707149
19679430
612143999
835443099
843974522
291646330
989142521
941263721
744302612
92758893
477546440
249479266
427586597
64657465
16322050
467714031
161865126
248590766
275205258
944917202
750245394
28372932
318655492
799584186
455969632
165435620
874511838
384951437
284147966
144577080
868520730
852722270
560254068
925352776
92758893
100523833
705234926
245860491
658542661
989338281
193992127
862636349
988265960
837120051
728091607
607196614
457148932
348348280
571203766
658516737
648928498
784614247
189904012
533313785
171558697
638701568
701365831
918055945
503444762
131764886
415385114
365777724
686060469
911423616
792466255
326104769
304534837
300783569
144577080
317971108
71206416
165803742
48982400
957923407
14794907
503444762
611084158
237745383
335571340
153060175
199785190
92363518
679855380
188537414
933835253
494218801
178353182
578695065
124583796
495706741
93898630
343756809
591424120
515619732
981489107
932995264
168210228
322728230
121413468
679907371
697599076
905675941
779036713
280781757
658516737
208634608
151265013
100618818
654325585
824309164
246146514
163410716
362603295
503402860
614380239
898721940
286624427
553291935
95156466
838541411
543705598
98117218
190925327
384951437
724093706
704852441
834533474
923742695
843410497
869617174
767890148
655015866
494874175
1
679855380
985246844
130159798
540791553
148516861
566756728
849972240
780118468
816127028
743928632
23903473
520863313
635468197
389927427
849800413
482636632
398089477
326901762
120239067
398787442
773317439
830497634
108427237
372351830
253167845
452555029
385624884
902885047
832107530
125946956
784467955
329656631
601195131
150097188
161709841
852515159
717552752
415385114
958113452
472750916
248004927
40037421
383019671
159853745
179597442
630174927
69349174
690242537
955794337
151725344
326901762
208917888
714797570
706967628
827874435
658516737
764523640
983330188
446712359
534079943
627675368
975453483
94893034
67633894
35105907
67633894
633742808
769929921
248590766
831307659
747422957
829764098
396840128
780068949
345422821
898721940
817214085
670269593
646890946
912208782
862636349
275127100
97003878
692074763
134773727
291727506
107700134
745519841
920526496
249420944
342330165
294476263
503444762
227465186
684766646
172901029
661815621
396496020
714797570
864093383
349973316
376935287
764439766
7494933
810795155
616014408
963962664
648816111
104522938
811120326
498805845
740001105
16329869
280536835
266206688
386321730
145176018
280259233
203258796
495780310
70843747
623527094
852701677
717552752
69349174
802916844
738892050
149544260
182563535
96507421
940516849
317808957
301810140
636629326
242270153
807973025
412868374
857177071
126645769
96507421
411436030
248004927
235394627
531755884
574887452
509068543
248666962
631884426
813628040
342330165
502837989
639372206
983780318
556028535
558253384
994975151
769929921
995547968
159853745
27810873
162101766
17629945
836370131
132012741
3384
986789618
93898630
700167415
743928632
658516737
970998258
318845166
487814049
614380239
249259842
545525098
172901029
565817041
638492510
951291095
953104270
72606631
641219351
893986432
459942546
7111892
928625334
164046230
19416354
596813636
809802941
468943
124887470
726793098
364670984
714913695
743928632
352948238
621224328
170864699
995547968
851947108
158308977
676911721
934052124
849677059
69349174
802676821
751109629
193275305
448224737
249641118
239029728
721617140
278976413
272816312
578852021
156285460
159853745
898721940
861681198
675136982
528679706
10
980877287
249479266
743245805
216685183
329067774
601389910
647216392
99797250
807973025
862636349
148144709
422975466
664444917
871779650
473339197
938607580
730203432
741360093
681496100
448224737
162101766
457230381
112055631
388512339
338425779
8708001
404462807
718955699
15049813
886560116
92758893
589684301
843410497
477546440
131054993
132414104
312629776
1893636
957311080
890984107
110239940
172781909
133560176
246316317
716100284
46598156
492170555
587254813
843410497
195828062
446697952
103961583
957376088
672150674
908202294
995486874
539831708
21463956
388958551
780419770
875728156
729824884
408786372
93898630
650157373
489554147
535867575
862636349
756810945
910474346
429836183
149304319
230902226
826305414
388061120
354740411
465932543
161721116
676116214
987196893
362521755
790743348
351810585
249479266
962782023
882976988
741216485
924647417
275127100
294568317
296978929
745786782
581058167
989042445
912208782
49058147
88700635
958163566
333047123
302211538
282174320
32287383
527030158
667884701
573869381
249479266
205056759
369865985
741385111
279046208
239487316
988265960
362603295
747413546
10449892
195828062
320260612
15518581
397129535
437808811
227255957
834293234
260156611
656213657
362603295
92363518
516383057
185501014
679764504
148516861
700167415
836509680
137158394
741722851
476100647
469472656
367198294
995547968
757850549
831284754
396285581
361613733
505115444
574845779
979119320
208470436
197882703
444232445
972283073
459116936
28899936
256518744
316372179
501670317
633423680
665314162
195828062
175187551
316787932
534943678
933891365
740669328
164932929
95673858
659637284
982455191
408885324
138104422
127682028
453189867
61459022
524759852
988302004
952041196
387892653
524632621
843974522
190546836
950425890
65376705
69349174
602846233
532438879
824309164
892027275
97543878
643608435
165803742
495693050
728806082
346410689
688154460
410475580
405742086
234028025
890395851
649019794
32373650
704743775
95673858
293423983
892591822
658516737
78328141
983780318
589894627
181933184
298576272
394875855
97137382
580471037
863542840
988806792
16784206
688278535
668729669
840272684
405820752
96600666
92758893
527030158
406113028
747755814
858381956
125526144
299064426
246959767
296348180
539831708
769929921
767782544
264136412
792914559
275127100
461550615
174875262
527030158
788302532
862781587
729136957
590206491
156285460
386265640
376599374
723391407
90218175
32384110
735142564
408940011
565909440
636148907
172405257
276546302
201865163
90007927
479748073
149544260
903221914
843156812
96851090
214936531
345422821
590938582
613777603
836253989
944357885
156285460
565431906
131344170
653867420
146354625
810614424
617647653
779657740
62087078
278541239
197881801
349603248
2336411
482866441
86966881
392553200
476602209
988265960
150
349511993
266673136
248004927
312499983
364157797
732996754
25288362
578768693
916474417
478420462
983780318
878235930
607196614
781108836
335391769
498805845
394861100
805416214
527030158
240493094
362603295
513101521
195828062
951005471
318764282
776620453
894278407
716945820
125683797
43603892
505115444
114617150
275507421
33611947
319221523
329313371
863931581
793119222
929863736
347090776
445623934
386959576
702282785
369865985
277326087
414542594
988302004
70315499
660804363
935950837
829563740
65451026
438595850
129720502
751109629
493854947
314696269
912208782
725764707
310868084
988563851
913408437
953674790
444805188
886899384
805295732
974405520
364670984
986345000
798902676
154015514
297721548
4578874
182591357
714797570
30648658
535582526
683137650
298620610
888356006
23482358
711412328
157545411
565385938
314518446
543984594
229125261
168210228
4578874
25495092
411359675
478420462
187136729
7911592
563548473
582919168
706227389
329313371
108563469
763217395
544492733
691467321
680264265
952177850
885024601
498200609
390546033
548056668
615925691
625669166
275127100
96507421
245582349
487689529
637427111
314413453
137158394
143603991
653520339
478447769
366627924
840517467
666707929
641015754
749067741
963962664
970621676
444805188
63466583
219610795
785557908
983473664
347090776
505115444
729372263
144704036
95673858
542240744
448139164
624887800
51384630
272801109
322532712
836434521
346863644
795300399
298620610
911939937
802916844
4826160
918055945
486167898
129720502
762183402
123465324
647042332
590653588
208917888
789157188
526597337
179597442
403939587
700167415
240389826
137158394
963151178
386265640
385351261
560131147
3403175
496655080
804719236
787638947
490772434
556007948
951614363
629965902
187616393
482866441
988302004
349603248
156296180
219139432
719413132
194956943
227382860
683742399
648525913
914726140
275127100
130159798
227255957
457477635
797658226
738608336
857381144
661142915
398089477
780068949
886259848
72796457
595516711
648449311
32373650
430973254
470791253
931182236
598374889
768182668
32373650
433247785
785069278
948838507
980493688
451927396
857114716
445434427
198025561
946522965
792410195
248529571
149544260
718318331
988302004
249420944
137158394
751109629
684352958
4578874
415385114
372339610
229251931
293096260
681039370
902419007
592578202
751911577
464140307
659330373
801648281
980046435
372339610
129720502
988404076
905678275
83869403
705644805
206770332
279173959
809146307
389886800
179597442
714797570
78646918
317788696
473189683
180537100
960745723
806173255
369865985
912952190
151055524
392343174
74963838
612843335
208694757
174788246
634008041
977485422
132757002
940644413
637653710
318462538
835200740
80321005
977485422
455200472
47380136
32287383
240490352
843734165
564678199
885392673
707856667
562955049
222501865
673161982
969533083
513496304
189874901
179597442
263683413
435805666
769929921
17996381
777549241
848462496
700167415
983780318
712840444
467714031
278872696
332620720
591337733
692023514
298620610
216135329
593902480
843974522
928798155
424302817
150
195828062
2028966
519740871
293824883
837813260
149544260
299839679
159853745
538187881
556007948
714740648
617762317
420542606
596736925
269522820
881635782
399750428
329313371
654070231
807973025
540952374
385738965
673170997
536347445
539983216
575833128
711265915
275507421
111772660
362603295
821032725
764523640
108563469
415385114
122391539
711265915
933891365
716435000
170037575
378421276
16977106
995547968
933891365
290018308
119771804
780068949
291848212
203506853
106689289
581303022
13417293
379158705
477546440
209660123
199785190
637653710
109320
961528476
612962239
987712
545525098
323281360
490662719
900848899
253277171
869782090
619306087
989639432
208714809
41698413
467045308
237447190
4578874
898721940
730337319
430167185
233439666
505170133
494874175
641553181
263428148
27810873
295937173
758343185
707676730
722684958
205719803
485771647
318278608
93898630
275115991
568368152
882408061
415385114
806957284
682211047
350536365
388198697
934626166
717552752
431086443
362603295
607196614
186344833
392188232
267111990
538805029
973361038
859167274
175104199
172901029
351146739
327334532
769929921
771774532
137158394
391125399
552558859
753017731
77756232
476718046
882291483
503444762
929217615
447065668
802916844
605428125
995547968
380047015
787145381
936053231
451927396
474007346
629642491
166586663
745309004
807973025
855648800
503135785
802916844
613947429
159853745
876974158
109092366
397991399
900187284
666413232
927273863
344048670
494874175
556007948
968949690
369865985
537490115
545525098
802676821
968929527
114617150
349603248
591577707
526579489
513739169
623704340
232991384
342330165
75219991
618739004
568368152
307730112
501975755
493854947
240391006
464719916
747363900
787638947
969981646
290390316
583722045
109320
431721980
655015866
686406158
725280978
251297295
337716799
362603295
371812284
269522820
673161982
871034118
664521161
42761355
790043465
297917627
172901029
679855380
158055660
632286183
184151516
312499983
948278488
428107485
661290576
444805188
380529959
596813636
751109629
630174927
810679899
823795196
515528277
23778513
4826160
477546440
344330496
50568788
802916844
32373650
671197598
961575941
532497414
627437397
130723427
780068949
228481069
630174927
511417468
748637538
21952440
482020824
851537094
1
505222950
520778621
604707309
759778438
614451680
195828062
655387549
371645678
704352082
686066474
829496288
114617150
429074018
912151803
70843747
509630771
10
649329457
347090776
216238596
362603295
690747330
219338676
643130325
79522369
124887470
614380239
350567686
728091607
655015866
342330165
870038818
939886337
979111402
827874435
658516737
830823096
749018590
851796041
108413383
198025561
350187146
426911664
156285460
432039064
907685401
318594954
284166241
637653710
912135238
193992127
170864699
843410497
24292007
342330165
426618625
679855380
740630647
985335737
462648844
751109629
198987529
655015866
776476670
173658857
706404607
912208782
133369727
137275865
711265915
724418824
46598156
863657784
227465186
993613995
614633990
958136608
275127100
10
866920198
401022075
903164783
96507421
906664631
118190484
751109629
171089831
992780831
167026947
493854947
992407830
503403341
983780318
500642354
848742788
45398193
156285460
224328850
658516737
759471906
539831708
141117957
764782212
450098908
305014158
248590766
102804150
227255957
481942401
502755352
978003760
653852608
733068015
614883168
140460155
487814049
655015866
522537968
903221914
404462807
912208782
733360995
397129535
371493058
156285460
697157557
547603093
715270328
170864699
675389805
141309248
346109243
159853745
979280159
230626897
193992127
360784066
740630647
165797695
575218535
278661945
130159798
490544598
140339983
199085458
865494791
933891365
621999348
249479266
482866441
672920727
823459239
317699550
332530105
482636632
717552752
852110551
167026947
341482505
1
557820851
603970822
329332874
23482358
553257762
620157614
16977106
982686960
743928632
840421760
477995813
181359731
1
280128240
65925299
619292340
166075743
393387581
753868678
436715057
809382809
247128846
67086855
184220455
601811190
898721940
3550529
504335758
150
91080505
202820893
368157147
541039120
706037562
545593472
604405283
975866071
215793402
16100902
705637308
389750559
389927427
681491986
58020252
795335130
404462807
452762369
524632621
861189186
890813224
58020252
373635
174875262
322475415
258875015
130921
354740411
287032791
426897956
689075782
661815621
69716007
436715057
112329763
872180879
365343858
221858224
408229487
283857332
684495102
109320
396382828
93898630
415790930
417397170
123068898
994234572
906340351
897986301
916451308
369865985
314413453
163055563
150
912208782
594234128
687578357
727093631
78209518
890417882
150
908787244
27810873
198025561
781046678
183693161
836476240
153978408
410686140
692497719
862636349
280902253
388374197
762189946
478346076
650476604
164996585
620531904
673161982
893424141
198367683
806442151
444066546
583992193
151304285
196381005
97925745
817976631
37336926
221625760
527101159
451927396
341482505
4826160
822438599
144577080
747116931
493854947
249479266
369865985
166791892
767729932
51105179
32287383
690711942
23153809
398089477
919428009
947818795
602663329
69349174
162101766
242550611
974519773
992407830
694861259
820777211
156877943
684407725
312172755
827874435
388061120
727988948
27746099
459556988
291848212
968190873
124887470
902438879
346573389
884571868
357477325
655861240
309914368
69349174
873003302
717552752
482636632
596813636
585364626
207908345
330930363
928419854
372855460
158258862
868312368
403083145
237430581
865494791
422842122
954874354
597565289
114617150
424856533
990827141
901195494
676730882
46598156
912208782
235007904
194556562
236071778
596813636
326216303
458761295
837424417
148516861
125942475
326402038
541575126
152117204
363701231
940194693
427453095
239487316
695021976
416976073
123248591
412533633
417395316
482020824
777883714
918758086
261801660
90860347
847291378
393178732
67633894
921600645
83761743
691859812
389927427
523130137
371624210
156598062
336571037
769929921
775938453
121413468
347090776
983780318
614633990
385120087
340980453
69349174
683678986
556364410
855124072
951995641
185543818
820777211
541666459
964725847
986206799
671869453
90722669
322131834
704852441
614380239
601714717
489334816
649329457
379135191
195828062
278976413
476734844
764866167
621573209
977485422
227255957
953204298
850043503
404280620
223852251
10
466121353
556007948
249420944
821098199
518711474
241640150
490738293
530437900
71184445
433200969
824608624
94362336
122201318
280128240
351522237
617094940
377552913
4826160
743774224
279787635
489334816
335362996
498805845
545525098
46598156
433481244
274925359
545525098
120286130
83761743
451200823
340980453
541345135
891573366
575483701
178339009
809630834
554833729
903221914
993787499
388061120
273320985
807973025
214704309
491881153
403607478
92280578
32287383
556007948
339349360
280906300
743928632
347090776
669826521
561189845
849394174
977485422
991400574
406580976
248176341
320943917
70201389
4061941
110198177
347090776
546166364
112915383
369559835
431343685
586725368
729443311
747596411
163410716
603553546
524468081
782782642
980877287
538979801
23512322
398089477
876514562
326901762
294780030
800681725
239402902
692818725
227465186
393192530
805311869
472750916
9592829
814880228
968512357
767619749
98396568
854161197
638164673
843410497
981070561
148060391
737342217
377562314
825588517
560021292
528827334
401838546
779604712
148507232
185501014
655925604
181349725
167026947
992780831
204718398
398089477
229150703
335362996
860851411
210013720
8947715
749702936
524632621
697345032
44679627
298620610
352057650
409656049
898627772
946243890
717552752
126872547
207365610
291848212
290534894
755905513
69349174
11215971
766641168
992780831
747174070
637653710
807973025
583342891
935319346
746937336
64402961
405777413
58125249
570254654
108474160
809187425
261897948
697913682
526665871
945309929
51673002
335362996
73322591
903221914
314849171
92758893
638404145
124887470
574506551
510213483
788621355
637653710
972020401
539459451
174332637
335362996
496658399
843974522
165803742
436674280
291848212
488484292
700167415
757487375
301167000
269830659
679855380
716801096
655015866
961899166
640160263
847864310
92757110
89147990
729348859
768723236
996405546
174875262
89652489
902141618
349603248
382468197
940521801
967866569
152638484
607196614
684534404
794045661
413275945
705234926
133084799
649329457
117643267
162101766
967284756
222234787
364745104
309914368
657810642
327237251
716100284
444232445
114617150
611845171
4826160
1472711
298620610
604006782
632660251
628654913
999127997
3384
166584696
582180472
22145037
545525098
317460235
93898630
211931318
649943342
93613323
137158394
169251421
474645818
227465186
23482358
791313313
83761743
986345000
513541642
655712621
947483541
83561021
594023307
310648847
314274700
530538805
156285460
372339610
326901762
740244099
788037676
429576438
48159260
72534101
981870925
507634900
326901762
37378092
236661615
748008011
952041196
329313371
159853745
745810009
826579521
694563201
791453603
159853745
275183520
767723390
444232445
179552182
986106042
652853983
844352049
486167898
128152396
700167415
535885418
280286872
4826160
448074786
531504512
404246688
995669909
150321549
992407830
973494209
661815621
917235304
691576048
193624835
520763998
477093895
692697023
69349174
362603295
581072962
464462648
866635431
418721049
429902338
92758893
882156047
260305377
786453771
412533633
892780683
545525098
783205647
501888258
605522550
614633990
736440667
158820701
501513375
732665302
87964957
436715057
423145571
275205258
910107111
535380926
294807288
663237441
747363900
221981386
138240575
168210228
85534395
889390669
239487316
327889955
721211881
27810873
131855234
478386268
991630171
159853745
227255957
166121851
896116384
835121027
824892390
977485422
963962664
14410138
227255957
596813636
137158394
9888213
284186112
837859538
806442151
618851265
372524969
598982752
482636632
345422821
427422225
680501942
331599929
923545532
372339610
799020957
327909637
452915425
21360802
482020824
963379596
783412250
609035155
179364395
140932848
142860672
114688959
107509818
8605969
887041211
6292214
308232141
4309853
355102897
33799748
507634900
625309653
32287383
802676821
83761743
859065512
70843747
658489950
62494483
752014907
585295990
876396070
881504817
316372179
999789945
413478385
140585053
484443972
714797570
361969077
799371219
316372179
404462807
446593645
313432271
545525098
820777211
174470027
946959824
286554357
752950274
946579228
438536653
4578874
404462807
174875262
306203894
542220340
982992686
349265359
702845390
353449131
347090776
316372179
560493008
118487531
711740417
798062453
726547852
204433161
100441623
482020824
834936671
459756422
3966141
397991399
219452088
824043159
14419805
914737495
634899716
80333576
491433552
100441623
747363900
332431433
163321594
902554467
702627754
797618543
583444763
939390183
128173105
854229214
717552752
467554696
33319880
470153081
195969161
424711074
309279776
917573886
627724202
95673858
165803742
27810873
190241598
959322657
87734867
541284500
717552752
974108356
239487316
23482358
76209807
650381631
881663407
568089793
23482358
661848643
274435237
950173221
462353476
389927427
21808509
23380318
934789228
130159798
546329950
211259298
666087645
82229777
614633990
848609370
718680705
714797570
273397416
145977675
523658654
152729940
398089477
149544260
952200718
489966224
379135191
489334816
654222707
159165016
417227747
254224909
299790741
10
147280213
162857413
590597857
301649037
512139454
641631382
221869048
486167898
991400574
202213363
298620610
600223475
41013692
198025561
636513903
645245167
535760534
755843023
963456627
408012708
563294837
7456613
221474842
414251719
728993250
971225862
668194314
962829363
785686661
829563740
3407838
831225203
514722117
176570807
686406158
354740411
349603248
986345000
219796831
418646705
397991399
571988401
976493356
863103815
398117322
981870925
179597442
159853745
257512770
69349174
83750157
320088059
75878657
539831708
107816356
851632987
806442151
188474405
415385114
216556788
314564752
138272446
705032352
786471210
545525098
799047756
584831304
527030158
840681902
509228775
701469553
444447507
300824388
874659289
336602412
386622939
4578874
4578874
620554573
767125758
375914244
608423628
239487316
142303767
226656914
100441623
739387887
873735929
91376648
866014936
32373650
726931349
222738957
873735929
511075719
227465186
837654674
816445666
398089477
619190658
131883921
668410102
545525098
137158394
808664046
853802004
70012556
852304540
451383033
758140711
812977551
516383057
875028987
845422932
130159798
879943934
168839800
547117068
373635
204924063
630859365
950270189
67633894
196791205
759103569
743928632
544682354
103961583
173723982
312499983
37967606
486167898
338292655
309914368
711265915
275464594
142770729
816728542
846403318
21369613
139398092
637653710
32287383
649329457
721617140
734355490
647096243
930133296
764523640
173111522
505789022
10
648816111
316091157
755662896
142287438
831254932
329345459
306460889
482510841
189899223
666516278
690946266
144577080
518054075
671335540
572222241
48496446
93898630
4578874
730858210
641393826
92758893
983212215
198025561
731482237
46598156
850591531
285919652
268163660
764959543
314413453
128548210
477546440
602121847
150318035
320674111
195828062
379018391
299613502
84675658
876876169
227255957
802676821
469062997
415385114
550436328
912087576
269121689
724544642
386698812
240154428
144577080
159853745
827874435
543408936
366251424
314413453
95282878
70843747
651268755
252317434
239487316
190743479
434533072
276647116
692331883
489334816
172901029
117643267
174875262
47686693
467714031
388061120
259127477
653332572
984426943
715227139
627560415
342632419
873454593
974763074
986345000
686406158
415385114
121413468
524632621
598607237
457230381
878442664
671526592
693417373
542260144
407685102
33458662
746937336
310281694
398297550
214288254
168210228
865234937
404462807
111585267
106968287
361217232
205711821
878911014
242293441
829563740
545525098
638781479
675526357
320327933
988265960
129720502
32384110
952041196
662445308
32287383
879076360
308944090
992780831
675042410
159853745
977485422
525981605
4826160
131225688
870832792
354125311
275507421
919617389
523841481
356285923
332729969
253691975
765371845
673161982
396311874
28706257
457760765
265865610
369865985
961314066
130159798
808305314
287757284
55388940
105078286
691517323
634046371
971686720
869745060
450265972
100441623
27810873
219561941
13212143
207908345
720558888
649329457
115072451
54000217
150
912208782
436715057
296072229
150
607196614
985172547
839730404
604011473
96177646
811855079
26782791
280607032
613984823
439192777
524632621
507634900
335362996
189874901
524632621
298638144
479810800
599021817
489334816
980700059
843974522
408976274
273372860
124887470
779189715
768130932
15870801
152954969
696386780
17419827
70843747
93898630
170294021
252497302
118758638
109320
152546527
679855380
41213811
547392415
700167415
137158394
122404619
184151516
596289346
163410716
795618101
608423628
776725972
329313371
679855380
712100213
359792161
27810873
747363900
384951437
168210228
404462807
869178267
987931580
484384133
247729224
248004927
671515658
101672407
232218490
793296035
317957512
58020252
680392934
279443541
596813636
360049082
150
648525309
891378496
402143852
982525227
712998902
673161982
193676179
539831708
931309149
540791553
407924455
162101766
788100980
454145157
875405781
502055835
661815621
80709322
531580981
787408900
10
66725896
694228075
700839103
902584309
408449939
27693762
23482358
121413468
827326607
489064392
584279237
596813636
698272499
525531797
665076088
131397904
239838215
314413453
897813286
218043925
248004927
945309929
545525098
414776717
660653837
345422821
516383057
456988829
275507421
364025030
828305735
545525098
986345000
882456101
95673858
623690545
714797570
312499983
479810800
845423148
285432580
472750916
994884143
637653710
472750916
788421454
540791553
608423628
869266139
193275305
129206495
821765016
130275527
614380239
295675456
148516861
962873304
4826160
589702140
18927248
275127100
634165395
625511176
505764622
964786702
653384819
218799501
404462807
913383948
248590766
995144667
80153864
780603463
384951437
248784274
283139296
840101070
371683553
267698928
117643267
697768011
159853745
127507646
677017292
858058509
335362996
428612464
787638947
482866441
602729445
824309164
96177646
929326654
415385114
506160517
258437663
671196829
714797570
220075715
150
410402757
702008591
914574354
827607091
457230381
149811119
689165602
189874901
208917888
87853417
436715057
652716682
369101675
240549272
305332588
481332998
437502827
486167898
743928632
990383742
436715057
517381423
159301576
652128334
938719009
420839354
825842743
908464887
58020252
137158394
137158394
981870925
498805845
32505381
988621708
107893771
397129535
248590766
248004927
366846774
4826160
695100595
939718204
460257794
240350458
114298085
213104173
729182040
107682571
592671088
694153298
756766054
93898630
816761307
995547968
110144672
304697117
967877574
216231449
436715057
130159798
24629741
59479728
302655191
137158394
148940626
239795991
288220825
912208782
524632621
24635151
80742837
743928632
846173438
975518781
684189382
802676821
107827461
711265915
692952994
669190725
174875262
73945840
419229699
245754760
144009238
32373650
128488334
764523640
637653710
503455827
335362996
786458439
347395186
340980453
482020824
921483253
808942844
379480611
874387098
132995801
358463495
835424624
689090822
571351641
244053750
655015866
959398928
174875262
524632621
995547968
889667166
162101766
107183877
35768882
30907105
400513151
273320985
527030158
335362996
275205258
524632621
24420566
720793236
183731308
119080791
648184066
750758304
678995710
237784756
673395634
39187377
27810873
655034695
781272849
269522820
778121571
48591965
721551169
555444395
918715672
248004927
559224354
436715057
993020801
458927936
96126949
436715057
248590766
922637711
585469731
1
78646918
313808953
314274700
415385114
223303525
589314812
98428499
927844367
131210698
208917888
119010212
696659039
664023324
906306999
251297295
93898630
935142072
121413468
489334816
747796027
169864453
87246902
527030158
472750916
658516737
743928632
981247235
349632683
104533151
787956043
135690968
293402918
415385114
269522820
210988195
459756422
477546440
742389086
902660372
902983197
829544517
433690368
10
989092820
397694539
479810800
256739432
273860162
329313371
919785724
779129248
353208283
255270414
807973025
945520754
723084353
862451848
199788513
736482449
595586857
434614266
416364387
721617140
906032426
972096027
435739894
539831708
453242791
198025561
246554514
614380239
105500758
397694578
903221914
450551709
754703477
127775244
347090776
991400574
256481720
480001010
541702867
207215305
365260041
416178440
562569477
335362996
199260963
625703314
359759253
467901391
827832507
845990786
118391521
129662061
568368152
663887464
22924777
922123041
112828127
412533633
479648802
866605400
125925662
454722045
180041361
452210168
787638947
447541516
276673430
903340538
983439364
342330165
826640779
780068949
802916844
149544260
448224737
796803996
647817217
274244279
273320985
658516737
807973025
187145466
149544260
46598156
704484080
169703050
667565194
752655877
958872303
298298673
750994772
743928632
260585232
743928632
978051471
670105440
817621664
275507421
895331394
952041196
248590766
536709345
339423096
95673858
503444762
250588704
227255957
637653710
679195364
151667782
349806482
42467127
415385114
661450478
178139968
896907798
834927133
139551770
858572352
979435236
589972551
819112816
498805845
977485422
275127100
619725730
221110983
185828137
556007948
735204141
997655973
343659400
168210228
922289556
526302665
765822472
649329457
422873948
329313371
960693483
759920108
92758893
62215641
705234926
420887597
442666667
479810800
807973025
124887470
957052700
225941287
843974522
397991399
30518285
238555233
314760585
150545477
312499983
10
661815621
292623604
982533974
776009480
316372179
446061571
525544937
3384
785302835
517506850
638287448
227465186
201663354
217094403
302752170
814332357
683538680
23482358
336247692
93898630
686393588
867245958
545525098
850978258
515219346
309914368
137067068
329785773
802676821
61966069
98163999
403273961
464240867
361049113
627611279
729132015
239487316
415385114
349470881
451801466
103164622
889599357
455775427
722363274
444805188
602121847
58020252
660501023
472750916
515504988
713791761
984552580
32287383
857873386
137688785
440025810
483785026
506572724
646738358
609685211
394785663
174249195
150
746937336
754363501
124887470
380769677
77388621
828312537
988265960
852695909
113370599
451174584
41042556
738785986
887559366
522132396
472750916
829563740
585905403
866755025
317566759
524649898
586045154
382715706
508850429
702724441
502068385
802676821
618176145
23482358
99087387
32287383
352060019
492220254
963609155
312499983
988302004
714090025
231542195
256883468
179593170
617671880
416728340
82056795
193275305
458704384
265906892
845173696
903378144
562325238
331026554
492197629
704017002
499188877
615657958
354740411
129720502
584495720
452954427
160650915
603422215
840091646
448764143
100441623
716100284
835362525
101979243
848446997
728659538
292020837
195488755
952041196
290386827
312499983
179597442
451927396
587071678
865494791
988265960
114617150
96177646
321215194
349603248
611735373
124887470
52206224
505346491
755790483
947173467
124887470
935299652
177013831
644429660
902464398
76855797
987746527
486167898
752359721
223484301
174875262
481323343
33754269
648816111
345422821
614380239
602467149
87498244
895306580
954889883
147480274
339846558
237260640
196076791
316372179
316372179
368142023
487814049
710232942
249479266
326901762
701970355
826589881
393412234
733856028
865833380
802916844
314413453
155997840
759038377
31769816
682494266
814758720
873735929
298620610
80330726
687230052
304089483
614633990
477546440
802706504
451927396
11155803
735915676
150
194579293
865494791
126865948
193275305
166077920
486675295
273320985
168174233
51324240
969626216
398089477
633948583
298620610
202089504
153562322
102012583
27810873
702029010
802676821
917538082
349603248
58665838
523828711
231542518
751386113
824309164
219998381
870105952
67633894
367235304
347282188
269522820
200016492
596813636
963962664
913661263
152906282
988265960
787638947
320891522
956070839
358454629
721617140
396924218
596813636
933891365
212395735
631839395
193275305
46717206
818180105
728419608
296169971
79171122
397798888
886641576
407073612
603458954
100441623
903221914
551432511
114617150
623808369
741022398
972829865
959969074
78185453
495584167
983780318
137158394
648991253
324846951
227255957
8387482
92363518
275507421
444232445
770935442
716100284
947869804
482020824
810844748
406020462
358699955
217519700
787638947
778897711
598811885
983780318
193992127
912135238
492505919
156285460
32373650
249479266
764497811
493854947
828276043
227465186
931839637
802916844
963962664
152865957
110031174
98031168
340431297
720007584
204762322
444232445
249479266
114258175
516383057
1
239487316
579282525
335362996
356648517
903221914
787638947
229804776
167769296
208917888
404462807
192207775
517249240
319967564
67633894
606037698
655015866
301768406
912163487
580897361
260975795
902664809
739104337
812886442
32373650
867064291
807973025
6190824
212749710
433060180
810741709
392341448
716100284
172901029
258285261
827075604
171893043
58020252
608597121
751109629
709451199
567430582
836545840
608423628
166996545
292843554
46267413
70591337
493854947
621191407
646689232
729262529
117643267
275507421
340537911
168210228
397991399
326505259
835288501
91003892
736937766
539831708
486299342
471530364
688135803
614380239
115637017
545966655
81500208
483462457
951370011
404684098
69349174
248590766
34850360
167026947
922429059
28308337
703051737
949777591
747277993
117267244
686829615
362603295
545800418
198025561
494142345
792364533
498883540
69349174
198025561
565023717
630174927
498334847
99566622
724280561
255176035
25740750
399759929
756605966
898721940
858956920
140724024
545525098
189874901
46803124
165803742
207380849
255720521
138923674
184342065
826102917
181880107
3268849
356245808
786074269
156285460
278976413
700167415
401628383
82114664
324002021
104300935
806442151
70903232
420162322
527030158
930303476
986345000
67086855
96507421
501329117
477546440
945983854
954484845
413546743
843974522
574470825
817517134
990087755
493047486
946733936
881384831
168210228
31828029
46598156
362603295
680562402
568898174
402471201
478536777
799552680
774220088
735585815
165803742
437742387
415385114
157591719
107731491
784818384
971474748
102970816
249420944
651566347
686406158
614380239
865494791
362603295
34294951
200096727
767990928
548056668
46598156
291848212
938329378
465858015
92363518
347177068
59299512
394504913
950446853
903221914
951965033
109320
952041196
806442151
69349174
449255225
345422821
984133194
266075420
510507812
651121
848915826
208917888
442270277
540791553
312499983
493854947
175655550
903221914
174875262
806442151
970841554
434867988
802676821
899835628
716100284
130159798
227255957
113535863
290322097
165388039
806913501
153161852
611819602
305335367
787638947
637653710
256140303
108385001
561101303
96177646
877717543
488979833
113370599
923095712
153145883
709151620
183788706
489334816
726498936
49668508
357999106
123876560
563891668
227255957
249591549
673161982
148516861
614633990
250094992
823046072
504263724
741653125
188259892
338591074
342330165
836115236
224398964
241865669
622712237
873735929
52786186
658516737
990700519
163410716
540116298
399574375
448224737
54283388
70843747
507359555
837594724
227406810
248590766
336702665
459756422
654344270
762036439
643399897
443837360
161018004
511903058
178339009
756949173
23478790
803039224
114617150
769330864
943657972
868056270
454990975
885823148
553721319
655090747
507634900
747318507
988265960
388808825
45258406
208105729
345809106
965929536
321514109
580168260
448692835
844530696
637969243
598374889
339107588
385371648
716939256
841951435
93898630
593654837
648816111
193275305
787727068
487814049
27455772
318714536
16912434
497536331
689846483
492900934
850512940
837805095
656184998
249420944
700167415
842730106
390522899
82664531
505862459
692138484
173367871
32373650
297721548
109214013
65959415
129720502
787638947
562274394
369865985
371592254
671224696
144577080
486167898
319110518
751109629
871004367
607196614
17539612
22970265
446641043
70328074
74887797
593175729
973291110
690187908
686406158
298620610
709045126
229442431
379135191
406499840
166089496
713531029
239487316
163274167
227185027
736259319
54256858
188756724
179597442
943478060
518145318
784862225
531057950
81178029
28027204
556007948
149237717
70843747
116609041
936446649
782358909
912391267
648816111
345422821
431973421
401087096
806442151
796762208
807973025
861438410
4020496
472750916
602121847
878498258
672494554
528486157
305944029
807973025
493854947
942579146
381486998
843974522
400782317
295989403
572367638
857877177
406162373
410660855
349603248
983780318
527030158
829563740
783125125
591789108
93898630
507558223
117643267
225014325
958241122
272245087
205756389
692707006
369865985
500143606
540791553
249420944
710032711
769929921
902306573
790444555
918140032
173008901
351133866
248590766
16778429
498805845
107816356
855142404
877745355
668447575
651770064
457549222
505236132
629019449
724454258
988687395
903221914
817031491
329313371
411515511
477546440
177376793
70843747
700167415
208090911
648816111
358011402
444232445
905427237
316372179
598374889
340980453
921264558
328218807
501824202
626059493
454950685
894446390
107153655
335362996
395244698
482866441
4826160
468354699
978584054
820777211
191545405
610137350
697330294
665725644
322725961
932620879
596813636
770935442
493854947
92758893
690686524
289840473
913937866
471676924
385101516
533840567
901491443
446519712
764523640
628452939
705234926
539351027
214048120
743928632
949101084
751109629
148456799
438145947
138099619
117272252
227465186
784178092
280128240
415385114
636675902
354740411
743928632
728576928
790128432
397819874
928771496
593778659
101992574
261202408
548472960
109320
150125357
913408437
992780831
950365332
783544848
639912764
607196614
988265960
304697117
394201856
486167898
679497744
151667782
349858736
159853745
440429131
32373650
56801917
492768235
373618649
212218445
463117709
969457362
368633575
107816356
62915275
468879590
312499983
665840884
787834843
312604652
469999850
70843747
799760098
620239945
174850707
983256178
637595204
114617150
3384
611736343
245123649
444805188
431886335
614633990
19392606
807973025
23482358
538929443
378935342
39821643
239487316
100441623
505481019
100441623
522611383
542269512
280128240
349707777
54897001
69349174
494874175
608423628
697992636
294780030
309914368
165803742
807973025
995109949
122782925
679855380
623067049
927256563
790430885
8680935
977485422
174875262
986345000
699026627
509273877
144577080
93898630
366502958
598964869
989247304
92758893
103961583
349603248
23242042
228211179
945193635
199785190
614633990
751109629
884436946
388061120
46458383
706654517
26491089
96570100
595958360
27810873
13844913
435827238
236999385
384951437
68150585
803039224
227255957
472750916
37946100
950794905
829563740
251297295
489334816
103961583
546389393
563425979
933891365
602121847
172118087
147213786
548887463
70050780
851483242
382231545
789431822
489846815
651420197
718382489
670221058
144577080
780236690
444232445
471540237
983780318
756470815
903912544
637653710
174875262
853554185
803981504
628734602
319421908
718993065
116172133
456680179
324480285
417853944
37365263
882044605
930549186
913408437
700167415
67086855
148516861
824848471
764523640
131680952
979066708
614380239
424380620
157576357
103001863
928419854
425776411
507634900
513531422
302199985
399149191
168013096
916263420
600797501
345635083
873735929
93488422
983780318
362603295
416367200
522101842
331121253
404462807
205974344
608423628
661815621
986345000
298620610
527030158
926214055
148951518
92758893
991400574
754290924
265304447
989338489
190169748
910824717
546974678
444805188
545525098
534923460
452604532
193992127
248004927
988265960
764523640
983424717
751839530
599115049
27810873
386265640
326901762
618890804
96507421
906566868
191532043
986345000
614380239
124887470
455733641
781201131
314274700
594150501
397991399
69248096
661535317
619399337
686406158
412533633
703608119
347939373
467714031
518368436
176008355
703234834
59408281
733978079
568670247
861189294
498805845
170868851
306534648
397663813
669434814
464281824
404462807
298620610
227465186
757673747
180314752
788155807
166380260
998710014
855144373
69349174
202205105
700124405
442141297
806442151
440593627
4578874
200427980
882410400
548048810
181343683
614221085
69349174
716100284
944337999
450320152
611793387
172901029
775880869
649329457
227465186
816423522
495967730
156285460
860148793
563897399
326901762
96976663
986345000
710614840
417377928
561137560
839033709
841894939
837008935
537983829
58020252
150
502535623
378802261
984233589
90392727
171835025
39456644
399983364
540543842
717552752
477546440
885392673
95707367
248590766
133761624
548879188
701822986
630418011
398089477
163358404
856865780
27217839
616145691
853009384
941963156
756911595
73338404
142301850
4826160
873075330
556007948
886740655
590691956
661815621
851439382
658516737
284537611
848331396
616537073
711076480
959952456
212024493
467714031
673161982
802916844
275744990
516176419
916905635
818035648
320857982
174520383
27628220
980194953
530132423
23482358
415385114
147631882
23174502
227047660
397991399
767004271
877750683
800175835
597099439
700167415
781116639
627151449
855485873
855500618
248590766
898721940
308351282
218414571
450252025
397935630
807287586
557521769
628796254
742655415
728091607
362297452
77485451
327267014
245103308
354740411
528550905
745693185
415385114
150
260249613
459401470
505115444
621615049
3657998
935663837
521832162
539831708
69315365
563701612
344039818
410695989
595463239
280128240
485729730
444805188
952041196
793098209
379135191
476940908
4826160
374250297
568838264
137897853
342981095
764716239
389927427
245390661
176588107
146426005
926677094
771221078
183066085
717552752
306099755
309914368
600923472
318275184
627983940
589355403
644562466
460983358
349603248
686406158
915655506
298620610
125491086
903221914
327262166
246123550
679855380
494778707
446841460
540119397
398089477
596813636
347489166
107121816
482020824
52151355
4578874
144948780
130159798
477546440
478420462
162101766
451369263
987611473
620192148
541562622
865494791
867474581
149544260
704852441
350939375
896607090
507634900
713685017
314474546
812959629
32287383
339187088
156285460
251050711
412533633
689075782
736326001
296461036
988265960
971867583
887736938
415594297
231538364
502065134
155336866
867405363
845108669
174609587
668372664
524632621
93898630
679855380
200821980
688667795
150038609
363875932
257301173
478420462
70843747
444051672
139428762
670385397
631803609
655669656
174276154
889891060
588447258
710164784
773786213
807973025
92758893
562195783
24316330
884158612
658516737
683070185
649329457
316403576
790838377
778868519
185501014
248004927
68272416
656202535
671733919
179597442
167184891
939513003
130159798
540791553
864326726
841957675
131845355
388087125
240600785
743781112
363788919
444805188
273702537
131704210
7816611
95673858
507308858
876479243
227255957
683393379
166807074
219911978
901145571
239835669
140297695
592653257
755842016
607196614
820529392
118365333
548087975
527030158
43796386
586374875
604195403
909907605
589038107
728091607
932649369
110849463
749018590
507993287
336671053
407107610
290767032
597461287
244467885
179597442
392011463
291997936
23482358
18865546
195828062
914868794
144577080
794289386
342085353
686406158
673161982
714797570
309914368
928419854
879910233
404462807
354740411
280128240
301732858
362603295
482696771
174188893
275127100
751109629
858937835
89967618
324367954
889353908
154784832
663042257
911167455
165803742
250954029
359479937
945764716
357019468
199064173
292074672
479810800
649329457
163410716
159853745
536819612
946708538
340980453
962589448
24460169
114617150
258728392
18516183
987722868
444805188
105896059
515476449
619750815
776241411
22070432
677668960
1362464
591715825
923945177
488171207
246503950
576066635
945309929
561441275
978222985
1
654837569
527030158
905032833
482866441
137067068
821181869
310083661
822631559
114617150
655194166
879258848
249420944
895486399
109864884
911471204
114148014
721617140
711265915
802916844
397991399
415385114
30710358
929278105
201679746
83198858
30813155
698986562
63047910
20257954
500279550
759466795
889864922
179597442
702511673
112399403
368872023
389927427
751109629
865939177
308295039
162882602
500281735
981862988
83761743
657631878
308937365
280128240
359968477
173222588
389927427
245506833
146727941
433671227
807973025
646831114
792816040
104298006
487658592
927827677
139174266
316372179
586125037
626403032
528236945
727665603
22778109
16848229
352448124
250072606
170144784
412533633
843570619
973239236
568368152
174875262
816905068
837484586
912135238
6801089
777580215
674514845
379135191
258505170
96177646
170864699
977485422
382044322
568111547
655015866
743928632
769310899
840134336
249321565
174885317
18873053
774150829
291848212
575057453
338112878
416671845
903408271
144577080
928419854
283396852
807973025
162101766
68430397
418710248
443891154
316372179
193275305
16527507
486167898
734650914
743487052
10459509
651231464
395342326
931292197
207908345
478420462
753567166
314413453
542471033
921121980
280128240
564665615
691766162
482636632
79608729
476207387
579748548
122310062
873735929
614380239
137158394
608423628
220821159
174875262
189874901
581820706
167131609
155147170
223201906
781581235
372863299
896167463
779396900
655015866
567669002
168277097
34850360
176975348
182414843
198182826
167026947
754003223
27810873
596491424
710520876
930221376
548285750
835068120
695431825
532134054
249420944
717552752
255006378
308877339
795287921
339238351
531953481
598027787
375751584
314413453
610970806
261650335
397991399
498388558
18182379
418059630
787638947
794289386
854615926
309914368
959370406
751054453
314274700
227255957
163410716
468843327
479810800
537247899
315492667
4636941
849911492
872540752
239487316
201132159
362603295
387328088
690319247
994171754
431330287
215434388
995547968
940667596
164995565
364670984
137067068
956255723
713629865
217672226
466029535
819447403
314637295
761714695
717552752
163438997
510711614
564962917
379135191
84161058
994457161
46598156
618558206
316372179
349603248
449164643
515558444
69349174
12894019
214131473
473794074
372339610
978396758
720727412
482866441
373605521
81542445
733446916
988265960
347090776
23863427
204760497
663348926
54116769
864549939
479810800
121169248
150
560159410
27146
770935442
614394811
23482358
129720502
596813636
744949174
961399276
400370619
67633894
148516861
588737950
899042873
960317886
408476423
178339009
906625064
764523640
108563469
467714031
768095830
397680447
737836174
614633990
480501612
918425379
170864699
557820851
498805845
973753883
672781229
378825485
67633894
451221114
223261054
757915508
227255957
958600074
546252517
4578874
560804578
72382727
375245978
150
680973927
862636349
534285711
263983826
686406158
92758893
769929921
229670803
250346563
366957297
314413453
741055810
187785879
328285417
507634900
972407541
880667890
271602409
889332462
903221914
745810009
479164187
602618601
963962664
862636349
912135238
731912030
436715057
336855297
448224737
774710025
199785190
835229590
540849931
545274973
32384110
893290170
306371620
433105941
64723020
273164315
121175572
846309193
409236719
410615776
562539587
400512502
58863270
813890113
349680334
186910606
681257183
774272610
280128240
804186268
717552752
57572771
498041793
289958509
650831024
780068949
527030158
508899933
887907998
714797570
109320
583965593
751109629
507634900
809748200
349603248
802676821
199541123
23482358
166094785
191784708
850669879
335362996
637653710
973484204
988994200
610310877
341681433
1408287
309914368
649329457
912208782
195828062
716820356
630174927
763464769
176106339
607196614
414085084
413535357
487814049
886935735
426573259
533486923
111611020
896204906
777049073
686406158
1
241863851
690659629
747363900
239596445
520450555
673161982
331458688
983780318
458573832
36302154
572326734
369865985
608423628
130159798
663986564
297693548
13608345
986345000
275127100
741183755
765628896
905612249
316372179
172901029
748678842
298620610
831431858
198025561
570972183
88514184
660386505
742403262
390984541
638008077
358903096
563602907
644786948
820241494
132485658
700167415
614510804
337653356
298525439
619546559
276852851
398089477
764523640
118936148
78739603
836908824
59408310
665777707
213994667
245081823
933866206
200277261
315843728
230456663
336223138
