Code 1: Codeword not unique
Code 2: Codeword not unique
Code 3: Codeword not unique
Code 4: Codeword not unique
Code 5: Codeword not unique
Code 6: ABACAAAAAAAAAABC
Code 7: Codeword not unique
Code 8: Codeword not unique
Code 9: Codeword not unique
Code 10: AAAABCAAACBACA
Code 11: ACACCCBAAAAAACA
Code 12: ABBBAAABAACCA
Code 13: ABCAAACAAAAB
Code 14: Codeword not unique
Code 15: AAAABACAAAC
Code 16: Codeword not unique
Code 17: Codeword not unique
Code 18: Codeword not unique
Code 19: ACAACAAAAABCABA
Code 20: Codeword not unique
Code 21: ACAAAACBBABAAAAAC
Code 22: CABCAAAAAAACAA
Code 23: BABBACAAABAAAAAC
Code 24: Codeword not unique
Code 25: Codeword not unique
Code 26: Codeword not unique
Code 27: ACAAABAAAABAACCAA
Code 28: Codeword not unique
Code 29: Codeword not unique
Code 30: Codeword not unique
