Code 1: Codeword not unique
Code 2: AABAACBAAAAABAAAA
Code 3: Codeword not unique
Code 4: Codeword not unique
Code 5: AACAAAABACAABAAA
Code 6: Codeword not unique
Code 7: Codeword not unique
Code 8: Codeword not unique
Code 9: Codeword not unique
Code 10: AAAAACAACAACABACA
Code 11: AAAABCABAABACA
Code 12: ABBCABBACAAAA
Code 13: BBABAACAAAAABAA
Code 14: CBAAACAAAABAAA
Code 15: CAAACAACBAA
Code 16: Codeword not unique
Code 17: Codeword not unique
Code 18: Codeword not unique
Code 19: Codeword not unique
Code 20: AABBBAAACAAAAB
Code 21: Codeword not unique
Code 22: Codeword not unique
Code 23: Codeword not unique
Code 24: AAACAABAAAAAC
Code 25: Codeword not unique
Code 26: AAABABCAAAABAACB
Code 27: AAABBACCBAAAA
Code 28: BCACCAAACAABAAA
Code 29: Codeword not unique
Code 30: Codeword not unique
