Code 1: Codeword not unique
Code 2: NGDFQ
Code 3: BLIC
Code 4: DGXO
Code 5: Codeword not unique
Code 6: NHOT
Code 7: WJDA
Code 8: A
Code 9: RDGU
Code 10: Codeword not unique
Code 11: Codeword not unique
Code 12: Codeword not unique
Code 13: Codeword not unique
Code 14: Codeword not unique
Code 15: Codeword not unique
Code 16: Codeword not unique
Code 17: Codeword not unique
Code 18: Codeword not unique
Code 19: ZPRB
Code 20: NHJC
Code 21: A
Code 22: GCF
Code 23: HUEK
Code 24: Codeword not unique
Code 25: MAIN
Code 26: Codeword not unique
Code 27: Codeword not unique
Code 28: Codeword not unique
Code 29: Codeword not unique
Code 30: ODP
