Code 1: Codeword not unique
Code 2: ACDDDBDCCACAA
Code 3: ABABBACDBAAA
Code 4: CAADADACAAAC
Code 5: Codeword not unique
Code 6: Codeword not unique
Code 7: Codeword not unique
Code 8: AAAADAAADCDA
Code 9: ADDADADDAAAAC
Code 10: BCCAAACABAB
Code 11: AAAACBDDAAA
Code 12: CAABAAACAAAA
Code 13: Codeword not unique
Code 14: AAAABDBCDDDC
Code 15: AADDCAABABD
Code 16: AAABDACDBA
Code 17: Codeword not unique
Code 18: Codeword not unique
Code 19: Codeword not unique
Code 20: CDAAAADBAA
Code 21: AABAAACADAADAAA
Code 22: Codeword not unique
Code 23: DABDCAABCAA
Code 24: DADBABCADADA
Code 25: Codeword not unique
Code 26: Codeword not unique
Code 27: AAAADDCCAD
Code 28: BCDDAAADAB
Code 29: Codeword not unique
Code 30: AAAAAABBCBAABA
