Code 1: BCG
Code 2: XIYHT
Code 3: Codeword not unique
Code 4: Codeword not unique
Code 5: Codeword not unique
Code 6: Codeword not unique
Code 7: Codeword not unique
Code 8: Codeword not unique
Code 9: Codeword not unique
Code 10: Codeword not unique
Code 11: MEEB
Code 12: Codeword not unique
Code 13: A
Code 14: VCOJ
Code 15: B
Code 16: JAZE
Code 17: Codeword not unique
Code 18: Codeword not unique
Code 19: ESRO
Code 20: Codeword not unique
Code 21: Codeword not unique
Code 22: BPP
Code 23: A
Code 24: Codeword not unique
Code 25: GABF
Code 26: ELKD
Code 27: Codeword not unique
Code 28: Codeword not unique
Code 29: IALJ
Code 30: Codeword not unique
