Code 1: Codeword not unique
Code 2: Codeword not unique
Code 3: ATIU
Code 4: PRLY
Code 5: FBKOL
Code 6: Codeword not unique
Code 7: ZMVU
Code 8: Codeword not unique
Code 9: EFGCX
Code 10: UKDA
Code 11: Codeword not unique
Code 12: A
Code 13: Codeword not unique
Code 14: A
Code 15: Codeword not unique
Code 16: Codeword not unique
Code 17: A
Code 18: Codeword not unique
Code 19: Codeword not unique
Code 20: Codeword not unique
Code 21: Codeword not unique
Code 22: Codeword not unique
Code 23: Codeword not unique
Code 24: Codeword not unique
Code 25: Codeword not unique
Code 26: JEH
Code 27: Codeword not unique
Code 28: ETAU
Code 29: AMIL
Code 30: Codeword not unique
