Code 1: Codeword not unique
Code 2: ABABAAAAAAACAAAA
Code 3: Codeword not unique
Code 4: AAABCCABBBAA
Code 5: Codeword not unique
Code 6: Codeword not unique
Code 7: BAACAABCAAAAAA
Code 8: Codeword not unique
Code 9: Codeword not unique
Code 10: Codeword not unique
Code 11: Codeword not unique
Code 12: AAAACCABACCAACC
Code 13: ACAACBBCAAAA
Code 14: Codeword not unique
Code 15: AAAAACBBAAABA
Code 16: Codeword not unique
Code 17: AAAACBABBBCAA
Code 18: CAAAAAAACAAABAABAA
Code 19: CAAAABACCCBBA
Code 20: CAAABCAABBCAB
Code 21: CAAAABAAACAABAAA
Code 22: CBCAAAAABABCAA
Code 23: ABCAAAAAAACAA
Code 24: AACCCABBAAB
Code 25: Codeword not unique
Code 26: Codeword not unique
Code 27: Codeword not unique
Code 28: Codeword not unique
Code 29: Codeword not unique
Code 30: Codeword not unique
