Code 1: Codeword not unique
Code 2: Codeword not unique
Code 3: Codeword not unique
Code 4: HEDDIEG
Code 5: Codeword not unique
Code 6: Codeword not unique
Code 7: Codeword not unique
Code 8: IFECGG
Code 9: Codeword not unique
Code 10: CFJHCG
Code 11: CJIFFD
Code 12: Codeword not unique
Code 13: Codeword not unique
Code 14: Codeword not unique
Code 15: HHAIDJ
Code 16: Codeword not unique
Code 17: Codeword not unique
Code 18: BHGJCC
Code 19: Codeword not unique
Code 20: GDJICG
Code 21: Codeword not unique
Code 22: Codeword not unique
Code 23: Codeword not unique
Code 24: Codeword not unique
Code 25: FGFCFJ
Code 26: EEHGEA
Code 27: Codeword not unique
Code 28: EIDCEA
Code 29: Codeword not unique
Code 30: EFJIEFE
