Code 1: BHD
Code 2: Codeword not unique
Code 3: FGD
Code 4: Codeword not unique
Code 5: Codeword not unique
Code 6: ULDO
Code 7: Codeword not unique
Code 8: Codeword not unique
Code 9: LREM
Code 10: Codeword not unique
Code 11: Codeword not unique
Code 12: Codeword not unique
Code 13: Codeword not unique
Code 14: Codeword not unique
Code 15: Codeword not unique
Code 16: Codeword not unique
Code 17: Codeword not unique
Code 18: Codeword not unique
Code 19: Codeword not unique
Code 20: Codeword not unique
Code 21: Codeword not unique
Code 22: Codeword not unique
Code 23: GEF
Code 24: Codeword not unique
Code 25: Codeword not unique
Code 26: BCJN
Code 27: YTDC
Code 28: A
Code 29: Codeword not unique
Code 30: Codeword not unique
