Code 1: Codeword not unique
Code 2: Codeword not unique
Code 3: Codeword not unique
Code 4: Codeword not unique
Code 5: Codeword not unique
Code 6: Codeword not unique
Code 7: B
Code 8: Codeword not unique
Code 9: Codeword not unique
Code 10: Codeword not unique
Code 11: Codeword not unique
Code 12: Codeword not unique
Code 13: SBC
Code 14: BOQG
Code 15: NTMN
Code 16: Codeword not unique
Code 17: Codeword not unique
Code 18: Codeword not unique
Code 19: Codeword not unique
Code 20: Codeword not unique
Code 21: Codeword not unique
Code 22: Codeword not unique
Code 23: Codeword not unique
Code 24: Codeword not unique
Code 25: Codeword not unique
Code 26: Codeword not unique
Code 27: TDRE
Code 28: Codeword not unique
Code 29: Codeword not unique
Code 30: Codeword not unique
