Code 1: Codeword not unique
Code 2: Codeword not unique
Code 3: Codeword not unique
Code 4: Codeword not unique
Code 5: Codeword not unique
Code 6: CULAW
Code 7: Codeword not unique
Code 8: Codeword not unique
Code 9: Codeword not unique
Code 10: Codeword not unique
Code 11: NQTO
Code 12: Codeword not unique
Code 13: Codeword not unique
Code 14: Codeword not unique
Code 15: B
Code 16: Codeword not unique
Code 17: HGV
Code 18: Codeword not unique
Code 19: Codeword not unique
Code 20: Codeword not unique
Code 21: Codeword not unique
Code 22: BAPF
Code 23: A
Code 24: Codeword not unique
Code 25: Codeword not unique
Code 26: Codeword not unique
Code 27: BB
Code 28: Codeword not unique
Code 29: Codeword not unique
Code 30: Codeword not unique
