Code 1: Codeword not unique
Code 2: DCDAAAAAADA
Code 3: AABACABCAB
Code 4: AADDCAAACBDA
Code 5: CBAAADDADDC
Code 6: Codeword not unique
Code 7: ADBAAAAACADDAA
Code 8: CDAABBAABDDA
Code 9: AADDDCDABBDA
Code 10: Codeword not unique
Code 11: Codeword not unique
Code 12: AAADBCAACB
Code 13: Codeword not unique
Code 14: ADADCAADDAD
Code 15: Codeword not unique
Code 16: Codeword not unique
Code 17: AABAAABBAAB
Code 18: AAACACADDBAAD
Code 19: Codeword not unique
Code 20: Codeword not unique
Code 21: ACACADACCD
Code 22: ACDDAAADBCA
Code 23: ADCAAAAABA
Code 24: Codeword not unique
Code 25: Codeword not unique
Code 26: Codeword not unique
Code 27: DACDACAADCCD
Code 28: AADABACBAC
Code 29: AAABADDACAC
Code 30: Codeword not unique
