Code 1: BBBACCAABBCA
Code 2: BCBBBCCAACCAB
Code 3: Codeword not unique
Code 4: ACBCAAABCBABB
Code 5: AAABBCCBBCCC
Code 6: BCAACCACABCCCB
Code 7: Codeword not unique
Code 8: BBAAACBBACACC
Code 9: Codeword not unique
Code 10: BCACACBBAACAC
Code 11: Codeword not unique
Code 12: Codeword not unique
Code 13: Codeword not unique
Code 14: BACABCBACCCA
Code 15: AAABCBBBACBAB
Code 16: Codeword not unique
Code 17: Codeword not unique
Code 18: BBABBBCBCBACC
Code 19: CBBBBAAAAABCA
Code 20: CABABACCBBA
Code 21: AAACABABCBCA
Code 22: ACABABBBACBB
Code 23: AACABBACACCCA
Code 24: Codeword not unique
Code 25: BBABBBABBCABA
Code 26: CCCBABBACAACB
Code 27: CBBBCACAAABA
Code 28: Codeword not unique
Code 29: ABCBBAABCBCAB
Code 30: ACBCCCABAAA
