Code 1: Codeword not unique
Code 2: C
Code 3: C
Code 4: C
Code 5: Codeword not unique
Code 6: MNKH
Code 7: A
Code 8: Codeword not unique
Code 9: Codeword not unique
Code 10: Codeword not unique
Code 11: Codeword not unique
Code 12: Codeword not unique
Code 13: Codeword not unique
Code 14: Codeword not unique
Code 15: Codeword not unique
Code 16: Codeword not unique
Code 17: Codeword not unique
Code 18: Codeword not unique
Code 19: D
Code 20: Codeword not unique
Code 21: Codeword not unique
Code 22: A
Code 23: DOBM
Code 24: Codeword not unique
Code 25: Codeword not unique
Code 26: Codeword not unique
Code 27: Codeword not unique
Code 28: Codeword not unique
Code 29: Codeword not unique
Code 30: Codeword not unique
