726918306
133575129
916147854
259173866
64957970
88754729
646798701
746340457
561409415
422451657
888137201
543107961
696161360
218660588
975414582
209936662
369625865
499250574
616577402
489682979
824731
294979898
723112647
156839311
922608415
188252038
161457345
93165895
438429458
766534847
823915701
163578297
443453657
5029101
69479544
362322036
743000472
825815709
839643154
230244049
676457614
642827940
92194228
746358564
577813773
887413499
514011664
542990140
259029913
787387421
880788962
624936651
172301844
768863221
826918621
750718348
14743832
986636896
483769580
115694122
893791937
407716935
138646130
174703550
911003332
812838180
150843878
962380230
874973432
713152276
927921146
854659115
666902824
796663282
845998089
205225124
147592292
577223632
623479330
417257238
48654960
760557547
697526795
762655412
104060652
755297221
284827720
727926646
80812268
443297619
468406225
317281965
734939955
773032731
952650426
441091943
378686157
699270666
900903960
49037875
