\BOOKMARK [1][-]{section.1}{\376\377\137\025\212\000}{}% 1
\BOOKMARK [1][-]{section.2}{\376\377\133\232\116\111}{}% 2
\BOOKMARK [1][-]{section.3}{\376\377\226\306\124\010\136\166\123\167\171\357}{}% 3
\BOOKMARK [2][-]{subsection.3.1}{\376\377\137\353\220\037\173\227\154\325}{section.3}% 4
\BOOKMARK [3][-]{subsubsection.3.1.1}{\376\377\122\006\154\273\116\130\154\325}{subsection.3.1}% 5
\BOOKMARK [3][-]{subsubsection.3.1.2}{\376\377\137\353\220\037\203\253\153\324\116\114\145\257\123\330\143\142}{subsection.3.1}% 6
\BOOKMARK [3][-]{subsubsection.3.1.3}{\376\377\153\324\217\203}{subsection.3.1}% 7
\BOOKMARK [2][-]{subsection.3.2}{\376\377\165\061\123\330\143\142\137\025\121\372\166\204\140\047\215\050}{section.3}% 8
\BOOKMARK [1][-]{section.4}{\376\377\226\306\124\010\133\371\171\360\135\356\123\167\171\357}{}% 9
\BOOKMARK [2][-]{subsection.4.1}{\376\377\137\353\220\037\173\227\154\325}{section.4}% 10
\BOOKMARK [3][-]{subsubsection.4.1.1}{\376\377\122\006\154\273\116\130\154\325}{subsection.4.1}% 11
\BOOKMARK [3][-]{subsubsection.4.1.2}{\376\377\137\353\220\037\154\203\134\024\116\300\123\330\143\142}{subsection.4.1}% 12
\BOOKMARK [3][-]{subsubsection.4.1.3}{\376\377\153\324\217\203}{subsection.4.1}% 13
\BOOKMARK [2][-]{subsection.4.2}{\376\377\165\061\123\330\143\142\137\025\121\372\166\204\140\047\215\050}{section.4}% 14
\BOOKMARK [1][-]{section.5}{\376\377\133\120\226\306\123\167\171\357}{}% 15
\BOOKMARK [2][-]{subsection.5.1}{\376\377\137\353\220\037\173\227\154\325}{section.5}% 16
\BOOKMARK [3][-]{subsubsection.5.1.1}{\376\377\217\154\123\026\116\072\226\306\124\010\136\166\123\167\171\357}{subsection.5.1}% 17
\BOOKMARK [3][-]{subsubsection.5.1.2}{\376\377\217\154\123\026\116\072\226\306\124\010\133\371\171\360\135\356\123\167\171\357}{subsection.5.1}% 18
\BOOKMARK [3][-]{subsubsection.5.1.3}{\376\377\153\324\217\203}{subsection.5.1}% 19
\BOOKMARK [2][-]{subsection.5.2}{\376\377\165\061\123\330\143\142\137\025\121\372\166\204\140\047\215\050}{section.5}% 20
\BOOKMARK [1][-]{section.6}{\376\377\136\224\165\050}{}% 21
\BOOKMARK [2][-]{subsection.6.1}{\376\377\226\217\147\072\226\306\124\010\136\166\116\072\121\150\226\306\166\204\147\037\147\033\226\306\124\010\145\160}{section.6}% 22
\BOOKMARK [2][-]{subsection.6.2}{\376\377\143\317\217\360}{section.6}% 23
\BOOKMARK [3][-]{subsubsection.6.2.1}{\376\377\211\343\154\325}{subsection.6.2}% 24
\BOOKMARK [2][-]{subsection.6.3}{\376\377\000\124\000\157\000\160\000\143\000\157\000\144\000\145\000\162\000\040\000\123\000\122\000\115\000\040\000\065\000\061\000\070\000\040\000\116\000\151\000\155}{section.6}% 25
\BOOKMARK [2][-]{subsection.6.4}{\376\377\143\317\217\360}{section.6}% 26
\BOOKMARK [2][-]{subsection.6.5}{\376\377\211\343\154\325}{section.6}% 27
\BOOKMARK [2][-]{subsection.6.6}{\376\377\217\336\220\032\165\037\142\020\133\120\126\376\213\241\145\160}{section.6}% 28
\BOOKMARK [2][-]{subsection.6.7}{\376\377\143\317\217\360}{section.6}% 29
\BOOKMARK [2][-]{subsection.6.8}{\376\377\211\343\154\325}{section.6}% 30
\BOOKMARK [1][-]{section.7}{\376\377\140\073\176\323}{}% 31
\BOOKMARK [1][-]{section.8}{\376\377\141\037\214\042}{}% 32
