1126
1304
1350
2181
-1
1758
-1
-1
-1
4096
4288
4859
4405
6034
5375
5244
6226
5983
6530
8616
7419
8149
7738
8136
8208
-1
7609
-1
-1
9298
9668
9543
9872
9274
10149
10788
-1
10649
-1
10454
-1
-1
-1
-1
15183
-1
14599
-1
14555
15850
15917
16239
-1
-1
-1
17589
17443
-1
-1
-1
-1
-1
20448
20409
20080
20808
-1
-1
-1
-1
-1
-1
-1
24992
24829
24761
24994
26824
25436
26172
25981
-1
-1
-1
-1
-1
-1
28385
28640
-1
-1
-1
-1
-1
-1
-1
-1
31191
31203
-1
-1
-1
33234
32851
32822
33263
-1
-1
33884
33757
33938
34266
34238
-1
-1
-1
-1
-1
-1
37354
37295
37255
37426
37124
-1
-1
-1
40903
40656
-1
-1
-1
-1
42680
42057
42271
-1
-1
-1
-1
-1
-1
-1
-1
-1
-1
-1
-1
-1
-1
49765
50029
-1
-1
-1
-1
-1
-1
-1
-1
-1
-1
-1
-1
58010
-1
57282
-1
-1
-1
-1
-1
-1
-1
-1
-1
63331
62705
-1
-1
-1
-1
-1
-1
-1
-1
-1
-1
-1
-1
-1
-1
71713
71680
70852
70804
70404
71255
71423
72765
72317
72024
-1
-1
-1
75926
75367
75414
75593
75279
75200
76324
76132
76766
76119
77855
76944
76854
78266
77618
77540
77663
78849
78664
78468
-1
-1
-1
80893
81568
80506
80642
-1
-1
-1
-1
-1
84829
85219
85096
84552
84410
84107
84353
-1
84645
-1
-1
-1
-1
88726
88453
87999
88017
87728
89360
88349
89045
90288
89971
-1
-1
-1
-1
-1
-1
-1
-1
93747
93735
93476
-1
-1
-1
-1
-1
-1
-1
-1
-1
-1
100403
100482
100267
-1
99624
-1
-1
-1
-1
102969
103097
102280
-1
-1
-1
-1
-1
105926
106477
-1
-1
107067
107813
-1
-1
-1
-1
109024
109083
108959
109388
109674
109443
-1
-1
-1
-1
-1
112473
112978
113007
112676
-1
-1
-1
-1
-1
-1
-1
-1
-1
-1
-1
-1
-1
-1
-1
-1
-1
120590
120133
-1
-1
-1
123358
123104
122748
124238
124218
124225
124152
124798
124900
-1
-1
-1
-1
-1
-1
128529
128274
128360
127475
127535
127368
-1
-1
-1
-1
-1
130742
131169
-1
-1
-1
-1
-1
136493
136617
135593
135737
135547
135988
135784
136916
136655
-1
-1
137500
-1
137257
-1
140419
140160
139681
140966
140532
-1
