-1
645
-1
-1
400
193
-1
254
1012
238
-1
230
679
123
-1
-1
363
179
317
120
-1
332
660
-1
-1
434
-1
241
230
633
329
-1
295
135
813
295
285
518
-1
83
-1
436
-1
94
36
258
710
96
97
-1
188
530
-1
517
100
213
302
319
-1
-1
-1
-1
-1
574
-1
-1
294
137
580
292
192
575
90
-1
93
698
429
-1
134
74
-1
-1
-1
174
-1
127
-1
389
109
561
948
225
295
92
252
314
-1
-1
-1
-1
-1
322
1024
-1
258
-1
745
-1
270
315
-1
362
66
-1
-1
-1
100
233
-1
-1
81
58
175
50
896
356
917
587
-1
1026
961
-1
-1
82
-1
318
-1
242
207
-1
188
144
-1
234
212
-1
-1
66
-1
253
83
424
439
243
76
-1
229
576
703
824
796
-1
907
-1
238
-1
-1
404
116
95
91
139
668
-1
218
38
-1
-1
399
-1
299
1038
103
-1
-1
-1
455
-1
697
506
-1
230
-1
-1
78
-1
256
-1
-1
258
96
-1
-1
-1
-1
234
109
-1
-1
-1
-1
239
-1
73
246
115
-1
-1
-1
-1
-1
502
-1
-1
266
-1
-1
453
859
409
-1
-1
423
-1
-1
-1
688
905
378
-1
248
224
-1
-1
-1
229
846
142
-1
475
-1
-1
94
-1
-1
240
171
599
-1
414
403
-1
723
-1
-1
-1
-1
95
111
281
365
-1
-1
957
176
991
640
-1
129
-1
181
-1
311
-1
-1
-1
831
974
154
327
-1
363
-1
576
-1
543
-1
518
-1
-1
-1
411
684
222
305
765
124
798
77
407
311
423
-1
195
386
-1
333
694
376
969
495
274
169
-1
-1
-1
220
-1
418
189
-1
303
-1
-1
-1
97
101
233
493
-1
-1
-1
-1
-1
193
84
-1
-1
-1
230
-1
-1
-1
872
488
165
-1
781
125
478
-1
-1
100
270
-1
110
963
-1
-1
-1
557
479
626
-1
-1
680
-1
928
611
118
615
-1
498
360
-1
543
73
317
-1
85
-1
238
832
280
394
342
332
-1
-1
-1
918
-1
-1
423
675
421
907
155
96
980
-1
838
37
838
296
280
-1
798
99
893
40
82
-1
-1
293
230
-1
100
403
-1
836
-1
156
-1
161
-1
910
879
210
1045
883
-1
75
1037
208
452
153
-1
96
540
609
-1
744
-1
-1
159
469
-1
283
440
182
-1
-1
-1
-1
-1
-1
142
164
371
989
104
460
-1
134
-1
879
936
359
701
118
-1
-1
-1
-1
274
464
224
359
783
-1
-1
-1
106
-1
615
-1
-1
498
575
-1
848
86
-1
93
75
-1
-1
-1
-1
417
539
918
-1
460
330
600
-1
-1
585
416
-1
-1
246
-1
69
908
343
-1
-1
348
287
-1
403
451
328
363
-1
192
71
-1
521
918
401
170
186
227
-1
350
370
727
932
90
217
-1
-1
-1
-1
443
409
175
550
-1
205
656
-1
677
553
-1
-1
-1
101
71
-1
405
179
-1
432
818
-1
325
-1
206
416
105
-1
-1
-1
462
187
227
-1
-1
351
-1
506
952
98
-1
425
169
421
775
-1
-1
-1
923
317
130
1013
722
345
-1
110
247
638
-1
156
124
72
141
408
90
196
-1
-1
725
130
929
658
-1
172
97
310
797
-1
344
88
601
-1
-1
434
-1
899
696
-1
-1
-1
639
-1
429
-1
1054
646
-1
102
128
410
182
767
145
779
242
-1
-1
189
-1
-1
-1
78
-1
-1
-1
654
181
-1
322
-1
302
606
64
361
118
77
373
188
67
-1
-1
94
-1
30
540
936
568
-1
-1
88
277
-1
343
-1
395
981
80
108
378
244
-1
-1
-1
-1
360
276
-1
-1
105
-1
222
77
500
333
-1
-1
915
167
1049
303
431
-1
221
769
366
-1
77
-1
-1
-1
81
-1
222
-1
-1
1023
-1
125
233
257
197
-1
279
-1
419
64
238
52
208
195
-1
182
45
101
-1
1066
-1
-1
962
361
-1
-1
786
-1
268
109
-1
-1
648
586
-1
295
249
230
948
695
-1
607
516
506
182
-1
-1
-1
163
-1
747
238
-1
224
-1
468
46
262
809
1033
938
-1
939
341
540
169
115
64
-1
-1
1026
908
374
520
381
-1
609
1064
-1
-1
166
136
-1
645
92
588
246
632
-1
645
308
-1
401
214
936
68
472
308
-1
491
121
-1
-1
-1
77
-1
419
-1
107
898
171
91
-1
-1
-1
-1
513
399
-1
398
677
497
106
180
458
920
434
-1
101
-1
591
633
200
-1
407
830
144
87
-1
579
96
39
291
-1
-1
-1
-1
422
698
-1
390
121
346
81
393
1049
98
705
257
515
868
-1
658
-1
144
-1
-1
178
108
90
414
149
333
258
-1
-1
207
463
417
-1
85
34
-1
523
289
308
119
904
-1
508
-1
-1
-1
80
-1
958
785
-1
405
-1
648
114
-1
-1
529
324
99
-1
230
-1
-1
236
311
-1
-1
239
-1
125
589
-1
64
-1
-1
204
-1
100
-1
-1
-1
524
550
-1
-1
929
222
-1
-1
-1
-1
-1
141
-1
88
-1
967
998
571
560
593
390
964
350
-1
-1
-1
-1
-1
448
-1
460
94
589
1003
-1
-1
-1
-1
-1
74
-1
241
969
-1
241
154
-1
83
817
-1
217
-1
-1
-1
-1
-1
-1
-1
-1
-1
-1
339
-1
222
988
932
86
81
-1
463
164
-1
-1
346
282
-1
-1
246
-1
78
166
111
170
280
-1
119
-1
-1
422
-1
875
289
-1
-1
81
-1
535
138
108
928
176
-1
176
965
-1
215
356
-1
-1
213
495
-1
466
-1
-1
-1
-1
444
167
-1
536
175
-1
227
121
605
-1
178
-1
693
566
-1
-1
440
360
203
-1
365
316
-1
79
434
119
164
88
254
-1
966
432
-1
-1
74
114
325
-1
47
-1
275
-1
403
-1
836
418
360
-1
-1
-1
-1
79
1036
-1
506
-1
394
-1
655
177
540
-1
-1
-1
420
60
-1
585
251
-1
-1
84
182
-1
-1
240
277
846
99
123
202
-1
577
-1
955
178
-1
-1
-1
245
356
-1
-1
905
-1
-1
711
413
136
-1
411
67
-1
-1
-1
530
599
-1
93
-1
165
-1
-1
531
520
-1
-1
-1
161
-1
-1
-1
246
722
580
237
284
217
98
946
-1
-1
-1
893
669
619
581
-1
101
-1
-1
329
-1
341
354
200
-1
69
-1
-1
568
269
364
-1
-1
1021
500
532
921
-1
-1
116
-1
562
253
-1
-1
228
126
-1
680
219
173
218
-1
168
-1
-1
81
-1
444
834
-1
338
525
171
225
-1
46
115
-1
-1
-1
265
102
123
222
141
154
-1
122
-1
297
96
404
-1
123
-1
-1
59
854
-1
371
543
79
956
899
-1
-1
-1
-1
-1
132
-1
131
-1
314
89
-1
124
450
-1
161
-1
129
916
-1
981
256
-1
150
-1
433
-1
76
397
-1
316
974
-1
847
309
65
760
-1
-1
-1
395
622
925
814
354
-1
359
289
-1
-1
577
-1
-1
732
272
663
-1
-1
-1
93
-1
97
-1
-1
-1
370
-1
501
-1
612
230
447
-1
419
-1
-1
-1
380
-1
-1
282
-1
698
-1
-1
-1
103
-1
-1
224
-1
-1
-1
229
42
517
-1
-1
306
-1
235
275
-1
-1
131
207
766
-1
210
1050
733
273
107
-1
100
326
-1
-1
404
884
-1
109
925
-1
217
513
-1
621
-1
-1
110
532
-1
-1
958
-1
-1
979
900
127
90
224
-1
563
-1
276
522
234
-1
964
-1
247
592
64
-1
454
252
575
584
204
155
-1
-1
229
96
-1
510
216
104
571
-1
-1
-1
706
318
-1
310
-1
-1
287
894
-1
352
867
-1
226
-1
196
-1
-1
781
273
-1
418
87
103
702
-1
89
-1
282
-1
554
231
242
-1
519
-1
-1
172
81
67
65
79
-1
106
-1
-1
98
-1
-1
79
406
362
-1
-1
-1
189
112
320
-1
441
775
-1
661
-1
297
-1
117
-1
517
-1
-1
782
-1
-1
-1
103
87
-1
397
687
-1
83
-1
151
652
149
-1
-1
676
-1
360
755
282
-1
243
-1
164
-1
-1
751
-1
148
518
372
-1
593
-1
88
-1
238
409
-1
-1
192
688
146
-1
706
411
-1
494
83
788
-1
143
-1
105
199
298
197
-1
107
927
136
-1
90
180
183
93
-1
550
-1
-1
-1
218
106
165
201
-1
491
-1
318
150
-1
817
-1
191
317
407
703
457
391
-1
423
-1
671
-1
-1
187
-1
165
312
-1
217
608
-1
154
714
-1
802
-1
162
352
-1
-1
795
-1
505
-1
612
359
-1
319
416
1019
-1
447
351
-1
485
557
685
-1
838
135
-1
193
-1
-1
92
-1
234
905
-1
-1
654
322
129
-1
176
90
-1
50
671
84
118
769
-1
-1
243
-1
324
-1
307
622
-1
-1
-1
396
113
106
77
-1
-1
881
-1
-1
267
335
-1
150
234
100
59
-1
176
641
-1
-1
-1
-1
-1
581
841
394
-1
187
76
-1
649
-1
511
861
-1
-1
695
586
-1
87
949
129
-1
-1
-1
-1
-1
179
827
-1
456
360
-1
-1
247
-1
-1
-1
-1
214
116
-1
125
229
88
278
-1
941
-1
538
524
-1
-1
-1
-1
199
222
-1
777
99
-1
-1
661
-1
918
585
300
236
830
322
-1
297
277
128
-1
110
-1
688
159
-1
860
-1
-1
-1
383
-1
-1
255
522
916
-1
154
470
81
428
33
342
117
488
-1
-1
-1
-1
469
-1
300
120
-1
-1
319
299
-1
-1
-1
-1
118
-1
-1
894
-1
46
-1
248
398
-1
956
326
989
374
836
110
-1
336
951
-1
65
-1
216
-1
-1
320
-1
629
-1
-1
-1
363
-1
355
-1
338
255
173
170
808
98
-1
-1
239
341
-1
219
-1
460
50
-1
221
-1
-1
-1
-1
-1
-1
161
168
306
-1
-1
206
323
479
216
1027
91
569
356
-1
703
952
947
-1
202
-1
700
-1
211
-1
-1
105
556
-1
190
665
356
906
324
326
169
50
-1
505
617
-1
-1
108
-1
687
159
579
335
-1
642
195
-1
169
234
509
230
-1
-1
-1
-1
221
495
415
-1
102
-1
202
266
574
122
-1
408
764
403
105
-1
-1
478
-1
221
-1
378
97
-1
-1
99
427
-1
324
