41
45
35
38
48
40
66
59
53
73
66
51
29
38
56
31
61
51
69
35
44
46
45
60
62
53
47
32
85
47
39
46
76
72
30
37
45
73
55
45
38
65
42
44
42
39
50
55
62
47
50
69
53
43
46
50
23
31
40
15
42
50
42
56
55
44
57
37
48
50
62
50
53
37
33
70
61
54
61
33
42
51
55
53
46
53
67
24
32
42
68
55
27
48
45
27
57
46
35
42
41
55
51
53
60
52
44
42
50
50
46
30
47
41
53
61
56
59
58
56
55
57
68
23
51
42
54
48
62
58
47
42
62
89
63
38
43
22
72
41
57
50
42
42
52
49
49
38
32
37
42
48
58
43
75
58
69
52
53
51
32
54
21
45
81
49
36
34
50
28
50
47
48
65
50
41
53
35
32
45
69
43
55
42
67
49
35
20
50
44
50
33
53
37
47
41
67
60
39
41
49
41
50
46
46
43
70
62
37
74
58
69
47
22
42
64
40
58
51
62
47
53
33
53
55
38
67
51
36
50
44
52
47
46
38
50
65
49
62
44
30
43
22
53
57
72
63
31
72
48
58
56
52
70
53
21
60
38
56
60
50
43
69
22
48
52
38
59
46
68
44
45
45
32
57
51
26
42
46
25
42
73
36
41
62
70
57
54
56
58
61
43
50
48
55
62
36
60
22
42
46
43
42
69
61
32
49
68
71
41
41
65
52
45
34
70
37
36
65
45
43
49
61
45
62
31
64
34
49
45
57
45
58
58
43
50
30
54
46
58
72
51
48
43
42
67
43
39
43
49
40
28
77
41
62
66
50
67
52
48
33
69
46
42
52
41
76
43
41
48
39
60
31
62
51
30
32
58
39
31
63
60
28
47
46
60
60
64
31
61
57
67
61
46
35
85
52
34
43
57
49
63
53
49
51
46
63
19
37
40
89
63
52
45
51
72
60
32
57
35
46
67
58
33
55
49
39
67
33
40
37
48
46
47
63
27
40
58
26
54
61
62
50
61
52
60
25
32
58
49
57
72
34
66
54
64
41
58
55
44
39
36
59
42
38
55
46
67
32
62
76
53
58
93
69
71
51
29
53
67
44
51
57
37
59
60
40
69
52
37
53
37
46
47
53
48
40
43
55
71
58
44
24
47
33
52
37
17
48
32
63
37
48
45
40
58
63
35
57
48
38
52
39
79
55
72
34
40
43
51
48
42
50
31
85
60
42
32
36
78
78
40
59
41
40
51
57
45
37
33
49
36
42
64
59
43
78
44
64
40
53
44
53
45
57
48
77
69
44
60
46
51
55
41
57
56
31
39
41
68
56
41
42
52
43
43
61
61
55
46
39
76
52
68
27
92
35
44
37
42
37
52
58
57
73
57
57
69
35
34
56
74
48
30
38
43
59
42
54
79
44
46
49
60
69
28
41
58
45
49
46
51
30
27
30
46
57
38
56
67
27
44
59
48
57
52
73
43
29
45
32
48
27
45
46
51
68
53
40
70
49
45
73
42
56
56
34
68
46
74
45
32
47
37
45
35
84
78
71
45
57
55
59
56
47
46
42
74
45
75
67
46
41
46
50
52
45
32
53
52
42
38
47
63
73
38
48
61
45
53
50
29
52
48
23
46
46
67
38
38
48
40
62
58
26
39
47
61
40
50
20
53
66
55
41
54
64
37
48
42
41
45
38
46
49
43
73
63
45
60
56
60
51
45
48
41
48
52
46
52
50
42
43
45
46
63
38
50
45
70
57
28
44
36
53
43
68
66
67
47
56
35
60
52
62
30
51
71
33
52
57
43
50
46
41
48
53
29
62
79
35
53
64
58
53
32
44
41
49
60
40
68
75
72
48
31
50
48
45
57
71
53
38
27
64
68
45
49
60
57
45
37
62
47
60
46
47
29
51
62
67
83
44
51
36
55
42
53
58
66
39
52
41
39
42
55
28
77
52
55
29
65
37
42
28
48
36
65
52
38
60
46
55
48
87
47
41
36
67
44
57
37
30
49
55
61
35
36
45
38
66
66
47
51
57
48
59
31
46
33
52
64
65
49
58
83
34
64
51
48
56
40
71
44
59
38
43
63
45
39
60
43
32
52
86
30
61
47
46
63
47
61
35
62
71
69
60
45
43
53
52
48
45
51
59
46
50
55
43
59
37
21
83
67
55
59
45
50
42
46
54
49
60
66
32
32
57
40
67
43
53
67
42
36
54
25
54
56
32
49
32
34
63
63
61
35
56
39
48
41
35
60
34
34
54
50
42
35
55
46
31
67
59
75
43
38
36
57
68
41
37
50
57
57
44
34
45
46
45
38
35
52
51
37
47
54
51
68
50
47
50
52
64
43
75
50
61
50
52
40
46
72
36
48
36
36
63
62
30
43
58
43
25
50
61
40
54
27
49
69
46
65
48
32
47
52
48
43
35
40
42
51
51
66
45
31
70
54
55
53
69
43
48
63
56
49
63
36
63
53
35
60
34
52
59
38
52
21
49
57
31
26
95
44
46
52
39
39
28
51
43
39
71
50
41
36
46
44
42
52
43
58
41
42
55
50
67
48
45
58
67
62
82
59
49
59
48
35
72
45
63
49
40
28
50
48
50
40
33
54
49
48
39
45
84
49
46
54
43
38
53
69
37
31
33
57
48
48
82
41
57
65
65
41
27
37
50
45
45
60
46
63
59
59
66
41
27
51
69
42
44
42
46
41
38
52
60
50
49
41
40
41
55
88
49
25
39
36
42
61
22
69
37
34
51
35
54
42
35
74
41
53
56
47
55
59
42
57
31
33
63
60
36
57
49
70
50
53
41
43
36
59
41
60
63
53
38
55
58
49
51
51
50
57
59
41
57
51
47
53
57
59
60
49
57
46
42
44
51
57
27
57
27
54
40
58
52
57
62
57
32
28
45
19
56
72
38
59
45
44
55
53
76
65
43
40
35
36
50
51
40
71
62
59
41
53
50
47
33
35
30
63
62
50
62
52
65
41
56
56
35
71
32
35
63
68
54
89
65
36
43
31
49
40
58
38
55
40
50
54
75
52
44
52
16
34
71
70
64
32
31
72
61
32
44
62
47
57
76
28
44
53
62
66
50
53
34
38
36
56
60
49
51
37
57
58
61
46
52
42
55
58
59
55
64
42
57
78
41
80
52
50
38
61
48
33
63
48
62
45
47
49
62
60
77
31
22
35
47
52
43
60
35
63
68
51
39
48
37
55
72
24
39
49
46
60
54
34
53
38
48
65
68
73
35
24
34
27
54
45
33
56
45
50
36
49
44
48
65
54
51
80
41
78
49
48
74
35
50
58
62
62
70
31
48
46
48
53
45
38
35
74
33
57
44
29
34
46
65
47
38
45
48
47
37
48
57
61
40
89
63
33
54
50
44
36
34
45
41
50
65
57
48
64
48
80
36
49
46
55
68
56
36
53
31
42
68
71
41
46
53
78
40
57
52
48
48
60
36
61
69
35
51
40
33
65
51
55
48
32
35
44
57
67
62
60
59
58
68
41
49
47
51
58
58
77
45
28
36
58
39
61
35
46
47
48
63
27
71
43
39
48
47
35
35
45
62
35
51
46
39
43
58
86
69
45
23
46
53
66
49
59
54
30
52
52
37
54
75
47
41
48
39
63
36
35
42
71
53
47
38
45
39
38
40
30
38
58
59
40
41
49
44
42
49
40
37
63
45
58
38
47
56
50
54
37
53
46
54
40
50
61
45
55
49
47
33
81
43
39
45
70
17
40
67
53
62
57
52
43
77
47
60
74
35
26
69
28
79
49
46
47
45
34
36
44
60
43
39
44
68
49
47
38
49
27
41
64
32
58
59
31
54
81
60
44
45
44
53
56
34
43
39
55
47
64
44
60
51
42
37
42
61
59
40
70
31
47
58
39
57
42
60
69
67
65
44
68
52
52
58
51
58
57
55
28
54
61
39
54
63
46
34
25
58
58
83
37
53
75
54
75
47
59
39
41
55
21
36
73
55
74
30
38
29
49
66
50
43
67
48
48
54
38
43
60
54
49
53
50
32
82
46
44
35
41
46
51
42
54
59
58
55
43
41
38
46
52
38
34
59
35
63
56
52
61
34
67
58
39
58
66
55
54
32
51
61
40
46
29
34
56
43
47
69
53
60
38
49
55
48
57
37
62
55
46
53
66
60
62
69
71
71
37
51
26
83
58
49
63
37
51
52
49
40
42
59
82
52
67
18
50
35
62
49
45
60
68
39
58
63
45
93
35
35
44
51
40
42
54
53
61
36
56
34
43
36
67
34
38
46
76
46
37
43
41
49
58
51
36
57
37
33
42
45
32
73
45
37
55
22
44
46
47
47
47
40
64
17
46
74
71
48
47
58
49
74
61
53
47
56
38
67
39
56
55
32
48
62
60
62
73
54
48
34
41
23
31
41
53
36
46
54
71
36
56
46
26
46
79
46
68
54
51
48
44
46
55
55
40
27
65
37
59
36
52
50
57
51
38
52
50
50
43
47
49
38
54
73
62
52
37
49
61
41
72
47
60
41
52
36
60
30
32
41
58
61
53
44
38
33
30
46
48
45
44
42
79
62
55
35
31
32
60
41
42
43
40
45
36
57
46
67
45
48
43
58
28
60
31
41
44
80
40
39
44
71
63
50
64
67
35
77
72
37
42
84
51
77
52
53
60
59
58
30
38
66
44
49
45
42
37
41
55
33
43
35
35
54
43
48
58
56
49
34
76
26
81
59
35
54
66
52
34
53
58
86
73
38
54
70
43
34
35
46
51
60
44
49
56
28
53
47
49
43
42
44
26
69
57
66
39
37
53
43
52
58
48
53
35
37
51
61
67
74
56
57
39
56
43
51
58
72
42
50
47
48
46
76
51
47
34
44
50
35
67
54
85
28
62
75
49
47
51
45
92
57
46
25
48
42
55
56
32
71
60
35
46
55
56
57
29
51
50
35
63
37
52
59
44
39
46
46
57
52
54
42
67
32
64
44
29
49
80
55
61
38
56
52
36
84
30
55
104
63
34
41
74
48
43
45
66
39
57
51
48
54
35
48
82
50
48
51
40
78
49
75
43
82
53
83
41
44
47
54
65
45
45
43
50
48
45
46
49
54
61
61
68
40
44
42
57
72
35
28
41
50
46
33
40
34
34
74
41
44
37
45
44
45
35
61
71
79
53
67
66
67
61
50
59
50
44
39
54
62
57
53
46
51
41
54
46
48
58
27
41
39
46
49
48
52
57
46
45
65
55
57
59
54
51
65
37
41
48
40
58
67
57
61
57
52
56
55
30
36
47
43
60
48
43
46
57
57
58
42
46
47
44
32
44
55
39
73
42
38
59
42
57
59
85
63
79
60
57
35
42
34
51
65
55
55
50
52
48
30
46
52
73
52
61
49
38
44
55
62
41
57
54
73
51
59
55
58
49
71
47
57
58
37
49
46
44
53
43
61
66
35
69
37
57
37
56
77
38
32
35
53
48
57
44
45
62
50
50
36
39
51
65
72
75
45
31
54
35
54
59
45
65
85
41
79
53
38
68
60
46
36
37
42
32
45
40
66
24
48
59
74
45
56
32
35
56
33
51
64
38
29
53
53
33
39
60
38
54
39
57
62
55
33
60
44
53
33
86
60
49
45
44
64
61
23
50
36
86
48
58
19
50
73
50
36
70
41
31
38
42
39
48
57
59
44
51
40
75
57
54
51
64
51
52
59
57
53
32
41
66
59
45
51
52
45
59
65
43
52
75
63
38
27
56
48
34
33
58
85
52
54
53
44
32
77
40
48
40
55
57
54
54
66
32
20
47
46
49
52
51
36
52
39
52
50
79
72
41
37
31
74
47
46
46
20
40
72
32
67
61
48
93
66
46
48
70
63
57
46
52
51
25
43
54
61
45
93
52
65
42
50
69
61
72
83
41
65
52
47
31
44
40
48
51
51
75
50
42
58
35
47
50
76
55
49
41
64
46
43
35
38
59
35
49
48
68
60
38
61
29
35
60
46
50
50
52
60
51
33
76
69
43
45
49
59
41
42
40
43
50
62
62
49
65
68
36
33
66
60
61
55
35
43
48
71
42
66
58
33
43
55
57
63
29
55
47
54
36
39
52
25
52
57
44
49
60
53
48
34
62
42
51
34
38
47
34
51
48
42
67
50
49
25
53
43
70
67
29
39
75
53
45
43
34
58
58
57
47
41
46
45
56
47
66
57
45
41
52
51
40
38
46
52
65
32
34
43
34
54
63
56
33
51
49
58
36
30
39
49
37
66
39
51
39
46
46
59
54
46
63
41
79
47
68
66
70
20
57
31
39
47
47
50
51
45
61
65
43
43
47
38
34
33
34
44
51
59
54
32
74
40
54
60
61
60
42
51
31
63
43
42
49
70
41
34
40
49
42
23
85
42
55
65
43
57
43
42
52
74
44
48
60
36
81
61
53
50
40
39
53
29
48
47
53
54
36
57
61
43
53
36
40
43
55
25
46
65
63
26
49
43
46
44
33
38
50
39
54
53
62
51
61
62
31
48
35
40
54
55
47
47
53
52
57
49
81
52
42
35
74
24
38
55
30
53
66
38
52
60
72
42
35
43
50
34
44
39
64
67
58
68
53
54
53
43
62
42
58
37
41
46
43
66
51
43
57
37
52
50
49
81
43
42
41
39
28
29
49
53
40
38
82
45
44
52
26
45
27
38
49
46
45
51
51
42
55
46
41
34
58
70
54
55
47
50
48
63
41
43
54
46
45
47
51
28
24
43
60
59
59
56
33
73
41
57
58
51
40
65
69
58
49
32
