137
243
104
609
537
-1
870
128
82
210
223
150
155
856
254
460
52
751
103
34
214
68
358
656
136
585
106
626
79
473
51
205
63
567
406
47
-1
69
80
302
200
145
154
109
363
83
136
542
593
222
77
290
503
232
220
992
86
131
43
81
391
217
953
136
682
335
110
145
168
-1
98
111
101
422
74
194
108
26
196
1026
75
248
105
294
211
91
74
239
165
189
-1
658
235
91
156
617
112
290
150
264
51
188
354
550
69
74
68
480
-1
122
612
171
108
357
-1
51
58
-1
342
60
478
684
44
199
207
71
103
597
190
458
109
117
104
74
-1
213
126
553
115
410
-1
229
164
272
41
90
147
74
132
74
423
877
79
50
115
205
443
228
60
248
209
62
92
-1
112
-1
285
355
301
120
480
71
79
80
451
296
190
373
833
304
392
368
294
53
232
192
82
140
79
503
139
328
325
111
-1
38
510
452
129
519
173
406
-1
72
798
155
395
382
91
156
131
609
407
807
749
387
307
71
335
276
271
420
203
477
180
711
59
163
412
473
77
103
-1
93
592
360
74
223
125
165
802
-1
60
92
-1
-1
121
120
358
220
91
848
105
231
178
421
472
60
136
146
90
433
231
139
182
198
474
256
35
384
51
-1
136
105
159
272
132
-1
284
68
646
297
145
-1
198
595
106
384
108
703
98
116
191
363
202
300
147
351
80
419
239
148
105
86
329
94
-1
620
115
-1
240
358
136
80
120
622
566
50
833
175
593
302
372
938
586
41
967
133
508
722
168
-1
71
126
146
117
48
47
238
241
212
269
75
84
370
1011
169
164
150
545
180
160
97
473
732
973
244
188
235
138
78
333
100
190
754
70
565
426
155
255
79
265
-1
222
892
152
633
955
120
357
372
61
273
373
178
121
56
95
635
173
291
-1
137
198
82
165
72
171
43
125
103
194
156
249
923
346
317
248
48
154
77
230
859
158
234
107
97
436
691
215
283
144
270
69
898
225
71
-1
55
-1
531
319
103
760
189
184
192
126
207
807
516
418
73
94
237
165
512
175
598
95
272
-1
-1
115
-1
531
153
1023
735
496
121
96
67
730
299
63
145
236
310
67
182
626
750
438
414
245
124
1008
37
113
190
76
122
53
260
387
37
104
212
51
80
405
184
202
573
62
136
705
646
176
52
678
267
855
76
71
163
468
409
320
311
75
491
71
215
136
73
285
-1
89
300
488
748
196
626
-1
119
372
60
216
51
100
114
250
198
395
802
112
62
193
336
588
428
107
752
308
906
159
132
198
228
147
260
60
260
159
291
-1
191
-1
620
345
696
186
109
217
655
132
115
159
182
434
813
746
-1
739
193
290
-1
430
143
232
184
70
125
340
451
184
56
-1
57
81
126
613
45
50
97
365
445
93
65
228
166
358
52
139
296
-1
328
114
149
562
-1
192
205
200
145
106
634
476
50
230
91
97
252
70
62
267
-1
273
963
172
91
79
67
153
246
454
201
68
72
90
234
99
166
68
96
59
582
53
63
198
915
57
60
58
62
-1
-1
352
369
83
-1
158
432
88
198
61
193
-1
841
256
46
384
312
154
261
53
168
171
108
-1
435
591
524
43
163
204
-1
205
67
118
143
102
818
400
332
138
805
-1
1021
594
141
268
152
74
79
388
765
100
696
47
509
254
481
249
58
880
189
562
657
172
-1
288
110
772
265
208
82
607
78
711
63
380
-1
87
824
90
84
-1
378
461
-1
74
640
674
769
82
163
220
-1
580
61
209
112
70
487
-1
96
-1
999
-1
72
404
200
88
75
-1
382
468
272
468
89
132
94
78
70
82
50
102
92
798
147
743
-1
147
783
56
67
89
180
249
73
94
496
75
193
56
268
845
238
286
93
124
85
63
105
106
264
161
896
527
75
180
353
163
156
162
117
218
231
615
443
797
597
481
99
83
495
423
225
181
197
49
148
-1
68
168
148
176
39
91
844
285
76
758
273
612
935
188
181
76
262
181
143
547
312
-1
740
53
69
-1
466
296
82
319
69
45
249
53
78
142
171
247
61
621
95
215
89
413
614
741
213
572
251
-1
39
480
76
649
277
986
277
198
146
654
110
88
241
52
61
233
-1
282
800
603
287
-1
749
711
268
170
77
176
223
278
694
429
276
863
146
520
515
116
745
118
119
476
321
69
88
160
-1
348
60
56
205
536
64
90
-1
195
92
687
55
133
105
179
410
186
84
-1
394
891
163
57
301
51
277
433
362
48
69
79
465
144
90
718
42
329
212
101
58
186
121
444
61
-1
691
473
170
252
107
258
67
102
134
95
181
250
732
41
134
111
378
98
118
196
193
108
650
345
-1
176
240
-1
291
64
740
44
242
-1
217
79
327
90
261
125
876
-1
114
503
106
124
83
197
54
672
211
105
812
79
312
203
211
592
376
183
82
359
314
477
112
-1
869
648
-1
108
136
526
920
127
424
61
-1
47
-1
100
61
-1
196
198
73
715
88
124
152
310
971
49
267
691
102
115
-1
-1
136
-1
269
330
116
206
86
73
-1
-1
243
397
61
108
100
-1
41
801
414
364
622
681
61
993
361
-1
109
376
-1
578
103
225
44
123
63
645
379
158
342
190
618
576
651
216
89
36
110
98
611
153
708
38
565
89
938
77
404
88
79
726
106
137
198
538
341
-1
311
579
44
47
405
295
998
98
185
-1
702
225
175
47
521
530
50
552
394
269
558
233
85
390
182
64
1030
522
611
421
-1
595
76
-1
316
162
89
435
76
417
201
866
697
257
68
139
60
57
156
172
405
784
458
73
130
85
430
362
136
85
866
846
261
832
316
199
316
140
240
64
67
690
75
198
475
212
70
394
246
-1
522
42
151
188
107
459
743
501
498
187
91
674
768
80
266
869
212
102
146
75
184
326
975
358
166
383
234
249
268
610
64
169
45
70
87
202
-1
46
87
118
248
160
157
214
325
202
283
220
543
59
389
1005
-1
871
296
117
633
128
515
689
735
418
-1
78
907
163
804
77
162
68
63
42
120
211
32
392
121
81
72
188
-1
51
155
733
468
214
779
333
84
68
394
41
211
256
78
77
44
522
69
-1
573
112
79
148
300
68
994
351
46
287
817
110
-1
115
-1
194
307
800
631
733
73
-1
213
91
392
261
34
115
62
177
48
240
77
390
76
309
229
368
886
799
58
516
103
82
142
552
307
33
132
54
89
147
548
76
953
530
132
319
92
81
286
85
668
79
107
561
628
386
572
323
193
366
231
146
153
470
75
1023
995
266
55
198
241
115
45
812
134
799
963
28
63
101
607
193
-1
88
150
198
210
84
610
121
225
227
193
-1
584
100
160
112
119
713
74
578
213
91
621
59
429
133
131
416
314
673
310
484
202
319
279
91
414
587
56
59
108
544
97
58
279
998
-1
145
91
101
227
335
89
708
384
167
432
153
597
128
121
166
285
67
59
350
100
-1
191
472
620
710
282
281
-1
130
770
-1
230
156
660
83
296
76
42
-1
408
-1
120
384
189
279
85
-1
55
74
404
477
817
205
223
755
433
71
685
-1
220
60
150
384
172
136
87
193
84
235
51
225
281
69
342
64
52
648
126
504
657
62
249
89
664
469
97
-1
65
587
624
181
90
110
28
192
96
120
388
228
245
319
-1
437
64
317
346
179
55
278
352
83
311
101
67
168
72
-1
119
88
188
101
158
543
72
-1
-1
352
65
39
90
755
60
141
832
699
63
144
83
81
123
102
734
58
201
39
94
-1
419
198
73
146
60
73
537
233
144
63
166
402
70
321
85
235
658
101
-1
197
-1
544
217
803
47
50
54
257
342
64
-1
184
417
211
-1
96
97
546
49
60
231
299
76
714
292
506
171
-1
297
320
631
396
641
234
288
63
210
378
625
340
720
505
514
220
66
234
958
211
949
178
248
78
246
724
208
309
63
582
444
296
838
539
230
274
648
69
440
128
346
116
662
82
352
205
306
34
424
310
160
509
418
201
84
274
260
342
227
198
272
42
61
463
255
248
259
640
59
513
349
95
-1
126
205
-1
185
178
325
361
57
270
159
-1
85
60
455
622
377
179
71
-1
40
133
84
-1
283
-1
381
313
92
1001
53
73
377
57
175
183
238
93
57
223
156
61
114
276
151
105
408
231
679
372
220
70
473
39
333
147
515
738
363
647
970
71
201
-1
702
-1
101
135
-1
108
757
83
247
458
81
50
821
413
-1
-1
187
812
98
54
-1
404
108
489
320
226
101
320
64
625
666
357
117
553
533
84
280
248
326
-1
564
681
147
117
-1
713
-1
850
342
239
705
304
145
173
163
-1
427
-1
971
388
379
412
595
374
329
127
560
179
356
64
57
-1
166
184
153
91
255
58
109
371
348
80
434
812
82
-1
183
246
290
844
94
54
256
518
306
62
301
292
226
384
162
89
134
932
476
279
56
612
253
272
133
53
90
474
86
232
242
671
145
-1
57
262
911
430
81
494
67
898
72
726
114
338
202
152
275
480
834
70
107
69
526
191
240
542
94
324
579
873
-1
266
233
685
139
212
362
61
92
403
91
419
110
49
490
946
218
39
328
456
217
82
112
165
621
40
858
45
72
221
498
567
-1
246
174
112
982
323
55
220
304
621
527
144
46
217
346
219
101
183
-1
64
66
84
209
115
712
127
964
73
113
125
467
620
172
114
879
312
553
72
58
389
152
111
207
60
427
284
850
-1
49
113
780
314
74
229
107
329
-1
281
84
200
102
124
243
76
511
633
86
53
932
376
352
147
87
512
689
237
257
94
151
229
55
-1
929
208
71
50
602
332
103
184
800
387
435
244
618
338
281
255
67
-1
47
391
251
566
67
92
67
445
109
139
239
145
83
49
533
452
197
232
816
95
194
134
371
53
107
44
423
884
1033
95
251
161
48
183
59
326
360
208
63
82
70
118
211
89
305
58
209
372
188
252
113
175
78
658
102
69
155
739
139
246
665
49
131
51
465
329
174
481
323
40
732
47
-1
75
59
109
110
652
508
58
223
247
324
1023
80
134
935
51
111
73
132
131
-1
193
858
642
639
43
262
561
753
-1
286
136
250
69
104
673
85
144
-1
217
149
406
74
631
534
351
489
200
103
744
596
174
97
202
162
331
221
85
72
146
77
714
742
359
-1
435
405
194
79
274
498
463
47
368
622
93
229
167
530
41
604
-1
707
206
266
722
66
236
350
500
62
358
73
477
864
446
73
490
293
52
409
1005
81
157
146
386
68
448
114
402
329
136
287
193
903
459
197
80
145
108
-1
66
551
-1
-1
-1
-1
77
252
194
627
536
448
81
95
594
68
137
65
60
312
78
403
139
149
68
468
340
667
-1
166
256
-1
158
495
473
67
210
677
99
-1
121
585
346
252
364
383
57
93
164
117
198
65
556
333
214
77
411
118
509
470
209
145
57
251
586
510
943
583
518
216
429
885
273
162
141
215
60
575
380
102
485
60
699
452
112
127
143
121
55
399
617
-1
84
252
711
399
591
419
211
66
278
736
519
204
601
181
587
953
50
174
856
110
-1
68
622
110
637
402
172
-1
248
335
702
774
-1
107
89
224
82
44
590
69
187
225
361
194
607
970
377
402
204
306
460
59
518
600
903
294
487
54
196
231
724
56
83
680
280
150
239
320
336
65
384
562
-1
-1
170
78
222
596
535
392
600
104
-1
-1
1005
697
33
-1
348
211
250
87
127
86
58
42
352
618
987
124
464
493
54
-1
-1
165
965
529
580
583
410
216
165
692
197
223
97
85
890
393
67
70
92
269
237
155
435
116
681
717
476
203
296
-1
119
152
200
64
135
220
97
142
169
268
703
604
201
152
82
257
110
393
872
155
614
83
257
541
296
133
100
51
121
269
111
61
-1
543
951
98
729
418
283
70
131
-1
713
264
403
277
273
68
188
591
101
211
143
460
-1
126
-1
481
144
-1
54
57
97
91
49
90
260
138
704
241
408
282
-1
130
80
192
232
366
900
285
-1
70
144
488
220
52
644
369
115
38
97
68
464
361
-1
87
251
811
110
173
481
179
718
106
315
-1
453
197
88
155
186
194
233
134
116
116
101
789
215
381
138
99
58
426
358
187
424
379
140
753
164
82
73
263
56
-1
820
296
-1
78
117
86
471
-1
969
91
183
617
120
283
706
81
582
103
441
70
582
449
509
-1
131
296
35
315
390
107
324
101
101
62
-1
159
178
196
71
68
1018
264
184
299
40
82
188
-1
527
624
133
493
122
363
251
333
335
267
114
326
180
93
234
65
233
380
747
436
274
151
92
126
580
92
369
65
600
307
308
361
128
75
382
-1
236
274
383
129
84
423
107
220
240
61
439
87
784
90
550
395
624
91
586
292
84
445
205
130
252
427
400
840
970
92
-1
253
69
117
164
105
248
708
64
72
116
-1
153
126
43
-1
494
630
347
426
413
48
603
68
254
584
200
281
528
240
394
94
439
483
179
253
124
55
307
-1
128
114
133
51
126
-1
101
239
715
53
415
66
656
385
241
317
166
435
100
155
159
105
361
176
59
171
423
215
95
299
78
-1
138
69
71
106
302
270
89
322
98
58
130
652
334
84
394
79
73
358
-1
164
149
-1
200
59
148
551
273
685
154
659
568
279
575
424
210
78
202
166
85
92
296
74
91
219
-1
292
193
325
428
881
155
721
137
-1
53
330
118
144
426
335
836
462
152
409
57
-1
-1
342
280
226
315
244
537
407
420
-1
540
93
196
71
304
361
741
-1
590
125
186
276
595
119
62
164
231
-1
249
-1
560
168
536
554
80
451
336
-1
71
109
66
117
238
72
925
79
203
37
191
180
644
91
61
673
97
-1
61
694
674
52
753
627
216
81
183
51
723
424
131
117
296
135
-1
296
65
780
631
626
792
270
658
197
337
79
65
147
371
52
72
158
170
151
881
494
379
275
-1
507
337
375
38
126
109
206
423
168
80
289
82
48
79
299
265
74
123
-1
142
470
