137
569
205
77
352
110
339
650
685
773
651
-1
849
124
353
427
775
994
284
-1
467
468
860
384
244
291
264
102
221
75
-1
251
-1
145
461
456
200
432
227
340
90
100
55
130
98
121
74
424
828
110
398
106
55
485
68
982
392
273
715
169
59
54
282
107
364
65
80
163
54
650
267
86
68
193
104
279
39
442
730
-1
86
86
213
77
195
103
229
164
409
155
233
70
216
222
329
768
200
132
318
296
230
228
138
82
84
56
220
249
55
108
805
122
-1
74
120
106
1004
315
855
-1
-1
128
263
874
52
173
1014
291
857
113
243
175
805
719
616
47
161
302
561
75
743
200
114
-1
83
226
892
-1
832
322
106
63
833
1017
136
455
181
48
473
178
809
56
277
172
677
214
287
534
148
109
594
532
169
204
484
273
389
313
716
220
-1
70
113
341
104
268
101
382
210
-1
300
623
535
695
666
249
67
1006
82
357
132
-1
112
638
90
45
49
117
102
779
42
251
-1
232
-1
152
704
612
91
795
201
228
113
152
481
54
406
87
236
233
609
167
115
897
178
-1
75
62
74
56
-1
82
102
84
108
72
886
415
343
94
183
468
151
-1
449
537
82
165
241
349
110
390
202
592
238
-1
133
-1
386
-1
91
820
208
240
228
825
-1
233
287
145
271
-1
157
69
278
-1
206
240
60
62
896
60
102
151
219
345
-1
60
55
1021
76
226
708
290
717
-1
133
218
449
344
689
848
-1
89
72
784
184
89
511
201
498
90
690
727
325
722
168
-1
119
359
236
126
189
121
236
327
42
151
82
-1
422
48
-1
674
66
54
335
99
85
243
836
115
111
56
562
-1
83
278
247
108
317
230
107
101
95
208
1021
768
135
615
587
334
151
469
233
33
260
192
450
62
169
-1
641
94
65
326
118
324
242
136
91
50
50
431
124
99
67
64
132
