999998893
999979311
999966738
999949350
999936392
999920482
999910010
999858088
999843740
999820110
999770749
999753956
999749914
999743784
999695742
999657553
999651276
999622681
999617831
999568977
999547453
999542734
999529733
999519317
999472762
999460372
999429835
999394143
999385212
999373800
999368704
999343315
999315661
999296475
999290492
999248097
999244139
999221550
999214642
999199282
999184413
999183732
999183526
999175589
999156175
999139922
999132290
999124826
999122281
999117158
999105326
999102584
999099404
999087233
999042419
999021723
999018686
998987031
998966388
998959491
998947474
998936521
998929952
998918776
998894744
998889234
998832188
998827819
998814455
998782630
998780289
998773873
998758394
998727824
998689235
998677403
998671833
998664428
998660805
998659087
998636866
998629210
998615344
998601605
998495318
998487714
998475390
998453023
998443307
998436816
998424404
998417601
998405860
998390645
998382378
998364309
998350995
998330260
998319554
998317282
998303589
998292038
998235720
998227537
998192635
998180837
998172671
998162612
998160720
998144925
998134451
998074168
998054159
998041060
998039774
998023410
998011680
998001337
997966260
997951462
997947255
997938055
997925728
997922665
997915643
997909940
997905082
997867904
997849364
997849139
997827023
997809573
997778073
997770377
997748965
997728541
997727289
997715413
997689843
997679559
997664697
997658504
997653198
997652851
997651267
997638593
997623525
997606639
997606321
997603636
997602284
997578551
997574877
997566520
997560877
997557053
997532749
997522289
997521415
997515846
997512376
997485630
997478609
997453321
997450693
997439619
997425645
997361890
997350401
997347821
997343092
997329950
997299306
997265907
997261038
997258934
997197361
997187933
997163784
997155529
997133766
997130756
997099976
997057080
997053515
997033732
997007220
996999759
996976379
996954936
996948418
996930260
996917107
996904856
996894609
996874866
996865389
996860669
996830487
996813771
996807018
996804506
996798832
996785881
996764081
996758021
996754963
996717335
996712405
996689844
996665116
996558316
996546444
996526907
996523323
996485208
996427698
996411485
996391097
996390025
996386706
996361073
996347453
996335634
996331902
996328252
996315038
996294486
996278756
996255308
996251482
996237304
996232839
996205231
996169215
996146496
996131533
996121962
996120751
996119207
996106111
996105477
996095132
996081736
996044128
996030317
995988819
995983181
995958643
995938884
995937920
995931098
995908993
995887551
995870507
995863264
995842023
995841259
995834501
995817417
995803950
995778482
995770502
995736029
995721660
995706073
995687723
995681531
995648005
995625496
995605930
995578825
995578309
995572625
995564840
995563576
995527440
995515025
995509699
995489500
995480190
995448086
995434828
995428811
995402151
995386209
995357300
995347478
995330353
995306875
995278367
995263523
995259596
995253205
995250999
995229466
995213303
995211238
995201592
995197316
995156955
995148541
995145967
995115035
995096457
995093403
995084208
995072043
995070359
995044801
995013410
995010408
994995242
994962291
994945829
994932709
994915820
994900422
994885325
994856028
994828906
994811912
994803273
994790132
994785369
994783309
994768150
994687161
994676801
994665722
994635767
994635277
994627673
994618646
994600541
994584973
994584865
994578420
994553792
994552465
994518286
994517718
994494658
994483281
994419123
994385470
994373397
994351174
994345967
994315455
994308254
994305909
994283982
994273884
994261534
994249114
994237376
994215000
994200098
994178732
994147334
994135908
994135852
994130604
994094379
994076502
994076500
994027495
994025520
994022161
993981316
993958379
993957061
993952563
993929404
993894655
993891497
993884939
993838663
993831145
993827554
993820381
993818776
993793143
993767357
993757319
993740077
993732563
993728055
993696756
993684043
993658775
993654002
993631648
993628304
993625547
993592882
993577270
993554829
993543314
993516666
993509068
993493259
993466323
993465637
993465552
993464040
993462472
993444367
993435937
993435234
993432414
993429428
993421530
993395671
993391764
993386269
993369636
993356040
993332899
993332239
993308315
993280423
993241878
993241394
993219033
993203031
993180441
993164794
993146563
993132302
993082933
993072542
993062208
993052211
993049036
993023966
993009322
992983705
992976606
992931205
992926992
992921980
992919949
992904064
992878034
992877100
992866784
992857051
992839477
992817280
992815639
992815569
992798257
992791482
992783944
992756088
992750635
992743467
992735599
992715583
992713905
992662655
992655416
992645529
992636308
992635104
992609777
992582509
992572479
992567945
992530731
992530194
992506475
992488477
992469742
992466377
992465130
992461397
992454811
992423828
992390875
992373145
992371002
992358975
992347952
992308763
992269427
992252742
992237664
992220171
992213406
992177578
992161529
992137172
992109850
992095303
992092763
992021254
992012404
992002695
991954111
991912402
991896477
991859214
991853492
991823159
991809621
991784483
991777156
991727392
991677163
991631893
991631364
991574060
991533034
991520080
991507666
991501539
991493535
991478912
991464564
991462187
991420282
991387975
991361651
991350085
991341379
991315541
991297793
991291173
991268504
991254356
991226740
991215285
991202328
991195973
991190362
991189225
991189183
991172445
991170544
991151866
991122546
991099644
991089782
991077862
991068256
991049863
991048836
991041642
991022524
991000136
990977038
990945909
990923591
990915349
990912401
990909340
990904541
990899406
990883974
990825930
990820985
990803140
990787095
990734346
990717204
990707506
990701186
990680999
990649084
990631653
990590613
990562414
990558989
990548494
990545890
990538388
990530374
990524688
990497034
990495475
990493110
990491376
990473775
990472816
990468144
990456872
990448103
990437022
990425223
990391833
990308320
990289403
990278596
990269112
990251997
990250936
990245403
990240270
990233189
990218345
990213850
990167402
990166093
990156032
990132890
990124837
990122689
990100964
990056765
990043202
990040056
990038204
990025734
989979885
989973885
989940552
989932054
989931458
989919063
989908582
989889408
989886194
989819581
989798772
989791226
989768135
989714414
989710684
989710646
989664582
989653390
989649952
989614440
989610763
989590931
989590593
989583561
989571013
989543483
989541840
989524684
989516418
989458965
989454440
989442819
989401147
989381380
989319787
989295540
989292291
989284934
989238737
989237656
989194686
989192549
989192243
989182842
989173921
989159258
989143766
989129158
989111249
989064417
989051887
989046747
989033930
989030568
989030332
988989508
988916056
988901904
988867618
988856936
988808989
988806923
988768358
988760991
988729086
988725097
988710386
988686595
988679039
988661490
988661112
988607117
988606169
988599747
988593306
988586369
988551256
988522182
988515465
988494416
988483492
988472015
988460337
988436098
988418198
988401347
988395456
988378381
988367450
988366348
988360688
988352006
988327986
988313255
988295747
988294297
988287290
988279748
988257889
988245308
988237995
988216207
988215284
988181941
988180653
988175143
988150830
988146703
988124092
988110192
988107566
988087909
988060817
988060518
988043758
988028736
988014105
988012338
988002339
988000326
987990256
987960911
987959719
987911887
987911883
987910471
987904461
987901402
987877986
987851407
987844233
987807713
987786901
987759927
987747523
987719042
987694519
987686866
987685185
987645795
987632029
987613729
987611540
987604162
987600079
987581215
987580156
987558496
987525257
987497703
987490248
987488504
987478173
987446085
987442795
987441944
987412639
987304130
987303552
987254343
987239754
987237282
987226650
987176779
987148136
987139811
987131646
987129551
987126060
987107377
987104110
987092148
987091231
987073520
987058984
987058330
987007151
987005496
986985998
986977494
986969570
986965787
986937184
986926594
986925265
986920145
986888235
986849109
986822016
986812839
986798009
986794079
986772834
986744377
986738374
986724806
986717310
986692880
986685738
986663751
986658115
986637360
986635866
986626105
986615367
986587149
986554484
986538597
986516317
986511247
986477572
986458832
986453253
986427141
986414870
986403591
986371572
986338683
986332544
986328167
986314956
986301355
986300132
986300104
986291306
986264510
986252838
986233307
986227145
986214895
986212647
986204182
986194615
986175739
986170960
986159063
986155176
986136829
986134558
986104075
986097521
986085397
986062951
986036867
986029358
986023516
985999258
985990597
985988435
985983904
985952990
985904521
985893018
985890440
985871943
985866236
985840806
985823240
985809235
985807001
985803777
985795517
985773779
985752166
985738629
985735670
985712403
985703204
985699677
985694325
985691629
985678279
985646111
985642393
985638507
985612998
985603131
985564424
985563113
985546035
985540476
985535078
985534798
985516067
985484620
985466935
985449346
985410093
985407657
985394969
985388153
985386347
985364140
985337395
985327755
985323812
985321873
985290392
985277396
985261720
985260161
985245510
985236934
985230020
985225455
985221633
985220187
985214540
985203755
985190708
985178914
985155450
985150431
985133073
985114539
985072081
985062898
985057612
985005356
984999305
984980568
984961945
984960618
984957438
984946837
984942638
984929669
984929262
984901836
984887168
984866479
984834989
984791904
984774357
984766060
984725756
984713050
984707171
984702762
984696811
984673664
984639903
984631446
984602151
984590014
984585203
984563038
984518967
984510684
984485440
984454645
984438061
984428858
984420988
984398485
984340484
984324121
984307048
984300638
984299475
984258378
984224072
984199701
984156561
984141036
984124703
984121115
984119791
984087952
984083844
984064690
984035033
984033544
984027281
984019550
984016961
983972942
983962259
983961593
983938659
983919809
983906373
983901127
983888351
983875232
983869559
983825064
983821515
983812767
983777788
983762610
983735946
983723693
983661149
983655943
983654337
983630348
983628400
983618536
983611788
983608334
983591631
983582686
983575524
983564242
983553074
983536892
983528239
983519784
983492806
983492283
983469370
983450200
983437881
983404444
983400095
983396938
983374507
983373940
983315086
983310415
983232648
983203046
983161686
983153594
983147957
983134729
983108848
983105348
983088163
983048690
983033607
982976837
982915844
982905056
982892601
982847155
982843283
982816089
982779668
982761966
982718239
982691754
982686633
982646183
982630430
982601129
982556546
982522808
982507436
982494917
982465221
982430409
982425576
982424944
982417731
982416630
982392894
982389445
982380568
982365660
982353289
982308053
982287451
982252560
982251026
982218760
982215509
982210350
982204718
982203788
982192023
982163263
982155126
982133623
982124303
982117577
982105900
982087624
982062474
982051633
982030555
982028534
982018012
982004371
982003097
981992121
981980061
981943147
981912705
981889828
981886895
981863516
981856956
981839900
981827806
981818284
981790321
981787216
981781020
981772602
981748391
981714377
981659519
981642498
981616860
981597213
981563938
981547224
981524297
981511494
981504744
981470994
981451058
981440578
981432790
981404709
981404660
981396020
981380919
981364785
981325043
981311667
981309980
981300539
981276679
981275297
981268957
981248489
981229387
981193675
981182996
981139163
981104694
981059182
981039037
981000416
980977315
980963896
980940786
980939447
980924179
980919801
980913556
980886745
980883089
980859968
980849194
980834240
980820665
980810992
980737911
980736109
980726595
980722787
980715623
980708780
980699766
980643139
980633264
980604692
980591464
980580310
980553152
980548773
980542249
980535084
980526181
980518674
980489520
980449563
980446821
980400599
980400470
980378487
980371028
980359713
980354915
980347805
980331234
980316701
980309404
980282477
980280261
980254086
980239192
980216099
980215543
980170530
980163865
980159137
980129401
980120219
980103462
980074640
980044451
980019955
980012591
980008947
980008686
980002993
979997148
979976455
979972424
979947713
979929503
979909247
979907973
979891434
979882897
979870057
979865527
979862684
979837500
979827111
979822041
979821480
979798560
979789229
979788736
979750776
979728206
979704454
979691265
979664694
979657784
979650385
979649197
979633765
979623684
979619761
979619608
979587900
979583382
979556562
979553136
979534859
979533863
979524852
979504552
979503726
979464613
979425636
979392585
979383802
979347742
979345651
979316248
979283235
979280231
979253048
979249820
979239018
979235695
979175185
979145163
979124026
979119202
979093031
979085264
979071031
979065468
979030592
979028725
979024732
979005367
978996773
978990058
978972714
978950288
978943467
978940662
978930443
978917977
978905559
978900686
978882150
978852120
978838667
978825907
978796007
978791805
978771373
978762058
978750545
978726880
978682375
978666167
978651801
978610705
978605865
978598947
978584948
978584548
978560285
978546633
978535980
978503152
978493086
978490561
978482074
978476556
978471765
978434086
978427650
978382934
978358165
978329287
978313840
978280972
978280532
978274335
978267527
978244932
978232160
978226562
978195141
978173130
978154532
978124808
978121412
978104598
978077345
978063894
978047569
978044412
978008752
977998645
977951632
977943447
977928916
977922523
977919110
977912566
977895549
977880656
977873987
977865914
977836788
977819949
977782553
977776525
977749985
977733170
977727006
977688103
977679074
977674410
977669934
977638132
977634758
977631412
977585819
977584993
977577290
977572998
977565569
977511733
977505053
977494215
977475747
977462198
977441590
977408994
977403024
977385630
977326848
977324058
977320006
977317561
977301764
977262905
977247980
977164592
977147331
977126974
977109728
977091289
977074897
977072080
977068650
977067115
977061925
977050394
977028410
977008422
976998706
976982358
976973344
976958595
976943256
976933266
976924321
976922112
976920928
976903869
976886423
976884873
976860198
976859565
976840460
976830575
976817625
976815548
976793491
976787096
976782852
976774292
976765244
976764677
976764504
976760932
976730814
976712612
976701861
976697150
976691454
976669386
976652700
976648115
976646279
976619510
976609748
976604958
976600806
976573665
976534223
976518836
976488222
976475288
976466296
976445368
976428500
976412232
976393401
976363822
976334337
976316601
976287278
976285394
976229694
976204213
976185428
976177752
976162114
976141564
976115469
976073215
976035601
976029004
975995859
975965891
975925856
975919879
975913723
975911084
975890543
975886661
975880077
975871208
975838596
975822915
975807509
975805442
975792846
975780759
975761350
975723142
975716091
975696874
975688285
975677820
975667547
975625549
975616963
975522899
975481703
975459979
975436357
975425886
975417554
975380192
975361263
975318394
975295121
975258115
975254496
975245492
975235621
975203973
975198097
975172360
975149840
975148539
975109598
975109161
975072240
975043685
975024963
975024318
975009583
974998737
974991686
974986875
974970287
974964320
974938354
974903088
974900080
974891110
974870115
974858692
974833083
974832757
974817970
974803599
974800543
974797629
974794686
974760859
974724634
974677580
974677189
974663517
974649530
974630544
974622228
974618731
974607809
974558122
974510893
974486264
974471587
974454023
974427667
974424683
974387775
974369929
974362448
974341602
974331305
974303983
974229136
974195203
974185369
974181354
974179803
974170475
974151412
974149615
974133571
974126642
974101452
974091799
974083347
974068817
974046427
974044014
974021476
974017822
974003279
973987658
973972632
973933279
973929084
973915620
973909601
973899568
973892477
973881575
973842921
973831067
973822772
973822147
973805013
973794327
973775741
973766000
973718920
973697532
973676858
973674787
973654241
973642621
973641082
973612203
973595887
973577204
973566519
973548409
973544118
973525893
973513964
973486999
973454936
973443291
973424791
973400856
973371030
973361390
973354189
973352812
973324659
973309951
973267585
973260864
973250098
973247668
973245019
973240452
973228992
973222043
973217707
973208923
973203936
973160341
973122367
973121517
973104625
973097667
973078268
973076892
973062374
973053779
973050679
973043238
973041280
973040806
973015297
973003566
972994399
972979668
972959497
972957508
972918358
972891030
972876452
972842480
972836611
972769145
972715421
972701129
972693739
972652347
972649909
972646953
972614845
972594414
972544926
972521040
972519611
972504724
972496872
972493527
972475756
972457708
972441796
972421668
972420288
972367314
972325388
972316241
972313175
972313104
972248917
972238623
972234442
972195826
972176361
972156981
972153775
972132935
972120249
972095354
972073083
972036684
972030374
971983855
971968462
971950843
971925699
971924352
971889635
971866945
971839291
971829659
971799196
971786379
971733720
971700969
971695125
971685469
971662127
971640484
971626384
971587407
971564892
971560612
971538095
971533321
971524573
971520107
971518923
971513358
971506446
971493401
971476106
971459172
971427481
971417534
971393070
971383676
971375132
971368659
971357331
971336057
971326132
971317186
971303373
971271931
971265209
971248570
971243144
971205163
971199410
971184837
971177837
971128586
971120329
971095978
971081329
971055851
971047091
971045857
971021115
971020375
970967783
970932114
970925070
970899519
970885063
970822776
970818321
970815665
970792469
970771299
970747436
970745558
970721670
970708148
970706874
970703851
970677324
970577215
970554485
970544328
970541642
970537111
970519660
970507884
970503276
970501623
970483320
970476276
970401692
970394463
970385668
970373717
970358002
970353996
970352221
970304168
970275007
970272502
970205980
970196859
970152765
970138039
970117933
970115620
970088555
970085619
970072879
970072166
970029527
969998279
969997779
969989093
969982634
969979268
969974671
969936777
969860877
969848693
969788534
969786467
969784074
969752973
969745981
969743780
969724889
969715284
969714770
969707221
969706629
969671781
969660645
969650982
969635993
969583176
969582513
969570054
969557653
969534718
969507605
969505532
969490231
969480873
969479021
969467233
969456248
969434947
969427089
969415781
969410214
969408308
969401469
969385643
969370347
969351842
969339728
969325524
969274526
969272674
969240071
969230882
969210111
969198727
969193938
969186331
969179071
969168063
969152859
969138156
969133843
969114298
969070926
969065252
969038037
969031147
969017274
969014292
968980605
968979523
968977787
968967031
968961526
968945092
968932137
968912587
968905616
968880487
968849945
968847470
968845469
968837410
968821723
968810455
968796889
968768267
968758573
968734787
968710806
968710022
968707122
968703428
968688635
968670855
968665026
968662456
968651606
968646894
968625511
968606165
968581884
968552947
968508887
968499558
968475532
968446690
968433021
968406313
968399615
968381653
968377683
968354509
968326921
968315208
968304689
968292037
968281774
968279013
968244938
968233164
968221542
968221479
968215501
968209038
968201424
968193177
968159528
968118054
968116401
968084490
968063686
968058672
968003430
967957559
967930054
967924566
967923937
967913353
967906106
967866899
967838250
967824464
967812878
967812296
967806173
967746025
967738840
967736151
967735823
967721953
967698076
967666998
967646471
967629577
967619040
967609742
967589807
967570238
967561022
967559703
967553506
967547671
967529666
967506232
967506163
967483668
967449668
967421227
967380136
967360486
967353598
967345664
967336024
967314182
967302360
967298725
967286580
967260457
967234532
967229976
967210628
967195304
967177062
967158330
967107884
967087982
967078410
967072861
967006306
966971763
966918752
966914428
966910322
966891658
966837248
966805776
966788026
966744776
966705477
966696475
966691985
966644853
966624390
966619776
966617522
966588125
966547561
966538569
966534193
966506248
966495245
966476024
966431896
966424305
966383858
966379295
966372964
966339432
966326067
966297472
966275058
966266117
966259762
966248755
966241574
966229562
966192189
966189744
966177791
966175492
966173280
966151410
966146706
966136718
966119528
966088949
966088738
966042607
966036025
966019122
966003483
965985212
965947975
965946149
965937505
965913410
965909209
965895680
965888958
965875631
965866469
965865014
965847903
965847004
965828206
965813321
965782545
965770890
965718239
965701181
965691546
965685534
965677976
965672237
965662990
965643726
965607984
965592384
965591283
965561266
965560688
965556533
965532297
965531399
965529367
965526811
965520566
965499342
965497704
965477641
965459287
965451856
965432175
965417117
965415900
965396373
965378457
965368732
965352888
965344760
965335061
965331821
965316005
965312349
965292140
965273193
965202397
965197387
965188438
965158862
965158095
965145942
965114962
965092834
965086784
965074065
965072304
965051962
965049227
965042208
965039367
965036037
965026972
965004204
965001891
965001453
965000958
964995616
964957840
964936168
964930588
964927398
964918523
964914043
964912901
964902976
964902742
964891412
964886093
964863566
964843098
964779615
964758754
964743932
964734142
964708619
964676770
964633298
964621752
964612426
964599250
964593671
964576929
964569949
964517548
964507534
964490891
964482261
964458872
964458009
964456390
964442281
964439215
964434753
964421799
964401667
964395171
964370386
964352602
964352449
964352187
964351084
964339454
964335534
964320150
964313938
964308667
964287142
964231866
964228607
964204914
964182458
964175009
964144849
964137773
964133330
964108544
964108254
964076324
964073472
964059562
964056912
964031484
964022788
964015485
964011746
963999426
963989707
963985350
963966725
963911886
963909131
963871386
963839105
963816314
963807810
963798176
963782547
963768516
963734743
963722933
963705917
963699352
963684967
963670958
963658301
963631387
963627343
963624296
963623835
963617300
963568752
963516403
963510508
963496021
963449470
963416558
963392727
963377371
963375092
963360078
963288770
963235544
963233943
963229496
963218825
963166383
963091514
963080127
963050322
963036955
963017962
962967767
962954584
962928132
962894699
962875383
962869617
962867012
962843244
962819462
962810549
962797539
962769254
962721377
962695585
962668162
962641755
962631401
962613517
962546864
962542073
962492762
962489449
962474085
962459079
962455546
962446395
962440205
962419148
962378043
962358452
962329085
962311358
962298788
962294729
962280460
962254236
962249433
962213607
962204892
962183012
962171946
962164896
962157584
962153889
962124573
962111712
962101696
962094526
962071660
962055668
962044737
962001136
961953265
961942316
961929932
961893929
961828460
961827061
961776994
961773439
961762249
961715641
961696327
961682558
961670320
961655951
961651876
961651072
961648736
961637374
961630211
961622115
961567157
961536739
961531633
961464822
961446804
961421095
961401723
961366541
961348999
961332739
961316617
961301052
961295954
961292243
961284937
961245095
961226253
961211193
961202199
961155603
961150592
961104995
961083775
961066762
961029109
961023916
961021029
960971050
960963204
960946050
960943625
960937869
960907759
960901525
960899428
960892146
960889093
960873949
960866178
960847613
960840914
960815924
960811402
960787857
960771263
960752999
960739081
960717208
960710748
960698102
960694240
960665077
960661858
960660868
960625566
960620671
960615379
960596973
960568999
960529640
960524585
960474112
960461328
960448614
960447140
960424638
960421014
960412470
960406868
960383876
960360835
960339543
960315645
960308407
960269292
960257136
960212823
960204934
960200665
960179302
960150582
960115223
960095229
960083931
960072475
960039951
960029715
960009956
959992490
959984947
959962641
959911021
959896096
959834920
959779554
959774130
959769826
959749518
959735912
959729130
959718384
959705028
959687801
959684437
959679835
959653122
959638325
959628744
959602864
959591112
959576860
959576522
959574877
959565947
959564630
959564389
959558101
959554889
959543757
959510464
959485066
959477424
959472255
959468835
959463737
959461859
959445896
959445143
959435014
959428806
959408036
959406191
959357944
959356070
959330513
959314033
959290647
959265074
959262566
959227947
959226642
959217987
959214844
959191711
959182379
959149024
959124436
959121698
959098127
959096775
959088999
959050771
959041224
959002936
958999737
958981691
958958804
958943669
958936641
958913101
958897984
958860377
958858256
958856355
958846263
958841955
958788708
958781095
958761490
958759626
958729256
958703150
958694996
958649223
958648650
958610231
958589297
958544119
958534962
958518525
958516707
958513317
958490006
958474586
958460552
958453891
958449827
958439301
958416614
958408908
958385089
958381327
958355133
958348544
958332348
958320704
958284412
958248268
958191008
958180654
958178055
958178004
958162784
958136281
958118525
958103498
958085563
958070874
958036516
957993083
957987940
957984381
957966543
957939318
957911447
957891344
957865124
957848777
957846983
957828651
957822523
957795328
957773493
957766333
957757305
957718167
957681526
957642898
957609411
957603845
957570785
957568368
957535096
957494896
957480759
957471202
957465834
957460049
957445435
957421271
957416198
957381874
957371831
957354773
957351367
957340836
957336354
957307550
957283755
957220036
957206407
957151736
957114605
957075146
957056980
957029763
957014044
956977354
956967932
956957490
956954574
956948423
956929079
956921663
956884748
956878952
956872067
956855292
956828158
956791813
956765097
956752533
956725879
956709179
956697518
956664439
956648898
956631189
956614490
956608069
956606721
956600350
956580418
956553252
956490900
956475996
956466074
956443194
956426287
956396266
956389942
956361132
956332961
956275265
956254743
956232986
956191157
956170416
956113642
956066798
956049946
956032203
956021961
956018117
955974730
955973699
955972314
955971123
955967137
955966331
955951006
955924792
955899558
955896880
955895046
955871131
955849680
955834974
955831135
955819982
955800671
955772693
955759535
955735890
955724983
955712806
955653868
955653369
955641440
955628868
955608805
955604279
955599420
955594547
955580818
955573175
955542668
955522295
955486717
955438383
955407421
955405091
955398680
955395943
955379805
955363153
955332836
955324662
955313499
955301253
955293950
955275971
955263125
955227362
955220226
955178422
955175060
955155637
955137251
955115563
955109715
955086535
955077119
955048557
955020639
955005019
955001804
954999202
954974599
954936094
954924434
954900376
954875179
954856597
954849889
954848336
954840916
954827691
954808623
954805642
954800770
954784485
954750857
954750011
954721503
954710666
954691420
954689084
954687841
954687610
954663384
954650994
954650005
954600929
954600894
954592422
954584678
954576214
954557623
954502455
954500840
954497614
954471677
954438734
954412212
954396119
954353903
954343184
954316353
954291346
954286153
954240602
954221249
954202275
954196781
954194652
954184688
954163523
954150139
954126330
954100695
954096919
954068847
954055165
954048206
954023103
954017443
953958495
953939221
953930793
953909927
953908149
953857672
953836119
953832635
953826192
953808627
953786641
953778702
953771362
953735859
953697398
953676387
953668277
953662125
953654600
953649530
953631138
953604712
953602526
953578915
953574420
953557391
953494131
953480742
953473579
953456202
953426597
953409612
953402042
953392653
953383273
953369412
953354076
953351476
953337617
953325977
953319596
953314105
953296209
953290277
953287062
953286616
953235121
953223375
953175308
953120487
953113139
953089986
953088945
953077813
953044368
953019449
953003382
952975064
952939732
952935317
952878798
952875530
952859588
952829168
952802786
952796764
952793759
952769628
952746779
952739363
952732206
952717566
952708181
952697428
952665207
952630865
952606922
952593644
952588158
952579012
952541916
952516521
952498466
952490285
952480052
952475416
952446234
952439081
952435173
952434970
952429385
952415421
952406669
952374200
952295939
952278934
952263653
952252862
952242274
952235569
952227216
952217098
952184372
952141111
952124169
952119026
952067655
952064871
952057954
952032260
952017500
952015234
952007729
951992633
951991128
951954028
951951695
951935118
951903781
951894943
951853464
951832068
951787157
951778349
951765364
951759296
951714592
951709143
951672442
951671440
951658375
951646837
951614620
951596696
951586082
951562718
951559838
951548227
951470086
951465588
951457259
951389821
951351033
951342297
951334219
951318224
951293935
951278661
951262209
951256504
951228487
951214392
951196232
951184065
951151824
951117866
951105868
951096668
951090569
951053264
950989636
950979323
950969984
950905884
950883624
950864588
950854233
950825037
950821494
950815334
950771039
950728115
950727068
950719666
950710699
950704911
950680743
950669842
950628598
950609438
950597636
950574174
950559580
950556725
950544461
950527351
950500858
950495790
950492193
950453636
950447414
950409033
950392596
950355783
950351142
950350483
950345815
950337101
950314268
950310659
950285427
950264413
950260437
950259503
950232649
950182175
950157243
950124583
950117228
950078571
950070761
950030962
950028933
950019917
950012086
950009744
949974160
949961920
949941581
949932466
949872176
949871258
949850148
949820733
949814026
949794057
949791354
949780402
949754701
949738635
949734889
949724881
949713604
949703510
949699558
949685582
949658501
949644591
949625726
949614874
949601663
949593512
949575631
949568838
949556370
949516277
949487877
949478711
949463658
949461940
949459760
949459327
949414281
949413761
949364894
949351115
949308715
949298099
949291265
949280631
949245153
949203244
949190041
949160599
949156868
949113053
949099296
949097013
949044357
949031154
949014222
948989797
948971113
948951267
948937994
948933392
948917265
948857192
948840658
948836701
948820446
948812724
948809670
948774044
948764085
948740329
948738616
948714230
948678685
948665260
948655709
948653871
948614053
948542180
948523293
948481018
948473076
948460998
948441717
948427936
948424077
948418904
948416684
948408760
948387557
948336834
948331641
948261985
948259997
948220853
948183211
948178287
948176285
948173825
948172406
948164104
948146957
948138093
948117341
948112151
948096205
948095490
948088149
948083909
948066901
948061852
948047197
948026211
948000922
947977733
947970408
947933267
947919092
947911400
947908644
947902057
947892942
947834182
947821682
947796343
947794055
947745601
947711015
947693268
947670898
947591380
947581152
947575026
947568492
947565642
947548973
947544549
947538658
947527956
947511455
947483151
947482880
947458245
947455495
947446670
947427449
947421754
947418807
947407742
947400192
947399144
947357164
947355290
947325112
947323516
947313942
947259792
947235737
947212896
947190951
947157963
947125692
947123171
947107800
947103535
947053057
947040929
947029368
947009492
946985316
946982618
946973696
946949867
946918700
946904596
946899328
946892012
946879614
946873861
946868805
946865426
946855096
946848406
946824051
946796736
946766462
946723333
946716148
946694440
946677509
946629327
946622019
946620960
946614338
946606370
946605794
946599610
946589110
946587703
946578652
946567873
946549078
946540123
946515099
946494308
946462509
946455643
946439978
946437339
946436519
946408660
946392998
946351705
946341823
946335822
946333849
946320741
946291211
946266051
946205743
946198554
946187549
946153958
946151569
946129703
946128238
946104531
946080628
946075207
946072620
946069303
946024145
946014489
945984394
945973872
945955244
945941538
945928426
945919507
945902882
945887878
945862296
945839055
945832463
945765251
945740245
945735269
945717410
945717304
945689465
945660480
945644046
945643733
945596855
945588992
945548831
945535551
945503416
945500988
945493343
945485747
945469268
945468460
945413404
945310885
945292202
945224373
945189747
945188748
945162589
945094386
945075254
945073483
945047108
945011789
944979958
944971135
944960750
944946533
944942577
944936765
944910532
944883592
944858593
944851913
944839419
944821628
944806418
944778923
944778606
944747603
944715769
944711038
944685291
944678983
944671435
944659247
944617656
944595429
944581075
944579627
944558096
944518971
944510991
944508038
944500395
944490932
944477448
944454818
944402571
944385047
944380273
944375036
944359817
944350122
944310421
944222310
944214185
944205182
944187233
944168509
944163478
944152950
944102886
944083009
944060530
944038107
944023478
943993131
943954549
943949712
943929553
943917836
943910824
943904167
943894648
943890977
943862151
943838718
943823359
943798392
943792640
943714714
943704968
943692347
943680807
943604444
943579163
943578579
943562539
943537386
943524477
943500815
943497337
943467064
943441627
943407981
943391641
943377104
943365180
943358876
943341337
943340118
943305771
943270592
943269544
943249361
943213347
943189932
943185621
943116293
943081216
943054810
943041022
943028781
943022356
943021480
943015263
942981267
942956499
942929207
942920578
942868094
942854127
942827833
942822494
942812330
942797717
942781863
942765721
942739195
942726395
942712299
942700400
942684182
942680566
942673145
942659721
942659322
942649493
942637353
942634508
942625657
942622670
942613551
942589386
942565081
942561741
942559326
942551613
942529414
942514740
942511666
942506168
942499420
942488167
942467574
942456645
942446835
942428478
942410660
942409566
942365520
942338625
942330155
942296513
942288583
942285154
942282499
942280311
942263489
942252476
942240833
942239787
942201307
942189348
942160502
942143716
942141619
942140543
942106460
942103095
942089095
942076431
942068250
942047766
941997550
941970182
941904671
941865762
941853260
941850300
941838950
941830900
941799846
941773960
941758508
941730062
941653599
941644250
941638830
941638582
941635904
941601905
941588881
941586747
941571370
941532128
941472953
941421846
941410895
941403395
941365202
941362896
941356218
941356043
941332460
941331622
941324040
941304255
941263623
941252014
941245811
941205617
941185105
941184395
941152570
941130521
941126382
941112103
941085198
941071319
941060195
941048501
941019079
941004918
940986740
940963825
940934160
940889175
940881023
940862313
940859657
940852153
940797100
940789089
940767180
940756492
940742173
940710392
940703577
940692375
940691137
940671870
940638720
940632184
940598671
940575174
940550738
940528554
940524933
940516094
940513239
940497965
940476685
940463323
940462255
940454927
940427478
940415427
940411518
940409796
940406511
940357523
940347863
940319118
940313880
940292841
940282688
940277243
940240284
940226608
940169822
940165867
940137576
940134040
940127148
940074326
940058114
940057125
940045083
940042449
940002250
939992973
939968876
939946001
939867229
939848826
939844114
939808841
939796700
939795077
939791286
939770780
939758172
939720707
939705173
939701447
939698622
939667427
939650324
939619150
939616211
939594896
939584867
939562181
939521157
939520632
939516988
939487767
939465922
939420916
939414571
939364797
939347144
939309477
939307669
939302835
939252772
939217886
939205696
939192537
939172540
939156214
939146406
939142576
939123588
939123230
939102827
939101377
939082132
939034751
938979442
938939988
938875538
938848552
938846405
938835858
938821904
938820264
938798453
938792826
938736264
938719925
938715651
938656370
938642712
938616730
938584043
938544459
938519302
938491142
938485679
938483699
938473299
938464658
938448707
938434290
938423830
938419017
938398316
938386757
938379193
938369729
938367864
938365687
938361431
938340077
938331847
938321841
938313336
938312406
938298818
938270843
938233397
938195929
938186003
938165468
938150070
938134987
938122121
938074423
938045556
938030019
938015255
937999652
937956065
937915466
937906813
937905713
937878323
937864400
937825998
937805361
937763568
937748463
937744974
937731424
937698798
937697566
937695980
937675720
937667843
937640696
937627048
937554827
937503825
937498127
937491626
937441302
937387885
937358859
937356049
937326464
937303744
937272062
937271889
937266450
937258212
937256937
937250801
937231857
937216566
937208930
937193908
937192815
937175880
937165253
937024185
937014236
936967476
936961844
936929428
936915269
936880906
936861431
936791542
936774005
936753908
936732346
936697813
936697636
936692595
936658508
936573451
936524899
936506402
936447911
936402772
936388777
936369375
936363902
936361870
936353273
936334545
936315864
936293046
936273832
936256082
936248202
936242519
936232886
936223607
936199934
936194200
936190700
936156639
936137953
936125457
936086864
936060546
936059473
936057046
936038412
936016109
936007761
935981411
935972029
935925123
935908389
935888651
935792416
935773001
935761960
935752848
935750619
935748934
935722438
935677243
935649298
935645136
935622255
935609391
935594309
935544244
935542264
935519012
935516802
935503716
935491082
935490401
935484966
935470386
935466570
935447987
935441643
935418038
935382721
935365580
935336783
935335147
935311608
935273023
935254466
935224227
935215827
935210053
935195879
935194487
935176939
935174490
935167067
935124616
935099312
935098032
935072709
935057366
935047107
935045497
935025111
934991613
934969251
934947937
934931549
934888592
934868938
934839587
934834675
934834254
934808666
934802630
934767181
934734351
934723077
934720815
934685694
934659113
934658224
934656811
934606147
934582913
934582689
934576781
934538559
934524705
934491255
934488379
934459309
934448573
934439221
934420488
934361620
934359978
934336732
934307560
934270846
934261274
934246496
934217067
934206282
934188882
934187852
934181775
934160706
934139365
934127007
934101692
934053064
934024867
934017465
934006514
934006405
933990815
933983492
933951727
933938091
933925256
933912738
933900881
933884148
933825757
933790082
933786887
933781740
933710933
933684045
933653681
933644517
933640895
933619857
933600239
933576654
933562131
933561404
933551189
933522432
933510751
933507240
933489339
933450118
933414838
933387143
933380998
933363428
933355471
933353387
933334608
933313050
933274347
933241821
933227846
933191571
933190422
933148563
933138398
933126417
933121650
933115524
933066312
933016274
933004093
933001344
932954712
932945627
932926458
932916705
932896316
932843482
932834095
932831247
932827182
932799279
932798469
932750618
932736186
932716997
932701753
932695755
932656309
932649099
932643550
932608952
932599064
932591919
932574837
932564173
932547381
932545103
932493127
932455369
932429128
932414730
932406385
932386087
932383123
932372490
932343387
932332346
932327742
932286241
932268680
932265409
932254238
932247454
932206034
932203772
932195931
932180029
932164899
932129614
932109082
932108745
932079117
932077828
932057756
932014904
932004730
931984846
931956432
931956025
931915566
931885767
931875167
931855366
931853448
931841469
931831993
931788511
931777243
931774461
931692364
931669235
931630948
931610166
931583254
931544663
931542787
931536749
931525719
931521340
931512551
931510444
931502358
931468152
931407807
931392785
931375427
931340117
931318217
931311546
931297058
931266411
931260545
931254788
931254368
931253144
931237026
931230757
931227730
931193632
931182980
931150502
931104839
931100975
931083835
931081388
931069240
931061571
931030342
931026051
930994029
930963582
930947861
930923971
930904206
930892814
930883258
930842935
930826932
930800337
930772401
930770967
930762449
930754303
930732788
930729369
930711513
930628012
930595090
930588488
930581100
930574545
930565935
930563868
930545895
930544024
930539005
930537158
930526395
930517400
930516726
930496106
930489893
930450899
930441903
930406284
930395332
930378032
930368002
930365647
930315493
930307256
930294556
930277641
930265271
930260184
930256572
930232270
930225174
930194151
930188053
930139832
930083117
930051857
930045244
930038789
929958700
929935548
929928877
929874075
929845807
929820632
929812642
929811891
929802655
929787426
929782318
929709730
929699323
929673641
929652120
929641967
929637900
929614646
929587599
929587511
929561216
929551102
929538345
929534255
929492631
929491745
929491090
929485448
929477724
929466605
929457535
929422626
929422264
929388920
929387120
929368404
929351910
929293195
929274008
929214503
929189880
929148581
929139892
929097555
929087454
929074744
929066185
929043559
929031219
929028307
929025127
929015473
929012750
928981582
928977360
928968824
928906795
928885671
928873822
928860451
928836425
928805716
928774915
928717906
928707673
928684150
928683648
928676974
928674897
928641788
928630528
928619190
928604626
928594085
928551599
928512906
928483902
928442688
928423000
928421984
928391428
928377146
928368310
928365558
928355600
928353224
928317319
928302631
928269634
928268201
928260604
928248305
928214437
928158299
928145480
928134378
928129382
928100105
928093175
928087040
928080805
928068295
928045407
928009065
928002247
927976987
927960238
927912254
927894755
927880634
927876431
927855889
927854105
927824762
927807151
927779299
927762581
927747477
927734901
927713773
927687170
927667017
927649808
927613040
927598915
927590660
927572565
927493467
927435858
927429684
927419065
927415961
927365578
927330585
927323013
927287034
927268337
927260833
927242180
927239421
927187172
927163092
927119649
927080296
927080147
927071642
927062218
927058174
927051672
927040098
927029507
927028143
927005994
926969455
926917354
926864113
926811476
926774112
926751764
926714169
926698453
926675564
926668808
926663723
926648371
926640374
926640331
926631922
926629843
926616961
926591636
926580250
926553733
926518608
926511405
926487353
926480471
926458203
926451632
926450246
926439073
926371769
926360571
926305644
926285641
926198302
926159541
926127639
926102345
926085923
926045779
926023536
925992213
925988615
925978486
925966309
925952476
925897871
925895880
925879874
925861527
925851235
925847235
925839779
925825917
925794551
925773843
925771689
925755810
925755133
925743173
925728800
925713205
925703419
925638987
925617639
925596565
925589263
925585207
925554234
925538490
925537495
925511225
925469861
925468959
925467888
925453355
925446809
925442581
925430483
925422859
925396436
925386671
925375255
925346789
925341883
925310257
925309484
925301628
925295833
925260240
925257646
925247732
925242733
925234962
925222827
925216241
925205575
925174391
925172289
925170862
925132319
925113468
925097609
925084940
925077448
925076189
925064653
925047875
925004174
925003249
924938874
924935529
924913328
924897062
924887892
924874930
924853273
924833784
924784132
924702304
924695498
924659677
924633757
924610944
924601319
924589563
924553400
924551603
924533568
924515542
924486337
924480761
924461891
924404815
924401747
924375062
924342235
924317122
924306049
924301409
924295326
924282721
924277876
924271098
924248320
924243757
924199122
924158267
924156427
924112484
924105354
924098671
924069050
924055155
924015263
924000825
923990588
923986947
923986779
923977241
923977196
923949495
923945373
923940446
923935428
923929539
923884674
923866958
923848147
923841199
923801885
923792230
923780344
923772455
923772133
923761992
923744751
923728468
923706831
923702062
923688384
923664435
923607305
923604095
923588016
923539117
923528122
923525199
923516286
923469878
923463123
923460906
923423621
923395268
923364218
923304082
923228454
923222180
923199036
923184856
923152636
923147361
923133694
923099196
923076550
923062518
923047141
923034758
923025617
923007011
922982194
922959220
922958722
922950878
922938075
922893879
922877046
922871257
922865449
922837027
922819617
922802522
922782957
922773352
922772229
922767647
922755691
922740574
922732848
922714330
922686192
922677041
922668375
922650399
922617238
922605104
922585286
922552750
922531572
922490977
922484369
922470101
922451905
922429295
922415274
922393864
922391928
922346566
922332959
922282098
922268820
922244110
922205496
922192069
922174411
922151180
922132851
922122636
922106088
922087145
922086605
922064561
922031129
922030491
922021804
922011571
921956455
921946944
921933276
921925034
921916829
921877788
921874593
921817503
921809918
921774962
921764781
921764642
921742039
921740888
921720927
921705683
921704017
921678473
921650857
921646949
921615585
921576813
921562470
921540455
921528635
921489818
921474977
921463742
921432106
921426188
921411233
921387821
921377965
921357028
921319038
921289931
921289190
921285943
921270037
921234908
921229196
921220507
921205011
921182925
921178214
921154875
921139019
921131024
921121073
921076605
921059802
921050498
921049217
921045907
921035214
920940482
920930261
920911708
920909753
920905858
920881223
920875363
920835178
920829614
920827379
920819759
920811891
920793781
920750034
920706317
920671659
920634141
920631511
920624021
920595157
920592990
920574817
920467320
920456653
920401696
920388002
920323026
920288190
920280302
920273142
920264383
920254524
920230301
920221095
920211050
920180704
920144277
920118858
920105188
920077267
920074075
920071656
920063297
920039579
920036209
920032975
920023227
920011914
920011841
920008539
919984893
919958402
919947735
919944507
919924373
919919578
919900318
919847499
919820511
919810414
919801580
919759672
919717349
919687279
919676235
919620777
919614350
919598741
919562464
919530251
919504230
919481629
919465435
919458061
919424837
919420844
919412923
919397388
919378470
919336628
919328642
919322187
919315088
919296960
919248290
919239085
919227214
919215743
919212461
919205536
919190198
919151481
919144996
919142920
919138537
919130867
919103106
919096374
919062817
919058940
919049359
919046633
919023523
919019626
919010397
918990879
918986446
918983230
918961922
918951470
918931138
918900842
918896226
918882760
918873350
918862814
918837258
918837176
918820955
918818606
918750994
918745830
918743494
918728268
918723612
918717745
918717025
918702329
918698372
918637620
918635482
918629737
918595242
918563458
918557079
918547070
918507781
918490849
918476324
918467752
918461134
918444480
918429317
918425259
918394161
918379244
918371952
918360801
918354262
918351499
918333167
918332797
918326841
918284660
918267784
918265283
918249330
918213302
918189053
918159480
918153616
918140507
918099946
918092391
918089622
918070680
918042794
918026992
917987798
917982784
917981100
917976507
917937846
917925888
917878104
917873360
917853591
917833822
917825134
917811083
917783515
917697550
917671662
917645176
917619281
917610965
917597183
917595872
917581102
917580456
917531889
917519735
917497869
917487877
917486240
917484690
917464116
917450505
917415389
917410951
917398345
917386853
917384712
917344583
917294800
917269871
917250012
917220803
917219981
917160918
917158602
917133222
917126037
917068444
917050732
916999667
916999384
916977728
916963106
916903495
916894078
916876937
916876145
916857366
916826528
916826154
916823197
916808662
916783657
916779164
916775474
916752921
916738806
916724191
916703968
916683386
916674059
916647884
916642019
916593253
916589570
916581320
916550147
916546809
916507676
916472485
916442857
916442721
916408072
916399080
916386994
916376725
916360340
916330904
916320759
916318690
916315466
916262117
916256993
916207964
916169400
916169279
916167859
916158082
916155102
916143219
916134002
916104031
916057032
916055600
916034801
916017935
916010868
916000811
915995202
915988577
915988487
915980182
915913947
915906998
915879299
915879060
915877768
915852337
915844788
915834414
915783117
915728302
915687601
915678435
915635507
915591927
915570428
915565299
915560883
915535387
915531153
915530419
915499554
915479487
915468328
915447169
915395268
915376540
915332526
915254054
915215151
915206980
915181933
915172572
915137291
915126991
915117832
915100408
915100361
915076614
915053023
915016670
914994757
914981573
914975805
914964052
914963716
914931795
914928453
914901487
914901053
914888837
914859220
914857883
914826774
914806365
914805611
914789890
914787280
914781751
914775928
914747750
914716403
914696910
914665875
914641218
914635482
914633336
914619820
914617756
914593210
914587252
914581426
914510625
914498599
914460825
914451064
914434723
914425502
914412966
914404073
914376759
914290177
914286595
914273732
914262695
914208369
914155348
914079887
914026148
913987589
913983000
913974051
913971775
913959605
913935496
913922574
913914927
913906186
913884387
913882192
913873086
913858656
913832322
913804660
913792289
913785519
913757672
913757112
913749784
913730416
913718774
913713572
913708346
913668084
913633681
913602722
913578249
913576906
913559411
913554260
913552500
913529702
913497569
913492202
913451327
913413495
913401610
913387485
913378532
913367404
913320365
913299540
913287687
913269001
913261411
913214385
913200184
913184672
913181366
913164770
913153633
913108126
913093984
913064697
913064555
912999082
912979925
912973673
912916390
912886993
912870334
912854546
912829249
912817994
912786323
912783167
912758012
912737031
912719574
912691453
912687031
912677904
912668065
912642300
912629612
912607146
912591973
912565867
912546197
912522713
912521244
912518812
912489924
912439261
912436118
912419482
912394667
912386283
912381542
912346500
912295124
912233270
912213481
912210027
912198567
912159204
912115087
912044893
912039778
912020679
912020003
911994609
911967903
911947154
911940127
911927474
911891462
911867943
911826488
911817491
911795298
911785453
911743630
911738791
911730347
911697354
911688315
911634663
911621798
911615174
911606340
911588303
911556870
911535217
911507500
911433408
911429911
911356721
911353877
911348011
911339752
911334105
911283811
911270638
911247849
911242579
911226986
911222049
911206577
911204865
911163297
911147684
911111256
911095659
911072529
911054724
911038320
911017969
911006048
910981284
910981248
910964909
910949675
910900514
910874778
910866934
910855258
910852920
910840255
910766801
910760313
910738163
910706797
910696516
910673367
910664104
910657419
910651758
910625520
910599966
910593985
910577663
910576256
910574308
910572239
910556873
910533725
910517550
910469567
910444392
910411791
910406481
910388324
910370131
910348698
910347124
910338998
910320351
910316891
910304851
910294938
910256410
910251504
910249552
910230573
910229593
910191466
910150289
910087367
910059233
910052604
910004998
909992383
909984515
909976033
909916342
909868436
909857742
909824685
909824118
909810007
909784661
909745204
909742454
909741182
909739361
909732473
909705640
909696722
909686988
909606260
909588728
909576825
909504146
909474529
909442128
909386712
909376229
909371953
909335728
909331336
909303668
909272257
909245132
909218644
909211820
909129405
909094690
909087489
909080871
909033468
909025999
908999796
908980129
908938863
908938756
908934953
908921970
908896630
908891865
908868839
908861788
908840730
908769170
908736356
908715678
908708518
908684129
908671591
908655600
908649634
908633775
908611335
908584922
908551354
908547312
908506548
908498337
908494753
908490091
908479384
908431366
908372455
908353538
908352172
908290926
908262123
908240081
908178331
908175498
908175055
908159802
908135660
908134615
908124857
908119808
908115079
908110288
908094169
908081537
908074972
908064798
908055753
908025104
908011884
907974001
907935650
907919631
907876764
907873428
907869458
907866538
907853788
907802670
907785316
907772991
907736614
907718275
907690974
907677789
907635342
907605205
907583577
907556350
907548276
907542907
907518627
907495348
907486800
907449676
907432187
907396464
907362316
907346105
907335151
907324100
907281988
907267197
907254917
907229030
907224252
907206431
907190540
907126916
907119578
907115483
907098181
907065165
907045059
907013051
907005228
906981543
906951731
906909952
906862852
906817769
906796428
906725816
906711523
906700483
906682623
906624712
906620268
906610921
906583970
906575907
906563004
906500007
906489012
906465345
906437917
906415066
906376349
906372358
906362624
906349780
906345130
906318636
906306350
906304953
906299199
906292032
906287491
906265154
906263600
906258652
906240995
906221485
906215532
906204886
906188321
906163153
906133887
906106844
906093481
906093018
906042743
906029167
905978462
905973314
905961374
905908098
905835852
905833260
905828998
905784558
905759008
905744282
905719532
905717293
905673435
905615030
905602871
905585638
905574113
905543196
905528358
905523987
905499709
905474888
905474600
905461457
905449892
905433418
905433140
905415281
905401599
905313197
905308118
905280145
905261609
905248939
905217972
905207975
905207952
905136899
905107925
905077916
905041287
905028047
905027083
904981893
904977620
904941187
904929209
904901401
904881179
904879738
904858796
904836950
904822685
904793316
904792937
904792877
904757704
904755310
904752981
904750895
904750304
904748853
904719235
904695308
904683927
904650623
904638848
904622145
904617104
904608730
904583483
904571812
904560846
904551901
904526683
904524030
904516630
904514416
904487100
904419544
904363554
904317358
904312548
904296152
904252102
904227797
904203127
904195078
904190984
904180354
904177582
904150756
904133353
904121406
904057819
904057766
904026485
903997458
903979167
903968943
903939670
903937575
903923272
903914706
903889315
903886880
903875448
903845362
903830308
903814530
903810668
903808437
903799965
903791891
903776432
903773976
903755198
903734715
903723063
903722244
903719099
903709474
903639753
903620206
903615331
903602236
903570351
903560519
903558446
903550893
903492806
903491838
903484064
903462990
903451268
903403856
903398424
903396915
903374593
903370151
903347600
903341899
903339519
903314579
903301939
903278316
903263370
903259614
903225313
903185020
903180411
903106731
903077673
903073189
903053297
903043620
903028214
903024312
903012952
902968954
902944415
902913640
902902314
902894419
902836795
902836015
902797273
902754844
902742430
902734069
902726259
902715527
902696444
902690874
902681095
902666782
902654360
902612729
902594673
902563300
902525411
902503020
902486874
902449682
902422333
902417047
902406432
902376419
902355644
902351641
902342412
902301727
902273959
902256301
902254350
902217938
902203928
902199818
902192224
902182254
902178504
902150575
902141899
902135563
902127845
902078290
902071664
902055413
902054886
902036508
902014653
901985306
901927496
901894681
901877786
901862455
901819322
901813494
901787960
901753648
901733287
901723358
901699247
901648242
901638133
901629059
901618399
901561574
901548595
901535218
901496639
901474830
901453545
901420794
901417052
901394450
901382979
901372188
901369543
901349028
901320402
901303952
901283786
901278059
901275802
901230719
901218682
901206753
901196392
901165199
901162747
901142961
901126530
901114516
901088351
901043904
901025977
901023414
901015097
900924299
900892112
900879352
900854668
900832633
900814881
900806401
900752989
900718849
900688444
900686762
900677624
900662308
900628226
900618156
900593077
900577855
900555938
900551021
900533749
900485175
900482879
900461155
900450849
900436006
900423254
900407437
900383847
900369220
900311763
900303322
900270410
900255028
900235188
900220081
900217690
900188074
900169641
900147197
900143616
900138874
900111479
900098601
900088124
900058386
900037751
899994424
899984250
899982925
899950277
899945676
899931607
899914442
899906978
899905679
899901791
899889401
899877664
899860792
899854934
899845155
899825346
899752722
899735092
899717718
899713385
899697409
899685203
899652284
899645627
899632326
899632058
899623761
899605032
899597992
899593682
899546906
899545377
899538480
899534920
899531655
899517244
899496660
899464155
899450267
899427054
899417801
899401453
899358142
899347978
899334352
899332185
899329785
899310229
899279853
899250016
899231615
899225668
899188497
899185928
899169522
899130916
899077683
899064815
899045020
899033710
899016106
898978410
898939958
898934348
898921191
898897538
898881258
898853764
898822135
898799480
898760909
898759127
898754774
898748448
898720006
898714151
898693587
898682414
898633636
898581112
898537205
898535650
898504575
898496241
898435398
898425091
898379341
898362503
898356292
898334633
898329681
898320128
898272274
898255519
898223382
898216154
898198456
898177220
898164701
898078364
898023472
898016658
897999008
897996738
897961654
897942272
897921884
897897022
897862221
897860445
897845755
897814585
897801040
897780549
897773165
897739084
897729989
897716629
897710670
897696371
897670348
897633269
897603297
897551945
897529986
897511128
897468470
897460322
897437628
897433246
897387170
897382044
897367182
897357496
897327145
897293551
897277505
897260398
897253281
897249171
897227057
897202379
897193437
897173580
897161820
897104320
897051504
897019355
896994200
896985085
896979250
896969074
896966137
896928742
896908252
896847013
896835295
896800074
896771757
896739379
896734808
896729967
896699563
896675019
896648610
896646859
896641836
896631340
896616870
896603914
896596680
896573220
896560397
896556027
896545454
896503649
896492515
896454394
896441522
896432469
896380786
896364373
896356429
896349006
896297121
896288758
896280348
896257547
896239331
896237333
896201054
896196000
896146877
896139522
896100852
896075484
896048945
896032844
896020194
896017617
895997977
895968378
895955150
895954381
895950261
895933239
895925152
895898826
895860960
895820553
895782654
895780195
895746544
895736890
895721911
895708402
895681357
895662103
895630520
895608590
895576896
895565968
895547180
895530026
895495910
895460742
895447879
895402964
895356669
895355119
895343194
895310156
895301365
895266319
895262942
895241758
895193206
895192539
895183629
895177915
895100860
895080374
895080273
895069140
895054826
895036375
895012087
894994570
894975517
894955912
894953491
894924655
894899356
894896770
894885849
894860520
894786895
894786610
894774766
894772978
894761079
894760027
894721574
894707102
894706074
894685574
894663173
894645565
894617037
894603968
894596237
894576099
894562674
894526475
894507221
894497325
894488815
894483079
894465377
894422631
894368678
894323078
894306520
894280743
894260665
894257400
894247088
894208969
894169662
894149510
894143963
894137386
894121990
894117375
894108282
894094346
894048875
894039596
894021197
894013406
893994146
893928275
893876222
893835520
893835305
893805386
893736928
893729737
893716649
893702135
893687198
893679579
893669381
893664974
893660840
893650540
893586977
893565925
893548599
893530112
893506507
893479935
893473153
893470954
893446973
893415951
893407721
893404620
893385792
893378499
893363485
893326590
893306012
893276882
893273862
893205069
893204784
893195459
893177047
893176029
893166996
893151101
893131574
893117889
893112172
893097224
893075618
893068274
893061118
893056091
893031147
893023288
893019979
893018880
892956923
892930345
892864443
892814348
892783540
892772611
892769809
892755028
892744443
892725843
892717399
892706509
892647963
892645169
892609260
892593747
892592220
892579783
892543777
892519944
892503177
892500530
892495819
892494429
892487142
892450978
892446026
892437781
892432695
892420879
892417388
892398057
892374702
892341688
892318864
892280713
892265307
892251161
892226135
892210434
892194973
892183123
892171406
892156585
892145054
892120393
892117294
892094798
892092198
892089792
892047649
892046902
892034558
892011626
892006662
892005586
891976994
891951858
891896023
891889980
891871354
891865601
891830079
891823520
891799358
891793655
891776414
891766184
891724850
891694425
891676031
891659359
891601679
891576325
891553608
891532267
891520804
891506372
891503738
891496988
891466053
891433488
891431843
891423578
891420845
891410980
891386213
891374784
891348631
891338117
891336345
891322381
891311632
891295115
891274874
891256816
891231423
891200365
891192436
891182570
891130545
891117373
891082890
891065480
891049063
891031488
891016751
890999887
890975194
890969416
890945187
890901719
890876375
890800279
890772815
890769189
890763971
890757570
890746646
890736846
890705990
890655781
890635428
890606108
890583833
890580308
890563790
890554828
890539914
890530402
890518817
890502342
890442883
890434747
890425962
890416624
890405670
890383477
890368471
890350479
890345735
890281863
890236983
890228422
890218545
890217640
890197677
890185012
890162514
890162360
890144839
890125065
890107651
890051465
889997275
889975672
889931855
889923528
889912278
889902461
889871051
889828095
889823896
889796778
889750837
889705522
889676701
889655849
889640959
889622354
889603146
889599497
889593951
889578298
889567902
889508867
889494925
889493401
889484648
889462722
889438627
889409693
889402243
889399446
889352196
889313009
889295748
889265360
889262684
889223082
889160973
889157993
889135765
889107077
889097253
889059094
889035708
889025686
889013099
889009159
889004157
888999436
888994583
888990502
888971110
888952585
888891839
888885281
888875349
888855305
888848191
888827934
888787542
888756125
888721126
888714310
888709937
888672346
888665426
888661414
888633972
888632315
888630069
888601503
888578568
888539010
888527412
888516627
888510432
888504485
888504362
888469653
888459575
888447412
888439485
888380604
888356688
888349596
888255902
888222093
888201436
888183414
888157275
888151910
888141324
888123584
888110413
888100883
888086226
887979162
887963144
887878128
887859412
887825699
887786937
887780397
887757591
887748267
887742026
887720473
887700763
887698557
887676841
887653543
887649455
887629477
887625959
887597165
887566424
887548451
887543121
887542966
887534183
887530800
887497565
887447228
887434728
887420399
887408295
887399269
887396474
887364228
887338161
887311734
887306731
887303148
887277735
887232620
887209663
887208368
887187842
887164476
887120631
887100523
887057200
887040505
887038189
887018699
887000945
886990930
886969709
886958553
886940294
886929697
886888136
886871309
886844594
886823808
886810859
886764236
886725612
886660659
886618803
886596489
886562091
886536612
886508840
886454276
886453526
886429733
886389873
886369273
886357815
886345699
886323292
886302346
886286060
886275017
886272397
886254511
886199604
886186757
886163191
886156327
886134352
886128166
886104318
886102417
886073166
886065211
886056380
886027383
886022825
886006890
886002628
885991486
885968384
885913794
885913345
885913062
885881095
885853825
885853284
885846362
885822532
885814237
885781747
885778541
885728801
885716414
885703806
885683046
885654859
885653346
885643461
885585113
885584655
885574920
885557105
885523037
885498956
885464829
885440249
885408605
885385118
885383911
885354534
885350459
885335460
885324241
885291674
885214561
885173774
885156692
885127425
885117689
885044720
885020650
884995525
884957127
884907468
884890753
884888442
884860253
884850651
884847228
884831191
884827284
884818218
884800063
884797526
884792043
884729008
884677032
884669465
884656707
884648074
884648012
884646574
884593822
884576967
884509891
884501860
884478627
884439356
884422789
884419051
884414145
884399823
884388913
884352641
884322446
884317234
884297839
884293231
884290268
884288907
884209309
884180335
884166232
884149254
884136807
884104663
884097135
884088840
884071193
884046647
884038358
884025375
884015450
884005461
883990154
883921835
883915475
883893987
883890180
883860957
883831778
883819751
883784482
883753022
883749092
883743381
883714874
883697298
883695613
883685934
883671557
883658803
883611579
883589899
883569012
883539521
883525002
883507515
883499955
883498812
883484929
883484110
883411488
883390550
883327008
883324451
883307805
883305340
883303184
883249050
883231677
883222918
883198166
883177094
883132175
883109476
883063344
883053132
883050932
883037774
883036699
883021631
883005089
882963768
882948361
882927916
882897266
882895773
882855715
882844558
882834382
882811753
882753496
882729079
882720018
882708151
882693529
882676838
882640935
882634220
882625450
882618083
882612989
882561986
882536609
882528294
882481474
882471464
882457563
882442076
882432817
882423290
882413358
882388245
882357193
882323772
882320527
882309617
882301744
882277430
882263471
882241383
882241312
882200240
882193446
882182481
882161884
882150656
882120977
882059369
882056109
882014720
881981015
881980924
881945433
881921599
881897678
881890166
881868641
881849675
881832309
881823137
881800741
881787512
881764651
881724756
881711085
881628498
881573146
881566255
881492060
881490209
881453747
881379048
881366623
881360346
881342453
881337031
881325634
881288500
881220994
881180445
881171938
881171762
881152580
881127921
881115099
881097345
881064402
881034467
881034362
881033747
881030807
880979228
880921422
880916374
880893796
880874311
880823651
880818923
880803606
880802513
880780085
880771624
880766327
880764687
880753944
880739116
880676651
880673413
880637938
880618905
880603360
880578202
880576390
880565587
880561228
880535006
880494079
880469138
880467075
880445665
880438975
880426470
880412422
880356747
880351444
880344896
880326051
880283396
880278622
880268954
880265117
880247543
880228042
880215709
880193534
880158735
880153509
880138904
880124840
880123642
880113904
880075262
880066919
880045463
880040177
880032156
880028606
880010239
879981823
879958865
879952884
879945425
879944578
879941640
879898694
879854206
879842162
879816133
879806841
879777455
879766397
879762244
879733630
879698056
879675661
879644927
879614462
879593344
879592534
879580147
879553715
879521846
879503829
879486406
879467539
879459659
879451002
879433236
879413018
879360041
879273434
879263315
879256912
879207291
879195175
879190026
879167744
879158198
879140165
879121572
879104645
879091097
879075532
879061365
879061136
879033093
879013568
878970060
878969271
878955784
878947133
878927021
878918238
878906657
878892726
878884127
878877506
878874527
878867460
878824804
878811971
878797893
878782394
878768985
878746876
878732662
878684305
878672532
878654379
878622850
878576643
878509947
878474048
878448964
878428879
878417300
878408698
878342787
878302997
878302969
878268386
878257674
878235686
878233367
878222916
878215091
878168251
878130572
878061155
878053635
877953533
877932220
877920149
877918777
877856927
877850272
877837691
877760018
877735185
877725037
877705608
877653445
877631239
877621491
877604645
877581215
877570689
877542595
877520023
877481809
877468275
877435190
877396564
877385632
877375618
877357414
877350916
877348161
877337492
877332583
877277668
877268649
877235418
877225181
877188342
877161895
877047442
877043225
877007846
877005457
876987530
876962538
876945419
876924057
876915237
876863289
876856813
876839270
876824770
876799268
876779287
876764603
876755827
876715552
876667559
876657962
876652542
876619877
876604667
876583057
876545942
876533887
876446145
876442336
876441881
876414759
876394419
876324680
876283461
876277752
876202063
876201410
876173437
876152679
876142555
876130662
876106263
876081949
876067680
876047660
876028618
876024213
876000968
875999986
875938520
875915114
875913927
875908727
875901671
875895081
875851963
875824111
875805504
875746882
875728749
875707942
875695506
875682477
875636824
875617330
875607574
875583856
875580944
875528291
875525284
875515068
875474405
875473737
875445927
875428850
875401809
875390367
875383026
875371419
875340236
875336077
875315759
875289571
875265273
875235146
875226362
875171063
875161687
875140824
875124034
875113491
875102782
875070816
875063193
875062359
875058307
875032909
875025478
875010291
874935114
874919951
874895279
874877057
874868342
874823702
874804104
874752162
874720751
874664358
874639731
874629853
874605919
874555444
874529091
874514423
874494532
874454369
874433951
874420132
874406742
874349860
874298453
874277355
874238259
874223415
874219813
874192860
874185579
874161916
874127842
874120465
874119466
874069300
874044824
874041759
873972632
873949519
873921316
873885072
873864754
873783302
873778850
873773574
873764012
873729095
873720725
873703048
873702858
873695458
873666093
873664693
873656994
873639592
873628017
873593266
873585833
873547270
873528211
873517544
873513741
873480073
873458949
873374049
873354926
873322990
873303741
873288215
873273757
873272013
873256940
873226245
873196372
873181570
873175061
873172399
873169009
873085437
873060403
873044337
873017008
873005581
872996086
872983039
872977576
872944331
872909576
872895720
872882120
872835391
872827336
872815192
872789203
872753476
872751221
872745959
872721962
872622933
872601787
872544203
872526953
872477893
872448996
872377714
872367879
872315937
872297972
872286755
872280777
872248092
872209946
872188558
872187849
872162503
872142613
872114646
872087465
872041502
872031406
872023681
872005820
872002316
871986231
871954076
871949896
871945720
871881137
871844409
871808023
871769199
871756773
871687756
871659437
871650014
871645733
871630547
871616034
871597293
871563343
871562671
871516906
871503984
871494787
871470660
871423747
871406613
871381938
871374356
871331310
871328373
871311934
871293124
871281166
871250431
871242074
871237026
871227001
871225107
871206042
871163843
871161928
871157228
871099633
871078703
871071066
871058778
871047759
871038827
871025837
871006300
870987297
870978487
870947770
870944925
870932134
870899726
870873281
870835703
870835303
870802994
870793553
870772376
870753217
870727898
870715219
870652784
870651361
870642944
870600551
870534501
870508385
870470836
870458367
870443504
870422174
870376254
870374315
870346508
870263337
870231833
870188248
870166753
870165249
870151485
870149593
870119633
870100120
870097541
870049193
870036121
870011269
869977717
869956001
869955466
869905589
869900386
869895493
869886731
869865707
869852966
869837715
869836541
869821319
869816735
869806554
869780461
869746579
869721845
869708484
869696768
869653191
869644785
869619452
869607926
869580164
869505694
869494695
869427680
869412940
869387895
869386928
869382826
869355873
869345408
869330465
869277839
869277278
869258914
869244165
869216268
869211273
869209583
869193208
869187062
869157426
869116951
869116015
869077025
869069564
868986086
868972276
868946060
868944299
868895042
868888915
868866138
868857172
868828984
868811788
868811420
868795147
868755272
868745924
868708733
868650468
868592054
868554874
868529057
868487359
868447895
868443595
868436692
868393792
868382053
868314858
868292269
868254000
868249728
868234811
868212861
868202852
868190467
868181768
868178517
868159613
868135389
868117981
868112998
868100470
868096123
868080694
868051840
868048063
868030382
868016788
868003658
867990691
867959966
867910573
867856476
867777201
867775719
867748683
867738979
867722339
867704226
867660478
867608107
867569898
867527808
867484632
867471184
867438134
867422812
867420405
867401647
867370460
867344752
867328836
867288784
867279827
867279348
867265040
867150738
867131364
867095614
867067100
867023341
867002296
866990017
866956373
866929621
866919602
866897414
866891976
866884876
866858856
866850229
866837853
866812996
866798108
866792112
866791363
866738892
866722969
866720392
866682716
866652092
866514422
866495610
866480362
866406872
866354620
866344562
866298876
866282974
866272253
866231030
866217762
866192858
866182473
866140737
866125161
866106958
866082194
866068018
866025415
866016798
865999117
865994540
865896987
865864678
865799279
865798140
865789203
865782199
865771901
865771664
865737351
865731493
865705460
865688918
865657648
865617396
865600526
865599111
865596980
865590384
865549220
865535819
865447564
865413678
865408163
865388787
865341835
865337411
865318440
865294967
865273092
865270277
865228419
865220083
865203455
865191320
865134645
865122714
865097916
865056133
865025372
864996297
864980756
864970642
864942806
864921191
864866705
864839386
864829384
864822338
864817094
864771592
864768522
864745686
864709536
864696607
864673707
864586447
864502232
864481415
864475935
864408574
864336373
864303314
864299756
864252966
864210624
864175912
864159018
864150609
864118878
864076239
864044933
864026264
864011761
864008800
863987545
863973703
863933207
863907768
863905865
863847307
863822765
863794344
863779450
863754956
863738325
863699029
863698642
863671194
863663230
863626133
863577050
863572343
863569524
863564358
863559802
863523877
863522696
863505760
863479679
863404250
863400260
863396809
863377480
863348441
863340729
863331787
863280647
863258101
863232434
863210693
863200790
863174045
863149888
863144445
863140136
863112651
863037005
863006257
862976949
862960479
862956392
862937052
862924006
862918036
862879239
862858760
862831016
862830827
862817470
862802859
862793640
862771825
862762993
862725565
862698374
862663276
862662760
862658071
862653490
862651231
862644687
862609878
862589336
862509307
862500366
862459240
862438642
862398348
862396463
862367916
862339859
862329635
862305678
862283321
862257486
862209514
862202743
862162683
862156481
862123499
862112856
862084738
862029222
862019341
862016299
861976973
861958376
861921450
861915258
861913365
861904017
861902081
861888650
861868680
861867429
861838719
861823338
861806626
861794162
861716504
861700488
861676872
861659491
861648703
861643403
861633742
861610805
861600655
861566084
861550342
861518235
861489290
861433763
861416719
861399924
861382972
861378318
861343149
861339003
861313789
861300816
861295711
861286816
861274469
861255917
861248834
861221980
861205192
861186762
861182087
861162836
861137843
861124640
861075813
861063455
861037587
861031018
860916587
860911199
860907877
860888180
860871761
860868798
860860928
860834109
860825238
860819121
860770686
860737153
860671555
860652319
860640274
860638693
860632222
860627919
860600288
860540812
860538599
860536008
860528630
860508303
860501044
860478974
860471215
860455556
860422374
860413464
860375751
860363833
860348183
860293516
860285177
860278176
860261267
860219481
860212111
860200122
860198760
860169596
860165870
860127492
860114954
860105683
860100556
860097795
860093339
860051539
860030334
860027799
860008508
860001500
859971029
859944330
859942811
859933524
859905341
859890871
859865069
859835121
859801784
859798060
859787668
859770419
859744500
859742240
859726465
859701852
859699157
859657073
859637006
859621763
859600646
859581782
859561316
859550990
859528496
859506149
859491619
859486162
859466941
859459292
859449553
859438442
859429683
859411694
859408318
859386405
859373729
859357563
859338963
859315761
859284756
859280819
859220629
859215863
859198610
859195812
859184398
859149972
859132777
859118879
859058687
859050492
859008532
859000460
858991726
858978355
858967647
858955975
858945555
858935033
858905330
858884459
858859487
858811529
858787721
858764382
858739820
858703451
858690356
858680808
858655044
858647799
858629023
858622693
858603496
858561658
858538450
858534087
858501969
858406735
858394213
858369700
858360154
858358343
858352511
858352064
858347373
858341074
858316665
858297096
858264473
858252432
858245785
858228481
858216387
858165117
858131339
858100329
858090533
858086240
858077895
858049586
858022360
858015084
857981926
857967547
857957945
857933680
857927924
857917573
857877071
857872516
857838511
857831758
857821388
857780581
857771048
857755523
857734720
857682778
857670381
857593830
857587320
857566447
857533970
857501800
857501011
857500532
857496150
857473895
857444253
857425977
857413874
857398210
857371439
857363810
857340548
857311728
857282912
857266193
857265744
857252896
857236104
857183239
857150596
857147852
857142228
857134287
857096791
857079240
857071902
857009184
857003791
856982762
856969823
856952847
856945299
856931881
856913053
856913053
856892859
856882241
856875917
856873000
856849016
856846566
856826709
856807007
856799113
856781228
856767243
856763320
856758662
856750367
856728824
856723104
856708438
856700787
856699432
856686280
856682265
856678226
856648660
856587597
856550158
856538629
856499763
856467690
856459315
856432912
856425067
856407380
856342812
856295291
856258365
856208838
856188135
856171527
856150089
856118013
856092780
856067527
856067200
856017029
856016668
856015857
856015439
856010561
855932674
855918017
855917360
855881897
855874652
855872672
855846053
855803893
855751520
855726555
855712691
855660315
855645222
855618732
855593984
855568685
855544049
855493646
855475296
855459007
855442949
855415549
855382911
855369503
855359423
855355960
855348416
855325306
855320605
855304494
855245767
855229195
855225145
855207580
855145533
855103691
855101429
855085088
855065820
855055434
855032552
855027233
854999226
854982611
854964886
854929051
854909698
854878951
854857643
854855373
854828666
854814191
854793382
854765940
854753819
854732461
854713896
854678982
854678063
854671891
854670212
854623160
854601062
854549317
854508517
854499504
854488314
854464053
854461472
854450948
854427963
854417534
854395274
854359461
854341505
854318163
854300425
854298074
854255832
854246447
854230918
854202205
854172647
854142831
854132681
853959460
853921930
853900270
853874503
853856017
853841056
853840029
853824133
853814017
853801114
853764727
853760541
853711001
853705053
853692614
853648850
853599118
853596297
853565806
853557347
853554535
853514970
853496799
853468791
853452442
853443506
853425168
853391277
853357278
853312315
853302665
853299802
853293450
853260584
853224617
853213389
853178734
853169075
853154928
853147834
853147669
853136536
853094545
853057721
852993659
852987077
852961389
852946466
852923990
852891787
852860401
852832400
852819391
852802125
852770531
852738341
852724179
852718097
852711395
852674563
852662346
852648928
852640166
852619627
852607481
852600027
852579044
852553335
852498121
852446210
852430116
852415545
852411987
852401261
852400821
852371063
852370638
852365305
852351809
852343832
852299041
852288050
852267917
852247350
852214100
852211430
852093303
852084680
852081822
852056803
852032583
851996570
851991582
851940355
851906083
851904020
851896970
851866901
851749175
851721836
851681125
851676806
851657974
851643223
851642419
851634458
851631727
851619204
851558876
851529708
851499345
851491811
851424943
851400931
851374075
851344764
851296368
851276954
851273647
851258301
851142215
851141542
851119567
851090517
851058301
851040427
851010886
851004064
850964077
850954804
850942801
850941937
850939061
850928154
850921923
850910109
850903106
850892445
850881096
850847826
850788064
850773142
850772836
850750133
850701729
850694669
850670300
850646987
850624201
850595887
850582933
850572133
850508656
850501158
850494873
850485117
850451511
850420552
850391484
850374203
850362397
850360102
850347088
850333538
850318146
850269103
850258193
850252254
850244791
850237348
850220266
850217461
850213000
850197044
850159963
850150461
850123260
850036083
850007038
849976068
849957008
849934365
849908933
849886035
849879952
849838064
849827139
849818033
849816021
849789608
849743546
849726841
849719926
849690059
849640334
849568925
849543918
849523414
849501744
849489265
849440978
849430148
849400917
849360626
849285515
849225719
849205144
849177207
849122706
849108734
849093723
849076873
849058821
849012875
848999487
848995688
848988459
848896176
848882878
848847038
848832082
848822395
848750346
848724154
848683003
848672062
848630557
848627724
848588939
848497277
848461950
848459279
848446419
848419167
848408437
848353155
848340854
848324974
848320110
848315626
848312304
848251206
848242315
848236114
848218427
848190932
848128852
848115307
848083779
848014188
847990665
847973993
847962179
847931864
847918062
847915755
847877071
847854877
847839266
847810492
847777003
847707527
847689603
847658857
847642319
847605961
847582177
847568072
847565150
847496730
847455073
847434912
847408747
847357054
847303965
847285319
847243544
847231528
847228535
847225004
847193408
847175419
847163882
847140132
847138334
847076487
847019425
847005912
847003561
846995122
846944030
846937540
846930866
846875678
846842210
846825742
846803805
846780952
846766055
846763334
846744696
846739333
846715882
846667358
846628160
846539894
846485776
846478037
846470432
846453950
846441455
846422323
846400188
846396450
846391520
846386857
846383400
846360983
846300801
846300440
846263488
846228951
846219534
846165845
846152274
846091226
846082038
846065508
846044958
845993879
845934666
845905631
845862611
845856708
845854588
845829188
845796576
845728064
845680427
845650083
845638320
845636210
845622162
845589566
845582265
845568107
845555241
845501708
845456536
845420126
845385286
845378199
845371334
845319590
845316733
845280185
845253713
845234325
845209052
845196055
845183940
845169897
845133346
845105525
845098963
845073616
845024135
845007489
844979825
844967317
844965745
844955815
844942733
844924631
844874652
844852320
844801763
844760505
844755492
844681405
844619780
844614955
844584870
844536873
844484333
844472640
844464647
844450469
844445993
844439267
844433588
844405838
844336234
844327641
844321371
844319921
844283270
844280453
844273941
844254135
844227299
844225500
844218603
844204847
844178040
844171505
844128873
844108864
844095398
844092717
844057026
844003897
843977269
843965762
843945147
843944027
843923727
843869045
843806217
843789724
843777894
843761137
843753163
843695020
843690557
843665649
843633614
843619750
843592296
843568527
843533460
843472445
843455117
843449374
843397257
843331107
843281954
843262622
843200380
843197616
843154879
843135807
843128423
843109152
843108346
843106665
843077917
843049441
843043353
843007480
843003424
842989876
842960729
842960044
842958574
842953681
842932114
842906295
842899465
842891475
842836872
842784164
842739609
842735561
842726972
842717630
842699454
842654209
842562384
842548755
842494568
842493612
842478849
842425187
842417089
842408371
842401765
842349810
842342121
842324607
842309847
842278816
842268551
842254895
842251480
842186780
842169053
842142231
842124286
842100587
842076346
842037481
842018468
842005437
841985658
841966253
841956758
841952659
841859068
841853077
841837505
841795292
841771154
841710085
841679095
841657240
841617415
841589578
841582132
841521864
841496802
841488750
841431413
841415901
841387184
841372812
841362546
841348509
841315237
841308847
841303740
841280071
841261847
841237401
841179967
841139109
841134100
841116275
841091423
841083875
841056914
841008561
840983955
840977242
840960727
840936006
840931531
840866736
840855979
840837973
840827988
840815638
840803734
840801258
840767248
840753707
840753177
840751701
840744250
840740884
840734228
840691283
840686281
840678192
840666777
840629970
840629261
840599393
840584109
840567176
840546609
840533013
840524246
840518519
840498823
840483801
840482644
840464061
840412050
840409117
840357215
840329720
840326473
840308033
840234116
840187658
840113856
840110143
840090643
840023100
839992713
839968055
839961997
839934928
839930408
839902042
839847460
839812742
839796550
839788342
839769368
839748087
839688103
839669981
839658381
839610042
839541000
839532888
839510701
839501713
839488559
839464493
839446982
839442537
839439781
839395698
839372075
839369563
839343294
839334658
839327118
839305374
839301543
839215208
839197043
839175664
839145135
839142314
839069922
839056944
839035685
839030134
838984637
838981817
838936699
838928625
838905631
838812894
838775989
838753443
838597414
838559709
838555631
838542157
838539717
838533536
838510472
838507625
838500828
838490713
838478758
838467192
838450162
838433645
838409854
838404917
838383450
838352833
838325197
838305670
838271889
838253704
838229895
838223678
838151933
838150189
838129422
838121586
838034015
838006935
837926645
837852568
837810523
837785567
837777357
837739516
837733825
837715676
837682872
837656357
837650470
837627375
837580846
837559484
837532100
837529393
837528005
837516509
837515674
837502175
837499937
837495675
837490524
837419227
837410975
837406864
837375633
837371594
837354358
837244529
837214146
837205787
837187799
837170804
837166744
837164938
837143413
837103535
837096203
837090420
837030717
836970919
836964407
836911299
836884659
836856513
836817183
836796800
836750669
836705365
836673114
836656263
836655930
836641024
836619175
836576585
836566335
836549236
836526253
836518077
836503801
836413541
836369986
836311285
836295133
836269092
836261688
836244755
836199533
836156786
836127258
836124716
836110204
836098309
836096296
836073595
836072618
836030546
835969149
835945351
835928224
835921461
835880508
835873526
835814426
835770792
835751732
835741185
835736573
835727024
835699657
835685216
835678122
835657832
835626141
835590033
835548059
835497251
835483350
835461973
835447127
835431546
835426245
835406658
835406463
835405943
835387425
835382872
835328760
835264401
835242046
835225559
835215273
835200055
835194883
835121213
835099869
835082032
835071120
835048649
835024678
835008460
835005224
834975043
834971268
834965702
834897490
834884663
834883600
834878208
834852404
834849059
834834133
834749385
834726974
834703714
834693837
834603991
834603722
834588531
834546273
834529906
834512798
834493317
834447682
834437923
834417478
834403824
834400825
834395390
834389529
834352403
834352246
834313471
834310892
834297097
834285693
834250045
834222631
834198755
834156191
834092093
834084304
834047213
834042229
834000399
833977784
833942264
833940818
833930389
833924340
833908169
833892953
833878965
833860004
833836881
833829081
833794892
833792348
833751563
833711178
833698326
833696988
833692262
833597565
833578896
833568332
833567059
833544975
833464202
833462209
833455109
833434856
833418092
833402727
833397549
833382483
833304424
833289366
833275177
833259830
833200016
833179820
833174977
833157430
833094018
833020509
832998816
832971686
832902058
832883137
832877100
832835528
832822963
832802923
832781206
832762784
832696492
832694915
832618949
832602522
832585195
832579306
832554941
832503154
832471421
832462110
832387259
832330615
832329915
832316337
832265312
832253527
832214335
832207903
832177581
832146398
832087182
832080594
832075930
832035122
831998066
831950949
831922790
831898527
831895830
831885984
831831397
831801181
831799554
831798326
831682995
831659231
831656953
831630343
831627729
831591062
831586020
831565352
831561346
831549978
831489598
831448980
831381662
831374460
831355554
831323387
831313817
831260365
831252493
831241064
831226339
831215883
831169151
831162409
831161097
831141413
831092901
831090171
831063344
831055841
831051540
831050791
831038810
831035207
831028279
830993778
830974820
830947259
830913915
830892400
830882450
830795617
830779355
830740286
830732658
830665005
830647585
830628379
830581214
830492013
830464440
830454815
830454567
830442071
830423446
830403061
830398624
830364815
830344160
830314482
830311740
830291550
830241943
830215248
830208515
830179317
830170997
830130627
830119316
830109050
830094562
830089349
830088859
830070334
830052346
829996524
829992120
829952183
829937793
829906576
829901935
829884190
829882904
829846180
829841450
829817706
829783475
829766025
829760674
829719718
829717839
829710246
829673184
829670732
829628958
829589513
829490416
829439466
829404208
829387657
829382247
829360811
829358904
829308270
829297422
829244121
829222878
829187722
829183816
829149148
829142984
829102741
829095678
829062752
829059710
829044989
828998970
828978819
828920893
828902949
828878172
828845590
828669762
828645858
828624222
828597934
828561398
828551217
828526045
828501866
828489253
828485972
828482641
828465309
828461334
828452482
828428418
828398572
828388107
828383248
828308210
828284728
828270094
828209714
828208086
828173646
828171821
828157625
828150885
828133562
828120325
828099383
828097885
828090194
828071208
827981030
827980140
827956965
827936072
827929186
827896264
827884920
827852493
827843471
827795717
827738750
827712225
827700030
827689724
827681878
827660856
827655788
827653098
827621084
827558870
827552192
827524040
827462167
827434231
827366837
827337808
827317101
827276676
827273183
827261420
827258205
827254185
827189352
827181922
827148345
827126976
827117746
827077565
826967202
826957602
826950136
826881542
826836520
826798978
826779496
826765697
826682348
826650420
826645886
826607586
826600188
826578051
826557492
826543765
826520383
826475652
826441071
826424930
826390648
826329267
826301545
826283013
826269064
826258538
826220522
826151009
826114606
826113784
826100543
826094387
826073375
826052704
826048050
826023846
825990412
825985349
825979036
825928602
825896534
825869470
825838561
825834714
825793535
825777263
825740011
825715134
825701276
825677874
825644351
825634058
825614624
825591244
825566769
825563990
825555588
825547394
825521754
825496143
825455063
825449426
825380084
825363975
825287365
825244140
825179135
825166394
825142061
825099209
825078774
824974053
824968174
824967837
824943776
824938168
824925970
824918238
824913163
824909198
824877314
824826192
824748706
824687065
824668857
824611974
824539397
824525913
824523638
824490633
824482693
824461715
824427427
824423760
824393576
824383660
824379615
824379298
824319350
824306649
824249077
824219325
824192781
824097216
824090448
824054481
824047408
824019484
823975735
823972617
823956212
823951583
823884665
823848965
823844507
823830139
823798797
823773129
823765929
823743967
823707391
823695673
823667749
823656311
823631193
823630203
823600116
823579228
823558478
823523908
823490367
823469728
823435435
823426383
823415324
823412077
823390541
823382774
823339076
823334511
823302845
823279745
823274641
823212096
823203023
823169055
823129967
823070053
823049366
823038929
823029634
823011209
822990841
822985306
822984068
822957463
822955789
822806678
822753139
822747737
822705551
822703882
822698328
822654774
822630565
822543930
822514876
822436172
822411384
822406323
822320963
822301989
822272739
822247592
822205970
822059075
822047273
822014192
821969027
821956660
821947875
821939535
821890681
821890317
821877134
821836377
821798054
821694992
821628456
821621479
821606653
821566711
821539004
821499109
821437911
821412878
821371689
821350709
821333813
821322899
821301899
821282147
821277653
821253584
821221921
821187643
821159117
821115268
821109621
821092263
821084189
821078886
821077466
821059529
821007840
821007248
820969480
820893911
820852404
820840374
820812332
820707691
820677570
820659721
820646576
820635253
820627336
820566474
820485478
820471746
820438542
820392960
820384037
820339591
820319482
820267240
820253316
820235132
820231253
820209613
820194018
820168641
820107209
820053515
819986172
819959186
819920213
819897423
819872749
819858567
819850159
819815021
819761717
819699748
819662682
819653217
819629279
819620656
819612238
819608283
819582414
819492965
819462612
819461747
819411304
819381886
819360347
819359631
819343550
819323326
819272817
819235981
819185736
819125004
819115728
819109036
819084099
819079264
819066322
819058676
819044982
819025309
819002100
818972596
818961327
818920693
818913623
818883921
818860137
818775788
818700229
818693057
818639608
818584258
818581253
818540566
818461648
818450448
818441404
818416989
818367296
818361132
818280033
818268596
818260828
818222697
818217094
818153729
818120502
818103164
818067269
818060498
818027203
817943885
817862449
817837592
817823778
817799820
817795699
817783281
817747966
817698151
817627974
817546445
817537737
817492674
817467204
817459226
817440100
817418311
817413770
817393697
817371841
817362553
817362245
817311758
817308073
817293166
817243376
817186948
817148452
817090213
817089207
817053569
817021946
816987996
816987542
816934551
816899013
816890980
816866529
816862251
816822927
816794533
816782004
816775193
816740806
816699118
816694653
816665581
816620144
816582617
816578159
816576779
816505181
816493940
816481124
816468471
816446832
816443712
816437084
816433205
816427199
816251982
816230288
816229237
816216586
816190896
816163748
816148652
816145563
816143985
816133168
816115363
816003876
815988959
815980234
815949535
815910784
815901640
815895785
815870692
815870386
815844217
815791285
815751233
815743850
815698181
815690713
815670467
815611115
815564114
815515219
815513633
815510950
815509327
815458207
815439150
815400415
815398290
815387325
815338368
815320540
815318377
815312623
815292965
815267574
815259741
815248215
815231785
815205915
815148320
815138444
815125978
815086756
815057523
815034554
815027919
815008916
815003014
814968381
814966172
814922124
814911054
814885538
814859239
814853524
814849461
814847556
814839716
814837756
814799640
814759671
814757637
814733930
814594425
814528240
814469349
814445808
814436670
814424333
814413940
814373279
814360169
814224373
814219070
814208823
814206756
814190204
814174973
814161929
814144128
814132747
814099058
814085421
814062086
814004610
813958560
813944965
813942934
813891505
813873639
813852644
813837464
813803546
813798843
813779742
813759368
813729088
813715065
813699056
813577775
813556953
813511138
813504499
813480923
813457733
813445521
813423242
813404198
813366882
813275742
813249796
813223307
813222989
813190878
813179853
813153213
813124730
813114332
813078747
813021671
812981151
812919700
812849146
812830819
812656658
812647410
812638224
812634221
812622361
812602375
812589614
812565042
812524040
812508122
812503000
812448032
812440293
812424420
812405816
812401982
812372947
812347833
812292359
812289850
812247424
812241657
812237404
812222784
812182901
812179055
812161729
812137826
812129796
812074699
812043106
812036399
812030593
812023948
812014507
811983317
811932379
811917823
811907011
811903929
811875116
811868350
811834335
811819555
811802575
811788822
811787162
811782208
811757945
811674472
811671129
811612654
811611174
811584019
811559181
811547496
811516763
811514397
811503940
811483220
811477357
811470930
811463616
811418668
811402569
811397448
811386139
811336408
811258601
811251789
811198696
811184778
811163103
811141761
811089531
811051209
811036920
811023435
811019291
810982944
810937161
810933092
810853624
810802923
810783538
810781408
810776050
810773043
810732349
810658595
810589684
810581493
810513714
810482233
810458573
810445091
810382141
810364180
810337494
810310229
810267625
810243361
810207771
810162531
810159102
810128327
810111575
810078029
810062586
810039547
810036219
810033042
809997459
809996336
809993818
809977630
809966898
809965767
809961594
809961094
809925174
809918292
809907203
809891532
809877506
809843771
809807891
809797018
809763465
809756208
809745184
809698943
809695794
809666433
809645779
809631639
809606581
809569690
809531990
809503233
809487115
809456214
809452449
809416589
809403011
809357536
809336680
809325737
809266813
809221847
809211353
809193736
809155766
809142570
809102051
809053518
809052206
809046903
809036241
809020421
808979683
808880999
808873765
808865682
808865365
808853128
808835135
808817192
808772170
808757582
808749911
808736558
808733105
808688603
808686258
808674378
808668194
808634068
808595444
808546578
808504649
808466516
808410160
808399023
808357625
808254280
808215015
808187057
808162011
808068556
808026508
807997208
807985999
807901190
807892217
807829121
807815024
807775941
807739255
807733198
807707170
807656138
807643518
807609308
807605828
807573563
807568815
807503034
807475417
807441825
807357034
807291267
807273204
807263655
807251317
807204529
807173591
807170184
807135791
807127698
807122910
807120880
807120030
807105749
807086660
807062107
807038618
807029600
807015815
806921395
806844528
806841237
806822379
806761952
806761185
806745555
806743507
806730565
806694915
806687314
806629087
806595846
806580244
806539358
806525732
806521400
806507650
806501783
806441188
806437110
806400539
806378247
806367790
806338819
806318176
806312257
806271971
806240742
806190928
806170516
806112438
806078614
806061165
806039189
805960351
805939472
805938103
805921916
805921138
805880840
805863486
805842435
805818512
805792867
805740552
805728891
805714529
805709645
805687928
805673175
805666880
805660538
805653989
805613349
805590946
805577989
805500319
805480819
805443129
805436566
805435039
805411258
805393706
805391183
805368114
805358820
805339480
805298603
805263067
805251028
805239926
805236672
805229873
805206843
805204995
805188406
805181462
805177937
805125749
805125549
805123927
805085946
805071885
805056684
805027410
805018189
804979002
804965177
804959857
804943865
804897195
804884861
804882333
804879282
804879175
804866639
804853728
804823767
804782924
804763870
804742949
804660610
804626056
804610865
804609735
804575541
804564942
804516239
804379745
804347149
804336101
804311085
804297741
804274031
804255991
804234043
804208147
804185553
804174474
804171594
804150014
804141905
804130693
804123916
804115866
804086548
804081326
804039606
804004136
803947486
803938963
803935523
803927693
803925068
803901364
803884305
803861208
803821922
803816050
803804423
803792397
803790533
803776472
803774033
803760747
803740985
803695827
803688210
803674442
803667377
803664425
803638218
803608737
803585473
803555710
803528907
803514139
803493111
803473442
803442599
803435213
803400973
803367725
803310627
803298255
803295624
803280521
803230948
803221032
803209038
803203089
803122364
803099691
803074261
803067300
803061689
803030186
803011663
802969261
802963515
802950386
802880409
802802953
802772040
802765115
802748184
802684978
802662393
802662246
802658460
802616196
802599728
802563619
802544445
802535257
802505190
802488132
802474085
802458404
802456937
802396952
802362344
802327718
802309844
802250387
802209540
802187876
802172594
802168975
802167200
802126560
802118789
802056931
802002015
801984317
801918526
801904825
801890608
801845952
801822230
801811865
801808173
