999995401
999951173
999930758
999930065
999903419
999899959
999886538
999868377
999846043
999844424
999833143
999772030
999748453
999742692
999722278
999721611
999701462
999680457
999665873
999639253
999630818
999622200
999606414
999580322
999543658
999540265
999526121
999514677
999462078
999428470
999410542
999383137
999332393
999320509
999320287
999298045
999258178
999238207
999213039
999159432
999155106
999140891
999120457
999090646
999080567
999078511
999061845
999055661
999047574
999045000
999029392
999013059
998986600
998974930
998951654
998947380
998944157
998934573
998932800
998914667
998902203
998884605
998883206
998855623
998848039
998844896
998828027
998819346
998816196
998789391
998775501
998767002
998759566
998706831
998685978
998619329
998585537
998561893
998560807
998511963
998480203
998474777
998473933
998470874
998466042
998454790
998426473
998402915
998392421
998390454
998381324
998360910
998342930
998289715
998273491
998242853
998229940
998196490
998175935
998174551
998155717
998143667
998135718
998134680
998119696
998103290
998080363
998066220
998046708
998036912
998030450
998023784
998023302
997995873
997994053
997989156
997970299
997940814
997933211
997930753
997888029
997867359
997851555
997836485
997826811
997820775
997801867
997771946
997720761
997695984
997692217
997674782
997620017
997617558
997595847
997579370
997574343
997503002
997500630
997490828
997444870
997439150
997402238
997360654
997346880
997316228
997305060
997297649
997289240
997283825
997267070
997217158
997196947
997195478
997156324
997142075
997125133
997120219
997112146
997080061
997044505
997022754
997019985
997019273
997018326
996995951
996979048
996938925
996914853
996897695
996884781
996860018
996841386
996840072
996821403
996807234
996787550
996770388
996710692
996709876
996692740
996686307
996686276
996658558
996634110
996633863
996629178
996599450
996590917
996590639
996585983
996583322
996569478
996540263
996529132
996528527
996526618
996524391
996507468
996497054
996445443
996438296
996424646
996417424
996409799
996407896
996394262
996391926
996390953
996347967
996344395
996327006
996317772
996308467
996297653
996266107
996242221
996233945
996224066
996195931
996185808
996160335
996152658
996112275
996065744
996063631
996024089
996001783
995979963
995952263
995940565
995939465
995917221
995915730
995909406
995905479
995880649
995858817
995855078
995850909
995795898
995793101
995792662
995784227
995731408
995709576
995694779
995665223
995655133
995650649
995647324
995642772
995642041
995619038
995599802
995584221
995581239
995578947
995568135
995562381
995561888
995558199
995510786
995489565
995463051
995446693
995443343
995405567
995399425
995381205
995373577
995360638
995356994
995344985
995344316
995335340
995330187
995321445
995320028
995290251
995288004
995277988
995272982
995272817
995267290
995234192
995205682
995162820
995150524
995139164
995127888
995090629
995085678
995070314
995058175
995054208
995053824
995029675
995008220
995004708
994988928
994948668
994943586
994917522
994906943
994903119
994875165
994842821
994799240
994796650
994782574
994763331
994753552
994747366
994707538
994705566
994657775
994638897
994606710
994596862
994563875
994528056
994490284
994489827
994421980
994394921
994380011
994359670
994351449
994297241
994296962
994287377
994270798
994232986
994209659
994183336
994161360
994153823
994122623
994084435
994077562
994067090
994043434
994040949
994027124
994007810
993995666
993990081
993985763
993969926
993967362
993944794
993920310
993901428
993889954
993859510
993843800
993802846
993772820
993760850
993758632
993734814
993728402
993727300
993721616
993719537
993718511
993694972
993677520
993676291
993671212
993665634
993653961
993652581
993638616
993579746
993561123
993550231
993537263
993526869
993514771
993477294
993452599
993435185
993420838
993403720
993382648
993378646
993376750
993333295
993323585
993296349
993281513
993245150
993237653
993214001
993213737
993207524
993192277
993181521
993169360
993159623
993156024
993148413
993119225
993085258
993049256
993044468
993039720
993022746
993015316
993009581
992992117
992991031
992982370
992975678
992897878
992882782
992836065
992829780
992822629
992821184
992802924
992801409
992790635
992766785
992765429
992748680
992718683
992706303
992700662
992676462
992637096
992612780
992610777
992587491
992573292
992556834
992547715
992544924
992504922
992497175
992483672
992453576
992431289
992430812
992414336
992387192
992370049
992359653
992347420
992323058
992270449
992267578
992249095
992233180
992218584
992213823
992213720
992209846
992163631
992153993
992133658
992130468
992103628
992076324
992062754
992058339
992054964
992047738
992035498
992022576
991996908
991966532
991950663
991921334
991880729
991878350
991845975
991815391
991780321
991761627
991713753
991696719
991686495
991643248
991636786
991624419
991613728
991610283
991598019
991572107
991550024
991543147
991535777
991523673
991511010
991498963
991481995
991466775
991428573
991407167
991394430
991357692
991351493
991345171
991330704
991329748
991328934
991309739
991300155
991293884
991293828
991284709
991271545
991247725
991238678
991221171
991218269
991183875
991179532
991163452
991158780
991113262
991088431
991066961
991048534
991040728
991038377
991026460
991012131
990984651
990982946
990962877
990933323
990931992
990931891
990921478
990904896
990897207
990844693
990815587
990810028
990795619
990793237
990787172
990783085
990761002
990754655
990723387
990703888
990697096
990689611
990671851
990641784
990620148
990594355
990582192
990578076
990553358
990533904
990520927
990504796
990469372
990447883
990433503
990433332
990427219
990419979
990404176
990372686
990352963
990306761
990306542
990289801
990282193
990276097
990269732
990245506
990223256
990213625
990198192
990178518
990169055
990159402
990150753
990145833
990141841
990126825
990116289
990115611
990113386
990089180
990087899
990087299
990047787
989978996
989968353
989922270
989880816
989876910
989873995
989866300
989848444
989847362
989817555
989815458
989812775
989794318
989730513
989711823
989702571
989694726
989653958
989613431
989612700
989578084
989559704
989521957
989517233
989514563
989505014
989464748
989461912
989434890
989428670
989424155
989423606
989406528
989379910
989364465
989359949
989344969
989341345
989327533
989310896
989300066
989289075
989265781
989261003
989256216
989248294
989200608
989168542
989164648
989157998
989136586
989121922
989113243
989065846
989059081
989050098
989049431
989028053
989023811
989015639
989013730
989000737
988941996
988930237
988929364
988908365
988900433
988897928
988879196
988876170
988864617
988848863
988838298
988825629
988810743
988792248
988781695
988765528
988737404
988732738
988705068
988674294
988672386
988631900
988612770
988612181
988592911
988583127
988579831
988576366
988491132
988454873
988451225
988442727
988437626
988408518
988404709
988396252
988335462
988322156
988295712
988265296
988258811
988236383
988222453
988182012
988170266
988167448
988160844
988143526
988127878
988107057
988089989
988076663
988075623
987992957
987990991
987981323
987951045
987939909
987913085
987904645
987903207
987884797
987874107
987856632
987821501
987797086
987795894
987764918
987737051
987734278
987732334
987718590
987710624
987669584
987635522
987595875
987580545
987564497
987554945
987536999
987511610
987465858
987461197
987419508
987409467
987396659
987368687
987352280
987327569
987324461
987300290
987202316
987186659
987169052
987137720
987127516
987059502
987043513
986973178
986967206
986955594
986953353
986904835
986903719
986888407
986845723
986843842
986831724
986817022
986784454
986754275
986737815
986713893
986694998
986681495
986671907
986656897
986616354
986603991
986586216
986559588
986542942
986541122
986486249
986472902
986432462
986352859
986335112
986313321
986288679
986285951
986239327
986216328
986213279
986180602
986165389
986112369
986084588
986053083
986051208
986026831
986021430
985991703
985990687
985967094
985951092
985938085
985888102
985877949
985875718
985855262
985834498
985812840
985797801
985790165
985780984
985771835
985752224
985684457
985684367
985681664
985678239
985670266
985649125
985646588
985630490
985623849
985602538
985590139
985557244
985516980
985508393
985503687
985479285
985477401
985474083
985445095
985434492
985424897
985407204
985400865
985388559
985387007
985360966
985350938
985332691
985311506
985303712
985281144
985280116
985241137
985229620
985196856
985173762
985170121
985136188
985119684
985115550
985109947
985107590
985088220
985082721
985059156
985055176
985036437
985003716
984965995
984964392
984941446
984938469
984910852
984867234
984840094
984837840
984812314
984752902
984746208
984719547
984716858
984695994
984691837
984690315
984662767
984636642
984628604
984590347
984564489
984555882
984546324
984522369
984504176
984496519
984478497
984459989
984409476
984404578
984348240
984321794
984286864
984274939
984266428
984256064
984212820
984197778
984196193
984183725
984179514
984171451
984169129
984156315
984141132
984113922
984108530
984082502
984043467
984034541
983986823
983983375
983961221
983956755
983950788
983936553
983924084
983891247
983852381
983837597
983834967
983826619
983813859
983804512
983767281
983763134
983750754
983707805
983698402
983646877
983627050
983597824
983589745
983587728
983582070
983572563
983563982
983553990
983546854
983507545
983491844
983488896
983487983
983404370
983390411
983377932
983348115
983308632
983300731
983295176
983290838
983288073
983267634
983263698
983241184
983227252
983227227
983126542
983117073
983077949
983058291
983024645
983000992
982980414
982978111
982967751
982948605
982921808
982907811
982882275
982878072
982854304
982838939
982819040
982779661
982778802
982769606
982756404
982749916
982709916
982695086
982692528
982689493
982679298
982666354
982651129
982593208
982578187
982574512
982557601
982552741
982530782
982526692
982526525
982515210
982495534
982494329
982486567
982482242
982473154
982434490
982417784
982408766
982368159
982354038
982286216
982245721
982231960
982230421
982212478
982202460
982196155
982193565
982176355
982165685
982165387
982150575
982136355
982121938
982110090
982109683
982099208
982069964
982016783
982002150
981981291
981952711
981948736
981948428
981925085
981862352
981833631
981815074
981803648
981764193
981758528
981753190
981731035
981707611
981703115
981695719
981671437
981640269
981639103
981609118
981594687
981529208
981497698
981476353
981459718
981448694
981445469
981444939
981434927
981434926
981429732
981401138
981363848
981354815
981333430
981317213
981310717
981302567
981294371
981272201
981240891
981205647
981148986
981136471
981063317
981050924
981028499
980984979
980976534
980955039
980919988
980915398
980878069
980849706
980840336
980837617
980803996
980790105
980776990
980754577
980744809
980737739
980696801
980695573
980683562
980674141
980631513
980610243
980599925
980595664
980593987
980561504
980551086
980545657
980522536
980493300
980486477
980477764
980475222
980460814
980449650
980414648
980411360
980397849
980371944
980352546
980342451
980336189
980319242
980299891
980295234
980289730
980273073
980251741
980229291
980227018
980218562
980171150
980162754
980096930
980092641
980090596
980086495
980059720
980054517
980025551
980007087
979972454
979961637
979947637
979901844
979901057
979877184
979855562
979846425
979813473
979804261
979773144
979761755
979761180
979739718
979730002
979714570
979687690
979678409
979673415
979669845
979642356
979636617
979614376
979607577
979588268
979554740
979550238
979524496
979502300
979467846
979451567
979440429
979434248
979433777
979401335
979397260
979378827
979338815
979315828
979292320
979269893
979255666
979247564
979242944
979220257
979210486
979205678
979194422
979190450
979163620
979163523
979162802
979146118
979137220
979082705
979065230
979034365
979026579
979020121
979003863
978984709
978982250
978965502
978959369
978942874
978928540
978914496
978914214
978900574
978857443
978807308
978760639
978751924
978751027
978746292
978718181
978706175
978626856
978622144
978619876
978597388
978565357
978559039
978541088
978521436
978499093
978498125
978439068
978423087
978420236
978416481
978386148
978372971
978344913
978337580
978269266
978250399
978192772
978186961
978177150
978172964
978156040
978130037
978120602
978073328
978066291
978062156
978057288
978036544
978023552
978019056
978011341
977996841
977960240
977953371
977944685
977902819
977897665
977853441
977803714
977714541
977656954
977656776
977654238
977573134
977564829
977559930
977548415
977498547
977483793
977482393
977479956
977478760
977459042
977440659
977436477
977407019
977405110
977391302
977385332
977383055
977381686
977369576
977320846
977310985
977287880
977248533
977198324
977183311
977179440
977177284
977084268
977082120
977074716
977073982
977039289
977004751
976934130
976930314
976919935
976914242
976904005
976892992
976891508
976888682
976839421
976830797
976827726
976815464
976809856
976803952
976783124
976756085
976739313
976729862
976702969
976680061
976633859
976631875
976574809
976543967
976533806
976517929
976507483
976488335
976467098
976443930
976437660
976423819
976415162
976402008
976367772
976326688
976313638
976313153
976298819
976294200
976269507
976249783
976247899
976219052
976182988
976175725
976172473
976164969
976136263
976120663
976100113
976031028
976004451
975995115
975987979
975950022
975932055
975915693
975911252
975890708
975889206
975886875
975870132
975862193
975849290
975823025
975766457
975751017
975721944
975701144
975699778
975663655
975655817
975650236
975637476
975625669
975596672
975590272
975575694
975565320
975565098
975557927
975549840
975534104
975499528
975460934
975428848
975422512
975415513
975394370
975393130
975371112
975365875
975353900
975293106
975193555
975153605
975151715
975129343
975128032
975120627
975103410
975084693
975066497
975048131
975024031
975019794
974994989
974990651
974973333
974965664
974946621
974934149
974911175
974903466
974859071
974805853
974772411
974761409
974755708
974747803
974726554
974725841
974707819
974683269
974667209
974653487
974647216
974646507
974631455
974604362
974603268
974593424
974574999
974566057
974562096
974536109
974527417
974525140
974513169
974510810
974505713
974493991
974491203
974440803
974426133
974400982
974387048
974363572
974356094
974340781
974322744
974316456
974302613
974271944
974248469
974244083
974210168
974174548
974173662
974168443
974161178
974114697
974106752
974078088
974057597
974041311
974040690
974019265
974009243
973957491
973944636
973943795
973943768
973942119
973924730
973903958
973894576
973894342
973893511
973877898
973847629
973834742
973827086
973820348
973817263
973802093
973796942
973774944
973774189
973741398
973739994
973697289
973693579
973677077
973672631
973655411
973649584
973634906
973627987
973602922
973590977
973572369
973521634
973503558
973498623
973489504
973489056
973486261
973483681
973481196
973458649
973450135
973442910
973420257
973418433
973357945
973324217
973291672
973286997
973242146
973232757
973219688
973213400
973187100
973172505
973158627
973154216
973133909
973133428
973108927
973095972
973067821
973017051
972996871
972979645
972949359
972930472
972927813
972904953
972894264
972849865
972843221
972831592
972819348
972740399
972739675
972730498
972659298
972650527
972639108
972635194
972629647
972601200
972584193
972568394
972565661
972563387
972557973
972534748
972533486
972518845
972471907
972451882
972432473
972415637
972380798
972363880
972356152
972353359
972332952
972287464
972241325
972238163
972223169
972216100
972206750
972197760
972190776
972164208
972132335
972122540
972120958
972086863
972035029
972024436
972017596
972004977
972003164
971990546
971965203
971914975
971901079
971893846
971888000
971840585
971787937
971745987
971713687
971692768
971692383
971660078
971641828
971639271
971638643
971576746
971571615
971516284
971502254
971500094
971492791
971492479
971490825
971477533
971470503
971460034
971458012
971454502
971425437
971415226
971384956
971345143
971325267
971313470
971296444
971282651
971281613
971246218
971227818
971192410
971152390
971139357
971130281
971117709
971112249
971077583
971053772
971034580
971023750
971018796
971011334
971001371
971000468
970981401
970979699
970972832
970951485
970919340
970908595
970861096
970847443
970832397
970799179
970776427
970758229
970714531
970707681
970649898
970648976
970637325
970607244
970589466
970544645
970504700
970477142
970462780
970421747
970417933
970397435
970394768
970383264
970369885
970365093
970364089
970330897
970330836
970325253
970304623
970261011
970242887
970184710
970162736
970148173
970147382
970125112
970119969
970084472
970067594
970047963
970024243
969992409
969966652
969960612
969944620
969912235
969886111
969864220
969844930
969825248
969804934
969787365
969786605
969755743
969739726
969731743
969709959
969679619
969673755
969671073
969656196
969622891
969576572
969575602
969538269
969532468
969513355
969490061
969474397
969453246
969448682
969422164
969327847
969300247
969293831
969269461
969246873
969244891
969230231
969207000
969155130
969139057
969115462
969109015
969099172
969072177
969049917
969047884
969018388
968992790
968950986
968916145
968885854
968879551
968855141
968845738
968841103
968834991
968825331
968780711
968749067
968748979
968746065
968723205
968692622
968665492
968638568
968628728
968618969
968593909
968560757
968546186
968539350
968533743
968511518
968504878
968494072
968469496
968391873
968371629
968366344
968364485
968352362
968320952
968309260
968303648
968298788
968282362
968274828
968263935
968199391
968169536
968127231
968107987
968076491
968070611
968046654
968031536
968030183
968022243
967995362
967971397
967966059
967956630
967939134
967916031
967902947
967889321
967885292
967861874
967854946
967841657
967840665
967823981
967823296
967814683
967812075
967777799
967766146
967734587
967707917
967692065
967679871
967650476
967626961
967598092
967553671
967549030
967546942
967536419
967531016
967511047
967507366
967482531
967467823
967465031
967441526
967426531
967420927
967390724
967389193
967376821
967342222
967304606
967295772
967291359
967276630
967253354
967233919
967219808
967198601
967169247
967165977
967143230
967131068
967129830
967114240
967109766
967108685
967099124
967048978
967041091
967027583
967017599
966987596
966986710
966972546
966972116
966969936
966948536
966948316
966924542
966909840
966845292
966837672
966820821
966805121
966787552
966764692
966759528
966754674
966724562
966716869
966701268
966671537
966665719
966628221
966610809
966604004
966593369
966583758
966582206
966548013
966432659
966424823
966423319
966420862
966417243
966398815
966389527
966387048
966348594
966334167
966315165
966275935
966262714
966242925
966234131
966194166
966189142
966184679
966174664
966174209
966140292
966106522
966074115
966062836
966006994
966002222
965964991
965958078
965913108
965911240
965903803
965882165
965858506
965843396
965840449
965798816
965795769
965792327
965769636
965757289
965728127
965707036
965693512
965686909
965680271
965675400
965667145
965660336
965656298
965633153
965631686
965628088
965619562
965610218
965606647
965585632
965583461
965570926
965549211
965517545
965514676
965510969
965498167
965494133
965493390
965492810
965469673
965462378
965425778
965417175
965408288
965379894
965360940
965329577
965298656
965292671
965281905
965260097
965200061
965175782
965146186
965139903
965128057
965127579
965094159
965082063
965072005
965047663
965041818
965030318
964987418
964974991
964941462
964914315
964909326
964870459
964822140
964813161
964780851
964718010
964712508
964688005
964679015
964659720
964654636
964634799
964628453
964612551
964604348
964579027
964563255
964555818
964533199
964526506
964511630
964483967
964459239
964455343
964427260
964380834
964356051
964345003
964298980
964277670
964253169
964252853
964222541
964197813
964190900
964161973
964035926
964023724
963985967
963961936
963950377
963944052
963943979
963923786
963915587
963910467
963898051
963876485
963867367
963820394
963803899
963800886
963796757
963790359
963789335
963754542
963738343
963708657
963693809
963655457
963606007
963578055
963565335
963557191
963534894
963531827
963478209
963474693
963433338
963424843
963398022
963395486
963372510
963354950
963315386
963280362
963280142
963276841
963259490
963258806
963246936
963241065
963187740
963178908
963154981
963138245
963117317
963098694
963077777
963075646
963067803
963050733
963046594
962983010
962978365
962950228
962943885
962924942
962914367
962891687
962874820
962871486
962844496
962840129
962816744
962787393
962740291
962732721
962691543
962673052
962662124
962628175
962606259
962599020
962594124
962566635
962551253
962537591
962506181
962504885
962500338
962477855
962461685
962447733
962439726
962428450
962425391
962424211
962404152
962393436
962388567
962387060
962351691
962321543
962290880
962274273
962264730
962258674
962237910
962233609
962207576
962191157
962187258
962185927
962167532
962166362
962165442
962102828
962070908
962069830
962035232
962033161
962032538
962030105
961977100
961969177
961963243
961959499
961934162
961931732
961850987
961838062
961821344
961811055
961796933
961795528
961792823
961719761
961710299
961708830
961704210
961682694
961662413
961654669
961640593
961601388
961584020
961580971
961574753
961564979
961561571
961541799
961526187
961519140
961485654
961459690
961451033
961415890
961394190
961378976
961373803
961366567
961352904
961324263
961321677
961304328
961279710
961242109
961232025
961199765
961183009
961176816
961173145
961157188
961131386
961123581
961048622
961048036
961041441
961030713
961028654
961019449
961009531
961000577
960989144
960962548
960957683
960928265
960919332
960915117
960890067
960876369
960863110
960831050
960822934
960815569
960794841
960783238
960763618
960747783
960739455
960732553
960684095
960677088
960670567
960658761
960603436
960550617
960543863
960528260
960507087
960500170
960490243
960453741
960450851
960426653
960416948
960375876
960374073
960332444
960315248
960287548
960283875
960217416
960157802
960139947
960121565
960041456
960040759
959992663
959989261
959965594
959914505
959913299
959895856
959880947
959858685
959851540
959834181
959827507
959820589
959813024
959807442
959795823
959755664
959737016
959736852
959709462
959691001
959657475
959608253
959607022
959543324
959521391
959513396
959490922
959452681
959450853
959414391
959375398
959362401
959361826
959356475
959334230
959314130
959297032
959255135
959224610
959202044
959139247
959128192
959121555
959119850
959101435
959098560
959097555
959084148
959083696
959083091
959063864
959059418
959009417
959005152
959002793
958988222
958987593
958975432
958954515
958951132
958950986
958948230
958934345
958930925
958924118
958910931
958896013
958894550
958870540
958845834
958815232
958803388
958799819
958789181
958716282
958715383
958713015
958706786
958689266
958670566
958669738
958638324
958633466
958619533
958610095
958600031
958566581
958564052
958558825
958556119
958534942
958493828
958474745
958466425
958446686
958408565
958406592
958390656
958387890
958377115
958350695
958350061
958302313
958279929
958259200
958222025
958193235
958185721
958170438
958159301
958131985
958124724
958094838
958081108
958058700
958045468
958044012
958028909
958013547
957981842
957931505
957902250
957870636
957836681
957801825
957773340
957742097
957722507
957719851
957701034
957688654
957688509
957680381
957671846
957671205
957666219
957661894
957656534
957642059
957608001
957579214
957568841
957500066
957488147
957459881
957433669
957425837
957403566
957381188
957371462
957333355
957287554
957281541
957265863
957264591
957262854
957240414
957227471
957194213
957141768
957134655
957122178
957097419
957069374
957041194
956986804
956953439
956942313
956914479
956910944
956896429
956894814
956874729
956873314
956869355
956841423
956828722
956773065
956772495
956771071
956705589
956676276
956674323
956658773
956633162
956622032
956608837
956606407
956584462
956580436
956537741
956510154
956501544
956497569
956479476
956478689
956460788
956448263
956424643
956354363
956324337
956321999
956299887
956272098
956253284
956229280
956188642
956183411
956152479
956142001
956116421
956093296
956084875
956079428
956042018
956030087
956016236
956009940
955981577
955977484
955961613
955960424
955958478
955948216
955926033
955902150
955866530
955863824
955839319
955837185
955817109
955800269
955764579
955755618
955703202
955678819
955649272
955634118
955628564
955603463
955598654
955585474
955579306
955563985
955555335
955529194
955514022
955506377
955490171
955482257
955452246
955421423
955382074
955377636
955373889
955361995
955342122
955316399
955294828
955293058
955273643
955271463
955251634
955249474
955238124
955230290
955219715
955196135
955186668
955182838
955177600
955160691
955106672
955105334
955077602
955046816
955032718
955012996
955005824
954984471
954973337
954946261
954917050
954897731
954843688
954841899
954795173
954766670
954754703
954747831
954732238
954684832
954671779
954652456
954628230
954595472
954578147
954566809
954542067
954489340
954487841
954485834
954476077
954437571
954436158
954435483
954424221
954422971
954387249
954386260
954385250
954326013
954305711
954269216
954268142
954266554
954229961
954229576
954222708
954209346
954177609
954176442
954169330
954161996
954143229
954111944
954086661
954063441
954029926
953992515
953967470
953904236
953898497
953889282
953870416
953828300
953798703
953759775
953749169
953742231
953718762
953696036
953682602
953676611
953675897
953649998
953640392
953636577
953619157
953611017
953580806
953575884
953574850
953534970
953529071
953502112
953494885
953477935
953467415
953405263
953391209
953351548
953342161
953333162
953323565
953318674
953277667
953263566
953256229
953238837
953220839
953195117
953167666
953160985
953139264
953138651
953091098
953086123
953081223
953050249
953042203
953036989
953008768
952984392
952979998
952945480
952940553
952935508
952859898
952851303
952807774
952806743
952799327
952795930
952793892
952775244
952769596
952750170
952712091
952691895
952675650
952672228
952630556
952627058
952623834
952587620
952541411
952541299
952520019
952499973
952498143
952495982
952495816
952466034
952442311
952437583
952398643
952381331
952353980
952343144
952324886
952321597
952318127
952307724
952269754
952256028
952248132
952236569
952234748
952234542
952231137
952197273
952194777
952136150
952125105
952120284
952074676
952046449
952033803
952008742
951993293
951992305
951950462
951945188
951910702
951889575
951876520
951865843
951860570
951828213
951824942
951824278
951794482
951794462
951778826
951766023
951748387
951727017
951694060
951686761
951655274
951639108
951628664
951622418
951622410
951595258
951589488
951574085
951551856
951537163
951526678
951508789
951506573
951497106
951489560
951479890
951444704
951424229
951421351
951417748
951347950
951339936
951335029
951326352
951323417
951291277
951288081
951250631
951250252
951244612
951190822
951187827
951159456
951130264
951127087
951059955
951048570
951034161
951027675
950998520
950972351
950939748
950933537
950915357
950911011
950904010
950885561
950877508
950843612
950796905
950775029
950769285
950763898
950723373
950684954
950683245
950656600
950630790
950594883
950588187
950578544
950574974
950528776
950517621
950504709
950491359
950485669
950484838
950466208
950430987
950414910
950392473
950391406
950386350
950354881
950352959
950352661
950298307
950298304
950258960
950253423
950214983
950174170
950161778
950139869
950120036
950098263
950087088
950074060
950072718
950044468
950018756
949997627
949996402
949962827
949904820
949880765
949868074
949857781
949850061
949827945
949773360
949764157
949747986
949740303
949709903
949709550
949705805
949685254
949673734
949664358
949595690
949549371
949516785
949505262
949479965
949457082
949429441
949420935
949384027
949377006
949375109
949356456
949349476
949334802
949327456
949324563
949320949
949320060
949309329
949302236
949300839
949300198
949282010
949273269
949249926
949223070
949199887
949181397
949149949
949148909
949148191
949136095
949132552
949096959
949093580
949059118
949046779
949023148
949003694
948993141
948977619
948964625
948940860
948926542
948917140
948907097
948899131
948857752
948851013
948845731
948831567
948799798
948783705
948721175
948644272
948640362
948639630
948614148
948611488
948602498
948591170
948569385
948564774
948510345
948476189
948462297
948442309
948441497
948428340
948392250
948385993
948379640
948307765
948276914
948275316
948212710
948183008
948181335
948137559
948133436
948120037
948116618
948081844
948071115
948055176
948030467
948022933
947989543
947977684
947976282
947922166
947919778
947914405
947849526
947812043
947809662
947804042
947787639
947772937
947752202
947714483
947695762
947661040
947623765
947562300
947536649
947528313
947503857
947468232
947436641
947419779
947402399
947373212
947354267
947345275
947328084
947323167
947320299
947298990
947289189
947230853
947177140
947148548
947145224
947122549
947119362
947081117
947078325
947039424
947031698
947007462
947001081
946995962
946967718
946956677
946936306
946924933
946920107
946897920
946889723
946886487
946854126
946814666
946811024
946800348
946763687
946731164
946721732
946695454
946682178
946666260
946651375
946637023
946614976
946611063
946600136
946593026
946574188
946545572
946537731
946521823
946520166
946484356
946476786
946460120
946454535
946452387
946443049
946414111
946409776
946389593
946365827
946351745
946349924
946341273
946303422
946272136
946241735
946238893
946212606
946202977
946187604
946178462
946164473
946132656
946077046
946063613
946033140
946006926
945992626
945961705
945940382
945936654
945929207
945925680
945879232
945878474
945873618
945825234
945772188
945737976
945735339
945719146
945684069
945662862
945647061
945632606
945629168
945610201
945597108
945551956
945550721
945526838
945509066
945446827
945425887
945419928
945379633
945377739
945376131
945372787
945363196
945355096
945351841
945344627
945342636
945339591
945334757
945294115
945284342
945276819
945260187
945259849
945256611
945243196
945227038
945196568
945169180
945109470
945105563
945102162
945086374
945067060
945019230
945013540
944996775
944965655
944964590
944945718
944940535
944899222
944889325
944876417
944868571
944834417
944820051
944800623
944790196
944768537
944751217
944736895
944730547
944677731
944581452
944578900
944563513
944551439
944545477
944511657
944466534
944462257
944450252
944393943
944344507
944312194
944305242
944300746
944290679
944264527
944257526
944248882
944241966
944226644
944217147
944209539
944202028
944188899
944169047
944133461
944123522
944122190
944091077
944084089
944080468
944073233
944069065
944043283
944018448
943999731
943984219
943920366
943873660
943837133
943836519
943820842
943802855
943784824
943756058
943722814
943684184
943676289
943671081
943658813
943648568
943641032
943623262
943621341
943618463
943570085
943543395
943541751
943534671
943516448
943473179
943446908
943429797
943421798
943418877
943411392
943382728
943348126
943346782
943304576
943232895
943229620
943220539
943197044
943194763
943177374
943163630
943157670
943135640
943111399
943087279
943041485
943020464
943018702
943007751
943007107
942980380
942971133
942961668
942928644
942925508
942893836
942879047
942866943
942840375
942807862
942776284
942765945
942760617
942680950
942648775
942612164
942579684
942563466
942558657
942540255
942537654
942528458
942520580
942513236
942490861
942451481
942438065
942422277
942385378
942374227
942370808
942320654
942244313
942217337
942177672
942147723
942135474
942131105
942104451
942102778
942091383
942078001
942074372
942069615
942064228
942051227
942041381
942034339
941965954
941955258
941941012
941934133
941933232
941919529
941907844
941893997
941880061
941880046
941869847
941849344
941815283
941813946
941801558
941791424
941779112
941760315
941747308
941744459
941717486
941708306
941700704
941659191
941657369
941653485
941628120
941618083
941610300
941588294
941568334
941567567
941557611
941544073
941531818
941501708
941454961
941441168
941404314
941393632
941359289
941339221
941304558
941296743
941291613
941277061
941263104
941235528
941218499
941187439
941178903
941155360
941151493
941130783
941117224
941112270
941082708
941067181
941052718
941047758
941034683
941029052
941005749
940985237
940981492
940962670
940939743
940909455
940823183
940808475
940778365
940727641
940716557
940715022
940706694
940688195
940641230
940568514
940538335
940533447
940529692
940514250
940513840
940433725
940407945
940407237
940385003
940373493
940312782
940304774
940288707
940277124
940264234
940231140
940189514
940188297
940186273
940178278
940169837
940162643
940118764
940105736
940077680
940042321
940027505
940021679
940012039
939977952
939973622
939904794
939876062
939873844
939856587
939848901
939814261
939790719
939789942
939773664
939771713
939769276
939746077
939715214
939715047
939668891
939657808
939629140
939615659
939615208
939607745
939562339
939561599
939545057
939523592
939515524
939500312
939494694
939460841
939455039
939436479
939429915
939412430
939395040
939391787
939356539
939330246
939326271
939262463
939231939
939161131
939145564
939142675
939102598
939070870
939064255
939003887
938994060
938985287
938978435
938970934
938961513
938939420
938910124
938879824
938870987
938860045
938787165
938765701
938760089
938744251
938691718
938661956
938655240
938641782
938636748
938625484
938598903
938597801
938584024
938581631
938581393
938564908
938536854
938524267
938518767
938492473
938401182
938388588
938377660
938366364
938348008
938322064
938297511
938279951
938274434
938259417
938238995
938232088
938201750
938185711
938181146
938120059
938029329
938014095
938012572
937983997
937982301
937976309
937960723
937920206
937906517
937880888
937848148
937845746
937819711
937794961
937790720
937762489
937736938
937710278
937703992
937698820
937685979
937647568
937609181
937602088
937593330
937558347
937545542
937541080
937519799
937511391
937452809
937434503
937412511
937412091
937409100
937396741
937385319
937381355
937378410
937360604
937329126
937299132
937275825
937215949
937180768
937178479
937173190
937169279
937168982
937115191
937094073
937003587
936984305
936947353
936929802
936912225
936880074
936870426
936859994
936837966
936821326
936788672
936776372
936767402
936747545
936742742
936733751
936715540
936711087
936689167
936683580
936680455
936665004
936653387
936630058
936578920
936542896
936491148
936490984
936483217
936459609
936424349
936353213
936337910
936337021
936328509
936279905
936272526
936268566
936264242
936259745
936234799
936208391
936195151
936191855
936176116
936099427
936089813
936080802
936064918
936040818
936040742
936024393
935998824
935992440
935967490
935964974
935961742
935926636
935908927
935824985
935809526
935800735
935793793
935759966
935747594
935718389
935713808
935707976
935686777
935665488
935619214
935604782
935531904
935503134
935487266
935456970
935406161
935389338
935389123
935367410
935300086
935297444
935290192
935273153
935240088
935160335
935157095
935138698
935137391
935107032
935102359
935097157
935094404
935077070
935071737
935031915
935024248
935002655
934964491
934936600
934921988
934879466
934857743
934854266
934819779
934815155
934804717
934786142
934742337
934703306
934694175
934682847
934658527
934656475
934637372
934624822
934607633
934582839
934554548
934543091
934503982
934503020
934498942
934491860
934489459
934455719
934449178
934443715
934366358
934323556
934299616
934285497
934260043
934248125
934244109
934233650
934196190
934157041
934150690
934148224
934132106
934122220
934118442
934095753
934024790
934020695
933964328
933954346
933898865
933876986
933852068
933791661
933684733
933671799
933659688
933642159
933589427
933571238
933561802
933543581
933526053
933525192
933521509
933477721
933463736
933451279
933445063
933430477
933396059
933350564
933335764
933266655
933256992
933239876
933220652
933212971
933192600
933185029
933111360
933087648
933061926
933031798
933015241
932989944
932968484
932955406
932952673
932906126
932852809
932844330
932841132
932831537
932806237
932795984
932777153
932760908
932744467
932704730
932702802
932681424
932669984
932597981
932595586
932553099
932520436
932513892
932496103
932495871
932493263
932479025
932465846
932447129
932421542
932409614
932398074
932365529
932348869
932343716
932337149
932319647
932301442
932281401
932245311
932219150
932216676
932213139
932210814
932180123
932166263
932117047
932061870
932046215
932038523
932014768
931988817
931971484
931964412
931935650
931919184
931888717
931866278
931855012
931850054
931841985
931805567
931791247
931756799
931754198
931742783
931742073
931739412
931734589
931714593
931703146
931679351
931677089
931654887
931647272
931638156
931635251
931632470
931608438
931602820
931553395
931536422
931479949
931471016
931440483
931439015
931433307
931432726
931431771
931428589
931415266
931401330
931397751
931389400
931362657
931325903
931313377
931305381
931274751
931266260
931260157
931231033
931211132
931186705
931175635
931156691
931129661
931070732
931035610
931015893
931013337
930993193
930946231
930892399
930873197
930840516
930804776
930794265
930759872
930723931
930722937
930705344
930685740
930672834
930656118
930648117
930632970
930586819
930550899
930532011
930484734
930482011
930454230
930426833
930364670
930316470
930309433
930307888
930305646
930272393
930243411
930225013
930182073
930141046
930115080
930099439
930084806
930075910
930045346
930042212
930024391
930005667
929977975
929953367
929941223
929933699
929925554
929900149
929883410
929855662
929845415
929844737
929794979
929794525
929781248
929765235
929761990
929759886
929740980
929732509
929724909
929721218
929716898
929700267
929694940
929680984
929678893
929635782
929631123
929620950
929594455
929571218
929526185
929498300
929441687
929440446
929426165
929394573
929374902
929352600
929345791
929341715
929332284
929263027
929243816
929233449
929221864
929185334
929150298
929117927
929114064
929059676
929051221
929029901
929017510
929009912
928968626
928963747
928954324
928923453
928906689
928906022
928899542
928892725
928890597
928871184
928851134
928822212
928767427
928760872
928746809
928725264
928714502
928712150
928691569
928677440
928649124
928639394
928618749
928597125
928594589
928588446
928554391
928552290
928534901
928518689
928506420
928499208
928457551
928452995
928451702
928386237
928377071
928375886
928351505
928322828
928278787
928258608
928241468
928232941
928220174
928200532
928189284
928176744
928156362
928149020
928135631
928112560
928087469
928076130
928066268
928030517
928015837
927977356
927934359
927922794
927908624
927902181
927882251
927881782
927853163
927841677
927837714
927821700
927785717
927770167
927746848
927723183
927721520
927715124
927701003
927700488
927690959
927690654
927687633
927675008
927657155
927624715
927611587
927539599
927509262
927502055
927481668
927415235
927380083
927365262
927350832
927345844
927302705
927291903
927285406
927284564
927228205
927224321
927222404
927208926
927130579
927126163
927118610
927101208
927101132
927083574
927066737
927061490
927057427
927019578
927016936
926930013
926928006
926923236
926912372
926910750
926890468
926864969
926859618
926837350
926824043
926818172
926795287
926753197
926752153
926741136
926645236
926539896
926498895
926483484
926480420
926476968
926465020
926455306
926401483
926391047
926372236
926331296
926316136
926300373
926294989
926293841
926281312
926226489
926203431
926187934
926162045
926137914
926130513
926091944
926069063
926068132
926054597
926011861
926008117
926003425
925974948
925950753
925931325
925914789
925905578
925862774
925844914
925832611
925818718
925800193
925785784
925766069
925732351
925723353
925710313
925674448
925673852
925670301
925657643
925630302
925617967
925604089
925587909
925530589
925515653
925490649
925478337
925449719
925424129
925394118
925371995
925364229
925346666
925346327
925339860
925323774
925284956
925278512
925275014
925257427
925246347
925240505
925206755
925188699
925155354
925109843
925107044
925106540
925099058
925089777
925071889
925050641
925013330
925005282
924988149
924987975
924950111
924947497
924944427
924938548
924929228
924921235
924907349
924888487
924870857
924843288
924798339
924794493
924756886
924681984
924652659
924642026
924631201
924596910
924590599
924560729
924495126
924480860
924441694
924438822
924434571
924402605
924383747
924358994
924357871
924288443
924269901
924268151
924265592
924263333
924252922
924251070
924203838
924193286
924187183
924168599
924155985
924139529
924094894
924016152
923986229
923966499
923958675
923932681
923919309
923879649
923840961
923764508
923757076
923739396
923696659
923687707
923668697
923658795
923642072
923635260
923613050
923605698
923512122
923501532
923482499
923475692
923458910
923447297
923444815
923441147
923429813
923403944
923396558
923389544
923372606
923359859
923319768
923293564
923270606
923258572
923255440
923250104
923247236
923213888
923212161
923191336
923180460
923178127
923131961
923121547
923118155
923093007
923073437
923072655
923028852
923019581
922985798
922982050
922968088
922957120
922955287
922939509
922922845
922901862
922896078
922867206
922855105
922845860
922809932
922784096
922761287
922728044
922710397
922693963
922666849
922648125
922632714
922622146
922603701
922603146
922570064
922567345
922506240
922469383
922452341
922415847
922415732
922362801
922330177
922301820
922294018
922268077
922248177
922246585
922164084
922140411
922106091
922088022
922084639
922083484
922068343
922064363
922063849
922063003
922050737
922036794
922029867
922011024
921982266
921966296
921927567
921895676
921877646
921862407
921853337
921833256
921788800
921774433
921740879
921738205
921704119
921659523
921644100
921622813
921593968
921569194
921548072
921502652
921452235
921435464
921422169
921404582
921351203
921344740
921273076
921226034
921111977
921107936
921102963
921089511
921060505
921033897
921024263
920996282
920985002
920973148
920960715
920953059
920948677
920938058
920933959
920849651
920807169
920790298
920755602
920754554
920721838
920712282
920684078
920673807
920669133
920655954
920653172
920640674
920636019
920572832
920538870
920531091
920507581
920506329
920502840
920490463
920468676
920440810
920427349
920419490
920417222
920406811
920381907
920338693
920327833
920296986
920251506
920248626
920242065
920236435
920223886
920199045
920173680
920163214
920139830
920100459
920096470
920074908
920071900
920039980
919964877
919948629
919942233
919906394
919893573
919879044
919844966
919843174
919817031
919788691
919760811
919755297
919742573
919731923
919726498
919713354
919699017
919695043
919689396
919657228
919609330
919601341
919595981
919535467
919514704
919433603
919427390
919406660
919364548
919309667
919303908
919302665
919284892
919279836
919275099
919270797
919268543
919191475
919175148
919161292
919139256
919106673
919073243
919043080
919027854
919011568
919007711
918955786
918943428
918933336
918916582
918914867
918905313
918881807
918879632
918862345
918860572
918856623
918818992
918812523
918793020
918745903
918735574
918713927
918680720
918646784
918641161
918610734
918597418
918593394
918572589
918572360
918565709
918495724
918483477
918483222
918467762
918450692
918403970
918388887
918387187
918330366
918313398
918298526
918267491
918260417
918256668
918216710
918192605
918173513
918149573
918135587
918118750
918113556
918084992
918055895
918023019
917963289
917875854
917818444
917818215
917786281
917766681
917751278
917740655
917705283
917694749
917681423
917631765
917628391
917562939
917537003
917522469
917520499
917519438
917518321
917502468
917497881
917480440
917462696
917407717
917389519
917385720
917379181
917374842
917374212
917352109
917351014
917345018
917290437
917274955
917260651
917249361
917244767
917230167
917215396
917211589
917195671
917189120
917152593
917130403
917129301
917094245
917088079
917080631
917047404
916962212
916948716
916935214
916914625
916888143
916887634
916877891
916826694
916820055
916755925
916754428
916737404
916733390
916730945
916728230
916716885
916691473
916653589
916649023
916640759
916615928
916608629
916598485
916556120
916534029
916528775
916528616
916525505
916478806
916450069
916437382
916432890
916423924
916420222
916403532
916387595
916376884
916368858
916356531
916331384
916308746
916304939
916295187
916286731
916231719
916206838
916196019
916164002
916158616
916123250
916099581
916086389
916083695
916075371
916073959
916060202
916050590
916044975
916009899
915993519
915974425
915950101
915924950
915924657
915903964
915884277
915880659
915875413
915839218
915834216
915815938
915775612
915705610
915691495
915666430
915655282
915631606
915538128
915534843
915508349
915468276
915459559
915436765
915427292
915390522
915387949
915370799
915362356
915348515
915336516
915326276
915324175
915314023
915307041
915304070
915283840
915259600
915222246
915215615
915200164
915182359
915182234
915176204
915172214
915153935
915153662
915150855
915059891
915042468
915028374
915017749
915013478
915003546
914980480
914974597
914947797
914942014
914906783
914878348
914860809
914836272
914826246
914823902
914819558
914800382
914785113
914780340
914722495
914715899
914713357
914696415
914669122
914659146
914657834
914610433
914554229
914553056
914532537
914519948
914500376
914436501
914419361
914360088
914350190
914346084
914306974
914236437
914219311
914217947
914211903
914176210
914157893
914125247
914121258
914113447
914087581
914055386
914054456
914037136
914020216
914001417
913961615
913939106
913933459
913930933
913912410
913902151
913902061
913881973
913875568
913838491
913836978
913793258
913785995
913779689
913773744
913772050
913748444
913737061
913709427
913698014
913695018
913667487
913569614
913530007
913524667
913514024
913491336
913422836
913375387
913355900
913344402
913297997
913257707
913242127
913226754
913225446
913213513
913203352
913165488
913158295
913122775
913106271
913064162
913051368
913020529
913020360
913013258
913010119
912981016
912960097
912958052
912949383
912934969
912907483
912888835
912782682
912755884
912753689
912727466
912681660
912667542
912654920
912642003
912617359
912609109
912589213
912578358
912568025
912503756
912485860
912481641
912474591
912433311
912403002
912374366
912339757
912310839
912278401
912218152
912159375
912156411
912152637
912151613
912107416
912087020
912079611
912066068
912019413
911980271
911964827
911963160
911962585
911959231
911937688
911936275
911912337
911899909
911865641
911855453
911808699
911785816
911782665
911774153
911761026
911750818
911694162
911689189
911683315
911674056
911664009
911646783
911643877
911619892
911592065
911580556
911543216
911509809
911506021
911496848
911488811
911488552
911413553
911392607
911347416
911321785
911314682
911295754
911243061
911222581
911192359
911161623
911099382
911063473
911046701
910950272
910949776
910944544
910943812
910924407
910923206
910883148
910874519
910828830
910823885
910819749
910769642
910745675
910744028
910743300
910721535
910709856
910669454
910658505
910654831
910626939
910614246
910556255
910537427
910520273
910502213
910484243
910478294
910474884
910441753
910411401
910405942
910375813
910336967
910325074
910306700
910288222
910272529
910221209
910184552
910161587
910141087
910136913
910113651
910081572
910067422
910060474
910057116
910033513
910022399
909964006
909955952
909929055
909919232
909873913
909840262
909804674
909779886
909758344
909752097
909749604
909720777
909669067
909660813
909648695
909638365
909628720
909627781
909613238
909584095
909569504
909558055
909542632
909516550
909500677
909459826
909454925
909424835
909418242
909399385
909350836
909325113
909313275
909302754
909275977
909217193
909212941
909192197
909132420
909130032
909115186
909101670
909069721
909055838
909027762
909023658
908981555
908976749
908971781
908937318
908935367
908915449
908904236
908868742
908866692
908857177
908827026
908807901
908794291
908778546
908776697
908751402
908735078
908702230
908697965
908677805
908673363
908667205
908655424
908609401
908588678
908569460
908562128
908461018
908458805
908417742
908388368
908341881
908335041
908328702
908308414
908263502
908257765
908245427
908205782
908202192
908196346
908192940
908174730
908144270
908102662
908091432
908059110
908035247
908017313
908016662
907990890
907980400
907938542
907932901
907888787
907825002
907819273
907796174
907793965
907772837
907769882
907753726
907741438
907677358
907669837
907657882
907596689
907560407
907520723
907494199
907488227
907482971
907472406
907434697
907423991
907420821
907294242
907282529
907258393
907253619
907213761
907205389
907192842
907192623
907188987
907177891
907122385
907112469
907083596
907041504
906988119
906970517
906943121
906926115
906920914
906918739
906898478
906869459
906836836
906830740
906818518
906786398
906773993
906746910
906741051
906740662
906689257
906648967
906619718
906611102
906592414
906578586
906564967
906562163
906550316
906548793
906538316
906514528
906503006
906485796
906482797
906481295
906468941
906439882
906409612
906380648
906353700
906221647
906153829
906098106
906066967
906057935
906023829
906002818
905968926
905931436
905925848
905919463
905913559
905892910
905880121
905866796
905830034
905800220
905794456
905787320
905776195
905757264
905719306
905714406
905673788
905664007
905634515
905633053
905575291
905566826
905557873
905509576
905473685
905472180
905423363
905409680
905407324
905384069
905314675
905312377
905306049
905291934
905268906
905232067
905216543
905163954
905129193
905090415
905079440
905070144
904978661
904964263
904937051
904911592
904904056
904891631
904866217
904856172
904783276
904762369
904738141
904714675
904710677
904696092
904676993
904669527
904626981
904613679
904597861
904536071
904531259
904508649
904491426
904459609
904442615
904408076
904393634
904382997
904354012
904343680
904337116
904333845
904320762
904319371
904291814
904277971
904267402
904265764
904261692
904258981
904244597
904222439
904203801
904178762
904169214
904155753
904125356
904108078
904084666
904075341
904011789
904007616
903991381
903978850
903920155
903892036
903857435
903846139
903845272
903817981
903761760
903749817
903665089
903636212
903611746
903606875
903586955
903545794
903473318
903460804
903414212
903393621
903381717
903327906
903321155
903310971
903292529
903264183
903184934
903150969
903093970
903081228
903059145
903012716
902964012
902954705
902923442
902916875
902909525
902908185
902889254
902798989
902771941
902714320
902680047
902676347
902647212
902570750
902511646
902470008
902432463
902350885
902343991
902342728
902326288
902309548
902287956
902278377
902261287
902219517
902168343
902105889
902073556
902037944
902012246
901989647
901986987
901959020
901958658
901944533
901942164
901931719
901906772
901899256
901899060
901898889
901854134
901832910
901831871
901811116
901804605
901801150
901797997
901771536
901769207
901751264
901732283
901721559
901678766
901658919
901645864
901616496
901569687
901560957
901552584
901506403
901441506
901408236
901400692
901381158
901373835
901341604
901324167
901287901
901223314
901220164
901204595
901177869
901176723
901163507
901146382
901134806
901097536
901067763
901065274
901057545
901054602
901032064
901015158
901014727
900983620
900981009
900977411
900971008
900954793
900952338
900928661
900907352
900897384
900887250
900838025
900829607
900796171
900787088
900780235
900737577
900721226
900718528
900680410
900677646
900656832
900637444
900612657
900603399
900562620
900542508
900512041
900476565
900456162
900454855
900405572
900371354
900347899
900281369
900242156
900233452
900217085
900201623
900193059
900150378
900100988
900090756
900069200
900014758
900006400
899989126
899979636
899967841
899966960
899962815
899953593
899911463
899839359
899807617
899775363
899724512
899707073
899690803
899685157
899680712
899680445
899638698
899627942
899608286
899537165
899508550
899507286
899443668
899423300
899408384
899376971
899352094
899347201
899339891
899336440
899318956
899300958
899269830
899256316
899244918
899220439
899214752
899189595
899170767
899155253
899153910
899148010
899106561
899085330
899063441
899006414
898962862
898917392
898910116
898897881
898878126
898875424
898841095
898824601
898738742
898655984
898650714
898621695
898621656
898549227
898507478
898493968
898483563
898448948
898447451
898446150
898425565
898417301
898405378
898379107
898296935
898276683
898243851
898231606
898215028
898202667
898196160
898153440
898148999
898123154
898120928
898076681
898051638
897992847
897982191
897973611
897970418
897964441
897916245
897890133
897862548
897837006
897828068
897738377
897719448
897717918
897654824
897633325
897616951
897616081
897601610
897598730
897589945
897577904
897572550
897540619
897528251
897487444
897485986
897456766
897436751
897430566
897412849
897407004
897398239
897385229
897357909
897336658
897320195
897286185
897272593
897262819
897232206
897211107
897181543
897171535
897171513
897158410
897149172
897129148
897086514
897079171
897024615
896963064
896943768
896920560
896872288
896862668
896827134
896821507
896815890
896792646
896790230
896782005
896781351
896762195
896759441
896720619
896705163
896637061
896613746
896557651
896556714
896540040
896530274
896520619
896499295
896497417
896421923
896404434
896398645
896389126
896382862
896379366
896373001
896369203
896363566
896354425
896317018
896270907
896229993
896199048
896181466
896081829
896067456
896042881
896032646
895974912
895961398
895936580
895928017
895899675
895878680
895871526
895859755
895857075
895833022
895813352
895789587
895778893
895757486
895744372
895733676
895695058
895688349
895674128
895629427
895594912
895579711
895571235
895564473
895514672
895475289
895468317
895457081
895449319
895335709
895318468
895290903
895272102
895241183
895236818
895234804
895219796
895198855
895178819
895159529
895145148
895114443
895052411
895034612
895031049
895028962
895015639
894990996
894942586
894931148
894905102
894891821
894885654
894835999
894835412
894811704
894785992
894738703
894722973
894694504
894686845
894686657
894679938
894656610
894636062
894587544
894540703
894534425
894530935
894518915
894483211
894471755
894450921
894443077
894395727
894372216
894353779
894328510
894222143
894180593
894168048
894166338
894162373
894146607
894135371
894087560
894044617
894026919
894018981
894006027
893979532
893969512
893968613
893948224
893945905
893926465
893910675
893885954
893873364
893782773
893781061
893745752
893705672
893694161
893681135
893673928
893636803
893628047
893572528
893544246
893537210
893534560
893530586
893524097
893502648
893463483
893456551
893446611
893431562
893426734
893401841
893367127
893331819
893266335
893201127
893173331
893107157
893086148
893069412
893044949
893029214
892959041
892913680
892908399
892886048
892877219
892848973
892828729
892819471
892774481
892764823
892755370
892741149
892709964
892676655
892669304
892665308
892643901
892610119
892601458
892594596
892487728
892398747
892371025
892327714
892317141
892305241
892288416
892279412
892265319
892261992
892255888
892213215
892209241
892202425
892201538
892181940
892133269
892095359
892074616
892022916
892004390
891988356
891934995
891900880
891894598
891855595
891726642
891715908
891692298
891669139
891663176
891632502
891615160
891614415
891592164
891585045
891576353
891567338
891560370
891517689
891499600
891490434
891490347
891472143
891453583
891432650
891432326
891419391
891404558
891368924
891355085
891316118
891282090
891266811
891240372
891213730
891197589
891191676
891175879
891140341
891135382
891132389
891088690
891070135
891064501
891031599
890996510
890980823
890945171
890941774
890933794
890914209
890910687
890898439
890876710
890800552
890794469
890737865
890677025
890623640
890571275
890545838
890492383
890474672
890403347
890375794
890350765
890336645
890294754
890259647
890227186
890217139
890188903
890188362
890156596
890153235
890150848
890149740
890120203
890112162
890099629
890030431
890028203
890026802
890026493
890010026
889986466
889979338
889962011
889957345
889956475
889943854
889927749
889916189
889915748
889892250
889886078
889845834
889843046
889837783
889833858
889833111
889824420
889812569
889797259
889761805
889709134
889693162
889658013
889642006
889596666
889565094
889546560
889529339
889518817
889481183
889451266
889446214
889438397
889433658
889411948
889388071
889382100
889362004
889347064
889305628
889266483
889265357
889176716
889144334
889109377
889089586
889072569
889043514
889025976
889010351
888996853
888982788
888964178
888945944
888923691
888916957
888905217
888889315
888874410
888867344
888828474
888827245
888812470
888793793
888738967
888717037
888678597
888677899
888652698
888646727
888618397
888600496
888579368
888573721
888539532
888539501
888500545
888497533
888470161
888460395
888456180
888410712
888404658
888378113
888363844
888334394
888324433
888308601
888262301
888254604
888205518
888203120
888126186
888124796
888110324
888037164
888034905
888016131
887996553
887955582
887946556
887937024
887935762
887933572
887930163
887901576
887895959
887883620
887875265
887866652
887833159
887784676
887771718
887732917
887678857
887674536
887649524
887626103
887621743
887614090
887578736
887553733
887552861
887533101
887527987
887513877
887502282
887490912
887465021
887458693
887385140
887355247
887346560
887333277
887309481
887292187
887291141
887206162
887185358
887051562
887040159
887038278
886994813
886976585
886944902
886930675
886928891
886902444
886838156
886816101
886797541
886759655
886753552
886698315
886685421
886659688
886600643
886577736
886557434
886549197
886543341
886519902
886502644
886498096
886497349
886488163
886421345
886282677
886273667
886240752
886236818
886223217
886197890
886166921
886162954
886145470
886144502
886114541
886113203
886102988
886096739
886087974
886077441
886062105
886055460
886051311
886041247
885999633
885971772
885967386
885938210
885925169
885803671
885766069
885741327
885705611
885689799
885664168
885624475
885613246
885606686
885548624
885545480
885538497
885534694
885528641
885513989
885499954
885493580
885485927
885423613
885399521
885383603
885357126
885355228
885326120
885291027
885271781
885253605
885233922
885213760
885206853
885150487
885146321
885115025
885100000
885072583
885048055
885020910
884990289
884954301
884942447
884932551
884918038
884907334
884896680
884890977
884868471
884847643
884818110
884721913
884715268
884669200
884614551
884595189
884535191
884500707
884465053
884446740
884432187
884420443
884394790
884393159
884381657
884367077
884357061
884324336
884310560
884304666
884267053
884204775
884187648
884173901
884171008
884153905
884126443
884120451
884094345
884086398
884082776
884065245
884064311
884036125
883996259
883968861
883867782
883861331
883857360
883830069
883822835
883817368
883781328
883760502
883727416
883702245
883689808
883677610
883659644
883629447
883562725
883483251
883455463
883442591
883425534
883422480
883362155
883348907
883313711
883301095
883282917
883274700
883263399
883164129
883132371
883083272
883077172
883070230
883041854
883027688
883011047
882973311
882905660
882895381
882866807
882817617
882726418
882720794
882719200
882697332
882653288
882631058
882621732
882598497
882529831
882527518
882521488
882498043
882469586
882423080
882408256
882403918
882360725
882328408
882287357
882269038
882255481
882249462
882208182
882128163
882126402
882097642
882091682
882091201
882048021
882045901
882037169
882036808
882026110
882010033
881998307
881971691
881971635
881939462
881932177
881916003
881908760
881832995
881806345
881781039
881762634
881725831
881641951
881611921
881581947
881544552
881527960
881519796
881494131
881454530
881433711
881396916
881369621
881363952
881342156
881324324
881318336
881311628
881284403
881249024
881224030
881129742
881115098
881107999
881077083
881039788
881033717
881022525
881020511
881020356
880991128
880976807
880906273
880887970
880879181
880875891
880861497
880832749
880816687
880807965
880785470
880752423
880739604
880731956
880730523
880706236
880683082
880645026
880607613
880559207
880550236
880536710
880532001
880497877
880470412
880418723
880411148
880330939
880247351
880238786
880162089
880149651
880138330
880126164
880124654
880099613
880080572
880075988
880029334
880027590
880017221
880007066
879999477
879997924
879968507
879908668
879878651
879868155
879837863
879825843
879821156
879815616
879751700
879686945
879669754
879624652
879600928
879587452
879565060
879539984
879523525
879505020
879491195
879485074
879475796
879443470
879435140
879356066
879336890
879327766
879284527
879251959
879227748
879223402
879202968
879161088
879143804
879101007
879089165
879082023
879068395
879061795
879051607
879033527
878982943
878943551
878925289
878924849
878850198
878847517
878794754
878746761
878691234
878655688
878649507
878640947
878584051
878560377
878558247
878540302
878537085
878530886
878518431
878516698
878494309
878484652
878473650
878435365
878397949
878363240
878338114
878328725
878268676
878255889
878234344
878205021
878165871
878157950
878117118
878111348
878066120
878005263
877991051
877984978
877970019
877917895
877862017
877855213
877840039
877820487
877815146
877814084
877801184
877792260
877762790
877717903
877698519
877658042
877657781
877644771
877625339
877610515
877608528
877602522
877575520
877565554
877554288
877515595
877487109
877477419
877459449
877454028
877442013
877306994
877292775
877268415
877261278
877256927
877217029
877193168
877128843
877096066
877086101
877052913
877045174
876956836
876944745
876942186
876888262
876884809
876857794
876850458
876828051
876814081
876779797
876758362
876727201
876719101
876715873
876667647
876625091
876596306
876587440
876567478
876558655
876539238
876528450
876517271
876510467
876504854
876494060
876478272
876443128
876437525
876420423
876371663
876328705
876291141
876242737
876206980
876176031
876158958
876157660
876146061
876144988
876087027
876069159
876034880
876020568
876012482
875984559
875973942
875927595
875920129
875908529
875860949
875837602
875809753
875785342
875774774
875763449
875758406
875746018
875726973
875711789
875642468
875633597
875595801
875591339
875585081
875575450
875561202
875544439
875500797
875473420
875441377
875433583
875418893
875389194
875372847
875340969
875332127
875325025
875317336
875311157
875267361
875234437
875167558
875163281
875149524
875106739
875099550
875067988
875042142
875028526
875016803
875012746
874992025
874970256
874932914
874906929
874887943
874853081
874834606
874805799
874792051
874763253
874739459
874703706
874691687
874663519
874655300
874650351
874637840
874589796
874580832
874521825
874505922
874493615
874462887
874461238
874459007
874444689
874419207
874394892
874386920
874361452
874359926
874317566
874311363
874261967
874235525
874225439
874170376
874156245
874118764
874093383
874091457
874077227
874055329
874048271
874020448
874009910
873994092
873978664
873959210
873938425
873920547
873896828
873854328
873840982
873837593
873818955
873720407
873708034
873701592
873651402
873650034
873641141
873586193
873576239
873540478
873533528
873529033
873478613
873440077
873394610
873389401
873387627
873379464
873357581
873296856
873290634
873280730
873266570
873261012
873257540
873182470
873178602
873105676
873088579
873078500
872981097
872908643
872884466
872883245
872859084
872839838
872809770
872784187
872776581
872693715
872685009
872656834
872644492
872641893
872610961
872579968
872579149
872572705
872550571
872491209
872464664
872449838
872394976
872394369
872369158
872361207
872356843
872350103
872345812
872328966
872325042
872323806
872288972
872277341
872267126
872255230
872246992
872225142
872209990
872209370
872192038
872165873
872093121
872066096
872054868
872039067
872020047
872012144
871995013
871952988
871938781
871921571
871847237
871834157
871806228
871791850
871764909
871744468
871718804
871677213
871675045
871654096
871640032
871609595
871584496
871565137
871558095
871554535
871527400
871500224
871456413
871456245
871411635
871384039
871329928
871308338
871288589
871279044
871266120
871248435
871241538
871219533
871180054
871166187
871134042
871129962
871098090
871086123
871020478
870999858
870971771
870945953
870933884
870895730
870833034
870823052
870817973
870789601
870784974
870760850
870756097
870741378
870704146
870603655
870568324
870531741
870531401
870510728
870495588
870488863
870487889
870465507
870433207
870408442
870392424
870372698
870337312
870316891
870263396
870259865
870251052
870226350
870197585
870197012
870182683
870153791
870148177
870147517
870146835
870143953
870119441
870116293
870106063
870065132
870048714
870014235
869969246
869966685
869959924
869950273
869931546
869901871
869870555
869867779
869858411
869852652
869816142
869782286
869740228
869725087
869721788
869654425
869649617
869639708
869618441
869584664
869572695
869552415
869536198
869530355
869525178
869520067
869488065
869487405
869438935
869410407
869398263
869389989
869371706
869364920
869323488
869302812
869212197
869190851
869182003
869159005
869094962
869076475
869068325
868996343
868989354
868987254
868964857
868962830
868914546
868894360
868836762
868832657
868769968
868740898
868659702
868601202
868569446
868566277
868554709
868545236
868489387
868451987
868398629
868396527
868328247
868302390
868298478
868269358
868259661
868234014
868218241
868200423
868185539
868172352
868164394
868143128
868106966
868077619
868069122
868050041
868048274
868046122
868027434
868024906
867982377
867955499
867907480
867891628
867886520
867779767
867763515
867728324
867713064
867674437
867655056
867652016
867605207
867594452
867586298
867579657
867559865
867551766
867540468
867530872
867503082
867491734
867444119
867436673
867435816
867380630
867369752
867357313
867345151
867337273
867324655
867298709
867279803
867273208
867247179
867213923
867179159
867161178
867156907
867142391
867068610
867002052
866961623
866952318
866941817
866904055
866845025
866823896
866746076
866731772
866714657
866709016
866690149
866664445
866657711
866633851
866618386
866605401
866575938
866551724
866534719
866499018
866453543
866390326
866363066
866329294
866301428
866258758
866223304
866187898
866181125
866157219
866153697
866125458
866076601
866040799
866021683
865997992
865992973
865901003
865862599
865840014
865836216
865832748
865756830
865727725
865693232
865682467
865624455
865594548
865564441
865539047
865474500
865468289
865450185
865445808
865416674
865377081
865340069
865291174
865284000
865213426
865203102
865168743
865163794
865125405
865089560
865072756
865018857
864974201
864926551
864879362
864876954
864775372
864758540
864740105
864732417
864699998
864658457
864651391
864647018
864596854
864552924
864511881
864507600
864500564
864479262
864469240
864452988
864405429
864331487
864308817
864278118
864238163
864205214
864195881
864135004
864120575
864116820
864107927
864085503
864074757
864007307
863994610
863986770
863986173
863972358
863955825
863925651
863924369
863902314
863873054
863869505
863864860
863805522
863788037
863737326
863678060
863658173
863652780
863616901
863589817
863578804
863501271
863493956
863393540
863379702
863357982
863355476
863353609
863344648
863300348
863297747
863266503
863263268
863254751
863192361
863177735
863169889
863148311
863120230
863107972
863078171
863049926
863037924
863023512
863012642
863010275
862977074
862932409
862913954
862906610
862876079
862849192
862838907
862800967
862791567
862779397
862766108
862758671
862754573
862708277
862696493
862673763
862561795
862550256
862547030
862531995
862508184
862485429
862449487
862428929
862415170
862406962
862402385
862359482
862327067
862314366
862308151
862293213
862287167
862271864
862231990
862199149
862180534
862141519
862104673
862080498
862028896
862004368
861944039
861918028
861892784
861875614
861856915
861800782
861796226
861788862
861781550
861757368
861752947
861691540
861683613
861676982
861664291
861597626
861591241
861591014
861577682
861561855
861541777
861540725
861448505
861416659
861391584
861382004
861335236
861316043
861256489
861244578
861239544
861213182
861194307
861169417
861152203
861117658
861075463
861058945
861032890
860969896
860938897
860912704
860906688
860878476
860831686
860814224
860807595
860752569
860737354
860736843
860708374
860707691
860683880
860665733
860648667
860637965
860629776
860617776
860604484
860577796
860521419
860495598
860491334
860469780
860464065
860425705
860406398
860404421
860399602
860396287
860322654
860283814
860278946
860273594
860230509
860226051
860106752
860099064
860083568
860050045
860014180
859986070
859979753
859971805
859951917
859934268
859933953
859911782
859841295
859832360
859818486
859807987
859759567
859739870
859663112
859653162
859637471
859604283
859588930
859586975
859580204
859570231
859486013
859470784
859451015
859389669
859377618
859372354
859342910
859287237
859263820
859256469
859210833
859190484
859103982
859081867
859069420
859058012
859022517
858988380
858975289
858958817
858935270
858923961
858911985
858892413
858867556
858842079
858837027
858800036
858796968
858778543
858762333
858723419
858655299
858646355
858611444
858562392
858451043
858420448
858419958
858273112
858248796
858243350
858223233
858205879
858175630
858154004
858150054
858079751
858046366
858040025
858028627
858027542
858026810
858012173
857996786
857990104
857941589
857908174
857873727
857807038
857762006
857758509
857747182
857743458
857733464
857732517
857654051
857645100
857582845
857554984
857537891
857490839
857468925
857464576
857434702
857427250
857412722
857368862
857357147
857332668
857332142
857285900
857256500
857241211
857188193
857167464
857153321
857113097
857078768
857075941
857067719
857063124
857016069
857006286
856989739
856977078
856920739
856919754
856866089
856798725
856744762
856691812
856664968
856623630
856588720
856576482
856547447
856531689
856528731
856517143
856490842
856450247
856438151
856424235
856377161
856367486
856366043
856365966
856340719
856302385
856236127
856200163
856183503
856171865
856155951
856146733
856064128
856011675
855976778
855972914
855972257
855957020
855938640
855914438
855902374
855893563
855871439
855871374
855870530
855868465
855820807
855797875
855774858
855707687
855707420
855630100
855595639
855557357
855509010
855506191
855483228
855469614
855450371
855410981
855397206
855368586
855349833
855332533
855325037
855312471
855302124
855291026
855284158
855257436
855247701
855229263
855181369
855156910
855113939
855099208
854989716
854967686
854918353
854904651
854892878
854841634
854795312
854790846
854703588
854700318
854696168
854687736
854652858
854624338
854607167
854606480
854606269
854555958
854505693
854500602
854458839
854433944
854433859
854410219
854344776
854299216
854289006
854276286
854261505
854252026
854200581
854199842
854177817
854095643
854080619
854059610
854051966
854050087
854044655
854032742
854031732
854028727
853979358
853945868
853937029
853909034
853886293
853849889
853825727
853781324
853767160
853745677
853722435
853629015
853606007
853569389
853528493
853501729
853499004
853484093
853444034
853416009
853361893
853360333
853346884
853285525
853251235
853230893
853222903
853197530
853187266
853183045
853171280
853160685
853127204
853116661
853089147
853079434
853067381
853009579
852951638
852949979
852931354
852901041
852898296
852884209
852865932
852846095
852832991
852808562
852786541
852778387
852769772
852764885
852743294
852735582
852726074
852725904
852713528
852674893
852593797
852576895
852573180
852553585
852543263
852527609
852527603
852497189
852473930
852472121
852445087
852408182
852387571
852364936
852352116
852346012
852322626
852293349
852287280
852281839
852220307
852217888
852194770
852163573
852099580
852088311
852068767
852028172
852027047
851980053
851949554
851916440
851888063
851883312
851866651
851858640
851843612
851808728
851782620
851754285
851731333
851711798
851674768
851652797
851620047
851600157
851574307
851559350
851557968
851547813
851533172
851493529
851466562
851418347
851384430
851371568
851366246
851341343
851338663
851324561
851290732
851279163
851230016
851221208
851213750
851203291
851187716
851184953
851149533
851107290
851094916
851061115
851054678
851048648
851017638
851014612
851011922
850995877
850937850
850922383
850920695
850837597
850822200
850801663
850785118
850706666
850671009
850662579
850639958
850613505
850605796
850581287
850571493
850554837
850542002
850540675
850395912
850387194
850350049
850327828
850255633
850202417
850175854
850163276
850160008
850140833
850132482
850098413
850085689
850013463
849991068
849986047
849974188
849957897
849932891
849932073
849927803
849812442
849786972
849732028
849726503
849702710
849680497
849678053
849661332
849657430
849636357
849618267
849606887
849589810
849557384
849481925
849481815
849466319
849442606
849415766
849381804
849351235
849337573
849321192
849271642
849270615
849231685
849202015
849176551
849158050
849150053
849148087
849147114
849118018
849116533
849096530
849066398
849054739
848998360
848989296
848979249
848932635
848894462
848837511
848800479
848788358
848780355
848780125
848767446
848759684
848732748
848722904
848699337
848652938
848646482
848619987
848598149
848538264
848527828
848510684
848488048
848445006
848438026
848383551
848349869
848300833
848284560
848281751
848280307
848225912
848216231
848193128
848178147
848132182
848128833
848128659
848094575
848024137
847993857
847928853
847860341
847857389
847775430
847737311
847680836
847677711
847641555
847629238
847606356
847566679
847543597
847520485
847501247
847467967
847466305
847439942
847416062
847405982
847392159
847354284
847341030
847293448
847285187
847258457
847245649
847237605
847220769
847166669
847146241
847140141
847005216
846991103
846983768
846956751
846954768
846929916
846916092
846911456
846903586
846856548
846846361
846828645
846802596
846765508
846737885
846675645
846650644
846643971
846628810
846628518
846627284
846608726
846547321
846542293
846523527
846522261
846508300
846458061
846426914
846407528
846376703
846343434
846320240
846280552
846261680
846236204
846225617
846175117
846089375
846003206
845965386
845942840
845938632
845920990
845909182
845893530
845831970
845805888
845778288
845777049
845741135
845740334
845668872
845644351
845640487
845590854
845572253
845557035
845555897
845464215
845436164
845404086
845388381
845346953
845344040
845331161
845318188
845274014
845243056
845220238
845215616
845201804
845146047
845141748
845134429
845133280
845070424
845017439
844982751
844960099
844936918
844931064
844850427
844829774
844808710
844782143
844772127
844764367
844741735
844730243
844708901
844687686
844658996
844615008
844613165
844556856
844534499
844518290
844477146
844471277
844462514
844453874
844424522
844405287
844369784
844290557
844274318
844240877
844232579
844129474
844083566
844067499
843988091
843980891
843971608
843934676
843927578
843857789
843844630
843829993
843813961
843796751
843733773
843693067
843619874
843603658
843592221
843585810
843570048
843540351
843527067
843521693
843510384
843489506
843479088
843427236
843423592
843372455
843369280
843314453
843271533
843259531
843250306
843231366
843198345
843198138
843191052
843147582
843136962
843136388
843123916
843107203
843085668
843076786
843046806
843020598
843013538
843009739
842968751
842922441
842903164
842841785
842803839
842792474
842778264
842774340
842746090
842716902
842681677
842676302
842628966
842597303
842594462
842571417
842567856
842544301
842403472
842380852
842374460
842362701
842355070
842350628
842334199
842301715
842261960
842245550
842220373
842218648
842192561
842172185
842164260
842090374
842078876
842048327
842026064
841999546
841971357
841921976
841919399
841868392
841828476
841809979
841784659
841755089
841750016
841715855
841707641
841695664
841684962
841682321
841678527
841647847
841613332
841515344
841488094
841471285
841450035
841388759
841320780
841310004
841291899
841274134
841229249
841194883
841186641
841180273
841155607
841152266
841139449
841089663
841031670
840991332
840924110
840920791
840904675
840888279
840862659
840859256
840830651
840790299
840757425
840646891
840622410
840599473
840538619
840524371
840506342
840440801
840418367
840391470
840376531
840275917
840194083
840129397
840068971
840043836
840000888
839994290
839963405
839945276
839936890
839916330
839861713
839860288
839857113
839804296
839764118
839682508
839652523
839648800
839625253
839555575
839537173
839511851
839496898
839468755
839396309
839382507
839343646
839313587
839308231
839299236
839282939
839277047
839246303
839210916
839203142
839200277
839176296
839174099
839144056
839137209
839119001
839098997
839091587
839072244
839054394
839048016
839038409
838990846
838925261
838908937
838885697
838850513
838832895
838769824
838699492
838680543
838670394
838647078
838644021
838616621
838587086
838566413
838535844
838495342
838408571
838380568
838302566
838273506
838170747
838133093
838132070
838057089
838056025
837996464
837973732
837964687
837957982
837944896
837936915
837914663
837894130
837850135
837846176
837844572
837839141
837825985
837798820
837793113
837780965
837741643
837681267
837640418
837613861
837606980
837594155
837583629
837493161
837467714
837445189
837437331
837386966
837339784
837323020
837275554
837226900
837187962
837166608
837144104
837131621
837120934
837101706
837056125
837055229
837013449
836995287
836982252
836974841
836951928
836939014
836922752
836891626
836879619
836864634
836845657
836826676
836797273
836766764
836711768
836677285
836667548
836646804
836551949
836537408
836516348
836501162
836487685
836464044
836461052
836441989
836419259
836376340
836373545
836356989
836336783
836314781
836290939
836277490
836233931
836198133
836152207
836137063
836126904
836104170
836051916
836032531
836016088
836014553
836004922
835998937
835986064
835964081
835899199
835899097
835867181
835852193
835849138
835846060
835825258
835790820
835766370
835756531
835710528
835704314
835683758
835623712
835586441
835574436
835565633
835542583
835460025
835428856
835390136
835362195
835310148
835300041
835287123
835263823
835253590
835235148
835222790
835213142
835191980
835157146
835117188
835114878
835082598
835039460
835025224
835001694
834951921
834942601
834826694
834776266
834765985
834700951
834689399
834667505
834665361
834654501
834654028
834643338
834621747
834553467
834550474
834544992
834514105
834494277
834493431
834484942
834482527
834451306
834432894
834394346
834393533
834385978
834381248
834367919
834302376
834280527
834266811
834192013
834191209
834187177
834171100
834160631
834145278
834104477
834088242
834081199
834060789
834003222
833983010
833959498
833931328
833927326
833870961
833855768
833837327
833755455
833752542
833735015
833712350
833659680
833633312
833611911
833478504
833476379
833464216
833455404
833431847
833417621
833378647
833363548
833350565
833345505
833274795
833259999
833202546
833196563
833169916
833152410
833145140
833128371
833097793
833085139
833077671
833024741
833009018
833000126
832966582
832948869
832934163
832888138
832784870
832764234
832753123
832723203
832648944
832635323
832629725
832574909
832562566
832534171
832506293
832502484
832502403
832498006
832459384
832448472
832435840
832408446
832389630
832380828
832345337
832275480
832274221
832237146
832219642
832205260
832140018
832125110
832117306
832078948
832056973
832033952
831995032
831982151
831965003
831960958
831921070
831890164
831832342
831772533
831738142
831733993
831727306
831724618
831679539
831677599
831650860
831628887
831542554
831523619
831476636
831464335
831455436
831431258
831405807
831396706
831375875
831327929
831317804
831307825
831287779
831277790
831268815
831219175
831192553
831167681
831131987
831110344
831097136
831078261
831003512
830965964
830934208
830879378
830849597
830822968
830812542
830788923
830749396
830729473
830663629
830648426
830554312
830446198
830412381
830392032
830389547
830381265
830366098
830350066
830329178
830324122
830290805
830260065
830227465
830162388
830153115
830145043
830107513
830053143
830030706
829989832
829963786
829936318
829886903
829877761
829870239
829852857
829845972
829820148
829807631
829803967
829758491
829732326
829719802
829655070
829641592
829604496
829574132
829514989
829501629
829466561
829450765
829444530
829415373
829384572
829352656
829312954
829293539
829178223
829051882
829034681
829028062
829007886
828989236
828972409
828931912
828877909
828876253
828705085
828695560
828677726
828625968
828508359
828503340
828496942
828477099
828423652
828354072
828307941
828234377
828228443
828201587
828190106
828161606
828130354
828121364
828099056
828075757
828040364
828028350
828021592
827979385
827951361
827942899
827904850
827892157
827869294
827754053
827750128
827701371
827676937
827672542
827650642
827600592
827529212
827523164
827495182
827434363
827386428
827296501
827275262
827255300
827201485
827178800
827177190
827170960
827129317
827119702
827118131
827109520
827077570
827059780
826964537
826956725
826801676
826782017
826751179
826732984
826707686
826682240
826678764
826650491
826623273
826600286
826580021
826560624
826536765
826515751
826514950
826505148
826496069
826490394
826477040
826461413
826460572
826459687
826455402
826420391
826368266
826351188
826313931
826296930
826282105
826251651
826235650
826194292
826154935
826119256
826100297
826076053
826064289
826012414
825933154
825922568
825907395
825831241
825793099
825747000
825695473
825583416
825561387
825500576
825499661
825491049
825425214
825414931
825409240
825407093
825381979
825334891
825249206
825226054
825225199
825192705
825189371
825173308
825156444
825152566
825086775
825082430
825075171
825052228
825015251
824988351
824977627
824944182
824904901
824868154
824843094
824842169
824796289
824766436
824716129
824699982
824675251
824673359
824665842
824629107
824603825
824593517
824573255
824553846
824551131
824543577
824538642
824519970
824465011
824441552
824436043
824415869
824363555
824352159
824334634
824326506
824302599
824275401
824260575
824244159
824211546
824166300
824109587
824049665
824047236
824028066
823969958
823950958
823866208
823839996
823813909
823810100
823794292
823751047
823710421
823682908
823675656
823664264
823649023
823628319
823623776
823588784
823552220
823551941
823505468
823487380
823481913
823480537
823463719
823414318
823395064
823383993
823375513
823350568
823334168
823323702
823309201
823300550
823299998
823286342
823255524
823202429
823191283
823179155
823135695
823092576
823062798
822874497
822868995
822856635
822832033
822824712
822800364
822793102
822768225
822747756
822608949
822593372
822546597
822532757
822493120
822484509
822442728
822422339
822415018
822401637
822388557
822367701
822340100
822262442
822249914
822237876
822218856
822200673
822198827
822189976
822188744
822115550
822102013
822091588
822070106
822010927
821995759
821990828
821985600
821984258
821950494
821916050
821912480
821900079
821876522
821857386
821841091
821834105
821824958
821798169
821789584
821783637
821744716
821731335
821706842
821639686
821628054
821533830
821529883
821509748
821508805
821490477
821430077
821393729
821370838
821353032
821319134
821290087
821256157
821249979
821234549
821224361
821210740
821139948
821110805
821096007
821082645
821060706
821050936
821046106
821021980
821017163
821004000
820995781
820969670
820967206
820839551
820832369
820759311
820752201
820719389
820678994
820651054
820633333
820611658
820581938
820534497
820517267
820501355
820491268
820480800
820404402
820390508
820231322
820186544
820130607
820107148
820101632
820061212
820037210
820035172
819955210
819880913
819868027
819860169
819802235
819792898
819781111
819725486
819703909
819661869
819616973
819590497
819589161
819564927
819506393
819480991
819472796
819465581
819449360
819415979
819368710
819360939
819346808
819322355
819267831
819247569
819225079
819207677
819193691
819148940
819127220
819092117
819071856
819030879
819027943
818991579
818989841
818940940
818882104
818867313
818824649
818820636
818811927
818805009
818773342
818746125
818590472
818579892
818544078
818483609
818447088
818440855
818389324
818348885
818238735
818235732
818203965
818141056
818023137
817985492
817942460
817934133
817914754
817910713
817903432
817877669
817870183
817845030
817826720
817765003
817726223
817701152
817669374
817636705
817544218
817491396
817474873
817460782
817433317
817418797
817418303
817331342
817293681
817192215
817162646
817154297
817100925
817078532
817068858
817048903
816999422
816978032
816949281
816922456
816922302
816901542
816884743
816867480
816827535
816783677
816772392
816749138
816735512
816723492
816701496
816681047
816658669
816629141
816615527
816595375
816583073
816581386
816536038
816459953
816458136
816455921
816414712
816409435
816381908
816281393
816103784
816103263
816063240
816001692
816000601
815984136
815965562
815955646
815894355
815870225
815832684
815776858
815728317
815709542
815706581
815659598
815623487
815610391
815602895
815586916
815541569
815534351
815518944
815465277
815420789
815385379
815369270
815351152
815349226
815329170
815310119
815264043
815258806
815185084
815153878
814902782
814874098
814865456
814820429
814812077
814732973
814705072
814651825
814637609
814637000
814619131
814563185
814538197
814533908
814510315
814487476
814474673
814470545
814468487
814447530
814431084
814414727
814405787
814389751
814363896
814360706
814321534
814317633
814298197
814278292
814241842
814212724
814201195
814200826
814178265
814162083
814091624
814085349
814055385
814002884
813992784
813915910
813872501
813855240
813844003
813759507
813747966
813715703
813697360
813666842
813621085
813506924
813486524
813477045
813475908
813472820
813416442
813342000
813326098
813325631
813294258
813267428
813247224
813151596
813145832
813128072
813063367
813050331
812990639
812957090
812940589
812872393
812851291
812804892
812759827
812723243
812721603
812718928
812688920
812653490
812621150
812581194
812569478
812525491
812474575
812453296
812299518
812284146
812210333
812199821
812179058
812140849
812103283
812096322
812081993
812063300
812045322
811951193
811947166
811901646
811879657
811846630
811824457
811819784
811810227
811797673
811728466
811705520
811699252
811623308
811613680
811549326
811426895
811352793
811334273
811304939
811283501
811275510
811251328
811243993
811219212
811173179
811146292
811127185
811111482
811105776
811090065
811079775
811061131
811039463
810967530
810908177
810893316
810857080
810846888
810829555
810769824
810739032
810701168
810669736
810665928
810629209
810624918
810587017
810494699
810472034
810465192
810445902
810420915
810363305
810301475
810283844
810237908
810234269
810219548
810215361
810159823
810145693
810102721
810062514
810062505
810043617
810017345
809898208
809870581
809828030
809800035
809757471
809741916
809728253
809702106
809689571
809652648
809646329
809621558
809603939
809597029
809554520
809508693
809470027
809441593
809421349
809400660
809386388
809364825
809332791
809325694
809312690
809286547
809261815
809183604
809120209
809111725
809090153
809073066
809071140
809068166
809052689
809018579
808974925
808950449
808914391
808888699
808846712
808819308
808812793
808771091
808759439
808751961
808700644
808685944
808681910
808666942
808662192
808655720
808649307
808610500
808577941
808574428
808561798
808541283
808516226
808481030
808403809
808366485
808344179
808239592
808204400
808167002
808160503
808108558
808085508
808020581
807996639
807991319
807977172
807952318
807909384
807829195
807824379
807689299
807635905
807544612
807538098
807535821
807527891
807517397
807485290
807452777
807424544
807403766
807399291
807396399
807371448
807354375
807327815
807315412
807314510
807252046
807222100
807205456
807185554
807166321
807157769
807139947
807134481
807083063
807044084
807013027
806938856
806919020
806914076
806912585
806889267
806881506
806859996
806851601
806845262
806840205
806816453
806798060
806757551
806737194
806705976
806689075
806675812
806672664
806631275
806579599
806572050
806529444
806514425
806502830
806502351
806495185
806483420
806447485
806412116
806405134
806376904
806359209
806317087
806300001
806266971
806121971
806103671
806063606
806049800
805984326
805920601
805886771
805837676
805823963
805780249
805755909
805753613
805733349
805659466
805634355
805608885
805599573
805545680
805496805
805483447
805452121
805430058
805418460
805387596
805353491
805332730
805297591
805278949
805184386
805170588
805158316
805141236
805126330
805086289
805058843
805035327
804980045
804948919
804925989
804924273
804798254
804766668
804766314
804755647
804746173
804737980
804711703
804646845
804620181
804618499
804613988
804608791
804597404
804570093
804549738
804538632
804526509
804443595
804351355
804325209
804294886
804292699
804261826
804253482
804180979
804161473
804086147
804072381
804031339
803999737
803977613
803936418
803898944
803877596
803858813
803840471
803815092
803791395
803787818
803777928
803775658
803724809
803720474
803719062
803714856
803696921
803685119
803683434
803663283
803640569
803591206
803518274
803504453
803394829
803296846
803206863
803150931
803120144
803104349
803099749
803071099
803001200
802920907
802905339
802841929
802824102
802754968
802744451
802622556
802612766
802589786
802579102
802571475
802539723
802537609
802526897
802509418
802476519
802464384
802443505
802428494
802410670
802353152
802335084
802328626
802308301
802303591
802293766
802212875
802169716
802133397
802128167
802124903
802088315
802051411
802043136
802025309
801997521
801974404
801937096
801774722
801737375
801685476
801682573
801665213
801651386
801640080
801623111
801582741
801565237
801540879
801510085
801466123
801442825
801393639
801379514
801374362
801372346
801367935
801305567
801238837
801230997
801218205
801213185
801198812
801192856
801166434
801149801
801072104
801039529
800992755
800984830
800939932
800936472
800930811
800911832
800891395
800879732
800843595
800799663
800798303
800778247
800761009
800758836
800731705
800673061
800656158
800603377
800568488
800564567
800546355
800542015
800473944
800449610
800436867
800425197
800404874
800348459
800330142
800317009
800267070
800255819
800208051
800204338
800200475
800196055
800174582
800145601
800143248
800115229
800105068
800100507
800085437
800049073
799962606
799952700
799947642
799924878
799904441
799894984
799870044
799864699
799861049
799803270
799764560
799753830
799746926
799681640
799663771
799606716
799591943
799579695
799534733
799515438
799513273
799478303
799323292
799261584
799260337
799252275
799203663
799169695
799092883
