999976960
999852415
999674721
999978396
999913874
999858490
999839139
999832594
999816229
999711849
999690727
999656580
999655901
999647867
999622637
999565530
999559651
999546696
999538354
999533016
999529371
999517063
999494803
999487363
999463084
999457199
999449813
999435080
999422123
999407001
999371098
999320919
999320715
999260524
999245366
999231717
999225596
999219392
999206360
999199677
999163265
999145695
999081815
999072226
999068665
999065785
999057187
999050562
999047536
998995740
998979703
998971162
998951236
998929333
998915582
998892051
998889677
998838257
998824803
998817000
998811097
998800511
998799530
998781700
998709013
998707437
998667962
998640604
998626823
998606268
998579791
998570224
998567075
998544018
998536810
998509074
998502766
998490283
998454022
998436212
998434657
998424733
998371374
998367527
998333815
998327483
998325527
998324033
998320900
998297957
998275154
998268883
998242092
998237012
998178856
998175964
998161215
998139355
998078789
998076456
998021525
998013006
997961444
997937511
997936721
997918953
997917162
997908460
997881981
997860103
997827273
997817617
997806495
997790280
997756947
997756355
997750934
997730770
997661571
997652458
997627462
997592588
997546912
997521881
997495604
997474618
997463524
997446568
997438048
997431015
997428354
997425481
997376306
997350588
997348910
997339685
997326874
997301213
997288697
997263657
997256739
997253705
997239152
997207025
997206787
997196050
997187089
997181733
997150489
997141262
997127342
997119922
997104333
997051647
997038745
997033505
997027876
997014872
997007328
997003002
996975958
996955190
996922161
996912383
996899043
996876338
996855860
996849586
996843169
996833359
996800358
996774650
996761543
996752377
996729718
996709938
996693139
996660720
996642806
996638334
996632103
996617348
996608088
996595326
996570428
996559190
996513324
996489803
996483587
996476440
996447559
996445682
996358022
996352361
996347561
996344225
996338324
996315195
996313729
996287412
996269408
996258683
996209879
996201440
996200319
996182243
996125609
996117845
996116835
996102950
996099579
996093932
996073493
996060429
996048012
996020617
996003957
995984116
995957828
995952798
995952485
995938492
995935012
995923690
995917843
995909023
995904974
995893173
995859757
995859502
995847334
995846678
995827064
995819867
995810611
995776141
995718843
995712575
995679279
995678625
995651800
995618040
995580302
995569471
995565765
995557059
995552513
995534017
995529884
995509170
995506621
995500137
995499498
995472863
995440591
995411334
995407790
995378572
995373392
995368786
995360447
995336983
995303745
995292319
995258518
995245067
995233413
995206595
995199373
995191120
995190906
995168581
995166971
995132566
995116070
995095766
995094491
995080426
995068785
995018151
994986132
994985744
994977450
994953737
994945596
994919572
994876160
994873191
994872017
994868072
994859920
994842531
994833816
994819734
994817823
994809246
994770269
994729669
994723988
994716352
994685782
994644963
994608832
994590119
994563739
994555931
994518693
994503356
994500441
994500324
994483288
994451156
994428865
994392928
994379585
994369645
994355144
994346354
994328417
994305904
994302102
994296229
994278293
994249670
994245044
994215656
994170599
994166584
994143757
994100765
994088634
994075150
994032844
994014004
994010939
994008373
994002509
993996957
993980885
993975910
993918367
993911379
993876633
993873588
993839890
993837274
993806737
993806002
993788690
993772257
993736087
993721636
993694496
993687805
993680989
993666933
993657689
993648564
993606008
993604517
993582136
993547310
993544207
993518934
993500119
993458565
993430256
993424401
993418926
993365301
993352184
993291456
993251759
993231331
993223228
993201462
993199549
993195571
993179765
993176372
993163264
993149801
993140815
993128712
993117323
993112780
993096803
993075751
993071393
993035774
993023763
992999549
992971148
992964328
992949997
992936039
992912354
992908726
992905642
992893232
992886006
992871205
992869274
992844842
992797962
992765348
992723174
992718810
992709184
992708555
992694975
992689519
992670148
992643184
992635048
992618986
992606292
992596584
992589223
992569281
992565359
992474690
992455540
992453753
992415441
992414416
992409552
992393332
992349577
992317999
992291116
992226338
992226122
992205912
992205143
992190305
992189596
992150168
992123848
992106348
992098529
992054447
992047980
992016233
991985147
991966990
991963592
991944228
991933685
991920671
991893069
991860650
991856050
991837315
991823148
991819546
991804716
991771827
991746851
991711706
991707929
991689630
991672460
991640649
991620334
991620177
991615814
991609865
991598130
991597509
991584521
991581148
991554639
991552132
991525453
991509015
991453960
991449975
991447921
991430819
991385923
991378216
991369209
991348160
991292027
991283274
991282595
991280833
991266778
991251673
991226066
991208605
991131340
991105751
991101289
991083550
991038217
991037022
991029753
991027615
990997904
990990033
990963076
990957549
990954398
990924531
990921133
990897921
990860719
990848427
990830110
990818547
990793619
990792207
990791099
990771926
990768948
990745123
990742296
990739551
990658511
990646829
990615600
990604355
990600684
990597956
990593908
990578669
990567236
990522672
990517804
990511418
990496514
990463353
990442687
990421114
990415605
990398063
990394656
990388378
990376124
990375632
990369306
990354324
990323259
990282913
990270863
990261344
990202858
990185145
990184862
990182341
990167105
990142100
990105058
990096509
990094775
990091477
990085352
990047161
989980584
989969466
989933790
989917616
989914637
989898603
989889414
989848525
989847347
989836035
989825841
989806672
989777054
989745860
989716149
989695843
989657078
989593279
989564537
989542909
989509041
989486226
989484708
989478751
989447939
989447373
989442003
989417254
989411102
989316250
989316090
989297852
989251387
989218013
989214858
989211276
989166748
989154889
989138667
989135241
989133777
989113533
989095808
989053499
989050684
989029659
989016658
988994617
988941012
988923106
988902521
988875879
988872341
988855206
988847645
988840813
988794168
988774976
988730670
988720431
988698972
988693035
988652346
988602965
988596656
988589899
988582852
988559562
988544525
988519075
988459084
988442674
988440600
988420254
988411120
988382840
988363653
988331036
988330891
988302823
988289398
988283929
988280482
988274184
988263259
988260813
988242387
988226456
988209442
988188344
988185444
988183751
988155560
988149944
988118949
988099702
988069641
988063513
988042281
988037268
988035539
988009248
987985040
987970973
987949871
987918069
987916264
987909975
987905857
987902451
987874474
987838619
987811544
987787715
987780895
987738123
987712874
987685972
987666372
987645102
987631749
987621685
987539281
987528290
987518029
987483348
987469672
987454257
987418080
987389385
987366784
987358640
987332011
987327853
987317746
987304548
987300872
987239359
987209804
987206319
987197199
987187678
987161731
987154349
987140059
987124416
987111589
987102022
987092616
987052759
987041119
987006069
987001006
986998806
986971343
986913337
986868885
986861500
986851676
986843900
986842604
986835584
986829020
986758763
986729658
986711580
986677529
986675547
986658600
986633529
986617038
986589579
986563932
986552425
986510757
986494037
986491324
986489730
986439760
986431129
986426654
986386085
986363628
986354877
986354413
986345278
986339105
986314988
986297054
986286969
986273990
986228731
986226039
986225608
986219484
986218594
986203400
986192566
986174984
986153890
986127347
986123716
986060295
986057361
986030240
986021206
985995839
985991763
985991314
985989993
985957987
985930981
985907477
985897952
985884586
985879512
985869552
985869028
985859540
985850717
985819986
985819179
985775199
985747262
985739955
985737479
985697922
985693384
985693372
985681334
985680871
985654112
985640892
985610892
985610431
985602382
985584969
985550694
985542788
985536610
985502241
985495259
985493484
985491386
985468346
985463257
985460402
985437200
985430008
985407958
985378247
985343141
985319892
985302577
985264568
985239690
985232294
985215704
985198104
985164017
985153760
985148073
985139057
985134355
985120860
985098425
985083864
985080389
985062608
985022980
985004266
984998440
984988543
984972136
984952252
984942844
984915875
984889824
984867341
984856339
984840379
984818696
984802090
984799571
984754749
984747984
984731967
984723869
984705916
984688758
984679741
984669363
984664171
984625752
984617184
984561781
984558219
984548190
984543224
984501212
984498447
984495459
984454661
984450008
984437059
984399441
984395919
984312867
984303859
984300684
984281788
984269132
984247069
984241568
984166520
984145727
984127592
984123636
984113386
984082970
984051177
984007837
984004471
983916058
983907854
983892193
983872659
983849935
983815242
983779718
983775480
983742728
983734633
983731292
983711917
983705608
983677274
983671957
983668233
983646006
983637922
983593835
983586867
983571681
983540376
983522411
983512930
983492965
983447685
983439401
983360835
983353077
983350805
983348886
983323823
983298504
983293696
983289741
983283756
983243302
983241288
983212915
983207932
983201156
983189114
983188088
983139530
983131040
983122425
983111022
983046846
982988225
982983058
982953169
982894608
982870696
982854327
982852785
982849399
982819596
982816566
982810435
982806536
982797394
982792882
982765080
982745952
982707702
982662570
982635351
982618932
982612602
982601626
982579438
982553642
982507474
982497791
982474323
982453385
982427094
982399439
982397426
982377401
982349312
982330204
982319981
982310717
982277110
982240584
982231835
982225773
982205011
982188355
982168796
982163799
982152211
982149898
982100084
982097197
982056459
982033705
982021471
982001992
981989093
981974366
981966480
981931402
981929903
981916829
981893200
981882587
981879461
981820031
981803216
981786580
981784936
981782558
981781513
981770386
981748009
981738754
981719392
981699936
981699216
981688273
981674144
981662173
981659130
981630643
981628639
981626469
981598914
981557730
981557620
981528288
981510620
981482086
981472878
981440256
981433162
981423262
981418256
981394727
981325038
981303594
981302908
981274474
981255072
981254792
981212624
981211856
981203403
981183539
981168188
981164221
981151473
981144457
981114119
981103563
981061706
981055949
981033720
980968594
980962723
980946440
980911966
980892071
980874206
980829971
980816111
980783525
980765745
980714991
980698803
980694231
980689613
980672870
980668254
980646989
980644578
980628255
980603063
980559749
980535685
980480306
980472674
980447779
980445030
980438779
980410638
980396241
980327537
980281012
980250018
980238863
980228971
980225355
980203349
980198543
980180811
980175763
980130938
980129550
980127816
980093773
980082450
980078714
980060719
980004803
979993089
979988614
979978388
979966899
979952074
979949234
979946381
979938469
979919959
979913479
979898613
979890660
979876430
979863502
979849682
979830026
979817429
979751302
979725519
979724131
979720425
979703520
979694605
979682589
979680647
979629890
979574808
979569656
979549139
979538521
979532055
979526885
979516333
979511659
979509416
979498819
979463214
979460732
979459366
979444580
979421079
979394642
979378977
979367173
979318602
979276011
979268739
979267673
979261682
979254175
979233350
979230051
979190857
979161503
979100169
979097010
979095734
979057471
979004689
978969628
978950531
978947109
978939126
978926061
978903234
978873238
978871723
978828410
978817561
978785613
978761207
978742283
978740528
978732226
978687826
978665606
978625944
978617785
978597022
978592329
978566941
978546793
978528731
978513232
978499764
978481618
978475496
978452103
978421801
978418410
978418147
978406578
978367545
978332086
978317635
978280069
978273412
978270796
978245724
978242295
978237717
978236190
978219912
978213181
978201120
978171295
978105652
978082922
978073633
978068407
978047515
978005357
977995349
977974621
977935357
977918885
977897119
977880217
977860826
977844073
977829268
977785783
977779521
977768395
977767144
977737040
977733685
977704937
977691519
977637236
977636814
977612327
977587461
977557807
977530186
977521330
977513161
977503735
977441817
977422706
977416851
977395276
977377020
977366122
977361884
977352538
977328454
977327341
977324694
977257730
977254109
977253072
977246503
977232994
977229983
977173075
977149206
977102724
977080565
977078061
977067612
977032742
977028200
977013848
977012712
977006934
977002385
977000409
976993348
976989160
976982407
976974143
976967518
976937291
976912092
976866582
976860935
976847743
976827478
976822301
976801568
976788228
976767258
976751849
976733516
976712602
976701079
976695967
976676256
976669418
976659557
976632475
976631976
976631382
976629718
976613926
976568488
976541854
976519641
976508967
976472647
976464176
976459839
976427311
976422026
976395821
976389555
976366798
976346253
976342549
976333012
976326056
976325341
976311694
976273869
976257081
976248113
976208304
976196737
976193216
976170395
976168183
976158925
976149622
976147717
976126942
976122765
976111649
976024124
976023999
975983445
975979951
975953339
975925488
975887038
975878463
975876643
975872443
975851150
975842021
975826145
975774929
975768923
975750204
975729187
975717014
975698266
975690702
975668981
975664228
975654033
975645662
975634560
975571244
975540447
975525235
975498918
975494825
975481700
975465051
975459057
975457792
975443761
975437517
975433256
975430306
975423020
975418399
975403785
975393959
975374587
975363327
975359604
975337622
975304581
975295246
975287308
975282845
975268039
975239671
975223509
975214117
975194969
975187570
975158633
975109873
975075759
975039772
975026845
975024272
975022075
975017170
975014407
974989783
974972960
974948360
974919826
974901709
974877220
974836245
974829012
974814100
974797502
974753173
974737557
974728659
974685929
974681644
974673773
974649102
974631102
974628145
974616138
974608796
974598776
974555044
974553161
974552792
974551953
974534166
974532249
974531218
974515890
974463574
974455397
974454061
974452276
974443401
974435937
974388200
974360249
974355383
974352686
974324108
974251096
974237716
974221149
974201882
974163296
974140679
974118817
974114900
974086895
974018691
974003671
974000266
973976879
973971370
973968388
973958397
973952465
973934440
973923109
973920249
973902266
973899328
973886338
973852562
973826421
973822867
973809243
973784401
973774840
973769543
973768057
973766749
973753280
973746106
973718711
973718079
973716132
973703456
973689660
973686971
973671824
973664673
973656111
973651246
973642471
973609858
973601176
973585876
973562637
973557781
973551933
973534450
973509531
973491005
973478820
973464122
973460646
973459915
973424466
973418861
973418356
973386141
973376499
973355491
973347937
973346705
973337182
973282242
973274892
973273901
973272184
973253568
973227398
973204563
973192567
973172067
973156262
973134499
973122910
973121897
973098958
973091184
973077289
973069274
973022721
972991632
972943355
972911397
972904794
972904549
972897785
972896980
972892245
972840728
972794924
972789447
972738606
972734494
972721079
972662818
972662665
972620448
972613491
972589592
972574076
972571233
972547777
972537860
972524541
972524027
972490336
972484698
972474263
972447798
972407151
972386940
972382936
972376461
972348864
972325155
972305978
972301028
972285035
972231845
972211533
972203333
972193882
972170893
972144307
972125761
972083973
972080561
972070936
972065098
972064341
972042268
971996536
971971767
971947742
971920281
971895145
971894485
971869365
971856741
971854694
971828365
971827461
971794678
971763355
971741308
971736960
971722520
971680359
971650928
971557374
971488077
971457275
971391602
971387638
971368684
971368478
971347373
971337598
971319013
971286181
971269531
971248471
971230549
971207083
971187361
971160594
971135208
971109297
971087513
971063839
971053860
970999544
970989989
970989320
970958909
970954974
970928373
970925690
970895442
970864273
970838721
970770792
970762639
970756253
970743597
970706088
970684387
970649357
970633388
970600127
970582698
970562795
970551202
970508553
970501832
970473665
970472770
970465195
970448896
970445819
970386271
970361502
970356207
970304078
970281451
970201742
970195328
970182135
970176593
970170603
970158342
970157163
970114609
970083986
970070867
970064465
970038587
969989821
969988260
969967000
969946829
969934813
969916976
969903034
969894121
969826340
969821069
969819149
969782154
969727637
969712251
969706955
969693089
969689220
969663542
969623191
969614602
969611799
969593133
969581682
969579644
969548753
969525098
969510602
969496887
969476116
969474548
969473425
969467654
969452074
969424546
969421505
969415366
969363120
969353784
969340190
969314451
969305088
969294237
969260876
969255358
969238192
969207028
969195269
969170093
969149633
969124095
969117506
969110209
969100248
969078533
969061414
969029130
968974432
968961796
968946035
968937719
968935196
968906639
968886744
968882884
968873160
968869978
968805906
968802899
968794003
968767373
968762144
968747569
968726258
968709970
968706922
968701180
968689756
968657999
968580239
968551039
968532230
968522994
968502171
968393441
968376926
968357551
968331757
968295769
968271379
968246462
968239392
968226687
968219523
968196055
968188780
968174229
968164075
968122671
968122109
968076604
968065729
967996284
967995808
967993505
967947373
967916314
967875472
967842513
967827043
967811844
967791662
967768251
967732979
967720181
967704797
967701013
967687047
967682423
967640482
967636639
967608637
967606393
967606229
967564149
967553949
967552330
967542775
967516524
967509206
967490359
967462650
967414230
967374383
967366628
967342080
967335253
967316629
967307372
967302929
967290165
967256540
967208953
967195594
967189219
967187810
967150638
967136047
967114872
967106772
967074444
967062330
967056992
967029881
967013497
966985110
966955456
966919895
966886652
966851307
966823209
966779305
966765484
966764700
966758522
966734398
966717263
966701647
966660964
966650549
966627201
966602706
966595365
966582183
966569619
966552678
966502220
966499330
966493430
966492965
966462477
966462381
966426561
966340841
966340006
966311319
966254882
966190634
966183627
966178280
966177111
966158354
966142174
966115888
966083954
966062784
966060301
966048386
966031654
966027642
966000938
965982072
965981881
965937118
965922095
965909050
965907958
965857420
965849774
965833503
965817151
965801986
965781422
965780427
965725432
965707391
965673103
965660247
965657973
965622445
965519468
965475647
965456328
965434201
965423943
965408915
965399203
965398533
965376522
965369038
965358373
965343092
965338120
965327006
965315220
965313376
965313008
965299900
965291336
965289425
965269747
965261729
965253851
965201857
965190769
965184798
965168922
965157913
965123655
965122515
965110000
965102746
965081829
965068931
965066225
965007023
965003995
964994336
964989892
964932889
964909114
964889263
964849799
964837738
964814977
964798786
964772828
964770224
964767677
964751790
964702609
964666039
964645028
964633007
964595635
964540139
964521972
964502474
964496573
964441603
964439642
964432673
964410580
964401232
964384400
964378796
964372114
964348197
964345006
964303237
964283121
964226470
964203718
964201248
964176437
964134876
964123376
964098084
964090921
964087325
964079476
964060167
964016904
963980649
963965860
963958453
963925933
963906824
963896887
963887697
963861788
963856662
963851942
963831610
963819414
963770022
963752622
963743280
963742952
963741166
963728580
963670106
963638701
963596030
963588978
963551534
963522203
963496170
963487765
963459875
963451808
963441115
963428727
963428370
963405236
963398308
963381282
963357977
963335006
963329672
963293331
963292751
963280139
963269650
963261547
963243428
963236943
963226748
963219326
963176446
963136272
963121349
963086019
963074818
963055826
963041154
963028894
963017915
962958002
962944990
962939851
962918370
962911970
962906315
962891870
962877821
962842653
962834186
962779098
962766792
962764410
962763815
962738016
962666152
962639634
962615302
962599874
962585496
962559197
962553543
962549157
962546445
962539088
962525042
962479134
962472746
962463958
962455499
962453422
962413114
962408008
962405093
962342487
962332985
962317831
962270239
962245969
962242447
962231444
962179475
962167004
962162382
962151230
962093954
962086000
962063844
962049062
962043241
962010721
962000809
961927403
961900368
961893520
961883931
961878843
961859454
961845694
961833951
961807474
961801741
961783178
961760965
961755724
961703156
961701015
961694523
961680384
961672814
961664654
961602365
961571636
961565884
961550202
961517153
961505202
961503047
961493075
961484170
961427146
961401004
961366664
961342378
961340967
961322347
961321483
961306105
961253964
961251709
961211432
961193130
961170981
961139930
961137926
961127977
961126755
961079932
961068425
961022360
961017686
961000699
960980190
960972562
960963245
960962356
960958999
960925759
960889042
960852129
960829730
960816089
960814311
960790158
960756533
960726612
960721449
960697593
960679302
960670723
960667123
960655703
960630008
960572309
960567781
960547609
960532285
960509816
960489906
960457307
960432964
960428583
960413551
960409097
960406524
960397384
960362892
960360223
960351424
960344657
960325192
960257315
960229106
960185261
960148599
960056875
960019366
960010613
959996232
959990677
959963180
959947663
959893901
959860552
959830339
959783003
959749160
959730982
959700480
959699994
959671741
959653040
959643757
959603696
959574925
959555973
959545356
959541976
959515625
959497626
959486608
959477955
959467314
959457497
959443563
959426608
959424658
959416494
959393837
959379891
959376140
959351340
959327034
959308288
959287887
959284829
959281251
959230753
959218670
959210489
959181850
959165900
959133933
959131831
959111631
959109189
959081364
959058624
959037461
958997249
958960882
958960528
958955923
958950234
958946502
958903522
958899965
958884463
958857356
958800540
958787461
958781534
958774085
958766455
958729762
958729537
958701741
958647945
958600289
958581061
958559348
958553696
958537394
958518859
958453074
958429198
958407622
958399308
958364587
958288246
958265348
958248698
958198943
958181273
958162687
958156875
958153452
958134202
958090418
958067029
958056031
958053392
958020341
958018042
958004102
958000437
957999521
957985912
957976242
957975888
957964261
957953745
957949760
957925231
957884161
957858590
957846967
957806102
957791742
957758463
957730183
957721402
957699001
957697082
957675101
957673261
957651579
957651409
957649881
957635000
957615379
957613849
957610652
957598834
957576372
957563126
957545739
957539024
957506241
957486054
957449935
957398103
957387515
957324053
957308840
957293951
957288236
957282045
957253069
957246251
957217903
957178900
957158031
957145179
957114212
957101023
957095075
957071255
957069536
957061400
957061055
957057361
957050702
957048773
957030516
957021496
957001138
956977679
956949841
956915135
956886846
956873164
956869376
956856649
956855836
956806138
956798319
956795390
956794357
956780066
956777200
956777073
956761675
956738864
956714988
956679072
956665371
956649707
956632773
956631681
956630870
956601894
956596132
956580465
956573800
956571340
956569532
956547653
956545368
956540351
956536023
956517241
956506952
956497670
956456864
956455271
956449833
956439976
956419277
956411553
956391700
956375163
956366664
956342795
956334052
956327557
956324124
956314953
956302274
956290945
956286008
956279692
956255202
956227340
956203325
956203121
956171226
956160414
956147771
956104408
956092249
956088075
956069068
956022220
955994888
955973981
955955718
955913160
955886487
955875035
955857769
955844172
955795875
955757849
955739519
955719388
955666247
955655902
955651266
955635558
955605131
955596681
955588467
955567852
955537323
955536523
955511868
955502649
955493892
955486125
955445381
955444978
955417737
955415984
955399657
955389846
955371389
955367361
955347757
955332593
955314683
955307493
955288458
955266843
955254044
955239858
955232311
955212979
955211293
955201998
955192940
955188986
955172011
955164787
955157858
955141308
955132950
955123635
955120983
955113643
955103522
955092547
955053768
955039563
955016658
955008150
954984674
954942353
954907714
954907223
954859926
954838203
954830265
954818801
954800152
954798280
954795742
954777837
954777110
954770061
954725634
954722321
954650908
954616270
954607045
954570184
954530789
954510452
954504622
954473136
954463278
954450927
954392559
954384365
954317676
954279773
954272666
954258334
954231694
954177801
954174175
954174171
954149528
954149509
954137941
954110489
954102076
954100626
954093317
954089363
954089187
954060960
954060291
954049227
954033014
954026561
954018232
954017805
954009670
954001873
953994321
953991932
953965759
953965469
953964096
953957650
953923878
953923339
953896754
953892576
953860265
953837468
953802995
953788642
953780821
953776380
953741977
953701829
953680187
953646885
953624467
953597837
953540695
953528509
953524126
953507926
953503603
953493164
953474641
953474131
953443088
953425758
953389245
953369644
953352365
953335449
953326981
953320086
953316088
953314287
953284201
953278045
953252943
953198512
953125446
953112206
953106442
953101609
953080143
953022004
953011076
952999754
952994729
952987395
952982381
952981799
952944134
952939709
952908064
952885355
952882229
952817127
952801526
952772120
952755875
952721637
952690845
952658473
952652069
952623355
952597198
952588401
952579562
952495171
952408185
952353825
952280173
952270801
952250268
952203021
952187786
952183602
952177769
952168151
952163858
952162359
952143693
952122332
952021891
952001428
951982708
951973909
951947620
951933541
951931826
951903286
951897046
951869388
951840136
951833215
951817936
951795543
951766639
951728223
951726107
951698888
951659031
951640276
951631361
951574751
951556657
951532190
951517890
951515662
951512128
951502734
951480090
951476896
951471297
951424055
951415346
951338741
951303329
951269838
951254899
951239544
951213081
951202937
951188356
951176378
951149675
951145833
951135644
951133553
951125171
951117454
951088588
951072300
951066328
951038875
951033486
951027699
951019409
950971943
950963783
950929827
950926015
950899405
950883605
950860122
950844145
950836103
950795188
950774599
950751330
950731815
950698649
950680653
950667676
950652318
950624704
950520639
950515691
950482736
950394051
950374808
950361172
950347097
950342364
950333485
950325559
950305233
950273814
950242946
950216326
950192842
950166266
950152867
950117754
950112479
950091439
950091232
950059436
950053649
950039587
950025113
950014608
949971050
949928848
949924530
949923546
949922389
949899314
949870448
949865412
949847529
949846233
949839502
949828467
949757094
949742820
949736807
949721612
949716168
949696373
949674708
949660975
949643200
949636868
949626343
949624850
949613605
949572620
949556531
949533904
949521544
949482468
949470472
949461783
949434827
949430940
949423560
949398817
949374471
949348278
949334679
949286423
949273658
949267315
949250532
949201654
949188643
949165346
949154331
949133292
949116219
949078292
949061053
949055736
949047220
948994408
948968841
948961021
948907734
948894807
948819265
948781292
948752298
948743961
948713836
948707964
948664501
948653626
948645119
948641804
948636142
948614361
948602918
948598643
948581228
948551679
948543177
948537550
948526867
948518650
948514366
948500992
948488334
948478284
948462003
948458305
948454047
948450851
948446024
948436381
948419402
948416805
948387192
948374215
948366282
948347221
948335988
948305093
948281619
948234658
948214102
948179613
948098028
948071168
948013032
947982175
947939260
947915289
947903162
947888303
947870649
947868819
947849517
947834008
947830866
947827438
947792383
947792045
947784837
947752132
947740338
947721714
947707767
947689935
947673361
947649894
947637159
947629137
947619231
947617935
947611407
947605311
947575194
947519866
947519272
947519005
947517783
947517254
947489453
947478229
947388165
947381411
947375678
947370803
947356034
947348501
947314538
947295811
947282283
947279248
947269480
947247846
947231054
947194411
947171265
947153759
947150249
947134614
947119420
947110179
947109148
947108575
947100338
947097655
947072938
947048203
947019146
946999152
946978133
946969814
946881265
946859900
946833411
946822081
946812312
946807855
946774281
946756201
946733320
946672275
946634987
946601780
946546057
946529812
946520623
946515209
946490082
946465674
946457395
946440685
946427212
946422042
946394397
946389824
946376596
946375720
946370109
946346993
946341919
946319560
946312945
946276999
946272314
946255358
946194659
946171009
946138906
946116801
946089546
946066797
946059093
946036046
946020392
945971744
945917782
945872777
945871099
945868757
945862595
945813245
945800373
945762943
945726522
945724085
945718507
945688379
945661630
945615401
945587069
945582291
945562180
945549351
945543555
945510772
945500407
945497883
945472936
945437317
945416088
945379508
945377706
945370877
945354916
945325374
945283516
945271264
945250161
945237801
945218721
945205891
945182024
945171853
945131268
945118141
945111462
945054191
945051831
945037218
945027449
945010367
945003404
944995921
944982344
944972318
944963837
944960614
944954202
944947149
944932181
944923644
944910372
944875184
944855877
944839530
944827659
944807921
944776850
944759801
944753075
944742681
944704754
944672781
944668398
944625781
944622990
944612517
944558410
944514609
944500141
944493945
944480282
944472316
944390520
944359232
944316116
944307837
944307332
944279068
944276344
944268504
944247952
944234892
944219411
944176668
944162418
944160977
944132697
944116212
944080931
944078031
944044115
944025748
943973301
943950007
943932241
943924471
943899032
943822737
943730922
943729314
943724728
943720318
943664690
943660653
943616871
943596552
943577477
943565690
943561487
943537912
943526335
943514603
943469140
943441521
943406966
943393108
943363781
943350675
943327087
943317387
943305953
943270729
943219934
943219825
943148490
943130732
943119755
943094037
943035287
943032224
943015953
943010501
942996841
942949183
942948990
942919648
942825385
942824163
942804973
942804251
942765348
942751880
942728322
942725367
942716362
942695205
942662312
942619416
942578432
942542994
942540509
942521650
942518063
942472858
942463968
942456494
942421808
942392348
942380588
942311434
942303430
942293130
942277296
942267960
942244090
942231472
942199953
942180991
942095973
942078903
942070725
942065803
942056845
941988031
941959970
941942542
941929641
941914972
941880592
941869088
941818612
941801468
941767611
941748868
941748345
941695401
941683223
941673038
941643250
941625070
941615374
941593787
941585431
941553763
941539808
941531019
941513875
941462668
941443445
941413223
941398894
941341110
941297394
941285975
941279566
941266890
941231241
941202851
941187791
941169383
941146096
941123511
941123058
941119365
941096977
941079539
941011311
941010551
941009708
940999860
940992206
940945415
940929503
940913665
940901615
940893341
940892111
940879644
940867580
940832945
940816855
940811247
940777973
940732273
940726593
940724515
940665568
940627915
940611012
940588235
940558685
940552708
940511128
940493897
940483959
940476931
940469216
940433170
940406412
940391460
940367402
940363990
940329914
940321621
940257890
940231846
940225955
940212073
940208432
940186157
940141772
940125898
940119202
940103573
940080582
940057191
940049103
940039928
939987189
939978041
939970216
939958064
939941412
939927874
939918382
939899885
939899442
939865495
939864446
939821939
939799013
939791574
939783875
939763587
939743570
939739777
939714437
939692588
939654935
939638577
939624392
939614362
939579963
939574327
939559375
939539424
939522513
939513669
939478542
939475263
939462468
939449565
939438432
939420639
939393302
939385684
939370533
939368826
939355320
939324669
939289600
939262930
939257608
939237696
939220035
939211563
939197936
939183077
939167477
939163318
939147359
939133154
939107551
939098767
939093834
939062105
939050379
939048187
939039038
939018700
939001190
938991150
938956590
938916366
938870544
938853962
938821521
938810565
938804480
938786590
938751666
938733784
938704263
938699033
938657289
938607610
938594616
938581598
938560122
938553012
938497236
938492819
938459328
938458236
938442354
938431073
938411473
938390896
938385467
938369684
938354996
938344352
938323145
938318164
938313815
938309062
938290165
938273409
938259799
938255927
938236486
938181272
938161679
938130972
938123611
938114169
938106008
938076687
938056456
938047436
938038878
938034867
938030052
938018776
938017377
937969969
937961809
937954142
937934523
937933699
937932131
937928601
937911303
937909972
937891740
937857532
937856495
937852398
937768814
937723600
937681245
937675158
937673115
937671280
937646785
937593644
937574285
937542142
937536745
937508064
937490229
937485283
937463940
937463358
937462753
937445320
937442261
937442057
937425063
937369684
937363775
937345741
937331240
937330194
937322044
937321822
937312312
937311443
937297236
937279819
937274652
937244183
937225394
937223962
937211970
937178591
937172062
937168267
937144695
937138478
937111453
937104110
937094188
937053573
937039258
937014232
937004672
936991465
936974050
936970519
936964621
936931150
936910533
936901668
936901540
936890587
936887088
936884762
936852814
936835576
936834483
936821530
936785834
936762706
936749608
936725549
936712424
936668350
936627025
936585858
936573848
936555151
936537753
936520294
936504471
936441196
936329981
936293274
936290462
936275709
936256288
936253508
936190454
936169896
936167052
936150412
936123800
936120057
936117238
936087605
936034575
936013000
936012651
935976940
935972129
935936462
935892462
935875296
935821058
935788378
935784173
935782100
935782036
935771380
935745198
935739382
935706715
935679789
935654543
935646950
935614484
935573989
935571212
935556077
935533795
935511427
935487829
935472165
935450303
935444887
935443694
935433870
935420552
935399372
935365964
935365421
935331766
935310636
935289885
935254228
935250483
935249962
935222997
935201733
935192957
935164129
935161042
935152241
935108188
935080763
935073524
935038603
935020422
934969671
934952333
934930703
934897366
934869764
934810566
934791237
934762243
934697517
934685760
934684265
934620724
934611923
934578456
934570245
934553615
934532241
934527486
934501929
934491748
934478645
934408149
934377654
934336161
934331201
934321713
934304967
934300305
934295409
934239653
934220267
934214771
934208144
934193727
934192247
934160412
934140418
934092761
934069132
934059804
934056584
934041496
933996195
933980686
933953518
933949149
933931610
933900711
933866830
933844771
933828379
933792959
933790435
933755575
933722161
933663618
933646813
933631703
933597534
933581347
933555070
933546065
933530623
933476307
933438033
933394220
933357726
933339962
933331035
933325430
933308463
933286532
933286284
933266830
933236303
933218933
933178963
933138867
933133735
933123518
933090866
933077875
933072983
933052308
933030337
933001442
932993230
932985205
932958688
932941133
932927781
932863973
932854473
932824289
932817209
932812088
932801773
932775974
932771567
932764965
932739980
932728586
932694695
932688555
932668190
932640363
932618894
932605458
932597023
932504982
932495655
932445160
932438428
932417057
932404223
932396572
932349868
932335700
932314036
932309544
932301719
932300290
932287977
932264879
932245627
932154309
932142564
932120014
932109712
932082416
932030642
932020249
931996207
931978767
931943288
931911115
931888214
931864781
931860042
931822326
931779194
931770313
931769040
931755898
931742448
931700581
931652203
931650309
931629521
931604535
931576481
931563702
931557073
931550028
931549639
931548224
931524854
931518906
931515123
931495668
931477407
931459123
931450243
931426806
931416371
931388147
931384216
931378731
931375852
931356800
931337085
931322026
931301613
931300195
931297884
931285531
931260120
931232929
931175260
931171583
931168075
931125201
931097996
931076268
931040213
931030287
931008421
930969711
930946109
930934989
930920721
930916705
930912752
930895496
930890503
930872444
930861571
930836302
930814537
930784992
930757734
930740535
930727972
930698749
930672557
930633455
930625841
930624645
930611623
930603170
930589344
930562720
930557881
930530735
930518497
930485812
930464778
930429664
930425843
930386606
930386243
930378197
930318930
930224594
930208304
930199811
930180740
930139883
930116598
930110214
930075882
930059890
930036909
930024649
929996035
929942612
929930308
929903548
929892591
929847893
929846185
929837163
929815376
929790324
929737859
929710219
929658961
929622951
929603152
929590268
929577748
929555322
929525066
929498854
929491846
929485904
929485282
929453157
929440506
929381141
929366453
929351722
929348483
929273498
929245806
929213995
929199555
929192816
929186034
929149979
929117350
929108997
929101859
929087059
929051126
928994723
928955027
928930561
928928135
928909604
928904377
928901772
928888015
928866194
928806059
928799501
928791088
928774771
928746243
928729267
928713563
928685525
928680459
928677982
928674536
928662290
928646977
928633007
928611422
928586557
928571664
928560556
928532025
928531045
928529268
928521708
928471316
928447866
928441559
928422863
928411117
928385239
928361552
928351119
928329828
928279002
928263478
928232417
928226752
928224862
928179574
928175695
928110188
928081567
928076927
928056433
928043708
928023544
927994220
927983410
927948040
927902881
927902735
927894281
927857639
927850299
927840302
927826099
927797913
927796704
927769088
927768492
927755668
927738102
927735842
927695113
927666267
927664913
927657018
927641946
927631031
927620240
927597173
927556442
927537631
927507771
927500404
927438225
927424881
927387937
927384885
927376533
927356772
927287739
927287018
927279091
927272350
927260491
927256556
927208453
927178432
927127153
927107779
927090169
927066343
927053678
927024531
926994101
926969881
926966605
926966427
926950318
926943099
926922472
926919206
926904631
926890756
926866485
926858962
926841746
926835199
926829399
926789220
926774199
926752695
926707908
926695223
926684940
926678132
926673306
926662660
926650421
926645942
926636292
926521486
926502369
926494598
926484493
926478192
926451844
926440572
926421415
926357514
926331637
926299367
926278861
926257259
926225960
926221143
926208203
926169312
926169084
926167581
926163332
926119642
926101486
926088482
926085401
926057628
926056554
926047511
926019298
926017147
926011868
925995883
925993319
925973835
925940691
925923189
925896880
925894068
925877229
925825051
925815461
925807704
925802068
925797950
925786198
925755638
925709636
925701925
925684204
925644092
925634298
925623510
925604745
925587881
925560881
925551365
925550272
925499637
925497229
925465558
925458571
925447551
925437127
925424073
925330226
925318019
925309040
925297602
925258866
925253967
925244343
925199544
925195354
925160260
925132104
925050621
925026458
924982986
924978508
924971227
924950787
924945404
924872064
924867851
924812294
924788849
924779561
924752217
924744064
924730495
924712897
924698141
924650525
924616588
924569769
924561170
924548896
924502560
924492858
924489955
924437496
924426805
924404991
924385834
924355020
924343832
924342690
924325784
924323048
924304248
924278140
924256202
924241853
924230258
924215191
924198096
924125774
924100155
924095280
924050884
923996369
923995974
923989585
923980825
923980336
923973023
923972532
923959807
923948541
923933349
923932458
923929289
923905232
923890141
923873647
923854743
923844661
923843240
923835951
923800007
923785396
923781661
923770911
923729846
923712252
923707332
923679207
923626090
923608566
923596695
923586782
923573841
923566622
923527748
923527730
923513500
923485879
923441819
923417858
923415374
923413200
923407720
923389418
923379375
923370252
923323409
923284739
923247210
923229028
923203352
923199004
923156554
923135481
923130080
923102612
923078887
923071038
923050910
923036997
923014685
922960390
922930907
922928825
922905858
922884748
922876775
922805493
922764351
922759847
922740621
922714626
922697178
922672746
922646992
922616705
922603183
922591924
922574320
922571674
922533439
922500360
922471503
922465060
922456547
922450769
922450533
922428102
922425471
922411571
922391064
922381665
922371750
922362536
922302938
922254385
922248058
922198396
922195909
922177804
922154143
922143359
922116427
922110037
922094712
922040932
922017472
921996288
921985120
921944595
921928799
921909047
921893190
921892062
921874133
921856853
921848985
921835000
921813624
921806318
921757946
921699593
921669338
921608541
921592771
921566726
921539730
921500658
921468333
921453096
921444315
921440242
921437955
921423413
921347447
921333207
921330690
921324133
921323401
921307220
921298955
921285927
921278640
921268418
921259945
921249228
921240815
921236872
921219166
921217379
921165579
921155499
921115483
921102306
921040423
921033539
921025965
920998110
920967565
920926528
920910559
920893390
920855733
920837055
920828751
920810435
920801937
920783618
920762571
920745220
920729050
920720527
920709418
920696939
920683394
920666422
920655509
920646931
920625304
920621702
920586435
920539730
920526391
920510525
920462032
920414377
920368174
920362896
920328367
920326824
920324675
920312665
920280133
920227197
920220580
920205750
920189616
920170229
920117873
920116683
920114201
920108348
920108032
920075463
920067276
919955541
919914560
919895443
919883753
919840666
919839364
919807035
919792799
919722287
919720424
919711974
919704183
919669885
919662897
919630774
919622983
919554186
919497892
919422727
919421965
919397522
919343879
919322593
919303650
919282854
919237205
919231658
919230009
919182230
919123463
919099909
919094740
919091724
919088964
919082214
919044922
919027193
918932242
918921542
918904041
918884159
918877021
918870069
918812639
918808050
918790115
918779060
918762910
918759939
918752620
918716201
918693983
918669041
918657078
918644089
918638560
918630244
918614227
918559311
918529854
918510411
918507467
918501976
918468227
918450200
918432480
918404396
918378077
918362165
918345563
918342939
918301789
918296427
918261158
918256077
918219887
918218027
918208674
918172157
918158460
918155064
918140469
918115080
918111932
918082194
918067679
918039869
918019944
917991994
917935598
917924417
917801262
917785882
917777358
917772684
917745226
917672316
917607057
917586791
917505526
917499571
917481656
917479973
917453062
917427944
917426987
917392754
917377375
917321500
917285170
917266465
917256425
917229710
917216373
917202674
917196542
917169928
917152613
917148646
917148319
917118846
917088818
917054281
917004681
916995416
916935753
916928885
916915607
916904714
916883739
916869142
916862703
916838456
916827151
916807199
916785870
916782435
916770400
916766004
916722467
916683642
916672493
916622009
916576625
916547335
916510342
916465356
916459545
916447273
916427756
916386957
916378092
916352841
916346404
916339239
916279623
916244992
916213979
916199228
916192213
916166858
916157995
916151827
916119172
916111801
916090073
916088028
916063112
916047955
916022229
916017792
916005819
915989582
915959784
915951378
915911100
915894166
915866383
915865191
915836321
915816732
915815831
915771450
915759697
915758865
915742257
915732168
915695866
915657401
915622479
915605845
915541511
915528321
915525541
915512364
915501085
915472540
915380147
915364062
915329919
915316596
915281818
915277831
915261932
915239119
915217399
915206967
915188221
915183057
915164381
915141949
915126679
915123911
915068689
915057770
915028022
915005895
914983004
914982441
914950500
914933685
914869137
914844330
914841398
914819902
914788638
914783894
914698884
914676749
914667806
914662371
914652955
914642198
914602345
914585533
914521031
914507784
914502542
914498883
914461997
914460553
914456552
914438921
914427589
914419782
914408440
914392270
914369101
914367062
914362844
914330404
914284811
914264360
914255160
914230507
914214044
914213604
914208404
914202607
914194343
914155005
914149257
914146425
914082734
914081846
914026063
914011512
913998433
913982926
913978313
913971594
913940354
913932431
913920822
913911248
913879085
913842280
913829458
913798192
913751139
913739177
913698090
913633915
913616446
913613144
913593468
913590556
913579218
913571184
913564439
913558154
913533664
913497890
913433538
913408808
913364967
913356515
913344287
913313787
913290883
913278973
913252778
913235480
913219005
913192737
913156487
913120744
913072565
913069719
913034249
913010099
912999850
912993113
912974336
912954009
912946321
912943189
912927741
912913066
912895617
912893850
912847687
912839957
912839212
912834216
912815424
912783232
912768023
912752972
912733608
912726744
912721820
912719533
912657340
912642928
912639445
912631767
912625993
912599332
912598679
912595022
912585382
912582003
912565323
912560675
912553469
912521986
912472331
912457216
912444145
912396152
912393168
912379995
912365470
912358935
912324851
912324284
912302324
912292603
912279309
912270248
912245377
912215658
912190838
912152865
912147107
912139539
912113179
912112879
912109509
912087724
912057757
912030840
911998554
911974621
911961101
911950174
911926206
911906909
911897557
911891492
911849447
911849422
911807842
911789077
911734413
911734032
911715257
911657206
911652518
911639627
911623894
911589731
911587323
911579608
911570532
911557217
911529569
911528596
911506289
911485513
911479386
911432224
911427845
911413057
911387682
911366099
911359168
911329699
911317031
911307609
911306748
911303463
911298716
911263022
911246104
911231705
911211530
911189743
911154512
911126104
911122568
911103965
911087354
911078175
910995700
910968000
910962093
910953527
910913560
910903702
910903076
910897735
910873663
910847834
910837580
910805936
910804341
910794296
910784357
910709844
910692959
910683424
910659330
910657207
910616347
910576894
910497175
910479200
910468702
910430262
910420300
910413303
910395410
910361619
910330957
910280226
910276870
910275892
910253171
910253114
910250195
910199767
910162191
910159770
910127389
910091917
910075289
910062288
910059446
909999972
909927157
909880118
909872924
909844745
909843044
909823899
909809705
909751389
909728117
909725951
909717570
909712876
909707117
909704064
909694873
909671116
909664294
909641776
909601260
909575704
909574447
909571999
909519234
909477228
909476341
909466021
909454384
909446963
909364104
909317703
909290890
909245801
909198135
909194030
909189392
909188441
909177159
909160375
909136181
909105138
909097944
909071472
909065701
909050279
909026711
909020820
908991143
908991053
908891483
908844781
908788118
908785855
908777392
908769417
908741588
908708492
908703916
908641369
908635141
908626730
908619513
908617295
908597876
908585635
908477117
908449931
908449366
908431867
908422791
908396329
908355424
908338706
908338433
908321926
908312740
908273311
908270820
908236655
908235939
908215865
908197940
908195900
908099968
908070755
908069482
908063883
908046984
908026105
908007462
907934092
907907982
907880472
907843196
907822297
907794741
907767147
907750008
907719585
907693707
907677436
907671793
907632850
907606473
907585200
907581647
907580758
907565488
907561610
907561602
907551878
907539247
907537943
907529335
907515008
907462592
907447163
907447090
907428417
907420297
907379851
907374257
907372639
907370181
907341096
907330726
907307975
907307319
907299042
907282436
907268342
907263284
907259146
907249451
907222236
907195679
907171368
907126222
907110427
907097582
907088344
907088328
907080359
907074508
907055253
907054742
907028757
907028068
906979325
906972356
906944919
906906749
906879514
906860170
906834179
906761069
906720427
906718954
906695471
906688464
906676319
906669191
906667596
906652167
906635345
906633644
906596938
906559256
906544430
906539055
906528975
906522924
906518195
906447479
906436238
906417924
906403124
906361160
906306667
906292257
906288904
906273113
906272801
906259626
906252504
906238673
906238331
906217813
906170568
906148438
906146481
906128178
906047343
906023221
905997049
905984410
905928964
905908924
905903012
905901075
905888769
905884418
905865865
905850604
905847948
905839583
905836344
905812264
905812219
905805555
905802608
905788286
905786136
905766360
905763670
905741606
905740153
905730787
905722792
905717951
905717529
905697697
905695948
905678611
905633136
905606798
905589697
905586612
905585211
905555261
905536855
905474513
905439531
905431521
905413431
905382308
905338111
905333346
905297781
905274809
905262816
905258129
905248268
905235135
905203254
905199860
905163427
905105695
905103418
905074273
905056160
905042814
905039731
904997787
904993662
904962345
904935600
904902457
904882708
904870999
904859109
904839753
904802416
904730295
904714482
904695741
904678071
904677696
904654062
904653297
904646137
904634987
904606591
904600668
904552455
904545309
904523519
904435598
904421563
904415912
904405668
904376097
904374161
904372842
904370602
904316665
904306926
904278501
904270485
904254611
904245916
904244502
904194516
904181397
904179014
904175289
904171039
904121661
904090629
904087567
904048710
904035215
904020148
904013500
903943953
903924842
903919968
903894832
903889581
903888173
903874959
903851995
903832920
903797241
903782871
903771253
903754502
903734950
903717358
903700100
903679427
903659644
903658729
903650766
903627286
903613199
903598691
903575967
903553580
903540063
903517697
903502859
903497293
903448858
903444189
903439286
903393883
903391395
903335776
903328131
903322082
903304785
903298093
903260040
903250621
903212988
903208877
903204593
903187792
903182876
903164447
903151085
903145968
903131625
903110382
903102811
903076634
903032855
903008541
903003766
902991967
902964513
902960149
902957359
902956064
902934830
902910557
902865795
902835782
902824819
902820276
902816942
902716502
902690157
902683253
902674759
902644421
902616861
902577818
902569705
902560326
902496687
902423957
902322247
902319401
902276229
902272727
902240852
902211312
902192492
902179142
902162987
902149640
902058507
902055844
902024824
902017855
902006831
901956381
901932511
901922630
901843762
901831338
901824752
901815996
901760251
901736649
901712912
901676765
901664115
901660112
901642542
901640934
901626219
901618454
901600590
901581483
901562125
901555804
901546111
901506122
901469359
901459088
901458863
901439702
901439651
901428891
901415109
901395761
901373018
901356143
901353866
901329641
901280178
901275028
901254893
901237046
901230727
901184573
901113614
901029374
901027192
901018908
900983609
900978712
900956503
900953975
900950089
900939107
900920990
900904718
900899666
900888736
900812373
900780873
900716336
900679125
900675805
900646946
900623268
900598851
900552874
900531146
900506672
900488576
900484610
900436092
900431381
900422725
900391666
900330912
900323484
900304262
900282411
900277247
900265395
900252473
900246422
900197928
900171663
900154119
900146711
900120100
900084728
900078353
900073127
900066730
900046480
900042796
899986714
899975420
899914831
899878654
899847798
899844788
899837505
899826541
899806162
899782985
899750527
899711012
899702927
899688419
899651897
899639105
899615054
899591907
899591181
899572712
899558054
899540693
899537660
899505884
899478095
899436591
899421774
899414334
899393939
899377800
899361831
899357994
899340372
899238051
899121147
899101420
899087469
899083511
899073869
899071867
899063947
899056319
899026277
898994216
898987449
898984082
898948109
898883509
898829375
898800973
898768811
898706305
898674151
898645761
898640356
898591133
898590311
898586382
898572856
898549732
898535149
898520801
898492640
898489691
898473302
898454077
898453024
898392316
898377606
898340775
898340653
898316861
898286883
898284886
898272156
898269423
898257284
898214905
898196842
898182713
898169384
898140000
898138396
898132394
898104584
898103746
898019835
898010273
898001554
897964514
897944782
897932142
897897193
897896348
897863684
897858620
897842139
897758207
897756932
897716861
897678191
897656227
897648752
897594660
897592316
897580321
897571877
897548976
897529522
897522000
897511775
897505488
897483555
897482609
897475508
897473612
897471830
897464941
897451069
897434402
897400358
897387672
897353433
897317387
897296498
897288075
897282172
897268224
897151729
897139804
897133890
897114987
897058224
897031685
896996562
896983483
896968207
896945642
896917208
896891701
896832654
896826411
896803755
896798631
896765093
896761313
896696973
896685443
896646358
896641525
896638622
896631944
896612719
896608552
896583033
896518436
896507356
896484195
896465002
896452864
896425369
896407788
896401061
896383797
896363262
896351441
896307249
896291717
896280980
896222668
896200315
896178111
896168367
896138220
896114488
896092327
896081833
896036633
896031164
896010957
895991029
895980774
895966132
895961856
895927115
895918305
895854378
895848803
895842722
895833629
895794324
895771346
895762405
895753743
895744116
895737051
895708028
895696904
895655680
895642078
895620636
895612356
895608888
895586995
895580938
895555219
895547418
895536805
895529757
895524772
895493499
895405270
895379770
895374272
895364743
895352060
895329283
895323916
895291709
895272483
895257445
895252415
895241638
895215399
895213203
895186859
895172771
895151732
895133562
895117746
895075359
895054556
895009942
894987134
894965307
894953828
894915893
894884786
894880789
894874601
894827417
894783466
894782935
894751290
894737429
894709948
894708750
894706921
894677453
894653992
894644358
894615363
894590289
894571490
894569886
894568571
894548479
894524648
894510203
894503237
894464626
894436985
894424089
894371038
894369475
894356105
894319516
894278419
894253938
894206328
894165994
894091023
894081401
894077817
894047354
894046372
894034986
894032252
894026148
894019709
894012143
894005351
894004868
893954179
893944058
893905490
893881050
893853307
893815754
893808396
893767843
893715362
893707368
893679927
893674047
893632118
893629979
893615955
893549932
893525655
893480013
893463536
893454853
893419930
893400556
893399033
893386513
893372534
893346180
893262711
893254124
893240611
893229718
893229708
893204656
893153925
893135919
893129696
893077756
893063983
893052067
893031352
893025794
893021931
892953169
892940786
892937854
892918285
892889104
892875365
892836637
892808181
892758987
892628133
892609532
892600813
892581826
892532117
892531933
892531156
892512597
892494841
892448655
892412820
892394337
892304913
892236575
892218068
892214620
892164265
892159944
892139785
892120789
892066301
892044407
891992554
891988060
891976006
891942718
891939352
891918952
891893737
891893633
891859049
891814419
891796207
891787906
891783736
891776609
891765008
891757848
891706225
891686641
891623692
891591158
891586995
891552653
891545716
891521990
891446952
891410452
891375303
891371827
891280454
891236285
891224130
891173328
891166032
891160528
891130085
891127624
891068495
891065218
891023631
891015779
891000617
890943495
890943163
890928302
890919192
890901265
890877332
890858118
890851630
890835930
890786749
890784934
890783127
890699395
890669087
890640902
890610538
890604552
890570961
890533938
890520901
890509636
890496046
890460156
890409398
890385020
890370892
890351860
890350247
890304313
890297935
890267678
890220603
890138339
890128720
889919721
889886912
889829894
889808910
889804972
889765406
889684129
889678117
889665835
889661950
889655517
889613858
889592849
889584492
889503953
889497339
889463821
889457715
889424139
889320638
889313560
889294276
889213769
889170311
889153292
889116985
889113381
889082576
889070658
889038169
889032082
889013159
888988519
888984023
888974202
888941094
888940369
888939353
888927255
888920637
888859559
888830666
888794998
888770748
888744857
888711366
888701981
888637366
888630825
888600785
888575026
888567813
888557545
888533387
888529882
888487805
888473255
888446303
888410423
888391974
888361871
888352134
888337850
888334066
888281565
888266318
888265178
888226271
888207016
888173670
888117175
888101518
888082373
888059828
888021508
888004517
887977675
887941795
887933458
887913630
887894013
887870678
887866152
887843556
887843223
887818132
887802917
887772736
887741758
887732476
887719173
887623062
887622752
887610606
887564382
887562171
887539557
887517592
887496961
887475252
887473598
887465201
887461208
887436308
887434116
887408876
887397999
887369999
887346663
887298353
887250493
887227484
887184532
887150710
887147066
887118532
887093120
887091994
887045028
886986377
886982679
886960532
886943235
886939121
886917392
886917335
886887095
886886629
886885614
886853124
886846604
886824014
886806445
886762596
886755184
886736719
886697924
886648152
886634677
886576483
886567942
886525261
886477587
886460473
886440511
886394966
886384331
886374059
886368841
886352023
886347701
886347104
886346364
886330756
886301842
886289471
886261898
886249426
886199151
886144883
886106875
885969431
885854795
885828384
885759169
885756903
885731646
885696364
885686724
885680095
885679855
885659112
885647018
885622442
885541221
885538237
885448682
885375454
885368318
885349321
885332200
885327071
885321130
885292958
885287352
885277851
885198087
885185378
885132901
885130058
885073988
885002236
884996062
884994182
884904447
884867267
884825260
884823155
884813771
884799273
884746644
884732905
884725818
884714216
884686901
884675703
884581954
884570471
884555036
884540748
884539874
884515556
884512059
884475142
884444869
884436497
884382412
884352557
884341112
884329969
884321985
884293511
884258306
884244455
884230625
884207201
884192536
884190629
884163585
884162165
884122669
884080439
884052600
884037651
884027420
884001278
883963474
883954432
883922406
883876645
883842648
883821899
883813609
883754310
883743031
883706794
883704755
883678149
883666213
883644152
883635841
883626752
883541241
883512870
883505464
883489658
883463193
883423784
883418299
883394855
883393653
883368696
883362182
883327836
883325374
883314584
883314035
883275035
883264301
883207225
883204250
883199626
883192862
883187630
883148150
883138217
883123523
883114668
883086181
883081622
883007594
882991895
882985185
882976555
882939214
882867959
882849258
882848956
882847429
882813361
882792805
882775854
882768910
882754310
882745175
882722916
882706956
882698820
882684773
882622615
882591093
882571036
882530086
882528436
882511983
882427676
882416242
882405549
882386119
882365468
882365238
882300878
882269579
882225260
882211734
882210172
882163102
882156281
882148962
882142313
882110331
882108162
882083703
882069032
882036669
882012623
882009998
882008059
881987071
881959662
881924116
881919301
881859894
881855124
881846199
881833301
881799879
881777400
881754185
881728854
881712704
881708005
881649796
881596558
881568143
881553872
881547061
881535776
881528256
881501423
881473651
881444348
881439266
881425822
881424732
881392434
881387178
881366031
881360657
881347765
881341717
881323393
881300964
881285511
881269805
881262106
881247063
881240217
881201754
881195210
881180998
881180281
881140218
881078641
881069566
881048552
881031044
881028658
881009417
880995553
880984403
880935029
880873315
880848926
880833394
880809184
880770574
880756314
880730938
880694728
880662987
880648532
880600045
880550541
880499591
880475753
880352263
880266605
880229270
880223204
880169133
880154906
880130578
880113232
880082068
880075662
880042624
880025350
879968223
879963039
879955927
879936632
879924153
879889386
879855895
879816973
879794340
879771458
879727295
879682941
879585609
879568620
879555690
879512277
879484462
879439896
879418659
879398883
879394820
879366554
879324155
879303291
879293125
879249672
879212660
879208321
879205463
879184683
879135870
879086430
879071800
879066561
879050521
879040295
879014609
878993859
878981138
878941999
878873780
878871486
878851835
878850527
878818110
878805874
878798493
878788407
878777216
878761772
878735329
878721713
878694415
878687620
878673233
878640903
878589266
878578745
878572340
878545053
878491747
878489769
878395717
878333092
878318666
878293725
878270131
878252602
878244692
878242055
878223232
878194429
878155520
878129059
878117226
878107400
878092982
878071940
878071123
877971217
877928498
877919002
877915877
877863692
877836992
877826084
877782704
877767417
877750875
877714041
877699833
877670247
877610109
877588849
877583565
877560659
877534085
877511087
877493164
877487695
877454205
877430302
877411066
877383969
877322712
877283936
877243190
877215974
877197364
877179341
877131680
877121931
877071615
877059224
877043068
877010605
877007025
876954860
876932080
876927840
876920173
876867194
876864666
876854639
876837286
876823953
876817832
876779514
876764756
876756115
876688293
876661297
876654455
876620553
876611067
876587290
876551693
876500430
876489695
876476881
876470747
876425098
876425048
876388363
876339085
876331329
876296960
876255392
876250924
876241038
876238818
876213022
876176994
876173504
876141744
876126164
876104219
876079391
876058884
876057964
876033093
876011924
875998155
875988723
875931603
875924477
875914493
875893725
875876687
875870123
875848802
875827715
875814297
875790765
875717654
875705750
875679263
875676295
875673298
875632035
875624272
875622559
875617907
875566772
875505282
875491993
875475650
875451527
875427292
875359097
875356108
875320917
875311670
875266284
875264135
875258464
875246213
875202563
875195774
875182823
875168324
875142115
875110427
875102529
875060188
875049172
875033054
875023892
875013139
875002147
874980516
874975210
874960606
874912782
874907065
874894382
874878880
874828298
874782258
874727769
874719779
874673698
874635703
874634778
874626847
874555243
874519548
874511769
874494880
874489565
874482203
874470314
874458991
874435739
874411862
874365024
874349603
874330242
874326081
874323557
874323557
874316487
874269720
874216038
874206847
874178647
874175562
874150029
874091137
874062994
874047125
874046559
873960202
873951531
873912832
873888416
873850579
873842364
873795687
873792741
873748718
873704031
873702253
873678948
873676818
873669399
873660665
873606301
873567309
873548599
873527956
873487506
873480688
873456282
873438700
873358107
873355853
873345451
873330268
873298575
873294821
873288339
873271880
873249988
873246747
873246705
873202036
873192643
873118048
873101358
873058717
873052001
873044130
873012238
872957466
872951518
872950327
872926474
872911466
872860397
872803129
872800868
872783015
872765119
872734150
872718371
872668218
872651071
872650386
872646549
872605798
872573303
872562697
872492023
872440125
872403972
872364651
872337004
872332326
872309513
872270582
872243815
872243563
872227988
872196576
872186034
872175884
872151942
872121490
872110447
872096770
872059411
872031329
872024555
872012523
871988998
871987151
871979409
871914017
871884852
871819235
871801055
871800101
871763189
871739055
871736458
871720286
871708057
871686480
871652784
871636074
871626468
871591496
871589991
871576830
871554369
871535519
871512315
871464949
871391929
871369639
871347593
871300334
871232302
871200293
871159254
871124489
871109330
871101782
871045520
871008368
871002460
870961122
870960199
870939381
870886910
870872057
870853404
870830332
870779030
870760323
870690915
870680497
870668565
870627507
870608774
870601224
870510524
870431255
870427519
870349881
870314853
870312083
870291463
870239128
870151115
870136525
870099085
870073935
870025106
870003327
869990406
869967601
869962924
869939027
869928529
869865234
869840320
869829812
869790983
869760087
869710975
869698090
869693816
869655258
869629618
869627570
869623237
869574246
869564211
869515678
869498449
869494165
869461261
869425261
869419040
869412969
869403425
869389302
869320706
869304513
869303166
869300821
869284663
869248482
869191392
869155716
869139975
869096629
869095039
869087884
868996954
868994924
868994593
868993462
868986760
868981001
868956691
868943673
868893071
868848803
868830280
868823148
868809150
868759352
868726475
868711931
868691562
868682236
868662149
868660764
868648356
868642245
868575506
868539990
868499279
868478285
868478211
868464469
868446637
868433753
868417560
868397728
868395982
868383459
868375554
868348768
868327278
868290498
868259170
868242083
868228147
868220235
868134232
868122527
868118832
868056492
868030083
868028891
868020326
868006110
867919889
867915391
867913958
867897657
867888494
867881199
867814062
867808605
867767376
867764691
867698855
867683788
867659608
867600482
867572559
867552811
867522905
867484033
867478514
867476699
867465845
867412907
867391394
867379646
867369110
867360280
867353847
867351966
867307984
867252465
867235425
867233047
867185789
867176176
867119203
867076707
867010823
866972573
866967326
866918644
866898157
866810433
866802310
866777732
866774676
866727833
866712616
866675279
866667999
866646115
866614469
866600957
866562049
866548456
866519949
866506006
866488029
866477977
866456405
866385493
866363130
866357264
866316498
866314734
866288939
866258452
866252808
866177826
866165112
866127032
866107644
866082455
866064075
866042550
866027226
865960006
865954366
865925611
865901745
865883969
865854523
865811253
865799199
865774976
865763114
865754411
865726555
865725677
865713051
865695838
865680553
865656650
865576299
865517480
865473590
865473520
865372903
865346219
865308003
865295648
865248550
865246569
865231297
865230010
865179644
865165432
865133781
865081708
865031830
865029054
864984986
864963112
864923626
864902368
864895886
864880671
864878166
864843961
864813105
864789137
864787030
864784934
864754577
864739969
864733476
864631528
864603413
864575223
864555086
864530571
864494065
864453807
864438734
864424155
864401879
864388410
864380668
864376298
864351835
864344680
864341583
864290016
864248070
864221361
864195941
864189439
864163498
864126676
864124442
864073752
864044473
863992165
863956424
863949570
863932216
863874809
863835507
863819421
863801256
863791639
863776811
863740258
863735750
863691985
863685859
863645490
863590467
863584660
863583461
863580513
863567558
863542773
863531194
863512567
863485380
863450242
863437716
863437019
863435220
863369607
863331830
863260885
863246325
863232155
863192242
863166817
863131301
863109094
863090456
863090135
863042963
863009777
863006240
862975063
862956084
862935375
862909171
862897602
862892140
862885518
862740431
862723609
862705142
862704124
862685041
862654960
862643436
862634492
862602958
862602489
862601958
862572118
862554286
862554021
862551342
862541614
862498539
862429307
862419656
862382050
862378058
862346766
862324997
862318527
862311765
862291161
862232223
862099903
862085900
862083080
862071354
862024263
862012823
861924852
861893721
861843205
861836844
861824384
861808491
861781834
861767746
861736976
861726753
861718887
861700781
861698917
861671472
861658806
861618960
861609316
861602689
861486652
861472818
861463959
861461080
861449892
861432720
861401107
861395537
861371655
861350557
861335541
861273121
861236695
861221566
861217200
861175511
861168485
861145575
861111310
861065909
861033535
861010151
861001916
860982614
860921619
860909574
860903366
860863648
860833024
860773787
860730133
860657653
860619385
860617556
860612980
860579683
860536469
860534700
860510518
860465384
860449980
860445952
860426482
860406187
860385707
860382017
860346274
860339708
860301786
860269970
860248951
860238387
860227300
860216539
860135757
860132706
860115993
860067595
860007931
860002135
859980787
859940851
859936193
859921115
859861706
859844406
859816641
859802795
859751635
859717517
859717357
859715737
859714300
859667127
859665691
859661772
859637631
859593004
859590905
859549924
859528045
859513814
859507359
859473173
859443243
859425660
859410977
859401390
859373073
859348964
859320229
859292692
859187790
859179054
859173585
859156014
859135638
859109668
859102347
859085909
859054214
859050529
859030345
858995057
858986743
858962949
858929715
858915481
858900700
858883378
858846230
858842001
858827825
858766125
858746288
858730222
858719853
858670465
858651026
858643130
858581497
858566026
858555904
858547339
858539176
858508273
858449820
858432553
858429591
858420876
858411210
858366647
858305619
858304553
858300082
858298147
858295949
858279737
858243244
858219165
858174309
858164687
858133229
858099761
858094345
858086161
858079586
858061444
858023373
858002003
857961683
857900131
857894768
857813186
857796564
857758684
857732713
857705065
857651466
857634433
857607951
857588402
857570571
857563638
857557256
857534408
857515064
857505866
857498622
857497335
857482665
857442577
857432417
857421999
857319199
857318196
857308483
857296054
857289193
857207686
857203514
857183023
857137217
857121892
857107598
857105999
857104702
857082147
857081269
857069730
856962487
856946895
856919048
856918944
856898628
856888030
856853045
856830747
856821888
856810200
856786554
856744190
856680108
856659370
856579374
856573763
856569605
856561754
856555221
856536166
856479510
856476014
856474976
856423497
856415179
856386440
856330425
856322582
856307750
856216703
856215331
856208766
856148865
856129950
856078664
856071147
856013082
855973886
855967443
855935583
855924359
855918530
855888118
855849081
855826729
855806334
855791123
855714608
855693069
855682637
855644635
855596725
855555450
855553192
855548348
855547221
855473877
855459913
855457695
855420779
855394086
855373938
855321579
855303887
855299852
855294491
855273556
855262159
855250967
855243002
855189940
855151274
855101954
855080073
855068003
855063730
855032504
855025408
855006999
855003551
855001250
854994703
854968466
854950815
854933803
854863747
854815584
854793631
854785933
854743238
854720653
854668076
854640857
854570757
854528661
854520833
854517931
854475104
854467531
854378183
854354897
854348623
854275341
854253187
854236076
854225009
854214246
854206420
854205937
854197532
854182632
854178825
854137319
854117827
854109613
854011858
853990791
853989738
853986346
853970772
853961824
853945238
853942226
853903452
853878397
853849099
853825923
853804982
853789840
853782525
853763498
853759009
853746459
853737287
853724845
853723291
853711092
853701039
853675671
853660955
853654843
853650715
853643640
853609622
853605056
853572265
853543296
853528268
853526596
853479913
853438127
853419107
853405426
853394039
853388717
853329216
853296254
853282417
853270799
853264388
853199326
853198100
853152008
853105418
853045716
853032268
853009883
852916219
852908893
852867167
852861925
852826253
852817610
852807790
852758655
852720472
852718756
852671877
852670216
852635929
852607005
852518232
852509459
852463485
852426738
852400926
852396839
852376955
852368051
852307662
852277261
852272279
852251359
852248094
852204934
852190158
852181432
852156504
852085596
852017426
851982968
851971782
851962622
851958519
851913240
851877102
851859177
851858019
851829419
851807685
851800773
851791801
851768160
851737257
851718353
851708408
851701813
851662764
851605970
851599016
851598012
851571707
851559791
851541226
851514833
851469774
851452956
851434169
851419128
851400157
851353741
851346959
851285152
851255631
851230061
851202607
851191601
851185986
851114804
851080998
851042082
851004450
851000323
850936996
850878735
850835699
850830513
850830313
850821632
850808436
850731298
850714469
850688814
850665414
850651191
850613134
850604492
850598003
850569312
850566925
850554118
850519288
850438196
850420061
850386944
850378472
850369927
850365522
850332966
850311912
850293707
850272416
850268429
850166382
850142241
850069366
850052910
850044342
849979554
849956753
849930140
849898056
849890158
849874154
849865028
849835717
849822052
849820438
849796348
849779155
849743516
849708609
849695047
849652363
849603328
849599883
849522754
849516842
849431487
849420256
849379760
849368526
849359433
849333124
849310477
849308196
849299141
849283811
849190996
849186198
849086702
849073037
849041933
849005355
848991147
848924060
848819114
848814078
848787071
848786072
848777607
848754437
848696293
848645515
848622367
848598235
848570975
848557306
848533268
848521101
848446531
848445933
848437486
848410739
848370271
848348724
848328037
848276313
848238680
848207826
848195649
848175100
848170697
848161819
848135456
848127072
848064834
848062419
848043110
848028879
848014478
847946978
847923945
847900333
847883067
847863755
847862070
847854870
847840938
847808689
847787617
847773415
847743645
847712189
847690353
847669009
847634090
847613648
847594759
847540422
847518331
847503234
847455986
847432746
847425631
847379621
847379358
847367353
847340614
847326253
847269862
847256135
847247476
847207964
847163377
847144728
847139006
847105687
847091757
847073279
847055467
847050094
847030355
847029609
847009210
847008260
846998449
846952464
846913104
846897701
846870882
846863524
846845883
846836320
846828299
846821609
846793499
846784910
846769730
846756316
846680171
846639034
846599145
846572546
846562880
846504867
846484180
846360939
846322558
846312125
846301745
846283196
846243918
846234949
846221247
846165915
846159388
846152755
846141238
846117900
846105124
846093380
846057598
845994366
845934674
845902157
845827623
845804853
845793792
845780771
845756234
845726982
845717034
845693948
845648875
845578982
845569564
845543988
845540350
845532040
845502615
845488627
845463842
845443702
845430212
845418485
845412384
845401731
845396291
845389410
845389295
845387989
845382683
845370463
845352972
845328666
845296039
845279351
845248231
845240484
845177751
845158200
845114544
845078656
845073369
845060418
845024254
844975646
844962105
844955112
844870846
844846154
844822184
844804052
844763846
844736399
844727426
844719026
844683251
844601723
844599510
844587755
844569952
844565768
844546293
844521463
844499355
844495550
844452276
844401534
844388408
844385607
844332329
844251815
844250640
844224300
844212250
844155698
844150841
844138643
844134282
844114462
844080653
844004418
843978095
843958108
843934524
843904936
843882996
843878325
843870126
843822223
843798385
843776546
843770878
843752411
843703965
843678988
843597227
843565640
843559635
843543764
843533324
843526145
843505393
843491880
843460265
843398343
843393303
843383205
843362770
843350800
843345942
843307517
843293007
843230146
843192981
843191682
843183374
843166633
843146535
843112941
843080334
843055742
843020312
843000383
842991286
842963751
842895810
842885331
842882298
842863596
842820597
842814805
842782274
842763786
842758519
842727053
842717206
842669027
842667809
842660818
842648962
842569766
842541073
842536940
842500458
842499152
842462000
842454165
842449171
842390705
842371928
842326891
842291107
842278806
842268398
842223694
842133811
842107175
842014386
841974281
841955955
841938971
841920853
841906123
841871946
841870935
841776807
841731779
841702895
841666837
841606116
841598212
841538739
841533201
841526036
841511981
841500800
841490573
841472025
841461689
841379324
841354465
841333524
841322322
841302192
841283564
841268496
841267089
841247094
841236749
841231422
841149047
841114394
841060063
841041653
840967372
840931065
840929986
840893060
840877244
840853799
840841707
840819602
840760936
840707716
840690351
840642769
840637077
840624976
840587694
840566018
840499271
840424030
840409867
840375055
840365835
840340021
840282517
840274027
840266860
840205351
840175852
840144207
840135670
840102045
840083695
840082216
840074307
840062795
840042362
840032487
840018472
840007660
839996480
839976037
839918362
839917401
839881351
839843035
839801715
839800526
839794961
839757560
839754761
839738110
839732761
839716356
839666510
839638214
839617381
839587868
839527664
839512370
839499897
839489105
839475584
839438508
839435696
839430752
839420289
839370714
839363902
839352124
839290873
839280051
839251189
839248034
839200364
839169661
839157010
839143069
839121231
839106101
839076606
839073360
839053702
839031317
839013507
838979098
838908465
838906717
838851949
838846257
838834667
838799701
838772742
838736212
838707257
838688136
838682687
838671472
838621436
838559140
838543971
838537074
838536993
838510394
838494523
838488917
838486000
838481060
838466760
838362862
838346965
838341048
838289305
838284214
838246532
838235003
838224002
838217011
838193172
838185059
838150998
838113423
838102347
838098221
838078152
838066033
838036370
838007276
838001379
837981083
837949093
837915543
837883067
837875040
837865711
837833299
837733258
837708622
837674142
837650875
837628293
837605069
837594007
837580057
837555971
837527175
837523999
837521215
837490944
837460592
837424930
837373004
837371242
837309796
837288936
837235281
837234929
837198292
837187218
837159342
837120782
837102687
837074592
837041083
837009439
837001589
836945580
836914494
836910321
836869723
836863683
836822543
836819986
836797192
836746693
836739922
836666543
836663692
836661379
836626741
836601947
836588437
836587387
836577221
836560784
836538581
836485441
836468479
836461464
836438932
836411513
836410991
836361174
836333773
836319320
836311161
836275993
836264896
836254808
836198369
836145976
836128737
836095240
836087686
836059249
836036963
836035482
835989330
835958571
835942045
835937542
835911869
835905516
835876153
835845181
835823725
835776913
835752354
835744772
835737621
835716130
835710476
835646067
835626436
835574206
835572712
835467982
835465337
835452658
835411987
835372168
835357288
835332801
835276154
835255576
835239126
835211694
835143209
835132561
835114889
835058418
835055596
835050015
835037771
834985246
834932883
834896332
834889642
834807366
834787513
834769683
834730866
834685532
834636185
834609503
834583041
834526655
834520661
834512362
834493072
834484902
834482857
834434534
834411101
834337581
834335116
834300157
834283011
834244533
834199504
834197009
834153523
834122839
834111881
834089137
834031313
834014320
833990463
833985453
833900404
833894089
833868953
833848847
833800375
833796183
833751944
833723882
833703646
833667382
833617843
833617523
833578035
833570835
833535040
833507504
833474038
833459773
833453642
833433616
833411290
833406071
833391870
833379398
833354152
833341997
833320705
833313566
833279048
833248250
833207370
833169012
833156289
833154766
833130049
833089624
833077150
833052014
833007904
832943043
832916499
832883040
832820796
832739297
832717362
832706319
832690321
832670551
832646172
832612198
832592765
832530957
832521562
832493057
832488847
832459158
832378692
832358291
832355351
832346670
832331357
832314447
832292945
832283310
832202726
832202074
832189095
832132710
832052667
832046568
832024191
832018741
832005412
831989533
831930810
831735808
831705534
831701588
831677861
831673673
831638351
831631669
831577322
831568433
831559986
831543382
831437185
831405299
831383006
831355252
831354799
831321031
831313638
831301844
831301261
831284430
831281560
831241371
831226450
831218435
831197094
831170988
831145131
831125933
831115746
831105870
831013313
830973303
830948737
830894744
830881320
830848643
830831828
830819237
830759836
830738325
830736265
830680684
830642532
830628924
830615542
830585159
830547742
830540356
830476972
830464609
830451088
830424778
830415550
830412073
830410159
830409716
830397812
830371740
830357838
830323091
830310017
830280767
830232939
830215526
830142262
830108466
830100554
830090522
830080021
830059852
830035488
830017900
829997941
829940555
829894063
829841886
829825075
829816777
829768552
829765432
829743716
829675602
829639561
829579287
829569596
829535779
829503218
829499321
829486195
829471004
829434037
829418086
829410984
829395728
829393394
829379750
829370999
829334499
829305092
829298378
829261419
829208726
829197248
829180148
829171696
829168950
829157396
829155855
829145207
829132648
829102952
829081941
829079014
829069186
829068368
829061188
829022994
828944874
828931431
828888659
828840912
828806844
828804400
828804037
828792414
828745265
828735904
828734709
828702322
828680828
828669471
828667229
828653617
828635642
828615918
828542346
828515003
828508734
828473136
828438543
828427847
828364531
828351856
828330801
828325524
828299936
828252255
828161650
828149141
828142784
828121063
828096159
828057732
828003948
827945451
827932262
827883388
827846589
827839402
827828930
827815137
827811059
827779441
827690875
827682708
827655894
827639245
827631906
827597963
827563499
827555185
827491694
827477631
827464687
827437476
827428796
827376897
827376054
827353085
827295421
827283935
827213399
827183673
827175023
827163060
827155090
827125101
826948028
826864546
826820822
826813020
826790865
826771005
826698671
826686644
826622614
826607213
826536218
826531321
826446653
826371276
826346158
826340486
826320430
826310562
826291643
826230725
826227221
826208222
826101940
826087327
826059323
826007269
825990910
825981324
825958460
825902262
825899965
825881241
825818718
825772744
825741577
825716971
825670740
825669912
825668334
825604045
825576927
825553442
825525898
825520040
825495559
825493124
825488431
825452620
825424327
825411868
825383347
825375670
825331583
825325531
825242007
825200690
825156814
825150530
825118260
825096911
825085203
825055277
825014493
825011650
824988093
824979106
824946938
824913608
824892388
824870746
824834748
824823752
824724058
824719365
824718713
824677185
824662072
824654800
824649953
824644199
824640927
824631300
824597372
824589133
824537564
824513419
824505314
824472406
824460787
824383069
824329126
824316021
824303742
824302377
824296823
824276895
824271645
824252592
824197317
824171994
824163183
824067568
823989738
823962915
823941221
823937135
823912672
823899364
823869609
823868334
823852077
823815425
823809026
823785211
823769120
823716119
823691445
823657644
823656031
823653396
823633718
823570828
823566135
823558885
823502222
823476582
823473591
823458247
823410463
823331767
823310375
823300975
823283540
823258862
823211556
823187253
823111101
823061188
823040530
823038494
822974907
822950524
822935009
822916686
822870602
822866138
822836150
822814285
822784161
822733692
822718302
822690167
822662798
822658371
822651740
822648685
822632661
822617849
822609191
822601517
822576335
822554649
822535183
822493062
822437982
822419445
822417610
822416460
822413669
822409899
822394328
822357707
822355348
822296584
822290802
822264882
822262064
822178408
822163861
822151972
822128316
822100065
822067506
822060902
822030379
822013829
822007389
821941607
821938760
821922859
821888516
821864058
821835832
821774427
821740937
821715539
821708799
821665791
821609279
821608348
821585792
821578013
821565908
821534301
821455053
821442593
821432546
821425907
821415201
821405561
821399138
821372429
821368743
821331809
821311654
821298307
821295633
821279648
821275618
821271532
821161696
821113133
821078977
821060300
821048808
821039493
821029169
821002801
820974862
820898139
820863742
820825658
820824768
820818470
820731987
820691293
820671280
820642487
820633872
820589511
820463004
820461650
820461100
820455436
820452329
820435811
820398015
820382967
820339940
820334713
820331860
820309577
820267788
820213099
820205525
820201934
820189949
820160246
820159387
820140628
819986160
819985208
819969322
819937297
819901199
819842395
819832827
819827988
819803117
819762133
819754750
819747979
819739030
819718786
819687738
819607737
819568781
819537837
819532323
819524919
819490753
819425119
819407142
819405955
819389904
819354930
819349862
819218517
819210804
819188778
819170351
819147280
819144578
819137474
819079161
819073851
819059852
819055101
819045228
819006286
819000396
819000234
818959257
818939315
818914385
818869085
818857471
818834252
818764487
818748964
818672836
818537323
818523085
818498821
818483360
818472337
818462762
818458326
818443571
818406278
818387867
818317004
818279663
818210011
818203121
818186860
818181407
818179742
818156840
818099003
818060538
818056313
818050645
817900136
817873047
817851598
817781159
817740889
817709658
817672586
817658431
817645695
817596572
817592719
817518383
817446074
817379179
817359707
817347713
817342692
817322625
817301110
817287517
817266891
817266198
817238256
817136511
817130456
817068193
817066043
817053149
817045066
816943678
816940124
816909833
816899537
816834353
816829107
816828935
816805951
816774379
816722601
816711804
816709825
816688642
816681106
816680311
816665954
816662058
816642603
816618289
816576137
816542486
816481738
816474941
816468124
816454249
816433119
816413585
816409129
816399377
816380627
816354913
816294231
816292875
816278936
816264275
816243372
816197512
816131511
816116278
816097174
816075981
816062483
816045864
815999398
815977702
815972942
815962026
815847368
815831319
815797844
815778845
815729791
815716874
815658005
815640455
815634537
815602947
815578258
815576850
815541627
815491881
815479625
815467498
815453358
815375615
815361482
815268158
815230827
815227453
815219289
815218357
815194150
815168322
815155443
815108202
815102265
815095579
814973602
814942123
814939788
814918359
814917157
814885541
814803980
814640061
814543198
814538393
814524545
814509322
814504836
814444033
814417709
814364965
814347643
814321761
814317123
814285269
814282497
814252497
814245723
814228518
814210945
814200849
814191340
814126676
814123115
814106538
814082336
814075537
814066452
813946589
813929500
813925938
813893218
813885099
813862204
813831608
813734106
813734046
813719059
813680509
813671333
813620990
813612244
813568009
813560476
813533950
813519065
813471975
813449157
813446325
813395663
813358162
813283105
813262767
813232317
813228453
813169625
813158548
813146033
813107043
813085081
813044837
813028754
813014366
812994020
812986774
812968819
812951222
812941584
812914755
812892971
812887343
812835086
812829068
812827210
812811937
812799679
812759740
812714494
812684933
812666025
812652053
812630020
812566983
812523779
812518018
812517530
812508045
812485161
812473661
812450067
812448649
812434681
812424474
812396193
812391457
812333947
812329946
812314393
812303011
812253699
812226282
812130257
812029888
812017071
812011685
811990999
811974513
811935096
811852072
811832782
811807157
811793186
811792743
811779784
811721526
811700143
811676493
811669619
811633999
811585136
811576643
811558073
811535811
811529105
811508389
811443615
811416809
811399163
811395100
811385904
811351795
811340820
811278902
811278725
811276238
811254726
811234128
811216525
811118535
811081316
811046868
811046208
811029279
810989130
810965564
810949807
810921301
810889377
810882910
810870315
810866135
810775621
810769096
810759010
810714000
810658767
810652710
810639223
810626402
810595535
810583494
810580269
810562531
810536836
810526037
810498712
810487510
810478452
810442330
810441378
810433532
810409363
810397646
810343126
810314394
810241000
810191280
810165620
810165137
809965173
809945086
809855924
809823059
809815457
809795844
809793262
809769667
809769118
809762942
809752532
809729475
809696992
809685766
809672132
809641072
809638550
809596720
809554836
809528610
809527411
809469404
809456475
809390804
809351608
809330277
809246197
809215007
809200445
809195556
809189196
809177227
809149065
809128825
809096227
809070369
809025740
809009478
808990442
808961931
808934711
808892813
808843060
808841189
808814253
808810290
808785398
808782237
808753650
808749625
808712005
808700862
808677650
808623788
808597931
808584010
808560196
808553828
808516586
808476671
808474781
808415466
808308258
808288436
808264471
808257377
808218858
808151221
808149635
808090420
808013086
807981719
807967376
807959933
807917300
807909206
807841617
807817354
807806774
807776098
807755187
807733369
807616898
807539182
807527970
807443858
807442956
807427242
807421092
807415141
807390902
807364764
807355868
807355866
807355170
807334178
807321559
807273389
807257868
807246284
807227107
807218759
807196565
807172845
807154294
807088273
807032770
807022884
806931248
806913450
806894237
806886077
806867402
806867139
806847638
806792922
806769025
806755865
806749100
806748672
806676068
806602184
806601040
806564698
806521584
806506708
806499557
806462708
806396533
806385093
806377081
806367139
806339594
806330559
806315964
806305598
806286304
806244156
806174799
806172261
806156877
806122009
806104319
806060836
806059425
806028185
805975420
805954547
805926668
805921055
805859045
805848502
805830130
805826940
805808717
805807327
805803215
805802049
805795521
805780579
805711707
805694889
805693244
805677080
805667533
805663869
805579981
805574937
805515297
805456659
805435954
805425717
805353374
805287479
805273195
805229290
805200332
805198564
805194136
805141715
805127441
805023261
805011368
804995839
804979964
804938632
804911756
804895861
804865662
804840586
804831949
