1
1
8
1000000000
999999999
9
1
24624
1
1
19
1
999999
999999
38000000006
38000000001
37999999996
1
81
1
11
69217
1
1
110
1211
5
0
0
43534645
527753129
1
0
6051230065
0
0
682527318
1
0
269978979
6012276209
957979372
1
0
0
0
0
1
7429496882
0
701714897
5909401682
0
0
1
6328538353
207589766
570658569
1
79682512
0
904793004
1001981934
1
221830421
1
0
1
11288932197
11810607
0
273895693
1
2600901486
1
1
247951940
0
0
355779503
1
1
0
97763242
1
910502512
9138922454
85222008
0
621539872
1
1
716899388
0
1
0
1
7524650291
0
215972114
248926305
0
8399536641
392934174
1
1
1
1
0
1
0
1
4538737090
0
638275442
1
1
996194057
1
0
1
1
1
0
66103949
1
4936181861
1
0
1
1762398630
742897781
977661079
974376682
1
0
0
1
1
1
1
754100101
113175310
0
1
557048669
1
1
757506412
8337740609
1
0
7042833392
1
319402142
1
0
1
0
9627918175
1049921233
6174976935
1
1
1
859793467
1
717235248
0
1
4656512006
5018054804
3269608316
1
4414449400
0
1193764132
0
0
1
1
929360266
1
1
1
8447590846
9704507624
1
189168374
90285449
1
377908896
1
2382362842
1
723364540
1
6942053102
1
826978791
1
48848164
0
0
0
1
778542874
651082599
0
1
4590248809
1
73602898
1
0
3972371074
402212863
681653483
939633981
0
3237010292
880645982
275152356
1
158998735
0
1
459482693
1
0
72779995
0
0
18811893
285138903
0
12026260943
1006749303
1
1
0
0
421763133
456937388
939761153
0
1
561161741
9698738470
6815911905
0
1
1
1
346092463
1
1
0
6497980525
1
1
1
619780715
374984136
1
0
715548695
0
0
640422622
1
1
411963404
901481241
1
1
1
541958290
705851162
0
1
303588359
1
939366668
0
798162090
0
64667474
0
0
1
6386827894
456910497
3064547397
1
1
549514580
8449572281
6365486845
689220878
0
1
1
0
1564080432
1
150134345
1
12890349865
0
1608679440
0
683606365
0
0
1
628329156
746451205
594322007
0
1903389017
135902068
1
12160220798
724466163
10180286786
9858805432
0
1
915684908
558051516
0
7418699013
1
101830132
1
0
137497854
1034464848
0
185631708
1645386607
1
1
0
0
0
6613161602
665226588
1
0
5043373643
0
794728768
286204848
534046470
1193200763
8875029650
678794976
0
15620653334
8021229334
1
339803261
1
484261207
0
0
0
1
234496754
0
1
1
1
0
0
216610012
3055559064
0
1
1
633208716
5366183551
81780620
550210174
1
1788581360
178840726
515411806
4482862504
687457454
890228772
0
1
15409715
253966415
30178980
997522750
634910268
1
0
0
7363762966
1
7296829669
404544205
1
0
453305576
2983124518
1
905863930
4483467392
0
658957513
1
1
0
4662243030
0
1
0
253046497
356910323
5356910909
1
1
452186296
2499959085
1
0
5704319153
1
596851293
16628388
5338271607
0
1
730660494
1
1
0
738407630
0
350169342
228796528
0
0
242350287
77492016
1
379106161
0
4270961302
1
1059756955
0
6153688678
0
1574476724
1
645209857
1
1
0
977982230
1
0
0
201650866
189700678
508656541
816805077
1
1
132739372
1
1094528252
1
0
1
30527871
0
492846072
1
110392719
321787431
688708526
7241946115
1046718702
803479781
1
888218433
775415433
182092856
1
5776995906
0
0
1
1
0
0
0
582045889
0
1
1014167552
1
7422688208
746128637
1
590750483
0
1
0
25341838
6718168166
1
1
0
288418532
1
0
593744756
732042416
0
152687573
1
424229651
739345661
0
6186374755
1021341249
0
4314266612
0
0
29184662
703151265
0
1036799066
0
4397298891
1
1
1
1
1
1
1
817562687
7923031320
580167539
789468876
739517214
565816759
0
1
9119924135
0
0
0
0
1
1046072811
587364032
1
14813316
0
5776159444
1
0
91509397
940847118
1
1
0
0
335763514
1
5781325624
4061067818
0
282307328
1
1
0
1
1
7771979172
886311973
964889800
1
1
0
0
872740512
390959248
1
0
728878758
1
862705140
1
81244881
7073936609
1
0
678187621
1
7260947770
1
0
124921530
385709752
1
8685326152
96123801
1
0
0
1
1
793869921
1
0
1
1049707826
1
84646453
6717914830
1
1
845097810
1
0
1
663786671
835699524
1
8536431151
1035296967
823328594
825551871
971668888
0
77923259
1
76692472
1
1
9830093055
0
5157250983
0
4978546779
1
0
0
246499976
0
0
4466848277
0
576370421
0
0
5150674722
814957390
0
0
0
1
1
0
0
840525320
0
0
1
553771681
42018236
923676694
1
1
5020740810
0
1
1039016623
0
0
0
1
8218142294
1
753489775
1
275047097
0
8779502907
5263540173
0
0
516738677
1
1
0
32827182
321629401
7055526566
1
40956074
819627319
8259218700
0
369585453
8251425971
1
7420408748
0
1
806628369
1
0
0
691363379
897988711
1
1
1
1
932176718
0
0
715480388
1
0
1
11534104986
10740403234
1071477986
875948111
7982738652
1
1
1
0
1
2601494
1
196039440
1
958932223
6991487041
954085273
1
0
0
1
6076501391
1004899774
38951643
1
1
1
0
6751341966
5621831609
4360395271
408337345
5496154142
1
1
0
1
7807626446
851800379
241728494
0
1
4745720827
1
269084260
1
0
0
1
930700008
0
997327598
7152590814
746076845
1
548760017
0
151849545
1
499980532
1
1
1407396662
419179985
0
1
1
824595473
640968454
0
0
846894334
1
0
691668793
10400863506
1749203420
422299903
162190195
336701432
0
0
24598912
0
291532052
44786149
951383453
265374895
143151764
1
7914760364
1
939993160
1
808176248
531284169
1
398366974
7839602943
0
1040403932
1
0
846676352
1
1
0
772631548
812757350
1015371398
917147687
420355552
0
115383565
0
2090601249
1
670539418
400792527
1
1
204468495
401700809
1
1
176863078
0
1062338941
5338969361
1071942077
1
968411289
122604037
1
1
619526818
1
11543931282
1
0
1
0
560133440
0
1
0
397276993
1566492341
172261756
62020650
0
1
1
110101675
3890701756
4599956812
1030865779
1
969353271
291518032
6866569467
1
1
1
0
305892857
0
0
4980098317
1
1
0
0
650584269
500746442
713418072
7369437369
0
797797878
1
0
0
7616275598
402002942
1057893297
0
1
711044062
1
1
1
1
0
6462999429
936985248
0
1
1006341900
1
1
1
745100672
1
0
364631315
69074097
673067772
444080900
10428220391
0
698708759
0
0
855645092
0
1
910356343
1
0
1
0
1
113213608
0
623070722
923191983
925007244
10958094682
1
426435381
893240927
1
1
107467869
0
91772511
0
0
0
1
992154502
0
0
1
0
665688113
1
1
1936584625
0
8387673210
1
0
6095648085
231070817
513165823
57353941
1
849021386
321950464
1
0
0
1183125900
0
1
0
0
4471798919
12746091428
676761001
0
1
1
0
8259079516
1
0
0
10149288826
98188678
6642647884
1
1
1
579538495
841355495
5397940083
1
194263475
699402077
5392729244
0
4393747901
1
4990860784
966885828
1
303360492
0
0
1
984195198
1
1
375028630
1
9314549746
8610584637
5686535229
1
1
0
1
1
1
4237546519
563421421
0
1
386403575
133742727
8490534690
7473145765
0
256896997
983609441
591150934
0
0
1
0
0
259245276
7296724838
0
541441381
0
0
0
1
785126453
6227813492
1
691828952
8318920565
794714018
4291614644
482376720
0
1
936868089
1003249262
1
1
0
975281748
919219128
1
0
0
1
3353038529
5193451586
8934646142
6484688632
1
461805249
69810146
1
1
1
0
0
208722453
1
1
0
1
654750546
560899493
436787024
1
1
1
1
7949601019
121874454
171996314
59190604
1
1
8654652963
1
1
211113489
296344391
0
806151014
5435066348
797093627
185979360
5753701380
16782046
1
0
1
469206841
28585438
1
634393962
1
0
375717230
0
1
0
4923813224
1
1
1
431085925
16377543
1005460989
1
28349836
299826015
0
470564270
3827131246
1
9061080008
1
1
487512867
1
565947619
0
286835307
1
965073138
730743463
55704795
1
7143414401
1027102411
1099754013
716267442
0
198086396
1
596044354
0
577443630
80276083
808411936
172403215
1
0
367093966
6865814167
7216553109
31195900
0
0
11265837614
9212229474
1
0
1
153040951
823968374
974177396
0
0
203366753
1
0
1
539472554
972470921
949543091
7941735506
526009058
0
545539146
0
7716534149
0
0
0
10133468502
1
887602540
8279350489
1
961524868
70019528
15828739
93312964
1
967293725
0
7419157052
1
493721219
0
0
1
833322735
1
12859994090
668840014
782479500
0
0
1
10789137193
614850633
889577599
9505116911
14804379017
1011756919
331999621
1
0
866634912
1
1
1
1
1
1
0
265921365
1
659273886
1358201000
1
1
402249569
1
745619355
0
1
267602572
680384130
0
0
0
693917296
655823248
342390905
0
164077262
93999511
0
0
1014445107
961889752
1
5960361895
789290175
1
1065959911
830134538
996207135
1
1
0
1
0
1024666490
0
774661568
1
1
588708717
1
0
484839768
828448736
0
1
1
695923340
339106501
1
1
877950914
11580235332
1
0
874794297
1
1
11070234559
0
0
0
1
7515660213
1
174710326
97079539
1
0
6841544312
0
405011100
12969289135
3894328055
0
1
169470620
0
1
0
1
0
1
688610673
6113510078
432703172
1
695114265
1
86695984
0
141773569
1391353512
973342015
669974268
1
24013319
271023334
824925636
10223028707
0
414983422
0
12935164785
1049711990
0
1
10733825817
0
1585969201
4075581626
1
1
0
1021499331
977143207
1
4840990786
1
0
8641523309
0
1
1
1
1
437009978
1
0
401911336
2406511810
599906903
1006199876
0
1
1010156904
5781030069
0
1067839341
518837556
1
469337379
639271927
1
1
0
212427947
0
565866348
1
0
1
306876029
1
560374637
0
1
8897027969
473573882
0
563137888
626120649
1
0
580022391
60686807
7048341863
1011244813
604131717
1
1
252186038
1
406340759
1
743846337
249512468
22503385
786833995
0
289914384
0
1
1
85485268
813398406
1
323802863
418910524
530696440
0
2871292372
481713442
578985643
1
1
1
465544430
1
745217145
716296705
6236513378
822666218
0
0
0
1
1
792282587
307304879
1
1
87238124
437099399
3708629233
0
4196697898
0
9547818888
326831782
835298498
0
1
0
8048480776
1
220172965
10425253799
0
1
933083250
227225143
997019137
856447276
735730273
1
1
1
1
871196885
1
0
58649889
3642489155
323176988
47180669
754768022
0
1
1
1
0
282015277
814084976
1
0
0
1036875780
7154771053
10329557
859166080
820970585
0
0
515614417
1
5651904654
957243179
8649788930
1050991526
1
4732435517
1
0
509664840
1
931280414
89544070
0
1
1
419019156
312133878
754277968
1
875226615
0
846144011
1
5048575035
5086116616
1
0
514824044
1
0
524907020
0
403363749
0
4826948438
316203164
648033914
1
0
5929887364
603956342
561327008
1
226217991
397327798
0
854851293
65814414
1
0
0
797314906
601134938
1052073531
0
642125424
427523035
1
800986262
1
1
5889192335
722312203
825765571
842055471
0
1
8853076214
0
562094102
0
815557375
8057741080
75848514
11230233468
0
940331961
0
101469724
1
1
1
1
1
1
0
922921378
1
1
1
1
614262138
14239777
8043041663
8797853109
0
0
386149033
1
0
0
1
1
745756459
0
626102725
0
282474467
1
103076118
0
1
6501745326
2708473817
1
925672759
1
948749015
431875718
316511161
242282369
1
860623414
289958454
0
742332814
1
0
1
0
582719495
3778766186
5243890319
637571707
8586109915
426839578
0
0
385843540
1
129979652
0
4843939426
8458121615
1
1
1
910818164
0
23496646
0
0
1
32633062
1124204742
1
145844939
1
548906122
793428312
17000179
1
0
1
1035618783
803233939
748598620
0
1064396733
1
1
1
1
4508614103
1
0
1
0
0
993836965
0
822300171
0
0
248338190
3984358874
1
1
0
0
1
0
5209431271
1317578409
199881232
8887530828
136543130
427318483
1
1
0
1
1
0
574521350
40940093
1
0
1
0
653641830
1
866162008
1
704496356
1
355600337
978375919
374802991
1
0
1
858554757
1
1
25248422
0
1
0
936979662
0
1
746454906
1
0
0
5229449097
3986755997
0
990770177
0
1
36572981
1
1
1
1
926021833
834312428
0
0
0
982078373
1
215702779
1
1
322490394
0
12412460562
626870840
8045191050
67834412
1
0
136271489
0
1
891528735
1
0
4610859476
0
1
616616292
1047371039
1
0
0
1
800663861
759974049
1
11213280972
1
8797473393
176106280
119952908
1
0
0
0
1
0
147131205
1
1
690071510
854059537
1
0
0
470330775
1
0
1
0
1
4144354009
1
87663251
5554078723
1
1
0
857611043
3949142486
0
526266756
1
4927312994
1
976564441
0
0
574977174
18948425
1
535893673
1
0
0
1
0
1
2745335336
0
1
0
4926087288
709853414
506824293
1
1010057448
0
3485391775
7068507668
12861444341
0
0
0
1
1
1
0
282732928
0
1
0
889837471
1
507654377
1
10800357490
0
183185991
508885252
178628973
456849172
1033880571
1
732847622
209256424
1
373836212
1
186074540
0
8764411331
0
1
789788774
8917865323
0
569117593
1
351095094
676142018
1
5665058736
1
96342912
1
1
0
7764365911
960976124
1
0
0
988796426
1
1
0
928311408
0
948396664
0
1
40235143
1125627691
686645379
703170338
1060987805
975606084
475443693
618231489
9695463152
1
6019504160
701254698
7980927685
534079185
634646562
42667248
0
1
1
1
0
6862368647
624452242
839862412
8536609047
793802919
1
1
578597038
1020519141
1
566714392
1
1
522157481
0
0
1
1067705303
0
4811359577
0
1
1
6011409733
853876919
7331954061
1
4806554128
12839164
1
388635741
165451835
1
1035600270
0
1
5787796365
408964744
947806869
433619055
570867775
10654642619
0
340637862
233734199
0
7491501256
0
0
0
893422699
725270072
1
808457238
853245069
1
310784621
1
0
0
0
0
46396653
1
6963596711
9759284451
7427456922
11039463643
0
871200322
10802832578
1
481381861
6923496555
0
6228887620
0
9141200035
1
1
0
8933258874
6234709034
203548972
1
9542235612
7242789597
8441916577
492486103
1
1
6283331546
0
595097496
371524196
1
1
1
906196648
505195770
700390114
12983736983
1
1
6172703523
939528861
1
2361513
1
0
1012086129
1
911984519
672204108
1
0
192633693
438902598
720756719
360919809
918652988
1
709033882
1
588810184
1
0
1
6745790719
9311936595
1
1
423809670
0
832647631
728639978
584629699
794693248
10054318763
6653640826
0
0
1
0
238492731
0
810331445
691604627
139571566
1
0
1
466514384
7410593616
15770228548
1
1
6449073600
839786908
1
777424188
1
1
1763427354
1
1
390831622
2777740562
255965880
0
0
506662047
1
1
0
9451817319
478044325
1
5574178420
848808225
1
7904613817
0
0
136211295
2034407386
0
1
5920924492
584985851
832822760
1155547643
359855268
1
1
4091299071
777858533
645235063
344436425
0
7282226739
270482618
1
1116916153
750433020
0
1
1
0
790446609
1
1
7864522972
204407277
0
154702162
0
0
899097506
4331308433
0
1
1
861464588
0
0
0
1
536419481
0
10008283
154917504
802025708
880545271
818475782
0
737281830
1
1
878225030
96801855
0
1
0
418489127
1
358445574
1
9612556945
1328751677
1
1
798829895
33932913
1065479259
583850660
1
432554366
1
563096699
1
1
7447830643
0
845714373
243259356
649857607
0
1
750563388
0
882472931
272539134
8055949757
1
0
6342007867
0
610926247
320114595
1
807396618
783566362
200740647
1358480956
1
1482930831
1
1
0
1
395045858
0
768745228
232708161
0
9421230776
1
3833155
772597475
831440640
209260577
0
422082968
1
0
1
1
950309200
917934711
1
6252837874
0
863425618
935428185
1
0
1
748690062
994874937
8133063708
1
0
568891261
745032478
1
5610025686
0
0
9265527938
2200059261
718488460
450204634
217069292
0
0
9385424374
1
1
1
1
332382686
1
1
1
728714768
735321096
1
22405758
16458423301
2070373545
1013250309
0
1
0
1
1
1
1
1676746089
1
0
0
1570821343
0
3868949365
0
74057926
0
0
0
0
920248974
577963252
679670986
660007258
0
1
0
0
0
915765053
0
635213137
0
1
1
922725764
339314132
1008718760
229259460
1
850948109
969124641
1
1
510471054
1643132517
429060614
0
0
906982302
937256703
596235575
1
0
1
1
959824228
769409452
1
203477963
3290961995
1
1
805529938
467220311
0
563379264
454985164
0
0
1
6063781214
1
6862306671
6759719322
510432367
1
889245587
5273065806
767157180
74871820
0
931024447
344188871
56176572
1
2515784843
717531376
1
0
784723490
1
0
455113340
3967313504
950567291
1
0
745800516
492995613
0
0
6610284451
0
0
0
590557331
0
1
1
1
694673663
621425774
11181228600
620472877
1
216117420
1813677932
981029971
1
1
0
1
1
1
1
188265349
1
5334355989
523141919
866056788
0
3985201073
7913290396
0
143166075
7625748685
1039505434
878519965
3880096655
6256324484
1
680597263
1
4456476876
1
0
1
863727002
633957534
192404861
0
5127254804
0
7852163438
0
0
98383658
1
1
503737289
766265419
4191211847
4335119938
558312669
933332214
0
1
607980608
409801037
0
1
219174382
1
7600812502
212279715
3323642322
682131264
422676137
1
1
0
420357683
5727599474
485515773
1
73591222
1
1
726769890
1
0
1
812370282
1044286105
0
1060706184
1
0
497000646
1
1
9852784836
1
1
6445977208
366758316
1
0
968293093
875107429
0
0
0
1
0
24302208
8506723824
0
6257311313
755788393
1
1
1
0
1
327905809
777498065
1
653332537
1
0
1
1
0
865372911
915638373
1
1
0
406388914
1
1
0
1
1
1
4752004875
0
517277004
948791905
96622362
418344082
1
1
558695397
1
718588495
0
0
1
6254358482
714372370
3212546195
1013749347
0
39732042
412456426
1
674249801
6445032680
545666689
908384781
1
0
0
1
9877962222
1042054246
9786645754
0
0
1
0
675332333
0
1
1
1
4304807698
479617531
737819988
684359417
1
770423214
233726434
614679621
0
519707807
142401770
1
4141909109
10544016486
993948742
913314880
543823406
1
1
864090832
0
6605751466
800439875
119780840
6440890082
1
969816557
4733097090
658246517
1
1
917811453
1
1
1
0
1
1
10619135004
618624073
1
1
1
0
0
1
0
6434149799
217276351
2697030067
719960139
0
107257068
6636151624
1
1
1
1
720606904
1
43676032
907396334
1
1
3703472431
6149115019
141319084
73970380
1
953002543
10739303947
0
1
6109055758
0
1
448946072
1
11212823219
0
5870324327
1
416749081
271673789
0
989252796
1
6270889259
1
1
648035205
1
730308197
0
0
715409790
0
740306206
2029709075
863617104
612017590
0
0
8489186404
152653074
964277411
803545281
127731989
1
253407202
632368564
235029137
0
0
229386219
1
1
0
1
535716086
0
1
0
654402265
1
13402856629
0
0
526678244
729245582
1
168197753
401501279
449356957
1
0
659635907
1007186140
0
1
623540309
1
149959403
1
0
1
375920953
305369481
1
0
1
1
0
1
0
210640749
0
988392672
1236096202
0
0
958173663
761434721
527576640
1
0
1
0
0
1
111993562
377547316
1
1
0
0
7403476841
939996700
1
0
0
1
794139930
143303961
5367996880
1
1
1
1
0
5650012472
7683541923
1
0
773971700
1
5041670216
1011815659
122411382
1
1
6959781659
0
5135377627
0
0
0
124403068
1
5998014902
1
1
4766907959
7369431592
241953755
831100469
978365015
296021142
0
1
874580356
0
1
8063670002
0
5358868105
267893997
607698285
116251774
7924440720
0
1
2388719821
1
1053229905
1
1
270355050
1
34545996
1
1
0
1
100119058
1
0
1122101570
471431991
1
153562553
501581492
131075092
435584829
237869807
1041431977
0
521079257
0
0
758928102
1
898402377
1
1
886169773
639559834
87864205
1
1
452506805
589672882
244064886
808713599
1
212572847
252645697
947607862
418973016
247223590
1
0
1
1
138059166
9590444158
957754194
0
664401825
1
360940471
16784270
0
0
198512804
1
591305787
0
399902369
789045195
0
0
40499856
778786521
7888212934
1
1
0
648864167
3797685
0
1
1
0
782927766
983417058
0
1
0
7144020597
0
1
2962204647
0
2075978
735358738
560678191
146283004
1005992051
1
281965405
1
0
85280139
1
4398561138
1073226268
523267066
545860850
39444023
1
0
0
5435391933
1
0
344029239
7020606044
5782203157
1
1
341673551
0
8025169146
1
1
1
1
11834528787
28043281
6136360345
35988498
615531254
0
1
1
0
1
81689322
0
537532636
0
1
0
563631432
195392499
0
1
942132130
0
1
1
0
760017683
135806567
570888847
3463787917
1039922360
1
0
860179002
396253085
32788961
0
1
2535191708
666762281
6175617303
207269378
0
0
9339230767
1
254862097
334631880
71200914
1
0
9229119012
1
1
1
866568712
589769262
1
689149457
9565448805
1
1
1
721067201
4042338428
1
655634547
740053367
856607050
756723823
0
487609673
1
1
557996530
368393672
363654912
10270576518
831901308
974072694
1
1
1321088665
1
0
1
0
4374217665
0
10336033639
1
1
1
0
1
1
8857551689
660891839
737452804
0
486480101
53322385
0
913198326
6863109034
829580195
1
1
1
107691657
785788610
395208342
0
7814561083
5848182215
0
4071905450
1
1
4330990640
0
1
263465453
1
11077764114
346357849
1
335404821
1
435467227
24851176
3325263223
1
876254667
569472190
320005206
1
4210049170
880880665
1148932564
1
264205228
639271871
322561649
4518343740
1
1
989376200
1
115279637
0
1
223366615
401301488
1
867251760
547085393
1
963752803
6343702214
1
639610758
0
5204706614
1
1
331838983
1
1
0
139142786
4532292427
651586067
1
5170706637
1
1
1
0
0
0
679099372
1017895845
1
49365492
30075683
0
0
1
1043586516
0
1
1004696
19681223
7037986
1
1029203743
276506465
179303507
285056933
8533632140
532675253
1
1
902546406
0
0
1
189774618
1
101910262
1
151531409
0
1
54746283
1
1
1
1
0
849979061
0
0
431598037
7126024579
818605652
272265328
1
0
0
13027126
0
0
401306201
1
1
0
1
850417696
1
1
1
1
76745537
1
4036375509
1
1785457322
1
1
1
0
344873131
597220803
0
152787679
782027992
0
1025310083
0
1
1182273653
0
0
403279977
0
0
0
90938592
473594295
615894569
0
6698453881
8062154052
1
728383223
469254162
432843378
1492652231
668843284
0
955646243
1
0
0
831274994
0
1
0
1
0
299064165
22641421
1
0
0
0
278857789
1
1
0
0
0
1
6932362969
374423063
133948638
1
1
934348464
789786738
0
398829678
1
0
0
514199460
1
58857215
7495699324
1
1
1
1
1
1
0
1
992311721
702096156
306156014
1
0
0
1
1213344200
1
0
582704073
1
66245869
7816986407
0
8446003330
0
215780592
1
599396080
1
575230659
379914289
1
11236238198
1
1
5799363244
705809776
0
824877314
460939635
105306798
0
0
1793484789
1032535038
759284681
0
355742750
1
458614229
1
1
593938714
491445795
713403791
1033419169
7493207169
162406670
0
1
5914204423
1
699475182
1
68827549
621203337
220778523
610128433
1
0
5739430606
1
0
389025474
1
766409966
405152526
7704191636
1
1
0
1
1
1
0
1
9411669282
1
0
1
997891105
1
1070997575
0
1
0
1
1
1
0
0
1
13861691532
715451756
0
1
1
1040983539
1
38691535
0
803143787
0
1
410576619
0
1
0
395142936
0
0
307847271
1
6705821472
0
0
516348018
1018821906
842780857
0
1
1
177796703
1
5885084516
629528693
0
1
1
6499414082
0
365463179
0
0
1
1
1053271977
8551742259
1
6270525874
328438689
1
1
1
473589414
10412035951
964608921
9520456522
378558212
4709786151
793544947
1
1
1
5983063971
15773567753
28439406
495004895
153766946
109381571
1
1
1
257109137
1
542351133
0
315869648
1
0
402992162
194212373
1026007179
1
1
602689147
953054750
876046147
0
1
1016474644
990567098
0
797867906
1
1057662065
1
0
480191085
492463755
1548179441
532550775
876194950
3573627973
6252417677
1
1
798960885
43985735
1
1
462592641
1
1
1
1
5334169836
629274143
123111592
1
886366884
481213354
0
0
1
1
1046034485
1
1
516447295
0
1348493391
190801752
1
308133980
1
0
1
9376943741
1
0
1
1
985792159
0
1
0
0
1
271860284
0
686693099
50865159
0
1
1
1
0
4009530536
1
1
748938678
857640185
116591934
326283837
359039700
1
2772038954
0
860626631
0
1
426343978
1
0
604617470
5017542048
310691884
1
561964294
125452564
1
794079343
225585301
1
0
170003262
6958506572
3373338280
121965378
948091075
1
1
0
0
0
995882967
3018395254
1
317426130
1
1
253374518
570236556
0
310646026
412832306
197498305
6446651597
1
1
9609909196
1
1
55827175
1
1
5137670508
0
1
561460291
1
294091855
0
7120802317
262887882
1
963195069
1
2341824083
451548551
960349973
75949025
890093759
1716844313
0
1
741688444
6343628628
5001215539
0
526980757
1
1
10478622500
1
1
8574955187
0
474496793
0
0
781583619
1
863526991
778084462
0
0
0
63058366
16722534
0
1
1
59291716
0
0
0
0
1
0
2103710094
116386570
0
1
1070175999
0
1
103545837
96668608
1
0
1
1
0
1
0
1
1
1
710277553
1
365874397
1
0
645103592
163253891
1
545940936
911873031
592280327
0
3251740552
523175933
1
0
1402499485
462946385
0
1
0
1
9595294207
874222135
490114570
0
0
1
0
7195990200
1030892217
0
160711404
0
0
0
0
636972870
1
82077285
6243117936
184394000
1
0
1
515501427
1
1
1040069181
282904115
953803076
824545936
1
1
0
694220877
1
1
339953474
1
1
653445889
1
1
108748962
1842104944
0
906577921
8675033670
0
0
3351332065
915034307
1
858167711
11386587440
1034541842
0
8196154375
597224637
12633832351
9698669443
781543834
4587060330
438069091
0
565212016
1
571104791
0
1
0
1
0
1
0
0
0
857829402
1
1
1
0
1
952387498
1
0
115310178
5392443376
1
7620846458
0
0
0
1
510249121
0
320184449
6395161855
246515562
1
423234281
8844247265
0
127392924
6899830651
181775964
416691623
1056588072
217735758
172423175
899954538
1
1
536131656
0
475188996
10858057783
1
268024141
0
3686081131
1
1
921706
1
0
1
364702316
370531648
761464691
700152728
9161903435
6406451409
1
0
399005664
0
1
251722619
1027548261
740300497
1
0
0
1
0
1
1
523553452
472152179
876523642
1
562019162
1
325637179
268561523
0
1
0
282194597
0
1
207318378
811931940
0
274260454
1
11857912569
326772766
1
1
0
1
0
1
0
0
752005275
220629474
0
583944855
1
1
1
1
0
838977406
130197567
0
438349855
232630036
894909356
0
980172475
1
1
0
314450914
338772586
1
2712877515
550291449
1
199079008
0
338730420
1
125156805
952994995
4736782183
1
0
1
5594923912
1
827331648
636191500
626999002
1062249543
0
1
1
532641556
809727458
11781799947
638110319
0
0
1
0
894860532
5478630379
0
662526351
787919
0
610642036
0
5064362198
487138386
807307259
182527264
1
0
1
0
841036006
12590819659
6238164666
934553994
1
1
1044593603
102449350
1
633405617
1
1
0
0
1
1
1
5262384251
806702783
575194959
1
0
550906286
1
7191837512
0
4765805259
0
478367127
1
1
3096723085
993520867
0
159315198
469742400
924263753
1
546344753
698627744
898642772
633194430
0
1
1
1
501353256
1
387066314
7485813999
0
0
749166282
1
0
323841132
1
1040719752
1
364264339
5275900826
725370301
1
0
1596412034
241417094
1
1
0
3396562584
221289216
1
1
1
0
1022694612
1
7126339138
1
0
0
1
325108454
863867972
1
553760921
1
0
0
7927871840
1
1
929601776
1
1
815941166
880297844
0
874960590
7775122009
54485473
320363399
1
1
10263670163
9552979694
66797646
1
447770010
165909783
0
1
1396704766
941374460
1
0
458402274
1685094008
1
0
1034866019
448109100
485734706
343770690
1
1
993114788
1
6202078311
1
0
0
0
540038124
0
0
1
483644097
0
542448024
3672928650
919509046
1
682744406
586258121
7078041600
58733757
0
1
310090682
217364600
0
5838177412
954086559
1
347538979
1
1
306531931
1
517627129
0
1
0
810578560
0
1
0
33339401
1
7874198636
640200802
0
494294927
798593778
327265081
1
1
263987955
1
1
746797286
1
1
1
1
1
681138519
747958795
1
1
1
8356666346
997494953
0
749440034
6287370232
1
3330666088
400459508
6247458602
0
301069585
0
1
10247888852
1
0
1
0
1
1
562609876
689975450
1
1
1
0
269762137
792138346
1
103076311
0
1
223679849
52861811
1
1
1
1
1
0
0
0
4031366202
0
1
0
1
0
0
0
1
832743404
751553905
688273473
0
1
0
0
71252803
1049325163
0
392706744
0
1183523819
3350327286
2381890824
1
8039872098
338474821
632950284
5782112211
0
0
547582375
1
800452753
0
0
0
68808580
4371704686
866452852
0
1
4396480851
665168793
934861084
8052214079
9138100848
234015520
263292613
1008183111
3303844696
1
3007801234
0
1
1020630521
1
7578255788
1
1571912223
1
292836709
0
0
364693803
880981521
1
8795042215
756920876
1
140331107
294741797
0
1
1
6339403944
0
152512684
1043166775
0
1
883071240
0
5827309406
866276937
129976925
1
1046318513
501738420
1047850551
1
193363557
218776844
0
1
1
772445718
1
1
1
22055311
644155172
1
793758652
1
10646172489
0
1
863558097
1
0
823135658
1
1
1
1
529692748
1
903120288
793049115
1
1
459192936
458355699
1
0
1
52043975
5899803590
1
0
1041045871
259118946
7542967874
11023356897
1
1
876645102
422651989
8988800778
1
545261067
1
1
47252875
1
1
0
897817770
489237131
5998121180
7886358275
1069882420
8912186207
534576030
1
1
972288878
545972654
806533467
1
0
0
1
7167888921
528447196
1
1063208109
0
1
0
1
1
368007942
0
1
8778425210
640617087
1
4949499808
289469453
846515702
1
1
3539547610
1
298815908
1
1
9471478099
825562515
262264092
0
727092499
889010544
1
201236783
967200580
1
1
6829840780
1
978659273
1
1
0
10727573555
763764612
171353629
11142812982
997837375
0
0
318456533
1688426223
0
1
253036941
1
0
23194750
0
1
0
478396433
475425313
995414411
0
1
1
1
1
1
1
6543973439
904467007
0
0
1036399130
39706318
1
1
37507008
780295980
0
0
59069727
0
1
0
0
733109179
5715316164
1
1036673004
504285232
255129324
810229171
1
6853945409
1
15384698
448937120
1
4912119203
1
770856841
629687468
1
817013136
1
1
0
0
0
273917413
585986166
4587049973
0
0
393472925
190722941
0
696570017
333245083
1
635769944
0
0
1
331725488
1
6559443304
944087492
8912681957
0
0
1
1
0
656228998
0
1
10137818557
1
664382157
254362062
560694065
0
729577977
992109919
0
11516883
1
107611530
434567695
1
441277632
973043787
701265968
1
0
9868062912
114391840
0
1
481073289
366969211
377888772
1
1
0
7260528296
1226888452
1
0
58860772
110124347
229851533
11607647197
0
0
6474199914
1
1020184494
4362017232
1
10261864342
1623015159
1
7542971134
0
1
1007392890
951966070
128243424
856140979
940999476
1721786324
766578555
0
0
0
1
0
333861564
477426230
48330232
1
0
0
7229561437
0
1
1
0
0
333304908
526344972
760889138
0
1333511974
1
19654649
1
1
0
1
8046213671
1
1
0
0
505421018
237083965
249471037
0
931190072
961485826
0
87879674
0
1
82848224
0
1
1
1
835972172
373221846
1068858952
1
789672685
458831426
1
485533329
767638088
0
357377546
1
697339712
590321842
0
381221750
1
0
0
240793266
1
0
771046646
1
0
769486768
0
1019916856
1
0
924249437
0
509073046
2668612
9316046924
315995595
4647241236
1
628032572
0
1
0
1
0
1181626018
0
513059747
7212298353
1
7794506401
0
1
1
0
62883655
1
0
214888480
553668175
0
0
0
284141159
1
459042099
0
1001247734
1
785407463
0
1
0
1025386797
0
8290899526
1
0
7641543458
0
119283942
136486107
683010245
689719295
0
9170438838
0
1
0
1
1823485366
201715174
1
459275175
837303658
6282907289
445975962
141195921
336774432
1
0
5407687609
4544219164
0
1
7859617993
348630268
0
5732467951
149761753
478342246
1
572046226
2011830
0
0
760170575
1048381151
574092680
0
1
1042940279
0
8910229820
3876955292
612742032
1
1
0
1
0
4020570
939067966
510658186
1006071576
1
1
1
0
0
63459906
6905744125
5468805311
1
1
0
690157404
1
1
4594846973
0
454881950
0
633360976
1059831371
7110722940
1
1
781616155
0
0
0
695294414
1
1538094971
498487683
0
328341693
668689546
655015080
1
1
1
0
506333543
1
551235303
1
350602847
0
198597409
1
7908618619
565287057
1
1
36638337
87146090
410663785
1
0
0
121389467
3505019242
0
0
0
0
0
10014193985
191397651
1
772499336
6091775734
0
1
1
1
610986154
0
1
1
345591818
148401296
3712964296
0
4551687206
929771915
1
8876297
448972755
408432189
935371263
992645306
1
1
474911219
0
41221550
9463487063
0
130088657
1006487478
0
1
0
1
928768647
8910418221
0
1
1
630205922
5680588817
307015482
1
1
1
1022431993
0
0
863720085
1
1
0
0
518903112
787523285
7444082334
576629993
685016392
1
1
1
10005591762
1
707901467
1
235192426
141681515
100362174
11023299513
0
1
18793472
3540702106
0
6360076219
625672856
4654077953
1
325814849
1
0
0
32679966
0
0
10111004208
1
1
1
1
0
12940423220
144062245
1
1
190996160
1028974118
912376609
5804024986
653184264
1
686046228
7741303093
0
533397922
9375041078
332532467
0
1
327847588
1649680684
1
0
836147121
1
753293748
0
0
67026024
596660085
1
0
8994746974
809468649
0
158628863
1
3829373113
1
740091392
752697130
1
1043477919
4891266305
5025811308
56443944
0
1029824315
1
0
153578895
857428280
1
1028618589
0
57815594
854371160
0
1008262048
1
0
1
143845357
274307289
0
6802224125
89318715
0
1
7059800443
3936384525
1
15156113298
0
1123459342
1
562626922
6933969077
216714508
434884885
1
1
1
982910536
0
1
112151991
1
1
864832139
0
737033141
0
0
1
17238525
0
68249931
1
1
586612355
256541026
0
7303056414
1023629833
1
0
0
905638980
1
886458808
0
1
416743432
474180341
1
1
9008312625
200849010
7646620025
1
8603591874
676829812
7355158881
1061375243
8793393331
0
831851621
1
0
753223424
443395694
1
1
1
0
705425245
1
1
365336240
1
12507449971
3207991463
0
1
582437308
70276046
1
161146885
1
1
1
10906256923
1
7897128764
1
11982578
554984677
9751023413
0
981104709
1
845386136
0
165241548
563377436
1
152953837
949296858
0
4901007328
600446747
1
434154487
1
763453651
0
823338488
1
677708897
0
6865590654
0
1
159672657
1
0
83158629
806253197
1
1
605500149
1
190565562
1
0
792570055
0
563935875
1
0
1
1
815980803
1
0
0
64418739
1044226891
0
0
0
1
289944997
1
1
0
788163714
8658871682
102399896
1
121695318
1
0
1
1
5506706730
0
0
1
1029265831
0
1
1084978939
5975964167
939830305
501474173
180345125
0
747588825
170318458
1
38685394
0
1
1
1
601738963
1
0
1
394471033
1
247550328
0
1
1
1
277364089
996465323
0
0
604135921
9707345785
1
8987014950
797423140
397569222
1
7330883081
1
1
485252646
1056670772
7967987894
1
691184688
6058136949
1229480996
1
1010856917
1
1
0
1
624571050
1
9027882200
1
991883780
279297231
1619226854
0
0
4996501041
0
971886284
5116738097
1470712477
1006301798
543810290
6574735255
869173020
272782634
95621798
249836255
658635677
1
0
197267364
0
1
1
691562167
1
1
770968425
1
668846494
521476260
788755940
3444750953
1
0
889191373
416975077
0
750320169
1
1
0
7430468066
1
0
171633182
618027841
1
10364325612
1
5552583087
7712745014
285526530
701574336
331924588
946692389
6249158597
0
266776949
1
1
9454652792
7592919729
14455203038
805852692
7385206348
13532071802
968148007
0
1
3210172674
1
880420617
1
1
0
1
0
0
1
1095371225
1
1
0
0
1
7633644740
1
628964334
106683316
1
0
1
1
855269118
1
960668027
96314702
829812271
0
8223997058
1044675312
0
102601885
38599293
0
3875515305
519516454
1
0
1
233098814
699406623
0
786941179
0
898780964
180092357
1
0
930949294
1
374585502
197537345
228685938
1
0
4541423926
610825597
1
689755719
85987856
8634244369
294483878
0
1
1
825768204
0
1
1
1
0
0
1422938
79501789
1
1
7488796035
5737663977
9609483370
7342338958
0
918333417
594691574
933329887
714215843
494085357
919190587
1
898384852
1
0
242317122
0
276160075
1
642652088
447992957
967083965
417259565
1123332362
4715125232
176458734
13070471995
0
1
4872448342
431707855
0
0
1
486887397
0
1
7051283003
0
1
7730060277
0
0
0
0
912040812
0
1
575288284
371992395
0
151876508
0
7383140818
730561449
0
340804290
1
0
0
109922659
0
560059651
1
4165762208
1
257093271
0
12026411
2501739428
0
1
591435553
7300985352
463195204
5282093373
1
459441053
1
193415389
1
0
1
1002417852
1
168529214
0
932254898
6524641738
5905456512
332639557
1
0
7054526601
435717564
795757076
7648986119
1
1
1
272172803
570644887
1
0
0
0
0
277258221
122331732
694211012
5845119097
130380920
0
1
1
1
1
1001220642
1
0
1
1
0
12279517827
576659481
1
611647972
920190391
6760274208
0
1
5751537380
1
654140627
2484798163
476170155
1
1
8451784889
0
0
1
1
554888170
8086481984
1
1
0
1
1
1
734222152
0
175584527
0
1
5424950258
258694461
0
8157851123
0
848160499
0
641062789
18060714
794263442
0
4414540103
0
7021101044
373570442
463053746
0
0
315046548
0
1
709903869
557517891
6741975335
1984898891
1
0
0
648229104
2466857500
1
875012590
0
0
6396425881
503709681
0
6075142574
0
1
1
434031340
784288881
0
81543713
1
899302903
961749118
49640461
0
669278304
1
1
0
1040441873
1
397955320
1
917967021
0
3997893557
1
0
737995282
702448974
669536633
1
6991868826
305545241
1513743797
1
8598216600
272655725
0
1
1
1
0
263659796
0
0
1
5186218972
1
0
1
1903700543
1
1
870874269
6157948332
329424070
1
1
1794940880
702504064
0
271891608
97280841
1
246004864
0
1
1
0
42438722
99742811
684740591
1
0
565427981
660045451
1
1
346736073
1370095242
732309548
1
23229795
0
4040343222
0
1
651668234
1
148109977
0
0
1
578029112
896066694
8569575406
1651976307
1
1273280187
1
1
0
6387331998
298500652
1
293969783
0
6455365164
6878544070
5196621505
0
0
825923948
888507285
0
1
10660470098
6442750946
0
363434081
0
1
0
860135195
1
1
999757774
794280659
648572518
767615998
526536335
117773923
1
800873101
1
1
1
0
0
1
1
1
1
0
1
1
506129053
1
783794121
9761795638
198116934
547381011
517376206
0
1517853758
0
345857302
1049434932
908471396
1
9873133
962145894
1
1059290342
0
717280939
0
0
386488608
841269616
0
536092130
8781906888
538379096
402356662
5638276959
531304899
1
1
895959440
0
986025850
6921121684
38355494
3948387699
0
174076253
730371462
220178816
606852908
765465738
450471262
660398876
753483687
1
1
220916694
1
236298483
521773913
1
723472185
1
420368085
1
1
1
1
0
0
6804419991
965299256
0
0
5299797581
0
1
543217691
0
695640095
0
209241498
430658071
6359374457
4775053733
524851272
438004096
0
1
71278286
0
692523215
218430272
1
0
1
1
4226593521
1
1
1273254261
0
1
0
0
1
725948614
1040819218
724873053
1571932159
1
0
728319663
401063657
0
5593021769
0
1
0
851524716
1
10306176534
0
981750609
5584432188
8414592702
560701875
0
958407297
593152499
426221671
12882007000
1
8006249702
1
0
0
348521645
0
1
336296835
1
1
1012464066
6746243196
1
0
1
1008423461
5920563196
1058214460
1
7046276549
908536135
1
1
4861772655
469516952
0
0
0
0
3508448
0
92798502
600315524
68537390
1
0
0
1
1
1
0
364516141
1
1
107225762
73327106
1
0
284829026
0
750636496
357956593
834645445
166236266
509567206
9024044358
0
614514360
984608305
1
1
961735999
1
0
986216963
2396185448
0
871123414
151286315
0
879323395
0
1
0
0
358821907
1
0
0
13268794962
1
5677845532
0
1
44705468
0
538516330
0
0
586779680
1
1
11006787718
0
0
1
509707011
1
1
246367065
1
1
0
9444741279
119111890
1
1
660830785
1
297345540
1
0
10505531522
201673458
581974280
228125568
1
1
0
9485945046
0
644539460
324816613
1
281508475
495634622
0
0
119005218
1
0
749185380
1
1
1025591701
387269350
1
0
1321312840
425682465
10236686150
315632180
1
0
732349865
1
8897077033
1681543877
295235010
511258811
1
0
0
4670772274
3368172168
0
1062831212
0
1
1
83496980
1
0
10945960853
335107913
3586144060
0
660581757
273620924
1
813748817
0
44660101
1
1
1
0
1
0
579764503
1329527107
0
1
1
230461717
809884963
527744238
4847639552
557234650
737289756
1
969419407
4654087544
1
0
1
129247481
532044358
7403763229
1
0
4057347261
1
1
881584660
0
4933538868
0
692258873
710203212
455869047
729586144
934862263
6743648637
0
0
1
1010547709
572909133
821525
11362431080
1
628945411
1
389694362
1
0
956765601
938775086
832517850
4207022466
1
7093041213
0
660671091
737344250
0
1
304050693
0
1
1
1
1
441185924
1
0
8731322912
923727827
0
6074650171
0
1
0
1
0
0
1678147543
552196504
1
1
9965762334
0
676031354
0
0
1
291451382
653436898
9517589840
0
1
1
213565093
497505333
161818472
7496261002
1
448144936
0
6861383317
5497004594
1
1
701346465
1
1
0
5307386975
1
1
1
1
9173952963
0
935892055
840156877
1
270872967
7589384879
1
0
1
0
0
0
1
1
5061249040
1
1
261977240
0
666133998
1
1
697179818
142904666
1015814919
306919277
1
950418908
999638362
0
845048115
163559278
1
1
736289635
832111944
610636019
0
0
1
1
1
1
4592085032
1
4798543262
0
1
1
0
726474803
0
0
1
0
0
334312180
6696709129
1
893940604
430416191
3112897282
1427170652
216043291
0
947040861
166026812
1
32443521
805949047
5334549236
868704382
855063258
552942213
0
2785800862
1066983884
247410176
1
1
1
1050874355
1
1
1
0
981302218
1
52056645
0
490709869
1
4823669923
1
945788112
0
510515625
1
0
1
0
1011715045
0
8029404109
1
1
4976665915
4801329190
8040437940
632311098
6291672
979237477
358022247
1
251851008
1
902685807
1
1
7600314014
7072534442
0
0
1012849968
816225251
1
1002704696
918871583
1
1
4258703840
10286608347
13518533391
1
1
283380768
1
5842532446
0
989438312
0
0
0
1008357049
0
0
813995593
1
0
456712236
0
830653989
857491496
386478924
728825849
6170766355
426553475
0
0
1
1
0
1
10071786663
0
888334465
0
1
528354797
1
875764175
1
0
1
0
0
148670297
0
1332032629
663783005
1012689729
3483162941
223171867
1
1
1190719917
826879761
249120660
454684162
1
670672240
733835279
204361619
1
510826658
434783127
1
0
0
0
998700698
1
1
930061085
1
0
1
1
0
487886597
1
993377251
184568468
1
363293711
1
6708098299
350572115
0
691009538
4501020914
867271938
0
7671368119
0
1
466243622
494387914
0
0
1
0
1281067550
0
366689867
0
606769710
8296687166
0
0
4603814658
582552822
0
917190509
0
1
871805813
5936416482
0
0
481046586
1
0
465720046
2121967495
9031016519
1
375398663
957376221
61097681
0
542040687
435706398
0
1
0
1
0
2431940555
1
263378203
0
624335397
5700632409
280966845
218944460
856383989
964842821
444262335
1
1
0
7333515859
0
0
1
9083179252
881602892
587133852
80551793
647189867
1
359761028
0
1
0
226484095
9761081795
142981823
0
0
0
449642759
967421365
1
0
1
0
1
1
1
1
0
518423077
3252693538
1
537655870
922390281
1763573016
1
980162415
573106508
496947313
0
710528680
0
58569829
516412347
649969038
236630831
0
612429550
1
1
1887875205
0
1
7173980623
516093426
497355831
1
441245138
729660119
0
1
4324095873
1029384105
1
0
1008707238
5202710524
623336812
604533224
1
0
521656697
3055412891
0
815438729
1020127823
121622794
71993802
0
0
1
1
10883168071
0
65186904
0
100497680
134540751
339990260
1
1
1
742776154
132680427
0
1
866233797
978486859
614813437
1
1
3776343391
984143587
474467105
0
0
974141870
0
0
1
234698619
1
1
0
0
1
1588497068
239854364
1
480165803
382764181
496783836
1
9219005681
48924551
2151678
6108876777
1
0
1
1
147003588
601393816
946879753
1
272832373
0
478047246
379147336
31837688
1
0
820855682
351998588
933222811
0
299721680
691701869
1
146197238
0
0
3276791234
1
0
0
0
0
725330099
1992683308
1
1
1
1
1
1
165169520
511616014
1
0
1
148408241
1
0
1
1
159487652
444053360
896740715
9310170179
0
1
0
1
661263464
0
5695785658
0
411325339
988268185
4577656433
1
0
7737217200
919980500
813917428
16400909
1
1
705301614
6341257264
544723027
0
162993101
7762307974
0
589947578
1
0
5245331172
1
592855399
1
0
1
10230416724
1
1
246531157
6920193714
920673781
1
0
1054257401
124718743
0
796255424
0
1
0
1
1
1068792065
1
287080246
0
0
0
1
811369473
0
645828843
1
186980661
1
1
35297090
5362498292
405840318
1023525596
0
1
1
1
306756458
0
794347120
1
421604660
481745007
1317031851
0
175777484
2791725213
1
0
954750300
1
1309363019
0
10017886245
1
1
1
351503481
378435072
1
1
1
1296840139
992549406
8509548452
8119215479
0
890015688
5633138503
0
1009618110
301338844
297692243
994365225
0
1
1
357095116
746557742
856177197
1
655491551
1
1
391065260
607613007
952183201
344498397
1
1
0
255368469
855277547
977184152
946964624
502028467
1
424232372
1
705614915
497946106
1
1
1
183922804
0
64109159
2783059369
0
104209062
873562976
227919688
1
0
1
5230911261
583213500
1
7236098481
1
44260555
1
1
1
0
62905906
1
1
424095051
1042418121
583215592
1
1
0
0
480892542
1
0
0
16989092
463162109
226736590
507574122
1
1
0
406729656
1
1
416772533
1
0
1
0
1
1
972829671
2299080974
1
4025407516
4907035890
68986703
9744156417
0
319477023
903066635
1
678351384
0
512479992
1
1297593
908879309
702706509
1
653913457
913950467
1
0
0
0
169433842
1
0
1
0
338487939
339388518
906244425
1
1
130847214
1
10443426439
1
0
1
1
503398420
487793687
678368824
0
72677874
986661177
22480127
705044471
1
285302072
29769938
0
10847431850
707456688
719112588
0
1
69159216
1
205775792
1
71990642
1
0
665657456
539512964
670140473
0
11519057877
1
13664669290
9662749416
1
555334659
6314821588
321089050
288953719
794773891
599475631
6856306038
1
1
7995824244
258405697
5215154997
1
265945425
8062050395
130663030
1062260101
6465582521
97916028
1
13332152458
545393733
24153159
1
266461270
0
1
0
246405060
0
647165879
1
28078848
1
635881739
0
813324846
607330634
425096302
1
0
1
0
447905389
0
7589850106
1418535513
5651506441
0
9215110554
12405223358
570599735
0
7718788240
756519012
180144527
160148951
696279383
0
0
7393945601
267038230
0
0
1
328918592
998348203
0
83085810
1
410907751
0
406396630
1
576832904
0
410293274
1
46733984
213060380
0
1
622760001
740064027
746262694
700505307
1
0
1
1
3873419958
1
1
0
220777354
291387294
80802094
1
929244051
0
653604731
101889443
9153735210
54535718
0
6416817098
429205943
0
4405698281
1
1
8002985603
1
5368908504
1
0
5788691957
0
1
998366858
0
0
183930343
8918848927
230230577
1
735851945
9243048292
732478310
232306189
1
283832266
805491503
65785421
1
0
316400175
1
0
103976504
660805110
0
527532187
10109501239
0
0
498477124
8681247842
0
0
601359726
659053058
1011954538
1
0
987580925
1
0
1
1
0
3713227266
1
0
0
779701551
522623352
1051851851
1
1
700484709
0
886054293
1
187270509
1
0
1
736246469
128929753
1
951857185
1
835962070
1
0
8352249830
422678098
727193778
0
345568151
0
346566564
950887551
8226843100
871822774
1
1322358836
1
778898985
702317013
856192185
1
581163840
1
1
644898118
0
0
379454777
1023388770
1
4757412905
140444696
5396044977
1
1
0
141629134
1
433259812
0
525929455
170913853
1
0
137608490
4451423562
1
1014191754
7139607499
704953913
0
82690287
1
528445570
941899223
422577986
1
1
874290766
1
1
0
0
1
1
1
0
8652042251
0
338974223
866065026
1178045558
0
0
187644970
1063836830
1
0
1
750488724
6239997584
0
1
6215274472
1
969135968
1
647110888
1
1
0
0
198325261
1
1
7728264863
601057168
0
1
6256603636
32017131
648521067
1
0
1
1
1
442278935
1
528396292
92937916
0
9844806424
15337101008
899338153
0
5596348226
580682480
0
1
344453530
35811157
1
1
0
10284161040
0
1
420046679
1
1
953365047
0
592769246
503995425
263083413
1
0
637499209
1
1
0
0
1
0
1001453375
0
0
0
1
1
232774139
0
878401996
505368861
89428715
128660896
1
0
0
1
0
214500300
1
0
1
618569323
0
207735978
0
1
854997156
0
1
284225456
1
0
1
0
957469217
0
3527747040
851344836
510016360
468689182
623305449
1
9266702423
0
1
0
0
459705202
1
114895258
6722794925
0
1
5715568317
4231886
0
1
0
1
564199189
0
1
529218812
911545425
1
25866704
809619858
3663571864
614212546
953095066
7706601965
924428965
4575304830
5392629810
6859677493
884160817
120215972
0
240998497
1
584769723
331517113
1
218311865
0
1664854466
27353275
0
1
397344176
0
0
3636329854
0
592313785
398574604
1
0
1
868287472
0
0
1338852918
1
354661546
8091518844
0
1
522816856
746211059
0
5705952376
1030443432
1
1
5595398355
1060992398
0
0
1
0
852857793
1
7257977440
193109270
4536324612
4703779498
0
0
0
1
1
464757030
1
8312523493
1
1038938157
1
4692230651
0
0
79309295
840384167
519525963
1
852232790
0
1
8446156938
1
11253185692
33370670
837862890
0
4913121507
284502390
98548907
1
6160324003
6467071481
1
3848162046
1
952087018
0
1
497697487
93660901
0
2303361216
1
273719973
311849670
474290753
10212177407
4741341025
288187367
114385568
0
678119797
1
0
1
0
594574035
1
6584800599
10759734901
410625462
163404820
1
180186306
0
7945358294
35952241
650928020
1603856138
1
0
393145831
466580265
154810690
275766347
5331876487
0
0
1
750843800
621483970
129432037
705232954
1
1
36852285
0
1
6439822933
1
1066019634
338032982
4657330320
723387552
804672987
1
0
10543676714
181046671
7296825148
41754287
1
1
1
243332902
863374075
675382698
0
821565123
306003160
844704720
658129793
0
1
323563783
1
1
576894054
7729472155
853870600
250190476
4382245271
0
942875587
183858231
216432733
0
178915551
1
481402600
0
0
0
385469980
567429279
1
1041076611
0
527314683
346006870
507322370
1
0
5420406220
0
1
8954756189
114996284
5898392068
408838334
1
1
1
1
7719364359
1063983808
0
26805331
82081748
10375664491
670883930
0
705217359
877917772
428392023
1
1
683584929
834062845
903598065
0
1
10686918109
327145620
1
461124589
0
1
160432054
871165678
1
1
1
0
9670013903
1
1
1
1
516614447
181874012
884358170
705142017
0
7210057309
346160067
1
0
0
218899853
12244809541
1
898069195
1
0
0
1
730358203
728419277
388155752
1
1
1
224441721
171135161
0
731437661
1
0
1
872044488
286233732
1
834711627
1
4955544132
53688962
851570448
2613474432
825504701
316107294
648661265
1
0
1065403673
753155314
14621699821
335936543
924214303
1
62941620
736955999
401082414
1
1
0
146494082
687390728
6646925243
1
715940132
904140788
1
530784520
761270889
1
1
0
6941718850
753513005
1
0
0
317853136
597970038
1
1
0
0
1
1
0
48208835
1
1
5030539021
7170462888
604547632
221372567
0
1082721036
1
1
303888838
0
1
0
1
258412346
273448272
0
1
6608563837
0
83365217
647199645
1
1
785091589
0
1
280231143
0
922327580
1
1
0
1
53483595
518314909
0
1
1
1
0
823642172
330503457
963163144
1
752716684
0
1
4364340907
8769975292
0
742779956
1
1
789942748
912513220
0
46146739
2835644755
192608395
1073200959
1261893262
0
1
1
1
14210687482
1
531469036
1
0
826491614
6823404889
0
1
0
704866336
1
0
0
633992510
5145275848
609310882
0
0
1
0
1
1
0
1
0
0
385252063
1
483716110
627810235
0
310764663
1
1
1499189035
1
680725684
1028006036
630100557
993916109
1
1
636411250
1
498048584
8599336095
1
0
0
4416696578
1
800354609
0
1
545601246
569678863
1
218286912
13343412
771202001
759056364
0
0
4796322624
817996700
18322494
1
1
1
231900107
1
479539724
724052382
257636777
894846293
382666114
1
81438401
1
1
1
1
1
1
8223981592
1
0
493271794
215431843
0
834113555
4861620449
0
4900665997
483102425
269212970
1
1
209044866
293653337
697326312
0
7696246
1
6744214010
6700114643
0
764063911
1
1
1038038551
2930338728
7157277497
0
689008119
1
8498086601
1
273696652
182731758
1
847016572
0
216700249
0
264341745
1062595036
191769413
1
919424669
1
1
1
864179034
709414216
0
563785888
1
578863182
8366172113
1
863823855
7759440225
1
1
0
129818110
1
615039291
603143948
0
0
1
1052851093
566358511
45882976
1
535637421
1
1
0
1204157336
6557622023
1
1
148772455
0
0
315994563
0
3576996409
438967606
659719569
842761014
860752473
93442740
6607780309
0
1
134335023
5161924150
1
197298590
224603504
83249437
750367932
851924332
0
0
0
1
581513726
7363361176
14216791027
1027685128
744087729
1
265312556
98683182
1
246648864
495043179
1061973794
1
407833187
869846224
1
396110788
692862423
1
5890285871
375139581
0
675420076
8956871737
3587704719
8622270381
1
1
77279927
1042129238
8791468048
1
158628996
662198826
5854321567
339963271
7310990374
7928476292
1
1022201937
0
1
1
1
0
1
0
652013493
0
263733593
6090980056
623956040
1
3044467702
0
0
5797316660
9076015959
0
194860918
192426153
789896556
1
1
7467026663
1
0
1219991061
698355128
1
737212400
0
6052669740
922118700
1
315802551
780020746
0
8204192636
0
1
10228679365
0
949313550
717570963
1040066746
1
731015914
0
890630147
1
1
1031114043
0
982043463
96638952
0
554566803
1
5142014518
1
1
1
1
982337090
766256172
1050008494
3796753124
0
566833776
7120392943
177368599
6175684832
1014059231
9370618
1050238391
405719073
302742106
1
0
935508636
1
299019138
377907810
1
7422259345
189381046
0
1
0
1
1
730181856
1
753226503
0
11309810607
1
1
1023541296
0
0
1
38650360
726086881
0
0
1
0
1
1
267515876
0
0
1
7269487551
1
37610281
1060520945
1
1
457453628
0
994910580
0
8268643809
0
901299304
13246343161
0
604283151
1
783444197
1
1
1
570508952
0
0
357354874
1
1
1
968062505
1
179240032
0
0
785523511
1047552724
569606969
5142911791
560831848
1
1
1412692982
1
9143069511
1
1698190709
0
1
0
1
341758264
1
1714267317
55283945
807165800
0
6981899654
0
379513135
14364663407
1
0
1
1
383020369
2059056669
728349919
244197903
0
975662779
5537211722
1
0
0
0
5793452118
471490616
525817481
1
1
1
9564544858
1050471169
19797350
45514434
0
1071940646
5707457134
178007129
619594822
1
1
754937263
604600152
1
749087950
0
1
8391847106
1
158316270
0
1
745239541
0
0
216412650
0
329085305
607757047
952721055
0
967159611
766008890
0
848546981
461072632
1
85048040
930315110
1206156570
1
532334168
1
0
1
1
544189907
548535748
1
245368900
5523457471
1
1
8321526559
453080483
125478407
249760982
1
946994498
0
929828576
7638142468
0
987495777
389825476
1
1
589954314
270955274
0
1
8135229762
529692972
123346949
4803526547
0
0
2492414948
1460638495
0
247103732
5846927514
1003053629
0
619219166
180616493
0
0
727903322
58440112
1
1
1
1077037686
0
70689212
1153326485
1
1
146114915
0
0
1
1
644255392
7635793172
1
962244743
1044268829
6935978958
0
0
644082425
1
1
1
1
1
1
1046725266
292230471
4632839159
1
948224574
916757931
45236701
1
1
0
0
0
1
0
269606948
1
1
711221250
1410135460
10032475
0
1
301951601
1
640160995
104949518
0
0
857068849
454846167
1
1
1
6390902270
1
0
768805263
817880931
1
0
52759302
920747584
1
0
205726894
0
10832506
0
1
0
1
213931684
0
8143080867
479565602
5355198108
5878047809
749477727
1
912682421
1
0
1
6368170845
6998421488
0
853900648
949227928
1
0
0
302399606
1
0
0
0
0
1
1
1
1
124479408
1
427796865
1
0
853146202
1
1
847741683
240096176
1
1
1
6926215822
1
313398727
0
0
109621532
1
181134193
0
0
0
1
0
0
735155135
1
1
1
918786056
0
0
1
9878637481
0
209793962
628372884
0
756281895
1011595476
1
1
847641297
190029253
6480640305
1
658417005
474193980
1
0
23461253
1
592478696
1
0
1
1
1
1
0
488972242
1
0
1
1
264600759
1
1
345443212
455695235
1
6666088851
1
129913896
1
458746450
1
882089845
9248332969
1113316356
666610095
85812445
0
266459927
991692665
1
977599474
0
0
396902549
527190629
0
577481023
0
557910725
1
0
0
4325194307
1
0
0
925644921
752661363
523371595
1
0
2376965259
701082495
0
771373399
0
8175873740
6301523679
0
1
1
1
0
5064764792
639072944
227996122
4028960731
1
575132382
914371839
1
275293833
1
397503529
908818227
0
199295615
0
407088697
1
1
0
978033241
449963810
1013545547
0
931472032
494260497
131762479
1
1
19548939
0
4807824096
809211027
1
849587539
214282365
510452154
0
0
1
0
1
1
1
0
0
777141693
0
0
608271206
1
0
737318288
5071527816
608000837
0
465356014
0
221651399
597295115
3237976743
1
565541843
472251990
1
0
501605733
1
1043721510
1
1
244748753
78986890
1
0
0
950615273
429845760
723639276
0
0
873591176
7424362685
5038712
0
935024202
0
1
653989904
837743560
1
1
1
0
758468161
1
1
7375415926
0
994819252
1103656802
501616297
1
0
0
903277362
1
101211434
1
0
10284306130
0
62894574
0
1
1
486166274
1
131999099
1
0
1
7545150548
825037600
0
0
0
536723559
0
533984
1004249539
740883521
1042961326
7190046322
1
1
1
1
1
799152701
0
526169375
435348126
774663461
1
1
0
828666277
629526398
0
458960650
788783019
7902709889
1381690699
0
6092378391
181040416
0
652601574
1
287503266
0
1
6477077925
250210294
5071791482
486380638
4790248092
1
1
1
1029476766
1063254976
1
1
405976393
7028538578
611909897
0
798474822
1
1
1
0
1
566854781
1
221281483
830202511
1
622956814
321054187
0
282876108
0
603379845
66740115
5947968666
420592937
1
1
5829813514
0
0
702749934
3938981429
0
1
2573297
0
0
1
9598750543
1
7387127489
618298527
1453877294
1
5900238899
778274934
7651151161
1
548897711
1
1
1
1
8388247189
422897019
1
0
3539356
6669816707
0
982024427
935893670
1
553400448
728214202
5974074722
0
0
6682507956
0
1
1
99999315
1
1
950691530
54119245
877164421
1
795392348
1
7278111436
0
0
0
0
166404863
530478812
0
0
8562262765
0
0
5916385435
403251177
18647631244
483411090
96409639
123859826
803457991
1
1
324401535
0
0
149761272
0
1530699702
0
1
332836210
579816862
0
892383838
917479876
1
692732211
1
0
255984769
1
0
0
1
0
1712547065
240832311
0
0
1
0
1
895232812
1056083827
108186974
1
1
18331713
0
0
0
0
0
5292972084
1
0
1
55904671
10677557782
362094132
806848169
0
0
81061031
193015483
5654289503
732216945
0
311204628
719666145
0
1
1
0
683689278
6677370070
1
577153169
1
0
1
14518260
1
1
915961313
472105864
630367849
0
508483676
1019854851
168247683
1
0
857269295
0
0
5434910084
530877988
0
919646140
1
6593751249
549425229
199169188
720752668
1
149270273
927958241
479069560
0
919779512
761119665
974698155
292958186
1
570326925
43596280
1
1
1
8279792703
663078856
837161550
0
1
674884904
0
1
1
0
159353889
0
685910593
54674514
0
0
0
3926311756
562462954
1
1
0
599842604
771820939
422629815
729900236
1
1
1312871452
0
238178679
1
9184097
1
7654102548
1
1
1
0
1
559707515
1
1
0
959522010
696512283
939771372
8728374424
0
379478542
537517610
1
778297579
0
11189523440
1
778115152
1
4497398119
395060688
0
1
292722019
933834400
1
1
0
0
556701418
1736854300
7477055852
905000374
0
1
1
0
0
0
749849836
1
7001901802
1
10140153798
0
1
9252765669
1
0
0
1014347041
294701198
0
1
0
1397988314
329516760
176299103
1
1
1040994507
896249049
0
286623412
1
0
1
0
238360335
717480999
0
0
11086281481
348579573
0
1
1
694060908
1
795497918
932425593
202823762
509496674
493398743
562311379
1
1
358529264
196794368
5905098915
733899447
1
0
1
10901072831
1
6581231320
154319050
689362813
1
1
1
1
1
1
1
0
220304003
5541773815
5909464754
1
730358595
1042155513
6614660714
1
767546110
0
296742101
1
1
4791077620
0
571467356
2879811198
103142067
0
683296740
1
5475698543
202435355
0
0
6786492115
1
0
0
760784697
6232078524
6617033
260432961
625156231
75986962
1
0
0
30616608
0
1
454026239
782539241
7028878423
0
1
9677902319
1
8634454705
3892314685
0
1
205239042
0
0
4060538622
0
0
5365754670
1
1
0
0
1
5270226255
1
658096274
1
1
1
1
341188584
421238491
489856612
6883208949
914478623
211453728
1
0
0
956357682
1
1
977677691
885626607
10759353236
10233354904
606315131
0
0
0
967780592
3687425
913452482
914338959
0
1021632567
6824569813
1
505950650
0
1
295328112
579671743
1
1
411281370
0
1
689530947
0
6686568937
336731695
1
1
0
925794791
163924388
1
6458164286
712442792
942150014
11049277300
1
1
0
1
1
619994669
0
1845396368
195963224
0
1
0
11137874474
1
0
1
0
243154302
1
7769831089
1
6392851482
726226358
1
792021926
358546801
36080418
1
1
1
137216806
111030107
8797134587
1
0
0
569023423
0
1000212751
41991219
0
1
0
1
1
6918630760
1068452062
1
286967794
631491620
1487211145
7157173918
409257410
1004560616
0
12729718
140553658
4712398149
7994622225
0
1
1
0
1
0
1037208816
1068935839
766319603
561383565
753457797
456334513
46565473
1
695153407
551842682
1052466792
1
1
0
0
1
963927431
1
0
416468383
3022865904
984373972
0
1194297610
712374123
7892114076
0
4723943378
0
235549731
0
562114739
1
8445919655
0
9067710002
1
0
0
0
170080073
0
1004392032
367882569
52008400
826207538
1
597801822
395414189
0
1
884747560
1
1
1
1
46400303
257408418
1
608590640
1
1
5509700173
0
580524375
1
1
506973954
11934990952
8073134240
37121394
1
131513219
1
1
555382888
0
1
629729054
8039504
0
853476401
490945044
1066598083
8751419076
1
22325516
1002321362
1
1
1
0
0
0
1
674708394
190539053
0
0
1
1
0
1
1550920746
1
1647054865
0
0
1044066769
1
279010637
1
0
132239187
1
0
1
1393046791
1
646580475
1
1
1
7226072469
961657070
665556804
1
1
1
1
1
0
1
432937974
0
416589387
268376384
0
7462172937
1
968600692
942496501
0
4394275340
1
0
0
1
0
439052351
602472303
0
1
1185816848
1
1
1
0
431863671
585490407
500729754
11644205220
0
0
348502020
1
0
7882236547
678182366
7749532725
100816005
61781347
0
1
886540401
0
965906618
1
8326878166
64410112
137815769
864909508
0
11118563462
788208542
669425913
0
0
686256763
185218463
0
1
1
1
200257066
1
1
1521063106
0
4470762789
0
1
90437772
606948468
409796485
0
1
732651262
56254883
1
7594010240
0
878352949
946421382
5614207677
0
335271711
0
1
2825376444
986739031
248595345
0
641740793
1
239690456
1
5948023309
1641236842
1
7899560053
0
6528296050
509818935
1
1
1
1
733480258
915075865
7156666928
1
1
620153906
1
200701970
0
4852139294
0
0
1
4063900807
0
12954810415
1
6940251883
0
0
1
706877653
946609588
336244462
7259297857
1
885686951
1
696175704
1
9345743516
544786644
386914475
1
3781936471
1
957791105
1
299742271
747711955
1
922287511
618977908
945692143
1
1
1
57574111
1062315098
871118170
1
1
1
370036510
1
13246815
5105804168
240962218
845945893
1
1
25424427
1
7183758074
0
1
1251777324
0
1
0
721697021
610498010
6201104537
1
9429280
6311263132
432025762
0
1
8121859883
1
125170653
764160320
1039839897
0
0
1
702418574
1
765254119
1516969005
0
1
161011387
398528836
289405871
51297367
8715903497
985964814
0
1
1177967755
503246227
8954542442
532315646
545608956
116581282
0
1
352949342
1610866235
6864828583
1
1
1
0
481491683
0
0
0
110288611
0
5762037527
0
287438787
102671333
1621387432
0
999983186
0
1010410248
305431334
404398357
0
1
625104919
1
6644139062
1
0
522554368
704486537
0
0
6056878393
6796404797
257898465
0
12924281778
1757417
654671494
1
1
0
1
1
0
0
0
755382027
143918217
321922020
4685136123
1
1
241011425
0
1
0
439122921
435817377
1
0
781250426
511652296
0
0
5311852501
1
956111382
0
0
0
1
1
0
408643836
276652754
1065153347
0
8901063849
1
1
5483082140
0
6258492677
1
1057525861
582187500
1
1
1
0
1
0
1
5133015864
1
1506418380
1
313876927
0
5201867547
1
1
1
325409319
0
1061949304
1
923519566
594197694
6694040376
1
1
0
0
0
830035389
1
415592744
1
1
167745571
691917825
6807961922
1049079337
163925631
976065051
1028745658
0
5358874806
0
0
1
1
122986489
1
1
1
1
7154867816
1
0
5297097884
0
128562037
4197858360
1
0
1
0
1
0
1
4140300518
1
6881953845
1
1
1
1
893318790
1
6500443418
1
0
1
976687185
1
0
0
975307391
0
0
0
0
1
429448846
1033522140
102145797
1
1
0
365650062
1
1
1
10808502100
1
237799212
412020148
1
1
1
349876624
0
7415046247
5914783776
0
49227193
1
1055597013
711337559
1
507197480
1
0
1
1
6166717819
379721749
1
1018228367
1
0
808494245
0
149053788
1
10779241654
1
809476650
374138565
0
10847530148
0
1328273690
836041561
785272175
134181588
1
1
5674388498
0
885860956
753794095
0
0
429116406
852715400
417957797
9988933043
547454680
0
1
175505740
70269921
0
8801075972
160097251
912038976
1
787332173
0
585868569
270629729
1
0
0
880410889
43527987
1029510539
0
1
5823391489
180691259
1
0
0
1
0
1
642402333
1
5826850099
735830185
789641945
1
58201393
4539073141
898154600
539509761
6390700170
0
0
10621895
1
327018513
715559107
1
30271104
662158986
688740371
0
1
0
197599836
1
1
4615992226
557792153
766830742
1
455228466
1
1069538948
928259226
307894341
790086272
4535520916
0
0
1
6139018996
0
7626161298
338811618
1
1
777729180
1
116934851
1938300112
0
1051826031
0
0
0
269477632
0
1
1
1502748362
9380233190
988726739
1
7585850365
0
1
405931820
0
0
1
1202923974
1
824002710
0
10518302355
1
1
1
0
950223093
7313236939
0
1
1
1
0
0
657768526
1
782457287
890602419
0
0
8617434694
272774363
614532699
890911206
0
0
6783688833
1
396565011
878682345
36989897
3095677509
1
1
1
0
1
602449354
0
541896518
333974670
1
656652285
0
1
388631458
1069171344
1
34321219
990209660
1
1
42857019
1
31674327
1
1
1
1
12002287017
305152247
910350334
1
1
5551556004
1
0
1
1048832226
0
0
893856666
213293174
0
837521563
202678143
0
908468105
0
1
0
1
104754539
1
1
419550409
1048330515
419416296
8445557
941607509
1
1
1012907990
997832322
723700771
1
1
394672178
0
1
253233022
296452866
0
8679214095
1
11281881418
11146366841
2280741
1
3749287033
1
0
1
0
786221562
1
0
1
517668595
1
0
1
353302017
560049299
331709404
1
37248615
7340063842
575687899
0
360099545
1024465579
9888352
357542462
0
1145459747
1
193925610
291159403
1
1043563025
5712442830
243504752
1
854128277
0
1
5494738236
0
0
0
1
1
440403021
1
215774846
8964307971
808209420
1
0
0
0
1
481253808
1
1
461980086
870809300
1
0
1
131174327
1
1
848909769
75309494
153924277
0
73601422
5572127710
1
0
1
25159321
1
883318746
1
0
0
15578205964
1
939380026
1
4434124006
1
1
750659473
1
0
11063386271
42381090
6350285508
1
0
0
451910977
783683592
237687759
633875684
178048477
226789857
5687892483
1
334003099
576131752
0
7887567296
1
7339541575
534904780
0
5685489785
1023642479
581961504
1
944884659
355307455
0
945941507
167740012
101201974
768453997
1028171128
