216.000000
138.000000
182.000000
138.000000
376.248908
204.000000
164.000000
174.000000
390.868751
146.000000
132.000000
356.731892
136.000000
148.000000
134.000000
144.000000
386.036987
364.391879
156.000000
138.000000
184.000000
166.000000
156.000000
136.000000
174.000000
350.403414
148.000000
174.000000
190.000000
142.000000
192.000000
168.000000
361.990128
136.000000
106.546364
190.000000
148.000000
208.000000
184.000000
142.000000
196.000000
150.000000
379.755244
398.556148
190.000000
136.000000
377.474619
148.000000
152.000000
152.000000
152.000000
170.000000
389.647135
180.000000
164.000000
138.000000
166.000000
182.000000
134.000000
164.000000
162.000000
176.000000
142.000000
361.705099
144.000000
134.000000
198.000000
162.000000
158.000000
188.000000
138.000000
400.868751
192.000000
172.000000
377.599893
136.000000
388.056791
138.000000
140.000000
351.758685
160.000000
160.000000
132.000000
152.000000
198.000000
192.000000
377.474619
154.000000
168.000000
142.000000
361.990128
134.000000
172.000000
176.000000
158.000000
148.000000
170.000000
172.000000
154.000000
182.000000
134.000000
368.030161
138.000000
366.678306
174.000000
192.000000
142.000000
178.000000
196.000000
166.000000
341.294744
164.000000
386.000542
386.036987
404.215222
160.000000
212.000000
168.000000
140.000000
170.000000
382.056791
138.000000
192.000000
172.000000
134.000000
317.081972
162.000000
158.000000
136.000000
138.000000
146.000000
146.000000
200.000000
103.717937
1216.356037
2180.240915
1801.829625
3177.570344
2965.321458
3292.217669
3408.041927
3604.829876
3832.769402
4735.479896
3856.927367
2174.083048
2438.753316
3277.554307
2757.358715
2859.965482
3615.205757
3776.175911
3591.840301
3687.586921
150.000000
109.494748
410.868751
