\BOOKMARK [1][-]{section.1}{\376\377\137\025\212\000}{}% 1
\BOOKMARK [1][-]{section.2}{\376\377\000\101\000\052\173\227\154\325}{}% 2
\BOOKMARK [2][-]{subsection.2.1}{\376\377\124\057\123\321\137\017\144\034\175\042}{section.2}% 3
\BOOKMARK [2][-]{subsection.2.2}{\376\377\000\150\000\050\000\163\000\051\000\075\000\150\000\052\000\050\000\163\000\051}{section.2}% 4
\BOOKMARK [2][-]{subsection.2.3}{\376\377\000\150\000\050\000\163\000\051\042\144\000\150\000\052\000\050\000\163\000\051}{section.2}% 5
\BOOKMARK [3][-]{subsubsection.2.3.1}{\376\377\124\057\123\321\137\017\217\355\116\343\122\240\155\361}{subsection.2.3}% 6
\BOOKMARK [3][-]{subsubsection.2.3.2}{\376\377\117\213\230\230\116\000}{subsection.2.3}% 7
\BOOKMARK [2][-]{subsection.2.4}{\376\377\000\101\000\156\000\171\000\164\000\151\000\155\000\145\000\040\000\141\000\154\000\147\000\157\000\162\000\151\000\164\000\150\000\155}{section.2}% 8
\BOOKMARK [3][-]{subsubsection.2.4.1}{\376\377\117\213\230\230\116\214}{subsection.2.4}% 9
\BOOKMARK [1][-]{section.3}{\376\377\124\057\123\321\137\017\124\010\136\166}{}% 10
\BOOKMARK [2][-]{subsection.3.1}{\376\377\145\160\143\156\176\323\147\204\166\204\124\057\123\321\137\017\124\010\136\166}{section.3}% 11
\BOOKMARK [3][-]{subsubsection.3.1.1}{\376\377\117\213\230\230\116\011}{subsection.3.1}% 12
\BOOKMARK [3][-]{subsubsection.3.1.2}{\376\377\117\213\230\230\126\333}{subsection.3.1}% 13
\BOOKMARK [2][-]{subsection.3.2}{\376\377\136\166\147\345\226\306\166\204\143\011\171\351\124\010\136\166}{section.3}% 14
\BOOKMARK [3][-]{subsubsection.3.2.1}{\376\377\117\213\230\230\116\224}{subsection.3.2}% 15
\BOOKMARK [1][-]{section.4}{\376\377\142\275\214\141\225\356\230\230\116\016\147\072\126\150\133\146\116\140}{}% 16
\BOOKMARK [2][-]{subsection.4.1}{\376\377\147\064\175\040\215\035\123\366\145\257}{section.4}% 17
\BOOKMARK [3][-]{subsubsection.4.1.1}{\376\377\215\035\123\366\145\257\121\154\137\017}{subsection.4.1}% 18
\BOOKMARK [3][-]{subsubsection.4.1.2}{\376\377\147\064\175\040\166\204\122\044\145\255}{subsection.4.1}% 19
\BOOKMARK [3][-]{subsubsection.4.1.3}{\376\377\147\064\175\040\166\204\120\107\133\232}{subsection.4.1}% 20
\BOOKMARK [2][-]{subsection.4.2}{\376\377\117\213\230\230\121\155}{section.4}% 21
\BOOKMARK [3][-]{subsubsection.4.2.1}{\376\377\173\200\123\125\122\006\147\220}{subsection.4.2}% 22
\BOOKMARK [3][-]{subsubsection.4.2.2}{\376\377\116\000\171\315\173\200\123\125\166\204\162\171\137\201\122\044\145\255}{subsection.4.2}% 23
\BOOKMARK [3][-]{subsubsection.4.2.3}{\376\377\147\064\175\040\215\035\123\366\145\257\122\006\174\173}{subsection.4.2}% 24
\BOOKMARK [1][-]{section.5}{\376\377\136\046\147\103\127\107\122\006\225\356\230\230}{}% 25
\BOOKMARK [2][-]{subsection.5.1}{\376\377\173\200\123\125\116\076\117\213}{section.5}% 26
\BOOKMARK [2][-]{subsection.5.2}{\376\377\116\000\171\315\122\250\140\001\211\304\122\022\173\227\154\325}{section.5}% 27
\BOOKMARK [2][-]{subsection.5.3}{\376\377\116\000\171\315\173\200\123\125\166\204\215\052\137\303\140\035\140\363}{section.5}% 28
\BOOKMARK [2][-]{subsection.5.4}{\376\377\135\356\122\006\173\227\154\325}{section.5}% 29
\BOOKMARK [3][-]{subsubsection.5.4.1}{\376\377\127\372\147\054\140\035\140\363}{subsection.5.4}% 30
\BOOKMARK [3][-]{subsubsection.5.4.2}{\376\377\173\227\154\325\155\101\172\013}{subsection.5.4}% 31
\BOOKMARK [3][-]{subsubsection.5.4.3}{\376\377\217\321\117\074\145\110\147\234}{subsection.5.4}% 32
\BOOKMARK [2][-]{subsection.5.5}{\376\377\117\213\230\230\121\153}{section.5}% 33
\BOOKMARK [3][-]{subsubsection.5.5.1}{\376\377\225\356\230\230\217\154\123\026}{subsection.5.5}% 34
\BOOKMARK [3][-]{subsubsection.5.5.2}{\376\377\117\040\176\337\147\000\117\030\123\026\173\227\154\325}{subsection.5.5}% 35
\BOOKMARK [3][-]{subsubsection.5.5.3}{\376\377\217\321\117\074\123\026\173\227\154\325}{subsection.5.5}% 36
\BOOKMARK [1][-]{section.6}{\376\377\147\000\134\017\145\257\127\146\176\263\150\021\225\356\230\230}{}% 37
\BOOKMARK [2][-]{subsection.6.1}{\376\377\116\000\171\315\147\000\117\030\123\026\173\227\154\325}{section.6}% 38
\BOOKMARK [2][-]{subsection.6.2}{\376\377\116\000\171\315\173\200\123\125\166\204\215\052\137\303\140\035\140\363}{section.6}% 39
\BOOKMARK [2][-]{subsection.6.3}{\376\377\124\057\123\321\137\017\173\227\154\325}{section.6}% 40
\BOOKMARK [3][-]{subsubsection.6.3.1}{\376\377\217\333\116\000\153\145\122\006\147\220}{subsection.6.3}% 41
\BOOKMARK [3][-]{subsubsection.6.3.2}{\376\377\173\227\154\325\155\101\172\013}{subsection.6.3}% 42
\BOOKMARK [3][-]{subsubsection.6.3.3}{\376\377\217\321\117\074\145\110\147\234}{subsection.6.3}% 43
\BOOKMARK [2][-]{subsection.6.4}{\376\377\117\213\230\230\123\101}{section.6}% 44
\BOOKMARK [3][-]{subsubsection.6.4.1}{\376\377\147\000\117\030\123\026\173\227\154\325}{subsection.6.4}% 45
\BOOKMARK [3][-]{subsubsection.6.4.2}{\376\377\217\321\117\074\123\026\173\227\154\325}{subsection.6.4}% 46
\BOOKMARK [1][-]{section.7}{\376\377\141\037\214\042}{}% 47
