14 12
42 31
43 40
526 361
41312 40258
48153 47369
76953 77835
59169 56151
65937 66588
76120 77138
60725 61475
53798 54732
35965 34394
38249 38887
50771 50905
79563 80666
66776 67818
47328 23705
39028 39613
76247 76910
455 246
50944 25686
479 288
57789 56403
58712 57358
67688 68726
96512 97664
49246 50027
50854 51693
50314 51137
547 367
94264 95439
94655 95734
590 415
42374 43231
583 464
70073 70727
68077 69108
47378 48215
59631 60578
530 285
51401 27349
63004 63921
59119 59983
64190 65285
38088 38585
55322 56116
476 280
81995 82796
64121 63946
68312 68805
85965 83885
80571 79055
98669 99282
489 299
54437 55410
86006 41905
68954 68731
78908 79674
487 336
59678 28970
60380 46316
45039 45836
55568 56596
91291 70542
40449 41209
76461 77438
587 389
75287 76301
427 256
49623 50523
68952 69998
66156 67009
57810 58441
67935 69040
61781 62801
62632 28813
603 382
494 303
65117 63349
36966 37552
56360 53101
49753 50704
57470 50588
75944 76947
87278 88508
43391 44177
49709 50343
56537 28778
65529 66325
70713 71720
73289 36859
83251 81523
81925 82305
59972 60907
52123 52842
741 761
653 435
59774 60726
86316 87450
56235 54408
35380 18718
83339 84329
2173425386 2173608761
2041827338 2041999276
1549120359 1549304775
2494012980 1203404823
100777 42535
2499714409 2487060283
97836 40913
2494795766 2474586234
95205 45491
2509478170 2492842347
14 12
42 31
43 40
