470273943
344482746
1
855830873
453246046
681749883
87381
1
685152471
680897228
0
0
1
329387423
812984176
174763
452491922
858430401
504912182
980056083
0
1
28163304
863311517
948639913
5
1
22
11
3
1
474091385
431655758
55
2236
341
1
462528050
1
973379181
447177792
988066303
1
748667260
920224312
0
0
549770534
259310011
723588899
0
8
15
52
21
0
1
977230286
906492091
135
43
5
5708
683
21
39637853
89478485
0
1
56
345
85
0
1
247491286
361794450
115284599
494033151
626095592
357913941
0
622380178
788711160
722019349
908800770
715827883
21845
10177075
960112160
34
108
881
171
11
660235381
894355583
0
0
1
3
3
1
1
435293607
371636729
178956971
10923
632725844
840448618
896649820
1
1
833226302
726623026
0
3
8
5
0
1
1
1
0
928152894
546507690
463909199
633000874
409376426
294845528
0
885168673
486982804
667377630
89878786
99445501
528547781
427713153
835352083
513215461
137025976
501499769
497153357
81825515
774929637
349644109
537758670
292937307
584887125
838591949
379530878
681173866
410692211
554037641
506978523
119648158
807287220
168843138
0
574052539
430265099
72461404
155740914
631821431
435101481
242669025
0
518638252
660957583
888037305
741050487
388225489
41998200
851808523
5573777
58215224
326462681
450785722
853356457
577221106
0
85752220
22046999
167411180
0
564881992
69518189
672755230
139678311
336870541
210999976
240198261
980419243
659559370
328294967
475303880
448921218
888962478
833037816
470715756
296536192
946000204
826545340
621641392
0
0
0
970781378
912231682
62394904
269735830
608690987
592359784
912616191
479238239
720365470
303105785
412257441
256447821
431543549
934049480
179891766
0
815819755
133178008
294887686
436437214
0
540990293
258361401
821186134
81898705
674732904
706182936
319196956
590458666
320254909
494661720
34203980
808585032
0
994094420
681515414
879462031
808623619
23427126
556125802
937161326
957629128
470682390
408563035
291609537
389445945
432019919
337460749
422859707
14178924
542969065
349543582
851485258
443879811
295729719
25865303
986290922
210421862
627548015
918175105
91629511
776292469
729869717
250427694
896758015
873457131
967554527
538864252
100832028
678656856
134847797
997358818
210113887
54741488
277063766
661667514
357990978
949544968
422899128
238406744
277759959
0
550835378
243013817
93255217
419105814
400428725
990683706
729812956
901218115
405069091
577941225
0
0
267386079
955260807
7090003
640117300
0
436708835
804232012
858349162
20096136
62845786
577432428
0
418585208
990256331
587418315
844613176
870979791
0
813845993
399013039
788000652
433407417
116798452
72205396
175344594
508383827
986621233
772616336
45842040
976174424
571100610
448440646
414092348
298949072
501102835
493485191
304872948
934080546
220196402
319019511
755778041
182811276
152840869
723906692
0
0
916484873
325377012
785818562
373459204
145948554
608106629
0
0
336122263
0
656285576
596236953
833598044
987201787
592119209
644456047
435994696
0
781128083
0
85904457
644728101
793844265
973820738
621559328
160129519
775803349
