810
3841
1900
10000008844
10000
1010
1040
1010
51959209
4583511
1195071
78860590
628848
555226479
4819162
5895825
22088768
111394794
1755554
851623
19394624
3004361
129463
4750240
82239539
3579399
213612817
556230
110098763
2510340
1249276
4193824
22439826
594756
8476344
1055755
2102831
98384670
2210639
1828383
85360624
597793
33213
103780181
2740388
42023180
13884030
8992699
3669255
664318
3200336
18205677
74213987
34795243
106732332
5388855
89178334
14715631
24565026
46523
1593519
5998876
3738510
2215398
16489432
2449297
358250
4897393
12451604
93522637
65568607
24815759
2504636
528090
32708683
9279592
36466021
430420206
7013748
9126452
7921667
17525360
20513642
216089148
4321342
8201828
19623124
817794
3304436
66808
7265946
951852
1750970
92046
393982665
6565757
304705
32392757
1380395
865181747
42020717
4412766
16660809
2117051
92381
47764467
19144565
30306
