0
1
2
837869671
177721482
686524322
944345682
990391659
841015399
491172185
861991520
315206001
730495733
165556482
381568955
861611898
113827025
143435308
991090142
199267345
828385756
255073141
57925870
162963782
751360490
501761510
736612347
105951847
826889187
506934829
364424495
254668650
220663403
745100614
4507919
927745410
98267566
141718389
910514754
641191441
88259537
328249887
766708620
276299029
308730682
303182359
95834168
998767994
931272274
941106220
554304985
449036179
861206220
407698458
452993803
122103288
821381801
524849824
33067680
146177328
930563644
396384999
666021296
574754913
443838209
855370198
222472069
607406004
881295824
253700961
619148025
209041134
544131168
447862671
25976020
614487196
138923637
516991622
397685075
969075733
471479635
387629946
596129658
183902373
224281151
287787440
788028847
788115
581609048
521862285
117076346
612404080
877854587
860346792
819889431
165760230
684474787
980068934
893718066
802260347
556094824
365795258
896462627
861559654
911195044
243607997
323309253
719441947
769911541
353120383
247499372
842993058
659914196
392057531
318225577
227431303
109709927
344378298
81112428
337220440
361107108
63305037
488306939
997553330
166050127
165321952
707982935
458997929
333563783
760568253
42955991
36512424
175304810
959157828
66785942
907198599
343284564
631263809
875226844
765886712
589352289
402173268
601642382
151243591
319082570
127134308
168688190
516232244
541062341
562185395
765418927
352205281
126807706
517078937
915113226
473004483
451395619
372995141
285445452
888495404
863365536
131829877
858131663
569348593
423748190
559334585
669182801
589477053
890392680
342111595
353388413
621704911
166038018
318631905
876333459
827626980
125127789
299272489
144920293
895182929
547064033
6991538
616440451
89302022
19934359
73896914
25884091
364037656
358662244
845055180
955859691
966014552
871948975
361784423
608043575
118974632
746747659
308279184
47165700
405822
605875075
366809015
586577404
132945074
596642866
248446703
395700489
513053100
684555248
239398750
978211940
189605439
546201592
826176557
64619384
245302594
882702394
237477879
986328605
40555643
138071528
659025656
454680663
823494119
527373936
155648847
499718528
801991510
167948908
725022855
908898295
792333734
494911423
216288681
763985354
211035143
846322942
43675725
736762736
425442480
118830289
339404837
584786233
159023264
483366968
546581922
385614082
193974229
507764303
76916956
329752657
593372361
829125028
86290299
165236691
990269290
446962960
739273640
676050929
489494957
179697604
396000637
143889830
911905243
390349096
777003879
903235481
87108528
32711694
50637652
303427342
540379220
562148451
633225109
144001739
374279645
668089604
245790799
800859427
766335097
109299285
598241358
656442380
691236421
539638922
967726349
188535016
152427918
735269119
904374755
737761629
227561369
270083547
196877774
325370645
236167149
121709736
290705724
134802060
862594980
363768688
184801236
655826548
518468923
223609607
625517742
398722597
560529181
664208419
686141192
447938237
984874704
822953267
808234288
465928421
440081315
692884659
625501121
191694109
800946894
442175472
996685754
329234168
884264804
618350825
156213874
708662616
391064249
838811713
38850530
795388652
640412640
141999454
176577646
787064082
808664413
251923976
802039030
172213762
84470781
627761065
19332555
159602643
426420780
634415846
394706087
499653737
120998415
836726466
542963587
548594237
667739430
219848071
75622312
739897045
519738181
624228046
790262193
865241499
600527044
836504928
967693647
145932913
577115211
875732809
580882658
524538513
642464514
554933624
288722278
387629020
587620525
849814413
22097412
747996263
198662588
118473236
513738640
910984227
563363338
744366701
72971541
524586054
738496332
947116651
821196380
715019809
525131392
149018928
663840752
613601591
455608655
315662677
757720199
47299181
715150652
139048919
162762144
108033984
996321178
186446567
369070564
338200461
629138141
508674039
428615773
139597442
34031734
138606401
763212261
614928334
490697636
779043013
531187664
646444736
468145556
533833127
599831510
51046825
439382686
795454107
559225100
174800503
15796739
891453485
280443984
927024286
551214020
634645649
525913660
846208905
642275735
232353367
394636392
505096039
923742623
566520299
12476568
667372237
522591264
747855752
357553341
898117794
528208205
496881196
875388306
668285509
311083434
453477755
734486065
255610599
823585472
967986678
355123740
135645357
2236771
758978148
45857153
919066122
307684877
454707456
992528479
406953510
439396475
632998262
232919727
995675398
732700582
255575935
525619962
410728298
567913978
914027073
729778562
910937383
241848966
651181052
415425813
242303302
867624688
842477895
940611612
797838822
547187847
228660510
431399596
459870604
427901363
670035862
223765174
953332148
184850648
405880108
544543679
472658395
748090587
80590362
915314880
141071685
495877698
503173265
232000711
458407414
931397758
196745456
997990514
156546616
658444223
55821994
329180643
283191712
165987233
585445477
588228037
80312668
789619878
419546921
905552337
594592230
147380298
836728478
669969931
262804635
109916544
659382762
487987788
921410293
453145740
370717242
72872974
8067098
886655997
207614142
938836271
690541055
93384338
264028265
934114518
754562560
370707088
346956867
329534379
566519512
610840412
735452469
998596910
965489245
570081141
679431883
41758894
895829901
10564610
698916489
762383738
238404107
622449809
989829500
426357208
895244776
998970720
401918665
510666883
943509593
617334838
10730976
130551410
961021243
376214081
846043257
752071791
999160845
653105287
989974979
485488259
718519248
66477786
607205424
109224325
150657342
710054338
715978134
156485895
340898891
815183008
488610766
558868239
146741396
876988068
613990321
848527594
917150177
364114495
338285053
449715622
604499069
493171523
820631778
332276958
522874327
8551689
465043674
802903716
155279248
176342308
544450385
679657889
199394522
776826365
919756779
913158475
168624605
464944667
998193945
764750525
186166288
738419425
218508997
297504600
278194468
365084047
210275462
951216112
779902083
682367982
362344231
571841585
877863840
204101267
820977658
398870906
973041117
764490187
521782812
912508088
555574508
543653141
546113075
499885256
968605125
647762959
546916400
786773282
388634265
836689970
134908483
802036669
327625900
510826238
916108224
590735869
21300479
537682156
532928725
474194517
128080457
751923945
431199736
968649887
761283786
591014984
373023410
389216952
952245664
195427194
392804362
477958313
740198518
862771929
461058642
722964297
623414844
203447051
831112748
905960995
58047337
170301051
611039630
972032805
477540129
383824264
381545326
208365279
916999652
565998872
476586706
654294199
385570951
570450320
331963940
689350201
170460077
631483390
37977233
413356298
146486645
5622810
593014877
180943962
486686473
309203518
754724063
579602181
756800917
599789265
581948494
217097322
790937850
676676091
211446315
700506842
444535376
540547017
636187509
46793155
466958361
446332615
537775704
562854374
224011509
694828139
215342746
229534191
572268219
488308514
294836621
301645309
671364607
668132078
725233124
429487757
807651542
901771160
783015958
116487194
236850713
396348775
394422973
980806332
743874789
46304174
314676731
435538520
875191981
801637517
554458220
928412798
582475821
478815347
461551709
830928029
692164721
169377791
63677888
168172236
142424285
252323850
299548491
808341672
771091695
198126659
194153214
229599251
977494952
333083128
721365162
63231421
448938162
584803071
17185435
191479766
361079704
22201082
809842443
86820402
309045818
889368193
890567510
139377977
723123282
685188530
814863003
188993188
810538550
357583696
315612203
934467284
10699962
754526589
709335671
73234758
204976814
559448429
662963829
666441737
10899059
72670015
448879082
467586043
975612272
701807444
445272428
233947781
59037835
993876237
107426017
299847522
199703564
432344971
692234975
367371601
834461028
827100600
941791175
341593800
978479351
797236232
379679546
783101865
91727678
407860097
587522681
439352099
423411288
830467031
673262394
301872722
8922808
638603276
91346120
164905140
614627633
810581621
470507930
320130585
353319792
574937041
250718640
283945856
727350772
993332490
755726076
465967077
872006569
126049425
526442215
389979423
772322813
908024824
630964025
582076905
499167478
181865363
457744454
741266303
759639904
324135810
884671414
644655228
355444076
494687956
294122337
521347668
618357948
970696232
331755975
689081118
578299094
911834880
838451706
934494669
465600955
128404525
22845374
30551987
28433673
519210635
619390212
103051454
435896695
464142045
438800545
799537483
825194040
976959189
669146061
696826611
579616953
78421765
817449186
645696728
729405354
974877067
995359216
437064225
101642789
262365213
187232466
16686188
111663694
771735865
524489497
661703165
436078339
781273224
24713
238300127
641714676
858832001
533561489
60484795
164574327
389575695
672336057
145784196
673062119
35076532
331447592
133509695
173434887
744309135
965799525
11273702
530232900
941566
346237604
777429047
107593985
5867919
337713231
673213759
681414002
717280673
161255456
747440466
278873111
96583656
69192057
990023146
145633897
155519643
547497814
569759573
83016813
348290973
824561636
971325519
700884623
644985544
209232089
730240664
582228473
61603483
412339370
431521419
167971291
717648169
59857676
472646405
45686215
520719680
235456922
148947190
597870444
85392605
238701010
752420108
531249878
669666666
269866238
931954045
846991253
699906943
2006816
230127871
375237234
764953324
88955453
975519735
764282525
945734586
383548253
582097927
557853205
427209485
545935024
206391552
195879382
559481492
34383366
394432516
306247626
641319651
314660900
170516722
47532495
326157670
160586793
372292282
282061940
481078416
718238599
241271371
909479497
86202476
490915642
348340482
245487486
334004796
594415667
831696024
150203143
578871450
322774458
584106705
929915534
326792116
940435236
97221660
248071638
33646109
187416311
584818168
923062635
499254085
937754976
112330793
665203293
723396777
657978454
680699657
781037107
337061126
469351264
721927980
862914398
831988579
73169925
102409810
102532618
306201169
264662007
349442407
83323371
668802266
944555587
112613190
375579852
146920429
169895283
811377554
97454951
640226885
151166556
194166878
854920756
181846909
354079447
453844772
762568575
63299693
671110008
988322857
180938634
106043588
922081016
673048929
534237701
7321066
647244049
341092972
177738512
445085497
24521338
285948683
988398350
288083718
372151348
115103715
121853134
566180564
324601024
355053082
715308285
743397237
261190948
259451215
560301731
407585827
907016958
971437592
526829554
199102827
302559585
634893058
959136733
67751203
751058784
842352070
571792228
665086138
895793246
26071136
190383557
14577590
697619518
676630104
133390207
65713722
710015790
542388827
249438276
365413688
231880640
376697678
466023469
503580961
208222618
690522898
511853257
601861140
789656526
504286122
601214041
437448511
672245514
203933471
741665520
725179059
719962557
495385975
543265185
807941010
458331194
447362137
884535712
709970122
60894940
976396130
676153694
259262039
696863336
970354760
708914672
26826016
661458553
410853735
736076816
245070491
523361810
404481293
885891475
791999624
709861450
222333877
966016695
746962230
201059799
665006688
104551762
712345803
937166403
351644239
60902887
639872372
445361315
448968504
343958983
322766532
25206139
165423131
853128938
113231895
881644770
804559526
625833460
976008464
110408914
391364533
278976813
161283368
236413109
110935292
160561269
492774012
936662066
412651575
545150004
722051709
682130046
700027572
558162269
363665728
214149637
948779535
300352631
670594410
203318924
530734317
386057996
725809059
869821677
833825862
126500784
462249534
163380014
97253347
494623302
926053505
76165711
163806653
465204408
782335873
395875328
597745385
333664128
461935279
98615424
878404327
961806899
354125859
145823135
201732026
394739456
976490442
220489871
839112654
873644871
41060202
395083912
807594313
389717740
453552907
556377547
509092637
91660600
604087040
516571614
555977836
157465946
394772429
117059280
855156746
588618816
489592563
158599455
964847663
938868280
110251317
541730585
266465906
292163266
840589033
243297620
939025435
479599354
939714895
580224115
582438909
47304066
723005293
626984440
11705452
286960798
794460591
27483952
276646168
363286254
151599765
960011348
318904738
221443308
880014375
580720182
17330755
686404653
87910895
100341681
482718215
328688869
76428364
819681499
247384168
641024539
662585765
241697398
165848178
381192346
785076120
435832361
663134717
171890567
373429746
912300340
836070065
262961156
775854880
585632377
354861543
803366675
743707406
68385432
493727359
984334565
928521465
390371870
439092218
123331230
870014513
336142850
312145719
252995203
716275062
728476810
949355462
856135833
267441401
815954248
659919429
500626086
390426067
46917827
345399115
700267745
881934799
333996939
475179250
871509217
96209205
806197720
666533868
61244928
64792670
721157243
78580818
42331161
107803559
598661153
482693930
349908582
214975098
941986001
41715779
995470707
333518715
94145612
535810705
33237541
340371987
53236826
807847636
322552045
5408195
65984884
896731261
830379480
121647296
714176531
139364770
408387143
519124002
472271795
315589160
85439625
307017799
338261600
469783561
492992980
115083336
252678029
165276447
33936014
795160819
458407772
730502241
120897906
588785009
7766352
78208622
202781717
506902336
702779380
432610318
926404084
612602579
733664964
510889858
856609343
599161193
767068426
388178941
530290440
144839285
256231546
143830641
219279262
490280171
245578566
53106848
727905807
266480473
944097805
377685597
364293758
411340364
161158010
74371859
184690871
324870460
661078246
804475188
440009995
145915802
682977914
121257034
331178039
263294357
771349260
46453911
877361690
677114222
704395078
10250025
110494359
883300940
386718621
717355026
153945835
890198743
162851474
199451062
465501989
157047742
754273136
157939102
380740011
928221916
671221258
205706122
635080485
631038823
154136572
236250433
141878712
579490980
47750707
445932500
505502990
803773833
891260222
792347220
346282636
671887895
793918973
790572724
747766925
478805449
47406354
616508182
20743279
307890015
324567718
143633537
769175306
374216556
256201374
353496772
122138900
694117962
758294694
523201647
656313606
475912475
341032179
845396186
731402237
563665349
546448581
671528124
55742544
611108603
423178296
503158592
338645362
198472514
675844829
303917240
674743225
179090086
495114288
132135280
554018375
596750067
613259609
698266419
732941685
180853334
678465886
828693938
936537278
333570011
178240096
927635541
732514191
390819104
843955520
192260828
950101014
66542188
824347400
101050923
760874090
245807205
500966965
979655292
384391761
499635492
650418653
755892940
172668596
93404357
205085944
849354637
834057198
994629018
684049944
663445993
302590237
250253132
735023240
717093398
511981089
585323249
809123623
848367797
405895793
488543091
553422724
37464025
817030920
781722038
886376748
965757386
59454659
120544248
209287768
931284466
728459323
542028051
41044009
787577923
780102563
311982929
908978513
498252891
576221940
503062241
589155303
181783209
750964282
448949528
243505702
403535593
633668431
599891465
448617721
274898437
505243637
11920529
41005386
532294907
590702342
384967654
294451117
206644198
924024201
710509439
136081654
535765286
621283307
840253896
682147777
354087578
734495752
75408420
293253445
129057468
623287073
886709000
65722744
109958760
833273777
939906857
172458154
702173232
918581651
511998440
37919599
19666415
855676076
956938831
316198010
529312679
287834554
445826143
920069330
208449805
912208359
952725453
143587906
850158384
375861574
460837149
266365255
241505131
594055217
270882085
10677941
74010452
129136479
738833155
396639016
603249165
949110285
887682613
324792126
783489349
97517764
918755505
439254185
637719175
812293817
344121156
268466522
705768656
255024111
215256692
730251001
123400059
66569520
818724908
485917828
964240468
591485577
575869388
745038121
408072337
314545917
806457600
940710621
723646234
13716692
95784134
88241362
320764146
800917189
120111045
73127378
878054465
464717502
516785825
996722111
269652667
70481991
563566391
496640050
617240482
877063983
573321332
767847592
907545376
193457374
101612920
432440885
859063311
311887966
976357903
490782717
37342930
733521045
484696212
441647405
931169621
120329877
957593795
884549600
73557927
724079564
697367453
799349656
237608639
891879391
776615876
670719965
933417870
510599907
369972476
77721085
493880126
193456719
140427719
656857084
572630612
4166628
450011504
463349529
65294949
926079614
376571837
232464209
442604396
926200645
528059115
939596457
861574396
258219236
126011301
955926840
286012676
215247641
573931013
249778957
263739628
166618616
505151230
185703273
489580902
658504028
307360616
482565694
890580001
222109547
493453549
632838010
476365794
130170208
439718127
399317200
333358814
525545726
164558966
38244046
115708743
555002413
133424440
935441326
861673685
973887249
918552944
839848693
79371498
359099622
831304000
305142581
25557058
496463987
864104618
392618056
959929778
873509147
184659570
853713215
374050510
147847040
874374184
856118164
851145482
831075094
117930735
621736260
589036631
449382038
752978077
478616311
60231922
693863768
300763401
788867786
14319750
302524735
902766891
825375678
283532558
869440904
836488854
772818419
454858278
736217637
1190508
93859285
349416046
13660058
332663500
631163153
832213537
583703517
938855630
170143923
950543053
853529906
130841487
547780059
981199378
604214726
342951581
929037329
589491565
855808906
902036858
210193197
289806622
493162821
359237480
519926983
182534659
711244172
672273224
559371598
253851432
213866697
617759204
21268254
884355913
699488392
3037829
611058086
959649660
864469765
92764408
605111798
25871229
250020696
648739346
128819411
82703773
967849094
765741017
605584957
439217078
703224248
827605857
819154549
446533611
229928751
21885393
270666540
62729074
540411093
302410409
144514168
345237240
375348910
231576675
791417743
701016584
752701287
600393128
962465254
959961775
747092980
571257851
503313196
271112255
726565474
374118386
443162030
249108930
641519339
827101726
308900928
543041782
473756827
159094424
140294396
164506596
774489106
321054210
827847157
63102204
296505989
11204751
722297930
29245989
71741881
429500095
738311553
697723635
462307701
377375521
17700787
695382130
57200677
159719309
460349909
812866647
632038399
859553694
701494674
506473582
893371798
647152741
499090038
402354528
12271929
902776822
967755147
893616191
270025036
780308426
304562375
421829139
351231308
788883279
392624140
580816969
902260963
475180251
256423621
935771814
698318790
46646665
214156576
621510976
231071960
888022930
628153914
47471994
229324275
1882359
449404382
742743610
87025383
192048771
112407005
768770916
416511859
344262599
642744386
446545170
127032606
837456290
947254379
590109099
148574814
759393814
393215394
169024078
738334434
260449305
143466946
467454282
54983208
172253093
339544798
349362537
737653991
174173360
170942889
900453887
997832175
584632507
14958352
754054449
12128424
734698880
658239614
384175958
908371764
702648436
707033778
454741788
355932087
65097271
124845758
898191832
30616283
122821146
303218613
914240149
550720342
445346759
352403723
294829720
623627439
575301229
144797395
828896762
399112511
339174562
944667936
276376099
972065026
834520004
730420931
606120875
950372125
102899285
355249722
695849319
277817582
268668221
85829142
623825652
385971495
458628884
443315278
239056442
406228755
500332937
910800710
384628106
4589274
72691178
720164517
345125318
468240390
881581306
726761961
214654750
196111951
400884091
435940312
831470861
474978579
27814599
600371690
471379362
917765587
879563193
273145951
848194300
604844531
409428381
943954287
163374759
292582540
367099137
539700688
917523195
537953646
302393402
484903567
28737526
882053931
651227610
625352405
862164615
938286053
61614316
598683048
299869659
859679046
97171451
586395976
280201982
932439717
739422273
226313172
531226681
320037780
991263247
421964524
506487904
575771711
278065094
934468722
381989750
96938319
711753084
465010312
982315246
318700408
134460464
813868547
261105393
867617298
569545860
477766514
583236048
419375556
844833182
619105548
42123328
111402530
353796876
162601273
330611997
335471253
197698845
532575247
992302
878175815
582178831
707593473
564191900
458461220
599792470
589258249
684377240
244936154
748369263
461580394
466205867
6738473
990387274
809626156
362794635
841515974
574814146
89405874
96547664
796305857
724776561
482568426
356687360
290198876
450458797
178783972
920109784
132163213
644169191
282389597
588049370
975581888
702589578
751886378
604689465
78627398
872033030
137470597
183870510
52186524
275522538
980575232
864141423
195933561
327902160
571830255
238245002
838566711
852406391
645194034
928931640
688174040
866061241
185096246
774208726
357225018
516494656
470999687
607044276
907979330
14931078
104763234
418951597
784237425
950302373
125643971
630274627
127062575
407384870
67045577
42485270
871978887
797741099
857897077
630934045
501220614
729419829
298980137
906859091
611569780
170993517
968451498
139071949
663693563
719613110
675510416
689283550
393300212
311893008
143035175
664931348
1824635
63172169
446653094
970363449
367930056
582742300
518525381
554320104
952585374
571245238
87278723
289346227
185319708
821946339
770996529
566693174
129127708
596135481
249875088
524943688
818747546
768722264
414954486
568058892
944683787
436180345
740325049
780137044
826090309
860494276
122188393
506798330
71256290
67102467
293988428
740136825
746329172
757274102
555585980
765154772
545536647
49684341
755976501
391252908
554942268
402816460
136848998
253901110
658346970
761835574
789284483
137101550
291675035
168457292
7255741
336637167
339521374
460442457
355503172
214141091
687393258
24300569
858278401
535995822
193775950
335955150
543221430
440626517
666041839
975035734
998537427
651071315
113648961
97182996
122277990
350362675
434290403
366494756
693611589
312996152
616018588
725370727
259535511
678806471
360311790
171905213
155167750
278675064
385215416
979048256
794289763
739935501
241808508
165473481
281753530
535511956
742441080
245922241
201435712
611440733
743298915
806001188
405733765
400403927
289893680
671795707
170960386
952695589
978626948
796861168
199269070
667754025
967841036
421080343
900953464
285171168
312862911
695559764
469213396
719888878
574914954
115443048
327402980
989944244
364120935
907823634
977994773
749927910
433330613
678666050
955420020
808326275
555152448
900511663
800431219
377551111
244710365
815133735
336819885
262805186
850114
326752521
767000563
292056996
72131509
738363771
764396634
931628437
149575742
626865573
198047991
235177537
164149244
771612342
522685697
273958468
117912862
203614068
503644912
157508531
500729085
119460543
855489380
85171187
138542361
171591771
908432162
959819488
327798335
198667520
822501698
982924773
632392077
401497065
949093329
121105458
703995142
650026071
901341026
652408894
821557578
438219428
191002594
683801834
490203431
523821143
564837662
551865864
715609854
581337253
295238575
293004490
795874606
598632142
169115822
194324832
146162857
386924526
87774466
547370271
793011097
181248043
198341594
972927585
268263123
359304885
131375015
422274278
775665277
817362309
829174705
67618121
713569906
424399321
390944867
980887476
403483111
533857991
166247987
354725828
668660277
867926258
375153400
887173992
842017911
538992948
401231269
714494857
930851515
773691610
365739093
94083598
535288124
16297550
914241789
857291447
214773136
766671369
681901765
686039710
966479305
995323480
928726001
847610938
980769854
798900694
804777556
269496658
858696359
538738350
900549863
519635289
349560756
238770669
63683282
826500376
125443935
622915606
301639866
274769695
395678407
451633284
921200046
816917029
792686217
806258225
428812738
376011017
193869619
457254590
454493186
531713966
977235824
447129685
256067205
335671622
750770543
749869197
42074262
883564477
373483589
376255611
213185749
178662477
893849095
525004051
846393277
23485032
862917602
513317816
649373220
166491687
438423675
811167628
269251934
256590091
291551173
846981656
996992213
874277339
558525204
133473491
875557181
167990440
15478321
512944724
907245361
563842841
580829513
205605923
141329022
354732868
914652575
636591006
487157894
548358224
245496292
12924195
999251281
207509747
622937011
151139038
489931822
208876268
261024721
642643765
974711578
762952892
465910786
963493166
603171419
976301922
853263607
7431769
26450145
690095711
121080807
523544671
837834277
833314193
880673927
185251881
948841231
294683526
73176824
739679305
8960925
487354482
507616007
360869741
768199562
572644864
167495281
820830245
844085277
693969601
606492455
75963387
672114199
111030017
685335775
637177228
369997090
713013351
786215847
98981100
391245013
946883877
901761050
934221022
986304561
512521977
520399803
103479917
971886823
461961287
595763074
474155466
674288896
292336227
289187981
613753530
455534458
376521988
992047073
466705313
657236714
683429832
175626120
356907706
135509832
753940220
862386093
870902817
637339830
284169674
880418707
648914316
389294858
858156175
502082466
963137442
719440197
579922748
112918418
814592443
492646701
292734602
274504756
636726548
221918822
111266769
807465413
435634933
966007851
167333771
243469585
596829996
497300540
739995263
195991135
476114908
499937930
530234551
408879499
460132125
181338780
989783928
123986455
8314558
611857797
134061759
452282701
70469086
891690585
91525414
128682682
479696389
30652897
607117209
240299014
633068434
932813566
298545204
497471526
954125102
325871621
105214649
254340519
61047038
757665963
559350096
793423054
621710364
954058605
180968992
371424862
171202616
781124848
718563747
284992302
884983919
943895466
339278445
139139918
944285693
231150368
73576302
723494582
332173343
27016514
586618656
459048873
802360367
546572773
898877718
548729196
535077761
371491920
355490363
662358018
360595764
140047023
95162922
522253796
131193350
398860339
220748065
336021759
806763663
123243522
920010871
787847589
690259703
219728510
857905955
37122351
304404720
398873753
675491497
481166988
226218275
435190130
286305908
404865175
942910863
199259156
704912918
561807210
884964406
171073374
665801709
967065901
160586416
123155625
960796390
439011708
990088893
130031303
65100038
591390593
154402373
27289741
844975134
673808501
55082044
698282591
188903045
583991737
370966265
531667470
611104492
680914878
538733804
74153481
626507258
256696614
623802590
67887497
36784525
538723136
356331909
123501030
809754487
209511877
309748587
302434980
752480072
812000589
46734090
583716198
948758885
487216119
15233910
248433478
817916665
147112461
142141943
721671143
757864671
644579080
248167389
708248758
748170860
545438945
142906677
736741046
656919889
56352938
664442647
27972744
708410461
749490321
215803408
908798405
103433177
797105261
681195382
843697035
225544725
551184608
512776568
780594132
376661319
510408263
371593597
429322963
110835194
179353203
408693262
701608971
988507137
728953554
932168234
703461330
180591038
585953557
214213788
839669015
655383816
577318290
932156993
866133536
370616796
274225223
98109541
908932908
635357650
861528966
469764566
839321986
414228284
467550737
655949727
512471177
14449524
142063916
902969916
19544248
563949884
522794887
710610440
251826018
382775195
499047376
416982595
874866879
7593741
418287389
911772606
709566079
888795347
926867475
994229326
118955970
85163591
863784831
871536995
863166556
510735445
925862588
514430026
201864964
518262140
315100199
152701139
483816784
531483265
850425390
79656281
669157630
466194244
530856978
784866993
17659371
78130247
786944669
863546286
886223082
397746913
849265922
481450225
899758054
759643777
488515374
406764660
839132078
428723629
645596493
467018787
752016170
532601313
772967792
907033845
375563176
831020724
419921910
925842043
689575822
27197118
98859125
711543722
646293446
807968699
608056247
371974920
790381365
447685681
204928771
885090705
277996188
343902042
208852105
726407932
866105592
616058915
384067653
815261433
223264030
205149453
208631180
33096776
37724545
61762998
329050059
174211645
647958690
473964661
773018911
739955920
259713920
660002117
945186990
93892355
415370150
136479553
796025991
137994543
887222416
216351375
976153531
350087540
568579371
635412584
930244144
369522168
151911863
511476085
216571012
270667813
331634907
156845146
677462529
156455446
236970901
4549639
538632351
279190508
557957732
205802232
94810973
75887839
651879297
643752093
296159786
100913610
289515941
367338492
130270776
60820758
111566776
667718794
157788557
865775337
227351497
890911735
320823713
959083941
84639408
700299729
710500641
317328463
405321128
354608420
96609482
629867894
926315157
515045867
978100813
447411182
128895237
542145399
732467430
919670150
993620068
591495462
261988383
232668940
686365130
498967348
913068008
572813849
568483143
840727153
675902136
32183770
942127164
507173961
224607526
651582501
753481554
447685567
407832571
392360691
147689839
518759917
309838286
953094249
585109997
641023685
122572414
608101334
548559204
656768743
678168610
744331131
725704982
194607818
327205999
54346358
505750320
866057649
317701274
743971122
691460069
266593396
80460295
525444562
898443927
517843369
493000577
370947802
178977090
3109582
173140973
614571182
590319009
557270421
779337151
612388765
648907462
822452291
115238739
866157882
343171953
131479355
818724870
341419626
956679317
580120581
420507952
110466566
554771419
448935057
373858409
39508389
899465906
575812318
198741271
539271792
385980483
287046822
841273795
683841756
302102591
259244776
688992213
202218307
907699536
812129140
236033209
287691292
391696569
315564500
383124644
279920816
261476246
852812783
768827823
632497054
880692057
309287258
860254598
752368507
691640682
297718722
971700793
195226153
259799052
112018138
262712806
97783038
101677786
265288012
594407488
221134944
465979776
187547512
416494147
913874581
651719191
522747015
874279414
987851611
948122084
89293333
67190113
221374113
364623454
829455603
261812934
990000349
136092332
406864589
3230567
985137455
167976801
78812240
383897082
255141123
280525297
926327531
637492322
316935169
448359683
950424672
464068602
363620818
136094060
905816029
109223946
859969414
198653476
439392797
856467074
619278235
975107030
982714787
632886782
163441293
70654655
127034467
506891424
834310847
420508874
694968633
469846371
182301915
583702505
133109992
634345240
899900629
328236267
693014988
262776750
644731362
191493885
360715333
409205122
954316088
167913887
270073581
393680057
148782370
316513461
900010284
87455781
439193344
296243933
265615299
662488910
537490627
353182147
160857937
177067793
887127790
688170205
138798573
895793055
621854432
499329120
965920540
943548651
146857935
419411963
777330800
437364707
797376318
795369783
414385982
212412507
187037050
625597178
929220745
76590045
525853317
157433606
802736338
320564237
938429295
75807662
89115775
976454172
93350559
977724028
860006417
782900998
459261271
219356842
690295841
972023686
95109100
335674382
832554399
485622424
111068991
765918463
703337429
100079153
619976212
598094021
592497802
725149164
367450057
877132166
726620511
389056757
158141207
40757599
767988156
399835903
21302799
214749563
903728774
519679831
441367435
546897300
847347855
356874301
855130994
918666330
957985865
639672807
911688598
716061363
333790274
310214724
596867078
137855770
387497282
491162863
503847938
829068187
895511287
787317585
882095708
786977283
321704758
289714175
648893834
681843518
985012053
783693954
589107618
723459062
908247665
837297727
424704709
433179418
675523011
117784486
899848802
904015893
834232748
735637693
141069256
998031577
605404405
743204013
221872198
152512506
336684693
844762650
455405725
763162698
119984595
656173179
928461959
481396387
449670693
412224300
151511796
197642895
523855193
675037023
794930575
872062933
216030794
191386521
15886395
942398942
563313529
469445850
598692526
420398123
221229102
795705445
975924917
307944103
117679841
181699927
336077135
627845560
624073510
81727635
637325123
670878296
724560207
754596907
228062857
383669283
474939593
6145024
84087917
134530378
720359029
687948701
596447598
939763366
565626337
541946087
929353757
89101277
350154270
738903705
35648261
479441365
813767162
837765079
629258467
328892379
26205605
32572278
14933211
12557452
498551003
53400315
288475903
649246280
245039071
408815558
263864150
618820773
641982159
376252447
655017598
356548631
739391273
866125587
609361147
328034951
613088332
722363572
883213355
989140559
717914979
421542730
900907246
679856986
424050646
827498641
710917654
178542470
8962404
126111729
532978929
562801252
790875117
590958858
844226314
834406658
555035787
774530878
780766952
36368487
503915633
4099576
419010030
815569166
445633668
103891916
920227239
414443707
994918489
500558071
667402558
774084108
656057069
198480928
705373835
839604390
139794193
310454306
218495366
423834659
443136607
851478755
97063584
942752059
137922271
586102591
401334762
896900778
975934253
731592665
266218092
404906963
924294823
859700731
256228627
592018390
371959361
256887409
254617615
546665394
187403405
149962802
486855673
973012418
432785291
929371042
728799545
546186153
420375250
932224166
879369222
522500675
407400784
103636176
668275921
593436925
388150788
56944246
77313937
486452842
875640900
107747768
189290350
467292684
288763811
68964099
224930479
48830371
551769427
914973855
697074415
897577838
437624403
167659168
411016730
879363086
310253794
975065873
383184796
666506776
339075551
434023366
750919554
686372687
399233454
309122265
456188770
698050295
988199868
502628578
54728388
275430636
879505975
766632231
563204742
490458481
616568549
169441374
631918933
164034227
909441268
448429910
308111239
751097801
77746492
589239388
278561762
775764858
62957803
140194704
457083372
197530808
734213628
693941815
81777643
54047140
473974759
474863481
71860035
127588821
828944143
718768177
433880146
18524961
808377477
16883419
857664310
512997397
361689609
716465343
870033901
62971432
54280211
565102127
957504742
329405120
492638135
365375358
694425203
779677692
241540713
937855196
241069212
209384845
821085197
343957384
389980340
645147902
141535189
697208107
877752726
341976198
822517529
958696245
289750797
100400053
17361885
872966966
513290845
353400938
352818607
274876393
856310822
439856391
131178445
261136942
279665580
199824246
875065738
615122595
519571929
228999642
146266104
532517331
764672697
106490480
356001100
971605593
629736780
940498380
916228657
113960792
216371104
912232062
690056136
892611597
570289018
108537545
709095501
991822779
677032092
518904034
1697551
136124379
655120502
552860104
691129147
339266557
430410915
456852358
523798181
78391842
805720344
574978430
538093002
6453703
680487552
766833892
835333370
186646270
882003253
216086433
456883990
27328801
759892256
358825882
138280263
622909085
977609390
73081799
685700160
738854437
389657214
903601002
249310920
308791144
568535231
824471258
756334453
25434951
558932752
94483204
18240400
233901049
657801434
470884983
302373702
418266060
553403288
71644378
5907001
41091356
784068326
771958128
604083434
840159638
933626383
723947832
635715651
941166724
848636657
175713995
680042450
159278556
477163245
267146098
960887002
260405484
605713473
426502590
537721615
979023017
392104128
77889310
915263672
146113320
285427253
941021592
346784187
832055959
209008101
733442149
810392241
888073419
771147533
292097179
650928684
621715019
97419109
740236545
864842262
970411711
382603094
59615540
203397841
653960439
524451238
721057427
236335110
13288808
698517860
346912572
394389833
239968080
104785755
161396384
644563813
193309819
297083011
346265081
218985883
642793826
855924252
865263039
760829817
974850683
913499265
699989172
351948184
551322449
289784647
540444932
846996236
69025247
128256890
605313173
529647123
145300097
622908119
749328342
968965544
196446833
211337268
302867451
954029842
830247242
161519741
413698962
70619981
260562444
578792635
709182870
263099604
116287295
599316998
585471919
114274602
721652176
590474550
474456170
181152932
847654343
213382198
661724583
458830153
709637452
702983217
672456469
512733212
762206405
190303426
808608060
234329495
567323483
781306159
321420179
750268133
804233898
568387287
557432027
817383378
550637233
970554709
215650208
995200609
118370356
153521171
893190836
8749473
49085315
39444120
99725782
358520198
612295945
441528087
319030
410284292
211743203
250052304
963623908
467322643
147376580
992303195
997426449
479734840
658934297
422143806
897534405
762659275
799946810
685906814
117040319
677545540
629115885
635908761
439986532
415655265
674836261
764003445
903743980
381842374
405112277
62240548
710230664
842335490
183650509
774716814
189960897
436646373
583357848
271819904
163855909
142185945
214214231
260932232
976046360
312348171
337251044
40010460
902963711
541387764
585550911
322857634
683646437
936875707
704738095
732294502
102706212
766738019
437729725
306393870
971852091
419246738
738643917
885023163
287378647
165393503
159508178
851923409
617994351
245904681
724836518
406128216
958057835
569613489
295753518
976873559
846536571
669179633
781696803
196854327
68511448
489149494
444486086
645698616
861537582
275434031
191296681
519425637
755319698
538718515
303082605
847400194
831944292
392002164
107908138
179645186
550170515
915885644
216554796
519826858
109300007
865412929
489809129
136612353
984503637
632331417
172131396
776034856
60549023
996955288
984397073
126829372
156104039
723466043
170869268
739882334
628668806
315406241
726970091
212959215
605289394
227474547
247800283
792307416
157573371
680104835
420589329
239143021
474266275
718813250
683765375
973036279
723687034
865490289
390475473
796533929
411179697
359468355
144447416
481995001
502495772
153641033
828739996
836341193
897981627
160973359
847913380
757539764
697492466
851493892
599285137
417088513
774424133
449882899
580596673
488539331
559679626
523699427
123702864
765985611
384918161
305548189
419553653
599376916
417685938
438955200
857052547
280080391
768654612
423040769
354019558
555701460
520934028
764143296
67178133
308780732
202658317
206522620
553246158
656561432
837737537
507397872
621124301
130137349
878537463
804436315
605843495
942910320
978100734
169638751
888681977
925998878
657846633
464774021
723879292
326666160
139145716
962169730
826407341
789106502
473559437
718033738
777698623
219647128
868772684
38284553
154692163
260489096
599077279
46317407
751682672
639105263
235402821
884150506
666211248
173366885
309304153
18440590
235897492
566236157
210451036
668310007
628693871
386531291
151089196
372481483
558879587
178141363
435728754
996141177
17503245
196759723
621576776
458788762
337109638
606402835
451136418
111671755
187720564
4206413
604336730
651362557
532379615
528691468
514334004
753236427
354696815
459591334
366821592
832260204
6667539
46198127
924559779
990650563
710830783
471599390
887603133
200671937
741605143
441266841
847895798
674092575
314104481
482980227
564791298
784806262
553966555
611027871
945465407
677224809
369502266
341225092
996779749
642703775
539244205
433193834
488159020
72105659
389773851
80909663
301609183
443048345
314775967
86955402
530128195
902324861
740351121
773090036
692247068
115475693
440104594
751421992
612180609
912396662
751640475
832575226
232427550
640548110
507279062
158756626
531138445
307552280
40520123
424265238
395404945
696839619
379586831
661324065
936184376
149272732
390204
567441256
944378196
764378161
684853239
468229985
761022882
693038126
339591566
360563673
80909607
323217082
219250266
330715726
976535066
145017071
372675871
521290500
890588169
392157492
368231108
504022034
809912632
422420514
514922410
886154305
56338979
86841725
731041671
708837296
772557811
561179956
202691657
693470533
73938561
406145004
959572152
644740484
988484630
311199508
377318130
644933523
46317542
535684734
531620254
934284067
688409473
266981632
753753190
171484023
719650164
524880747
131727181
249333383
887888213
434676031
488236975
646380635
623514944
272451810
979356601
347433787
740851554
624767700
782830203
285666836
701881443
743177283
164524792
708435760
862843198
745578281
895912846
11309978
246227238
118163860
949405933
28751346
526149912
967039781
578840605
294942325
750707445
401170905
454157797
538211958
21517978
745545395
921225388
898228307
562416900
54758146
241724863
767987359
224134355
138902729
337429860
657270959
296708693
524768831
769516653
874238088
580659120
415357002
61771413
394998687
278466792
274721289
88870823
380714957
142932902
221831220
111228109
80819673
533780957
860918018
989136837
830965272
231131843
496005003
874219053
685629727
154894316
183678121
818209603
374914096
136075832
960466765
372387914
392112295
485038615
765032973
701767413
275793279
864937289
446729970
416081415
236943953
251922070
789269554
471075249
608238368
179608300
616668751
907046716
343784905
181276130
912005287
928951290
374899024
99881592
925926348
688619783
531824626
652676994
532761862
164380701
727839688
961269829
251731089
656855045
22069400
366120307
78546429
613495267
732780366
1830677
368512131
422195997
186025276
273691207
647971657
546331727
829115793
626216124
708360737
949088118
611003774
643814751
322342156
179755798
765377182
900556103
803428984
135574996
10272359
344316623
79545267
627538738
777766335
915672532
613585906
94679084
117017504
405585907
683688133
625275501
751983271
240602216
208857178
930985152
967629306
62470498
867521470
69785683
332959280
174450664
72759064
461202713
435544058
64703555
256654580
187706903
249778761
390769365
599724700
280388757
895598986
384561489
122221837
31760939
583273011
442667291
42164089
621871100
415837843
160857822
35724116
571214698
670495420
913594526
834121794
865244791
599800529
503560779
266106042
935178231
310525624
130450753
778752107
664790494
481843613
65718210
507247301
837845926
428525508
299643819
332915844
147505468
712104410
759575427
138061497
634773956
413736019
252251075
231974128
613202998
2142892
516829640
156688716
409681199
208470303
440130178
200473475
915221523
945248579
142163939
125455400
975382542
596054041
802754165
52479817
188304596
499779326
721590267
179232082
329126762
670237664
622189792
562837444
666242448
483687964
157646540
832938796
664671424
460335201
542596680
245995480
133630796
333449642
784803862
776279035
124883053
788156088
1468827
771557568
352755925
470198833
129050616
147927186
897773097
600492485
262502827
126651173
20195707
164216509
853516606
609617143
653985853
622894536
124384078
226454498
498184038
130180448
991881408
699095313
660397234
136544524
836040860
237786179
275866756
840282600
157878769
827390591
899832010
986927439
687249775
71570431
759323757
887890875
61036328
493820803
76991445
556250389
528163302
296182689
288545264
799122993
686981083
103161396
40364592
468490764
676743349
540475175
290565511
900134580
551713157
399661882
59759918
190591898
200742338
499341356
317645550
885068340
232982279
693340195
861374994
603651792
858264172
953506299
46956280
316872346
492985124
648806479
20471369
45593168
952958731
682293085
899014891
796660267
405466602
589907060
790855766
531307102
562546365
831208990
396918938
442436280
190232600
988997733
956736630
222721588
834208945
164547565
180433881
49044258
667421256
712452988
540079528
34208165
427785794
898875700
959955860
827158270
333538908
132961039
106651018
135985826
352382866
571617097
64889877
767141655
761143361
325430457
276381897
332531159
478078779
865338625
981864034
364005455
666807420
695208904
431227919
773660349
655069210
489611334
206697420
670607211
250747264
889839475
798593252
392483859
725773297
940146757
255501310
260368526
816525520
480189490
143193425
981880686
658561353
529898487
982544302
367660827
90633503
107607943
283431024
645191225
373017742
837031070
769482126
456549879
837778778
261704115
943037279
979930245
113071297
133046948
539889032
855667190
962872634
744528789
73300688
321664021
652270174
904501432
477159826
66971550
175415725
355903879
288385598
705580090
599716401
724616712
64337397
902133269
571488115
950975882
615805096
33928668
43063806
740633879
549644200
440092895
369631931
712170850
658938199
125698190
102134329
724744007
486490904
979914906
217665543
755601248
70765965
387389545
630840102
178765039
260925238
665122294
188553771
308817038
725959864
836872249
242851505
289958500
664121507
966390296
803413043
140851177
479124359
566796397
1685916
755458474
23852238
785216417
16916170
840426043
68319069
920832874
165304066
117656952
569674088
102992717
645263165
649162751
746902030
941999376
761325957
742448041
397267737
578952436
696942838
302001567
61972076
115690395
455602417
430895067
268191927
384097694
166400544
980536086
790324216
886432063
297889725
927892274
329478593
682100993
200727985
501560598
686227758
29624862
910665793
987957147
210858498
110566881
271392797
389964432
654063618
485475305
171136881
16586636
842933909
391322007
322950758
670733514
596150296
638292255
941895183
718356793
665086512
883804255
808422847
355892839
54034060
147852641
828528525
483858334
595150405
101398449
991183565
797176366
166451169
371393273
71418598
382657767
140638328
505477311
542557810
560244262
160485464
8307980
85213584
83531791
473399662
367660784
350935456
607672295
703990979
61691347
425499333
941493628
787734028
897418538
719553049
408419497
164691741
42944027
951284819
769072770
202578852
424086451
752730196
985670966
238222210
327552795
983598727
108569678
265075736
105439700
424995276
917212954
449577267
569060596
84046238
741471781
218064060
931958538
179155382
683284132
511396422
314327440
201617940
267504841
971866706
236113744
645450501
1976079
210575694
307303855
743198691
615774517
454488444
705509572
518303954
708577511
498972569
374901924
130284701
537974236
296909661
225996805
436864586
105602989
619348687
295695336
511705154
769346073
752700681
381789712
548079558
28117848
510865202
101974853
375125638
705002542
998668968
230549556
525195114
256746594
570308502
701389511
583568136
649059504
301590794
63231447
358403601
576231271
281884564
55280813
72440451
236721764
359832094
394443935
129256686
205233360
540188148
544528364
37839146
427489834
904443898
162222003
521437723
376350719
325252047
581827146
248375328
581906869
139893204
884409944
552426242
910698829
7932236
677219045
38056832
215218261
781585786
335555668
266109263
428596882
62099471
342444369
744912948
974879503
685124030
861060267
684382188
198847806
756245413
913559611
216866810
769369351
755669773
711345665
395096311
998238023
40249268
164660326
467086070
238054722
77220959
413827299
502582872
936651724
653647682
216177131
536685217
364334080
847872297
715562007
497059621
531908186
498757614
927354645
770674966
250663926
872339722
781990307
944921437
607321529
28263367
731978937
987364495
97242174
237708566
697522023
220139859
909788244
953976670
196797969
808408137
246485852
90588540
427958234
720365982
865829376
714471387
592080841
353280291
61365292
133340344
538112845
996860173
258373116
672353740
289849450
304507417
649016836
697917197
937466621
327229392
300416806
306291524
485711947
142267770
756613860
521747528
445571847
257570615
859279286
773765948
429579752
204433252
291515836
640019502
123919106
848273738
804294954
221973580
560306648
373148068
244732554
94359516
706597632
477094196
233284811
150921329
689952300
469442597
739665313
123806448
463454618
131093437
72320023
601902348
936349419
568923642
999906228
453524806
301496867
585754936
987652458
630550203
770383025
457947160
991633690
7462290
826631578
635610720
926957120
985106930
405911316
781469483
983559977
989645886
842635759
553112588
753679022
928787997
632936567
947441970
691466179
534441849
134723648
905798187
225856839
861092279
729870127
910246489
699415957
957909692
527155869
517807647
274464471
701445704
985436182
3157601
272873565
802082219
503180699
825419218
577770136
130941282
250482230
338482417
387766358
265051425
275203873
278998188
747781971
150896493
664137198
228961970
833383022
414447664
994173340
615669467
684672538
650989621
826274795
301797481
216972252
184798334
827796030
673633792
556148259
652399452
420140464
202774872
254282275
130784280
941676303
663555200
946141343
136120503
53626415
814230924
229402087
120335191
225284527
368952943
208757292
791166796
348815411
592912591
482567205
416331488
925650977
660687130
543569123
604527842
215965778
952360441
449809715
683804618
338256383
299276964
753044786
749537289
297451086
186105655
496693768
365411341
64918474
407912716
552800363
155123272
224013636
819913722
215216176
263632224
340818943
592934259
607878663
535400193
836719209
766875511
684966061
965614831
548301848
701015672
363808789
958137953
761036180
265562815
776301969
274064146
404209157
588250461
282752691
133105563
972112232
583993438
391713581
955761191
874472858
89978061
522431507
603722691
983362963
193482771
556102882
287703816
778069103
163781515
211251707
715658532
206215933
391805454
308181822
593220293
959754316
740062934
342346466
210792477
84745765
789534400
674419460
533274558
241451889
536262901
107844615
373053902
289172428
98803543
259326029
75470298
210560635
362901281
9951541
804643525
975403444
510304155
915356912
88945497
842019813
549381953
167963630
971345350
161365007
877812472
219122062
709255173
351523570
99199486
186383454
156597430
624273967
60735811
564737615
197460608
585332304
22061961
101006666
50094140
173170623
2133001
152187535
845001748
434751740
167455146
372092828
398032347
236962447
999952748
660822672
455473191
135554101
388744777
330196722
228609632
979786202
457701054
188554990
625291505
612055999
177023492
660532565
519026881
609488165
375959959
966100589
371291953
740054377
896605162
129202003
844062355
302613491
486204304
374128763
907556176
109896468
998211881
339267740
586320339
509699487
70912096
400196434
735870330
637167652
264281234
638735644
596456428
732641650
781742309
844100363
521839388
92359843
826882886
494574730
700956122
265959705
712573150
895012543
646650108
683737887
803293198
227184319
197629494
163298420
575866918
591528614
731791031
702245939
910280206
432159801
665102669
162594841
780559492
145693273
568860445
728955947
260756026
665701764
609370935
962839945
907587294
131610142
925546281
416912306
614391897
803635241
699757627
790614877
777196131
231123570
218906393
142838245
486819458
523218382
203171301
558507957
220954434
658500653
472692764
325949456
482766055
638969857
592692618
259833280
100828314
255228873
692139110
618395766
173820646
718107760
892912495
491965268
238612671
514461652
298274734
108954954
372643056
28627385
236912851
330593241
784121419
587107828
403731605
798665683
48320982
47021676
553643436
262304543
240216239
953524395
236446858
653435366
925914006
231576059
793050578
367815689
803900843
870777705
676696860
380357708
179564586
219308579
419385387
642567998
416932048
670881646
773617001
212780843
222154150
210960436
883913201
232618678
311707103
422564652
435185296
863172474
842801061
572916984
587132037
678506266
219134539
688172031
299887142
249522879
402338023
814448285
919807691
594243020
838404438
13501404
950020003
308585122
312273041
923393291
584622433
983653082
75658567
91557397
69410396
887493399
144232651
218386577
531152645
583533965
143389619
497238495
318569136
632965564
221865251
273716308
660149292
624226167
214191742
213194931
674283632
711197766
18195286
8699854
976650654
890103955
142021208
810869283
476675670
957356897
328284193
425975418
496311861
524631360
413289656
709523974
121100163
486390182
840306687
945665809
77333150
971940637
944095339
434696780
807119710
808790442
271777268
135458775
218296266
633112035
2933132
395401054
379481729
416584566
227090055
193811065
610350010
756068362
125697421
823959700
201731968
534211255
911416335
538914105
228687950
106777621
773252265
707068757
197433276
82309178
376926930
940884140
885938092
784130121
127351737
704457643
637985725
633271038
10978216
697392863
511537349
510912775
902743541
590327358
132173952
254957855
327296167
441763023
479205767
830549703
41009583
943955150
979995943
959823192
466864149
266845988
847487269
713637015
438420328
434106356
186917956
157982626
71424882
8225546
905016009
597170291
955433296
792181555
151740802
993624388
357922803
249059301
137766784
917048417
267989108
490354117
951799580
348827476
707453275
567984423
94992470
605732983
541953972
631109804
325722111
612392748
209725258
818341116
44690386
746897038
247418992
812019928
580389294
827583654
455150144
215400187
57887282
166994481
366163181
637315503
806329886
24499011
139262895
535197784
623142835
904333467
83300950
98933029
95742450
640840840
207745624
829111364
305612981
448493782
503198906
865522387
630413567
42802141
275077153
55570893
395820715
217955310
205921636
517892553
394425705
672845895
340438281
538415147
16419438
65125529
589810241
976941155
131040555
696736671
352904758
74493155
864717514
801343224
355770545
312612649
655270844
939503188
646039629
749376960
355859582
53432016
792720174
312173835
673110407
773906707
657067637
437574309
48479690
613082972
8201736
836308069
616266296
676637280
947994514
58581987
563658030
71125022
105311321
129703374
65118892
282861136
13448809
676432568
860741488
632689678
541356092
875223454
986281353
658945547
869041574
207187988
618343831
52608650
877976024
770532658
707247527
665047591
789156727
368855740
712920179
908083707
275377977
169361376
518424194
7505821
737782468
492564021
463672822
411109737
441029624
679740346
206556437
296140394
142640748
675171456
144053272
584156058
395359257
120909307
48247387
216051791
502451812
457468459
74759591
649689944
554810631
401417224
941391787
813914754
352646844
226185223
633047618
493758975
214085271
772415049
808672331
65514886
462436504
841493740
717927243
407750928
498765579
931840001
725858115
146463042
368022379
755638214
954201953
581727015
610028572
583662041
34234676
891084500
545705728
810899923
943419519
680371323
298939825
525840249
496765444
56353802
550078278
677793384
499085079
185381887
690306572
285400671
502534846
984370711
489296432
183877852
9066858
991069026
888266541
406877861
600647711
748992929
293585396
756032386
473298080
999545756
180150514
234973725
2748988
32112244
35808720
517046328
412121469
336359686
213694128
179703934
962152126
374112469
709664175
189283568
87024200
387660039
359456327
417556127
600589566
41657129
978286141
370533898
504817940
407072522
147256770
263880932
755158221
202934570
994158630
527765458
932381181
511650968
922508763
294090042
287807996
981982031
279221527
277976519
196060363
449723114
900873271
879348284
66259096
801471690
433701714
278264629
935307397
195730506
352711521
846621608
630179862
38831836
554253801
83284311
837617261
305640034
119134530
327886736
142619236
897038054
400023766
877288486
449838375
872103906
231694655
704745808
89743443
451773135
998560256
986504995
939886421
332912494
710541603
767982802
635338427
373386783
541464954
152576356
412936799
67718254
74352146
30424779
731047349
213140551
325584956
856380240
353218902
458637835
849785993
444969768
152569465
566749675
475684363
452851469
120107360
799480929
933391079
290535095
357940547
925260248
978759663
974878633
241707233
898528712
135736580
730061504
545772173
100786216
306355564
819594925
596655522
642524262
791433933
725469826
561445813
216012799
521349698
391645590
18053241
280968388
482465440
245528935
572352502
819183085
737229266
677191658
909979095
752632661
353466003
627296189
645944347
163877198
1568186
923907534
896784805
459235413
580391230
525303881
778901107
683741412
146707824
565451238
443944825
494513873
694641455
923262766
980991245
965706692
840144450
37900200
30460888
546775693
802924366
902907997
398811010
255743280
272276661
613891779
7192113
348208951
92961026
917649962
773690363
60196766
997161473
694876642
393972138
686908817
990691535
209735687
239873577
70915488
69429610
337600819
516454390
189023478
232885947
258038821
450772748
413034010
322247493
878500947
278819743
16079405
952706424
481481439
557822090
831631096
513271817
187667871
607377783
226446408
364477924
935880728
244458790
210126592
159168763
684010235
650283818
296390255
331608238
971387979
399834237
693060937
401473997
442429409
266416371
662811248
984808016
694373591
558835208
231244290
265647284
560606782
615797689
304753921
923995309
173701265
82244120
245816571
400600181
243702666
693131080
789367106
587690395
653152621
215889823
251051077
454893438
624999535
163591375
527624800
972068313
251489963
735314982
239073225
332281527
73416131
930696830
476508648
482407164
287046884
19115214
608526397
526284140
482117246
673095514
785555235
977580741
971971842
144216436
669147486
762136732
101213482
562634865
663918923
748327552
245119889
321241473
464763684
739299474
542409202
109847784
430222224
192769358
619687280
101487333
844154011
627036261
367333629
923823884
737730657
788619940
57736599
482771946
724438951
533357658
429889620
746601984
642034629
830400515
981371000
529951864
661396075
637553582
950943276
943124933
459635970
787592026
252967369
259787370
269206308
209076489
886876545
262981265
21092672
862511969
630630645
953600717
34406988
980485529
356543392
771277535
739683469
275610376
419752919
660275485
877072170
893382826
694651653
124759928
103206079
699281448
20126414
311679039
107901160
332341161
843611267
189817691
604599089
913831718
927503042
375231706
445142561
426526083
362245489
532141391
795263467
51817192
935678591
174056106
970108972
891898650
669828755
567469237
611545704
787969881
12371522
746688685
398437359
72098722
720243473
13701712
335672428
305681514
145128325
585030573
300063986
598027362
985395674
828888411
138744219
346040647
686676767
94998253
283105456
976577490
242689621
274635931
285380900
614440483
402277227
499509703
151287904
608645814
629425495
408510503
949894634
455315543
898995685
127568076
292605154
605243832
482261945
793324681
773844477
721079246
220228251
556058254
590001096
435139537
299353134
175687975
444600161
115270767
364436924
105944246
44836295
903564520
323789987
763864839
131688012
378386082
150287388
341763192
763877632
455599234
967760067
567588859
472750282
889002264
42543743
475952497
950219531
326247197
7150104
319521580
176083252
644888803
260804770
950461160
832603953
301600505
434933699
92117989
281376050
173357200
412152831
776074953
583933668
228221101
96232306
699947175
485236436
99312109
985894073
845682719
814120992
802874307
206042201
803075525
716832297
573578035
962296130
391452280
135972413
458766746
855245799
764483944
90539011
330893402
71726371
144045819
29200088
492950399
720142195
767223966
521577603
609320510
415060102
661682787
177853455
259853248
864143226
626195451
523405792
931179241
923331153
906277425
888901414
148506437
752597777
683103367
943687828
554293463
645624840
15947109
682526104
998036623
668139061
993308793
774597826
703014480
275821813
462946757
31678812
927051673
872862170
551425816
280726352
376298336
304235113
310680256
635934465
884933905
851383865
369740566
49137986
487964137
210880730
249598076
720168324
418010167
350619451
131163233
658706486
804675246
160683925
157864076
801339852
726733884
976588235
438671342
374541882
960776978
478856248
796873471
980658523
769826843
951178387
813282455
658788660
717499920
720114777
870125718
542991149
236216674
222069520
173701319
819212980
636913378
213203990
981211306
3624734
592818899
710226730
706423165
106060652
745921165
151894278
953293986
502101743
54211920
199195720
373746409
50347278
244446273
441675934
630902896
637491267
659658626
103472297
178953166
826669401
955664020
617754734
533503107
197770910
668152980
583494153
343536317
485573884
238079413
10054247
311045041
84650512
915738971
231067868
420737134
974985681
859000401
501431182
132212472
755773471
829057720
943975126
14678954
581843260
505270443
637909228
25477915
377986226
407573204
83010912
120524239
892518862
286940373
336357897
720131330
554849626
791741085
495510688
796421538
881879300
786658238
959035978
391108910
645288698
472673794
767166825
831941524
60563657
599605657
559876764
684947462
110115564
564727579
46134976
995663776
757788535
576457632
26816053
624447847
790506577
793690328
22291374
613853374
791561444
289694942
971966000
544486288
51161480
404794986
602630123
395066772
629935038
19206963
423884636
763173121
110528562
847384056
807144187
991767814
226690363
537236655
15540120
649285688
228002024
219086395
142109051
238646934
89756822
207659297
367522885
575214975
873053138
316432754
268558799
855461772
667131904
450657737
747875058
522622388
494787428
42888792
236552510
513111454
379878546
38194486
475512385
932989579
471620600
945798769
568206095
274074363
682570952
590684606
252357723
491177630
843177073
282859469
766507016
386135989
440532619
583729983
853055294
377145646
392284662
577912890
238934457
447667858
284339190
283624835
634817761
630400468
49599638
184433658
832949392
494335349
118638942
610449108
23595811
24572217
778094963
805293290
733390051
130470655
625518067
257505758
702251211
467715473
743922885
777936918
874553753
881091104
295148249
173746526
712273945
280056413
683695761
842479644
305060625
798281000
162991756
984073439
559343461
831647418
474767766
655923983
843489433
839554156
745442612
424921986
38533379
355884698
381366960
234610379
772718826
987522261
826969356
13113753
780424883
760084080
411256738
701284156
527920234
675402483
751329889
29008235
548148447
578386203
268779323
261291357
268715189
708702831
140436928
906372231
236370110
563954717
819919565
381314421
229355303
325391269
414874662
49335790
355256109
617850564
473222128
479430709
475499319
888662958
835239385
997263520
24946419
640096974
821551455
22714955
464423465
284428723
10281276
178642321
794135702
770050654
669406697
245742097
571712720
862388650
895136974
116184996
601716014
904658823
723555053
783322646
729418694
69502172
717863832
570828025
354141884
751798035
454529197
722993724
307909932
180618290
177843618
526722059
798168752
793810095
438622830
228338667
472845749
58751561
312531547
422281989
672551337
424579999
996036588
391701890
653859707
328801106
848009676
331585252
152029546
272037516
378984326
23460531
828521101
257976125
93021236
241257523
744984701
171139971
239825313
164088391
860534047
515362478
668795299
159339724
312434757
428356469
240971382
819522658
893393377
40054503
889896173
862830501
437790036
858452455
252683113
211362861
729682604
694770014
736193334
219552957
359917294
296710253
883518815
738051748
736085998
392845531
478498019
304640389
387270587
918720877
111102959
904687861
32287584
418426615
34297913
901029427
97014385
847646760
328535035
692279102
898696783
218459191
177864826
75888913
141429741
723048528
934225123
805562429
671679311
717233083
58130995
726386773
451019756
387890746
630162800
683574684
289690473
436932185
779516731
676022512
779546533
928465548
50204075
771730125
407098593
789632595
307588017
713320702
259598328
549531810
474373177
201973871
819503591
769413313
306734372
15476347
324470371
773926894
753303697
325493264
592988393
804691618
670100114
725436198
211168693
241415096
703005664
932254957
433982155
904989205
36502229
614885104
852058611
388683028
867420386
213983165
863767993
373734420
173362969
369578906
778845169
806273858
906540302
560235547
268470059
393888110
467550081
558981695
377718487
633856419
729091139
344834337
685778336
655547126
154814507
105207240
435514686
486810023
595541319
234181938
863057546
99632796
785832175
679535131
378173326
368465707
982561297
401550241
381744935
249929262
946207366
320423322
817413097
884582680
393068289
720766677
988979301
51194539
480463414
564058022
879385833
351735420
40617883
332987581
678020250
522999387
995732168
837060448
759180862
392803503
711228477
26305171
94711660
838495951
87297994
608535971
804123874
972753821
405702571
825626269
57735603
226733008
293244993
663287593
343913358
257741782
330228207
492526676
85490761
963041336
79826479
80636779
712514844
652653334
983467345
597937771
629313850
420232327
684744622
944969050
170263374
891188906
863652252
110827452
462776698
367418971
941372243
338121873
59562021
483879080
413450420
263148647
800719548
417164563
392869317
599342174
865551967
975859151
897415357
965974067
710926682
467619898
430699618
700417356
194851492
690231244
637937624
622047743
779339974
168195827
22984810
508861214
580323116
646345738
996157628
709183120
192334469
613083729
218005
397769364
111607613
52265156
389443104
740054828
912379602
691501815
316946595
318733330
365156558
673203237
397337607
743386881
733768221
243076083
498999575
781571547
235516903
104114309
839536102
445370608
232940654
32295078
278036470
340573660
193593996
305387504
246312028
127972473
465983909
738829441
52551122
681114434
446062966
133198020
958121243
217726022
168503952
764373878
316200696
602309705
487388351
864011987
447896378
72247999
595975070
9937789
969196487
524303539
562603717
830110407
142688859
826863456
131663027
76249847
386086143
962548448
329232580
575482933
949802803
150506252
678624249
531731578
267041835
731999203
455428204
171351973
323892599
132391783
561683140
455999591
879867523
883777436
85493270
598930461
733577900
414176898
981666450
118573686
489002328
698251462
940352788
500487841
110691072
511079628
188690060
128612051
562462461
109550295
143794879
726718898
731053039
295181579
728293955
515208645
1804494
688333099
682883071
805726600
507067721
817095411
829393203
856890027
465960653
483228057
218923449
311981298
166637293
289995936
859274233
364747698
699543297
56265661
711394551
874252474
447977638
865017052
590269326
435741215
686739964
750326114
271476366
471400898
418772706
894083389
879420537
303301856
166239178
669487071
249195323
720024403
433393046
30019441
346670597
844790253
96546243
846523800
675184209
452866970
504402575
772438541
675898658
847234522
838850437
749908839
584525211
260964388
451481638
530851115
804321900
686549204
668077877
311063582
184937413
708978563
466119454
227184165
983274070
416160922
433137448
344575261
260186571
268992503
493220502
574213479
810187865
179649188
535887038
785110445
458114021
521897561
111771757
910060591
223223010
280283865
458575617
206643696
50213197
392644066
361434299
146025015
199079366
558309624
81252449
713101441
308376455
115791693
3281915
561724897
500570092
872178297
87248820
149073995
220368589
279525992
43048713
128922378
212750604
489042552
984991783
230136726
966768257
578757858
747387120
382417409
549550647
73865239
325376746
696609366
520794551
149470287
99264788
802363297
233521072
293331377
96159970
496467213
539236195
582866763
970096082
398561944
111118541
707416812
116715618
634433641
727735899
410851396
347881111
484512072
511505398
631996002
615347332
612576176
675897012
10856597
170918799
268787159
166119395
57494954
248846866
435805291
164206268
12651014
673881089
203260575
585367930
236390441
988938278
725837103
979040001
968652926
769488669
768497
810430275
485043684
250920830
154671881
95715910
905136198
120261375
364161373
265818455
766560747
996426250
324437131
200134879
462517662
193568356
731704133
55533964
261640226
860538570
158499696
693017196
798311904
476037301
187424049
908165954
892905119
353265049
971029675
322766036
762209282
350988892
931436829
271153514
755199465
651288062
6556157
509159829
894599869
713575092
268836279
22077585
488547102
298538390
50661011
423895388
338965882
531405075
806708165
10359666
787538927
745095799
887515642
456443687
45370978
177974092
51861239
399828971
712900533
714988129
936966948
778907586
884928034
385362558
630990460
543245723
862320317
693351149
787732476
739634312
734079642
492674815
356279014
615419319
289885612
884863316
827030680
249025493
439095938
296266840
709270699
523106287
306392583
326940268
296115888
607164599
368093027
401846157
168354160
776847433
519430455
758609711
179623650
556047127
340024043
913538021
878345468
590596268
740595513
416697608
56253701
521829931
434864415
174790210
298156166
436642608
861705162
804656904
935853096
661722417
510943709
23800083
751091185
428828334
408428648
95466516
687555149
873523300
431764322
191688061
232612960
330916119
239071418
85407317
921089858
748895527
227427772
482360184
556526529
391671515
78906682
331350788
477771782
553661644
19986627
870395330
679459390
159076669
909472304
348125923
546988185
71309331
701786450
970877262
387703371
189892304
39956666
722338080
689728752
124338064
721890373
688583856
672328513
963702242
763609068
438706055
104915511
617937681
243498855
87225945
742368353
93957398
771745692
966702777
547570300
289465746
722090219
305589040
500427392
146090902
232579989
167105241
413339822
338842101
3411964
98601521
279893730
450903336
635642526
843314712
388647864
936432125
691299795
889327032
347228335
527750129
212344102
563205743
486797431
381416023
234600072
204017074
423281178
731520703
663057310
901190594
504835617
889245344
23352452
820947124
700498744
990332728
990705371
368250752
803162160
362947968
860869167
406196359
854811439
412500997
782033708
894322114
258159988
214676815
653821943
920412936
632733921
970390111
384115197
464702427
707306792
747462656
458140742
343363870
96576635
679670872
885659430
580103665
192185219
355133592
654572310
615002144
949395571
50375060
646633385
542736231
967931168
889476256
877552599
628054151
695653989
709712923
132336948
66108925
408727504
800437694
442082533
749580888
573757626
83853208
278744270
62284417
809922506
932477311
93609091
393370690
306479016
691494416
82494722
249634116
350331943
457784195
92856677
789794533
773864354
790298843
487460924
634572137
913315753
784698694
674692558
856126961
246034157
953878463
461962310
114233366
480916040
937249753
922759681
239047731
479669350
369714159
538503027
487065691
919476691
676927390
581780197
128013612
582806131
225151440
588681076
472480911
439340631
517677739
929932421
736862364
542463707
906373836
445069051
825808259
797041297
887552724
70959178
266294350
326405456
143560368
794671538
805827349
744563302
65575864
871651400
311303362
610042577
698072617
828809755
184785824
555289482
712041385
736454973
31616232
17656370
252211945
106087925
466101916
341036423
232540479
964625022
860246576
187842178
833906444
849835441
526919691
208302111
835220776
895087637
226132409
323131278
798722906
848117335
433577782
413261782
158734094
748294289
621372773
867619858
322057896
472057532
8024256
977499493
901079954
691908758
170557025
2583418
418410021
322234598
280395533
316630151
342479218
144585064
755197326
100389315
315054028
893864251
182430496
824630486
130593420
73383235
243024413
292801930
272806990
671818436
149480914
210185840
594088689
403117815
676228185
539994120
72181937
59428769
668881402
704086077
145946274
638508491
151356842
254793391
318282840
142398087
738719862
472045572
458340397
636680060
274496160
85150359
481284221
270362108
937466053
713053760
884666916
931629827
943100611
69968010
716082331
192438155
715709998
466981386
226831416
407503516
123076161
688673997
970048443
15021518
666927392
956935339
867703965
695775839
772390716
906450470
801447310
877642161
681227525
170392570
503239923
705587701
51434256
724679944
400243546
465175685
525963424
618259651
963505978
437400610
127392833
434513071
431573470
525306015
800013039
973033120
410176952
302411651
678987564
475377849
504352821
247878205
551138051
199418454
358842231
717705928
910379289
158529711
736625171
803545693
140199936
13576164
688892727
724097389
265898357
733737042
314522591
884183557
809202178
811422477
973419087
298544735
93472312
867276488
362595466
748061398
670205847
182676741
856022725
101996033
290167676
603376102
949194944
334043381
117631714
24035750
453149918
216390915
406439147
776056501
521197909
306193900
650661916
958921695
899199695
121245533
530529476
655724498
42829782
976416329
733268301
355257231
242623798
993192079
378796173
361447871
638514664
73180810
877773676
361096787
853806735
939620943
989927284
297429726
979824516
975567166
390050032
619511089
70442458
547678017
922586548
216332969
345521297
165635886
154968625
713004542
664418072
210987081
73408963
61510526
280077367
194026586
796531021
427849685
29031483
45047099
770399720
210120563
281263414
318585923
569964211
633882788
226145132
916486209
626881364
340179735
337929914
155189406
128461906
193832545
886215928
131674867
322185511
384617464
370699210
524713907
628038491
775314521
195111538
379780652
828793138
375051830
969827929
936442147
566034488
530625950
944245828
534992581
722912923
432400011
421140718
768891991
196470086
207190328
842358744
410046574
196155761
48669943
652287928
364997713
248638004
107284179
7428842
1673772
786464656
276778571
964396947
519613447
120528445
90030381
718196513
676638130
606237910
189487503
605689070
411485666
29828791
471767712
361162246
431327904
255402042
843621970
691101643
431504882
646925709
387252291
651505904
855437131
290498000
90527320
642865537
119991680
932355296
679334474
669858897
370475391
70725305
187409584
688632798
499109456
213711964
124305543
395933380
722175147
884588535
775969609
957995977
375506210
616200089
398727544
220634977
61276348
211635051
577688703
312901443
239394196
652359512
640830602
678840839
868825505
707372839
593332492
971673705
944880747
578505528
397686610
568338455
866037763
98050044
694235556
66036511
224187936
51516473
451089779
611417338
872755223
592615539
672350255
909109710
39580786
672817495
405970495
765456436
5874850
634123440
160674775
21177135
471384316
82805785
574353053
894132285
306784860
836608511
673391839
595986271
523179436
511239834
380583053
84408208
314442432
622046086
612307065
737865400
287433051
129487831
723306863
613093809
669180560
564235796
83536905
27019951
463299399
839371268
278190833
448638095
950084882
758606991
687604117
738701724
825543839
58447923
112119386
904884975
100489744
233890789
931755142
961880789
12468007
699898518
180167318
309653558
984120953
284304461
25556397
959777766
179813581
882057173
799412829
77723857
104261582
137693143
956701571
669985205
735544748
893344186
549603452
529793838
519890312
623339418
764084071
125173491
992087218
458737839
885264064
772517128
87916328
933474380
392813222
585502187
72183235
839238036
304037664
899349989
367839820
634430219
664185507
63696227
218645884
883520311
374264532
528711469
532458318
459231003
958281975
484797329
106341002
794735760
666716599
113335222
684978089
771078226
94027297
426638083
166197370
45271723
913960597
883348410
113682145
441032530
401795335
739539737
563343957
527126144
118845283
196988012
48589383
99427726
334261467
375238837
736174685
831655887
356635613
752166073
451374653
409444195
144949692
732291226
256476750
543714707
805703364
956880551
772348685
387576151
952258595
912988103
944354845
628270624
508936984
62346974
928711404
989105964
626740849
717701080
143992626
741316745
793576377
569035566
619808767
327463004
574951152
525948855
977808467
378119065
973674392
525565606
824970466
460623910
526316029
889378885
614595723
706019289
539650871
977317305
551508996
185064119
285676512
842768120
923491891
554014624
242696432
863291232
263259218
321388810
73517836
733975228
879315203
790347811
741367210
783954398
965034304
966339865
382786701
48012336
103974227
956051418
966690975
712308044
24063936
25708611
983265512
525546091
485170504
999915113
506429051
349322545
60423170
164953490
82066637
404237712
157780762
744304569
835371516
151820359
100506098
932853059
467225354
706381936
418872641
273035963
410693503
549404685
134961971
918367860
529201885
668900352
719527366
950892942
832618521
151092299
507726448
915150712
451223439
578277241
245199583
825749271
899654662
391898259
147091491
419531078
20845649
2915258
109888111
329745383
41254726
589539661
603608518
517357865
117371894
506727682
865130223
281747710
351698992
443165168
198162246
156614421
515346871
334040336
835553621
122699602
233084101
492157660
835098623
929883563
577928320
178962445
532491450
799045969
596787476
938513831
390230963
669315740
332080562
564911790
20237890
284068558
509179354
334071085
370004285
707481509
279645941
150929338
775873535
113217752
220890400
390598865
508548974
113880648
295236210
367490862
593379678
517766449
7662645
5681649
474682160
483624634
641972761
289483102
923078184
985532112
610869114
267793352
242635880
585423842
692820955
417646235
158383446
807598470
885681603
667356131
567637649
880911655
834121221
745849057
541855962
546134499
134931407
246928425
688112879
508568346
240032166
223680626
685899269
612385979
796037998
40651768
317131716
259711292
354742304
463199686
331768199
597356384
658239032
72567656
461045134
133837647
857155809
250668444
478447033
676199955
810674092
262301398
251402758
98339266
506942338
617349802
433618654
563267125
963971261
73849300
768669656
842377308
913499120
692222270
400511348
236213141
955495530
20042512
203889008
17654128
251262584
998705226
119981973
17510851
413382420
370670501
306848501
292363275
185029812
746192429
894543188
55380107
796909518
275165715
713163435
177143348
825467291
921308973
520937520
226659801
772231030
156062057
292480673
250244146
187206332
890190460
620811173
450818670
248266366
715228118
104424381
358927929
689562652
21045546
473143552
371306337
464536576
414647463
766382689
588089127
832727117
458036668
893084899
191450457
998202131
602609301
697017450
942934147
357802733
572717
716750661
726839369
661396026
778618181
831326625
634879442
474323377
558032189
833752211
363733523
181645264
740965554
706607967
912420696
735889299
709882836
764334338
907178602
124294761
687133874
599893403
10924847
321779048
1563076
129712459
938319329
216109810
185715857
608496504
8453594
94753469
237429336
3653127
494787589
149704662
143802231
649616809
718730655
561232710
883881868
334416268
785986074
760064845
239252686
428271214
936875148
168790349
674601666
600496870
793470317
956774232
857952402
266411815
114040398
156955171
298609208
143852296
514236041
773086482
314497987
497282898
848307994
762091825
254136909
258434637
685468063
119418562
266079341
55904676
605278773
809719553
395442867
544290858
961554382
881143128
433338941
789232761
627612100
26077377
742888541
49875527
198489336
707038133
233164999
195509801
657984014
318228226
380700860
126498588
976442926
669878610
236745688
402986723
813619899
694116146
438081265
462271215
555736535
874761227
966292582
944892897
979183045
213233277
958688341
965837104
874324971
444469451
530278925
472123442
246427550
75645047
418277268
824560003
665053698
265611480
279462503
173528254
464833037
447616783
64953098
506454396
930985015
522553208
414474627
145141884
532290077
306506841
11645439
859454949
979223503
314259601
601782122
790309026
448072703
821682752
61501749
40675732
459603149
119848659
763904405
38081625
1410820
822559142
752499558
305290596
684473364
718125796
267357515
1377644
668202249
766233156
460725756
86131045
251880513
641373687
79647736
71012513
373092972
319242587
177044974
11867007
432354567
885780984
926719768
500078689
186382061
874916664
506356020
161989855
710185614
901805988
428872234
652494696
769482042
430883503
160771894
270367388
727866412
615174562
790168127
147550
132311286
262607883
53812359
477553081
60084289
200441897
913763574
229115287
76163150
723482670
130590888
879836075
674530149
124187969
461958464
731266839
999714928
722519843
547361846
965224658
614485544
573236179
964416942
625338520
851677521
402647477
800352669
855566922
188353166
631375433
421128745
127566669
235753411
962930630
475720698
412395285
374047590
724022865
613886097
193985559
523556785
803497349
962727878
553492007
480787811
906507109
786804308
93872919
755035671
434291538
120715271
141678961
476833734
750493634
861113613
801480016
849583393
844934508
775646460
199074411
706858512
134686843
639442895
994009271
580665784
153153977
905799177
766254596
1370387
520094306
401732223
79229756
77395279
672048175
71515985
141496878
882831272
364576954
608387436
136794673
868293861
441745440
662482654
630573471
859648058
59701718
228719981
878662884
656667958
452718024
71274659
438968406
670914159
929474160
292823649
111996892
399671117
679279120
55679189
583611931
500281490
402678690
887933396
236908965
884315317
575431592
981212574
372111838
593149633
472960457
108062803
423010261
180112459
103657961
715692012
100906152
115759440
189753342
122266622
907127575
212860780
352473148
294376300
322799930
222726925
726602836
770060415
725662547
628845676
338394129
309792734
889802097
396342739
487870533
215889045
410251621
819596111
802262234
769809869
21655315
351638839
760584509
219161368
763097871
721121177
337145574
560527213
111125542
243901204
169909960
242176849
718772683
663509839
638037151
727531207
597851224
917054615
474870713
312483703
61847470
583422817
915482815
655307569
951045164
307019644
937356231
476317413
745260686
96778715
719885138
325595944
285616643
899941003
46216625
603785046
422916275
177747426
788535568
265531989
5113250
376742395
424980812
766457000
709378897
330702827
56154215
464979317
750338609
373525891
857791857
822142373
783963844
119966383
293488262
839513591
961637279
573271073
371079769
723748505
98340047
266918030
672557551
817223976
192899495
896862128
291244336
598347743
647452994
342679925
552795659
171227092
500703484
122909668
563669377
230823106
91978594
269517191
828360293
402906056
63669504
869510884
173070594
667037
21979365
591717723
625187449
713232784
861090454
735639503
819790037
685693850
299165635
803336980
578788072
260390089
386673873
741201989
396484252
180004156
650754995
660186786
598517726
154338067
794866639
579712258
131299808
234636497
4872172
683852207
321380296
222006867
514316299
978544878
322422255
761760688
504188130
417349445
435487621
306244153
274938862
37195615
279106741
37612910
60026087
183231254
658334487
936438658
348386778
713834794
449789692
936633925
446682336
963873019
423325140
493139441
104375479
890305420
800113622
675051099
881291995
458017543
293246719
130337851
299802647
409666486
856281493
508502025
452480761
629814759
461429378
808162515
304963214
734284869
654623095
528685101
601298047
277290875
738093582
228465971
332635248
105699838
270554051
246233487
190470814
634425039
999667760
229199458
561877003
620325882
623999884
109556305
152917462
833697239
395072867
802374644
294654508
24137613
458411692
575228491
110596297
45825904
19144557
199533572
920710889
646860163
515006205
120449172
493580919
152951660
421883121
939572197
113617419
38782656
415421530
236318952
393978601
641855630
477607681
862287956
904220398
784420060
147257384
880610081
876197260
974610431
701285784
249725314
145514949
522966483
284496354
884842447
428969290
918448448
788092364
57831396
304478385
674989054
282869740
499935322
777859233
951104965
903752035
268956061
559179978
648906867
220018585
922754644
839128333
25480677
299026594
840733666
191378374
285515403
800200443
118634560
135490490
334500130
574884665
32897200
483837646
974135474
314226957
501805312
276981289
37064074
533283743
984431317
867765485
401975033
945999219
954219081
71279399
845005960
716002162
618019752
268736465
602116425
664246709
759834112
834073000
144017367
367472394
589575149
378015782
319762783
907127865
741532395
835290411
786207331
795599942
612957483
707886091
308937011
71779184
720533253
69361933
533613713
910509126
102110393
218651351
988988369
631107405
796977338
486345139
220545751
597701175
390885948
750742459
717816128
958665748
123657685
427880228
941352954
132507463
113138959
987189766
302477199
400597738
500639105
347940452
991645884
790156963
662272538
937741277
516935056
881166712
998891630
257418204
725075447
329375707
211430838
712720084
90227494
408975856
409748314
285928665
90456343
590732605
811071594
573648339
533292266
497038579
979023196
201429670
522134412
555597206
762677898
196224720
504622233
226667260
994159652
32129138
690670263
704874175
925640130
863528793
768436430
893670874
300269835
559048410
765174767
425983739
366600066
305768234
133793748
610312566
963379625
226757197
142074492
39166818
343757155
265238000
490297751
537429414
615253903
986475737
87565077
863310081
677005741
319581233
259018171
117462446
22681198
496141387
31549690
678133331
759927086
986348340
100527576
72743287
599856454
923421673
480043845
184255847
760447043
406828
531013800
45912097
141735250
180590015
573563566
587616599
293968606
766304249
920759511
110806197
944227824
723085158
743403230
941948371
366635355
474732298
237839332
315949881
270317289
992404786
151580569
278175955
96885452
333931116
409576813
238193591
99475954
30344262
43894547
861750147
971674162
237976745
494799685
783602137
48672128
502057420
514714505
928409181
532839890
280293274
993960366
450959379
675027028
597944145
440664214
576353267
224612401
791401322
569839646
61722948
460469053
385794169
54966553
16132598
531435
259007865
242112402
679347327
381204519
955714188
781949576
425225714
179758281
856170871
694357957
731832387
245486475
589931908
611716320
286085575
481317342
479554694
928425160
667518900
986055205
643291068
449093201
602601704
821817717
287709076
975555089
144455601
94814985
258792824
29435646
577785356
279992528
898000578
789722954
327537140
455448652
48304578
534564618
973212726
565467003
868826523
588486201
285049272
151367969
620237228
163669919
5886089
936301448
34465446
636113984
289968953
344862072
375477129
389682013
605668883
212902172
572976055
139516809
370600598
693995786
514767928
428577448
754162443
143695818
515151997
797797136
928962280
993810318
857111754
49086580
109642825
656144039
386613468
102291396
760697223
614228659
539058506
462604509
200451613
948421062
427036552
470608051
197777091
958392107
793787853
796137093
112430753
413849335
429475390
287973518
92522684
487528681
781999447
954495980
30534367
472172022
809815769
45935643
350557977
338274609
274624573
110779325
155266451
682491449
957751272
209304707
163595022
152610282
394976597
888023523
425969154
771982793
235213996
968983170
52804541
555888070
550766721
954613052
194357309
684801392
527831731
165628266
646750589
285549094
730458508
900372541
574207591
202795891
263130796
853432251
5547054
872423668
619589583
218191447
191886803
631214164
340159652
349719585
470090415
81812451
874498181
822730285
425215896
767049279
227790262
413984575
278449257
4910166
214205115
778408131
972737443
889662073
199745275
610741906
787215833
714397932
628181551
948937384
960409548
715185712
793769177
536011311
632795387
233116940
985387295
31746630
703449754
450468001
734237262
241483037
364590292
395179881
521125277
501907587
567893380
717441961
550226295
884233278
366308695
932343867
827951650
470626842
917826006
178761819
362731732
893246424
186493441
768559750
560710366
367739007
550504646
13937072
553383805
373188656
626454693
717243161
113328342
191531175
432450972
957106874
626581866
963924918
19398979
86532937
352297466
18894290
199431703
182831597
881669363
903634680
959664204
805796591
156181589
205638673
748765772
101599780
342973155
418977587
127065350
664121621
89647026
258493493
888313584
573354898
794891244
510262414
227929145
274502367
658444444
175092883
426773979
564490340
904553749
950233134
151203104
127400025
157914880
94051725
924612044
565481514
49544662
451003096
400609771
302651302
812841406
250622502
417580644
108232374
901580533
303846212
493050816
127309572
389786551
410932011
760262204
333875492
957717379
245487434
677821259
141404919
613345407
657062007
411047049
536822512
173914721
23563091
938111408
194765488
447891745
959789306
924462938
690478513
88801879
720199149
990200645
61971224
792964459
646687189
410026540
14364339
551921639
295730277
75255478
535660109
370286245
123486891
749405908
624789006
688536232
154197358
766307815
372836124
382029677
985398514
65883367
175411281
425003298
987139549
969379770
348915076
954757957
79751382
651301148
742602854
486791825
558712297
277739819
634849366
523191453
253466947
550483084
470223760
998892087
518240876
195178782
408803504
262312929
423107769
783853826
505394356
794901959
397388576
394161803
240849465
329657570
125655479
847527165
150021902
130799150
774298810
620738160
36242546
399512115
687393412
272099497
774642147
31263956
492345559
626166142
560761627
513735868
361616169
526891714
846385647
759447477
657578568
318397993
831394217
255032829
489352695
362631960
771310378
905325677
14204546
85579010
37074011
302300674
450265362
834286897
342390585
468894807
372205136
108683661
394017089
873316058
156135427
359620350
241368456
253489745
405978170
619302852
744717828
501950486
421629891
203336511
276372093
97333645
535211476
102673380
688480587
463308866
256539130
485255992
927935350
624805531
559042598
491601781
546107930
795201052
346956207
189364006
967715996
698962212
346692822
478397270
789709716
877191290
304600182
795769739
666902748
159999200
477215673
933105733
91968710
706295189
356644549
407902624
603064787
124755759
474009618
123754372
751959914
470301069
904887063
599774331
926477924
910783930
794364279
851752752
277822766
149903052
407378249
605277197
337197511
114581887
47032456
560631581
998496191
924680876
201177966
960732206
312601515
425292367
583662331
521215161
525879890
794227802
586076440
686262657
725556478
446209444
586613395
400280532
234756374
192930929
562948529
497151575
884748614
241841411
286121935
474838575
653537308
723451307
6315005
449764929
562257473
296430150
3223307
647721540
464208368
504963654
563043509
980283204
986345251
42754819
375408358
209510253
880087244
926825561
476509490
961358313
242702727
693419318
456473088
10113428
510687461
166582470
809532231
450979071
936019000
131949342
487204756
514662732
166203963
735765082
69132289
231547706
9781766
732099694
756025499
883911893
377647341
370420342
927736276
417989859
821447338
114590451
542863012
391889829
940923511
84781635
930655320
316708709
739754255
469373301
350485326
630687882
896396354
831631860
532097495
542868403
370055282
408926759
311398994
567382001
598276533
514671319
323334225
782292773
327287114
761241460
178541579
249104856
596135488
55654204
872035060
67886245
913545593
588429519
530506798
869193062
439004014
197655163
511030639
855366676
863402010
592793527
847299342
77773238
419909891
844385586
935647231
904579518
529960990
547452937
835579288
275668864
782900493
905197055
257790739
650228548
946819314
674510268
49182695
431924353
451283220
584036523
159994071
604564372
7788688
298555214
137121858
742310396
122114387
625464944
864435274
258296216
241994081
400177467
277217304
221513098
936944734
894373299
153831158
622288536
310225088
105291128
383608198
694311786
918113183
487597430
795212050
34327669
846355544
437981619
906881740
30475036
402620811
11053675
181211264
218703101
654648767
743053901
907051664
146441576
164550749
90221303
214952358
175591839
863251265
276803156
934596504
674514485
267882200
329070804
356004212
353191092
689664317
720128077
643846479
388701849
681679634
204213804
881576745
736388204
710120722
740951824
160835719
248844181
139955288
626202264
704375245
362803514
118762619
629400146
330740704
569615260
417623690
302736164
863527690
475213306
521221856
223515412
360992061
502431076
130289542
308307989
625093583
809482033
89197696
924671436
650817088
108781562
92839786
45608615
19891371
637721410
583806309
115822874
84361541
878715823
129499320
893813225
251752678
149304533
426081333
991838124
321539158
825247033
682829819
463544468
308759658
33708995
106659554
980811109
782997858
609411954
218953999
792144538
728878715
30133901
317591372
620409122
184148817
343929659
767866998
955939358
4789325
811453927
977398145
149886007
745152192
137501417
947784221
687370453
95652596
4491142
798185840
777161819
78533492
921115307
269522815
447679635
691086789
120853566
477454889
374932312
704289720
170364033
112281720
138847182
541830926
374870481
642538720
817197378
794211898
318559358
6351739
595979033
607451177
37868050
822894610
208453478
763690659
992933205
331657355
28234498
922741945
762296716
729556765
150284109
514124013
263717606
738497953
573324929
994791635
489302070
896816363
802762740
533263876
991053384
742080174
605980856
21089767
275106518
614305361
692273068
373451561
943280126
21371965
329232930
271555170
831573022
895546177
365110057
298210887
951013619
365249350
777716393
798184250
545979412
561618142
128994782
422969774
641133085
95347667
766153282
796021949
704361442
129840412
228668320
355577858
243942131
7537591
692381748
22924585
299364420
211624542
711443182
710150890
658415033
142902935
262242859
538748694
547534364
747305801
516208690
418266323
397281569
768556094
68971293
250584736
458804865
154105533
89212696
461605392
67515700
908211237
377483313
937108039
657717593
262198513
673025640
75504076
213391118
276833705
411602990
128308401
313367998
194830278
619739253
515647847
291584268
836115698
544911926
256329790
395280688
185094982
992918573
968259047
131184898
535658028
768875148
540532490
326139134
694297962
288249768
63289150
980798929
669363435
823021316
67370838
412178300
510590558
699295281
875409598
614207007
290416495
237468424
522156276
676242352
814117101
635155754
647400849
169074172
259858171
279325618
385013844
937119938
389808482
155557409
757580090
778258425
946390979
381821967
504024810
657672416
35380032
243948191
5933088
541097902
71974560
834500110
516664900
21881683
934358921
389080872
409203099
548019300
659760195
255789122
567201864
687553577
655770476
857512963
319349672
264357012
21398980
295203789
785462160
224279938
839217502
119100987
850683187
785749183
264221852
384043010
846670498
549110448
146041934
580233931
280886872
948774805
327173807
654228952
932827665
53402487
671262450
828990437
918202804
681661205
811268126
811090671
721918093
550779365
405863902
321476358
183907138
597788139
951814427
582459793
12258980
826748448
87203961
829656096
90080563
877613379
753791918
203954594
252743463
359949140
944992794
592209654
125616483
124904728
728997443
455494117
522136206
483984841
41248951
178526357
289308124
435220964
685539867
815378707
733395825
962703830
32390900
567639867
232247143
763416413
890624659
274724300
149691250
576859413
67655087
260589873
501204983
242033365
600761588
338255607
192195979
294285180
385622542
364462996
795056104
325289628
305254711
862221542
854853195
94488163
703721638
714666488
132878662
808704856
222284998
702833618
912087886
297819441
71555037
897086720
740409734
200996041
135845040
685008556
758148755
493326209
345898698
66874009
119830234
305079374
123646423
918766298
628036105
973215208
792125727
244627957
297858814
198444234
434417975
583112523
899164774
529726366
908899332
672149284
517440288
817930778
162969600
953550486
131074182
833063401
705836595
123458391
933476442
997598172
935141752
781860216
413827590
121615073
597446164
900132189
383640154
450542778
977988312
48704978
917057583
952513014
521082441
725934509
107547731
830795659
922257823
88099905
343255843
434409407
867309971
710309682
321388352
741563030
153894393
119873816
222313153
720917622
533824153
798211481
57343844
395942844
948289413
497047916
380495612
174385689
143210756
570758984
261053635
720683862
772235007
280161467
585091098
119633293
49259586
927217356
334595311
911515259
467150288
379406407
200625526
82491443
525599298
410556659
561752199
923701194
606133358
237651071
685205234
862129669
817017134
410081293
585068862
8814577
545698162
180180040
800298088
310893512
586197202
480710574
790799558
341676666
191683310
271659155
880916495
289745211
870550728
541821348
724647765
888014347
732937665
214337367
655132543
468735962
827229476
819241291
272189411
847622414
7112675
395221133
992740723
607290532
313104128
493230634
171562636
650637208
92384299
512706319
694673843
299502651
789905855
386115945
625202399
928309435
699957094
401618760
714725761
569092185
773110792
39289614
178380955
215246854
772740701
64319252
740499203
442296408
736913246
605868877
992849983
792928441
408806484
129142017
135066682
637044348
474826852
944503454
824426207
760363799
526257720
52892890
197872792
741614533
837655601
667780484
40379147
699928822
377742394
422636640
754666842
936777669
873850669
231735689
290688952
882775515
82028866
506085477
728462174
920774831
912562239
507483258
693489070
979534335
269833870
380296687
968205980
39726103
697869018
541187105
80313379
429551803
238007740
162318519
410812473
311110749
169865862
529381467
707292975
715150009
881238147
296362955
726653761
637981196
685784532
974129801
454968660
173459339
8993559
994883585
625833160
831304691
597002241
272466808
700804017
671658863
309566370
500842871
45656539
696531130
792737326
403103955
517264123
102293263
70466409
910626435
64462923
720651745
822040427
812835277
208138107
496303070
337417788
887537267
650337562
149210837
592594402
541421080
240040891
641072794
822315275
782046389
771950692
397920061
110783208
947808626
517043389
792561156
705853510
16590068
218448448
79355081
513141333
926066666
188115617
817656583
532550877
666668561
632287865
372615653
566366930
220141856
755776372
302810441
883129401
370575565
254345781
417323618
252293752
911793876
748198981
454151165
440738320
889276781
149213584
846599529
35618806
697374095
73784467
876938253
629111408
727308500
262248546
80633251
76367634
657271889
901460976
622080826
158653251
256901298
275925096
845862384
52656185
442367078
7271699
97884803
149554092
497482325
897367163
898254657
609577619
790295051
116477533
822513035
963136997
335719012
455123195
210879205
968895115
675805554
762179199
544896788
486310745
501625786
345218402
737541934
301956722
786905034
40653605
817430572
361271207
18268721
357871069
265384419
79998588
156153589
618150448
722412046
372843946
279008416
277319273
149653572
660423905
483875126
158513088
472250946
955633924
158387558
526000097
452440662
225414239
998494009
615077134
141517533
761778686
456855324
845782049
542425126
164491885
688846088
915051834
476632100
555791345
730847170
768057978
507579924
278870785
634344242
828875106
898143543
337454257
765007671
741876598
256911384
450084310
866629098
608700310
809804529
252564764
684554836
746208434
67493494
243720420
545510855
572498596
676281633
983134812
874677355
504689872
604635956
734054317
414431536
115270653
273263684
375379703
53342507
32168067
190676451
83047877
993172344
386086853
593980265
466392692
269295563
599067276
236580825
801462346
927956571
32786678
198691739
512987888
934967869
463261741
863325532
191369123
92581866
405007370
887833407
808580923
789280908
165654036
79421495
815887766
859804804
854847723
897168102
129010519
327152449
327367075
533297792
49945509
348340112
401988388
771281535
500622958
363626931
537393118
196765029
492571070
972086858
