0.0000000
0.4333333
0.5416667
0.4333333
0.9333333
0.6750000
0.4750000
0.3166667
0.4750000
0.2333333
0.7750000
0.4250000
0.4666667
0.4833333
0.2166667
0.5583333
0.4333333
0.8833333
0.5416667
0.4333333
0.5000000
0.4750000
0.3750000
0.2666667
0.4833333
0.5416667
0.7750000
0.3833333
0.2333333
0.2333333
0.4583333
0.6916667
0.7000000
0.4583333
0.3750000
0.1583333
0.5500000
0.5000000
0.4750000
0.5916667
0.5583333
0.6333333
0.4916667
0.3916667
0.7000000
0.1833333
0.2250000
0.3750000
0.6333333
0.6750000
0.2833333
0.3750000
0.6833333
0.1250000
0.6500000
0.6583333
0.7083333
0.2916667
0.7000000
0.4333333
0.3166667
0.5500000
0.4250000
0.5250000
0.7250000
0.6166667
0.3666667
0.3500000
0.4083333
0.6500000
0.9750000
0.4921790
0.4992797
0.5397709
0.4761997
0.5260875
0.5118636
0.5257380
0.4978358
0.4674195
0.4919094
0.5120810
0.5195819
0.4997091
0.5002422
0.4891206
0.4742619
0.4868199
0.4995133
0.4871678
0.4984296
0.4981037
0.4986359
0.4972194
0.4976842
0.4989339
1.0000000
0.4999925
1.0000000
1.0000000
