1332
1332
1332
1332
1332
1332
1332
1332
1332
1332
1332
1332
1332
1332
1332
1332
1332
1332
1332
1332
1332
1332
1332
1332
1332
1332
1332
1332
1332
1332
1332
1332
1332
2511
1332
1332
1550
1332
1332
2511
1332
1332
2511
2511
1332
2511
1332
1332
2511
2511
1332
1332
1332
1332
2511
1332
2511
2511
1332
1332
1332
1332
2511
2511
2511
2511
1332
2511
2511
1332
1332
1332
1332
2511
1332
2511
1332
2511
2511
2511
2511
1332
2511
1332
2511
2511
1332
1332
2511
1332
1332
2511
1332
1332
2511
2511
2511
1332
6285
2511
2511
2511
2511
1332
2511
2511
2511
2511
2511
2511
2511
2511
