-80
-473
869
869
869
-80
869
869
869
869
869
869
869
869
869
-473
1405
869
4108
4108
-473
869
4108
1033
869
869
2681
869
869
4673
869
4673
4673
869
4108
869
4673
869
4673
4673
869
4673
4108
4673
4673
869
869
4673
4673
869
4673
4673
869
1033
4673
1405
4673
4673
4673
4673
4673
4673
4673
4673
4673
4673
869
4673
4673
4673
4108
4673
4673
4673
4673
4673
869
4673
4673
4673
4673
4673
869
4673
4673
4673
869
4673
4673
4673
4673
4673
4673
4673
4673
1405
4673
4673
4673
4673
4673
4673
4673
4673
4673
4673
4673
4673
4673
4673
4673
4673
4673
