1653
666
2371
2371
2371
2300
3200
2371
2446
3200
3668
3668
3668
3200
3668
3668
1903
3668
3200
3668
3668
2371
3668
666
7107
3668
3668
3668
7107
8109
3668
3668
3200
2371
8109
8109
3668
3668
3668
2371
3668
8109
3668
7107
2371
8109
3200
7408
8109
3668
8109
3668
3668
3668
2371
3668
7408
3668
8109
3200
7107
8109
3200
8109
3668
8109
8607
7107
8109
8607
9128
3668
3668
7107
3668
9128
3668
9128
3668
11252
9128
9128
3668
3668
3668
8109
8760
666
3668
8109
11252
11252
8109
3668
7107
3668
11252
11252
11252
8760
3668
8109
8109
3668
8760
8109
4221
