-251
-238
-238
-238
-238
-238
-238
-238
-238
-238
-238
-238
-238
-238
-108
-238
-108
-238
-238
-238
-108
3379
3879
-238
3740
-238
3740
2393
3879
-238
-108
-238
-238
-238
4303
-238
5318
-238
4303
4303
3740
3379
5318
-238
8466
1311
3740
10312
-238
-238
9570
-238
3740
4303
3740
-238
10312
10312
1684
3740
3740
-238
3740
10312
3379
3740
-238
3379
10312
10312
10312
-108
323
10312
10312
10312
3379
10312
10312
5318
3740
10312
10312
10312
10312
10312
-238
10312
10312
10312
10312
10312
10312
10312
-238
10312
-238
10312
10312
3740
