611
345
2034
2034
2034
2034
2034
2034
2081
1442
2967
2967
3816
2034
2081
3816
2967
2967
2034
3816
2967
2034
4231
3816
2967
2967
3816
3816
2034
3816
3816
4231
3816
3816
3816
2967
2034
4231
2967
3816
2034
2034
2967
2034
2967
2967
4231
2034
2967
2034
3816
4231
4231
4231
4231
4231
4231
4231
4231
4231
3816
4231
3816
3816
4231
4231
4231
4231
4231
4231
4231
4231
4231
2967
4231
4231
2034
4231
4231
4231
2034
2967
4231
4231
4231
4231
4231
5596
3816
4231
4231
2034
4231
4231
4231
4231
4231
345
4231
6817
4231
4231
9135
4231
4231
4231
4231
4231
