1349
1420
1420
1420
1766
1420
1414
1420
3254
1420
6434
6434
6434
1826
6434
2541
8938
10668
2541
10616
4792
10616
13780
13780
13780
3254
6434
2541
13780
1420
13780
6434
6434
13780
3484
13780
13780
2706
13780
14632
14632
6434
6434
14632
13780
14632
14632
13780
14632
1420
13780
14632
6434
13780
14632
14796
14632
13780
6434
9683
15298
14796
1420
14632
6434
14632
14632
17795
1414
15298
13780
6434
15298
14632
14632
15412
20677
17795
14796
14632
8938
14632
13780
20499
13780
20677
14632
13780
13780
13780
1420
13780
13780
20896
6841
17795
13780
13780
14632
6434
20677
5977
20896
14632
1420
15298
22174
13780
13780
13780
14796
13780
6841
14632
17795
14632
17795
13780
13780
20677
20896
1420
14632
22174
6434
14632
15412
14796
6434
14632
8938
22174
13780
13780
14632
11886
14632
21069
22174
13780
1826
22174
22174
6434
22174
20896
22174
15298
22174
1349
17795
13780
14632
22174
20896
14632
20896
20896
22174
22174
20896
7677
13780
15298
13780
22174
20896
5963
22174
22174
13780
15298
20499
22174
13780
22174
15298
20896
13780
22174
22174
22174
22174
22174
22174
22174
22174
22174
15298
22174
6434
22174
13780
13780
6434
22174
20677
22174
22174
21069
22174
20896
22174
13780
6434
22174
22174
14632
22174
14632
14632
22174
13780
22174
22174
22174
14632
22174
22174
5417
21069
22174
20677
22174
14632
22174
22174
8938
22174
22174
22174
22174
3254
22174
22174
22174
15298
22174
18722
22174
22174
14632
22174
22174
14632
22174
22174
22174
31443
22174
20677
20677
22174
22174
11886
10616
22174
22174
10616
13780
14632
22174
20896
14632
15298
22174
22174
22174
31443
22174
22174
23386
13974
31443
22174
10616
15412
20896
22174
22174
31443
22174
22174
22174
29755
23386
22174
22174
22174
21069
20896
22174
21069
20896
22174
14632
22174
22174
6434
22174
5963
28178
22174
31443
10116
31443
22174
31443
30138
22174
31443
22174
22174
14632
14632
22174
13780
13780
22174
31443
22174
31443
31443
22174
22174
31443
12147
31443
6434
22174
22174
20448
22174
31443
31443
31443
22174
20896
22174
31443
20896
22174
22174
31443
31443
31443
22174
31443
22174
22174
22174
20677
14632
31443
28178
31443
13780
31443
13780
22174
14632
31443
31443
31443
22174
31443
14632
21069
22174
31443
31443
14632
28178
31443
21069
31443
22174
43113
6434
22174
36993
22174
31443
41481
20677
30138
31443
31443
22174
32092
31443
31443
31443
13780
22174
22174
31443
22174
22174
22174
13780
13780
22174
1349
22174
22174
31443
22174
14632
31443
6434
31443
31443
14632
22174
43113
31443
31443
22174
31443
43113
5417
28178
6434
5963
22174
21069
6434
20896
22174
31443
13780
22174
22174
22174
31443
31443
31443
10616
22174
31443
43113
37859
22174
22174
43113
4792
31443
22174
31443
22174
22174
10616
22174
22174
36355
31443
23386
22174
23386
43113
23386
22174
31443
31443
43113
31443
43113
22174
3254
14632
31443
43113
43113
31443
14632
22174
43113
31443
31443
43113
43113
28738
43113
19363
31443
22174
14632
22174
22174
22174
31443
22174
43113
43113
31443
14632
22174
22174
22174
22174
43113
31443
20896
21069
22174
31443
22174
43113
1420
28178
31443
27893
32092
22174
43113
43113
22174
13780
22174
22174
41532
20448
43113
43113
22174
43113
22174
22174
22174
43113
31443
22174
15298
14632
14632
21968
31443
22174
22174
22174
22174
43113
22174
41532
22174
43113
23386
31443
31443
22174
13780
22174
22174
43113
43113
31443
43113
22174
43113
22174
43113
43113
43113
22174
22174
29755
14632
29462
13780
43113
22174
22174
22174
6434
31443
31443
6434
22174
3484
31443
31443
43113
43113
43113
43113
23386
43113
43113
22174
43113
31443
43113
43113
13780
22174
9264
43113
3484
22174
15298
31443
20448
43113
21347
22174
43113
43113
22174
43113
22174
22174
31443
20896
21069
31443
43113
22174
43113
22346
43113
14796
22174
22174
20896
43113
22174
43113
22174
43113
24182
43113
31443
22174
22174
43113
43113
43113
14632
43113
22174
17795
43113
43113
22174
22174
22174
30472
22174
43113
31443
22174
21069
43113
33285
43113
43113
43113
22174
43113
43113
43113
31443
31443
43113
22174
22174
22174
43113
22174
22174
43113
23386
22174
43113
31443
31443
25741
22174
31443
23386
1420
43113
20896
15298
43113
43113
21069
43113
43113
22174
31443
6434
31443
43113
43113
31443
43113
13780
41481
43113
43113
43113
31443
22174
43113
22174
43113
43113
43113
43113
31443
14632
31443
43113
31443
43113
43113
14632
22174
14632
43113
22174
43113
22174
43113
43113
43113
31443
22174
1420
31443
22174
43113
43113
31443
31443
43083
31443
22174
43113
31443
43113
43113
20499
43113
31443
22174
22174
43113
22174
43113
22174
43113
9264
43113
10116
43113
43113
43113
43113
43113
14632
43113
22174
31443
22174
43113
43113
22174
31443
22174
31443
43113
43113
43113
43113
31443
31443
43113
43113
8938
43113
22174
22174
43113
43113
14632
22174
12147
31443
43113
43113
43113
43113
31443
43113
43113
43113
43113
43113
43113
13780
43113
13780
43113
22174
43113
43113
43113
15298
22174
13780
43113
43113
43113
43113
43113
43113
22174
28178
22174
43113
22174
43113
31443
43113
43113
22174
31443
13780
43113
22174
22174
43113
43113
43113
22174
15298
22174
22174
31443
13780
22174
43113
22174
43113
43113
43113
43113
43113
20677
43113
43113
43113
43083
43113
43113
43113
17795
40555
43113
43113
22174
43113
43113
43113
22174
43113
43113
43113
13780
22174
22174
43113
43113
43113
43113
43113
43113
43113
22174
22174
43113
8938
22174
22174
12147
43113
31443
22174
43113
43113
31443
17795
43113
43113
43113
43113
43113
43113
14632
43113
43113
20896
43113
22174
43113
43113
31443
43113
43113
43113
22174
43113
43113
43113
31443
17795
43113
43113
15412
22174
43113
31443
31443
43113
22174
22174
43113
3254
43113
22174
32092
22174
22174
43113
31443
43113
22174
43113
22174
43113
43113
12147
43113
43113
31443
22174
43113
43113
43113
43113
31443
43113
43113
43113
43113
31443
43113
43113
31443
22174
13780
43113
43113
43113
19564
43113
43113
23386
43113
43113
43113
22174
43113
43113
31443
43113
43113
22174
43113
43113
43113
43113
43113
23386
43113
43113
43113
22174
43113
43113
22174
43113
43113
22174
43113
31443
43113
43113
43113
43113
22174
43113
43113
43113
43113
43113
22174
3254
15412
43113
22174
43113
43113
1420
43113
22174
31443
31443
43113
43113
31443
43113
31443
43113
43113
43113
43113
43113
41532
20448
43113
43113
43113
43113
43113
13780
43113
43113
29462
43113
43113
38696
31083
22174
43113
13780
43113
31443
43113
6434
22174
43113
43113
29462
43113
6434
43113
23386
43113
43113
43113
22174
14632
31443
43113
22174
43113
22174
43113
43113
43113
43113
43113
43113
22174
43113
43113
31443
43113
6434
22174
31443
43113
43113
43113
43113
43113
43113
6841
43113
22174
43113
43113
43113
43113
43113
31443
31443
43113
43113
22174
22174
43113
43113
43113
43113
14632
22174
13780
31443
20448
43113
43113
43113
23386
43113
43113
22174
43113
43113
31443
22174
43113
43113
43113
43113
43113
43113
31443
43113
31443
31443
43113
22174
43113
8938
43113
14632
43113
43113
43113
31443
43113
43113
43113
43113
43113
43113
5977
31443
43113
43113
43113
8938
43113
43113
31443
43113
43113
43113
43113
43113
43113
43113
41268
43113
22174
43113
43113
14632
43113
43113
22174
13780
43113
43113
43113
43113
43113
22174
43113
43113
14632
13780
31443
22174
43113
43113
43113
43113
43113
43113
43113
43113
43113
43113
22174
31443
13780
43113
43113
43113
43113
43113
43113
43113
43113
43113
22174
43113
43113
43113
43113
43113
43113
31443
22174
43113
43113
43113
43113
41481
43113
43113
43113
22174
43113
43113
13780
43113
43113
21069
31443
43113
22174
43113
43113
20677
43113
43113
22174
43113
43113
43113
42113
43113
43113
43113
43113
31443
43113
2706
43113
31443
43113
43113
43113
43113
43113
43113
43113
43113
43113
22174
22174
43113
31443
14632
43113
31443
43113
43113
43113
43113
43113
43113
43113
15412
43113
22174
43113
43113
22174
43113
43113
43113
43113
14632
43113
22174
43113
31443
43113
43113
22174
43113
43113
43113
28178
43113
43113
22174
43113
43113
43113
22174
22174
43113
43113
43113
43113
20896
43113
43113
43113
43113
43113
31443
43113
43113
43113
43113
14632
43113
22174
22174
43113
43113
43113
43113
43113
43113
22174
43113
43113
43113
23386
43113
31443
43113
43113
43113
43113
20896
43113
43113
31443
43113
43113
43113
43113
43113
43113
43113
31443
53621
43113
43113
43113
31443
44460
43113
31443
43113
43113
43113
22174
43113
43113
43113
43113
43113
22174
43113
43113
43113
6434
43113
43113
43113
43113
43113
43113
43113
22174
22174
43113
43113
13129
43113
43113
61342
43113
20896
14632
43113
61342
43113
43113
43113
43113
43113
31443
43113
22174
43113
43113
43113
31443
31443
60596
43113
31443
43113
43113
22174
43113
43113
59431
43113
43113
43113
43113
53621
43113
11886
31443
43113
13780
43113
14632
43113
43113
61342
43113
43113
43113
43113
59347
43113
43113
43113
43113
22174
43113
43113
22174
43113
43113
43113
20896
43113
43113
31443
31443
43113
46345
43113
43113
43113
28178
17795
61342
22174
43113
43113
14632
43113
43113
31443
28178
43113
43113
43113
43113
43113
43113
52418
43113
43113
43113
43113
12147
43113
43113
43113
43113
43113
31443
14632
43113
31443
43113
43113
61342
43113
43113
31443
43113
43113
43113
43113
31443
61342
61342
43113
61342
43113
61342
43113
43113
20677
61342
43113
8077
43113
43113
43113
43113
43113
43113
61342
61342
43113
43113
43113
14632
43113
61342
43113
43113
43113
43113
31443
22174
22174
43113
43113
43113
43113
43113
43113
43113
43113
43113
52418
43113
43113
43113
22174
43113
61342
61342
43113
43113
43113
15298
22174
43113
22174
43113
43113
13780
43113
43113
43113
61342
31443
30138
15298
43113
61342
43113
61342
43113
6434
43113
43113
43113
43113
31443
43113
43113
22174
43113
61342
31443
43113
31443
61342
43113
43113
43113
43113
61342
43113
31443
43113
61342
43113
43113
31443
13780
43113
31443
41481
43113
43113
61342
43113
43113
43113
61342
10668
31443
31443
22174
28178
43113
43113
43113
31443
61342
61342
43113
61342
22174
43113
43113
43113
43113
43113
43113
43113
43113
61342
61342
61342
43113
61342
43113
61342
31443
43113
61342
43113
61342
43113
61342
61342
43113
58963
61342
43113
61342
43113
43113
43113
43113
31443
43113
43113
43113
61342
31443
31443
43113
22174
43113
22174
43113
43113
43113
1826
43113
43113
43113
22174
43113
61342
43113
43113
22174
43113
61342
43113
31443
43113
43113
10616
43113
43113
43113
43113
61342
43113
43113
22174
22174
43113
61342
22174
43113
13780
43113
61342
61342
61342
61342
13780
22174
61342
10668
43113
61342
31443
61342
22174
61342
61342
31443
60596
43113
44460
61342
61342
43113
43113
61342
22174
61342
43113
43113
22174
43113
61342
43113
22174
61342
43113
43113
22174
61342
43113
43113
43113
22174
61342
43113
31443
61342
46345
43113
43113
43113
43113
43113
66737
43113
43113
43113
43113
43113
43113
61342
43113
61342
43113
43113
43113
52418
31443
43113
22174
43113
61342
43113
43113
61342
61342
44704
43113
43113
43113
22174
61342
66737
43113
61342
43113
61342
2706
22174
43113
43113
43113
61342
58963
61342
61342
43113
43113
43113
43113
22174
43113
61342
43113
43113
43113
30900
31443
13780
61342
61342
31443
43113
43113
17795
13780
43113
43113
43113
43113
43113
31443
61342
43113
61342
43113
14632
43113
66737
43113
61342
43113
43113
43113
43113
61342
72472
61342
43113
43113
61342
67232
61342
28178
61342
43113
43113
72472
43113
43113
43113
43113
43113
20896
31443
8938
13780
43113
43113
3938
43113
41481
43113
43083
31443
61342
22174
43113
22174
43113
31443
61342
76424
43113
43113
63623
61342
43113
43113
61342
41268
46345
43113
61342
43113
21069
43113
56427
43113
66737
22174
43113
43113
61342
72472
43113
22174
45109
20677
15298
43113
28178
43113
72472
61342
43113
76424
43113
67232
43113
43113
61342
61342
33285
43113
61342
66737
43113
43113
43113
43113
22174
22174
43113
43113
43113
43113
61342
72472
43113
43113
61342
76424
13780
30138
61342
43113
15412
22174
43113
43113
61342
61342
31443
43113
72472
43113
31443
43113
9683
10668
22174
61342
43113
66737
43113
43113
22174
61342
43113
61342
61342
22174
43113
14632
43113
61342
43113
72472
66737
43113
43113
43113
67232
61342
61342
43113
76424
61342
43113
22174
43113
72472
61342
41481
43113
43113
61342
43113
43113
43113
104871
43113
66737
61342
99091
43113
76424
66737
43113
43113
23386
53621
43113
76292
43113
22174
74276
43113
43113
61342
31443
31443
43113
31443
61342
61342
43113
61342
43113
43113
43113
22174
43113
65591
43113
104871
61342
58963
22174
76424
43113
43113
43113
41481
31443
61342
22174
43113
43113
61342
43113
59347
43113
61342
43113
43113
22174
23386
61342
43113
76424
61342
104871
61342
72472
61342
72472
43113
61342
43113
43113
43113
58963
43113
104871
43113
61342
43113
61342
43113
43113
43113
43113
104871
43113
36355
43113
43113
43113
76424
46345
22174
22174
43113
72472
61342
43113
43113
43113
72327
43113
61342
72472
43113
61342
43113
31443
31443
6434
61342
43113
43113
76424
43113
43113
93297
43113
43113
43113
104871
61342
76424
104871
43113
61342
20677
61342
22174
61342
22174
43113
31443
43113
43113
22174
61342
43113
43113
104871
61342
43113
43113
61342
43113
1420
22174
31443
76424
43113
43113
43113
13780
66737
43113
72472
66737
22174
43113
43113
72472
99091
31443
43113
43113
22174
43113
43113
43113
31443
43113
61342
28178
43113
72472
61342
17795
43113
43113
76424
43113
31443
61342
22174
43113
13780
43113
43113
43113
14632
20677
43113
43113
43113
66737
43113
61342
22174
43113
72472
58963
43113
43113
61629
72472
76424
61342
72472
22174
43113
76424
43113
43113
104871
43113
43113
99091
43113
61342
61342
22174
61342
22174
44704
43113
61342
67232
61342
76424
43113
93833
61342
76424
43113
43113
43113
72472
59347
43113
20896
61342
43113
43113
104871
44460
61342
52418
43113
66737
104871
104871
43113
65748
104871
43113
59347
104871
43113
43113
61342
61342
61342
99091
76424
61342
43113
43113
61342
61342
43113
61342
22174
76424
31443
22174
43113
43113
104871
67232
43113
43113
76292
72472
43113
43113
61342
61342
43113
61342
43113
61342
66737
43113
31443
22174
104871
43113
72472
76424
76424
61342
61342
61342
15298
43113
43113
43113
104871
61342
43113
58963
43113
43113
22174
43113
72472
104871
20677
60596
43113
43113
72472
43113
14632
99091
104871
44704
43113
104871
43113
43113
61342
31443
43113
43113
76424
72472
43113
61342
43113
43113
104871
43113
76424
104871
61342
43113
43113
43113
76424
43113
34228
43113
61342
61342
76424
31443
43113
104871
44704
43113
43113
104871
61342
104871
61342
43113
61342
31443
76424
104871
31443
43113
22174
88138
43113
104871
43113
66737
66737
43113
76424
43113
43113
61342
61342
104871
104871
43113
104871
43113
43113
22174
13780
43113
22174
61342
61342
61342
43113
14632
43113
31443
31443
31443
43113
43113
43113
43113
76292
61342
22174
8938
43113
43113
61342
43113
43113
104871
43113
43113
43113
104871
43113
31443
43113
104871
6434
43113
66737
104871
99091
31443
61342
43113
43113
104871
43113
43113
61342
43113
104871
22174
43113
66737
43113
66737
43113
43113
43113
43113
22174
43113
61342
43113
104871
61342
25043
61342
43113
43113
43113
104871
43113
104871
43113
72472
66737
22174
61342
61342
43113
43113
31443
104871
20896
104871
22174
43113
43113
22174
43113
14632
66737
104871
43113
22174
22174
43113
61342
61342
104871
22174
43113
43113
61342
43113
43113
76424
66737
22174
104871
66737
43113
43113
104871
43113
104871
104871
13780
43113
43113
43113
22174
104871
61342
99091
61342
104871
61342
61342
43113
61342
104871
58963
31443
66737
43113
76424
23386
61342
36993
43113
104871
43113
66737
43113
43113
43113
61342
61342
104871
61342
104871
23386
72472
31443
104871
43113
61342
66737
61342
104871
104871
43113
104871
43113
43113
22174
61342
76424
104871
104871
104871
31443
104871
43113
43113
90469
104871
43113
61342
104871
31443
43113
43113
61342
99091
72472
22174
66737
72472
43113
1420
43113
43113
59431
43113
104871
104871
43113
61342
104871
43113
61342
43113
104871
104871
43113
104871
65748
575
43113
31443
104871
43113
61342
43113
104871
61342
43113
73230
76424
76424
104871
43113
61342
104871
104871
6434
104871
43113
104871
22174
43113
104871
104871
104871
22174
63623
43113
104871
43113
104871
43113
104871
104871
43113
43113
104871
99091
104871
22174
43113
43113
22174
36274
43113
58963
17795
43113
104871
43113
76424
22174
45109
104871
104871
61342
104871
6434
104871
43113
104871
43113
22174
61342
43113
31443
43113
43113
104871
43113
104871
31443
104871
43113
43113
61342
31443
72472
43113
43113
43113
104871
31443
61342
43113
61342
104871
31443
43113
61342
31443
76424
61342
72472
48738
104871
43113
76424
72472
66737
20896
43113
43113
61342
104871
61342
43113
43113
43113
61342
104871
61342
43113
43113
104871
61342
43113
22174
66737
61342
43113
76424
61342
43113
43113
43113
104871
104871
43113
61342
104403
43113
31443
108424
104871
72472
43113
43113
43113
104871
43113
61342
104871
76424
61342
43113
99091
61342
104871
66737
76424
61342
104871
104871
76292
43113
104871
43113
104871
63623
104871
104871
104871
43113
31443
43113
104871
108424
76424
22174
61342
61342
43113
104871
104871
104871
104871
104871
104871
104871
104871
43113
104871
104871
43113
31443
43113
66737
61342
104871
43113
43113
43113
43113
31443
43113
96942
104871
61342
43113
61342
13129
44460
43113
104871
43113
76424
61342
104871
104871
31443
61342
43113
43113
43113
28178
43113
104871
43113
104871
43113
61342
31443
53160
14632
61342
61342
61342
104871
104871
43113
108424
43113
61342
22174
43113
61342
22174
104871
43113
67232
31443
66737
43113
43113
43113
104871
104871
10616
76424
43113
61342
105976
61342
76424
61342
108424
104871
22174
61342
43113
43113
104871
104871
61342
13780
43113
104871
72472
104871
108424
104871
108424
43113
43113
43113
43113
43113
104871
108424
22174
43113
31443
43113
43113
72472
28178
104871
61342
22174
104871
28178
104871
104871
43113
61342
61342
106951
104871
61342
31443
76424
43113
43113
43113
43113
3254
61342
76424
104871
5977
44704
61342
108424
31443
61342
61342
108424
31443
108424
43113
43113
43113
43113
22174
31443
43113
43113
104871
104871
108424
104871
76424
43113
104871
104871
104871
43113
31443
104871
43113
43113
22174
72472
43113
104871
108424
108424
104871
61342
104871
104871
104871
43113
43113
43113
104871
104871
43113
104871
61342
22174
61342
43113
72472
104871
43113
104871
43113
43113
104871
104871
43113
43113
72472
104871
22174
43113
43113
61342
43113
61342
90836
22174
104871
85489
72472
108424
43113
108424
43113
43113
43113
104871
104871
104871
22174
72472
22174
17795
13841
13780
58963
104871
108424
108424
61342
104871
104871
43113
43113
61342
104871
22174
43113
61342
43113
61342
43113
43113
43113
72472
43113
76424
108424
104871
61342
61342
104871
43113
43113
104871
43113
108424
43113
104871
104871
13780
104871
43113
108424
104871
104871
43113
104871
104871
22174
104871
22174
31443
61342
76424
76424
76424
72472
104871
104871
72472
61342
104871
43113
106951
61342
72472
61342
106951
104871
108424
43113
104871
53621
104871
104871
76424
43113
108424
104871
43113
22174
104871
43113
43113
43113
104871
22174
43113
22174
43113
104871
43113
104871
61342
104871
108424
43113
108424
104871
104871
43113
43113
43113
43113
105976
108424
43113
43113
43113
104871
104871
108424
61342
76292
104871
43113
43113
43113
108424
43113
43113
104871
43113
108424
17795
108424
43113
76424
43113
43113
43113
104871
43113
43113
61342
112092
108424
43113
61342
104871
43113
43113
104871
43113
105976
108424
108424
43113
106951
61342
104871
112092
108424
22174
43113
43113
43113
22174
108424
108424
61342
22174
104871
8938
61342
61342
76424
52418
104871
43113
104871
43113
61342
108424
43113
61342
43113
43113
104871
76424
104871
43113
43113
108424
105784
72472
108424
43113
108424
108424
43113
43113
72472
43113
43113
108424
22174
104871
108424
43113
14632
43113
108424
66737
108424
104871
104871
61342
43113
72472
43113
43113
61342
22174
108424
43113
43113
43113
28738
104871
60602
43113
43113
104871
104871
22174
117700
104871
43113
117700
61342
43113
23386
108424
117700
43113
66737
43113
104871
108424
60596
104871
43113
43113
22174
43113
104871
61342
104871
104871
104871
104871
117700
104871
43113
61342
31443
43113
104871
21069
104871
14632
104871
43113
43113
43113
61342
43113
61342
104871
104871
104871
43113
43113
61342
61342
61342
108424
108424
104871
96942
66737
43113
43113
104871
108424
108424
43113
104871
104871
43113
43113
43113
117700
108424
43113
43113
43113
43113
108424
61342
15298
61342
43113
104871
76424
125399
104871
108424
43113
43113
43113
61342
61342
76424
35531
43113
76424
104871
94869
61342
108424
117700
108424
43113
61342
43113
108424
108424
108424
61342
43113
61342
104871
104871
43113
43113
43113
72472
106951
108424
61342
43113
31443
22174
43113
43113
31443
22174
22174
117700
44818
104871
43113
93833
108424
104871
43113
108424
43113
104871
119422
104871
14632
43113
31443
43113
104871
104871
61342
61342
43113
43113
61342
61342
108424
43113
43113
43113
108424
61342
104871
139723
61342
43113
108424
108424
61342
53621
104871
143086
43113
104871
43113
85754
43113
43113
43113
61342
104871
104871
43113
31443
43113
31443
43113
117700
53621
110379
108424
28178
41532
43113
104871
61342
22174
117700
31443
22174
43113
104871
22174
43113
43113
117700
43113
31443
104871
117700
43113
120518
43113
108424
61342
61342
104871
104871
106951
31443
81246
43113
104871
108424
61342
43113
66737
61342
43113
104871
108424
104871
104871
108424
43113
104871
99091
43113
108424
61342
108424
112092
43113
108424
43113
6434
104871
58963
43113
104871
43113
108424
43113
108424
104871
72472
43113
149280
149524
61342
43113
108424
21069
61342
43113
144899
43113
110107
104871
22174
104871
108424
76424
43113
43113
129146
104871
106951
104403
61342
43113
108424
43113
43113
76424
104871
105976
104871
108424
13780
61342
72472
61342
108424
143086
108424
108424
108424
43113
43113
108424
61342
61342
104871
104871
108424
117700
117700
43113
43113
43113
43113
28178
43113
104871
61342
43113
117700
104871
73230
43113
149524
104871
104871
108424
104871
60602
104871
31443
108424
108424
104871
108424
43113
143086
43113
108424
43113
72472
43113
32092
108424
14632
104871
31443
104871
43113
43113
43113
66737
43113
104871
22174
61342
43113
43113
104871
61342
43113
43113
110379
152859
144899
144899
104871
22174
108638
134356
20677
143086
104871
149524
135587
43113
104871
117700
43113
90836
104871
143086
108424
43113
61342
43113
67232
104403
43113
43113
43113
139723
22174
66737
43113
104871
76424
72472
104871
43113
43113
108424
72472
144094
108424
31443
43113
104871
20677
13780
108424
104871
61342
108424
104871
149524
73230
43113
43113
15298
43113
117700
43113
108424
108424
14632
153150
61342
46345
66737
104871
104871
73230
22174
104871
61342
106951
43113
104871
43113
43113
123776
134951
117700
153150
13780
43113
153150
61342
43113
61342
104871
106951
104871
43113
22174
14632
108424
143086
43113
43113
61342
153150
153150
153150
43113
108638
22174
104871
43113
108424
43113
43113
43113
108424
20896
31443
61342
104871
104871
43113
117700
104871
43113
104871
76424
61342
104871
104871
66737
108424
76424
43113
22174
43113
31443
150417
76424
43113
14632
125399
61342
31443
5963
43113
61342
43113
108424
43113
43113
67232
31443
61342
43113
43113
52418
43113
61342
153150
152859
104871
108424
44460
43113
153150
108424
105976
150028
117700
43113
108424
11886
43113
6434
43113
43113
104871
43113
108424
108424
43113
43113
61342
61342
61342
125399
43113
143086
43113
22174
66737
127971
22174
108424
31443
108424
104871
43113
153150
104871
123776
108424
143086
72472
61342
153150
52418
153150
153150
108424
104871
43113
106951
65419
22174
153150
104871
43113
121739
43113
22174
43113
117700
43113
61342
43113
121032
66737
43113
125399
61342
30472
61342
43113
43113
31443
76424
43113
153150
104871
104871
43113
150028
108424
61342
43113
152859
112092
9683
43113
153150
43113
61342
66737
3484
153150
117700
104871
150028
43113
99091
153150
43113
22174
22174
110379
43113
53621
104871
152859
121032
76424
31443
104871
31443
43113
43113
104871
104871
117700
104871
104871
108424
43113
85489
72472
153150
108424
43113
144899
22174
43113
31443
104871
61342
104871
43113
135587
108424
108424
104871
104871
104871
43113
104871
43113
72472
61342
43113
143086
61342
104871
31443
43113
43113
104871
108424
72472
43113
108424
43113
61342
43113
43113
108424
104871
143086
61342
108424
104871
72472
153150
22174
104871
43113
43113
61342
43113
104871
153150
134951
43113
43113
72472
104871
104871
108424
22174
108424
61342
61342
104871
61342
31443
93833
43113
104871
15298
150417
72327
93833
108424
43113
31443
153150
61342
108424
108424
104871
22174
72472
43113
43113
43113
43113
153150
108424
56427
43113
43113
43113
61342
43113
108424
104871
72472
104871
104871
72472
153150
149524
104871
104871
143086
104871
31443
153150
72472
85754
117700
123815
43113
43113
31443
153150
53621
43113
22174
125479
43113
153150
61342
61342
104871
153150
22174
108424
22174
153150
43113
108424
149524
104871
143086
43113
43113
61342
43113
76424
43113
104403
153150
43113
43113
43113
108424
153150
22174
43113
76424
108424
61342
61342
104871
136101
104871
108424
43113
61342
43113
43113
43113
43113
43113
61342
104871
43113
104871
43113
43113
153150
104871
43113
43113
43113
61342
153150
108424
153150
104871
104871
43113
108424
43113
108424
143086
43113
43113
117700
108424
43113
121805
108424
22174
94869
43113
43113
76424
104871
43113
153150
22174
104871
108424
43113
104871
153150
43113
108424
43113
43113
144899
153150
153150
104871
61342
108424
22174
43113
104871
108424
153150
61342
66737
76424
153150
123776
108424
43113
104871
153150
136101
153150
43113
110379
43113
143086
43113
117700
22174
104871
153150
61342
142464
43113
152859
153150
108424
153150
43113
43113
43113
43113
43113
43113
153150
104871
153150
153150
108424
72472
108424
104871
108424
153150
153150
153150
153150
61342
153150
43113
108424
104871
104871
150417
130387
104871
152834
122228
22174
104871
153150
43113
153150
153150
104871
43113
22174
76424
105976
129146
104871
104871
104871
21069
108424
43113
43113
31443
153150
153150
104871
43113
61342
43113
43113
108424
153150
108424
32092
104871
43113
43113
153150
144899
117700
43113
153150
153150
108424
67232
61342
61342
104403
43113
104871
153150
61342
153150
153150
104871
104871
104871
31443
104941
104871
104871
43113
43113
104871
153150
104871
43113
108424
43113
104871
43113
139723
43113
117700
94284
43113
43113
61342
43113
104871
139723
153150
153150
104871
72472
43113
61342
43113
108424
126616
61342
117700
117700
153150
72472
153150
108424
153150
104871
72472
153150
43113
104871
43113
61342
76424
104403
76424
6434
104871
31443
72472
108424
152859
149524
153150
104871
104871
108424
43113
31443
43113
72472
43113
43113
158102
104871
104871
123776
104871
43113
117700
104871
153150
153150
153150
104871
63623
61342
108424
43113
150417
108424
153150
43113
43113
108424
108424
43113
108424
104871
31443
108424
43113
61342
72472
104871
104871
43113
43113
43113
153150
43113
125660
104871
153150
43113
43113
43113
43113
153150
153150
23386
153150
104871
104871
104871
104871
104871
143086
43113
76424
153150
153150
104871
108424
104871
43113
67232
153150
153150
43113
104871
104871
73230
153150
104871
43113
153150
43113
125399
153150
153150
104871
43113
117700
104871
108424
43113
108424
76424
61342
104871
43113
153150
152859
43113
43113
104871
153150
108424
160384
43113
61342
108424
43113
134951
121032
43113
43113
43113
153150
43113
153150
153150
43113
61342
104871
61342
152859
31443
104871
129146
153150
76424
43113
153150
104941
117700
153150
43113
108424
153150
153150
143086
43113
59347
153150
153150
61342
72472
108424
104871
43113
108424
108424
153150
31443
104871
153150
153150
104871
153150
43113
110379
61342
108424
43113
61342
108424
153150
21069
43113
104871
61342
108424
43113
108424
61342
43113
43113
153150
61342
20677
31443
61631
160384
108424
153150
108424
160384
160384
43113
66737
66737
153150
43113
108424
14632
43113
104871
153150
149524
104871
61342
72472
104871
61342
153150
160384
112092
76424
144899
72472
43113
61342
153150
43113
61342
99091
31443
108424
160384
43113
104871
104871
153150
108424
153150
153150
130387
153150
149524
108424
104871
61342
61342
160384
31443
15298
61342
43113
153150
43113
43113
153150
31443
153150
153150
160384
104871
153150
66737
160384
43113
108424
153150
22174
104871
153150
43113
153150
13780
66737
160384
108424
104871
153150
160384
104871
43113
121032
104871
43113
144899
117700
104871
136725
106951
160384
160384
61342
153150
43113
43113
153150
43113
160384
108424
160384
144899
151490
153150
160384
43113
108424
153150
93297
104871
43113
160384
61342
76424
43113
104871
108424
43113
66737
43113
43113
160384
153150
43113
160384
104871
43113
160384
160384
149524
144899
153150
153150
160384
61342
81949
43113
61631
153150
160384
34912
43113
153150
104871
153150
106951
43113
104871
72472
153150
108424
108424
43113
144899
104871
43113
160384
21069
153150
61342
43113
43113
43113
153150
31443
61342
104871
108424
108424
160384
160384
22174
104871
43113
61342
136725
61342
61342
43113
72472
108424
37711
43113
43113
144899
104871
104871
144899
149524
108424
31443
104871
153150
108424
108424
76424
153150
153150
99091
30472
61342
112092
43113
82515
153150
43113
14632
104871
43113
43113
104871
144094
43113
72472
43113
153150
43113
22174
72472
61342
43113
61342
160384
43113
104871
108424
104871
153150
104871
43113
43113
153150
153150
61342
43113
108424
108424
43113
153150
43113
104871
149524
76424
61342
43113
43113
153150
43113
43113
43113
104871
43113
160384
43113
104871
108424
22174
104871
153150
108424
108424
153150
61342
31443
153150
61342
153150
61342
43113
108424
22174
160384
20896
108424
43113
104871
160384
108424
61342
104871
153150
153150
58963
43113
104871
22174
160384
61342
153150
66737
43113
43113
108424
108424
149524
153150
43113
160384
43113
72472
153150
104871
104871
43113
143086
153150
104871
104871
104871
104871
43113
108424
108424
153150
104871
61342
31443
43113
61342
104871
43113
43113
153150
66737
72472
61342
160384
108424
61342
104871
43113
153150
108424
43113
117700
153150
160384
144899
160384
76424
61342
152859
104871
153150
153150
43113
43113
104871
108424
143086
104871
43113
43113
56427
153150
160384
43113
104871
104871
43113
43113
43113
61342
153150
104871
22174
104871
153150
153150
121739
160384
160384
104871
61342
153150
108424
43113
43113
43113
43113
160384
108424
158102
153150
61342
104871
104871
108424
153150
106951
108424
43113
61342
153150
22174
160384
160384
14632
153150
61342
43113
104871
76424
43113
153150
22174
20896
104871
28178
153150
104871
160384
108424
143086
61342
72472
160384
153150
104871
104871
31443
104871
43113
160384
104871
43113
43113
104871
13780
160384
139723
22174
43113
153150
43113
66737
160384
153150
61342
153150
104871
43113
43113
22174
105976
153150
153150
43113
108424
108424
43113
65419
108424
153150
160384
108424
160384
43113
127971
160384
160384
160384
43113
153150
160384
160384
144072
153150
108424
160384
153150
117700
43113
66737
108424
153150
104871
22174
104871
153150
104871
61342
108424
104871
160384
43113
104871
136984
108424
43113
28178
104871
149280
153150
43113
104871
104871
160384
61342
108424
160384
74276
104871
153150
104871
59347
104871
22174
153150
160384
117700
43113
153150
160384
153150
43113
59347
160384
108424
72472
43113
43113
44704
153150
43113
43113
72472
108424
127330
153150
104871
158102
153150
104871
28408
104871
104871
121032
153150
153150
43113
43113
153150
160384
108424
104871
31443
20896
61342
160384
76424
153150
99091
31443
104871
160384
152859
104871
104871
61342
160384
61342
13780
104871
104871
108424
43113
76424
159424
22174
153150
108424
153150
149524
160384
153150
22174
153150
143086
43113
104871
153150
22174
160384
160384
153150
143086
108424
144899
160384
72472
153649
153150
22174
104871
43113
76424
43113
160384
153150
153150
139723
5963
104871
97744
43113
160384
43113
43113
104871
108424
153150
160384
43113
160384
31443
160384
104871
13780
43113
43113
160384
160384
160384
153150
108424
63623
43113
31443
108424
160384
160384
105976
72472
104871
93297
66737
160384
160384
43113
104871
160384
104871
94869
149524
43113
108424
43113
108424
61342
108424
108424
160384
160384
61342
160384
43113
43113
108424
43113
160384
43113
153150
160384
153150
153150
14632
72472
43113
63623
66737
66737
104871
43113
43113
160384
22174
108424
61342
153150
43113
104871
108424
43113
108424
160384
160384
61342
138833
160384
108424
104871
61342
143086
76424
43113
108424
158102
43113
61342
43113
160384
108424
43113
153150
153150
160384
153150
43113
153150
160384
43113
104871
149524
143086
153150
76424
43113
108424
63623
153150
72472
108424
61342
153150
153150
104871
43113
106951
96942
104871
153150
43113
153150
160384
160384
160384
153150
61342
43113
160384
160384
160384
160384
160384
104871
153150
43113
43113
104871
61342
61342
43113
43113
104871
104871
153150
153150
31443
108424
43113
160384
153150
61342
61342
160384
43113
160384
153150
61342
153150
108424
66737
153150
160384
43113
125399
160384
61342
43113
108424
153150
61342
153150
76292
43113
6434
43113
108424
104871
108424
43113
160384
153150
160384
160384
160384
76424
76424
160384
108424
153150
160384
153150
153150
43113
160384
160384
160384
153150
160384
153150
22174
160384
43113
61342
153150
153150
152859
108424
104871
61342
104871
104871
76424
43113
153150
160384
153150
31443
108424
160384
72472
104403
43113
43113
99091
160384
153150
153150
160384
149524
104871
43113
104871
160384
61342
104871
160384
153150
160384
104871
149524
160384
72472
58963
72472
104871
43113
153150
61342
149524
108424
104871
61342
160384
160384
153150
43113
104871
160384
43113
43113
43113
160384
43113
160384
43113
43113
160384
43113
149280
43113
160384
104871
150028
153150
160384
22174
153150
61629
104871
61342
43113
43113
160384
160384
153150
153150
160384
160384
153150
43113
160384
104871
108424
76424
1766
43113
160384
160384
160384
43113
160384
43113
76424
61342
43113
108424
61342
43113
61342
160384
104871
123776
136725
142994
72472
22174
160384
61342
153150
52418
160384
43113
43113
121739
153150
136725
153150
153150
160384
31443
153150
160384
160384
43113
160384
129146
104871
43113
153150
43113
43113
61342
125399
43113
67125
66737
160384
143086
104871
160384
117700
160384
43113
160384
160384
105976
76424
153150
153150
153150
153150
32092
160384
160384
108424
160384
153150
61342
160384
108424
160384
160384
104871
43113
61342
108424
61342
104871
160384
104871
43113
108424
61342
153150
153150
59347
160384
61342
104871
108424
153150
160384
22174
61342
43113
104403
22174
43113
93783
104871
30138
160384
58963
160384
153150
160384
108424
61342
160384
160384
104871
153150
160384
160384
72472
43113
160384
153150
104871
153150
43113
72472
61342
153150
160384
160384
104871
31443
72472
43113
160384
153150
160384
104871
153150
153150
104871
160384
108424
108424
43113
152859
153150
43113
43113
160384
160384
35531
153150
160384
61342
108424
150028
160384
104871
104871
43113
104871
112092
153150
61342
153150
160384
158102
43113
160384
160384
153150
61342
160384
160384
160384
160384
160384
160384
149280
160384
104871
153150
153150
160384
58247
43113
43113
153150
160384
160384
108424
160384
160384
43113
108424
43113
104871
110379
43113
143086
43113
153150
43113
61342
108424
108424
160384
160384
105976
61342
61342
139723
76424
150417
160384
43113
104871
160384
43113
153150
31443
104871
61342
160384
160384
153150
153150
160384
43113
153150
160384
158102
153150
160384
104871
43113
43113
160384
160384
160384
104871
108424
160384
76424
76424
153150
31443
160384
108424
160384
153150
160384
43113
160384
160384
153150
31443
139723
43113
153150
153150
160384
104871
160384
160384
108424
153150
160384
123776
104871
160384
104871
160384
104871
43113
160384
43113
43113
108424
160384
108424
66894
43113
72472
61342
43113
112092
43113
160384
153150
160384
160384
104871
153150
43113
104871
160384
160384
160384
104871
104871
61342
104871
104871
160384
43113
77155
108424
61342
43113
104871
31443
61342
160384
121032
22174
153150
153150
105976
160384
160384
43113
61342
112523
160384
153150
108424
43113
153150
153150
108424
104871
104871
158102
61342
104871
108424
104871
160384
160384
61342
160384
43113
153150
104871
43113
160384
104871
43113
61342
104871
43113
104871
61342
153150
43113
61342
160384
153150
160384
160384
43113
104871
153150
76424
43113
104871
43113
43113
72472
160384
160384
108424
153150
43113
117700
153150
104871
43113
160384
153150
104871
31443
43113
43113
104871
153150
160384
31443
160384
43113
160384
104871
61342
160384
153150
160384
13780
153150
43113
160384
108424
67452
104871
43113
22174
104871
153150
160384
160384
66737
159424
43113
153150
72472
104871
153150
153150
153150
160384
139723
160384
134951
72472
149280
108424
104871
104871
153150
43113
116762
149524
108424
76424
160384
160384
43113
160384
104871
43113
43113
104871
160384
160384
153150
160384
61342
104871
153150
160384
153150
160384
153150
160384
160384
160384
160384
66737
72472
160384
43113
160384
104871
153150
160384
108424
43113
44460
139723
61342
61342
61342
153150
103138
43113
160384
61342
160384
108424
108424
104871
160384
43113
108424
43113
43113
160384
99091
160384
14632
143086
160384
22174
43113
143086
160384
160384
22174
43113
108424
121032
104871
160384
153150
108424
153150
14632
150417
108424
31443
104871
160384
153150
43113
22174
160384
160384
149524
160384
6434
108424
43113
61342
113779
108424
104871
153150
152859
153150
43113
43113
160384
152859
43113
160384
105976
153150
153150
104871
104871
43113
43113
108424
22174
143086
43113
160384
153150
160384
104871
160384
160384
61342
31443
104403
61342
160384
108424
160384
160384
160384
15298
153150
53621
160384
105976
61342
153150
153150
104871
160384
108424
108424
104871
117700
158102
43113
104871
43113
43113
160384
160384
43113
160384
61342
23386
136101
43113
43113
153150
43113
160384
143086
160384
43113
153150
43113
160384
153150
76424
160384
143086
104871
160384
43113
153150
104871
20896
31443
108424
153150
31443
43113
43113
43113
143086
160384
108424
43113
104871
43113
22174
115872
61342
160384
43113
160384
160384
160384
108424
144899
43113
117700
153150
104871
160384
104871
15412
22174
104871
160384
20896
160384
104871
72472
160384
14632
160384
43113
43113
104871
61342
43113
143086
108424
104871
61342
104871
104871
104871
57481
160384
43113
117700
160384
14632
160384
43113
104871
43113
21069
160384
104871
160384
153150
153150
94001
43113
104871
153150
144899
104871
153150
153150
160384
153150
106951
43113
160384
43113
160384
160384
160384
153150
84583
153150
158102
160384
76424
104871
61342
104871
104871
43113
160384
117700
125399
22174
104871
160384
153150
160384
43113
160384
43113
76424
110379
160384
160384
160384
143086
160384
129146
160384
43113
160384
22174
104871
160384
104871
43113
153150
108424
153150
160384
14632
61342
43113
43113
61342
108424
121032
22174
160384
160384
160384
160384
153150
61342
43113
108424
153150
160384
160384
108424
104871
160384
43113
143086
66737
160384
160384
160384
153150
153150
108424
160384
160384
160384
160384
160384
22174
123776
153150
43113
160384
144899
22174
43113
43113
160384
43113
153150
153150
160384
160384
104871
160384
43113
153150
108424
43113
153150
160384
104871
160384
61342
160384
43113
160384
153150
104871
108424
104871
160384
61342
61342
61342
61342
160384
160384
43113
43113
160384
43113
43113
160384
108424
43113
108424
160384
160384
104871
160384
22174
160384
61342
108424
160384
160384
153150
104871
153150
104871
108424
160384
160384
43113
160384
61342
43113
153150
160384
22174
43113
160384
160384
160384
160384
149524
125399
153150
104871
13780
43113
117700
108424
160384
108424
160384
150417
22174
149524
153150
61342
43113
117700
43113
43113
160384
160384
160384
160384
160384
160384
31443
43113
160384
160384
160384
104871
108424
43113
160384
160384
72472
160384
22174
160384
153150
43113
108424
43113
61342
104871
153150
160384
139723
160384
160384
43113
160384
104871
153150
104871
108424
108424
160384
160384
152859
160384
61342
104871
160384
160384
108424
104871
90836
43113
153150
160384
160384
143086
43113
160384
160384
43113
160384
43113
61342
160384
104871
43113
44460
108424
20677
153150
43113
160384
160384
104871
43113
160384
160384
160384
61342
160384
153150
61342
130387
66989
160384
99091
61342
153150
61342
160384
160384
61342
104871
160384
104871
153150
153150
153150
104871
43113
160384
160384
160384
160384
31443
104871
160384
160384
153150
43113
108424
66737
160384
160384
149524
108424
63623
104871
153150
153150
22174
160384
160384
160384
104871
127971
160384
6434
160384
99091
160384
67232
153150
160384
144899
160384
72472
106951
158102
153150
160384
153150
66737
104871
61342
14632
108424
61342
160384
153150
104871
153150
160384
160384
160384
108424
153150
153150
153150
45109
43113
160384
43113
43113
104871
160384
153150
108424
160384
43113
104871
10616
160384
160384
160384
160384
160384
43113
108424
104871
43113
61342
43113
160384
153150
43113
104871
43113
58963
160384
108424
108424
160384
43113
104871
43113
160384
160384
43113
160384
24434
110379
61342
160384
22174
160384
149524
43113
143086
160384
160384
22174
43113
43113
104871
160384
108424
160384
43113
160384
61342
122745
127971
160384
160384
153150
43113
108424
160384
160384
153150
160384
158102
72472
160384
160384
43113
61342
108424
80365
108424
153150
43113
160384
160384
160384
43113
160384
160384
160384
160384
160384
159424
160384
43113
160384
160384
160384
153150
153150
160384
160384
20677
153150
43113
108424
160384
153150
31443
43113
160384
160384
153150
43113
43113
160384
43113
43113
160384
160384
153150
43113
153150
153150
160384
31443
153150
160384
61342
153150
153150
43113
61342
153150
104871
160384
43113
160384
22174
153150
160384
61342
160384
160384
61342
126616
160384
160384
160384
43113
160384
153150
108424
152859
108424
153150
158102
160384
43113
43113
43113
61342
104871
43113
43113
22174
43113
160384
153150
104871
160384
160384
160384
149524
160384
61342
153150
160384
160384
61342
43113
160384
72472
43113
160384
153150
160384
160384
160384
153150
160384
160384
160384
160384
61342
104871
153150
72472
160384
43113
153150
160384
160384
61342
43113
104871
153150
43113
160384
99091
143086
160384
43113
72472
61342
104871
76424
160384
160384
108424
160384
61342
22174
160384
160384
160384
73859
43113
61342
160384
160384
58963
43113
43113
160384
43113
58963
43113
160384
160384
143086
76424
160384
11886
139723
153150
115556
31443
72472
31443
61342
160384
43113
61342
104871
53627
153150
153150
47085
43113
153150
43113
125399
160384
153150
61342
160384
160384
104871
153150
43113
149524
160384
153150
160384
43113
160384
160384
104871
31443
104871
43113
108424
153150
160384
160384
61342
160384
134951
43113
160384
160384
150028
108424
61342
44704
104871
104871
82515
160384
104871
160384
104871
160384
108424
144899
160384
143060
160384
160384
160384
61342
43113
31443
160384
153150
139723
153150
104871
160384
43113
160384
160384
153150
160384
104871
160384
160384
160384
126616
160384
43113
108424
153150
108424
108424
160384
153150
104871
160384
160384
72472
153150
43113
43113
160384
104871
160384
160384
160384
160384
160384
160384
61342
43113
160384
43113
104871
143086
22174
160384
22174
108424
65591
153150
160384
160384
104871
160384
160384
160384
160384
104871
43113
108424
108424
59347
160384
53621
160384
160384
149524
160384
160384
158102
43113
160384
31443
160384
43113
160384
104871
153150
160384
160384
160384
160384
160384
61342
160384
153150
22174
117700
14632
153150
160384
160384
76424
153150
160384
14632
160384
160384
153150
65419
117700
160384
43113
108424
160384
43113
43113
117700
43113
31443
153150
61342
108424
160384
160384
160384
61342
31443
160384
160384
160384
76424
160384
108424
160384
43113
160384
72472
153150
160384
160384
43113
153150
160384
160384
160384
143550
160384
43113
153150
160384
22174
160384
143086
160384
104871
104871
108424
104871
76424
153150
160384
43113
160384
153150
143086
61342
160384
104871
160384
160384
104871
153150
160384
160384
108424
160384
160384
160384
43113
90836
153150
156888
160384
97744
104871
104871
160384
43113
160384
153150
160384
104871
61342
43113
160384
108424
22174
153150
43113
160384
160384
104871
30138
43113
21069
153150
117700
160384
160384
59347
160384
153150
160384
105976
160384
160384
108424
160384
160384
160384
43113
43113
160384
160384
153150
22174
61629
160384
108424
3254
43113
43113
139723
160384
43113
160384
160384
43113
43113
160384
160384
108424
43113
108424
160384
160384
76424
61342
43113
160384
160384
134356
160384
160384
160384
108424
61342
160384
142464
160384
160384
160384
160384
160384
160384
153150
43113
112092
160384
153150
153150
61342
160384
160384
160384
43113
160384
117700
153150
112092
160384
108424
43113
160384
160384
160384
160384
160384
104871
153150
160384
43113
160384
160384
160384
76424
160384
153150
5963
43113
160384
160384
96942
160384
152859
160384
104871
160384
160384
160384
153150
104871
72472
43113
108424
160384
160384
160384
31443
160384
160384
66737
43113
160384
41532
153150
114723
96942
108424
43113
160384
108424
160384
72472
160384
160384
43113
106951
152859
160384
153150
153150
160384
22174
104871
153150
104871
160384
104871
43113
66737
160384
144899
160384
160384
104871
160384
76424
153150
160384
43113
108424
43113
61342
43113
160384
153150
117700
108424
31443
160384
160384
160384
104871
108424
104871
160384
153150
160384
160384
149524
153150
160384
117700
43113
160384
61342
150417
43113
160384
143086
153150
153150
160384
160384
160384
160384
160384
72472
160384
105976
153150
104871
61342
160384
108424
160384
153150
76424
104871
108424
153150
43113
22174
160384
108424
160384
104871
160384
153150
153150
160384
153150
160384
160384
158102
43113
153150
108424
153150
153150
153150
104871
160384
160384
31443
61342
104871
43113
160384
153150
153150
153150
43113
43113
160384
160384
108424
43113
43113
160384
43113
160384
160384
160384
43113
160384
61342
117700
160384
153150
153150
61342
160384
153150
160384
160384
160384
160384
43113
61342
153150
153150
104871
112092
160384
160384
160384
160384
104871
160384
160384
160384
160384
153150
160384
160384
153150
160384
43113
160384
76424
160384
106951
153150
160384
160384
108424
160384
43113
160384
104871
160384
43113
160384
160384
43113
160384
160384
117700
160384
43113
66737
160384
43113
153150
160384
160384
160384
61342
104871
160384
153150
160384
160384
153150
160384
108424
103138
153150
160384
108424
160384
150028
160384
160384
160384
108424
153150
22174
31443
153150
160384
104871
160384
22174
31443
160384
160384
160384
153150
104871
160384
160384
117700
160384
108424
108424
43113
160384
108424
106951
153150
160384
160384
61342
61342
160384
160384
160384
160384
43113
160384
160384
160384
43113
160384
43113
160384
160384
160384
61342
104871
108424
61342
43113
160384
43113
123776
160384
43113
104871
160384
72472
143086
104871
108424
66737
104871
43113
22174
160384
43113
76424
153150
104871
160384
153150
76424
160384
160384
160384
43113
108424
153150
160384
160384
66737
76424
160384
160384
43113
43113
160384
43113
56992
160384
153150
108424
23386
160384
53621
117700
110379
160384
43113
153150
76424
160384
160384
43113
61342
160384
104871
104871
160384
43113
31443
160384
104871
160384
160384
1766
160384
153150
160384
43113
160384
160384
160384
61342
76424
153150
160384
20896
160384
153150
43113
160384
139723
160384
160384
160384
160384
160384
160384
160384
160384
43113
160384
160384
153150
153150
153150
160384
43113
43113
153150
61342
43113
160384
108424
160384
108424
61342
160384
43113
160384
160384
150417
76424
61342
160384
160384
153150
160384
160384
160384
61342
160384
160384
160384
160384
160384
43113
160384
160384
104871
22174
153150
108424
61342
104871
160384
160384
160384
43113
61342
121805
43113
104871
160384
72472
23386
160384
160384
108424
108424
153150
104871
43113
104871
160384
160384
153150
153150
6434
108424
43113
160384
160384
160384
153150
61342
104871
160384
43113
43113
153150
160384
72472
31443
104871
160384
160384
153150
43113
160384
160384
104871
125399
150417
160384
153150
61342
160384
160384
153150
61342
160384
13780
153150
104871
153150
61342
143086
160384
160384
160384
104871
160384
160384
108424
160384
160384
160384
61342
160384
160384
43113
160384
158102
76424
160384
160384
160384
160384
160384
43113
108424
22174
61342
63623
104871
160384
160384
43113
160384
106951
160384
14632
104871
160384
160384
160384
160384
160384
160384
104871
160384
160384
160384
117700
130387
160384
104871
160384
160384
160384
43113
43113
108424
61342
108424
43113
160384
160384
160384
160384
160384
108424
160384
61342
134951
160384
153150
160384
160384
160384
160384
43113
160384
160384
43113
160384
43113
160384
74384
160384
160384
160384
160384
104871
160384
106951
121032
153150
160384
160384
104871
43113
160384
108424
43113
108424
160384
160384
160384
160384
104871
43113
160384
160384
61342
153150
104871
160384
104871
160384
160384
160384
43113
108424
61342
20677
61342
160384
43113
160384
160384
43113
43113
61342
160384
160384
104871
153150
160384
31443
160384
153150
160384
104871
160384
160384
160384
160384
43113
160384
160384
160384
104871
160384
76424
153150
61342
104871
104871
160384
61342
160384
108424
104871
43113
108424
130387
160384
160384
160384
153150
160384
108424
160384
160384
160384
160384
43113
160384
160384
160384
160384
43113
139723
160384
160384
43113
160384
104871
24434
160384
160384
14632
104871
160384
160384
160384
43113
104871
160384
22174
160384
153150
43113
160384
160384
61342
153150
160384
160384
43113
160384
121032
21069
160384
43113
153150
43113
31443
160384
160384
150417
104871
43113
160384
153150
160384
61342
160384
160384
160384
160384
149524
61342
76424
153150
160384
160384
43113
76424
160384
61342
121032
160384
66737
58963
160384
160384
153150
104871
117700
117700
160384
23386
160384
160384
43113
160384
160384
43113
43113
153150
153150
122228
160384
160384
43113
160384
160384
160384
43113
153150
160384
153150
43113
160384
22174
160384
160384
108424
43113
153150
160384
160384
104871
160384
160384
61342
160384
31443
43113
143086
160384
121032
160384
31443
43113
61342
160384
43113
160384
31443
160384
104871
160384
160384
160384
160384
160384
22174
108424
153150
44704
61342
160384
61342
160384
160384
160384
104871
158102
43113
108424
160384
31443
153150
160384
158102
160384
43113
160384
160384
43113
108424
160384
43113
160384
82515
160384
160384
160384
90900
22174
160384
160384
160384
43113
160384
160384
104871
160384
160384
160384
43113
160384
117700
61342
61342
160384
153150
152859
108424
152834
160384
160384
61342
160384
160384
153150
160384
160384
160384
160384
43113
160384
160384
43113
160384
160384
67232
61342
160384
104871
153150
108424
160384
160384
104871
160384
160384
160384
72538
160384
160384
43113
160384
72472
160384
160384
160384
152859
41481
104871
153150
104871
160384
104871
61342
160384
160384
104871
160384
117700
153150
160384
108424
160384
153150
67232
160384
160384
160384
160384
136725
43113
160384
44704
160384
160384
160384
108424
104871
160384
160384
153150
160384
153150
160384
160384
104871
108424
160384
61342
153150
43113
31443
160384
153150
104871
160384
43113
153150
160384
160384
61342
153150
160384
160384
108424
160384
160384
160384
43113
160384
153150
104871
160384
43113
160384
43113
43113
43113
160384
61342
53621
160384
43113
61342
153150
149524
43113
160384
160384
153150
160384
160384
43113
160384
43113
76424
160384
43113
160384
112092
104871
153150
160384
22174
140185
160384
43113
14632
43113
160384
108424
43113
43113
160384
160384
160384
43113
160384
41481
108424
160384
104871
110379
43113
31443
43113
22174
160384
153150
104871
153150
153150
104871
149524
104871
61342
22174
104871
43113
61342
153150
22174
160384
160384
156888
160384
160384
153150
43113
153150
117700
56427
160384
41481
160384
160384
153150
43113
153150
61342
160384
158102
160384
104871
104871
43113
160384
160384
153150
160384
22174
160384
160384
150028
160384
160384
153150
104871
153150
153150
160384
160384
153150
43113
160384
104871
160384
43113
104871
108424
117700
153150
160384
61629
160384
160384
22174
43113
149524
105976
104871
160384
108424
108424
61342
61342
134951
153150
43113
108424
61342
160384
153649
104871
160384
9683
153150
160384
160384
160384
22174
160384
160384
104871
160384
160384
153150
160384
144899
41481
160384
76424
160384
160384
125479
160384
160384
160384
160384
160384
160384
61342
13780
43113
160384
153150
160384
108424
108424
160384
43113
153150
61342
160384
134951
160384
160384
108424
66737
43113
31443
13780
153150
160384
160384
160384
61342
160384
61342
160384
117700
104871
43113
22174
160384
43113
160384
66737
160384
153150
66737
61342
153150
43113
129146
108424
160384
160384
160384
153150
108424
160384
43113
43113
160384
160384
160384
153150
104871
43113
160384
43113
160384
160384
43113
160384
32092
160384
160384
160384
160384
160384
66737
160384
160384
43113
160384
160384
108424
104871
43113
160384
43113
76424
160384
160384
160384
104871
160384
160384
43113
31443
61342
160384
104871
153150
160384
160384
160384
160384
61342
43113
108424
160384
43113
160384
153150
160384
160384
160384
160384
144899
153150
160384
160384
160384
43113
43113
160384
43113
43113
160384
160384
160384
160384
160384
130387
160384
104871
160384
43113
160384
160384
160384
160384
153150
31443
160384
117700
31443
117700
153150
160384
160384
61342
160384
153150
160384
160384
43113
43113
160384
61342
43113
160384
160384
160384
160384
160384
49952
160384
153150
160384
14632
61342
104871
160384
160384
43113
160384
43113
160384
160384
99091
113779
160384
66737
104871
160384
160384
108424
160384
160384
43113
160384
160384
127971
160384
76424
160384
43113
61342
104871
99091
43113
61342
160384
160384
104871
160384
160384
160384
160384
108424
43113
160384
160384
160384
160384
61342
43113
160384
76292
43113
160384
99091
160384
160384
160384
61342
160384
160384
104871
43113
43113
104871
160384
160384
105976
43113
160384
160384
160384
43113
160384
160384
160384
31443
160384
153150
160384
61342
160384
43113
160384
160384
43113
61342
160384
104871
160384
160384
61342
160384
136725
160384
104871
160384
149524
153150
61342
43113
160384
66737
99091
160384
160384
142464
61342
160384
142464
160384
144899
160384
153150
31443
153150
104871
160384
43113
43113
160384
160384
153150
22174
23386
160384
160384
160384
108424
43113
104871
153150
160384
43113
160384
112092
104871
160384
108424
160384
160384
149482
160384
160384
160384
153150
104871
43113
160384
160384
160384
61342
160384
160384
160384
43113
160384
160384
160384
160384
160384
105976
153150
160384
160384
99091
160384
160384
104871
160384
160384
160384
160384
104871
127971
43113
160384
143086
160384
104871
160384
153150
160384
160384
104871
76424
160384
104871
160384
104871
160384
139723
76292
43113
160384
108424
160384
43113
108424
104871
160384
43113
43113
160384
76424
153150
153150
160384
160384
160384
160384
160384
104871
76424
108424
43113
43113
43113
160384
61342
104871
153150
31443
160384
43113
72472
150417
153150
160384
43113
139723
76424
160384
153150
43113
61342
108424
153150
108424
153150
43113
160384
160384
160384
43113
160384
43113
160384
104871
160384
160384
160384
43113
160384
85754
126616
160384
160384
66737
160384
160384
153150
130503
160384
104871
43113
160384
160384
160384
153150
160384
153150
160384
143086
108424
61342
43113
160384
104871
160384
160384
160384
153150
72472
160384
160384
153150
160384
61342
43113
153150
43113
153150
160384
160384
160384
160384
160384
97744
160384
153150
43113
43113
160384
31443
108424
160384
160384
160384
160384
160384
160384
160384
160384
66737
27470
31443
43113
153150
104871
160384
160384
152859
160384
160384
160384
22174
160384
160384
153150
160384
6434
66737
117700
160384
160384
160384
160384
160384
160384
160384
153150
160384
160384
63623
160384
160384
139723
160384
104871
160384
117700
160384
160384
153150
160384
160384
104871
160384
160384
22174
160384
104871
121739
108424
43113
160384
160384
116209
104871
160384
160384
153150
61342
43113
160384
160384
108424
153150
160384
160384
66737
160384
43113
160384
72472
160384
43113
43113
152859
117700
160384
160384
160384
160384
160384
160384
22174
61342
160384
153150
153150
43113
160384
160384
160384
160384
153150
22174
160384
43113
160384
43113
153150
160384
61342
160384
160384
153150
43113
160384
43113
43113
43113
160384
160384
160384
129399
11886
160384
160384
160384
160384
160384
160384
160384
20677
108424
72472
108424
160384
104871
160384
104871
160384
153150
104871
160384
160384
160384
160384
160384
160384
160384
160384
104871
160384
160384
160384
108424
160384
160384
160384
153150
160384
160384
31443
104871
160384
117700
160384
160384
160384
153150
160384
160384
160384
43113
61342
153150
143086
160384
43113
160384
153150
43113
160384
139723
153150
160384
160384
160384
160384
160384
43113
153150
160384
160384
108424
160384
104871
72472
22174
123776
160384
61342
104871
160384
43113
121739
14632
160384
61342
160384
160384
160384
160384
160384
108424
153150
153150
104871
153150
63623
160384
153150
153150
160384
160384
160384
160384
160384
104871
43113
108424
160384
160384
117700
160384
160384
108424
106951
160384
160384
160384
160384
160384
160384
61342
160384
160384
31443
153150
104871
104871
153150
104871
160384
160384
104871
76424
22174
153150
104871
61342
153150
160384
160384
160384
160384
160384
160384
160384
160384
160384
104871
153150
153150
43113
160384
152859
153150
153150
104871
153150
117700
43113
160384
160384
153150
104871
153150
43113
104871
160384
160384
104871
160384
160384
104871
104871
160384
153150
160384
108424
108424
22174
153150
153150
104871
59347
43113
43113
160384
160384
105976
43113
160384
160384
108424
160384
43113
153150
160384
160384
22174
160384
104871
108424
160384
160384
160384
72472
160384
104871
153150
160384
160384
153150
160384
43113
160384
160384
153150
160384
160384
104871
160384
61342
160384
160384
160384
160384
160384
153150
66056
160384
153150
22174
160384
160384
160384
160384
160384
160384
61342
160384
22174
160384
76424
67232
43113
13780
36274
43113
104871
160384
22174
160384
160384
104871
153150
160384
160384
160384
160384
153150
160384
160384
160384
160384
160384
153150
160384
41481
104871
160384
160384
76424
108424
160384
31443
160384
160384
160384
160384
43113
160384
153150
43113
160384
160384
160384
43113
160384
160384
160384
160384
160384
104871
160384
160384
160384
160384
61342
160384
153150
160384
43113
160384
160384
160384
160384
104871
104871
160384
153150
56427
160384
43113
43113
160384
160384
160384
43113
108424
153150
160384
160384
104871
104871
160384
43113
43113
43113
160384
160384
160384
160384
160384
160384
104871
160384
160384
153150
160384
160384
160384
160384
117700
160384
160384
160384
160384
22174
160384
160384
130898
61342
160384
43113
160384
160384
160384
104871
160384
108424
143086
43113
160384
108424
153150
160384
160384
104871
104871
160384
43113
43113
99091
153150
153150
43113
43113
117700
153150
160384
43113
160384
43113
160384
104871
61342
153150
43113
160384
153150
160384
144899
160384
160384
160384
160384
160384
104871
153150
61342
160384
61342
160384
160384
160384
160384
53621
160384
43113
43113
160384
160384
153150
160384
61342
61342
160384
160384
160384
61342
149524
104871
160384
160384
160384
160384
43113
43113
31443
117700
160384
108424
160384
160384
149524
61342
160384
108424
160384
160384
160384
160384
160384
108424
108424
43113
160384
153150
76424
109305
160384
160384
160384
160384
160384
160384
153150
160384
160384
160384
104871
43113
108424
61342
43113
160384
160384
160384
160384
160384
104871
104871
108424
160384
160384
160384
160384
160384
153150
160384
160384
160384
160384
160384
160384
153150
160384
160384
104871
108424
160384
61342
160384
142464
104871
160384
160384
108424
104871
29462
43113
160384
160384
160384
160384
104871
104871
158102
160384
117700
160384
153150
153150
160384
160384
43113
160384
160384
160384
104871
153150
61342
61342
160384
160384
160384
160384
160384
117700
160384
160384
160384
153150
76424
61342
31443
153150
160384
160384
149524
160384
160384
43113
160384
160384
61342
14632
160384
72472
160384
43113
160384
61342
31443
160384
160384
104871
160384
61342
160384
160384
31443
22174
108424
160384
160384
160384
104871
160384
148320
160384
108424
160384
160384
160384
160384
160384
160384
160384
66737
160384
153150
160384
153150
153150
160384
160384
160384
160384
160384
160384
160384
160384
117700
160384
160384
160384
160384
43113
61629
160384
117700
160384
104871
150028
152859
104871
160384
160384
72472
8938
160384
160384
153150
160384
153150
20677
160384
153150
160384
104871
160384
160384
160384
160384
160384
108424
160384
160384
160384
153150
153150
149524
160384
160384
160384
43113
160384
43113
160384
43113
160384
160384
160384
160384
61342
160384
117700
160384
43113
160384
160384
160384
160384
160384
104871
160384
160384
117700
160384
160384
61342
160384
143086
160384
104871
43113
153150
160384
160384
61342
160384
160384
160384
153150
160384
160384
104871
160384
160384
160384
136101
160384
144899
160384
136725
160384
160384
104871
160384
160384
160384
160384
153150
43113
160384
43113
160384
72472
43113
160384
160384
160384
160384
43113
160384
127971
22174
22174
127971
160384
160384
45109
160384
61342
72472
160384
152859
72472
104871
43113
160384
153150
153150
160384
43113
31443
160384
160384
31443
160384
108424
160384
160384
43113
160384
104871
160384
160384
160384
160384
160384
108424
43113
160384
160384
160384
160384
43113
61342
160384
160384
153150
104871
160384
160384
144899
160384
160384
153150
160384
153150
104871
149524
117700
160384
160384
160384
143086
160384
153150
108424
61342
160384
104871
106951
160384
160384
160384
160384
160384
160384
160384
160384
160384
160384
160384
153150
160384
104871
108424
72472
153150
104871
104871
43113
160384
104871
160384
121032
76424
160384
160384
160384
160384
160384
126616
43113
117700
160384
160384
153150
43113
160384
160384
43113
160384
104871
160384
160384
160384
104871
43113
160384
160384
160384
43113
160384
160384
160384
108424
31443
104871
160384
43113
19564
160384
117700
160384
43113
160384
160384
160384
160384
160384
61342
152859
160384
61342
43113
160384
160384
160384
160384
104871
160384
61342
160384
160384
66737
160384
160384
160384
43113
160384
160384
152859
108424
43113
160384
160384
61342
22174
31443
160384
43113
160384
160384
160384
160384
43113
160384
153150
142464
160384
160384
160384
160384
160384
160384
104871
130387
43113
61342
160384
43113
160384
160384
160384
160384
104871
160384
160384
160384
160384
43113
160384
160384
160384
160384
43113
160384
150028
160384
153150
160384
108424
160384
43113
160384
160384
160384
43113
160384
43113
153150
61342
43113
153150
160384
56427
61342
160384
160384
160384
153150
43113
160384
43113
160384
72472
160384
160384
108424
160384
61342
160384
104871
61342
153150
160384
43113
153150
160384
160384
160384
160384
104871
43113
117700
160384
160384
160384
31443
108424
160384
160384
153150
160384
160384
160384
160384
160384
108424
153150
152859
153150
160384
108424
61342
61342
160384
108424
160384
160384
160384
160384
160384
160384
160384
160384
160384
108424
43113
160384
160384
108424
160384
160384
132369
160384
160384
160384
160384
160384
160384
153150
153150
43113
160384
160384
160384
160384
160384
36274
160384
160384
160384
31443
139723
117700
160384
108424
160384
22174
22174
160384
31443
60596
76424
108424
160384
66737
108424
159424
61342
108424
160384
43113
1420
160384
61342
160384
160384
160384
160384
76424
160384
160384
108424
108424
160384
160384
153150
139723
160384
153150
160384
160384
153150
160384
104871
61342
160384
43113
160384
160384
61342
160384
160384
43113
61342
160384
160384
153150
160384
160384
160384
160384
107451
43113
160384
160384
160384
160384
160384
160384
153150
160384
76424
160384
104871
160384
160384
44704
61342
31443
43113
160384
97341
160384
153150
160384
160384
160384
160384
61342
160384
36355
160384
160384
121032
160384
160384
160384
160384
153150
160384
104871
160384
160384
160384
160384
160384
160384
31443
43113
160384
61342
160384
160384
160384
160384
160384
158102
160384
160384
160384
160384
153150
160384
160384
108424
153150
153150
43113
160384
160384
160384
67125
160384
43113
104871
160384
110379
61342
153150
160384
160384
44460
160384
160384
108424
160384
160384
160384
153150
153150
31443
104871
160384
61342
43113
160384
160384
160384
139723
76424
160384
160384
160384
43113
108424
160384
160384
160384
43113
153150
150417
43113
153150
160384
160384
160384
160384
160384
160384
160384
160384
160384
153150
160384
153150
160384
153150
160384
160384
160384
108424
104871
160384
160384
160384
76424
149524
160384
104871
139723
160384
160384
160384
160384
43113
160384
150028
160384
160384
160384
160384
160384
153150
160384
160384
160384
160384
160384
108424
160384
160384
160384
31443
160384
160384
160384
144899
160384
61342
160384
1766
22174
150028
160384
108424
160384
160384
43113
22174
61342
43113
160384
153150
160384
160384
160384
61342
160384
160384
104871
76424
108424
160384
61342
61342
160384
160384
68271
160384
160384
160384
153150
160384
160384
160384
160384
160384
160384
160384
143086
61342
160384
43113
61342
153150
160384
72472
153150
160384
160384
160384
67996
160384
160384
160384
43113
160384
43113
104871
160384
160384
104871
160384
31443
72472
43113
153150
117700
160384
153150
160384
160384
160384
160384
