This is pdfTeX, Version 3.1415926-2.3-1.40.12 (MiKTeX 2.9) (preloaded format=pdflatex 2016.4.5)  25 APR 2016 17:56
entering extended mode
**E:/360云盘/ioi2016Part*2/ppt/答辩ppt(佛山石中李子豪).tex
("E:/360云盘/ioi2016Part 2/ppt/答辩ppt(佛山石中李子豪).tex"
LaTeX2e <2011/06/27>
Babel <v3.8m> and hyphenation patterns for loaded.
(D:\CTEX\MiKTeX\tex\latex\beamer\base\beamer.cls
(D:\CTEX\MiKTeX\tex\latex\beamer\base\beamerbasercs.sty
Package: beamerbasercs 2012/02/22 (rcs-revision 46e1bc9c9b76)
)
Document Class: beamer 2011/09/12 development version 3.14 A class for typesett
ing presentations (rcs-revision 70f9d8411e54)
(D:\CTEX\MiKTeX\tex\latex\beamer\base\beamerbasemodes.sty
Package: beamerbasemodes 2010/05/01 (rcs-revision efa082c6111d)
\beamer@tempbox=\box26
\beamer@tempcount=\count79
\c@beamerpauses=\count80

(D:\CTEX\MiKTeX\tex\latex\beamer\base\beamerbasedecode.sty
Package: beamerbasedecode 2010/05/01 (rcs-revision efa082c6111d)
\beamer@slideinframe=\count81
\beamer@minimum=\count82
)
\beamer@commentbox=\box27
\beamer@modecount=\count83
)
(D:\CTEX\MiKTeX\tex\generic\oberdiek\ifpdf.sty
Package: ifpdf 2011/01/30 v2.3 Provides the ifpdf switch (HO)
Package ifpdf Info: pdfTeX in PDF mode is detected.
)
\headheight=\dimen102
\headdp=\dimen103
\footheight=\dimen104
\sidebarheight=\dimen105
\beamer@tempdim=\dimen106
\beamer@finalheight=\dimen107
\beamer@animht=\dimen108
\beamer@animdp=\dimen109
\beamer@animwd=\dimen110
\beamer@leftmargin=\dimen111
\beamer@rightmargin=\dimen112
\beamer@leftsidebar=\dimen113
\beamer@rightsidebar=\dimen114
\beamer@boxsize=\dimen115
\beamer@vboxoffset=\dimen116
\beamer@descdefault=\dimen117
\beamer@descriptionwidth=\dimen118
\beamer@lastskip=\skip41
\beamer@areabox=\box28
\beamer@animcurrent=\box29
\beamer@animshowbox=\box30
\beamer@sectionbox=\box31
\beamer@logobox=\box32
\beamer@linebox=\box33
\beamer@sectioncount=\count84
\beamer@subsubsectionmax=\count85
\beamer@subsectionmax=\count86
\beamer@sectionmax=\count87
\beamer@totalheads=\count88
\beamer@headcounter=\count89
\beamer@partstartpage=\count90
\beamer@sectionstartpage=\count91
\beamer@subsectionstartpage=\count92
\beamer@animationtempa=\count93
\beamer@animationtempb=\count94
\beamer@xpos=\count95
\beamer@ypos=\count96
\beamer@showpartnumber=\count97
\beamer@currentsubsection=\count98
\beamer@coveringdepth=\count99
\beamer@sectionadjust=\count100
\beamer@tocsectionnumber=\count101

(D:\CTEX\MiKTeX\tex\latex\beamer\base\beamerbaseoptions.sty
Package: beamerbaseoptions 2010/04/27 (rcs-revision 982469101dd6)

(D:\CTEX\MiKTeX\tex\latex\graphics\keyval.sty
Package: keyval 1999/03/16 v1.13 key=value parser (DPC)
\KV@toks@=\toks14
))
\beamer@paperwidth=\skip42
\beamer@paperheight=\skip43

(D:\CTEX\MiKTeX\tex\latex\geometry\geometry.sty
Package: geometry 2010/09/12 v5.6 Page Geometry

(D:\CTEX\MiKTeX\tex\generic\oberdiek\ifvtex.sty
Package: ifvtex 2010/03/01 v1.5 Switches for detecting VTeX and its modes (HO)
Package ifvtex Info: VTeX not detected.
)
(D:\CTEX\MiKTeX\tex\generic\ifxetex\ifxetex.sty
Package: ifxetex 2010/09/12 v0.6 Provides ifxetex conditional
)
\Gm@cnth=\count102
\Gm@cntv=\count103
\c@Gm@tempcnt=\count104
\Gm@bindingoffset=\dimen119
\Gm@wd@mp=\dimen120
\Gm@odd@mp=\dimen121
\Gm@even@mp=\dimen122
\Gm@layoutwidth=\dimen123
\Gm@layoutheight=\dimen124
\Gm@layouthoffset=\dimen125
\Gm@layoutvoffset=\dimen126
\Gm@dimlist=\toks15

(D:\CTEX\MiKTeX\tex\latex\geometry\geometry.cfg))
(D:\CTEX\MiKTeX\tex\latex\base\size11.clo
File: size11.clo 2007/10/19 v1.4h Standard LaTeX file (size option)
)
(D:\CTEX\MiKTeX\tex\latex\pgf\basiclayer\pgfcore.sty
(D:\CTEX\MiKTeX\tex\latex\graphics\graphicx.sty
Package: graphicx 1999/02/16 v1.0f Enhanced LaTeX Graphics (DPC,SPQR)

(D:\CTEX\MiKTeX\tex\latex\graphics\graphics.sty
Package: graphics 2009/02/05 v1.0o Standard LaTeX Graphics (DPC,SPQR)

(D:\CTEX\MiKTeX\tex\latex\graphics\trig.sty
Package: trig 1999/03/16 v1.09 sin cos tan (DPC)
)
(D:\CTEX\MiKTeX\tex\latex\00miktex\graphics.cfg
File: graphics.cfg 2007/01/18 v1.5 graphics configuration of teTeX/TeXLive
)
Package graphics Info: Driver file: pdftex.def on input line 91.

(D:\CTEX\MiKTeX\tex\latex\pdftex-def\pdftex.def
File: pdftex.def 2011/05/27 v0.06d Graphics/color for pdfTeX

(D:\CTEX\MiKTeX\tex\generic\oberdiek\infwarerr.sty
Package: infwarerr 2010/04/08 v1.3 Providing info/warning/message (HO)
)
(D:\CTEX\MiKTeX\tex\generic\oberdiek\ltxcmds.sty
Package: ltxcmds 2011/04/18 v1.20 LaTeX kernel commands for general use (HO)
)
\Gread@gobject=\count105
))
\Gin@req@height=\dimen127
\Gin@req@width=\dimen128
)
(D:\CTEX\MiKTeX\tex\latex\pgf\systemlayer\pgfsys.sty
(D:\CTEX\MiKTeX\tex\latex\pgf\utilities\pgfrcs.sty
(D:\CTEX\MiKTeX\tex\generic\pgf\utilities\pgfutil-common.tex
\pgfutil@everybye=\toks16
)
(D:\CTEX\MiKTeX\tex\generic\pgf\utilities\pgfutil-latex.def
\pgfutil@abb=\box34

(D:\CTEX\MiKTeX\tex\latex\ms\everyshi.sty
Package: everyshi 2001/05/15 v3.00 EveryShipout Package (MS)
))
(D:\CTEX\MiKTeX\tex\generic\pgf\utilities\pgfrcs.code.tex
Package: pgfrcs 2010/10/25 v2.10 (rcs-revision 1.24)
))
(D:\CTEX\MiKTeX\tex\generic\pgf\systemlayer\pgfsys.code.tex
Package: pgfsys 2010/06/30 v2.10 (rcs-revision 1.37)

(D:\CTEX\MiKTeX\tex\generic\pgf\utilities\pgfkeys.code.tex
\pgfkeys@pathtoks=\toks17
\pgfkeys@temptoks=\toks18

(D:\CTEX\MiKTeX\tex\generic\pgf\utilities\pgfkeysfiltered.code.tex
\pgfkeys@tmptoks=\toks19
))
\pgf@x=\dimen129
\pgf@y=\dimen130
\pgf@xa=\dimen131
\pgf@ya=\dimen132
\pgf@xb=\dimen133
\pgf@yb=\dimen134
\pgf@xc=\dimen135
\pgf@yc=\dimen136
\w@pgf@writea=\write3
\r@pgf@reada=\read1
\c@pgf@counta=\count106
\c@pgf@countb=\count107
\c@pgf@countc=\count108
\c@pgf@countd=\count109

(D:\CTEX\MiKTeX\tex\generic\pgf\systemlayer\pgf.cfg
File: pgf.cfg 2008/05/14  (rcs-revision 1.7)
)
Package pgfsys Info: Driver file for pgf: pgfsys-pdftex.def on input line 900.

(D:\CTEX\MiKTeX\tex\generic\pgf\systemlayer\pgfsys-pdftex.def
File: pgfsys-pdftex.def 2009/05/22  (rcs-revision 1.26)

(D:\CTEX\MiKTeX\tex\generic\pgf\systemlayer\pgfsys-common-pdf.def
File: pgfsys-common-pdf.def 2008/05/19  (rcs-revision 1.10)
)))
(D:\CTEX\MiKTeX\tex\generic\pgf\systemlayer\pgfsyssoftpath.code.tex
File: pgfsyssoftpath.code.tex 2008/07/18  (rcs-revision 1.7)
\pgfsyssoftpath@smallbuffer@items=\count110
\pgfsyssoftpath@bigbuffer@items=\count111
)
(D:\CTEX\MiKTeX\tex\generic\pgf\systemlayer\pgfsysprotocol.code.tex
File: pgfsysprotocol.code.tex 2006/10/16  (rcs-revision 1.4)
))
(D:\CTEX\MiKTeX\tex\latex\xcolor\xcolor.sty
Package: xcolor 2007/01/21 v2.11 LaTeX color extensions (UK)

(D:\CTEX\MiKTeX\tex\latex\00miktex\color.cfg
File: color.cfg 2007/01/18 v1.5 color configuration of teTeX/TeXLive
)
Package xcolor Info: Driver file: pdftex.def on input line 225.
Package xcolor Info: Model `cmy' substituted by `cmy0' on input line 1337.
Package xcolor Info: Model `hsb' substituted by `rgb' on input line 1341.
Package xcolor Info: Model `RGB' extended on input line 1353.
Package xcolor Info: Model `HTML' substituted by `rgb' on input line 1355.
Package xcolor Info: Model `Hsb' substituted by `hsb' on input line 1356.
Package xcolor Info: Model `tHsb' substituted by `hsb' on input line 1357.
Package xcolor Info: Model `HSB' substituted by `hsb' on input line 1358.
Package xcolor Info: Model `Gray' substituted by `gray' on input line 1359.
Package xcolor Info: Model `wave' substituted by `hsb' on input line 1360.
)
(D:\CTEX\MiKTeX\tex\generic\pgf\basiclayer\pgfcore.code.tex
Package: pgfcore 2010/04/11 v2.10 (rcs-revision 1.7)

(D:\CTEX\MiKTeX\tex\generic\pgf\math\pgfmath.code.tex
(D:\CTEX\MiKTeX\tex\generic\pgf\math\pgfmathcalc.code.tex
(D:\CTEX\MiKTeX\tex\generic\pgf\math\pgfmathutil.code.tex)
(D:\CTEX\MiKTeX\tex\generic\pgf\math\pgfmathparser.code.tex
\pgfmath@dimen=\dimen137
\pgfmath@count=\count112
\pgfmath@box=\box35
\pgfmath@toks=\toks20
\pgfmath@stack@operand=\toks21
\pgfmath@stack@operation=\toks22
)
(D:\CTEX\MiKTeX\tex\generic\pgf\math\pgfmathfunctions.code.tex
(D:\CTEX\MiKTeX\tex\generic\pgf\math\pgfmathfunctions.basic.code.tex)
(D:\CTEX\MiKTeX\tex\generic\pgf\math\pgfmathfunctions.trigonometric.code.tex)
(D:\CTEX\MiKTeX\tex\generic\pgf\math\pgfmathfunctions.random.code.tex)
(D:\CTEX\MiKTeX\tex\generic\pgf\math\pgfmathfunctions.comparison.code.tex)
(D:\CTEX\MiKTeX\tex\generic\pgf\math\pgfmathfunctions.base.code.tex)
(D:\CTEX\MiKTeX\tex\generic\pgf\math\pgfmathfunctions.round.code.tex)
(D:\CTEX\MiKTeX\tex\generic\pgf\math\pgfmathfunctions.misc.code.tex)))
(D:\CTEX\MiKTeX\tex\generic\pgf\math\pgfmathfloat.code.tex
\c@pgfmathroundto@lastzeros=\count113
))
(D:\CTEX\MiKTeX\tex\generic\pgf\basiclayer\pgfcorepoints.code.tex
File: pgfcorepoints.code.tex 2010/04/09  (rcs-revision 1.20)
\pgf@picminx=\dimen138
\pgf@picmaxx=\dimen139
\pgf@picminy=\dimen140
\pgf@picmaxy=\dimen141
\pgf@pathminx=\dimen142
\pgf@pathmaxx=\dimen143
\pgf@pathminy=\dimen144
\pgf@pathmaxy=\dimen145
\pgf@xx=\dimen146
\pgf@xy=\dimen147
\pgf@yx=\dimen148
\pgf@yy=\dimen149
\pgf@zx=\dimen150
\pgf@zy=\dimen151
)
(D:\CTEX\MiKTeX\tex\generic\pgf\basiclayer\pgfcorepathconstruct.code.tex
File: pgfcorepathconstruct.code.tex 2010/08/03  (rcs-revision 1.24)
\pgf@path@lastx=\dimen152
\pgf@path@lasty=\dimen153
)
(D:\CTEX\MiKTeX\tex\generic\pgf\basiclayer\pgfcorepathusage.code.tex
File: pgfcorepathusage.code.tex 2008/04/22  (rcs-revision 1.12)
\pgf@shorten@end@additional=\dimen154
\pgf@shorten@start@additional=\dimen155
)
(D:\CTEX\MiKTeX\tex\generic\pgf\basiclayer\pgfcorescopes.code.tex
File: pgfcorescopes.code.tex 2010/09/08  (rcs-revision 1.34)
\pgfpic=\box36
\pgf@hbox=\box37
\pgf@layerbox@main=\box38
\pgf@picture@serial@count=\count114
)
(D:\CTEX\MiKTeX\tex\generic\pgf\basiclayer\pgfcoregraphicstate.code.tex
File: pgfcoregraphicstate.code.tex 2008/04/22  (rcs-revision 1.9)
\pgflinewidth=\dimen156
)
(D:\CTEX\MiKTeX\tex\generic\pgf\basiclayer\pgfcoretransformations.code.tex
File: pgfcoretransformations.code.tex 2009/06/10  (rcs-revision 1.11)
\pgf@pt@x=\dimen157
\pgf@pt@y=\dimen158
\pgf@pt@temp=\dimen159
)
(D:\CTEX\MiKTeX\tex\generic\pgf\basiclayer\pgfcorequick.code.tex
File: pgfcorequick.code.tex 2008/10/09  (rcs-revision 1.3)
)
(D:\CTEX\MiKTeX\tex\generic\pgf\basiclayer\pgfcoreobjects.code.tex
File: pgfcoreobjects.code.tex 2006/10/11  (rcs-revision 1.2)
)
(D:\CTEX\MiKTeX\tex\generic\pgf\basiclayer\pgfcorepathprocessing.code.tex
File: pgfcorepathprocessing.code.tex 2008/10/09  (rcs-revision 1.8)
)
(D:\CTEX\MiKTeX\tex\generic\pgf\basiclayer\pgfcorearrows.code.tex
File: pgfcorearrows.code.tex 2008/04/23  (rcs-revision 1.11)
)
(D:\CTEX\MiKTeX\tex\generic\pgf\basiclayer\pgfcoreshade.code.tex
File: pgfcoreshade.code.tex 2008/11/23  (rcs-revision 1.13)
\pgf@max=\dimen160
\pgf@sys@shading@range@num=\count115
)
(D:\CTEX\MiKTeX\tex\generic\pgf\basiclayer\pgfcoreimage.code.tex
File: pgfcoreimage.code.tex 2010/03/25  (rcs-revision 1.16)

(D:\CTEX\MiKTeX\tex\generic\pgf\basiclayer\pgfcoreexternal.code.tex
File: pgfcoreexternal.code.tex 2010/09/01  (rcs-revision 1.17)
\pgfexternal@startupbox=\box39
))
(D:\CTEX\MiKTeX\tex\generic\pgf\basiclayer\pgfcorelayers.code.tex
File: pgfcorelayers.code.tex 2010/08/27  (rcs-revision 1.2)
)
(D:\CTEX\MiKTeX\tex\generic\pgf\basiclayer\pgfcoretransparency.code.tex
File: pgfcoretransparency.code.tex 2008/01/17  (rcs-revision 1.2)
)
(D:\CTEX\MiKTeX\tex\generic\pgf\basiclayer\pgfcorepatterns.code.tex
File: pgfcorepatterns.code.tex 2009/07/02  (rcs-revision 1.3)
)))
(D:\CTEX\MiKTeX\tex\latex\pgf\utilities\xxcolor.sty
Package: xxcolor 2003/10/24 ver 0.1
\XC@nummixins=\count116
\XC@countmixins=\count117
)
(D:\CTEX\MiKTeX\tex\latex\hyperref\hyperref.sty
Package: hyperref 2012/02/06 v6.82o Hypertext links for LaTeX

(D:\CTEX\MiKTeX\tex\generic\oberdiek\hobsub-hyperref.sty
Package: hobsub-hyperref 2011/04/23 v1.4 Bundle oberdiek, subset hyperref (HO)

(D:\CTEX\MiKTeX\tex\generic\oberdiek\hobsub-generic.sty
Package: hobsub-generic 2011/04/23 v1.4 Bundle oberdiek, subset generic (HO)
Package: hobsub 2011/04/23 v1.4 Subsetting bundle oberdiek (HO)
Package hobsub Info: Skipping package `infwarerr' (already loaded).
Package hobsub Info: Skipping package `ltxcmds' (already loaded).
Package: ifluatex 2010/03/01 v1.3 Provides the ifluatex switch (HO)
Package ifluatex Info: LuaTeX not detected.
Package hobsub Info: Skipping package `ifvtex' (already loaded).
Package: intcalc 2007/09/27 v1.1 Expandable integer calculations (HO)
Package hobsub Info: Skipping package `ifpdf' (already loaded).
Package: etexcmds 2011/02/16 v1.5 Prefix for e-TeX command names (HO)
Package etexcmds Info: Could not find \expanded.
(etexcmds)             That can mean that you are not using pdfTeX 1.50 or
(etexcmds)             that some package has redefined \expanded.
(etexcmds)             In the latter case, load this package earlier.
Package: kvsetkeys 2011/04/07 v1.13 Key value parser (HO)
Package: kvdefinekeys 2011/04/07 v1.3 Defining keys (HO)
Package: pdftexcmds 2011/04/22 v0.16 Utilities of pdfTeX for LuaTeX (HO)
Package pdftexcmds Info: LuaTeX not detected.
Package pdftexcmds Info: \pdf@primitive is available.
Package pdftexcmds Info: \pdf@ifprimitive is available.
Package pdftexcmds Info: \pdfdraftmode found.
Package: pdfescape 2011/04/04 v1.12 Provides string conversions (HO)
Package: bigintcalc 2011/01/30 v1.2 Expandable big integer calculations (HO)
Package: bitset 2011/01/30 v1.1 Data type bit set (HO)
Package: uniquecounter 2011/01/30 v1.2 Provides unlimited unique counter (HO)
)
Package hobsub Info: Skipping package `hobsub' (already loaded).
Package: letltxmacro 2010/09/02 v1.4 Let assignment for LaTeX macros (HO)
Package: hopatch 2011/01/30 v1.0 Wrapper for package hooks (HO)
Package: xcolor-patch 2011/01/30 xcolor patch
Package: atveryend 2011/04/23 v1.7 Hooks at very end of document (HO)
Package: atbegshi 2011/01/30 v1.15 At begin shipout hook (HO)
Package: refcount 2010/12/01 v3.2 Data extraction from references (HO)
Package: hycolor 2011/01/30 v1.7 Color options of hyperref/bookmark (HO)
)
(D:\CTEX\MiKTeX\tex\latex\oberdiek\kvoptions.sty
Package: kvoptions 2010/12/23 v3.10 Keyval support for LaTeX options (HO)
)
\@linkdim=\dimen161
\Hy@linkcounter=\count118
\Hy@pagecounter=\count119

(D:\CTEX\MiKTeX\tex\latex\hyperref\pd1enc.def
File: pd1enc.def 2012/02/06 v6.82o Hyperref: PDFDocEncoding definition (HO)
)
\Hy@SavedSpaceFactor=\count120

(D:\CTEX\MiKTeX\tex\latex\00miktex\hyperref.cfg
File: hyperref.cfg 2002/06/06 v1.2 hyperref configuration of TeXLive
)
Package hyperref Info: Option `bookmarks' set `true' on input line 3925.
Package hyperref Info: Option `bookmarksopen' set `true' on input line 3925.
Package hyperref Info: Option `implicit' set `false' on input line 3925.
Package hyperref Info: Hyper figures OFF on input line 4046.
Package hyperref Info: Link nesting OFF on input line 4051.
Package hyperref Info: Hyper index ON on input line 4054.
Package hyperref Info: Plain pages OFF on input line 4061.
Package hyperref Info: Backreferencing OFF on input line 4066.
Package hyperref Info: Implicit mode OFF; no redefinition of LaTeX internals.
Package hyperref Info: Bookmarks ON on input line 4284.
\c@Hy@tempcnt=\count121

(D:\CTEX\MiKTeX\tex\latex\ltxmisc\url.sty
\Urlmuskip=\muskip10
Package: url 2006/04/12  ver 3.3  Verb mode for urls, etc.
)
LaTeX Info: Redefining \url on input line 4637.
\Fld@menulength=\count122
\Field@Width=\dimen162
\Fld@charsize=\dimen163
Package hyperref Info: Hyper figures OFF on input line 5757.
Package hyperref Info: Link nesting OFF on input line 5762.
Package hyperref Info: Hyper index ON on input line 5765.
Package hyperref Info: backreferencing OFF on input line 5772.
Package hyperref Info: Link coloring OFF on input line 5777.
Package hyperref Info: Link coloring with OCG OFF on input line 5782.
Package hyperref Info: PDF/A mode OFF on input line 5787.
LaTeX Info: Redefining \ref on input line 5827.
LaTeX Info: Redefining \pageref on input line 5831.
\Hy@abspage=\count123


Package hyperref Message: Stopped early.

)

Package hyperref Message: Driver (autodetected): hpdftex.

(D:\CTEX\MiKTeX\tex\latex\hyperref\hpdftex.def
File: hpdftex.def 2012/02/06 v6.82o Hyperref driver for pdfTeX
\Fld@listcount=\count124
\c@bookmark@seq@number=\count125

(D:\CTEX\MiKTeX\tex\latex\oberdiek\rerunfilecheck.sty
Package: rerunfilecheck 2011/04/15 v1.7 Rerun checks for auxiliary files (HO)
Package uniquecounter Info: New unique counter `rerunfilecheck' on input line 2
82.
))
(D:\CTEX\MiKTeX\tex\latex\beamer\base\beamerbaserequires.sty
Package: beamerbaserequires 2010/05/01  (rcs-revision efa082c6111d)

(D:\CTEX\MiKTeX\tex\latex\beamer\base\beamerbasecompatibility.sty
Package: beamerbasecompatibility 2011/09/24  (rcs-revision 17e820568435)
)
(D:\CTEX\MiKTeX\tex\latex\beamer\base\beamerbasefont.sty
Package: beamerbasefont 2010/10/26  (rcs-revision f39336aafb3c)

(D:\CTEX\MiKTeX\tex\latex\amsfonts\amssymb.sty
Package: amssymb 2009/06/22 v3.00

(D:\CTEX\MiKTeX\tex\latex\amsfonts\amsfonts.sty
Package: amsfonts 2009/06/22 v3.00 Basic AMSFonts support
\@emptytoks=\toks23
\symAMSa=\mathgroup4
\symAMSb=\mathgroup5
LaTeX Font Info:    Overwriting math alphabet `\mathfrak' in version `bold'
(Font)                  U/euf/m/n --> U/euf/b/n on input line 96.
)))
(D:\CTEX\MiKTeX\tex\latex\beamer\base\beamerbasetranslator.sty
Package: beamerbasetranslator 2010/06/11  (rcs-revision 85fd1cc7fc42)

(D:\CTEX\MiKTeX\tex\latex\beamer\base\translator\translator.sty
Package: translator 2010/06/12 ver 1.10

(D:\CTEX\MiKTeX\tex\latex\beamer\base\translator\translator-language-mappings.t
ex))) (D:\CTEX\MiKTeX\tex\latex\beamer\base\beamerbasemisc.sty
Package: beamerbasemisc 2012/02/24  (rcs-revision 2ff5461be705)
)
(D:\CTEX\MiKTeX\tex\latex\beamer\base\beamerbasetwoscreens.sty
Package: beamerbasetwoscreens 2010/05/01  (rcs-revision efa082c6111d)
)
(D:\CTEX\MiKTeX\tex\latex\beamer\base\beamerbaseoverlay.sty
Package: beamerbaseoverlay 2012/02/22  (rcs-revision 1e3e174835fb)
\beamer@argscount=\count126
\beamer@lastskipcover=\skip44
\beamer@trivlistdepth=\count127
)
(D:\CTEX\MiKTeX\tex\latex\beamer\base\beamerbasetitle.sty
Package: beamerbasetitle 2010/09/21  (rcs-revision f0446ed0b6ae)
)
(D:\CTEX\MiKTeX\tex\latex\beamer\base\beamerbasesection.sty
Package: beamerbasesection 2012/02/22  (rcs-revision 9a2581f9efb6)
\c@lecture=\count128
\c@part=\count129
\c@section=\count130
\c@subsection=\count131
\c@subsubsection=\count132
)
(D:\CTEX\MiKTeX\tex\latex\beamer\base\beamerbaseframe.sty
Package: beamerbaseframe 2011/09/12  (rcs-revision 70f9d8411e54)
\beamer@framebox=\box40
\beamer@frametitlebox=\box41
\beamer@zoombox=\box42
\beamer@zoomcount=\count133
\beamer@zoomframecount=\count134
\beamer@frametextheight=\dimen164
\c@subsectionslide=\count135
\beamer@frametopskip=\skip45
\beamer@framebottomskip=\skip46
\beamer@frametopskipautobreak=\skip47
\beamer@framebottomskipautobreak=\skip48
\beamer@envbody=\toks24
\c@framenumber=\count136
)
(D:\CTEX\MiKTeX\tex\latex\beamer\base\beamerbaseverbatim.sty
Package: beamerbaseverbatim 2011/09/12  (rcs-revision 70f9d8411e54)
\beamer@verbatimfileout=\write4
)
(D:\CTEX\MiKTeX\tex\latex\beamer\base\beamerbaseframesize.sty
Package: beamerbaseframesize 2011/09/12  (rcs-revision 70f9d8411e54)
\beamer@splitbox=\box43
\beamer@autobreakcount=\count137
\beamer@autobreaklastheight=\dimen165
\beamer@frametitletoks=\toks25
\beamer@framesubtitletoks=\toks26
)
(D:\CTEX\MiKTeX\tex\latex\beamer\base\beamerbaseframecomponents.sty
Package: beamerbaseframecomponents 2011/09/12  (rcs-revision 70f9d8411e54)
\beamer@footins=\box44
)
(D:\CTEX\MiKTeX\tex\latex\beamer\base\beamerbasecolor.sty
Package: beamerbasecolor 2010/06/06  (rcs-revision d1a9b48be06d)
)
(D:\CTEX\MiKTeX\tex\latex\beamer\base\beamerbasenotes.sty
Package: beamerbasenotes 2010/05/01  (rcs-revision efa082c6111d)
\beamer@frameboxcopy=\box45
)
(D:\CTEX\MiKTeX\tex\latex\beamer\base\beamerbasetoc.sty
Package: beamerbasetoc 2012/02/28  (rcs-revision 138681b92320)
)
(D:\CTEX\MiKTeX\tex\latex\beamer\base\beamerbasetemplates.sty
Package: beamerbasetemplates 2010/05/01  (rcs-revision efa082c6111d)
\beamer@sbttoks=\toks27

(D:\CTEX\MiKTeX\tex\latex\beamer\base\beamerbaseauxtemplates.sty
Package: beamerbaseauxtemplates 2010/05/01  (rcs-revision efa082c6111d)

(D:\CTEX\MiKTeX\tex\latex\beamer\base\beamerbaseboxes.sty
Package: beamerbaseboxes 2010/05/01  (rcs-revision efa082c6111d)
\bmb@box=\box46
\bmb@colorbox=\box47
\bmb@boxshadow=\box48
\bmb@boxshadowball=\box49
\bmb@boxshadowballlarge=\box50
\bmb@temp=\dimen166
\bmb@dima=\dimen167
\bmb@dimb=\dimen168
\bmb@prevheight=\dimen169
)
\beamer@blockheadheight=\dimen170
))
(D:\CTEX\MiKTeX\tex\latex\beamer\base\beamerbaselocalstructure.sty
Package: beamerbaselocalstructure 2012/02/22  (rcs-revision 2ae76965ffee)

(D:\CTEX\MiKTeX\tex\latex\tools\enumerate.sty
Package: enumerate 1999/03/05 v3.00 enumerate extensions (DPC)
\@enLab=\toks28
)
\c@figure=\count138
\c@table=\count139
\abovecaptionskip=\skip49
\belowcaptionskip=\skip50
)
(D:\CTEX\MiKTeX\tex\latex\beamer\base\beamerbasenavigation.sty
Package: beamerbasenavigation 2010/05/01  (rcs-revision efa082c6111d)
)
(D:\CTEX\MiKTeX\tex\latex\beamer\base\beamerbasetheorems.sty
Package: beamerbasetheorems 2010/06/06  (rcs-revision 7e7cc5e53e9d)

(D:\CTEX\MiKTeX\tex\latex\ams\math\amsmath.sty
Package: amsmath 2000/07/18 v2.13 AMS math features
\@mathmargin=\skip51

For additional information on amsmath, use the `?' option.
(D:\CTEX\MiKTeX\tex\latex\ams\math\amstext.sty
Package: amstext 2000/06/29 v2.01

(D:\CTEX\MiKTeX\tex\latex\ams\math\amsgen.sty
File: amsgen.sty 1999/11/30 v2.0
\@emptytoks=\toks29
\ex@=\dimen171
))
(D:\CTEX\MiKTeX\tex\latex\ams\math\amsbsy.sty
Package: amsbsy 1999/11/29 v1.2d
\pmbraise@=\dimen172
)
(D:\CTEX\MiKTeX\tex\latex\ams\math\amsopn.sty
Package: amsopn 1999/12/14 v2.01 operator names
)
\inf@bad=\count140
LaTeX Info: Redefining \frac on input line 211.
\uproot@=\count141
\leftroot@=\count142
LaTeX Info: Redefining \overline on input line 307.
\classnum@=\count143
\DOTSCASE@=\count144
LaTeX Info: Redefining \ldots on input line 379.
LaTeX Info: Redefining \dots on input line 382.
LaTeX Info: Redefining \cdots on input line 467.
\Mathstrutbox@=\box51
\strutbox@=\box52
\big@size=\dimen173
LaTeX Font Info:    Redeclaring font encoding OML on input line 567.
LaTeX Font Info:    Redeclaring font encoding OMS on input line 568.
\macc@depth=\count145
\c@MaxMatrixCols=\count146
\dotsspace@=\muskip11
\c@parentequation=\count147
\dspbrk@lvl=\count148
\tag@help=\toks30
\row@=\count149
\column@=\count150
\maxfields@=\count151
\andhelp@=\toks31
\eqnshift@=\dimen174
\alignsep@=\dimen175
\tagshift@=\dimen176
\tagwidth@=\dimen177
\totwidth@=\dimen178
\lineht@=\dimen179
\@envbody=\toks32
\multlinegap=\skip52
\multlinetaggap=\skip53
\mathdisplay@stack=\toks33
LaTeX Info: Redefining \[ on input line 2666.
LaTeX Info: Redefining \] on input line 2667.
)
(D:\CTEX\MiKTeX\tex\latex\ams\classes\amsthm.sty
Package: amsthm 2004/08/06 v2.20
\thm@style=\toks34
\thm@bodyfont=\toks35
\thm@headfont=\toks36
\thm@notefont=\toks37
\thm@headpunct=\toks38
\thm@preskip=\skip54
\thm@postskip=\skip55
\thm@headsep=\skip56
\dth@everypar=\toks39
)
\c@theorem=\count152
)
(D:\CTEX\MiKTeX\tex\latex\beamer\base\beamerbasethemes.sty
Package: beamerbasethemes 2010/05/01  (rcs-revision efa082c6111d)
))
(D:\CTEX\MiKTeX\tex\latex\beamer\base\themes\theme\beamerthemedefault.sty
Package: beamerthemedefault 2010/06/17  (rcs-revision d02a7cf4d8ae)

(D:\CTEX\MiKTeX\tex\latex\beamer\base\themes\font\beamerfontthemedefault.sty
Package: beamerfontthemedefault 2010/06/17  (rcs-revision d02a7cf4d8ae)
)
(D:\CTEX\MiKTeX\tex\latex\beamer\base\themes\color\beamercolorthemedefault.sty
Package: beamercolorthemedefault 2010/06/17  (rcs-revision d02a7cf4d8ae)
) (D:\CTEX\MiKTeX\tex\latex\beamer\base\themes\inner\beamerinnerthemedefault.st
y
Package: beamerinnerthemedefault 2010/06/17  (rcs-revision d02a7cf4d8ae)
\beamer@dima=\dimen180
\beamer@dimb=\dimen181
)
(D:\CTEX\MiKTeX\tex\latex\beamer\base\themes\outer\beamerouterthemedefault.sty
Package: beamerouterthemedefault 2010/06/17  (rcs-revision d02a7cf4d8ae)
))) (D:\CTEX\MiKTeX\tex\latex\ctex\ctex.sty
Package: ctex 2011/03/11 v1.02c ctex macros package

(D:\CTEX\MiKTeX\tex\latex\ctex\opt\ctex-common-opts.def)
(D:\CTEX\CTeX\tex\latex\ctex\cfg\ctexopts.cfg)
(D:\CTEX\MiKTeX\tex\latex\ctex\def\ctex-common.def
(D:\CTEX\MiKTeX\tex\latex\l3kernel\expl3.sty
(D:\CTEX\MiKTeX\tex\latex\l3kernel\l3names.sty
(D:\CTEX\MiKTeX\tex\latex\l3kernel\l3bootstrap.sty
Package: l3bootstrap 2011/12/29 v3110 L3 Experimental bootstrap code
)
Package: l3names 2011/12/30 v3113 L3 Experimental namespace for primitives
)
(D:\CTEX\MiKTeX\tex\latex\misc\etex.sty
Package: etex 1998/03/26 v2.0 eTeX basic definition package (PEB)
\et@xins=\count153
)
Package: expl3 2012/02/26 v3471 L3 Experimental code bundle wrapper

(D:\CTEX\MiKTeX\tex\latex\l3kernel\l3basics.sty
Package: l3basics 2012/02/26 v3460 L3 Experimental basic definitions
)
(D:\CTEX\MiKTeX\tex\latex\l3kernel\l3expan.sty
Package: l3expan 2012/02/26 v3460 L3 Experimental argument expansion
)
(D:\CTEX\MiKTeX\tex\latex\l3kernel\l3tl.sty
Package: l3tl 2012/02/26 v3460 L3 Experimental token lists
)
(D:\CTEX\MiKTeX\tex\latex\l3kernel\l3seq.sty
Package: l3seq 2012/01/09 v3158 L3 Experimental sequences and stacks
)
(D:\CTEX\MiKTeX\tex\latex\l3kernel\l3int.sty
Package: l3int 2012/02/26 v3460 L3 Experimental integers
\c_max_int=\count154
\l_tmpa_int=\count155
\l_tmpb_int=\count156
\l_tmpc_int=\count157
\g_tmpa_int=\count158
\g_tmpb_int=\count159
)
(D:\CTEX\MiKTeX\tex\latex\l3kernel\l3quark.sty
Package: l3quark 2012/02/12 v3384 L3 Experimental quarks
)
(D:\CTEX\MiKTeX\tex\latex\l3kernel\l3prg.sty
Package: l3prg 2012/02/26 v3464 L3 Experimental control structures
\g_prg_map_int=\count160
)
(D:\CTEX\MiKTeX\tex\latex\l3kernel\l3clist.sty
Package: l3clist 2012/02/26 v3460 L3 Experimental comma separated lists
)
(D:\CTEX\MiKTeX\tex\latex\l3kernel\l3token.sty
Package: l3token 2012/02/26 v3460 L3 Experimental token manipulation
)
(D:\CTEX\MiKTeX\tex\latex\l3kernel\l3prop.sty
Package: l3prop 2012/02/26 v3460 L3 Experimental property lists
)
(D:\CTEX\MiKTeX\tex\latex\l3kernel\l3msg.sty
Package: l3msg 2012/02/26 v3470 L3 Experimental messages
)
(D:\CTEX\MiKTeX\tex\latex\l3kernel\l3file.sty
Package: l3file 2012/02/26 v3464 L3 Experimental file and I/O operations
\l_iow_stream_int=\count161
\l_iow_line_length_int=\count162
\l_iow_target_length_int=\count163
\l_iow_current_line_int=\count164
\l_iow_current_word_int=\count165
\l_iow_current_indentation_int=\count166
)
(D:\CTEX\MiKTeX\tex\latex\l3kernel\l3skip.sty
Package: l3skip 2012/02/26 v3460 L3 Experimental dimensions and skips
\l_tmpa_dim=\dimen182
\l_tmpb_dim=\dimen183
\l_tmpc_dim=\dimen184
\g_tmpa_dim=\dimen185
\g_tmpb_dim=\dimen186
\l_tmpa_skip=\skip57
\l_tmpb_skip=\skip58
\l_tmpc_skip=\skip59
\g_tmpa_skip=\skip60
\g_tmpb_skip=\skip61
)
(D:\CTEX\MiKTeX\tex\latex\l3kernel\l3keys.sty
Package: l3keys 2011/12/22 v3086 L3 Experimental key-value interfaces
\g_keyval_level_int=\count167
\l_keys_choice_int=\count168
)
(D:\CTEX\MiKTeX\tex\latex\l3kernel\l3fp.sty
Package: l3fp 2012/02/06 v3315 L3 Experimental floating-point operations
\c_one_million=\count169
\c_one_hundred_million=\count170
\c_five_hundred_million=\count171
\c_one_thousand_million=\count172
\c_fp_pi_by_four_decimal_int=\count173
\c_fp_pi_by_four_extended_int=\count174
\c_fp_pi_decimal_int=\count175
\c_fp_pi_extended_int=\count176
\c_fp_two_pi_decimal_int=\count177
\c_fp_two_pi_extended_int=\count178
\l_fp_count_int=\count179
\l_fp_div_offset_int=\count180
\l_fp_exp_integer_int=\count181
\l_fp_exp_decimal_int=\count182
\l_fp_exp_extended_int=\count183
\l_fp_exp_exponent_int=\count184
\l_fp_input_a_sign_int=\count185
\l_fp_input_a_integer_int=\count186
\l_fp_input_a_decimal_int=\count187
\l_fp_input_a_exponent_int=\count188
\l_fp_input_b_sign_int=\count189
\l_fp_input_b_integer_int=\count190
\l_fp_input_b_decimal_int=\count191
\l_fp_input_b_exponent_int=\count192
\l_fp_input_a_extended_int=\count193
\l_fp_input_b_extended_int=\count194
\l_fp_mul_a_i_int=\count195
\l_fp_mul_a_ii_int=\count196
\l_fp_mul_a_iii_int=\count197
\l_fp_mul_a_iv_int=\count198
\l_fp_mul_a_v_int=\count199
\l_fp_mul_a_vi_int=\count200
\l_fp_mul_b_i_int=\count201
Normal \count register pool exhausted, switching to extended pool.
\l_fp_mul_b_ii_int=\count277
\l_fp_mul_b_iii_int=\count278
\l_fp_mul_b_iv_int=\count279
\l_fp_mul_b_v_int=\count280
\l_fp_mul_b_vi_int=\count281
\l_fp_mul_output_int=\count282
\l_fp_output_sign_int=\count283
\l_fp_output_integer_int=\count284
\l_fp_output_decimal_int=\count285
\l_fp_output_exponent_int=\count286
\l_fp_output_extended_int=\count287
\l_fp_round_position_int=\count288
\l_fp_round_target_int=\count289
\l_fp_split_sign_int=\count290
\l_fp_internal_int=\count291
\l_fp_trig_octant_int=\count292
\l_fp_trig_sign_int=\count293
\l_fp_trig_decimal_int=\count294
\l_fp_trig_extended_int=\count295
\l_fp_internal_dim=\dimen187
\l_fp_internal_skip=\skip62
)
(D:\CTEX\MiKTeX\tex\latex\l3kernel\l3box.sty
Package: l3box 2012/02/18 v3432 L3 Experimental boxes
\l_tmpb_box=\box53
\l_box_top_dim=\dimen188
\l_box_bottom_dim=\dimen189
\l_box_left_dim=\dimen190
\l_box_right_dim=\dimen191
\l_box_top_new_dim=\dimen192
\l_box_bottom_new_dim=\dimen193
\l_box_left_new_dim=\dimen194
\l_box_right_new_dim=\dimen195
\l_box_internal_box=\box54
)
(D:\CTEX\MiKTeX\tex\latex\l3kernel\l3coffins.sty
Package: l3coffins 2012/02/26 v3460 L3 Experimental coffin code layer
\l_coffin_internal_box=\box55
\l_coffin_internal_dim=\dimen196
\l_coffin_offset_x_dim=\dimen197
\l_coffin_offset_y_dim=\dimen198
\l_coffin_x_dim=\dimen199
\l_coffin_y_dim=\dimen200
\l_coffin_x_prime_dim=\dimen201
Normal \dimen register pool exhausted, switching to extended pool.
\l_coffin_y_prime_dim=\dimen256
\l_coffin_Depth_dim=\dimen257
\l_coffin_Height_dim=\dimen258
\l_coffin_TotalHeight_dim=\dimen259
\l_coffin_Width_dim=\dimen260
\c_empty_coffin=\box56
\l_coffin_aligned_coffin=\box57
\l_coffin_aligned_internal_coffin=\box58
\l_coffin_bounding_shift_dim=\dimen261
\l_coffin_left_corner_dim=\dimen262
\l_coffin_right_corner_dim=\dimen263
\l_coffin_bottom_corner_dim=\dimen264
\l_coffin_top_corner_dim=\dimen265
\l_coffin_scaled_total_height_dim=\dimen266
\l_coffin_scaled_width_dim=\dimen267
\l_coffin_display_coffin=\box59
\l_coffin_display_coord_coffin=\box60
\l_coffin_display_pole_coffin=\box61
\l_coffin_display_offset_dim=\dimen268
\l_coffin_display_x_dim=\dimen269
\l_coffin_display_y_dim=\dimen270
)
(D:\CTEX\MiKTeX\tex\latex\l3kernel\l3color.sty
Package: l3color 2011/09/07 v2776 L3 Experimental colour support
)
(D:\CTEX\MiKTeX\tex\latex\l3kernel\l3luatex.sty
Package: l3luatex 2012/02/09 v3355 L3 Experimental LuaTeX-specific functions
\g_cctab_allocate_int=\count296
\g_cctab_stack_int=\count297
))
(D:\CTEX\MiKTeX\tex\latex\etoolbox\etoolbox.sty
Package: etoolbox 2011/01/03 v2.1 e-TeX tools for LaTeX
\etb@tempcnta=\count298
)
(D:\CTEX\MiKTeX\tex\latex\tools\indentfirst.sty
Package: indentfirst 1995/11/23 v1.03 Indent first paragraph (DPC)
)
(D:\CTEX\MiKTeX\tex\latex\base\fix-cm.sty
Package: fix-cm 2006/09/13 v1.1m fixes to LaTeX

(D:\CTEX\MiKTeX\tex\latex\base\ts1enc.def
File: ts1enc.def 2001/06/05 v3.0e (jk/car/fm) Standard LaTeX file
))
(D:\CTEX\MiKTeX\tex\latex\ctex\engine\ctex-cjk-engine.def
(D:\CTEX\MiKTeX\tex\latex\cjk\CJK.sty
Package: CJK 2008/12/29 4.8.2

(D:\CTEX\MiKTeX\tex\latex\cjk\mule\MULEenc.sty
Package: MULEenc 2008/12/29 4.8.2
)
(D:\CTEX\MiKTeX\tex\latex\cjk\CJK.enc
File: CJK.enc 2008/12/29 4.8.2
)
LaTeX Info: Redefining \selectfont on input line 756.
\CJK@indent=\box62
)
(D:\CTEX\CTeX\tex\latex\CJKpunct\CJKpunct.sty
Package: CJKpunct 2010/02/21 4.8.2-2
\CJKpunct@cnta=\count299
\CJKpunct@cntb=\count300
\CJKpunct@cntc=\count301
\CJKpunct@cntd=\count302
\CJKpunct@cnte=\count303

(D:\CTEX\CTeX\tex\latex\CJKpunct\CJKpunct.spa))
(D:\CTEX\MiKTeX\tex\latex\ctex\engine\ctex-cjk-common.def
\ccwd=\dimen271
)
(D:\CTEX\MiKTeX\tex\latex\ctex\fontset\ctex-cjk-winfonts.def
(D:\CTEX\MiKTeX\tex\generic\zhmetrics\zhwinfonts.tex
(D:\CTEX\MiKTeX\tex\generic\oberdiek\ifpdf.sty
Package ifpdf Info: The package is already loaded, stopped on input line 64.
){D:/CTEX/UserData/pdftex/config/pdftex.map{Unicode.sfd}{UGBK.sfd}})))
\CTEX@q=\count304
\CTEX@r=\count305
))
(D:\CTEX\MiKTeX\tex\latex\ctex\def\ctex-gbk.def)
(D:\CTEX\MiKTeX\tex\latex\ctex\cfg\ctex.cfg)
(D:\CTEX\MiKTeX\tex\latex\base\syntonly.sty
Package: syntonly 1999/09/17 v2.1e Standard LaTeX2e package
)
(D:\CTEX\MiKTeX\tex\latex\fancyhdr\fancyhdr.sty
\fancy@headwidth=\skip63
\f@ncyO@elh=\skip64
\f@ncyO@erh=\skip65
\f@ncyO@olh=\skip66
\f@ncyO@orh=\skip67
\f@ncyO@elf=\skip68
\f@ncyO@erf=\skip69
\f@ncyO@olf=\skip70
\f@ncyO@orf=\skip71
)
(D:\CTEX\MiKTeX\tex\latex\base\ifthen.sty
Package: ifthen 2001/05/26 v1.1c Standard LaTeX ifthen package (DPC)
)
(D:\CTEX\MiKTeX\tex\latex\ulem\ulem.sty
\UL@box=\box63
\UL@hyphenbox=\box64
\UL@skip=\skip72
\UL@hook=\toks40
\UL@height=\dimen272
\UL@pe=\count306
\UL@pixel=\dimen273
\ULC@box=\box65
Package: ulem 2011/03/18
\ULdepth=\dimen274
)
(D:\CTEX\MiKTeX\tex\latex\tools\longtable.sty
Package: longtable 2004/02/01 v4.11 Multi-page Table package (DPC)
\LTleft=\skip73
\LTright=\skip74
\LTpre=\skip75
\LTpost=\skip76
\LTchunksize=\count307
\LTcapwidth=\dimen275
\LT@head=\box66
\LT@firsthead=\box67
\LT@foot=\box68
\LT@lastfoot=\box69
\LT@cols=\count308
\LT@rows=\count309
\c@LT@tables=\count310
\c@LT@chunks=\count311
\LT@p@ftn=\toks41
)
(D:\CTEX\MiKTeX\tex\latex\beamer\base\themes\theme\beamerthemeMadrid.sty
Package: beamerthemeMadrid 2010/06/17  (rcs-revision d02a7cf4d8ae)

(D:\CTEX\MiKTeX\tex\latex\beamer\base\themes\color\beamercolorthemewhale.sty
Package: beamercolorthemewhale 2010/06/17  (rcs-revision d02a7cf4d8ae)
)
(D:\CTEX\MiKTeX\tex\latex\beamer\base\themes\color\beamercolorthemeorchid.sty
Package: beamercolorthemeorchid 2010/06/17  (rcs-revision d02a7cf4d8ae)
)
(D:\CTEX\MiKTeX\tex\latex\beamer\base\themes\inner\beamerinnerthemerounded.sty
Package: beamerinnerthemerounded 2010/06/17  (rcs-revision d02a7cf4d8ae)
)
(D:\CTEX\MiKTeX\tex\latex\beamer\base\themes\outer\beamerouterthemeinfolines.st
y
Package: beamerouterthemeinfolines 2010/07/10  (rcs-revision 445340293dde)
)) ("E:\360云盘\ioi2016Part 2\ppt\答辩ppt(佛山石中李子豪).aux")
LaTeX Font Info:    Checking defaults for OML/cmm/m/it on input line 24.
LaTeX Font Info:    ... okay on input line 24.
LaTeX Font Info:    Checking defaults for T1/cmr/m/n on input line 24.
LaTeX Font Info:    ... okay on input line 24.
LaTeX Font Info:    Checking defaults for OT1/cmr/m/n on input line 24.
LaTeX Font Info:    ... okay on input line 24.
LaTeX Font Info:    Checking defaults for OMS/cmsy/m/n on input line 24.
LaTeX Font Info:    ... okay on input line 24.
LaTeX Font Info:    Checking defaults for OMX/cmex/m/n on input line 24.
LaTeX Font Info:    ... okay on input line 24.
LaTeX Font Info:    Checking defaults for U/cmr/m/n on input line 24.
LaTeX Font Info:    ... okay on input line 24.
LaTeX Font Info:    Checking defaults for PD1/pdf/m/n on input line 24.
LaTeX Font Info:    ... okay on input line 24.
LaTeX Font Info:    Checking defaults for TS1/cmr/m/n on input line 24.
LaTeX Font Info:    ... okay on input line 24.
LaTeX Font Info:    Checking defaults for C00/song/m/n on input line 24.
LaTeX Font Info:    ... okay on input line 24.
LaTeX Font Info:    Checking defaults for C05/song/m/n on input line 24.
LaTeX Font Info:    ... okay on input line 24.
LaTeX Font Info:    Checking defaults for C09/song/m/n on input line 24.
LaTeX Font Info:    ... okay on input line 24.
LaTeX Font Info:    Checking defaults for C10/song/m/n on input line 24.
LaTeX Font Info:    ... okay on input line 24.
LaTeX Font Info:    Checking defaults for C20/song/m/n on input line 24.
LaTeX Font Info:    ... okay on input line 24.
LaTeX Font Info:    Checking defaults for C19/song/m/n on input line 24.
LaTeX Font Info:    ... okay on input line 24.
LaTeX Font Info:    Checking defaults for C40/song/m/n on input line 24.
LaTeX Font Info:    ... okay on input line 24.
LaTeX Font Info:    Checking defaults for C42/song/m/n on input line 24.
LaTeX Font Info:    ... okay on input line 24.
LaTeX Font Info:    Checking defaults for C43/song/m/n on input line 24.
LaTeX Font Info:    ... okay on input line 24.
LaTeX Font Info:    Checking defaults for C50/song/m/n on input line 24.
LaTeX Font Info:    ... okay on input line 24.
LaTeX Font Info:    Checking defaults for C52/song/m/n on input line 24.
LaTeX Font Info:    ... okay on input line 24.
LaTeX Font Info:    Checking defaults for C49/song/m/n on input line 24.
LaTeX Font Info:    ... okay on input line 24.
LaTeX Font Info:    Checking defaults for C60/mj/m/n on input line 24.
LaTeX Font Info:    ... okay on input line 24.
LaTeX Font Info:    Checking defaults for C61/mj/m/n on input line 24.
LaTeX Font Info:    ... okay on input line 24.
LaTeX Font Info:    Checking defaults for C63/mj/m/n on input line 24.
LaTeX Font Info:    ... okay on input line 24.
LaTeX Font Info:    Checking defaults for C64/mj/m/n on input line 24.
LaTeX Font Info:    ... okay on input line 24.
LaTeX Font Info:    Checking defaults for C65/mj/m/n on input line 24.
LaTeX Font Info:    ... okay on input line 24.
LaTeX Font Info:    Checking defaults for C70/song/m/n on input line 24.
LaTeX Font Info:    ... okay on input line 24.
LaTeX Font Info:    Checking defaults for C31/song/m/n on input line 24.
LaTeX Font Info:    ... okay on input line 24.
LaTeX Font Info:    Checking defaults for C32/song/m/n on input line 24.
LaTeX Font Info:    ... okay on input line 24.
LaTeX Font Info:    Checking defaults for C33/song/m/n on input line 24.
LaTeX Font Info:    ... okay on input line 24.
LaTeX Font Info:    Checking defaults for C34/song/m/n on input line 24.
LaTeX Font Info:    ... okay on input line 24.
LaTeX Font Info:    Checking defaults for C35/song/m/n on input line 24.
LaTeX Font Info:    ... okay on input line 24.
LaTeX Font Info:    Checking defaults for C36/song/m/n on input line 24.
LaTeX Font Info:    ... okay on input line 24.
LaTeX Font Info:    Checking defaults for C37/song/m/n on input line 24.
LaTeX Font Info:    ... okay on input line 24.
LaTeX Font Info:    Checking defaults for C80/song/m/n on input line 24.
LaTeX Font Info:    ... okay on input line 24.
LaTeX Font Info:    Checking defaults for C81/song/m/n on input line 24.
LaTeX Font Info:    ... okay on input line 24.
LaTeX Font Info:    Checking defaults for C01/song/m/n on input line 24.
LaTeX Font Info:    ... okay on input line 24.
LaTeX Font Info:    Checking defaults for C11/song/m/n on input line 24.
LaTeX Font Info:    ... okay on input line 24.
LaTeX Font Info:    Checking defaults for C21/song/m/n on input line 24.
LaTeX Font Info:    ... okay on input line 24.
LaTeX Font Info:    Checking defaults for C41/song/m/n on input line 24.
LaTeX Font Info:    ... okay on input line 24.
LaTeX Font Info:    Checking defaults for C62/song/m/n on input line 24.
LaTeX Font Info:    ... okay on input line 24.

*geometry* driver: auto-detecting
*geometry* detected driver: pdftex
*geometry* verbose mode - [ preamble ] result:
* driver: pdftex
* paper: custom
* layout: <same size as paper>
* layoutoffset:(h,v)=(0.0pt,0.0pt)
* modes: includehead includefoot 
* h-part:(L,W,R)=(10.95003pt, 342.2953pt, 10.95003pt)
* v-part:(T,H,B)=(0.0pt, 273.14662pt, 0.0pt)
* \paperwidth=364.19536pt
* \paperheight=273.14662pt
* \textwidth=342.2953pt
* \textheight=244.6939pt
* \oddsidemargin=-61.31996pt
* \evensidemargin=-61.31996pt
* \topmargin=-72.26999pt
* \headheight=14.22636pt
* \headsep=0.0pt
* \topskip=11.0pt
* \footskip=14.22636pt
* \marginparwidth=4.0pt
* \marginparsep=10.0pt
* \columnsep=10.0pt
* \skip\footins=10.0pt plus 4.0pt minus 2.0pt
* \hoffset=0.0pt
* \voffset=0.0pt
* \mag=1000
* \@twocolumnfalse
* \@twosidefalse
* \@mparswitchfalse
* \@reversemarginfalse
* (1in=72.27pt=25.4mm, 1cm=28.453pt)

(D:\CTEX\MiKTeX\tex\context\base\supp-pdf.mkii
[Loading MPS to PDF converter (version 2006.09.02).]
\scratchcounter=\count312
\scratchdimen=\dimen276
\scratchbox=\box70
\nofMPsegments=\count313
\nofMParguments=\count314
\everyMPshowfont=\toks42
\MPscratchCnt=\count315
\MPscratchDim=\dimen277
\MPnumerator=\count316
\makeMPintoPDFobject=\count317
\everyMPtoPDFconversion=\toks43
) ABD: EveryShipout initializing macros
\AtBeginShipoutBox=\box71
Package hyperref Info: Link coloring OFF on input line 24.

(D:\CTEX\MiKTeX\tex\latex\hyperref\nameref.sty
Package: nameref 2010/04/30 v2.40 Cross-referencing by name of section

(D:\CTEX\MiKTeX\tex\generic\oberdiek\gettitlestring.sty
Package: gettitlestring 2010/12/03 v1.4 Cleanup title references (HO)
)
\c@section@level=\count318
)
LaTeX Info: Redefining \ref on input line 24.
LaTeX Info: Redefining \pageref on input line 24.
LaTeX Info: Redefining \nameref on input line 24.

("E:\360云盘\ioi2016Part 2\ppt\答辩ppt(佛山石中李子豪).out")
("E:\360云盘\ioi2016Part 2\ppt\答辩ppt(佛山石中李子豪).out")
\@outlinefile=\write5
LaTeX Font Info:    Overwriting symbol font `operators' in version `normal'
(Font)                  OT1/cmr/m/n --> OT1/cmss/m/n on input line 24.
LaTeX Font Info:    Overwriting symbol font `operators' in version `bold'
(Font)                  OT1/cmr/bx/n --> OT1/cmss/bx/n on input line 24.
\symnumbers=\mathgroup6
\sympureletters=\mathgroup7
LaTeX Font Info:    Overwriting math alphabet `\mathrm' in version `normal'
(Font)                  OT1/cmss/m/n --> OT1/cmr/m/n on input line 24.
LaTeX Font Info:    Redeclaring math alphabet \mathbf on input line 24.
LaTeX Font Info:    Overwriting math alphabet `\mathbf' in version `normal'
(Font)                  OT1/cmr/bx/n --> OT1/cmss/bx/n on input line 24.
LaTeX Font Info:    Overwriting math alphabet `\mathbf' in version `bold'
(Font)                  OT1/cmr/bx/n --> OT1/cmss/bx/n on input line 24.
LaTeX Font Info:    Redeclaring math alphabet \mathsf on input line 24.
LaTeX Font Info:    Overwriting math alphabet `\mathsf' in version `normal'
(Font)                  OT1/cmss/m/n --> OT1/cmss/m/n on input line 24.
LaTeX Font Info:    Overwriting math alphabet `\mathsf' in version `bold'
(Font)                  OT1/cmss/bx/n --> OT1/cmss/m/n on input line 24.
LaTeX Font Info:    Redeclaring math alphabet \mathit on input line 24.
LaTeX Font Info:    Overwriting math alphabet `\mathit' in version `normal'
(Font)                  OT1/cmr/m/it --> OT1/cmss/m/it on input line 24.
LaTeX Font Info:    Overwriting math alphabet `\mathit' in version `bold'
(Font)                  OT1/cmr/bx/it --> OT1/cmss/m/it on input line 24.
LaTeX Font Info:    Redeclaring math alphabet \mathtt on input line 24.
LaTeX Font Info:    Overwriting math alphabet `\mathtt' in version `normal'
(Font)                  OT1/cmtt/m/n --> OT1/cmtt/m/n on input line 24.
LaTeX Font Info:    Overwriting math alphabet `\mathtt' in version `bold'
(Font)                  OT1/cmtt/m/n --> OT1/cmtt/m/n on input line 24.
LaTeX Font Info:    Overwriting symbol font `numbers' in version `bold'
(Font)                  OT1/cmss/m/n --> OT1/cmss/bx/n on input line 24.
LaTeX Font Info:    Overwriting symbol font `pureletters' in version `bold'
(Font)                  OT1/cmss/m/it --> OT1/cmss/bx/it on input line 24.
LaTeX Font Info:    Overwriting math alphabet `\mathrm' in version `bold'
(Font)                  OT1/cmss/bx/n --> OT1/cmr/bx/n on input line 24.
LaTeX Font Info:    Overwriting math alphabet `\mathbf' in version `bold'
(Font)                  OT1/cmss/bx/n --> OT1/cmss/bx/n on input line 24.
LaTeX Font Info:    Overwriting math alphabet `\mathsf' in version `bold'
(Font)                  OT1/cmss/m/n --> OT1/cmss/bx/n on input line 24.
LaTeX Font Info:    Overwriting math alphabet `\mathit' in version `bold'
(Font)                  OT1/cmss/m/it --> OT1/cmss/bx/it on input line 24.
LaTeX Font Info:    Overwriting math alphabet `\mathtt' in version `bold'
(Font)                  OT1/cmtt/m/n --> OT1/cmtt/bx/n on input line 24.

(D:\CTEX\MiKTeX\tex\latex\beamer\base\translator\dicts\translator-basic-diction
ary\translator-basic-dictionary-English.dict
Dictionary: translator-basic-dictionary, Language: English 
)
(D:\CTEX\MiKTeX\tex\latex\beamer\base\translator\dicts\translator-bibliography-
dictionary\translator-bibliography-dictionary-English.dict
Dictionary: translator-bibliography-dictionary, Language: English 
)
(D:\CTEX\MiKTeX\tex\latex\beamer\base\translator\dicts\translator-environment-d
ictionary\translator-environment-dictionary-English.dict
Dictionary: translator-environment-dictionary, Language: English 
)
(D:\CTEX\MiKTeX\tex\latex\beamer\base\translator\dicts\translator-months-dictio
nary\translator-months-dictionary-English.dict
Dictionary: translator-months-dictionary, Language: English 
)
(D:\CTEX\MiKTeX\tex\latex\beamer\base\translator\dicts\translator-numbers-dicti
onary\translator-numbers-dictionary-English.dict
Dictionary: translator-numbers-dictionary, Language: English 
)
(D:\CTEX\MiKTeX\tex\latex\beamer\base\translator\dicts\translator-theorem-dicti
onary\translator-theorem-dictionary-English.dict
Dictionary: translator-theorem-dictionary, Language: English 
)
LaTeX Info: Redefining \includegraphics on input line 24.

(D:\CTEX\MiKTeX\tex\latex\cjk\standard.bdg
File: standard.bdg 2008/12/29 4.8.2
)
(D:\CTEX\MiKTeX\tex\latex\cjk\extended.enc
File: extended.enc 2008/12/29 4.8.2
)
(D:\CTEX\MiKTeX\tex\latex\cjk\extended.chr
File: extended.chr 2008/12/29 4.8.2
)
("E:\360云盘\ioi2016Part 2\ppt\答辩ppt(佛山石中李子豪).nav")
LaTeX Font Info:    Try loading font information for C19+rm on input line 24.

(D:\CTEX\MiKTeX\tex\latex\ctex\fd\c19rm.fd
File: c19rm.fd 2007/05/06 v0.8a ctex font definition file
)
Overfull \hbox (11.99442pt too wide) in paragraph at lines 24--24
[][]  
 []

Package CJKpunct Info: punctuation spaces for family 'zhhei' do not exist. Use 
family 'def' instead. on input line 34.
[1

] [2

]
Package CJKpunct Info: punctuation spaces for family 'zhsong' do not exist. Use
 family 'def' instead. on input line 42.
 [3

] [4

] [5

]
LaTeX Font Info:    Try loading font information for U+msa on input line 59.
 (D:\CTEX\MiKTeX\tex\latex\amsfonts\umsa.fd
File: umsa.fd 2009/06/22 v3.00 AMS symbols A
)
LaTeX Font Info:    Try loading font information for U+msb on input line 59.

(D:\CTEX\MiKTeX\tex\latex\amsfonts\umsb.fd
File: umsb.fd 2009/06/22 v3.00 AMS symbols B
)

LaTeX Font Warning: Font shape `OT1/cmss/m/it' in size <10.95> not available
(Font)              Font shape `OT1/cmss/m/sl' tried instead on input line 59.


LaTeX Font Warning: Font shape `OT1/cmss/m/it' in size <8> not available
(Font)              Font shape `OT1/cmss/m/sl' tried instead on input line 59.


LaTeX Font Warning: Font shape `OT1/cmss/m/it' in size <6> not available
(Font)              Font shape `OT1/cmss/m/sl' tried instead on input line 59.

[6

] [7

] [8

] [9

] [10

] [11

] [12

] [13

]

LaTeX Font Warning: Font shape `OT1/cmss/m/it' in size <10> not available
(Font)              Font shape `OT1/cmss/m/sl' tried instead on input line 99.


LaTeX Font Warning: Font shape `OT1/cmss/m/it' in size <7> not available
(Font)              Font shape `OT1/cmss/m/sl' tried instead on input line 99.


LaTeX Font Warning: Font shape `OT1/cmss/m/it' in size <5> not available
(Font)              Font shape `OT1/cmss/m/sl' tried instead on input line 99.

[14

] [15

] [16

] [17

] [18

] [19

] [20

] [21

] [22

] [23

] [24

] [25

] [26

] [27

] [28

]
[29

] [30

] [31

] <1.jpg, id=882, 230.36063pt x 289.08pt>
File: 1.jpg Graphic file (type jpg)
 <use 1.jpg>
Package pdftex.def Info: 1.jpg used on input line 155.
(pdftex.def)             Requested size: 119.80544pt x 150.34451pt.
 [32

 <E:/360云盘/ioi2016Part 2/ppt/1.jpg>]
File: 1.jpg Graphic file (type jpg)
 <use 1.jpg>
Package pdftex.def Info: 1.jpg used on input line 155.
(pdftex.def)             Requested size: 119.80544pt x 150.34451pt.
 [33

] [34

] [35

] [36

] [37

] [38

]
[39

] [40

] [41

] [42

] [43

] [44

] [45

] [46

] [47

] [48

] [49

] [50

] [51

] [52

] [53

]
[54

] [55

] [56

] [57

] [58

] [59

] [60

] [61

] [62

] [63

] [64

] [65

] [66

] [67

] [68

]
[69

] [70

] [71

] [72

] [73

] [74

] [75

] [76

] [77

] [78

] [79

] [80

] [81

] [82

] [83

]
[84

] [85

] [86

] [87

] [88

] [89

] [90

] [91

] [92

] [93

] [94

] [95

] [96

] [97

] [98

]
[99

] [100

] [101

] [102

] [103

] [104

] [105

] [106

] [107

] [108

] [109

] [110

] [111

]
[112

] [113

] [114

] [115

] [116

] [117

] [118

] [119

] [120

] [121

] [122

] [123

]
[124

] [125

] [126

] [127

] [128

] [129

] [130

] [131

] [132

] [133

] [134

] [135

]
[136

] [137

] [138

] [139

] [140

] [141

]
\tf@nav=\write6
\tf@toc=\write7
\tf@snm=\write8
Package atveryend Info: Empty hook `BeforeClearDocument' on input line 416.
Package atveryend Info: Empty hook `AfterLastShipout' on input line 416.

("E:\360云盘\ioi2016Part 2\ppt\答辩ppt(佛山石中李子豪).aux")
Package atveryend Info: Executing hook `AtVeryEndDocument' on input line 416.
Package atveryend Info: Executing hook `AtEndAfterFileList' on input line 416.
Package rerunfilecheck Info: File `答辩ppt(佛山石中李子豪).out' has no
t changed.
(rerunfilecheck)             Checksum: D41D8CD98F00B204E9800998ECF8427E;0.
 ) 
Here is how much of TeX's memory you used:
 23717 strings out of 495354
 422386 string characters out of 3183860
 487071 words of memory out of 3000000
 26001 multiletter control sequences out of 15000+200000
 53272 words of font info for 186 fonts, out of 3000000 for 9000
 14 hyphenation exceptions out of 8191
 49i,16n,53p,896b,1114s stack positions out of 5000i,500n,10000p,200000b,50000s
<C:/WINDOWS/Fonts/simsun.ttc><C:/WINDOWS/Fonts/simsun.ttc><C:/WINDOWS/Fonts/s
imhei.ttf><C:/WINDOWS/Fonts/simsun.ttc><C:/WINDOWS/Fonts/simhei.ttf><C:/WINDOWS
/Fonts/simhei.ttf><C:/WINDOWS/Fonts/simhei.ttf><C:/WINDOWS/Fonts/simhei.ttf><C:
/WINDOWS/Fonts/simhei.ttf><C:/WINDOWS/Fonts/simhei.ttf><C:/WINDOWS/Fonts/simhei
.ttf><C:/WINDOWS/Fonts/simhei.ttf><C:/WINDOWS/Fonts/simsun.ttc><C:/WINDOWS/Font
s/simsun.ttc><C:/WINDOWS/Fonts/simsun.ttc><C:/WINDOWS/Fonts/simsun.ttc><C:/WIND
OWS/Fonts/simsun.ttc><C:/WINDOWS/Fonts/simhei.ttf><C:/WINDOWS/Fonts/simhei.ttf>
<C:/WINDOWS/Fonts/simhei.ttf><C:/WINDOWS/Fonts/simsun.ttc><C:/WINDOWS/Fonts/sim
sun.ttc><C:/WINDOWS/Fonts/simsun.ttc><C:/WINDOWS/Fonts/simsun.ttc><C:/WINDOWS/F
onts/simhei.ttf><C:/WINDOWS/Fonts/simhei.ttf><C:/WINDOWS/Fonts/simhei.ttf><C:/W
INDOWS/Fonts/simsun.ttc><C:/WINDOWS/Fonts/simsun.ttc><C:/WINDOWS/Fonts/simsun.t
tc><C:/WINDOWS/Fonts/simsun.ttc><C:/WINDOWS/Fonts/simsun.ttc><C:/WINDOWS/Fonts/
simsun.ttc><C:/WINDOWS/Fonts/simsun.ttc><C:/WINDOWS/Fonts/simsun.ttc><C:/WINDOW
S/Fonts/simsun.ttc><C:/WINDOWS/Fonts/simsun.ttc><C:/WINDOWS/Fonts/simsun.ttc><C
:/WINDOWS/Fonts/simsun.ttc><C:/WINDOWS/Fonts/simsun.ttc><C:/WINDOWS/Fonts/simsu
n.ttc><C:/WINDOWS/Fonts/simhei.ttf><C:/WINDOWS/Fonts/simhei.ttf><C:/WINDOWS/Fon
ts/simsun.ttc><C:/WINDOWS/Fonts/simsun.ttc><C:/WINDOWS/Fonts/simsun.ttc><C:/WIN
DOWS/Fonts/simsun.ttc><C:/WINDOWS/Fonts/simsun.ttc><C:/WINDOWS/Fonts/simsun.ttc
><C:/WINDOWS/Fonts/simsun.ttc><C:/WINDOWS/Fonts/simsun.ttc><C:/WINDOWS/Fonts/si
msun.ttc><C:/WINDOWS/Fonts/simhei.ttf><C:/WINDOWS/Fonts/simhei.ttf><C:/WINDOWS/
Fonts/simhei.ttf><C:/WINDOWS/Fonts/simhei.ttf><C:/WINDOWS/Fonts/simhei.ttf><D:/
CTEX/MiKTeX/fonts/type1/public/amsfonts/cm/cmmi10.pfb><D:/CTEX/MiKTeX/fonts/typ
e1/public/amsfonts/cm/cmmi8.pfb><D:/CTEX/MiKTeX/fonts/type1/public/amsfonts/cm/
cmss10.pfb><D:/CTEX/MiKTeX/fonts/type1/public/amsfonts/cm/cmss12.pfb><D:/CTEX/M
iKTeX/fonts/type1/public/amsfonts/cm/cmss8.pfb><D:/CTEX/MiKTeX/fonts/type1/publ
ic/amsfonts/cm/cmssbx10.pfb><D:/CTEX/MiKTeX/fonts/type1/public/amsfonts/cm/cmss
i10.pfb><D:/CTEX/MiKTeX/fonts/type1/public/amsfonts/cm/cmssi8.pfb><D:/CTEX/MiKT
eX/fonts/type1/public/amsfonts/cm/cmsy10.pfb><D:/CTEX/MiKTeX/fonts/type1/public
/amsfonts/cm/cmsy8.pfb>
Output written on 答辩ppt(佛山石中李子豪).pdf (141 pages, 1275251 byte
s).
PDF statistics:
 4042 PDF objects out of 4296 (max. 8388607)
 283 named destinations out of 1000 (max. 500000)
 56 words of extra memory for PDF output out of 10000 (max. 10000000)

