0

0

1
3
1
3
2
4 6
2
2 4
3
9 12 13
3
6 10 12
1
11
12
1 5 6 7 9 10 12 15 16 17 19 20
15
2 4 5 6 7 8 9 11 13 15 16 17 19 21 25
3
15 17 25
9
1 2 3 8 9 11 12 14 15
0

0

0

0

9
5 6 7 10 11 13 14 16 17
7
1 9 12 16 18 27 32
3
1 13 15
0

4
6 15 17 18
0

0

2
15 20
0

5
1 2 3 4 9
8
4 7 8 11 12 13 14 15
0

1
1
0

1
18
0

0

0

0

4
3 14 22 31
0

0

1
2
0

0

0

1
7
0

0

0

0

0

0

0

0

0

0

5
3 5 7 11 14
11
1 2 3 4 5 6 7 11 12 15 19
0

16
1 2 3 4 6 7 10 13 17 20 21 22 23 24 25 31
0

0

2
12 13
5
7 11 23 27 32
0

3
7 12 16
0

0

0

0

14
1 2 3 5 8 10 11 12 13 14 15 17 18 20
0

0

1
5
6
1 10 14 18 19 20
14
3 4 7 10 12 15 17 18 19 27 28 31 32 33
7
1 3 8 10 12 14 15
3
3 8 11
9
8 13 14 15 17 20 27 28 39
0

13
3 12 13 20 22 25 27 29 31 32 33 34 36
3
9 11 21
0

0

9
2 3 4 11 12 17 18 21 23
0

5
2 12 14 18 23
0

0

1
6
0

1
14
3
14 17 21
5
1 3 6 9 13
0

0

5
1 2 3 5 6
0

0

6
2 4 5 8 10 11
0

5
4 5 29 30 34
23
2 3 8 10 11 12 13 14 15 16 17 19 20 21 22 23 24 27 28 30 31 32 36
5
3 5 10 12 34
14
15 17 18 20 22 23 28 29 33 35 39 46 48 50
0

0

1
19
0

0

9
1 3 4 9 10 14 21 22 25
19
2 3 4 6 10 11 12 13 15 16 18 22 27 28 30 32 33 38 42
0

1
2
0

0

17
3 5 7 8 15 18 19 21 27 28 31 35 36 38 39 43 44
0

3
13 15 21
28
1 2 3 4 5 6 8 9 10 12 14 16 17 20 21 22 25 27 28 29 30 33 34 35 36 40 41 43
15
7 8 9 10 15 22 26 28 33 34 35 38 43 48 49
12
2 4 5 6 8 12 13 15 17 20 25 26
9
19 34 37 39 40 52 54 55 74
13
2 4 8 11 17 18 23 24 28 31 35 36 37
11
3 5 8 9 12 13 14 17 21 25 29
7
3 11 17 18 23 27 38
0

0

0

9
3 5 9 14 15 16 20 27 29
0

0

6
2 6 13 18 21 25
15
1 6 15 16 17 19 22 27 28 29 36 37 38 39 47
9
1 6 7 9 17 19 22 25 30
0

0

12
1 2 4 5 7 8 11 12 14 17 20 21
0

7
12 18 23 27 30 46 78
0

4
1 19 37 42
10
3 6 18 19 26 27 31 43 45 46
10
9 26 35 46 48 53 62 75 82 89
0

6
2 7 10 24 31 35
26
3 5 7 10 13 14 17 19 20 23 24 25 27 28 29 33 36 37 40 41 43 46 47 48 49 51
0

0

0

3
3 7 15
0

0

4
11 23 31 51
0

27
1 4 5 8 9 10 11 12 14 15 16 17 18 19 20 24 25 26 28 29 30 34 35 36 37 40 41
0

4
6 16 20 26
14
1 2 3 10 11 12 14 16 18 20 21 23 24 25
8
7 19 23 25 28 32 33 37
30
1 3 7 8 9 10 15 16 20 21 22 23 27 28 29 30 31 32 34 37 38 40 41 42 45 46 49 50 52 53
0

0

35
3 4 5 6 7 10 12 13 18 19 21 22 24 25 26 27 31 32 33 36 37 38 40 41 43 44 45 48 50 51 52 53 55 56 57
1
43
0

3
42 44 52
22
2 4 5 6 8 11 12 22 23 26 27 29 30 32 38 39 40 44 46 49 51 52
6
10 37 42 66 75 91
17
1 3 4 9 10 12 27 28 29 30 32 34 35 38 40 42 43
1
46
4
9 48 74 75
5
31 35 40 71 75
0

31
1 3 4 6 7 8 9 11 12 16 18 19 20 22 23 24 26 27 28 29 31 32 33 37 42 43 44 45 50 51 56
0

0

11
5 6 10 12 14 17 18 19 23 25 29
2
10 15
12
1 3 7 9 10 13 18 20 32 38 52 54
0

0

0

0

9
1 2 15 23 30 43 53 60 65
0

9
7 10 26 27 28 29 37 38 39
2
1 17
0

0

