DICEMAZE1
  (1,8),(1,9),(1,8)
DICEMAZE2
  (3,5),(3,4),(3,5)
DICEMAZE3
  No Solution Possible
DICEMAZE4
  (1,7),(1,8),(1,7)
DICEMAZE5
  No Solution Possible
DICEMAZE6
  No Solution Possible
DICEMAZE7
  No Solution Possible
DICEMAZE8
  No Solution Possible
DICEMAZE9
  (7,3),(8,3),(7,3)
DICEMAZE10
  (5,8),(5,9),(5,8)
DICEMAZE11
  (5,8),(5,7),(5,8)
DICEMAZE12
  (1,1),(2,1),(1,1)
DICEMAZE13
  (1,1),(2,1),(1,1)
DICEMAZE14
  No Solution Possible
DICEMAZE15
  (5,1),(4,1),(5,1)
DICEMAZE16
  (6,4),(7,4),(6,4)
DICEMAZE17
  No Solution Possible
DICEMAZE18
  (6,7),(7,7),(6,7)
DICEMAZE19
  (4,7),(5,7),(4,7)
DICEMAZE20
  (5,2),(4,2),(5,2)
DICEMAZE21
  (5,7),(4,7),(5,7)
DICEMAZE22
  (7,3),(7,2),(7,3)
DICEMAZE23
  (2,7),(2,8),(3,8),(3,9),(4,9),(4,8),(3,8),(3,7),(4,7),
  (4,6),(5,6),(6,6),(6,7),(6,8),(6,9),(7,9),(7,10),(6,10),
  (6,9),(5,9),(5,8),(4,8),(3,8),(3,7),(2,7)
DICEMAZE24
  (7,2),(7,3),(8,3),(8,2),(9,2),(9,3),(8,3),(7,3),(7,2)
DICEMAZE25
  (1,1),(1,2),(1,1)
DICEMAZE26
  No Solution Possible
DICEMAZE27
  (4,1),(3,1),(4,1)
DICEMAZE28
  No Solution Possible
DICEMAZE29
  (7,7),(6,7),(7,7)
DICEMAZE30
  No Solution Possible
DICEMAZE31
  (9,9),(10,9),(9,9)
DICEMAZE32
  No Solution Possible
DICEMAZE33
  No Solution Possible
DICEMAZE34
  No Solution Possible
DICEMAZE35
  (5,5),(6,5),(6,6),(5,6),(5,5)
DICEMAZE36
  (7,10),(7,9),(8,9),(8,8),(7,8),(7,9),(6,9),(6,10),(7,10)
DICEMAZE37
  (6,7),(6,6),(6,7)
DICEMAZE38
  No Solution Possible
DICEMAZE39
  (6,1),(7,1),(6,1)
DICEMAZE40
  No Solution Possible
DICEMAZE41
  (1,1),(1,2),(1,1)
DICEMAZE42
  No Solution Possible
DICEMAZE43
  No Solution Possible
DICEMAZE44
  No Solution Possible
DICEMAZE45
  No Solution Possible
DICEMAZE46
  (6,1),(7,1),(6,1)
DICEMAZE47
  No Solution Possible
DICEMAZE48
  (7,9),(8,9),(7,9)
DICEMAZE49
  No Solution Possible
DICEMAZE50
  No Solution Possible
DICEMAZE51
  No Solution Possible
DICEMAZE52
  (1,2),(2,2),(1,2)
DICEMAZE53
  No Solution Possible
DICEMAZE54
  (1,3),(1,4),(1,3)
DICEMAZE55
  No Solution Possible
DICEMAZE56
  (6,1),(5,1),(6,1)
DICEMAZE57
  (3,9),(3,8),(3,7),(2,7),(1,7),(1,6),(2,6),(3,6),(3,7),
  (3,8),(3,9)
DICEMAZE58
  No Solution Possible
DICEMAZE59
  (6,7),(5,7),(5,8),(6,8),(6,7)
DICEMAZE60
  No Solution Possible
DICEMAZE61
  No Solution Possible
DICEMAZE62
  (4,10),(4,9),(4,10)
DICEMAZE63
  No Solution Possible
DICEMAZE64
  (1,4),(2,4),(2,3),(1,3),(1,4)
DICEMAZE65
  No Solution Possible
DICEMAZE66
  No Solution Possible
DICEMAZE67
  No Solution Possible
DICEMAZE68
  No Solution Possible
DICEMAZE69
  No Solution Possible
DICEMAZE70
  No Solution Possible
DICEMAZE71
  (9,3),(8,3),(9,3)
DICEMAZE72
  No Solution Possible
DICEMAZE73
  (6,5),(5,5),(5,6),(5,7),(4,7),(4,6),(3,6),(3,7),(4,7),
  (5,7),(6,7),(6,6),(5,6),(5,5),(6,5)
DICEMAZE74
  No Solution Possible
DICEMAZE75
  No Solution Possible
DICEMAZE76
  (4,7),(3,7),(4,7)
DICEMAZE77
  No Solution Possible
DICEMAZE78
  (2,1),(2,2),(2,3),(1,3),(1,2),(2,2),(2,1)
DICEMAZE79
  No Solution Possible
DICEMAZE80
  No Solution Possible
DICEMAZE81
  No Solution Possible
DICEMAZE82
  No Solution Possible
DICEMAZE83
  (1,5),(2,5),(1,5)
DICEMAZE84
  No Solution Possible
DICEMAZE85
  (9,1),(9,2),(9,1)
DICEMAZE86
  (1,3),(2,3),(1,3)
DICEMAZE87
  No Solution Possible
DICEMAZE88
  No Solution Possible
DICEMAZE89
  No Solution Possible
DICEMAZE90
  (9,5),(8,5),(9,5)
DICEMAZE91
  (2,10),(1,10),(2,10)
DICEMAZE92
  No Solution Possible
DICEMAZE93
  No Solution Possible
DICEMAZE94
  (1,8),(1,9),(2,9),(2,10),(3,10),(3,9),(2,9),(1,9),(1,8)
DICEMAZE95
  (8,9),(7,9),(8,9)
DICEMAZE96
  No Solution Possible
DICEMAZE97
  No Solution Possible
DICEMAZE98
  No Solution Possible
DICEMAZE99
  (6,9),(6,10),(5,10),(5,9),(6,9)
DICEMAZE100
  (9,5),(9,4),(9,5)
