\BOOKMARK [1][-]{section.1}{\376\377\000\061\000\040\155\140\153\016\154\111\223\272\134\200\153\221\160\071\154\053\173\237\223\134\134\200\174\250\223\313}{}% 1
\BOOKMARK [2][-]{subsection.1.1}{\376\377\000\061\000\056\000\061\000\040\155\140\153\016\154\111\223\272\134\200\153\221\160\071\154\053\173\237}{section.1}% 2
\BOOKMARK [2][-]{subsection.1.2}{\376\377\000\061\000\056\000\062\000\040\155\140\153\016\154\111\223\272\134\200\153\221\147\110\211\304\146\237}{section.1}% 3
\BOOKMARK [2][-]{subsection.1.3}{\376\377\000\061\000\056\000\063\000\040\155\140\153\016\154\111\223\272\134\200\153\221\177\001\144\264\160\057}{section.1}% 4
\BOOKMARK [3][-]{subsubsection.1.3.1}{\376\377\000\061\000\056\000\063\000\056\000\061\000\040\224\026\147\065\177\360}{subsection.1.3}% 5
\BOOKMARK [3][-]{subsubsection.1.3.2}{\376\377\000\061\000\056\000\063\000\056\000\062\000\040\223\116\127\256\164\331}{subsection.1.3}% 6
\BOOKMARK [3][-]{subsubsection.1.3.3}{\376\377\000\061\000\056\000\063\000\056\000\063\000\040\224\026\147\065\177\360\177\001\144\266\120\143\223\134\134\176\166\035\155\134\203\054\174\250\224\020}{subsection.1.3}% 7
\BOOKMARK [2][-]{subsection.1.4}{\376\377\000\061\000\056\000\064\000\040\157\341\120\231\175\215\225\254\135\205\135\373\155\223\377\025\155\140\153\016\154\111\223\272}{section.1}% 8
\BOOKMARK [1][-]{section.2}{\376\377\000\062\000\040\155\140\153\016\154\111\223\272\134\174\173\002\224\050\121\336\000\120}{}% 9
\BOOKMARK [2][-]{subsection.2.1}{\376\377\000\062\000\056\000\061\000\040\222\206\141\052\175\345\150\360\152\071\172\364\222\206\142\034\172\364\155\223\000\000\174\241\223\117\144\001\150\366\150\360}{section.2}% 10
\BOOKMARK [2][-]{subsection.2.2}{\376\377\000\062\000\056\000\062\000\040\222\206\141\052\175\345\150\360\152\071\174\051\222\206\142\035\137\137\155\223\221\334\177\001\137\323\124\000\225\302\000\000\000\000}{section.2}% 11
\BOOKMARK [3][-]{subsubsection.2.2.1}{\376\377\000\062\000\056\000\062\000\056\000\061\000\040\223\315\142\034\173\002\224\050\122\354\121\017\223\120}{subsection.2.2}% 12
\BOOKMARK [3][-]{subsubsection.2.2.2}{\376\377\000\062\000\056\000\062\000\056\000\062\000\040\223\131\376\077\172\364\176\311\135\205\116\333\132\011}{subsection.2.2}% 13
\BOOKMARK [2][-]{subsection.2.3}{\376\377\000\062\000\056\000\063\000\040\222\206\141\052\175\345\150\360\152\071\173\001\222\206\141\201\000\170\224\050\122\352\174\260\155\134\160\330\136\011\000\040\000\123\000\157\000\165\000\162\000\143\000\145\000\072\000\040\000\125\000\117\000\112\000\040\000\043\000\070\000\067\000\056\000\040\000\155\000\170\224\050\122\352\174\260\155\134\160\330\136\011}{section.2}% 14
\BOOKMARK [1][-]{section.3}{\376\377\000\063\000\040\155\140\153\016\154\111\223\272\134\174\173\002\224\050\122\355\120\143\223\122\125\330\116\015}{}% 15
\BOOKMARK [2][-]{subsection.3.1}{\376\377\000\063\000\056\000\061\000\040\222\206\141\052\175\345\150\360\152\071\172\364\222\206\142\043\160\346\224\323\060\205\155\127\224\034\133\051\173\005\131\371\161\267\135\041\000\123\000\157\000\165\000\162\000\143\000\145\000\072\000\040\000\125\000\117\000\112\000\040\000\043\000\062\000\063\000\056\000\040\222\206\140\063\000\122\000\040\000\043\000\061\222\206\142\043\160\346\224\323\060\205\155\127\224\034\133\051\173\005\131\371\161\267\135\041}{section.3}% 16
\BOOKMARK [2][-]{subsection.3.2}{\376\377\000\063\000\056\000\062\000\040\222\206\141\052\175\345\150\360\152\071\174\051\222\206\141\143\000\162\000\145\000\145\000\040\000\141\000\156\000\144\000\040\000\123\000\145\000\164\000\163\000\123\000\157\000\165\000\162\000\143\000\145\000\072\000\040\000\062\000\060\000\061\000\065\232\236\144\256\154\346\164\201\000\000\151\346\155\134\143\223\171\164}{section.3}% 17
\BOOKMARK [1][-]{section.4}{\376\377\000\064\000\040\000\154\000\151\000\156\000\153\000\055\000\143\000\165\000\164\000\040\000\143\000\141\000\143\000\164\000\165\000\163}{}% 18
\BOOKMARK [2][-]{subsection.4.1}{\376\377\000\064\000\056\000\061\000\040\223\124\061\046\155\140\153\016\154\111\223\272\134\204\150\366\150\360}{section.4}% 19
\BOOKMARK [3][-]{subsubsection.4.1.1}{\376\377\000\064\000\056\000\061\000\056\000\061\000\040\000\154\000\151\000\156\000\153\000\055\000\143\000\165\000\164\000\040\000\143\000\141\000\143\000\164\000\165\000\163\224\050\122\355\174\250\223\313}{subsection.4.1}% 20
\BOOKMARK [3][-]{subsubsection.4.1.2}{\376\377\000\064\000\056\000\061\000\056\000\062\000\040\157\341\120\231\175\215\223\146\045\157\000\160\000\154\000\141\000\171\155\223\132\104\155\356\223\266\060\210\172\337\224\050\122\352\117\312\223\255}{subsection.4.1}% 21
\BOOKMARK [3][-]{subsubsection.4.1.3}{\376\377\000\064\000\056\000\061\000\056\000\063\000\040\147\110\127\055\146\153\223\257\124\155\125\214}{subsection.4.1}% 22
\BOOKMARK [3][-]{subsubsection.4.1.4}{\376\377\000\064\000\056\000\061\000\056\000\064\000\040\155\223\000\000\224\027\211\304\165\151\223\257\124\155\125\214}{subsection.4.1}% 23
\BOOKMARK [3][-]{subsubsection.4.1.5}{\376\377\000\064\000\056\000\061\000\056\000\065\000\040\000\141\000\143\000\143\000\145\000\163\000\163\223\277\135\204\175\224}{subsection.4.1}% 24
\BOOKMARK [3][-]{subsubsection.4.1.6}{\376\377\000\064\000\056\000\061\000\056\000\066\000\040\223\271\062\041\162\164\223\277\135\204\175\224}{subsection.4.1}% 25
\BOOKMARK [3][-]{subsubsection.4.1.7}{\376\377\000\064\000\056\000\061\000\056\000\067\000\040\157\341\120\231\175\215\155\143\215\350\145\144\000\154\000\151\000\156\000\153\000\055\000\143\000\165\000\164\000\040\000\143\000\141\000\143\000\164\000\165\000\163}{subsection.4.1}% 26
\BOOKMARK [3][-]{subsubsection.4.1.8}{\376\377\000\064\000\056\000\061\000\056\000\070\000\040\223\303\130\025\150\377\157\266\135\206\157\105\144\064}{subsection.4.1}% 27
\BOOKMARK [2][-]{subsection.4.2}{\376\377\000\064\000\056\000\062\000\040\222\206\141\052\175\345\150\360\152\071\172\364\222\206\141\136\000\165\000\163\000\150\000\040\000\164\000\150\000\145\000\040\000\106\000\154\000\157\000\167\000\041\000\040\000\123\000\157\000\165\000\162\000\143\000\145\000\072\000\040\000\103\000\117\000\104\000\105\000\103\000\110\000\105\000\106\000\040\000\120\000\125\000\123\000\110\000\106\000\114\000\117\000\127\000\040}{section.4}% 28
\BOOKMARK [2][-]{subsection.4.3}{\376\377\000\064\000\056\000\063\000\040\222\206\141\052\175\345\150\360\152\071\174\051\222\206\142\034\172\364\155\223\000\000\174\241\223\117\144\001\150\366\150\360}{section.4}% 29
\BOOKMARK [3][-]{subsubsection.4.3.1}{\376\377\000\064\000\056\000\063\000\056\000\061\000\040\155\223\221\334\160\033\141\060\150\366\150\360}{subsection.4.3}% 30
\BOOKMARK [3][-]{subsubsection.4.3.2}{\376\377\000\064\000\056\000\063\000\056\000\062\000\040\176\340\151\101\170\166\155\223}{subsection.4.3}% 31
\BOOKMARK [3][-]{subsubsection.4.3.3}{\376\377\000\064\000\056\000\063\000\056\000\063\000\040\176\340\151\101\170\166\155\134}{subsection.4.3}% 32
\BOOKMARK [2][-]{subsection.4.4}{\376\377\000\064\000\056\000\064\000\040\222\206\141\052\175\345\150\360\152\071\173\001\222\206\142\034\172\364\155\223\000\000\174\241\223\117\144\001\150\366\150\360\000\105\000\130\000\124}{section.4}% 33
\BOOKMARK [3][-]{subsubsection.4.4.1}{\376\377\000\064\000\056\000\064\000\056\000\061\000\040\155\223\221\334\160\033\141\060\150\366\150\360}{subsection.4.4}% 34
\BOOKMARK [3][-]{subsubsection.4.4.2}{\376\377\000\064\000\056\000\064\000\056\000\062\000\040\155\140\153\016\154\111\223\272\134\174\173\002\224\050\122\354\121\017\223\120}{subsection.4.4}% 35
\BOOKMARK [1][-]{section.5}{\376\377\000\065\000\040\223\260\161\273\226\077}{}% 36
