0.999661360
0.998942344
0.999792812
0.999832667
0.999961459
0.998337888
0.999982975
0.999806545
0.999985033
0.999874906
0.999988728
0.999504672
0.998329447
0.999672623
0.999936650
0.999936651
0.999995140
0.998337234
0.999904413
0.999804377
0.999817754
0.999618795
0.999893240
0.999664000
0.999918453
0.999988456
0.999784635
0.999706003
0.999960096
0.997611887
0.999773773
0.999887758
0.999906640
0.999870827
0.998573568
0.999899439
0.999646609
0.999863408
0.999808514
0.999937217
0.999978322
0.999948466
0.999950544
0.999611765
0.999524800
0.999842370
0.999345683
0.996235969
0.999946315
0.999021726
