\BOOKMARK [1][-]{section.1}{\376\377\137\025\212\000}{}% 1
\BOOKMARK [1][-]{section.2}{\376\377\133\232\116\111}{}% 2
\BOOKMARK [1][-]{section.3}{\376\377\122\115\177\000\174\173\211\343\154\325}{}% 3
\BOOKMARK [2][-]{subsection.3.1}{\376\377\000\124\000\162\000\151\000\145}{section.3}% 4
\BOOKMARK [3][-]{subsubsection.3.1.1}{\376\377\117\213\230\230}{subsection.3.1}% 5
\BOOKMARK [2][-]{subsection.3.2}{\376\377\000\113\000\115\000\120}{section.3}% 6
\BOOKMARK [3][-]{subsubsection.3.2.1}{\376\377\000\113\000\115\000\120\000\040\201\352\122\250\147\072}{subsection.3.2}% 7
\BOOKMARK [3][-]{subsubsection.3.2.2}{\376\377\117\213\230\230}{subsection.3.2}% 8
\BOOKMARK [2][-]{subsection.3.3}{\376\377\000\101\000\103\000\040\201\352\122\250\147\072}{section.3}% 9
\BOOKMARK [3][-]{subsubsection.3.3.1}{\376\377\117\213\230\230}{subsection.3.3}% 10
\BOOKMARK [1][-]{section.4}{\376\377\124\016\177\000\174\173\211\343\154\325}{}% 11
\BOOKMARK [2][-]{subsection.4.1}{\376\377\124\016\177\000\145\160\176\304}{section.4}% 12
\BOOKMARK [3][-]{subsubsection.4.1.1}{\376\377\225\356\230\230\116\000}{subsection.4.1}% 13
\BOOKMARK [3][-]{subsubsection.4.1.2}{\376\377\225\356\230\230\116\214}{subsection.4.1}% 14
\BOOKMARK [3][-]{subsubsection.4.1.3}{\376\377\225\356\230\230\116\011}{subsection.4.1}% 15
\BOOKMARK [2][-]{subsection.4.2}{\376\377\124\016\177\000\150\021}{section.4}% 16
\BOOKMARK [2][-]{subsection.4.3}{\376\377\124\016\177\000\116\331\116\272\143\214}{section.4}% 17
\BOOKMARK [2][-]{subsection.4.4}{\376\377\124\016\177\000\201\352\122\250\147\072}{section.4}% 18
\BOOKMARK [3][-]{subsubsection.4.4.1}{\376\377\117\213\230\230}{subsection.4.4}% 19
\BOOKMARK [1][-]{section.5}{\376\377\000\102\000\157\000\162\000\144\000\145\000\162\000\040\000\124\000\162\000\145\000\145}{}% 20
\BOOKMARK [2][-]{subsection.5.1}{\376\377\000\102\000\157\000\162\000\144\000\145\000\162\000\040\000\107\000\162\000\157\000\165\000\160}{section.5}% 21
\BOOKMARK [2][-]{subsection.5.2}{\376\377\147\204\136\372\000\040\000\102\000\157\000\162\000\144\000\145\000\162\000\040\000\124\000\162\000\145\000\145}{section.5}% 22
\BOOKMARK [2][-]{subsection.5.3}{\376\377\122\006\147\220\140\047\215\050}{section.5}% 23
\BOOKMARK [2][-]{subsection.5.4}{\376\377\117\213\133\120}{section.5}% 24
\BOOKMARK [1][-]{section.6}{\376\377\116\000\174\173\145\207\147\054\123\071\221\115\225\356\230\230}{}% 25
\BOOKMARK [2][-]{subsection.6.1}{\376\377\133\120\225\356\230\230}{section.6}% 26
\BOOKMARK [2][-]{subsection.6.2}{\376\377\152\041\127\213\217\154\143\142}{section.6}% 27
\BOOKMARK [2][-]{subsection.6.3}{\376\377\211\206\166\326}{section.6}% 28
\BOOKMARK [3][-]{subsubsection.6.3.1}{\376\377\145\366\225\364\131\015\147\102\136\246\122\006\147\220}{subsection.6.3}% 29
\BOOKMARK [2][-]{subsection.6.4}{\376\377\213\241\173\227\142\200\135\347}{section.6}% 30
\BOOKMARK [3][-]{subsubsection.6.4.1}{\376\377\173\200\123\026\225\356\230\230}{subsection.6.4}% 31
\BOOKMARK [3][-]{subsubsection.6.4.2}{\376\377\145\260\225\356\230\230}{subsection.6.4}% 32
\BOOKMARK [3][-]{subsubsection.6.4.3}{\376\377\140\305\121\265\116\000\000\040\000\050\000\152\000\074\000\144\000\051}{subsection.6.4}% 33
\BOOKMARK [3][-]{subsubsection.6.4.4}{\376\377\140\305\121\265\116\214\000\040\000\050\000\152\000\040\000\144\000\051}{subsection.6.4}% 34
\BOOKMARK [3][-]{subsubsection.6.4.5}{\376\377\145\366\225\364\131\015\147\102\136\246\122\006\147\220}{subsection.6.4}% 35
\BOOKMARK [2][-]{subsection.6.5}{\376\377\117\213\230\230}{section.6}% 36
\BOOKMARK [1][-]{section.7}{\376\377\141\037\214\042}{}% 37
\BOOKMARK [1][-]{section.8}{\376\377\123\302\200\003\145\207\163\056}{}% 38
