209
2221
1032
2896
889
1803
4136
1306
2304
1457
4599
948
768
5143
1454
4697
2490
1698
418
3199
60
605
1031
275
4857
2909
183
5490
337
1733
5281
4171
2479
3556
3118
836
1047
5142
2660
1968
4002
2365
151
169
1405
454
4454
4166
3138
5227
1937
4139
156
1871
1568
2621
2948
3228
90
1763
3410
624
4757
4693
3952
5139
2685
2103
2828
5314
799
2646
4756
3061
1148
263
2750
5047
4963
1766
3793
40
3343
4040
786
1229
4231
1731
4766
324
2647
2454
1425
1066
4824
4007
4272
5380
1170
3225
4532
5338
2576
2451
3994
2582
1409
1089
4542
269
1544
3859
3866
308
3100
5365
3165
1803
1565
1798
918
3094
5151
5285
5251
438
2450
2019
4502
1609
524
2340
3292
2073
3144
998
3203
4557
5346
3824
3062
3276
879
4579
622
4791
344
828
5092
763
4485
2721
5202
2226
1470
5114
1235
1062
2312
294
1500
812
130
3238
5495
4669
1122
790
2840
1308
3566
4045
2764
2361
3276
4712
2857
1031
172
1947
2888
930
4235
5118
134
3031
199
1258
2028
3816
2489
3417
1625
1108
5040
593
3819
1629
2831
1673
1057
3706
4480
2985
361
3684
535
4481
2536
1276
5428
3837
1415
5437
2568
1486
2194
2409
1196
472
5117
3195
3175
3333
1100
4709
1563
1003
5167
1237
2371
4046
873
2380
3376
3377
3838
1960
146
1315
5206
2046
4385
861
1451
1201
2780
2970
2050
5026
4143
4554
1881
3943
1847
2994
3397
3071
2465
1518
5275
3387
5024
4618
2514
513
2859
5102
1480
1381
3059
3315
4871
521
2598
964
3983
3771
783
2486
1476
1772
823
5000
532
4347
4953
5213
4784
1360
141
4547
3075
4750
1895
1422
5186
2618
2657
2506
3063
3137
2737
2937
65
2238
3554
2075
4350
4591
3245
3551
865
231
1665
5318
680
1314
3393
2838
1605
2957
647
545
872
2651
1247
940
2433
1082
1749
1879
5351
1788
4332
892
354
436
2308
2099
927
2319
3475
4054
5344
2047
4501
5373
666
2098
2994
1025
4434
2927
1758
1109
1602
297
3905
3693
3691
1971
4178
4750
4201
168
315
4527
1428
4589
5505
1301
924
4339
1767
3108
1608
4803
383
2847
346
2123
1740
952
5477
3456
2521
1668
1397
3376
1057
4896
5262
4497
132
4098
1923
1226
2867
2169
338
1507
220
5313
154
1536
1137
4891
2847
3890
3446
4309
2767
149
4627
3877
2990
2364
3349
3456
1061
1660
1206
3597
605
2642
4755
1305
4445
2035
3063
759
5036
536
3639
845
2778
3955
1936
4104
1034
4653
3739
3743
4229
4991
4264
3787
1952
4459
927
5157
2487
2050
3286
4180
4364
5476
4536
104
3430
2499
3162
4611
2979
3504
4930
3663
877
267
206
2450
1759
111
5459
3721
1107
3187
1249
1072
4110
4043
2282
3682
2094
2143
1776
5164
618
2033
2487
4112
1045
1330
2101
1648
2522
4869
4723
1066
3808
1801
5327
4544
4167
748
3748
2542
3352
2951
615
4725
650
3740
5011
3006
5419
1886
2300
5250
1665
849
2024
127
4324
4309
3426
2546
3875
5010
972
4710
4879
3380
1879
4542
2415
2215
1544
4601
2552
3671
559
2655
2872
3655
2528
3581
3105
2924
98
1735
3997
1687
2025
2106
3398
2107
1215
5440
4768
881
383
1067
1622
4713
1314
1957
3326
1898
384
2949
4899
2941
1306
5059
397
2724
1917
1441
525
1136
3144
1389
1498
1932
3523
5293
2179
5212
3944
118
5142
150
4478
3025
1389
4571
5457
4371
2029
2725
1270
5215
4470
3006
1481
470
918
3754
3238
1542
2307
4934
1284
3635
4041
535
5110
1379
3253
4175
2099
4218
2687
2641
5189
4722
4577
3921
1207
3096
2250
2145
1904
1469
5421
4155
574
3599
4847
1587
756
5164
341
2690
4133
2120
3178
1281
3831
3608
1764
1801
4156
2500
4934
3085
615
4458
4387
2871
374
3323
4804
721
4988
1057
1834
4619
1547
1557
1690
2795
4315
4537
3848
343
3327
3122
3568
2164
2480
2216
5248
1213
1854
456
654
5265
1493
3459
776
1925
1586
3261
2037
4251
1937
2120
1922
1890
843
1886
3223
2532
5119
3054
2141
1441
3037
3960
659
3263
2355
736
1982
3506
2873
3113
1070
1001
2426
670
1431
2647
5066
1519
3873
1400
1585
3595
1070
4674
1249
2140
4790
337
1043
3453
2610
4379
5442
2129
380
3512
4217
4496
3505
2268
1506
5387
2196
999
1773
2618
2750
2682
689
167
5406
1499
3840
4707
155
3197
5354
3894
2157
3438
2145
4799
673
234
3218
4518
2299
4641
2265
1187
582
1448
2854
4579
4107
4187
1192
1836
466
4989
1378
3550
5339
3447
1555
2030
2070
2748
5162
2139
2284
5120
4366
1933
2247
2563
414
2711
1476
4893
5457
129
991
5124
1457
192
5418
2978
353
1477
2685
4181
2417
2494
4482
3965
2261
1130
522
2738
457
2654
1863
4032
4468
3720
5451
2239
573
2974
1325
2066
728
4271
3788
3680
486
2054
4221
1036
278
2900
2147
666
3634
4071
665
1715
3946
3240
3570
3352
5319
3857
3998
1393
3672
2692
2858
955
497
1334
3434
4396
4804
1644
4860
3356
3138
4737
2702
791
428
5001
2738
1253
2588
880
4397
3179
128
1677
275
4322
5204
4597
3036
3464
427
307
2435
1110
1940
2797
5062
3835
5262
720
2577
1868
521
1108
5179
3115
821
1446
4122
3924
256
353
3822
4014
5055
629
3551
1013
3097
1431
5028
34
1394
3621
4372
3766
2287
431
4739
1731
4029
4842
5348
5230
1632
4090
5312
2790
1694
4333
1312
1628
30
4689
5083
995
1966
5029
347
5112
3791
1140
4961
3841
1329
1184
3641
3982
2876
415
3064
4329
2425
1098
45
100
250
920
3052
2657
650
2212
4355
366
4078
795
4387
1170
1668
3072
4534
663
2258
94
1450
1496
1784
3026
2000
3448
2814
1713
3736
4264
5102
997
3144
488
1793
1254
1700
4968
2088
549
2909
529
2727
1774
3713
5329
908
809
4475
2480
762
2109
4242
5468
5113
4118
3392
4545
1555
3865
2189
5258
4842
4663
2826
3630
923
4026
1896
1710
2745
712
3782
1533
1125
1363
3026
336
4368
2797
5311
3139
932
3249
4550
3255
1984
2917
2366
3942
375
4460
3155
2689
1074
828
5364
4280
5510
4675
4129
3531
695
1300
3934
1653
1089
1130
4265
819
4541
1098
486
4783
644
3826
3367
3703
3551
5442
868
501
2601
3662
2169
1193
3656
4726
400
5113
250
3628
3750
2251
3764
2909
4646
1161
826
3202
2547
5232
1365
5237
3078
1420
4429
4397
2005
3462
5210
3671
199
1938
3570
3384
2167
3978
2974
3749
675
3995
4416
532
3608
3661
5345
5263
3034
4894
5486
5346
1353
601
2081
2893
4684
1916
1010
1177
1588
146
686
3949
3818
1917
2960
2830
4096
1845
835
5415
3062
5087
2727
3028
1367
2006
2481
299
3529
3966
3185
3431
3398
4302
2592
1725
4060
5416
1801
3268
2541
2333
4550
1115
5094
4307
889
1743
2467
3299
3524
2217
2075
602
36
3042
5003
1718
221
1400
572
1451
1332
3093
5298
5277
4949
3564
3839
3775
3002
605
3232
4048
1033
920
3960
377
4162
5062
874
2590
4514
572
1052
1636
1881
1710
4856
714
1202
2859
4567
4521
389
5234
1668
5172
4431
4070
735
3970
3608
426
1565
5385
5153
4107
551
4501
2295
1554
2463
2393
3886
3200
4566
3901
3491
1223
5275
2733
3686
2756
2289
4048
3013
889
1581
251
3681
2241
3411
398
3113
3182
1877
2539
3650
2539
4004
4355
5324
1889
3821
2199
791
3188
354
4225
4193
706
863
413
4353
4710
2793
4048
2687
2824
4275
3364
5006
2789
1678
3764
5061
5091
3578
3802
1704
943
4766
4785
1105
4507
2211
1506
550
2118
1799
2174
3048
204
3919
2277
5022
1270
2012
4755
1230
4834
1444
2681
327
1820
1644
923
1153
1611
2950
1669
839
2204
4874
5384
4859
232
1137
548
3217
4974
1414
2357
3896
3589
246
3082
3034
5284
3062
2471
480
2673
4123
3937
1546
5271
3222
735
4207
4336
847
4955
1951
4206
4914
1450
183
4272
2785
5197
488
2813
2330
2939
3138
4409
3752
2543
2060
696
806
2955
1941
1221
5036
4282
728
4729
3359
3402
242
105
4900
3990
5163
2850
113
2010
259
1942
2503
3219
1282
3893
3796
5259
3331
2199
4625
1334
5004
5233
768
4915
5461
1911
825
2778
419
2348
2180
3905
1861
2065
4473
913
378
5196
1134
1178
863
3966
3369
1024
5162
4219
1487
3161
2679
3963
2131
1492
3016
3707
2631
1746
3847
5509
2035
3611
4000
3902
3998
1543
5207
1421
3443
1368
4074
115
421
925
3374
2000
5248
4238
861
1194
583
4208
177
1413
4477
1197
5044
2663
5288
5342
3893
3587
3727
271
4525
3175
2391
3439
383
1951
4972
4941
3379
27
5051
3426
2954
4910
2560
4911
4898
4246
1106
4220
3191
2811
5091
812
4878
4778
4944
3984
1179
399
3921
502
1837
3459
2925
1232
5413
4863
1683
2849
929
3345
1923
2971
4256
4528
604
1635
1492
2000
2003
3654
4894
514
3761
1202
3459
3603
3265
4810
4010
3606
3049
2268
4481
3718
2710
1994
5268
958
3340
5050
2259
4991
4955
1920
4186
2248
4950
1998
3854
4340
4075
2702
4030
5221
2882
867
3452
2801
4412
728
2372
3048
1589
612
336
2747
534
4269
3157
2581
4244
3913
4697
124
549
279
2308
2616
4432
1611
4009
2716
3802
2794
760
3374
3779
4977
4414
2197
5391
3145
199
4312
180
3412
4016
2654
2368
5199
4770
3823
583
4564
2192
2092
920
951
1365
987
4977
1867
202
3642
4834
5415
164
4579
5023
502
5275
4600
171
1842
1331
1883
4894
5503
2787
2267
1400
5360
5114
2378
5152
865
2154
3563
96
2936
5169
293
4520
3224
2260
5046
1430
1908
2052
1595
1322
3874
4029
2345
4411
5370
429
5027
3219
3027
3055
1619
2706
4901
1349
2099
4999
1704
4969
2052
438
2309
3943
3692
3916
2117
3994
239
5104
4498
5065
4073
1297
3425
1841
305
1778
1591
1701
2292
3849
453
2410
911
1338
1858
5170
533
1756
137
2691
3604
3845
2185
2224
4710
2895
5459
4804
5208
4050
3001
2850
334
1082
2611
4440
379
472
2725
3486
4014
4942
188
3688
3982
1469
3705
2773
5234
3906
5322
4185
4768
3216
4933
1147
4437
2447
461
5193
3017
735
298
1861
4356
1228
2723
1923
2393
1772
383
1337
108
4527
5369
5261
1205
3364
848
4219
3796
3790
4698
3619
1307
4670
4754
4208
3588
288
1578
2539
1524
3077
967
228
1536
2621
801
2580
4168
2452
5357
2196
1202
2585
406
2597
2307
2938
2056
4368
770
514
394
3843
3625
1491
4476
491
512
277
4534
4406
4277
1769
2863
1699
5243
2235
484
2664
2108
4758
2954
2912
2414
1868
4628
376
3750
1423
695
1548
4783
2697
4840
3416
5170
237
1224
2641
2362
2747
3599
4882
1677
4575
1426
1318
4441
3352
2086
2921
3260
4799
788
818
2447
2249
369
350
2218
3976
93
3096
3699
4115
2867
2727
2524
1648
4480
990
1242
2441
1420
5486
3208
4818
3593
763
2890
3008
4316
570
4136
4253
988
725
798
1720
1734
3078
3728
3962
801
2680
997
3157
4846
4517
435
1943
3710
2387
4627
3122
3421
4618
2841
4634
184
559
1449
1733
1207
1136
3514
1042
4576
5490
5452
2818
2329
5243
2463
1204
4572
1192
2812
1049
3436
2930
3818
174
3895
678
2290
1284
3337
4141
495
3693
1915
2783
2805
4286
455
2407
3313
3494
1762
4035
5126
145
686
405
3039
708
1286
782
3742
2932
2322
4780
3337
3395
2268
667
4932
2409
5522
5006
2903
2633
480
1115
1995
5237
3875
3767
268
5274
4350
4662
2344
2324
3882
4453
2237
4540
202
1527
5021
2810
1925
2514
2523
5292
4708
602
2651
4993
4888
3291
4155
5130
4649
1528
336
2677
167
1177
5481
4124
2356
3444
4109
4259
3540
4448
115
281
3987
4105
1893
1818
2402
2020
4551
801
1626
653
170
1598
1056
2331
729
3252
5274
459
4432
1042
2786
4378
2385
2081
5359
2536
3294
2454
5186
1134
1886
197
4568
4771
4010
4120
211
117
2962
1243
4765
3555
3267
2154
3841
2409
1999
4122
1850
976
1485
3118
136
1971
3303
1359
1005
5401
4283
3582
334
4854
3430
1722
2896
259
5392
4309
784
5334
4200
949
5308
779
1092
1716
189
4309
1629
1439
4919
857
2581
4960
2170
784
756
646
2182
5289
3446
1361
180
4450
3959
635
1242
3682
5157
1535
3506
5237
5101
3092
2898
4739
4042
996
456
376
1187
3523
4897
3278
4304
2715
2453
2431
3522
3487
4847
3440
2449
463
1271
419
5296
3304
1105
1206
5460
3643
219
1384
2091
5098
2991
846
5098
4427
4961
3850
831
4869
212
3165
4299
142
4017
2654
5290
843
3534
2124
265
775
387
2543
1316
2005
168
4815
2446
1755
5305
4109
3799
2354
4027
2610
1424
1631
3188
645
3245
2223
2088
2634
1953
3254
1623
3493
1188
1330
2206
3781
3604
5531
3242
1382
3094
3011
3126
5329
4693
2575
835
2265
1293
4675
803
4498
1623
1585
5421
4882
5283
1315
2860
4716
30
5356
4827
5210
4904
1252
2438
4340
4568
3643
4059
3213
4017
4839
3653
4159
3946
1034
334
3447
2591
3838
3100
2267
697
5204
1003
2421
823
56
260
3115
5478
5455
823
4086
4814
1220
3475
795
4832
2637
3829
874
343
5052
4652
5408
2178
999
743
5072
3216
5028
4518
4470
4618
2078
2712
1497
1429
851
5012
3782
1005
5001
2849
286
282
4692
3424
4589
4273
3294
4376
1984
228
276
1174
4385
2114
2837
3292
1791
2385
972
4259
1109
4548
903
4002
2455
3501
5263
941
4878
2312
2267
2654
4681
2292
75
3797
1125
4102
1537
4652
3108
2105
2451
5345
4618
3822
1736
3868
1262
1537
107
2746
116
5355
1662
5193
868
2621
4318
4929
3967
1746
3199
2685
688
2653
2347
5367
4423
1126
449
964
4990
2020
4522
694
2000
2740
937
4841
2117
4199
1840
707
931
2759
4148
4473
5010
3116
1907
2861
4541
2470
2709
448
3217
2313
523
1596
624
1539
5402
2239
5358
1926
2324
3301
941
899
4191
1604
2508
2363
3082
1843
1184
1921
4568
5356
3304
508
5061
1626
4314
2624
499
3870
2371
1360
3461
141
1342
553
3221
151
1354
5264
2491
3598
165
5433
953
3581
2960
2698
3270
2931
125
2970
3339
1259
2631
5095
5255
2363
5493
4699
4451
1776
4604
3706
4727
904
4223
1528
5194
2619
3602
2845
4585
4165
2693
3521
110
4865
4062
2115
425
500
1472
3584
1024
4072
3055
269
1579
1830
4999
4802
5382
3712
1391
2333
2353
3388
1975
1683
5420
3325
2549
789
146
720
3353
5446
5376
909
86
5350
5336
2422
1027
3776
5022
2527
232
2505
1700
5099
2037
2596
1818
2471
4399
3981
2237
4523
5203
5137
230
4863
4803
1852
4581
1135
1418
2561
3900
4617
5478
1657
5059
1209
3817
3885
4914
4846
3620
434
344
5072
1011
856
1717
864
4224
3254
2111
2140
3524
1280
3041
648
4825
4453
1150
1401
5244
3738
1274
2218
5383
2456
3474
5367
5394
2595
4089
1179
2110
3821
1884
5440
1278
371
3529
2564
2583
3702
4685
3583
558
232
3176
2374
3769
4522
1575
2055
3535
889
4247
3625
4484
4660
156
1171
2016
4879
3922
238
291
3314
2717
5306
3206
1176
2059
4098
5449
4561
4833
2590
61
5167
3162
4191
2092
2674
193
1474
3447
4088
3527
101
471
926
563
3712
1729
895
2875
104
702
3559
1141
4547
3168
1468
2825
4767
1559
5111
238
3889
4951
5071
5112
3026
1318
5327
4278
5296
3775
2453
2313
1543
2685
5425
2056
1335
4824
3056
1680
4609
4148
496
4812
2002
2336
5513
4240
2781
5198
3477
4682
124
4006
839
934
3437
4262
3546
642
1766
3495
3989
3321
2811
4081
4322
4950
2369
2252
740
2065
4190
1170
106
1612
2264
2131
5034
133
1773
5060
3455
1054
1184
1638
1155
1377
3908
673
1885
2484
2308
3458
1311
3624
4384
2379
4872
2250
3082
1954
423
4356
3524
3695
1812
146
2540
996
327
3871
3122
5308
1443
5184
2127
235
1569
4474
3905
3399
5270
4169
629
3591
3834
5028
553
2725
1932
1206
3772
2620
4402
279
98
3222
2306
4787
2036
5474
3864
2594
3240
1883
128
4064
3753
371
1830
4726
3237
4819
1957
4444
519
2576
4429
3210
789
4823
1665
1182
493
1707
3159
2571
3161
5146
833
2980
3105
927
580
1209
4685
3545
1634
3495
1622
4838
4491
1582
3673
3305
3975
3546
2789
2767
4497
193
4156
103
1257
849
2745
2403
4045
3732
2725
1326
4430
759
4493
2613
1582
2411
5161
541
4888
4641
1918
1461
1171
2892
3030
399
2256
2563
3472
2208
541
1807
3782
268
1752
1062
2221
4705
1539
4636
390
1041
1636
489
2251
3513
2448
4326
4637
2273
1761
3027
3098
1717
3595
3565
4244
4920
3790
1518
4992
1242
4111
305
345
4192
3665
1011
1709
2144
4906
3476
741
2628
1930
1522
477
3073
1484
3792
1556
1091
2942
2643
4412
2820
4102
3603
1069
807
2178
3959
5106
5020
3405
1334
3454
550
1193
2373
293
1359
540
3137
5160
2215
4265
4903
4838
1935
290
2915
2485
3474
4873
5437
3467
818
1201
3300
2233
4491
621
1529
4607
3371
2110
2520
3361
5221
1072
2303
4046
2434
1221
4714
4031
5212
3930
3310
2834
2928
5255
554
240
4647
4082
4746
339
1131
