57
139
-1
-1
759
347
-1
-1
992
-1
-1
113
-1
756
277
577
-1
546
750
-1
318
202
-1
123
-1
75
775
409
-1
-1
-1
-1
313
-1
418
809
361
-1
-1
-1
348
-1
576
-1
459
-1
-1
989
581
-1
716
831
83
251
723
-1
80
-1
-1
727
279
725
565
-1
102
-1
567
826
313
828
-1
-1
-1
665
707
190
733
-1
182
-1
-1
-1
235
297
113
885
-1
553
136
173
313
73
-1
577
-1
232
57
360
-1
823
454
-1
-1
178
-1
150
352
-1
-1
-1
448
63
247
229
901
345
-1
-1
830
-1
-1
256
54
250
162
-1
-1
-1
-1
589
227
169
-1
-1
141
984
184
-1
-1
895
245
917
-1
258
348
-1
-1
-1
621
956
420
-1
941
73
765
193
-1
248
340
357
967
120
137
-1
122
289
-1
-1
-1
894
558
128
132
437
73
336
562
51
-1
713
431
-1
-1
289
-1
72
275
146
740
64
198
-1
341
525
-1
588
-1
890
222
-1
159
-1
110
456
783
-1
-1
205
-1
-1
771
193
582
37
120
-1
334
1005
113
-1
-1
713
-1
-1
157
445
-1
-1
684
659
-1
571
-1
-1
-1
73
-1
-1
252
-1
775
830
574
-1
-1
507
-1
518
910
603
856
100
825
-1
-1
965
629
119
-1
196
-1
-1
171
-1
244
-1
568
690
-1
516
-1
766
-1
-1
927
360
-1
501
556
365
-1
921
-1
343
-1
-1
887
-1
421
177
-1
-1
419
-1
112
85
66
-1
-1
196
411
-1
-1
-1
-1
134
-1
261
828
270
891
-1
138
-1
474
-1
256
-1
268
317
-1
47
728
-1
132
530
145
-1
-1
-1
-1
484
125
971
439
1016
-1
-1
382
375
-1
159
149
-1
264
296
-1
89
942
786
-1
-1
-1
155
118
-1
-1
167
-1
400
-1
459
738
329
729
-1
792
130
583
-1
324
114
566
-1
56
-1
325
234
628
-1
-1
187
254
552
-1
865
236
433
555
-1
310
707
215
131
-1
-1
737
-1
-1
