1609
3717
2533
1625
3082
397
1521
2976
1658
3499
1319
1214
2794
207
1053
1664
509
2540
977
2444
2040
241
112
838
1807
522
1969
1541
1837
1644
3743
2072
1634
760
998
4065
2558
2615
3926
3680
1373
2839
3232
3610
1390
153
1703
2835
2399
443
1930
1715
2334
147
4039
1244
2953
1313
1046
1192
1575
1829
972
1755
3252
2262
2853
980
1306
3052
217
76
2044
102
2696
3159
2467
97
1873
246
3618
455
2256
1837
3464
976
684
1483
2084
900
1857
926
3714
301
610
2080
1365
1340
2498
540
177
659
2976
490
2400
1589
1959
2940
2699
3908
3893
3877
1703
400
2936
1640
1222
2478
3242
1175
1804
899
2125
1111
80
1947
2203
1297
229
1275
3798
1562
4046
3995
2270
579
3452
2667
3063
255
2962
2250
405
3953
1943
2941
1550
246
3059
1724
360
3520
4011
506
3724
2616
3519
2750
2580
1043
3601
924
460
2246
3349
1291
1414
172
1757
3441
939
2718
1102
2996
157
2151
1908
3452
2348
1061
2863
1707
1701
940
2218
98
3814
2471
757
1848
1311
1826
89
2995
3164
2554
2545
3518
1588
3250
2091
2508
2551
710
2052
2691
403
3605
2440
1503
2887
3028
3853
1772
1508
2894
854
1979
2985
3754
3191
985
3503
775
282
3765
898
2146
3276
4089
1660
2974
798
3194
1705
2240
2181
1424
3566
2789
1162
2968
2820
2355
3800
2644
2683
1240
3033
2755
75
51
2093
3864
4016
2752
2321
2474
1086
3396
2912
2197
1467
4022
418
3336
1850
2546
1046
2573
2506
735
3033
2088
2720
1104
1004
1078
1182
2132
2015
2464
1411
388
2987
1139
3011
2454
2425
3422
2108
464
2852
308
181
2342
1228
3370
3424
2387
3920
3491
1923
1778
506
1593
2574
3011
3898
492
1048
977
311
2860
2772
2001
3104
1493
1079
646
2549
802
1452
398
239
3096
334
3363
667
1242
2895
2033
2647
4064
4067
183
3277
2612
3093
953
158
1792
602
3203
3862
952
3991
522
121
190
1331
3363
341
2674
3262
1229
825
819
473
2398
1047
2689
963
2107
332
407
1916
1985
431
4079
3756
2833
1999
1718
3573
3854
452
1539
1731
3513
2296
2260
2626
2475
1543
2327
2715
2296
3622
3029
2274
316
498
3928
903
679
2656
2237
266
1512
3222
690
2213
4031
753
2387
303
2530
1349
2279
121
846
2774
2952
101
2799
605
460
2582
2048
2286
2091
1756
3042
1450
3383
3978
2087
1166
2729
945
1396
1837
1090
3805
3009
3348
1422
1738
1604
2807
2400
1665
805
3998
1649
1235
644
3215
2849
3330
1294
2693
117
671
710
621
2852
973
1589
1497
1640
2408
3297
3074
3830
416
2041
3951
717
2313
207
2498
2160
574
3848
101
806
1725
826
915
2092
222
2051
1651
210
2543
3274
1670
1206
960
1586
3144
400
1752
2054
3184
604
2126
104
3371
1394
2935
264
771
2901
1436
2061
3241
1738
1628
1746
1111
3995
1485
3133
1139
263
2161
1016
492
3174
2029
726
3963
3147
1304
1366
2992
754
1581
2275
4010
176
1092
2483
3584
2071
3141
3858
932
2779
1210
738
2536
3262
2423
1526
2435
1536
1208
559
3187
526
262
370
1509
2578
2956
1510
967
2546
1989
1604
3379
2957
898
3852
2392
1188
2656
917
1203
2023
1527
1917
2608
3447
1967
2900
2510
522
898
2406
2611
1306
176
661
3548
1002
3317
397
2247
2339
2101
1690
498
2663
3278
2742
3707
2062
1904
2130
809
2955
2007
3499
2497
3573
3437
2130
1754
3767
155
809
3740
2994
2947
877
956
1342
971
1700
2258
2934
901
2619
3898
2676
762
3703
2524
2932
2260
47
331
799
3966
3430
583
3439
3375
3142
655
911
922
891
3310
2838
3906
915
538
342
2465
1012
2560
3493
1852
3617
199
3530
1566
1513
977
631
2016
731
755
364
963
947
1755
3086
2615
1316
3354
3459
1259
2394
512
3174
3310
2934
1903
3826
559
1519
900
2908
1216
1666
261
3115
3903
2979
3134
1691
2391
2605
1007
3876
1701
1811
2615
3703
2067
344
1044
820
3025
2146
1244
2657
2762
249
2584
773
2557
2770
3029
1705
1653
1777
2500
2562
2657
1117
2892
1704
371
1386
2017
1756
380
2835
4003
2399
3055
918
675
2994
2531
975
3411
620
2769
1792
1548
2388
3406
2573
178
498
322
932
2797
1886
2667
3045
216
1280
2625
3789
1034
2338
1938
3394
1389
2267
1181
243
2670
3734
2967
1141
1336
2978
2091
1466
3560
2884
3342
2582
1537
2512
1487
1458
3122
3798
2926
476
2734
1749
941
1294
3338
1080
2915
1713
3195
1224
2441
2602
3299
2211
3289
3651
1971
2050
3544
3390
1874
2262
2565
2804
1483
1626
2740
768
964
1985
3632
886
772
3627
3474
3860
348
1616
2606
2663
3069
2514
1162
2553
2758
2422
2538
3886
3580
3687
601
3823
1488
1815
86
2179
1033
2498
2954
227
915
2935
1330
1100
3490
2030
1487
1613
742
3662
2510
2766
2321
374
3510
206
719
494
3761
2326
2514
1924
1256
424
3501
2084
1342
3031
2002
1606
182
3364
1845
2384
1118
2240
1180
956
228
3066
638
1923
3957
926
2917
3304
3442
290
2762
968
163
1088
2532
704
2358
2142
1749
2590
549
1946
2968
2751
2660
1956
3927
1775
2357
628
1543
679
2958
3823
119
3516
2368
2066
1961
1692
3512
3749
3851
577
2454
2372
3848
338
3385
897
59
3318
3994
617
1426
2983
3262
3290
3075
911
3441
2632
3546
2910
3246
3211
2034
532
1266
386
787
268
2990
1472
1698
2053
951
2111
2381
3722
2664
3088
710
1304
1840
3233
2943
526
2717
3520
547
3102
202
3362
2538
939
1731
1693
1206
1192
214
3062
1645
2839
3990
1215
323
712
1539
1549
1150
3891
1107
205
2761
3525
684
2846
3666
1411
69
3970
3411
3543
2870
1159
1291
3839
2042
2926
2408
931
1907
962
2374
823
3692
2369
887
2380
327
2111
2329
2616
2418
2758
514
3555
3334
1671
3708
3991
3710
2104
989
286
1530
356
1096
2508
2500
209
3849
1804
3282
1389
840
2029
3927
1625
1925
1853
1435
1467
2171
1221
1222
3899
86
3533
2822
1211
3265
3068
1324
914
2572
477
818
552
3353
438
3208
3813
2718
1253
80
315
973
95
1747
1870
1902
677
2017
2972
1233
589
2928
2659
3700
1232
1431
1666
2662
117
81
2201
242
1410
3537
2357
2583
3995
1537
3743
2262
1322
3084
1824
956
1130
2428
2676
3571
3528
245
3732
2975
3237
2266
2669
1382
1816
3790
1231
586
2522
1627
442
1712
1946
3605
835
759
670
1215
3340
1895
182
2363
63
188
546
386
2154
1825
756
3448
2770
669
3161
680
640
1606
2045
2295
2188
1059
3641
1974
1431
1967
1232
2243
562
3718
2959
2281
1135
921
4026
2705
1063
3310
1620
3632
1168
1488
2730
1010
3141
2064
1849
868
3217
1985
3672
101
3790
3533
3575
1782
375
1943
3169
2305
2227
1338
3250
3209
3465
218
1569
1187
2319
1858
1196
3353
1403
3814
83
3117
2005
3444
2544
696
1820
2627
3972
3834
3451
4049
2643
68
700
92
2650
748
1717
2855
351
3180
337
2453
985
1981
3023
1945
2182
3062
2144
1243
2273
2769
1634
3642
1567
294
1371
3429
374
2290
544
1235
3051
189
930
2169
1409
1349
468
793
2401
1904
537
3494
2090
3099
2111
1266
3503
495
231
1962
2492
1622
3028
1822
908
677
3731
3794
2012
739
620
3399
2309
3281
1673
3889
1769
110
152
3070
1041
3736
2354
3897
2028
318
3065
3284
2894
716
2616
925
1297
1256
2786
1837
2707
987
1887
2045
317
2358
2203
3501
364
2828
3251
2290
2283
2713
2328
1449
915
3456
3909
1014
3310
993
3146
1520
4019
3265
2203
3356
1421
3974
3332
1199
3794
705
2019
1200
1644
998
3354
566
2402
794
129
1044
1823
1282
1257
2264
3581
2880
3713
1338
1176
2970
1393
552
3613
897
2681
1873
2991
818
1330
3018
1678
98
3614
3676
3512
2087
3110
3804
595
3110
1912
132
2404
2198
827
1439
2457
3616
3937
360
3805
356
2936
329
3149
3475
2087
3019
3171
3327
562
3571
3215
3929
2380
3508
305
3128
1562
2251
2819
1808
1670
2029
793
2068
2922
3951
499
2545
3683
2109
1772
510
2513
3247
2084
3456
2558
1295
2202
1123
2661
263
2750
837
2166
2744
1745
1977
2603
3468
1073
3278
99
1178
1107
2371
779
2941
3744
3115
1698
1561
861
1344
1885
3767
1608
766
3604
631
298
2464
2404
2430
1223
2125
1193
114
4001
878
597
3835
3118
1014
647
2884
3411
349
2596
3872
1390
123
694
3978
2918
586
1339
2508
4022
2565
3163
967
2770
1231
3512
954
1894
872
3241
531
3654
1834
517
3118
2058
837
1916
372
360
1670
3404
1963
1485
2552
2885
1302
3655
353
3171
193
1566
263
3767
733
525
1841
2881
2094
2484
1815
189
126
253
2903
959
2067
1092
1260
1494
407
3760
2588
2688
3718
3997
546
2115
3831
1319
4055
3730
1570
1632
3953
2237
791
3263
2193
3576
2695
3078
1548
1085
3882
900
1760
3015
2200
747
1893
1004
1716
251
3313
1412
989
2094
3363
2785
1159
2463
2954
2439
434
1691
2987
3207
960
1592
3720
150
3971
1847
832
689
206
3655
1950
1577
3176
3676
2723
3441
1111
1031
2586
3664
4009
1103
436
215
3441
798
3649
3691
345
1260
943
3585
2835
215
2049
2126
3925
943
766
4001
1769
649
3202
3393
1495
2788
2477
244
2793
3947
1700
3368
65
633
3825
2083
1240
2261
287
3697
1597
2037
3715
1367
3575
391
1605
148
3729
1115
233
3116
728
1376
850
1444
2725
3318
2206
1160
3921
3072
641
155
3965
2355
601
1939
1830
3431
1400
1736
2280
1245
253
1918
2858
2718
3692
714
2457
3715
1572
1064
3585
210
1293
1908
1874
3034
702
3206
3951
2220
1591
1457
3797
3429
3100
1952
1589
1146
3922
4043
489
252
1994
726
2154
1821
688
1902
1168
2078
947
1684
3722
2282
958
2594
2118
190
1682
1544
1403
3664
718
3919
2347
3104
2510
1374
2714
3099
2755
1338
2081
3201
766
748
1525
1386
3836
2898
2057
3162
713
2939
2694
3448
3836
4028
3868
261
2938
515
813
2725
3928
1083
473
1971
2528
3982
577
3253
2008
891
3817
3614
1358
605
3845
2719
637
916
911
1774
2243
3238
1685
250
968
2380
220
1448
81
564
2759
94
1660
327
3131
2791
1285
3396
863
2254
3159
3732
2814
1235
971
2040
2109
1284
273
647
106
1295
3652
610
3389
2406
126
2436
2060
1688
3235
2748
1652
3485
3310
3666
1893
511
1361
3766
3865
138
78
2831
1032
3042
3426
88
1848
393
1759
3944
2660
700
398
2141
3548
1325
3739
275
1613
2727
532
3147
2756
227
1141
1859
2570
496
101
3020
2307
2274
1873
2334
860
1415
2013
2821
3493
634
729
2720
3938
3646
2439
3534
3609
1391
751
1839
3528
3987
3611
921
1078
2488
1317
1280
3915
2416
1737
488
379
992
3198
231
358
1290
3705
3749
3750
3808
200
1901
3974
3269
864
2813
1495
2239
3561
2608
2627
3450
1214
2679
2535
2500
2107
1617
372
2577
3192
2607
1578
1109
498
3835
2835
3214
2940
3303
531
1913
1064
2859
237
2017
861
3072
1479
3101
2600
2158
334
1259
3889
1554
3920
909
1115
1316
3965
1259
2327
2528
850
4011
3276
2654
1655
1742
616
1559
925
1963
1799
3986
2208
3371
3678
2318
3132
2370
1753
3991
3060
106
1336
3879
1962
2592
1723
376
549
2304
2589
1024
1686
3513
3228
229
2548
810
3388
1342
3877
3762
160
538
1986
1661
1631
737
3393
1879
1078
3081
3526
3775
2898
2710
1976
257
295
696
1452
1575
3901
3148
2910
1137
1251
123
3078
3550
2777
596
3936
1130
66
2586
1499
3147
2816
2679
1117
673
169
2543
3336
308
3783
1370
2451
2813
815
3898
2382
3015
2863
2805
192
2038
1179
547
546
1701
3856
2482
2262
1116
2824
3595
2588
3270
2861
2980
1832
2241
1648
244
1755
3019
2389
2070
104
3611
677
761
1933
2765
1204
1554
1089
1453
3373
1019
1533
758
2727
1051
449
3737
3209
2714
3365
3153
1541
2900
1248
2106
3020
1299
789
2657
3868
724
3997
2212
1561
2698
584
1671
356
164
1132
2571
1646
1181
1190
1212
713
3407
2578
689
1064
1380
3577
1725
3175
784
2815
3934
2126
1071
216
783
1228
3621
1632
216
3868
2279
1005
2094
293
181
2761
3617
1793
3113
226
756
2339
937
738
2579
2970
1726
416
2561
2920
3011
889
220
3284
60
951
360
2104
2146
3847
2019
3173
1875
2561
806
754
680
3039
2989
2345
1549
677
1893
3398
3582
2676
1611
3554
3355
1792
57
886
1857
1411
3570
511
2346
3442
2639
3819
2012
3464
909
2837
807
3632
1896
347
185
675
1454
1590
3548
877
2608
1746
1136
600
2180
3516
3583
2765
251
3338
176
1246
2487
2925
3381
2221
1096
2107
2876
1548
2214
2939
1510
3613
3859
1878
1744
747
906
2297
874
1463
1262
1272
3292
3094
3208
2717
1421
2021
1200
1529
895
4025
2023
1387
362
2389
2370
1164
2262
605
2773
2257
2657
1441
1480
2076
493
2247
3333
2711
3489
3370
403
2525
564
448
433
3572
3961
100
3838
3008
3769
3373
1221
1619
2752
3813
1055
589
3680
1365
415
574
3805
1072
1191
2382
518
1860
895
2203
2160
2318
3781
1988
3523
3055
1190
2300
167
2101
1863
2698
3361
1662
2940
83
1353
3273
328
3934
1382
1857
1259
2320
2343
1511
3034
2785
121
500
2895
2460
2485
892
3268
2138
1993
843
1670
3367
2457
3199
647
814
1590
806
3080
915
2172
665
3489
2095
2901
2706
839
1743
417
3340
782
145
440
2030
2153
3134
354
2642
110
2672
2648
855
2846
732
729
2029
3882
1865
3829
1550
366
1422
1467
2431
1591
1925
2282
3238
916
3608
93
3523
1538
438
1264
3390
3217
2356
2754
2009
2273
2902
283
1974
2714
320
240
2218
1678
3854
3976
3689
2243
3398
704
1350
2941
238
3127
2116
3985
2362
2926
676
1323
2154
2859
3738
968
2319
107
2733
2922
2170
1283
3092
3012
3364
595
2033
2259
3535
3424
2327
2105
3040
3569
1300
2491
1711
514
1389
2873
418
2569
2627
1143
2539
3733
3594
2228
3175
2817
1067
211
633
3892
2856
1990
662
3687
1099
3963
3585
2153
3916
85
2355
3726
1110
1679
2242
2160
3323
3693
1784
3783
2456
2687
1022
3998
1002
3012
694
2349
2808
3872
636
309
2564
796
3770
2063
3437
3418
2622
631
3604
893
509
2262
1074
3662
2822
1531
286
380
650
921
1243
2698
377
1138
3775
739
2768
715
211
932
4010
1697
3961
3559
863
2656
4066
142
3501
2282
698
1217
184
2957
2691
3867
478
1947
2924
3078
2994
3324
3586
2574
1523
225
4042
1360
1613
1986
2327
151
1096
3283
3438
2933
4012
1078
1351
3727
1774
371
1433
3631
877
527
1533
1209
3545
154
3128
304
2798
1505
2288
3118
3442
2816
3724
1092
4043
4003
1542
1068
266
2323
3383
3811
1360
2036
2507
2970
975
671
294
3257
1767
2703
2337
1494
2270
514
1096
1233
4017
2961
2912
596
565
1235
2422
1630
2923
130
3263
1786
3998
1923
1834
3598
2188
3548
535
1184
1123
2537
3177
420
2234
648
814
3762
3631
1993
1996
3083
74
735
1015
2696
940
3452
3998
1110
3532
1436
2404
854
796
3410
1090
3038
162
3160
859
1331
655
203
3956
1199
1182
1412
2203
2224
587
1498
1978
1105
3430
1700
1162
2735
1956
178
3609
2414
1862
3816
2867
3851
2399
3732
247
2631
891
498
812
410
2773
2476
2128
1252
972
3076
3858
971
1411
1445
1173
2284
400
2298
912
3102
3220
177
2079
3757
475
3686
363
184
1583
2436
292
2471
1202
1080
1788
1586
3367
3078
3135
3993
2111
1943
2818
2913
2558
2386
3311
2902
3181
723
1368
440
1239
681
84
3886
852
1429
2151
1610
3212
2926
1801
57
3944
1059
1864
2958
3732
1494
3240
1184
3471
3006
1071
3953
3263
1079
402
2738
1376
3876
1665
893
2248
1504
3991
409
2673
3417
808
251
1814
2076
1166
2099
937
414
2899
3523
1682
3952
1398
1072
2183
2294
2852
1875
189
2683
3906
1164
71
479
3388
3314
1175
1483
3390
1339
616
3652
1731
933
2538
931
3313
943
3689
2747
1737
801
1361
2975
1787
1691
564
3571
2681
2876
2388
1066
375
92
69
2922
2120
1298
1387
3873
246
1168
3293
768
1099
549
3896
3603
1218
3197
2002
3103
2648
2346
3132
1428
1709
1909
3697
3279
2648
1307
3114
374
1867
2636
659
3755
4076
301
3835
843
1470
2586
440
3120
110
2972
435
419
2618
2245
3335
2682
1931
2511
507
1785
172
2473
3976
1880
1559
1511
2148
573
1617
3650
2137
1964
480
1644
2264
3231
149
2191
691
3708
3645
304
2603
3412
1731
3294
2605
3489
3013
3391
1862
3460
3533
702
1645
2038
1624
498
2352
3108
2626
1595
3345
892
3944
3341
289
3549
2872
852
1894
2121
973
2009
98
1455
2735
976
1735
3551
1913
778
675
3606
430
1312
543
3246
229
3804
2628
3890
3133
3638
3215
