-1
-1
-1
140
-1
-1
635
-1
-1
-1
1027
-1
-1
-1
856
-1
199
-1
532
261
-1
561
-1
-1
373
-1
-1
1025
-1
351
-1
-1
-1
-1
-1
-1
-1
693
-1
-1
-1
-1
-1
-1
-1
528
541
-1
-1
812
-1
-1
-1
-1
674
656
-1
-1
-1
-1
508
888
-1
633
646
-1
-1
499
-1
-1
-1
-1
-1
880
-1
402
-1
-1
-1
-1
-1
-1
325
-1
-1
241
-1
-1
-1
-1
-1
281
-1
-1
993
-1
-1
-1
-1
-1
-1
355
-1
-1
496
-1
353
254
-1
-1
544
-1
-1
-1
955
-1
-1
-1
-1
-1
-1
-1
247
-1
-1
485
-1
-1
-1
-1
-1
-1
150
-1
968
-1
899
-1
-1
-1
-1
-1
-1
-1
823
-1
704
-1
-1
-1
-1
-1
-1
965
-1
-1
721
-1
-1
-1
700
-1
877
-1
-1
1035
-1
230
-1
1003
493
-1
-1
598
401
311
219
-1
288
-1
-1
-1
-1
-1
-1
-1
-1
-1
151
873
-1
-1
-1
-1
-1
1025
-1
-1
-1
-1
387
-1
456
844
-1
-1
-1
-1
-1
724
124
-1
-1
-1
-1
-1
796
-1
-1
-1
291
905
82
-1
-1
-1
-1
-1
151
-1
-1
-1
-1
-1
125
359
-1
853
575
-1
-1
-1
-1
-1
-1
251
-1
111
197
-1
-1
-1
-1
-1
-1
-1
241
123
-1
-1
-1
-1
-1
-1
-1
251
219
-1
-1
-1
-1
-1
-1
-1
-1
369
-1
-1
-1
-1
282
-1
-1
-1
-1
-1
824
-1
-1
332
704
-1
-1
-1
937
-1
-1
-1
-1
465
667
-1
-1
-1
484
-1
-1
-1
523
-1
-1
-1
800
-1
-1
-1
121
-1
-1
-1
-1
-1
-1
-1
-1
355
200
373
-1
-1
-1
-1
-1
-1
-1
-1
732
-1
307
-1
-1
-1
-1
246
-1
-1
-1
-1
-1
367
171
-1
-1
-1
-1
-1
-1
386
600
-1
1055
-1
-1
-1
-1
165
-1
-1
-1
-1
-1
111
-1
-1
-1
-1
-1
-1
-1
-1
-1
527
-1
-1
368
951
-1
-1
-1
-1
-1
259
-1
-1
-1
825
-1
-1
-1
-1
141
-1
-1
584
-1
-1
-1
-1
323
-1
1059
-1
-1
-1
-1
-1
229
-1
-1
-1
133
85
-1
737
-1
-1
-1
217
-1
-1
-1
-1
214
-1
-1
-1
-1
394
-1
-1
-1
-1
-1
-1
482
95
-1
140
-1
-1
-1
99
-1
-1
473
-1
-1
-1
-1
-1
-1
-1
564
-1
727
-1
-1
-1
-1
562
660
-1
-1
-1
-1
-1
-1
-1
-1
-1
-1
-1
-1
-1
-1
-1
411
159
-1
-1
716
-1
-1
-1
-1
287
-1
-1
-1
-1
-1
113
-1
648
134
696
-1
-1
-1
-1
-1
149
180
-1
-1
-1
349
-1
-1
1038
835
347
-1
-1
-1
-1
-1
-1
154
918
-1
-1
-1
-1
586
-1
79
-1
810
-1
348
-1
868
-1
789
-1
-1
-1
231
-1
671
-1
980
-1
-1
-1
-1
-1
-1
-1
-1
-1
260
537
164
-1
-1
-1
728
-1
-1
70
-1
225
-1
-1
-1
-1
457
-1
176
300
-1
1021
640
-1
-1
820
-1
-1
-1
-1
-1
-1
-1
-1
114
-1
-1
-1
96
-1
-1
1026
-1
-1
-1
-1
930
503
695
-1
-1
346
209
1050
-1
-1
-1
-1
482
-1
441
-1
412
-1
364
-1
-1
-1
-1
639
-1
-1
157
-1
-1
-1
275
-1
-1
1009
302
-1
-1
-1
-1
856
-1
-1
-1
-1
723
-1
-1
-1
-1
121
-1
375
-1
-1
-1
-1
-1
-1
116
-1
-1
-1
-1
-1
104
-1
-1
-1
-1
-1
-1
-1
-1
-1
-1
-1
-1
694
-1
533
770
-1
-1
252
570
-1
504
-1
-1
-1
-1
-1
-1
919
155
-1
678
101
-1
-1
376
-1
-1
-1
-1
-1
-1
-1
318
242
677
-1
-1
-1
-1
-1
-1
-1
-1
-1
-1
-1
893
694
-1
304
-1
-1
-1
-1
-1
356
131
-1
-1
-1
92
-1
120
-1
567
-1
-1
-1
-1
-1
-1
-1
-1
-1
-1
143
-1
691
462
983
-1
-1
-1
708
108
-1
-1
903
-1
-1
-1
-1
403
-1
-1
-1
-1
-1
-1
-1
-1
-1
932
738
-1
575
-1
-1
-1
-1
217
162
88
-1
509
-1
131
-1
466
-1
-1
-1
-1
-1
-1
-1
-1
-1
573
-1
-1
-1
-1
-1
-1
-1
-1
-1
-1
-1
-1
-1
-1
-1
-1
-1
516
196
-1
1023
-1
103
-1
-1
-1
-1
-1
-1
805
-1
-1
-1
-1
760
-1
-1
-1
-1
-1
-1
-1
-1
-1
-1
-1
-1
-1
-1
-1
-1
407
496
-1
-1
-1
128
-1
-1
-1
-1
-1
-1
-1
-1
-1
-1
-1
150
-1
-1
-1
668
-1
-1
-1
297
-1
207
117
205
-1
-1
-1
109
596
-1
-1
689
831
-1
-1
-1
-1
-1
-1
-1
-1
-1
-1
-1
-1
-1
-1
-1
-1
-1
-1
-1
-1
-1
-1
688
-1
-1
-1
-1
224
-1
166
-1
-1
-1
-1
-1
-1
-1
-1
-1
-1
-1
602
-1
-1
-1
-1
-1
-1
-1
-1
-1
249
-1
-1
-1
-1
-1
178
-1
-1
-1
-1
765
-1
-1
-1
175
-1
-1
-1
-1
-1
-1
-1
995
-1
-1
809
-1
-1
-1
272
-1
-1
-1
-1
-1
112
-1
-1
-1
-1
-1
-1
-1
-1
-1
-1
368
-1
-1
-1
-1
-1
-1
-1
-1
-1
-1
-1
137
-1
-1
588
-1
1013
-1
-1
931
-1
660
-1
-1
-1
-1
-1
-1
-1
479
-1
-1
365
-1
-1
449
-1
-1
-1
102
594
-1
-1
350
-1
507
991
118
-1
-1
-1
255
-1
-1
755
-1
420
-1
-1
-1
-1
-1
-1
342
-1
428
644
-1
714
-1
377
514
-1
-1
204
-1
-1
-1
669
-1
-1
-1
486
644
-1
628
-1
-1
711
-1
675
475
467
-1
541
-1
-1
-1
-1
148
-1
-1
-1
669
-1
-1
-1
-1
-1
-1
-1
232
-1
102
77
-1
-1
-1
-1
-1
-1
-1
-1
-1
-1
-1
-1
-1
-1
-1
-1
149
-1
113
-1
-1
-1
-1
-1
386
-1
-1
-1
-1
289
-1
-1
-1
647
-1
-1
-1
-1
-1
897
1047
-1
298
-1
-1
-1
-1
-1
-1
968
-1
-1
-1
-1
-1
-1
-1
-1
-1
359
-1
-1
158
-1
-1
-1
-1
-1
-1
-1
817
-1
-1
549
-1
-1
-1
-1
-1
-1
-1
-1
376
-1
220
-1
-1
-1
-1
-1
-1
-1
-1
-1
-1
-1
-1
-1
-1
104
-1
-1
-1
-1
-1
-1
-1
-1
-1
161
212
-1
-1
-1
794
-1
-1
-1
-1
-1
-1
-1
819
-1
668
-1
-1
-1
-1
-1
-1
-1
-1
1067
-1
190
-1
-1
578
-1
-1
-1
-1
-1
-1
-1
-1
-1
-1
-1
-1
242
-1
-1
-1
93
-1
463
-1
-1
-1
-1
-1
-1
-1
-1
694
-1
-1
-1
-1
-1
-1
-1
-1
-1
-1
-1
-1
393
-1
671
-1
-1
-1
-1
-1
-1
-1
-1
-1
-1
856
-1
210
-1
-1
866
672
-1
-1
236
-1
-1
-1
-1
208
-1
-1
-1
-1
-1
352
-1
-1
-1
-1
-1
-1
504
-1
314
-1
-1
-1
170
876
-1
-1
-1
-1
709
-1
-1
-1
-1
-1
-1
242
146
189
-1
-1
-1
-1
-1
-1
-1
-1
-1
-1
-1
-1
-1
-1
-1
-1
1012
650
-1
669
-1
-1
-1
-1
89
-1
-1
-1
-1
915
-1
-1
537
-1
149
-1
-1
110
718
-1
518
-1
-1
-1
712
-1
-1
77
-1
-1
-1
281
233
-1
-1
-1
-1
693
-1
170
140
-1
-1
-1
364
-1
-1
-1
-1
-1
-1
-1
108
-1
-1
-1
-1
-1
86
893
-1
-1
-1
-1
-1
163
-1
-1
-1
-1
-1
-1
-1
-1
327
173
-1
-1
-1
-1
94
-1
-1
-1
-1
-1
-1
-1
-1
-1
465
-1
73
166
-1
-1
-1
-1
359
-1
199
-1
-1
-1
-1
-1
-1
-1
-1
-1
-1
-1
-1
-1
490
-1
1045
-1
83
118
-1
144
-1
850
208
466
-1
-1
1032
-1
869
-1
-1
-1
-1
-1
-1
-1
677
362
-1
-1
-1
-1
-1
-1
98
-1
690
-1
-1
-1
-1
91
513
-1
491
292
-1
-1
779
-1
-1
1024
-1
-1
-1
-1
-1
-1
-1
-1
-1
-1
895
-1
-1
193
-1
-1
-1
-1
-1
-1
576
-1
489
-1
-1
921
-1
-1
-1
-1
-1
-1
-1
-1
-1
-1
108
-1
383
-1
-1
-1
-1
-1
290
-1
-1
376
494
-1
-1
-1
-1
216
-1
-1
-1
-1
-1
-1
1019
835
-1
-1
-1
-1
-1
-1
-1
-1
-1
-1
-1
-1
82
-1
776
760
-1
-1
-1
-1
-1
-1
-1
-1
-1
-1
-1
-1
-1
-1
-1
-1
-1
-1
-1
-1
-1
-1
-1
-1
-1
-1
-1
-1
-1
-1
-1
-1
-1
-1
-1
-1
-1
-1
-1
-1
185
857
-1
-1
-1
-1
-1
81
-1
-1
-1
-1
-1
700
240
-1
-1
-1
1029
-1
810
-1
-1
-1
-1
-1
244
760
-1
267
-1
-1
-1
-1
-1
588
-1
-1
421
-1
836
-1
-1
278
-1
-1
-1
-1
290
-1
-1
-1
-1
-1
-1
-1
-1
-1
677
-1
-1
181
-1
-1
-1
129
-1
-1
143
-1
-1
-1
159
-1
-1
-1
673
-1
-1
686
958
85
-1
189
-1
144
-1
-1
729
-1
-1
-1
-1
-1
192
-1
-1
-1
-1
-1
-1
-1
-1
94
-1
823
88
738
-1
-1
-1
674
-1
667
-1
-1
-1
-1
-1
-1
-1
-1
-1
-1
100
-1
-1
519
-1
-1
118
360
-1
-1
-1
-1
392
-1
-1
-1
-1
-1
-1
-1
-1
490
-1
646
-1
-1
-1
150
-1
-1
-1
-1
-1
-1
720
-1
-1
-1
-1
-1
190
-1
-1
-1
-1
-1
-1
-1
-1
521
-1
-1
-1
-1
-1
569
-1
587
459
153
-1
889
-1
103
-1
-1
-1
-1
-1
-1
-1
-1
-1
-1
-1
-1
283
356
-1
-1
559
-1
-1
-1
-1
-1
698
-1
-1
-1
670
-1
-1
-1
670
-1
-1
-1
-1
798
548
280
-1
342
-1
-1
-1
130
1019
-1
-1
-1
-1
273
-1
-1
-1
-1
-1
-1
-1
929
-1
-1
96
-1
-1
-1
-1
-1
-1
-1
-1
-1
-1
-1
-1
264
-1
-1
864
-1
-1
-1
-1
-1
-1
-1
1062
-1
-1
554
-1
-1
-1
-1
103
-1
-1
-1
-1
506
-1
-1
-1
-1
204
366
803
-1
305
-1
-1
-1
-1
-1
-1
-1
-1
-1
-1
-1
-1
366
-1
-1
-1
-1
87
-1
-1
-1
-1
-1
-1
-1
294
662
-1
-1
-1
112
-1
-1
-1
-1
-1
884
-1
-1
-1
654
468
-1
-1
