2212
518707492
578258389
5164247
808941546
927358580
625016680
97654875
367197823
970264500
785701184
135601928
313850118
353500102
641540815
194940422
349288402
423734306
180800017
645387795
626062318
199233648
213093301
156700033
784711272
646180336
4257
84000554
142171038
642891606
2421764
850722234
875938672
178477852
0
470900838
713141072
354680679
149597835
0
113521663
985330727
42792836
5802106
565868065
1465433
320540969
220161279
870998651
453008673
909114850
753374161
976615243
168669978
159171871
107987255
81123219
167446030
289558958
93362357
719288018
219260016
970604560
889101953
939725098
331630431
905611499
102574502
752649386
757085901
963346708
820485353
56247616
108477383
983842971
728009674
521209423
222628074
997674800
310861191
335941645
696962297
408684227
49189820
87333357
50651965
851957993
113182224
688295577
44620291
627426944
206536346
915784558
632852417
0
379855025
564174888
566254251
50341454
408177121
27091650
996004434
735339969
772359704
582418944
704701499
781678695
481097412
155387922
455330896
832298851
597714822
667306826
425665529
941790498
16207491
293366169
487452620
773709453
539662618
398169052
170200476
397288835
702068244
650786166
717062431
922101802
93844993
821584655
966412327
390821175
584747793
79026824
341600222
193382322
654661839
510083588
938227829
194251739
100133575
515529515
54843965
613764794
329508178
664878775
616245088
853489190
965327932
389969632
327050396
981259905
652904981
799459459
531679
244473049
238853150
391408152
985938033
844988170
271895110
787966438
851081422
446866231
30705767
747633723
397277251
35266583
122928775
885444163
231797587
970915228
116644564
450583569
331385649
22902893
655703366
779066484
700494499
503545269
925068385
494668040
873814893
965971559
887920823
754110691
688502711
434607023
534516908
503403342
772509213
0
910614178
730733613
242735197
0
215043935
474004099
510770216
0
931720550
738653909
410827333
452550945
768842282
968923584
181964792
666462679
732389827
441600474
109397392
37885343
901240163
71634079
523848734
866279329
373250181
7561385
798353070
667167289
543152402
167073472
547316966
848453165
741128343
733905251
997139649
469977941
466282985
116632865
227774477
145526810
316273994
524401625
879273354
137831873
507405403
685952341
502746113
973957874
748499225
277870963
8929802
556482486
939782387
173880046
497482686
159542875
890742646
865443980
107787836
326933825
122328204
713617621
287150168
967739074
440726707
553364032
846714858
203724746
426580727
924086462
512406315
41967576
390858660
133429504
753860989
544423012
116149240
777894278
107114596
135929461
216348022
868759846
876075214
329293174
621564916
864184260
564867798
619561287
386274554
435212730
39754450
25252836
817081964
902537884
874075216
422129705
866872275
204413012
332799084
506122192
826724665
216798031
650448492
838947847
90140394
882429779
806637599
740079387
884405593
273783633
605970343
67366201
765639393
202687689
727924777
96007894
306042574
106623024
838998022
380601562
917884657
941456915
968098665
159567427
707647139
228853608
788579099
398222323
401119877
707454435
194393814
855693432
678302472
766414314
718901729
165221705
55621873
204475134
841394917
946947892
884715537
749183655
155628507
6507288
734016219
468148319
478305397
93879457
520476792
77448254
292183421
681086034
489126207
392149151
637205092
696229911
600270003
964146605
660436780
398157328
585085371
259869442
936014754
40469025
165505503
964055936
322016813
848676394
289940183
525981625
619528575
576997779
932070725
366793452
216486599
122675786
532108200
301878741
961913846
969100567
143267697
75783233
481431228
157105459
849364217
159269776
285810550
3109497
439944249
725943869
402749423
293640153
574460821
613766961
598391160
315323952
167154633
510527044
43488390
387185488
197385257
978552982
365857616
960192488
908478553
578740568
250736239
941177952
261039021
757346167
773192522
134911143
71265743
539998995
200427579
286357219
927176434
771414706
593593141
47624730
850964388
382596157
199824600
22214624
257272925
801895527
901826881
653018245
195962937
28195769
337377113
700758981
314462287
211196838
494500405
180979225
624927036
654013141
489387795
589794531
245881461
525141584
739599406
501625430
40146577
874551653
530171564
70170014
711609213
628746257
881940875
933016546
858482395
510027364
846573383
201684531
274967406
111878621
170805061
832149876
387479439
757645588
471240707
750137792
233290197
294228483
956281937
801148203
57623605
394537150
808329559
971938233
251724150
885154930
800690784
218673232
102122861
526244848
364749880
571223640
108050403
198628802
998852208
760580614
838858162
57068210
981074203
319003700
781089374
690908131
679660618
430946073
830291715
290878462
683396641
218277278
341022833
28425844
578753017
636099701
912939187
25321143
990398506
678531857
915924297
415153670
287865057
748855739
428378822
332153657
873145700
500388638
933412496
613904494
704817532
116133973
355861691
465973085
778539446
168640633
591520070
970126195
337110359
926974230
777063568
919207698
110533528
674071033
417171173
915965067
692210070
531473330
881306435
858014578
34892015
593787697
551280299
124616365
832754364
990413890
414959847
60204434
264828552
489665734
99432804
993370534
460866669
792258891
666520034
594515290
153165407
451740271
459295748
138086842
124115423
105362281
35552378
595823955
473590857
764894353
186898826
933055907
38898731
824488487
193496905
267927962
818870186
195264985
524649219
284475677
492779370
475775745
888805026
970107593
282578974
839066866
207557173
399381269
85502324
205405136
948254143
880656541
521058668
502866052
869306895
364024872
654326684
636208145
400615856
35037383
475969339
378108414
52229049
998752021
901242903
292736514
466172619
941046344
372950204
38564449
277776862
902179106
437195668
46329166
835963945
65478900
833342538
13908924
737821130
197711383
294944728
376691592
68639843
231634318
733258757
734546610
330614014
302516861
6369147
88394898
1685378
512272260
982493075
424749356
480051290
521867052
208005096
211608812
47337667
525333410
547418652
580737794
366606145
212403124
984018874
29116868
179244712
931347409
350552249
370456415
803352202
725208223
808504906
226405140
249321218
536622899
18352065
145273347
225995207
937306117
473853362
38539499
351070105
165177696
576718423
805743573
212743025
327120695
486712800
345847884
670992484
258592616
513001810
770882168
400991704
637340955
740689891
240995310
297634545
55016509
570154775
311384002
939383079
826868423
188100504
16754476
558284659
702531564
630659606
960500020
836984477
204372268
458667975
306533674
242559206
245650012
949257502
193800273
639591702
670978974
646180306
983272728
537946991
898843402
920690489
687908943
304093069
798637225
70163151
272326329
868021321
656525223
322228627
141688621
596497604
830401870
187579670
409961314
12200025
343189856
524435000
572811823
860864193
598177645
853293930
793989774
879695182
962570547
551166923
817902617
529823751
402410499
699277012
631926425
857441363
43079806
173850729
849615656
156822666
358811450
660331146
645135223
836332804
137503248
287569295
216917857
850436211
864770407
136014285
59366581
40304984
713747719
92975450
54036315
61370234
947356819
939027106
139394958
522925938
883820326
362574933
372419163
237535748
270499963
651436962
848055824
575696022
106200546
937361848
990511978
580391564
774934563
432871003
765457065
500232720
281730885
587298022
847110580
783091194
67717453
194647299
18050016
639256442
65183610
735083694
517205495
980780258
46543348
788166594
580906722
555284258
683190696
199085458
259812314
570434020
843697474
521900151
7464020
23603275
177493854
285406129
965399089
29537726
238015915
466249371
505111445
274010584
379448124
479729954
881868764
318025406
526897659
260571571
241989513
523211324
495232941
814748903
354718197
78933442
623170648
634152026
858676870
411308854
145622460
564743897
144172192
154875306
847292057
836965838
225385832
610973413
100025718
687884150
376052225
688594919
148944159
746032177
583281116
259197234
119631780
746514755
100476840
169231090
763250302
284270710
50428231
341604676
339853015
443592124
608502513
743580123
307093553
956081526
717690504
344140872
146504087
918974804
875421527
392145849
234682915
547671874
283210395
350692149
423675086
944107440
11155320
738212882
48952022
794860306
400750307
316854232
494774720
282021762
749351667
485074789
111197543
298419652
501927695
476211648
80685771
345328898
606631698
428970722
917393999
221597016
564249786
18818399
613022664
399000006
990926628
252612263
255564128
883965439
813179730
144136398
974185835
568894641
219148028
350486064
410023602
590949966
30108501
614159239
297128530
457645816
326773614
210612732
765734290
467090600
195546036
2516461
406094603
688739484
902550149
635307969
205404691
409141023
759979948
47760722
785030601
875155726
333169408
333661894
695484687
940867117
366410542
501234864
544574599
266013260
780997679
247157473
958322372
844873204
312814097
147957210
991958788
195863083
781462553
663801688
786560306
797772523
889702383
441727995
768765265
255381674
479631735
551191905
567751202
721649706
563789957
982355937
571363770
201576798
866844807
572252436
265877971
486181418
162260548
158063256
419210593
754428635
212226529
689214921
60432185
418429970
702642172
996540329
688182224
401676720
879459692
554879762
150238016
360040281
609730303
539272570
737689694
296922420
965198113
95025240
421002327
941881870
904682080
311980065
80445172
491219752
322435010
159544056
634494550
437580682
405417692
720563629
453967433
692778670
373800303
460476971
949737181
54583339
574804414
128232718
997021673
258000242
689432661
721415857
517885084
642355705
190181973
647918356
179278642
293605423
690330956
676881086
62906183
787401928
33863890
763341498
539519554
922701547
641814620
470443193
858918943
841577485
914443634
972879045
900978745
757077807
31987263
182122719
771633973
111460539
567186184
333729955
78240761
649360578
889905797
293908149
653343201
37423659
431516702
154534110
951979479
925855881
187195715
651732713
553139854
481816403
535692737
223784754
61013222
990359845
98482419
30891194
176240184
848385799
595044280
900661804
718431771
396493198
321933481
115257543
874973084
453146806
662605090
668609995
613113788
327778719
60199398
949399685
724249733
95102593
262868344
335698951
812473708
6785055
253314991
593869945
683132564
798581470
968148215
463088581
126935157
104894999
932344378
467282511
378011392
618804598
77641563
337381282
586551092
190562840
412088826
869746541
75120971
293316900
650259836
296770094
711733996
562155528
732714237
17552804
868333551
675020547
104133032
742884731
993582887
178497848
833069445
227868682
797834084
35100283
806448953
477244237
318636456
494190373
109164850
917705738
631318952
777671772
56238058
696960713
879759337
775704431
483300885
230643921
979851412
180813493
237844357
393845375
59295416
1722344
683337150
158715248
189401155
604200181
886046282
478750381
427794402
657028644
897076290
667149453
505140516
723534671
882406172
431450519
390454291
278854817
670927519
937465193
764203819
56054246
112877674
10533816
145590201
601516900
570622520
931117214
443036375
54795321
513615783
980058790
804075592
627820427
627379859
566438718
236069275
322260632
590594783
994553052
338804045
849069154
151536869
223585797
305927423
422934704
122929085
507923601
675440439
998159699
614532423
508864663
578595253
763404953
631954151
719930719
697883351
407678270
369192056
697972014
154079738
208567341
617689109
705974138
966464247
725545473
294493137
987641097
808550993
546842415
329564229
68614145
560802658
774451698
356496675
954363327
431447052
795021742
49336268
838010350
579163149
452771046
843395704
630046358
87046752
761372103
1578856
884481971
319006929
908497707
347815165
348106322
350376427
388157113
754927308
552613395
87672858
759534392
856113820
278987861
86428688
524816982
548348315
736210347
653933799
302354747
693979773
967131390
261301909
988184013
72308757
618708515
743740098
106642875
234092348
908332906
261131246
455370349
44662528
995321642
289906027
433286297
228340409
132845290
816625995
168530817
990970253
557822002
20658603
851146150
47107066
69888567
915877033
531891398
554693141
812551972
146976672
828287381
442633506
767808252
677593918
149985449
759604666
346810667
993237062
202785970
795179671
95505388
661514393
262835115
191849014
28129812
666679708
22051940
555621657
761671125
466957197
247366980
19888895
270446136
183905484
169281700
76921104
927177445
986153367
317287474
274774388
640300813
783918241
146221230
724754842
4949950
738258787
571388185
125421662
456162259
256922955
533426914
810982826
753055473
136718678
678557546
130402483
349700944
777048708
51265987
911725667
426933253
82010818
450785695
627918543
513981363
817190965
312708811
297640115
265385119
697101047
142687654
178604169
581602807
238842642
263117464
570203531
87346185
944731465
78189598
528190267
332996521
64643899
119808647
223716520
723879013
77524904
510820196
948641223
404978931
957446504
195515448
397093026
822072392
181078476
843324155
519609313
283171025
467012618
344744300
31131358
667077675
141595442
477832149
58273995
711539926
899184448
496620650
105285098
326170898
892410584
127401286
347654445
211593667
309368751
846427377
478091045
690507856
99459954
314004940
536731607
132760506
28139280
418723400
653531582
948899322
462527959
608801418
886798251
973984425
627364341
457513824
262730064
217396245
44832340
274541784
934034738
152803479
507351432
674919403
853775916
993738054
225045994
729756224
385488669
468778178
525652568
54086491
778810068
632739522
962070386
297395421
934280691
188458589
286445005
643346268
747100762
560727471
907301469
281336518
113028767
656534623
753574532
973387723
899993630
973517196
25613272
121537914
495210216
898782206
527820967
443652745
34992480
635389014
860479511
499257870
929012215
698777022
156414055
683818823
586606187
91902088
192092475
444538003
592941423
872209633
626197854
486952978
388997549
646096797
555463969
314570163
752117850
645520735
111986388
414046496
650202998
668755545
446891842
710527257
667898760
873340163
60096603
954293564
994755669
990016897
814590399
691301808
865228541
175687425
622611437
337219130
690121202
742098009
144707615
872606373
295264585
938123423
243571452
499299826
629655133
6910631
258332703
637620856
662956302
639698315
97454577
251899831
73423479
1856258
346765280
466338616
294111800
912538422
272273243
317637775
480724002
654968132
669300102
503169793
482594310
830770459
457957644
317247268
180783106
105145437
228127037
840419146
630008341
868200028
81757817
699737447
641710618
382538040
473308938
443429597
933667567
124391183
555288306
203220511
883750150
387545373
793612395
118114696
19687744
678668206
896211034
34333269
164494704
508475372
403553425
443078269
551338736
120012384
184060826
35997531
381573839
31249566
969632332
371826473
715973223
545479065
552539230
283852778
962188861
2283363
249940614
933216655
785970519
62492593
647718693
686526182
346607860
321939875
664526532
721662506
630886182
675176717
774433554
644258973
727141669
833271428
145383745
797376065
89996713
228147969
135251161
810175999
180082032
773789893
996841717
71511341
494560220
625749919
955620301
541832691
178791497
715321702
251781883
37132047
341892021
916764482
451743938
878416792
946680415
480178849
614611554
935974093
250872924
616851490
330260775
283108418
672094853
648930699
592691843
167898717
478236180
836516656
240109740
307418409
571360136
827774469
602601169
9829883
552956051
770649973
141461006
671185806
369863212
866592690
351668803
544251972
316087827
691380862
26331062
99147784
985983832
284848568
606436291
958426338
333530731
956586637
695884250
837405015
175015810
114326079
83806701
456487252
208647673
472542224
185728480
735025529
111138912
495015673
573978544
138867348
368181081
216839441
609205594
872207739
982205987
692648140
778057312
552956880
591905570
891395544
30662718
35429932
264289754
896950663
559574360
930486859
581791282
399647481
837880957
725808425
985924618
495443317
390955986
816544941
562057974
891326866
905560453
5214331
955155210
170391326
370668579
805527514
659611303
721176568
945128841
525010500
97332970
189254989
220767413
707989938
386795572
189872844
946403886
44112257
168355376
607746694
423307629
805956807
337250702
932030416
78802327
750948560
621188679
256233619
638203398
581258358
520388967
319271681
135739719
376035553
608806847
143907684
925460500
162622506
947438528
402689351
594821843
465722787
374129524
381316869
800006076
696744894
436784827
853637202
218919155
129870485
940100834
160747362
396556131
165711528
122908286
224752241
979529567
849789563
397077361
932081847
279838428
750832689
77946921
125903237
134591316
627744141
883638604
378423408
966582658
57544076
509370790
953033112
773404952
564416612
743802456
850804921
713730774
495703966
856675694
17655812
4986071
702434309
877636911
51380433
145189252
856552556
717452115
691785517
166009580
994984419
544277255
331740449
749914129
590114484
206258613
515352944
334796626
603080019
379555498
790298056
916431789
25487700
24877927
756784252
133825255
968243542
209568386
353754009
604876102
159164608
374332320
866783965
468065303
260286176
559642862
634915222
592251249
387849848
860935253
628883385
333012189
489942544
425941181
900229681
200327246
415309115
4606869
111712411
400670891
183528799
552405879
286785185
203555690
777733293
152440741
52567463
45291757
607992470
186252335
198038256
346939803
125453468
504131054
64498011
926529720
43046798
973403291
326245807
102149087
199425241
984911341
902296651
912543814
631857253
815583162
764763897
9905458
33683265
161712484
500057085
771984036
699934736
217765540
352176006
169071356
701584985
94252948
813191032
778959129
161632177
804825730
841357420
268079521
281400989
573025552
625788949
377570368
972747608
569300601
627129762
867439059
516712838
108738727
805539093
733410750
832970429
652921191
588126822
114771071
935710859
606070951
832972914
98122997
868330820
179426368
972643130
748605851
664006171
237849039
626749854
430050023
341613849
872719561
936666644
634500549
234820150
874669882
785075948
309663326
51577633
525003755
125547132
284891954
78267741
731926586
109963780
555457083
73486402
743956822
915716159
361778254
52872005
117589028
94064946
899080682
851859393
392550630
751845190
791101244
398912066
167387171
524776325
343257953
681604865
886057771
659500395
109309487
715404830
790998854
474339886
474222050
848888516
108359652
787631951
461256323
551130762
725135698
310213078
377058010
206281236
871227444
594797022
737416446
951340572
304485978
832758063
342448282
718862483
997871479
47876679
756831357
55086097
473969497
866894509
657918290
457810462
709456411
275936753
731675190
108961620
797937376
891932239
687816503
562975269
863736760
435218066
379448636
689647791
692881521
475932988
934336588
944048781
508842849
532869926
365480842
794071803
437549648
117001184
250447524
79229551
539064593
722805613
151329971
848320066
637229832
773145757
75517890
922939372
882507939
101401922
773893351
62089222
312016434
13587374
943267942
402897663
769663443
964476052
273353933
475136098
88013230
814885623
609525488
579841303
517119552
811172233
747746590
237100979
483394610
871200932
14148209
881407202
593750599
345437295
643553931
272819197
608948096
515560298
283076340
639835413
70223885
978879506
616813543
138816798
471460740
731741701
142514590
534564548
177146200
418303841
455125705
952792736
291821750
297587444
750167310
969815849
424475813
785253848
410399430
240667833
618303433
239471796
927071321
628841368
414705039
106185348
970151509
804924601
225690832
393800435
888241567
588888925
39093584
168188128
402306169
14948430
890435046
480167424
792844815
622497630
727624074
589315421
100796289
954268507
991147668
403425092
670976182
428656488
596214455
369726592
669613303
696493489
460900398
647033091
217090157
860081979
276491131
657718245
480331517
579261077
692848389
411290088
416153669
690120077
79302499
692199421
669746955
696515704
912412517
205652815
848030750
444609213
602079976
825335293
713860917
630570562
591905306
826386262
536778909
314005848
14974521
767467426
836606185
74549142
184486724
48830334
511004526
182813520
753344869
188309255
667581672
591256432
265773340
598436251
183025876
192529128
7783812
972500498
778392875
670070006
635496343
322605467
449452806
284260716
868649584
738752686
185190302
243678810
769447367
626859577
925280210
715421155
923747451
165197389
852226355
517783794
362305069
809682952
534650400
62970831
112455969
901752293
564220164
277794376
269050693
691460419
139853530
208218739
62092569
669255639
192200580
422714031
888929061
839953117
171564359
800613467
669631509
501526582
822830693
783420279
466286074
168685979
161735213
686401853
574998831
203595975
74091411
450878045
731502039
428672006
100814511
605366871
3400504
408526427
660231923
925593314
527006275
127430549
767416241
354604588
955655162
361190729
428466747
346618376
651361309
495857868
248873485
24760493
658355297
5070997
782237025
833868058
183326278
369980074
391554495
520203895
102874273
108297046
198321709
986417584
93442099
45462808
162559778
391512017
690963150
713055582
290199011
208867115
472412317
506913226
361821466
937501871
53720328
830347487
251895510
173807856
918931582
28974199
239841617
205648838
569912392
242943033
683847270
562872600
240709257
576868544
130265454
509958898
2909434
213962637
873086838
8733321
263873721
394824437
856690148
969881262
516760466
831154094
28365648
129555126
492664140
680363756
786520972
806326629
429324331
397482365
396222421
206956684
387351784
16457253
628887337
863163849
600881882
937039523
