\BOOKMARK [0][-]{chapter.1}{\376\377\000\143\000\157\000\144\000\145\000\146\000\157\000\162\000\143\000\145\000\163}{}% 1
\BOOKMARK [1][-]{section.1.1}{\376\377\000\062\000\066\000\063\000\105\000\040\000\122\000\150\000\157\000\155\000\142\000\165\000\163}{chapter.1}% 2
\BOOKMARK [1][-]{section.1.2}{\376\377\000\062\000\071\000\063\000\102\000\040\000\104\000\151\000\163\000\164\000\151\000\156\000\143\000\164\000\040\000\120\000\141\000\164\000\150\000\163}{chapter.1}% 3
\BOOKMARK [1][-]{section.1.3}{\376\377\000\062\000\063\000\065\000\105\000\040\000\116\000\165\000\155\000\142\000\145\000\162\000\040\000\103\000\150\000\141\000\154\000\154\000\145\000\156\000\147\000\145}{chapter.1}% 4
\BOOKMARK [1][-]{section.1.4}{\376\377\000\063\000\062\000\065\000\105\000\040\000\124\000\150\000\145\000\040\000\122\000\145\000\144\000\040\000\102\000\165\000\164\000\164\000\157\000\156}{chapter.1}% 5
\BOOKMARK [1][-]{section.1.5}{\376\377\000\062\000\066\000\060\000\105\000\040\000\104\000\151\000\166\000\151\000\144\000\151\000\156\000\147\000\040\000\113\000\151\000\156\000\147\000\144\000\157\000\155}{chapter.1}% 6
\BOOKMARK [1][-]{section.1.6}{\376\377\000\063\000\061\000\067\000\105\000\040\000\120\000\162\000\151\000\156\000\143\000\145\000\163\000\163\000\040\000\141\000\156\000\144\000\040\000\110\000\145\000\162\000\040\000\123\000\150\000\141\000\144\000\157\000\167}{chapter.1}% 7
\BOOKMARK [1][-]{section.1.7}{\376\377\000\063\000\062\000\065\000\104\000\040\000\122\000\145\000\143\000\154\000\141\000\155\000\141\000\164\000\151\000\157\000\156}{chapter.1}% 8
\BOOKMARK [1][-]{section.1.8}{\376\377\000\063\000\066\000\060\000\104\000\040\000\114\000\145\000\166\000\153\000\157\000\040\000\141\000\156\000\144\000\040\000\123\000\145\000\164\000\163}{chapter.1}% 9
\BOOKMARK [1][-]{section.1.9}{\376\377\000\063\000\063\000\071\000\105\000\040\000\124\000\150\000\162\000\145\000\145\000\040\000\123\000\167\000\141\000\160\000\163}{chapter.1}% 10
\BOOKMARK [1][-]{section.1.10}{\376\377\000\063\000\063\000\062\000\104\000\040\000\124\000\150\000\145\000\146\000\164\000\040\000\157\000\146\000\040\000\102\000\154\000\165\000\145\000\160\000\162\000\151\000\156\000\164\000\163}{chapter.1}% 11
\BOOKMARK [1][-]{section.1.11}{\376\377\000\062\000\070\000\066\000\105\000\040\000\114\000\141\000\144\000\151\000\145\000\163\000\047\000\123\000\150\000\157\000\160}{chapter.1}% 12
\BOOKMARK [1][-]{section.1.12}{\376\377\000\063\000\063\000\065\000\104\000\040\000\122\000\145\000\143\000\164\000\141\000\156\000\147\000\154\000\145\000\163\000\040\000\141\000\156\000\144\000\040\000\123\000\161\000\165\000\141\000\162\000\145}{chapter.1}% 13
\BOOKMARK [1][-]{section.1.13}{\376\377\000\062\000\066\000\061\000\104\000\040\000\115\000\141\000\170\000\151\000\155\000\040\000\141\000\156\000\144\000\040\000\111\000\156\000\143\000\162\000\145\000\141\000\163\000\151\000\156\000\147\000\040\000\123\000\165\000\142\000\163\000\145\000\161\000\165\000\145\000\156\000\143\000\145}{chapter.1}% 14
\BOOKMARK [1][-]{section.1.14}{\376\377\000\062\000\063\000\065\000\103\000\040\000\103\000\171\000\143\000\154\000\151\000\143\000\141\000\154\000\040\000\121\000\165\000\145\000\163\000\164}{chapter.1}% 15
\BOOKMARK [1][-]{section.1.15}{\376\377\000\063\000\061\000\061\000\105\000\040\000\102\000\151\000\157\000\154\000\157\000\147\000\151\000\163\000\164}{chapter.1}% 16
\BOOKMARK [1][-]{section.1.16}{\376\377\000\063\000\060\000\066\000\104\000\040\000\120\000\157\000\154\000\171\000\147\000\157\000\156}{chapter.1}% 17
\BOOKMARK [1][-]{section.1.17}{\376\377\000\062\000\064\000\071\000\105\000\040\000\105\000\156\000\144\000\154\000\145\000\163\000\163\000\040\000\115\000\141\000\164\000\162\000\151\000\170}{chapter.1}% 18
\BOOKMARK [1][-]{section.1.18}{\376\377\000\062\000\071\000\065\000\104\000\040\000\107\000\162\000\145\000\147\000\040\000\141\000\156\000\144\000\040\000\103\000\141\000\166\000\145\000\163}{chapter.1}% 19
\BOOKMARK [1][-]{section.1.19}{\376\377\000\062\000\066\000\064\000\105\000\040\000\122\000\157\000\141\000\144\000\163\000\151\000\144\000\145\000\040\000\124\000\162\000\145\000\145\000\163}{chapter.1}% 20
\BOOKMARK [1][-]{section.1.20}{\376\377\000\062\000\070\000\066\000\104\000\040\000\124\000\157\000\165\000\162\000\151\000\163\000\164\000\163}{chapter.1}% 21
\BOOKMARK [1][-]{section.1.21}{\376\377\000\062\000\065\000\070\000\104\000\040\000\114\000\151\000\164\000\164\000\154\000\145\000\040\000\105\000\154\000\145\000\160\000\150\000\141\000\156\000\164\000\040\000\141\000\156\000\144\000\040\000\102\000\162\000\157\000\153\000\145\000\156\000\040\000\123\000\157\000\162\000\164\000\151\000\156\000\147}{chapter.1}% 22
\BOOKMARK [1][-]{section.1.22}{\376\377\000\062\000\067\000\063\000\104\000\040\000\104\000\151\000\155\000\141\000\040\000\141\000\156\000\144\000\040\000\106\000\151\000\147\000\165\000\162\000\145}{chapter.1}% 23
\BOOKMARK [1][-]{section.1.23}{\376\377\000\062\000\070\000\063\000\105\000\040\000\103\000\157\000\167\000\040\000\124\000\145\000\156\000\156\000\151\000\163\000\040\000\124\000\157\000\165\000\162\000\156\000\141\000\155\000\145\000\156\000\164}{chapter.1}% 24
\BOOKMARK [1][-]{section.1.24}{\376\377\000\063\000\060\000\065\000\104\000\040\000\117\000\154\000\171\000\141\000\040\000\141\000\156\000\144\000\040\000\107\000\162\000\141\000\160\000\150}{chapter.1}% 25
\BOOKMARK [1][-]{section.1.25}{\376\377\000\063\000\065\000\064\000\104\000\040\000\124\000\162\000\141\000\156\000\163\000\146\000\145\000\162\000\162\000\151\000\156\000\147\000\040\000\120\000\171\000\162\000\141\000\155\000\151\000\144}{chapter.1}% 26
\BOOKMARK [1][-]{section.1.26}{\376\377\000\062\000\066\000\061\000\105\000\040\000\115\000\141\000\170\000\151\000\155\000\040\000\141\000\156\000\144\000\040\000\103\000\141\000\154\000\143\000\165\000\154\000\141\000\164\000\157\000\162}{chapter.1}% 27
\BOOKMARK [1][-]{section.1.27}{\376\377\000\062\000\065\000\063\000\105\000\040\000\120\000\162\000\151\000\156\000\164\000\145\000\162}{chapter.1}% 28
\BOOKMARK [1][-]{section.1.28}{\376\377\000\063\000\060\000\071\000\105\000\040\000\123\000\150\000\145\000\145\000\160}{chapter.1}% 29
\BOOKMARK [1][-]{section.1.29}{\376\377\000\063\000\061\000\066\000\105\000\063\000\040\000\123\000\165\000\155\000\155\000\145\000\162\000\040\000\110\000\157\000\155\000\145\000\167\000\157\000\162\000\153}{chapter.1}% 30
\BOOKMARK [1][-]{section.1.30}{\376\377\000\062\000\064\000\063\000\103\000\040\000\103\000\157\000\154\000\157\000\162\000\141\000\144\000\157\000\040\000\120\000\157\000\164\000\141\000\164\000\157\000\040\000\102\000\145\000\145\000\164\000\154\000\145}{chapter.1}% 31
\BOOKMARK [1][-]{section.1.31}{\376\377\000\063\000\061\000\066\000\107\000\063\000\040\000\107\000\157\000\157\000\144\000\040\000\123\000\165\000\142\000\163\000\164\000\162\000\151\000\156\000\147\000\163}{chapter.1}% 32
\BOOKMARK [1][-]{section.1.32}{\376\377\000\062\000\065\000\061\000\105\000\040\000\124\000\162\000\145\000\145\000\040\000\141\000\156\000\144\000\040\000\124\000\141\000\142\000\154\000\145}{chapter.1}% 33
\BOOKMARK [1][-]{section.1.33}{\376\377\000\062\000\065\000\066\000\104\000\040\000\114\000\151\000\141\000\162\000\163\000\040\000\141\000\156\000\144\000\040\000\123\000\145\000\162\000\147\000\145}{chapter.1}% 34
\BOOKMARK [1][-]{section.1.34}{\376\377\000\063\000\060\000\063\000\104\000\040\000\122\000\157\000\164\000\141\000\164\000\141\000\142\000\154\000\145\000\040\000\116\000\165\000\155\000\142\000\145\000\162}{chapter.1}% 35
\BOOKMARK [1][-]{section.1.35}{\376\377\000\063\000\063\000\070\000\104\000\040\000\107\000\103\000\104\000\040\000\124\000\141\000\142\000\154\000\145}{chapter.1}% 36
\BOOKMARK [1][-]{section.1.36}{\376\377\000\062\000\066\000\071\000\105\000\040\000\123\000\164\000\162\000\151\000\156\000\147\000\040\000\124\000\150\000\145\000\157\000\162\000\171}{chapter.1}% 37
\BOOKMARK [1][-]{section.1.37}{\376\377\000\063\000\063\000\062\000\105\000\040\000\102\000\151\000\156\000\141\000\162\000\171\000\040\000\113\000\145\000\171}{chapter.1}% 38
\BOOKMARK [1][-]{section.1.38}{\376\377\000\063\000\063\000\061\000\105\000\062\000\040\000\104\000\145\000\152\000\141\000\040\000\126\000\165}{chapter.1}% 39
\BOOKMARK [1][-]{section.1.39}{\376\377\000\063\000\065\000\066\000\105\000\040\000\130\000\145\000\156\000\151\000\141\000\040\000\141\000\156\000\144\000\040\000\123\000\164\000\162\000\151\000\156\000\147\000\040\000\120\000\162\000\157\000\142\000\154\000\145\000\155}{chapter.1}% 40
\BOOKMARK [1][-]{section.1.40}{\376\377\000\062\000\067\000\063\000\105\000\040\000\104\000\151\000\155\000\141\000\040\000\141\000\156\000\144\000\040\000\107\000\141\000\155\000\145}{chapter.1}% 41
\BOOKMARK [1][-]{section.1.41}{\376\377\000\063\000\063\000\063\000\103\000\040\000\114\000\165\000\143\000\153\000\171\000\040\000\124\000\151\000\143\000\153\000\145\000\164\000\163}{chapter.1}% 42
\BOOKMARK [1][-]{section.1.42}{\376\377\000\062\000\064\000\060\000\106\000\040\000\124\000\157\000\162\000\143\000\157\000\144\000\145\000\162}{chapter.1}% 43
\BOOKMARK [1][-]{section.1.43}{\376\377\000\063\000\060\000\065\000\105\000\040\000\120\000\154\000\141\000\171\000\151\000\156\000\147\000\040\000\167\000\151\000\164\000\150\000\040\000\123\000\164\000\162\000\151\000\156\000\147}{chapter.1}% 44
\BOOKMARK [1][-]{section.1.44}{\376\377\000\062\000\063\000\065\000\104\000\040\000\107\000\162\000\141\000\160\000\150\000\040\000\107\000\141\000\155\000\145}{chapter.1}% 45
\BOOKMARK [1][-]{section.1.45}{\376\377\000\063\000\064\000\062\000\104\000\040\000\130\000\145\000\156\000\151\000\141\000\040\000\141\000\156\000\144\000\040\000\104\000\157\000\155\000\151\000\156\000\157\000\145\000\163}{chapter.1}% 46
\BOOKMARK [1][-]{section.1.46}{\376\377\000\063\000\061\000\071\000\105\000\040\000\120\000\151\000\156\000\147\000\055\000\120\000\157\000\156\000\147}{chapter.1}% 47
\BOOKMARK [1][-]{section.1.47}{\376\377\000\063\000\060\000\061\000\103\000\040\000\131\000\141\000\162\000\157\000\163\000\154\000\141\000\166\000\040\000\141\000\156\000\144\000\040\000\101\000\154\000\147\000\157\000\162\000\151\000\164\000\150\000\155}{chapter.1}% 48
\BOOKMARK [1][-]{section.1.48}{\376\377\000\063\000\060\000\071\000\104\000\040\000\124\000\145\000\156\000\156\000\151\000\163\000\040\000\122\000\141\000\143\000\153\000\145\000\164\000\163}{chapter.1}% 49
\BOOKMARK [1][-]{section.1.49}{\376\377\000\063\000\060\000\061\000\105\000\040\000\131\000\141\000\162\000\157\000\163\000\154\000\141\000\166\000\040\000\141\000\156\000\144\000\040\000\101\000\162\000\162\000\141\000\156\000\147\000\145\000\155\000\145\000\156\000\164\000\163}{chapter.1}% 50
\BOOKMARK [1][-]{section.1.50}{\376\377\000\063\000\060\000\071\000\102\000\040\000\103\000\157\000\156\000\164\000\145\000\170\000\164\000\040\000\101\000\144\000\166\000\145\000\162\000\164\000\151\000\163\000\151\000\156\000\147}{chapter.1}% 51
\BOOKMARK [1][-]{section.1.51}{\376\377\000\063\000\063\000\061\000\104\000\063\000\040\000\105\000\163\000\143\000\141\000\160\000\151\000\156\000\147\000\040\000\157\000\156\000\040\000\102\000\145\000\141\000\166\000\145\000\162\000\141\000\143\000\164\000\157\000\162}{chapter.1}% 52
\BOOKMARK [1][-]{section.1.52}{\376\377\000\062\000\067\000\067\000\104\000\040\000\107\000\157\000\157\000\147\000\154\000\145\000\040\000\103\000\157\000\144\000\145\000\040\000\112\000\141\000\155}{chapter.1}% 53
\BOOKMARK [1][-]{section.1.53}{\376\377\000\063\000\064\000\061\000\105\000\040\000\103\000\141\000\156\000\144\000\151\000\145\000\163\000\040\000\107\000\141\000\155\000\145}{chapter.1}% 54
\BOOKMARK [1][-]{section.1.54}{\376\377\000\063\000\062\000\063\000\102\000\040\000\124\000\157\000\165\000\162\000\156\000\141\000\155\000\145\000\156\000\164\000\055\000\147\000\162\000\141\000\160\000\150}{chapter.1}% 55
\BOOKMARK [1][-]{section.1.55}{\376\377\000\062\000\064\000\070\000\105\000\040\000\120\000\151\000\147\000\154\000\145\000\164\000\047\000\163\000\040\000\102\000\151\000\162\000\164\000\150\000\144\000\141\000\171}{chapter.1}% 56
\BOOKMARK [1][-]{section.1.56}{\376\377\000\063\000\062\000\065\000\103\000\040\000\115\000\157\000\156\000\163\000\164\000\145\000\162\000\163\000\040\000\141\000\156\000\144\000\040\000\104\000\151\000\141\000\155\000\157\000\156\000\144\000\163}{chapter.1}% 57
\BOOKMARK [1][-]{section.1.57}{\376\377\000\062\000\066\000\066\000\104\000\040\000\102\000\145\000\162\000\104\000\157\000\156\000\141\000\154\000\144\000\163}{chapter.1}% 58
\BOOKMARK [1][-]{section.1.58}{\376\377\000\063\000\061\000\061\000\103\000\040\000\106\000\145\000\164\000\143\000\150\000\040\000\164\000\150\000\145\000\040\000\124\000\162\000\145\000\141\000\163\000\165\000\162\000\145}{chapter.1}% 59
\BOOKMARK [1][-]{section.1.59}{\376\377\000\063\000\061\000\066\000\104\000\040\000\120\000\105\000\040\000\154\000\145\000\163\000\163\000\157\000\156}{chapter.1}% 60
\BOOKMARK [1][-]{section.1.60}{\376\377\000\063\000\062\000\063\000\103\000\040\000\124\000\167\000\157\000\040\000\160\000\145\000\162\000\155\000\165\000\164\000\141\000\164\000\151\000\157\000\156\000\163}{chapter.1}% 61
\BOOKMARK [1][-]{section.1.61}{\376\377\000\063\000\064\000\063\000\105\000\040\000\120\000\165\000\155\000\160\000\151\000\156\000\147\000\040\000\123\000\164\000\141\000\164\000\151\000\157\000\156\000\163}{chapter.1}% 62
\BOOKMARK [1][-]{section.1.62}{\376\377\000\062\000\066\000\067\000\103\000\040\000\102\000\145\000\162\000\154\000\141\000\156\000\144\000\040\000\124\000\162\000\141\000\146\000\146\000\151\000\143}{chapter.1}% 63
\BOOKMARK [1][-]{section.1.63}{\376\377\000\062\000\064\000\060\000\105\000\040\000\122\000\157\000\141\000\144\000\040\000\122\000\145\000\160\000\141\000\151\000\162\000\163}{chapter.1}% 64
\BOOKMARK [1][-]{section.1.64}{\376\377\000\063\000\062\000\071\000\105\000\040\000\105\000\166\000\151\000\154}{chapter.1}% 65
\BOOKMARK [1][-]{section.1.65}{\376\377\000\063\000\060\000\063\000\105\000\040\000\122\000\141\000\156\000\144\000\157\000\155\000\040\000\122\000\141\000\156\000\153\000\151\000\156\000\147}{chapter.1}% 66
\BOOKMARK [1][-]{section.1.66}{\376\377\000\063\000\061\000\066\000\106\000\063\000\040\000\123\000\165\000\156\000\163\000\040\000\141\000\156\000\144\000\040\000\122\000\141\000\171\000\163}{chapter.1}% 67
\BOOKMARK [1][-]{section.1.67}{\376\377\000\063\000\066\000\060\000\105\000\040\000\114\000\145\000\166\000\153\000\157\000\040\000\141\000\156\000\144\000\040\000\107\000\141\000\155\000\145}{chapter.1}% 68
\BOOKMARK [1][-]{section.1.68}{\376\377\000\063\000\063\000\070\000\105\000\040\000\117\000\160\000\164\000\151\000\155\000\151\000\172\000\145\000\041}{chapter.1}% 69
\BOOKMARK [1][-]{section.1.69}{\376\377\000\062\000\070\000\065\000\105\000\040\000\120\000\157\000\163\000\151\000\164\000\151\000\157\000\156\000\163\000\040\000\151\000\156\000\040\000\120\000\145\000\162\000\155\000\165\000\164\000\141\000\164\000\151\000\157\000\156\000\163}{chapter.1}% 70
\BOOKMARK [1][-]{section.1.70}{\376\377\000\062\000\063\000\070\000\104\000\040\000\124\000\141\000\160\000\145\000\040\000\120\000\162\000\157\000\147\000\162\000\141\000\155\000\155\000\151\000\156\000\147}{chapter.1}% 71
\BOOKMARK [1][-]{section.1.71}{\376\377\000\063\000\063\000\061\000\103\000\063\000\040\000\124\000\150\000\145\000\040\000\107\000\162\000\145\000\141\000\164\000\040\000\112\000\165\000\154\000\171\000\141\000\040\000\103\000\141\000\154\000\145\000\156\000\144\000\141\000\162}{chapter.1}% 72
\BOOKMARK [1][-]{section.1.72}{\376\377\000\062\000\070\000\070\000\105\000\040\000\120\000\157\000\154\000\157\000\040\000\164\000\150\000\145\000\040\000\120\000\145\000\156\000\147\000\165\000\151\000\156\000\040\000\141\000\156\000\144\000\040\000\114\000\165\000\143\000\153\000\171\000\040\000\116\000\165\000\155\000\142\000\145\000\162\000\163}{chapter.1}% 73
\BOOKMARK [1][-]{section.1.73}{\376\377\000\062\000\064\000\063\000\104\000\040\000\103\000\165\000\142\000\145\000\163}{chapter.1}% 74
\BOOKMARK [1][-]{section.1.74}{\376\377\000\062\000\063\000\070\000\105\000\040\000\115\000\145\000\145\000\164\000\151\000\156\000\147\000\040\000\110\000\145\000\162}{chapter.1}% 75
\BOOKMARK [1][-]{section.1.75}{\376\377\000\062\000\065\000\061\000\104\000\040\000\124\000\167\000\157\000\040\000\123\000\145\000\164\000\163}{chapter.1}% 76
\BOOKMARK [1][-]{section.1.76}{\376\377\000\063\000\065\000\061\000\104\000\040\000\124\000\150\000\145\000\040\000\122\000\145\000\144\000\040\000\102\000\165\000\164\000\164\000\157\000\156}{chapter.1}% 77
\BOOKMARK [1][-]{section.1.77}{\376\377\000\062\000\071\000\063\000\105\000\040\000\124\000\150\000\145\000\040\000\122\000\145\000\144\000\040\000\102\000\165\000\164\000\164\000\157\000\156}{chapter.1}% 78
\BOOKMARK [1][-]{section.1.78}{\376\377\000\063\000\064\000\070\000\105\000\040\000\120\000\151\000\154\000\147\000\162\000\151\000\155\000\163}{chapter.1}% 79
\BOOKMARK [1][-]{section.1.79}{\376\377\000\062\000\064\000\061\000\105\000\040\000\106\000\154\000\151\000\147\000\150\000\164\000\163}{chapter.1}% 80
\BOOKMARK [1][-]{section.1.80}{\376\377\000\062\000\065\000\064\000\104\000\040\000\122\000\141\000\164\000\163}{chapter.1}% 81
\BOOKMARK [1][-]{section.1.81}{\376\377\000\062\000\066\000\071\000\104\000\040\000\115\000\141\000\170\000\151\000\155\000\165\000\155\000\040\000\127\000\141\000\164\000\145\000\162\000\146\000\141\000\154\000\154}{chapter.1}% 82
\BOOKMARK [1][-]{section.1.82}{\376\377\000\063\000\064\000\066\000\105\000\040\000\104\000\157\000\157\000\144\000\154\000\145\000\040\000\112\000\165\000\155\000\160}{chapter.1}% 83
\BOOKMARK [1][-]{section.1.83}{\376\377\000\062\000\066\000\064\000\104\000\040\000\103\000\157\000\154\000\157\000\162\000\146\000\165\000\154\000\040\000\123\000\164\000\157\000\156\000\145\000\163}{chapter.1}% 84
\BOOKMARK [1][-]{section.1.84}{\376\377\000\062\000\070\000\060\000\104\000\040\000\153\000\055\000\115\000\141\000\170\000\151\000\155\000\165\000\155\000\040\000\123\000\165\000\142\000\163\000\145\000\161\000\165\000\145\000\156\000\143\000\145\000\040\000\123\000\165\000\155}{chapter.1}% 85
\BOOKMARK [1][-]{section.1.85}{\376\377\000\062\000\064\000\063\000\105\000\040\000\115\000\141\000\164\000\162\000\151\000\170}{chapter.1}% 86
\BOOKMARK [1][-]{section.1.86}{\376\377\000\062\000\071\000\063\000\104\000\040\000\113\000\163\000\165\000\163\000\150\000\141\000\040\000\141\000\156\000\144\000\040\000\123\000\161\000\165\000\141\000\162\000\145}{chapter.1}% 87
\BOOKMARK [1][-]{section.1.87}{\376\377\000\063\000\060\000\066\000\103\000\040\000\127\000\150\000\151\000\164\000\145\000\054\000\040\000\102\000\154\000\141\000\143\000\153\000\040\000\141\000\156\000\144\000\040\000\127\000\150\000\151\000\164\000\145\000\040\000\101\000\147\000\141\000\151\000\156}{chapter.1}% 88
\BOOKMARK [1][-]{section.1.88}{\376\377\000\063\000\061\000\067\000\103\000\040\000\102\000\141\000\154\000\141\000\156\000\143\000\145}{chapter.1}% 89
\BOOKMARK [1][-]{section.1.89}{\376\377\000\062\000\071\000\067\000\105\000\040\000\115\000\171\000\163\000\164\000\151\000\143\000\040\000\103\000\141\000\162\000\166\000\151\000\156\000\147\000\163}{chapter.1}% 90
\BOOKMARK [1][-]{section.1.90}{\376\377\000\063\000\062\000\061\000\104\000\040\000\103\000\151\000\145\000\154\000\040\000\141\000\156\000\144\000\040\000\106\000\154\000\151\000\160\000\142\000\157\000\141\000\162\000\144}{chapter.1}% 91
\BOOKMARK [1][-]{section.1.91}{\376\377\000\062\000\067\000\064\000\103\000\040\000\124\000\150\000\145\000\040\000\114\000\141\000\163\000\164\000\040\000\110\000\157\000\154\000\145\000\041}{chapter.1}% 92
\BOOKMARK [1][-]{section.1.92}{\376\377\000\063\000\061\000\071\000\104\000\040\000\110\000\141\000\166\000\145\000\040\000\131\000\157\000\165\000\040\000\105\000\166\000\145\000\162\000\040\000\110\000\145\000\141\000\162\000\144\000\040\000\101\000\142\000\157\000\165\000\164\000\040\000\164\000\150\000\145\000\040\000\127\000\157\000\162\000\144\000\077}{chapter.1}% 93
\BOOKMARK [1][-]{section.1.93}{\376\377\000\062\000\064\000\061\000\104\000\040\000\116\000\165\000\155\000\142\000\145\000\162\000\163}{chapter.1}% 94
\BOOKMARK [1][-]{section.1.94}{\376\377\000\063\000\061\000\064\000\105\000\040\000\123\000\145\000\162\000\145\000\152\000\141\000\040\000\141\000\156\000\144\000\040\000\123\000\161\000\165\000\141\000\162\000\145\000\163}{chapter.1}% 95
\BOOKMARK [1][-]{section.1.95}{\376\377\000\062\000\064\000\071\000\104\000\040\000\104\000\157\000\156\000\153\000\145\000\171\000\040\000\141\000\156\000\144\000\040\000\123\000\164\000\141\000\162\000\163}{chapter.1}% 96
\BOOKMARK [0][-]{chapter.2}{\376\377\000\125\000\123\000\101\000\103\000\117}{}% 97
\BOOKMARK [1][-]{section.2.1}{\376\377\000\125\000\123\000\101\000\103\000\117\000\040\000\062\000\060\000\060\000\065\000\040\000\104\000\145\000\143\000\145\000\155\000\142\000\145\000\162\000\040\000\107\000\157\000\154\000\144\000\040\000\103\000\157\000\167\000\040\000\120\000\141\000\164\000\164\000\145\000\162\000\156\000\163}{chapter.2}% 98
\BOOKMARK [1][-]{section.2.2}{\376\377\000\125\000\123\000\101\000\103\000\117\000\040\000\112\000\141\000\156\000\040\000\061\000\062\000\040\000\103\000\157\000\167\000\122\000\165\000\156}{chapter.2}% 99
\BOOKMARK [1][-]{section.2.3}{\376\377\000\125\000\123\000\101\000\103\000\117\000\040\000\115\000\141\000\162\000\040\000\061\000\062\000\040\000\103\000\157\000\167\000\163\000\040\000\151\000\156\000\040\000\141\000\040\000\123\000\153\000\171\000\163\000\143\000\162\000\141\000\160\000\145}{chapter.2}% 100
\BOOKMARK [1][-]{section.2.4}{\376\377\000\125\000\123\000\101\000\103\000\117\000\040\000\104\000\145\000\143\000\040\000\061\000\062\000\040\000\103\000\157\000\167\000\163\000\164\000\141\000\156\000\164\000\151\000\156\000\157\000\160\000\154\000\145}{chapter.2}% 101
\BOOKMARK [1][-]{section.2.5}{\376\377\000\125\000\123\000\101\000\103\000\117\000\040\000\115\000\141\000\162\000\040\000\061\000\063\000\040\000\110\000\151\000\154\000\154\000\127\000\141\000\154\000\153}{chapter.2}% 102
