999993221
999952099
999950195
999930290
999911547
999870659
999854683
999845614
999842095
999819112
999801330
999796560
999785567
999782275
999748844
999741044
999731820
999711812
999692347
999671660
999670038
999665569
999663337
999633686
999631928
999626681
999618002
999613865
999601861
999579265
999566693
999562357
999541860
999524473
999501784
999475211
999467870
999429644
999427134
999412632
999410611
999404982
999387256
999362518
999361466
999357490
999353110
999344218
999313726
999300211
999292027
999282894
999278517
999236442
999205074
999192846
999191003
999177458
999175112
999159165
999149434
999139809
999121938
999085451
999081285
999049771
999031949
999031702
999030766
998984277
998973528
998960902
998945734
998938614
998932873
998904250
998874587
998869142
998868885
998840274
998829463
998820373
998816652
998808679
998792672
998786328
998775554
998766827
998766614
998763612
998747959
998725549
998724832
998723869
998716655
998714631
998680033
998665124
998639556
998624690
998598100
998579280
998569051
998559665
998558788
998541944
998538928
998533507
998500546
998485847
998456648
998451192
998444538
998424819
998422460
998413448
998377692
998364821
998346272
998327957
998314429
998311922
998274981
998273528
998262547
998218700
998204020
998201663
998194354
998190595
998185876
998180291
998175931
998164913
998163531
998151839
998151730
998135153
998122419
998118020
998099454
998050662
997987074
997963799
997949644
997941120
997928127
997912753
997881910
997868624
997857085
997851077
997811973
997804466
997800286
997772506
997698839
997674983
997631410
997619942
997610156
997586514
997583541
997573400
997546463
997535866
997474506
997473314
997469173
997453859
997445317
997425926
997418744
997418022
997400983
997378636
997363580
997354567
997350884
997349564
997334520
997320177
997284524
997276203
997251985
997249367
997233848
997208888
997207098
997202384
997181971
997138750
997130168
997109827
997103710
997097719
997092360
997085647
997083637
997061027
997011179
997002856
996990588
996963146
996957242
996919095
996897702
996895801
996892946
996886118
996862952
996849645
996816148
996812574
996780236
996768328
996736224
996736211
996730817
996729030
996727197
996714853
996707623
996700576
996674077
996609300
996601964
996581054
996561943
996560465
996541530
996531170
996513335
996502617
996451472
996450843
996426750
996413014
996398537
996390784
996376418
996374571
996372826
996364720
996361286
996346380
996327047
996316130
996310218
996288262
996278179
996273865
996252342
996249312
996246148
996169241
996123388
996100415
996094393
996058661
996049395
996039011
996036177
996023313
995991817
995955662
995946126
995937179
995913285
995900649
995896090
995895038
995880478
995857150
995849122
995784865
995784238
995783068
995772807
995767499
995757072
995736769
995711983
995709708
995697351
995680527
995662966
995607450
995603468
995592786
995591061
995586408
995582771
995581068
995527784
995517844
995491264
995466906
995433510
995430035
995412145
995403504
995392266
995364122
995316128
995304922
995287884
995263789
995256841
995209603
995185924
995170392
995164973
995143517
995140370
995109044
995077538
995073121
994954683
994912577
994896752
994877573
994873306
994853706
994842209
994836986
994832360
994810005
994809388
994804708
994740562
994720911
994709001
994704977
994698801
994683173
994678091
994664093
994650226
994636136
994630739
994616792
994559312
994544931
994529552
994498444
994489999
994467719
994467687
994420832
994396151
994366391
994361652
994359414
994350137
994328878
994324580
994300401
994270586
994253790
994235517
994223831
994208486
994195824
994177657
994144250
994117184
994104709
994089634
994066056
994054157
994026109
994021868
994017313
994010167
993987713
993963267
993957944
993943731
993937456
993920021
993886845
993882049
993881184
993873687
993848790
993840476
993824471
993815804
993799147
993796576
993781102
993765436
993751790
993747520
993729692
993709121
993692280
993665990
993663555
993663263
993644782
993639631
993631791
993627168
993618666
993618081
993597533
993588886
993587344
993584783
993547195
993537725
993533108
993516858
993498698
993478390
993468538
993466671
993449865
993431730
993398890
993397471
993386285
993383449
993352429
993308406
993299972
993278685
993272099
993257809
993216767
993212974
993199941
993197341
993192112
993158564
993146047
993099757
993066140
993061577
993047538
993046177
993044480
993043602
993040609
993025874
993018986
993010577
993003020
992987299
992981015
992959838
992952989
992924591
992920555
992914467
992914457
992899602
992898302
992889842
992882809
992879193
992866686
992840103
992781463
992775911
992768345
992761269
992754304
992743233
992740710
992728658
992703931
992688503
992682708
992661653
992628913
992618100
992575994
992569870
992526528
992497669
992477601
992460113
992453250
992433847
992433641
992424988
992397509
992381569
992368355
992362118
992357601
992337427
992292510
992282181
992274829
992256909
992250170
992237938
992236803
992228750
992201458
992193105
992168453
992153873
992110309
992105638
992089474
992085184
992073013
992058974
992044085
992043994
992027540
992013319
992012950
991997045
991980807
991974742
991957442
991952001
991942311
991940386
991937247
991936399
991903848
991890551
991874532
991871544
991864002
991839320
991820922
991819260
991811709
991797883
991784557
991747230
991736196
991724966
991721542
991715454
991710982
991682880
991633417
991607015
991591310
991580076
991564732
991501896
991493242
991461237
991459150
991435710
991401458
991383294
991344637
991339527
991314921
991305373
991278590
991253855
991251725
991217940
991167389
991131815
991130222
991107365
991103760
991058446
991053288
991041459
991040014
991036600
991029294
991022394
991006036
990989035
990988718
990980242
990974742
990968184
990961923
990906508
990897995
990884383
990872858
990849937
990838051
990820827
990815349
990795816
990778241
990761060
990722993
990709222
990645064
990641885
990636536
990633393
990623560
990618505
990546877
990536379
990507214
990487290
990458762
990455262
990424616
990412216
990383223
990358391
990350375
990335482
990299853
990270006
990242101
990182318
990160231
990149317
990104124
990088311
990086939
990082811
990078272
990058271
990037833
990035005
990034284
990027603
990022320
990018876
990015379
989998372
989930142
989910741
989906103
989889416
989858623
989833353
989822800
989817492
989803070
989794155
989769294
989747170
989721723
989719918
989716416
989710331
989706981
989696795
989696681
989690332
989665856
989654443
989649734
989640035
989608429
989576768
989575018
989572701
989561712
989552960
989548045
989534538
989533572
989524343
989522424
989516209
989493823
989475787
989459102
989456522
989454454
989441763
989434533
989418871
989417116
989408910
989408265
989402842
989401244
989400314
989398793
989394405
989368674
989354156
989329396
989319827
989311170
989305815
989279673
989273492
989269743
989254268
989241235
989223654
989217748
989183453
989151848
989136708
989127970
989121202
989113371
989083702
989080097
989078642
989047441
989047116
989043244
989031951
988987892
988942527
988908170
988873870
988870502
988859395
988848777
988818807
988815310
988795492
988795377
988793937
988778127
988761854
988760143
988732966
988719801
988697442
988687491
988623513
988605513
988593883
988590108
988569092
988564261
988540644
988533716
988526048
988524312
988520102
988515306
988494123
988469511
988450685
988439450
988421794
988401919
988398871
988380077
988375644
988335731
988314297
988310684
988275829
988245377
988226696
988203210
988197350
988174835
988158999
988133148
988099824
988088603
988069049
988062868
988022806
988004465
987998151
987983230
987982557
987965667
987942031
987933752
987923522
987899107
987877658
987874227
987853851
987835992
987824341
987808756
987778291
987766327
987733979
987730558
987723956
987715814
987699428
987661975
987652302
987595098
987584571
987551175
987541825
987523368
987502186
987490657
987433077
987419352
987389278
987373106
987360319
987357003
987341299
987337603
987313583
987229439
987220713
987219482
987211458
987203296
987180835
987175899
987175155
987174386
987170656
987150550
987131351
987114867
987109063
987108327
987107047
987100339
987069100
987027564
987026892
987018136
987008566
986962676
986917034
986890220
986871736
986864372
986839957
986827056
986796440
986770860
986761573
986742544
986685109
986678400
986675775
986635588
986620907
986594655
986591824
986566800
986538172
986499815
986473029
986464482
986438424
986376927
986354418
986347028
986333952
986311017
986300802
986298496
986286392
986267558
986252816
986227240
986211522
986200986
986200839
986188610
986169833
986166152
986158213
986150696
986146799
986130470
986106415
986085385
986077694
986033659
986021738
985997646
985993658
985984184
985973007
985955774
985953870
985940562
985931963
985909171
985898137
985896504
985879991
985864089
985846271
985835534
985831213
985764573
985746680
985739288
985731541
985697782
985691583
985686633
985669421
985662681
985647112
985636100
985609594
985597603
985596832
985539293
985523694
985506180
985502811
985488036
985469882
985456354
985444379
985441155
985437278
985428539
985424620
985410991
985408332
985372499
985352231
985311617
985308668
985293623
985258946
985243821
985223209
985222410
985212831
985204057
985198065
985193178
985159013
985133660
985099992
985086257
985076558
985041632
985018224
985006054
984995656
984979753
984965520
984950277
984945270
984874477
984828021
984800244
984745543
984744385
984694333
984671509
984660075
984639929
984625229
984595910
984589148
984575585
984563785
984557636
984536229
984508982
984507946
984507594
984456950
984452590
984446083
984435991
984432341
984427769
984393251
984361764
984348578
984346501
984317628
984296606
984279928
984242930
984229162
984223750
984216678
984215704
984213699
984210646
984184095
984144865
984128379
984120297
984103315
984065864
984047713
984045248
984039151
984023469
984017318
983992292
983943622
983942314
983935909
983886013
983878330
983875886
983848543
983835496
983769441
983758665
983738147
983729608
983725146
983714117
983701322
983694221
983674444
983640988
983615213
983598205
983540684
983510068
983499270
983497042
983453547
983432746
983423260
983418079
983412587
983412556
983380981
983372019
983369260
983361747
983342261
983323040
983294669
983283548
983238875
983200461
983185173
983149835
983132525
983130871
983124462
983106998
983100857
983097257
983070502
983054438
983038964
983030850
983015387
983012426
982999354
982976186
982973848
982969598
982954047
982951754
982949278
982932441
982924275
982854874
982830255
982821501
982815924
982772006
982726858
982671074
982656385
982648990
982634436
982622579
982606045
982593690
982573712
982568887
982559987
982530711
982529345
982527384
982506823
982494805
982489668
982484632
982401042
982384770
982359218
982358186
982353774
982340977
982293224
982284203
982269313
982234664
982221113
982202470
982179010
982144736
982144704
982135516
982128526
982118145
982114967
982103663
982093159
982082185
982050887
982009446
982007545
981974157
981971450
981950042
981900890
981893109
981870833
981861267
981845133
981821590
981799119
981786967
981784120
981730353
981689114
981672341
981665820
981622002
981565156
981563614
981547018
981522343
981508678
981472507
981466952
981459116
981437406
981417197
981408211
981361341
981348838
981338204
981309178
981295303
981291531
981285946
981280492
981271136
981251408
981243435
981224174
981203020
981201967
981196245
981185800
981170944
981090935
981078497
981053638
981030616
981003088
981001139
980989774
980989218
980963502
980959235
980955274
980926498
980914216
980910347
980904357
980902091
980901654
980871978
980861749
980851401
980836574
980812023
980803342
980799473
980767131
980766160
980760449
980758076
980755229
980746148
980743390
980737998
980734734
980697720
980691446
980691428
980687479
980661407
980642590
980619833
980616427
980600138
980590351
980563150
980551373
980542910
980537033
980528500
980516024
980514177
980502313
980496396
980463681
980440735
980434345
980421135
980411136
980399555
980348141
980334277
980323253
980287945
980265595
980238141
980230247
980201688
980194296
980182983
980164164
980152307
980151974
980149394
980144412
980126889
980108202
980107885
980096108
980089628
980043779
980022471
979979890
979965332
979938372
979938347
979917453
979899738
979892697
979886985
979853856
979852674
979841068
979836824
979823343
979819219
979814508
979801731
979791227
979775116
979751108
979745886
979745782
979745327
979738975
979736668
979717835
979698293
979669612
979648881
979644384
979636639
979635739
979634077
979632066
979624079
979601142
979597277
979591556
979588942
979556683
979546716
979542972
979531449
979518357
979495974
979474287
979471575
979461612
979453115
979451332
979443235
979443070
979413699
979402767
979360691
979343290
979324320
979319612
979299807
979292212
979283832
979275074
979259030
979255960
979253131
979230198
979228573
979220131
979211667
979209708
979205508
979205149
979185197
979161253
979131394
979129041
979119060
979111360
979100964
979087075
979083840
979028055
978977254
978967579
978947757
978923244
978917611
978897955
978885790
978866789
978836159
978833474
978831026
978823768
978811796
978807601
978754788
978752498
978733524
978728734
978696116
978695438
978691349
978691219
978661805
978653464
978652005
978651117
978648167
978620598
978598061
978589500
978578403
978569740
978565144
978559698
978552431
978523778
978520088
978520050
978500932
978495154
978480734
978470809
978466584
978464981
978462846
978433791
978427913
978419658
978409224
978388813
978359904
978334843
978306156
978299208
978234528
978225659
978177198
978160600
978156324
978145710
978138879
978130876
978115766
978086789
978066304
978038478
978031205
978029768
978007600
977975457
977957345
977941283
977928771
977926381
977895803
977893270
977876353
977848286
977825448
977790643
977781119
977768049
977757031
977743153
977741100
977740442
977734284
977712344
977686808
977659222
977658696
977645353
977619425
977615910
977608751
977607537
977539569
977535310
977514034
977508060
977507752
977485295
977473902
977453829
977426254
977417610
977409217
977399990
977393249
977383260
977348049
977345979
977327276
977316011
977308105
977305197
977292515
977289143
977278247
977262109
977224508
977216418
977209272
977202930
977184058
977151314
977145913
977114424
977103560
977097811
977079053
977070998
977021955
977014196
976997536
976985139
976973855
976958409
976921315
976901837
976881452
976872055
976870749
976863245
976841012
976822428
976771011
976752218
976737443
976720726
976717346
976709981
976696721
976687496
976668305
976659818
976625136
976611357
976598700
976556406
976537292
976529857
976526175
976515218
976514183
976510637
976504310
976485894
976482136
976476247
976453478
976433891
976405858
976390876
976378382
976370384
976354702
976347729
976341133
976335461
976300959
976293422
976290729
976243368
976228998
976213738
976164783
976161943
976141103
976139402
976128191
976098102
976082486
976070341
976060295
976060013
976037845
976029711
975955326
975936697
975930698
975913836
975909828
975906549
975903792
975897780
975889252
975886039
975880111
975879140
975873755
975868275
975859095
975842637
975823752
975818407
975795255
975787866
975774216
975744505
975729929
975717012
975657035
975656836
975650845
975644203
975621437
975598487
975583955
975583023
975568959
975562301
975558031
975535503
975484459
975475292
975428418
975408375
975392970
975388669
975372319
975341978
975301323
975296331
975286883
975268309
975265551
975244063
975236942
975191887
975187293
975176090
975175968
975167472
975165929
975139432
975098294
975094484
975060784
975050078
975031212
975007674
974981192
974953687
974928185
974924050
974888989
974835330
974835213
974832954
974825940
974824188
974815292
974811808
974739762
974705800
974671840
974663923
974656474
974643651
974627100
974621016
974615885
974610260
974603268
974584608
974551721
974543061
974512813
974451377
974397859
974381157
974372033
974371435
974367228
974352961
974325936
974321954
974308088
974293299
974291329
974286150
974285952
974272690
974270759
974269041
974255813
974250848
974223387
974156354
974148844
974118562
974113192
974112901
974077964
974071460
974063898
974046069
974011345
974006975
973933197
973925593
973900062
973874815
973873979
973846592
973841573
973838821
973803304
973793515
973744640
973736505
973728167
973723213
973713386
973702292
973682203
973649555
973646810
973633285
973627107
973620354
973610361
973602923
973566006
973554219
973547478
973527605
973512788
973512078
973495173
973489913
973471006
973454420
973450980
973422664
973387389
973382314
973378607
973377151
973371582
973371309
973333960
973325668
973250846
973229052
973205248
973203383
973186426
973177443
973169362
973132106
973125104
973123197
973103305
973064869
973048481
973042826
973030824
973000138
972972043
972960277
972953543
972936040
972921631
972903434
972886544
972883456
972879135
972844895
972815342
972790449
972776462
972768006
972734141
972716873
972709672
972701803
972700550
972688811
972682528
972665456
972645205
972642813
972640954
972639539
972595152
972580500
972550374
972534010
972507527
972502826
972469526
972458988
972442460
972415896
972358556
972348790
972335856
972303990
972292752
972281015
972278416
972263969
972244128
972235185
972218957
972208264
972204081
972200863
972186605
972179994
972159973
972141035
972135811
972118435
972064344
972029706
972025441
971958372
971950935
971950419
971935834
971912724
971909476
971880175
971866511
971847950
971812852
971812547
971798390
971784377
971771243
971757705
971746736
971743495
971739993
971719542
971706085
971693543
971661786
971654432
971650720
971623845
971609863
971602867
971574232
971563746
971562844
971551213
971533987
971519351
971517641
971514499
971511725
971495027
971482767
971435637
971401683
971385686
971349336
971322960
971299833
971281407
971272975
971262263
971261705
971249831
971208218
971188562
971177623
971168250
971164848
971164245
971141599
971122044
971097359
971092711
971063027
971055273
971054408
971032173
971030687
971021608
971017430
970986291
970982883
970981705
970966626
970947016
970928335
970882320
970879222
970879026
970857046
970847335
970835102
970826727
970813520
970809061
970789441
970779628
970758701
970744939
970742528
970716056
970713794
970709826
970668134
970636498
970621764
970596752
970576719
970565262
970549620
970533728
970510737
970490901
970468916
970468575
970458704
970415057
970413336
970406446
970406388
970398223
970395926
970385426
970378008
970368423
970349949
970339863
970333514
970330793
970249275
970219264
970207447
970198394
970175788
970151107
970113585
970113275
970101434
970085829
970079091
970063776
970048360
970039121
970032890
969967992
969962399
969954333
969924848
969884104
969841368
969829020
969817317
969810449
969808946
969763316
969755770
969729219
969720636
969698366
969679255
969676006
969654496
969650559
969647295
969622033
969602730
969580823
969565879
969554975
969546199
969526788
969516848
969476729
969461363
969451431
969435567
969399180
969395997
969386331
969344140
969340948
969296557
969285796
969265533
969236043
969184861
969184226
969162681
969140819
969136664
969126139
969112794
969102216
969096070
969067785
969061762
969049687
969008067
968965323
968956686
968952219
968903632
968893899
968888144
968861843
968849308
968821316
968780266
968764761
968764613
968759673
968750603
968726461
968705729
968644575
968637811
968621196
968586898
968581864
968543541
968501060
968497999
968446330
968441565
968419848
968411782
968408372
968395900
968374855
968367449
968360399
968349715
968318367
968307785
968274937
968255088
968237269
968234328
968215115
968197379
968179695
968151045
968113129
968092222
968034109
968033652
968004464
967995862
967960766
967956288
967942410
967929390
967922145
967900026
967897260
967864162
967849035
967825446
967816594
967814670
967800089
967799833
967794348
967783930
967776164
967756896
967755698
967745549
967707715
967702349
967691523
967687747
967666585
967617088
967593120
967588327
967516533
967500397
967480312
967477522
967476177
967451714
967426167
967421687
967409033
967359445
967326894
967317157
967317004
967313374
967275418
967273899
967253855
967242944
967235811
967218510
967198930
967179312
967135724
967125081
967098365
967088867
967057968
967053373
967040033
967038321
967036601
967033453
967031509
967013669
967010607
966987550
966984851
966981846
966963576
966963088
966931160
966928356
966898785
966883289
966881093
966839301
966836237
966830194
966818041
966797962
966796275
966770744
966753048
966727145
966720676
966671501
966622097
966605971
966571611
966571413
966557472
966552939
966551677
966550311
966519718
966452657
966423656
966411260
966381299
966358432
966349256
966343211
966328128
966311283
966285801
966284690
966269010
966251788
966240183
966237540
966226488
966209217
966203486
966197372
966183156
966180195
966178560
966121090
966104841
966071921
966063304
966039695
966029048
966023630
966003759
965991197
965968814
965963659
965959875
965954162
965927882
965907847
965904709
965893361
965890303
965860677
965815767
965807686
965763880
965753557
965744651
965737800
965721956
965692548
965661457
965626635
965618877
965556242
965549190
965512175
965453689
965452749
965432228
965394409
965372604
965370098
965357988
965348854
965326012
965316442
965305253
965302163
965251279
965214338
965205713
965188926
965184040
965168135
965152580
965123882
965116595
965105339
965104001
965097794
965064732
965048269
965028986
965014535
965004782
964992610
964978007
964953032
964948699
964936874
964906464
964894207
964890298
964851481
964837021
964835340
964823218
964816453
964794286
964782385
964780001
964760761
964697235
964696700
964681494
964677983
964647818
964640456
964639829
964632430
964592124
964557971
964549357
964541670
964528978
964522582
964472265
964459519
964438982
964377042
964342851
964314646
964313737
964301589
964291869
964255406
964249699
964248911
964234618
964166538
964132713
964088091
964072734
964058816
964040822
964015953
963948316
963930542
963908290
963908253
963898220
963895011
963888808
963888160
963887734
963877878
963877472
963867474
963849826
963844978
963830855
963799780
963795131
963788277
963769348
963765428
963757063
963727241
963690198
963688243
963671861
963664971
963652014
963625675
963606296
963582021
963563317
963562110
963561885
963560856
963516740
963516518
963468981
963443674
963406495
963394559
963392751
963381652
963363465
963353846
963322751
963317687
963316862
963313923
963246914
963235443
963233068
963212824
963211357
963175400
963158095
963152772
963147878
963139243
963091920
963054961
963040117
963008366
963000267
962964871
962964106
962963839
962942633
962942115
962940882
962935354
962919813
962868023
962866229
962855169
962849778
962827073
962803149
962792591
962773402
962770494
962749895
962747904
962735519
962705594
962657444
962651866
962619506
962616509
962607898
962599510
962576086
962547350
962545974
962516151
962512490
962510125
962496736
962486766
962466727
962464202
962430032
962428760
962402241
962363889
962339420
962331453
962327227
962309600
962272707
962232559
962205494
962191821
962178365
962161646
962159599
962135578
962133496
962118970
962113080
962084511
962071709
962067486
962061228
962049256
962042294
962012142
961989027
961987903
961969097
961956622
961938959
961922865
961910996
961908783
961901492
961862954
961852819
961833728
961828141
961824300
961800637
961751357
961743119
961717934
961697038
961684903
961648423
961628761
961614690
961613743
961590297
961586928
961543939
961507205
961485557
961469904
961459605
961453456
961450647
961417230
961408358
961398951
961373396
961366405
961346121
961322663
961303582
961298795
961274170
961270530
961259564
961234752
961229241
961224454
961203488
961104557
961080322
961028296
961019611
961012187
961007816
960979916
960957936
960942629
960930157
960895946
960888041
960877957
960860473
960857760
960841730
960825896
960805329
960775832
960764528
960758272
960747516
960716015
960684635
960659567
960647991
960629949
960627014
960615937
960614656
960604812
960598757
960598575
960564729
960535401
960527426
960515897
960515406
960489730
960476180
960452532
960423743
960395496
960381581
960333829
960315888
960290614
960273247
960264738
960240921
960212143
960208063
960199761
960183872
960171683
960144627
960140105
960134151
960118707
960113768
960097558
960095097
960094512
960009792
959997138
959969363
959967903
959959558
959952761
959944924
959941570
959926829
959913575
959908786
959882198
959855514
959854512
959848052
959835947
959835314
959811700
959805216
959795256
959780882
959752285
959702925
959698102
959682767
959646585
959619434
959599055
959587032
959575344
959555344
959546063
959535836
959530863
959513750
959490101
959481686
959471145
959467059
959418946
959407320
959402636
959347466
959343387
959331522
959326200
959296605
959243391
959242547
959214603
959192571
959183046
959147349
959103398
959085246
959070266
959062704
959052556
959043146
959013010
959003819
958981986
958981115
958952378
958942297
958929812
958925593
958922242
958910746
958905623
958898902
958888679
958865391
958861427
958845211
958840525
958828438
958814427
958812052
958801060
958797607
958781503
958755647
958754913
958715058
958704096
958679373
958660063
958654425
958629788
958613641
958603151
958542008
958534272
958524494
958511728
958507204
958501809
958501114
958488150
958462887
958459571
958426388
958416292
958413562
958397282
958375206
958374753
958365462
958357402
958351367
958330015
958315381
958306221
958290775
958277251
958212496
958199363
958191150
958142271
958132818
958099029
958064710
958059519
958040208
958038336
958035964
957978147
957966963
957915922
957892677
957888624
957877847
957861506
957853680
957788428
957775277
957757083
957750003
957733777
957695276
957681051
957674825
957644262
957630237
957622026
957618888
957612062
957603423
957600729
957586348
957554007
957547188
957503388
957497258
957495022
957469151
957462907
957449054
957445690
957404277
957389378
957359918
957359714
957351758
957349553
957341657
957325125
957288105
957274281
957237926
957237758
957215725
957208759
957164201
957146034
957144867
957116776
957080167
957077343
957008236
956961590
956952672
956948384
956944841
956908975
956895062
956893190
956884508
956858936
956833289
956831035
956815499
956798413
956790832
956785188
956761971
956717136
956683987
956683304
956659319
956650213
956629549
956624863
956616867
956590288
956585062
956572400
956541743
956535847
956521839
956515874
956498137
956497216
956468754
956455362
956430359
956424701
956416055
956405128
956397315
956390476
956364465
956358876
956345665
956342254
956330813
956306778
956297193
956281001
956235687
956230440
956207326
956193531
956189849
956176352
956166201
956162357
956131812
956121339
956112069
956070256
956053165
956051113
956023759
955992380
955989730
955972450
955962543
955953588
955868749
955860918
955828118
955813364
955767214
955758875
955748522
955745955
955741802
955736589
955706640
955666167
955654438
955645640
955608232
955603537
955599404
955576736
955564978
955559854
955557482
955535931
955512548
955506248
955451435
955417384
955387764
955345490
955339780
955318950
955315965
955315088
955292473
955292264
955260534
955254648
955235124
955208239
955201957
955198371
955196820
955174349
955145901
955137258
955089361
955055724
955048040
954992964
954924901
954906524
954869221
954844993
954833678
954817441
954811613
954789653
954784654
954776786
954760082
954755721
954742330
954729107
954723190
954679084
954654778
954653160
954638327
954517471
954498546
954463031
954445291
954428716
954400991
954399928
954379741
954366631
954354162
954344055
954326158
954316775
954314058
954310910
954306190
954282902
954248497
954248177
954226428
954222954
954213865
954212800
954209040
954187704
954164560
954160286
954142268
954103532
954097629
954066927
954050132
954037985
954004608
953977443
953967584
953917745
953892348
953861747
953841813
953796440
953789261
953748203
953738094
953714206
953709993
953682853
953663378
953615862
953608759
953601209
953587200
953573920
953572659
953563569
953549918
953533428
953518088
953504451
953494753
953462532
953461776
953452629
953427079
953423868
953390153
953381203
953348718
953339208
953337608
953298097
953284347
953280131
953276002
953223045
953217245
953210995
953178462
953165890
953142054
953039603
953034054
953011445
952972737
952955828
952954206
952952290
952852180
952820628
952815175
952784774
952764248
952728432
952677798
952657613
952637956
952578729
952554953
952518280
952515260
952465295
952435221
952418847
952398209
952395809
952392000
952376251
952364348
952316701
952310554
952294035
952293208
952234351
952215137
952200931
952192450
952158111
952149264
952139689
952137555
952099747
952097818
952086295
952074083
952064419
952055774
952053158
952051555
952017918
952015908
951973292
951957818
951947525
951940946
951915455
951900634
951884643
951878852
951865067
951861446
951836334
951813859
951765148
951761621
951757851
951731497
951675046
951660942
951643938
951615948
951600997
951567245
951547058
951502757
951447321
951438763
951436570
951435677
951428697
951427804
951386787
951377382
951359110
951339439
951327049
951281468
951260572
951258890
951258362
951255822
951254962
951251552
951214336
951128432
951126814
951122574
951117094
951115742
951093056
951066092
950989373
950979556
950940201
950938116
950924003
950879026
950865930
950862987
950824189
950822801
950769292
950753785
950740616
950732182
950727548
950718816
950714951
950709974
950698291
950681413
950649458
950635361
950605203
950604366
950600467
950581390
950580123
950554733
950554335
950530467
950500663
950464202
950459473
950454055
950449198
950449126
950439880
950358471
950298739
950293525
950258515
950223282
950202212
950182526
950153780
950111118
950087773
950075861
950073518
950051141
950038671
950037123
950034782
950007547
949970665
949929487
949910075
949866753
949861446
949843058
949833689
949817656
949769946
949756418
949720149
949711447
949675508
949669253
949662737
949645216
949629795
949600616
949590783
949573097
949532561
949502143
949486555
949464899
949460149
949451455
949421491
949404737
949380425
949374243
949358171
949312793
949284612
949244064
949206553
949169123
949144280
949138916
949111376
949070518
949068477
949045901
949040659
949036946
949028452
949023887
948986944
948984678
948947259
948916758
948913341
948893828
948890182
948889312
948878832
948865056
948850740
948828845
948823490
948784509
948762511
948755025
948735581
948701465
948674769
948655378
948628608
948618829
948575566
948569079
948527673
948522732
948491213
948490876
948487691
948427601
948426840
948419286
948416344
948403611
948381739
948374959
948341902
948325507
948268387
948267811
948265334
948248175
948184318
948182730
948172121
948142488
948133561
948094517
948093130
948077389
948058392
948048408
948045627
948035570
948014531
948011292
947975704
947965542
947944307
947936873
947909701
947890688
947890071
947865078
947842757
947808989
947801659
947790005
947715432
947667863
947663246
947634534
947579953
947558473
947547176
947521013
947510772
947471320
947440570
947434650
947432919
947431497
947376285
947371862
947332296
947307333
947242998
947232944
947175669
947150681
947121317
947119742
947082785
947081284
947066246
947047880
947036309
947034453
947023484
947009154
947008355
946998913
946983286
946964845
946956172
946944088
946886454
946873746
946858519
946850819
946792974
946787304
946732902
946717992
946714348
946689567
946679381
946663893
946658758
946643320
946640418
946634757
946633179
946575799
946560506
946555890
946540117
946531405
946494268
946484171
946477678
946443344
946378822
946358088
946331417
946307464
946303246
946285456
946277388
946268244
946265252
946251619
946229853
946199245
946194694
946189587
946178542
946152021
946102158
946093310
945968566
945923030
945910159
945868412
945857269
945839307
945787630
945763661
945729856
945713131
945654213
945618361
945599919
945572456
945526278
945475343
945473549
945473083
945471824
945468980
945462730
945442902
945435326
945430993
945414071
945399065
945385305
945381293
945353709
945338326
945325022
945322904
945293650
945286780
945278220
945256060
945254166
945243359
945203573
945188385
945149751
945147307
945130938
945100267
945064228
945052386
945031432
945010284
944985300
944966981
944964864
944959881
944959653
944937402
944888909
944843307
944826696
944826451
944818990
944791879
944760662
944743682
944726539
944696618
944687547
944667997
944660487
944658992
944583004
944576375
944570076
944555440
944524110
944476466
944454961
944411768
944394202
944388914
944364039
944345196
944323512
944322649
944315453
944309802
944305837
944302322
944275692
944269263
944261994
944246007
944224335
944215342
944199808
944176660
944172757
944165745
944158087
944157195
944151026
944133978
944121799
944107674
944101669
944088434
944052442
944034142
944017337
944002086
943962793
943929004
943822161
943797401
943773815
943773765
943737314
943728129
943695182
943672750
943666888
943643635
943643608
943641918
943634209
943614574
943581025
943577848
943576072
943569532
943546217
943540841
943501848
943455915
943435334
943406804
943375707
943357706
943323299
943304952
943299323
943298103
943295048
943264593
943214229
943202968
943189987
943169803
943153025
943100623
943026748
943001196
942995639
942984499
942958657
942913728
942887495
942849836
942826258
942807719
942802889
942790457
942768238
942760148
942748903
942744660
942726161
942723155
942694623
942639574
942597993
942583535
942565080
942561592
942537879
942523875
942501459
942476780
942472470
942463062
942434055
942403131
942379693
942366932
942364335
942348718
942337829
942316852
942287840
942280736
942269939
942265556
942252268
942245451
942230636
942212562
942159727
942156336
942130358
942096695
942078080
942057623
942054981
942054390
942050220
942041091
942030330
942013709
942006876
942002236
941986619
941939248
941891964
941879472
941844334
941831340
941814931
941799222
941786543
941747096
941731496
941693068
941673276
941663194
941657680
941639016
941638163
941606058
941605129
941598171
941575904
941569596
941567480
941525073
941467192
941462694
941456848
941453283
941440346
941389497
941385141
941326969
941314187
941293643
941281188
941275267
941244449
941204709
941195521
941171478
941168027
941152950
941127064
941111323
941073418
941056696
941040490
941029539
941028503
940990234
940981428
940978731
940956622
940948785
940897440
940855148
940839013
940815014
940796890
940780689
940761299
940736858
940696363
940677606
940653563
940618576
940607943
940581052
940559313
940546482
940520253
940518010
940515995
940496083
940441497
940426384
940415140
940398333
940380301
940350521
940319060
940314170
940259889
940257068
940230473
940213179
940197283
940147769
940130062
940124143
940080190
940078426
940074943
940043461
940022197
940010506
939948231
939929574
939910996
939900450
939886240
939868760
939847413
939810181
939803446
939776669
939772932
939765339
939756645
939709820
939686228
939675994
939649724
939601122
939586547
939563518
939562494
939516055
939509340
939476342
939457121
939410595
939405547
939400831
939390208
939374666
939367897
939355217
939348898
939335127
939330812
939330592
939308251
939307275
939286460
939260541
939228232
939224514
939210699
939189289
939168531
939133940
939096503
939078398
939054400
939047514
939026108
939010203
938989649
938984813
938950512
938912022
938847149
938830683
938826756
938805841
938798809
938784398
938746789
938715829
938688610
938685579
938659179
938658142
938657196
938625037
938618922
938616819
938587733
938583033
938566991
938529834
938520306
938486914
938481226
938476996
938439068
938431915
938412359
938411782
938401156
938400949
938392319
938384205
938375663
938347495
938335241
938267164
938254620
938239933
938239409
938236266
938209487
938201668
938182835
938138271
938133503
938117148
938079272
938070255
938048059
938038970
938023830
937988975
937962431
937960130
937927665
937917853
937916259
937902369
937888483
937878998
937864092
937853165
937837017
937821102
937819154
937781064
937770902
937767713
937762438
937718171
937704293
937685142
937668174
937666007
937649544
937645241
937639722
937604491
937568428
937538081
937483304
937468913
937427577
937425059
937363229
937359720
937352996
937327564
937326148
937317818
937304733
937230731
937167975
937144251
937121911
937116994
937095446
937094342
937088031
937076404
937062810
937047938
937040588
936969616
936961063
936952696
936910626
936897770
936891936
936858364
936846692
936818683
936816097
936777396
936762862
936754873
936732477
936731231
936713085
936701252
936694172
936661918
936652495
936626900
936616924
936615045
936599282
936578905
936569065
936550633
936535345
936529955
936522890
936485181
936477475
936450447
936429340
936414219
936401991
936393975
936391184
936371538
936336697
936281408
936278797
936270271
936257582
936243533
936241083
936223496
936215859
936194779
936192243
936154189
936152335
936145528
936104928
936096104
936081250
936043859
936022997
936008072
935980560
935969070
935943107
935918360
935899107
935884333
935881558
935826325
935793893
935718967
935716788
935686985
935685613
935655958
935627258
935619211
935593146
935587407
935587008
935573386
935572877
935569781
935487721
935468836
935378188
935375891
935357950
935357581
935355592
935352467
935331316
935317724
935308949
935297059
935239946
935232455
935218010
935216191
935213190
935199903
935167994
935152132
935130270
935083136
935054594
935040762
935036211
935018296
935015859
935012464
934988573
934982344
934945831
934941241
934899228
934894884
934889890
934876954
934874347
934859383
934851414
934822951
934806177
934781815
934773426
934743045
934740560
934738591
934736792
934710815
934696074
934692812
934682004
934680759
934675163
934622540
934615697
934614100
934605682
934565799
934543999
934529217
934433969
934370867
934342824
934340843
934337906
934314989
934314356
934306146
934303510
934280375
934271958
934263112
934247110
934230737
934224795
934195561
934187232
934169363
934151940
934143292
934139547
934131553
934129878
934110263
934051796
934030217
933991530
933986351
933977784
933977424
933956941
933929114
933926984
933919700
933918460
933912726
933907838
933884800
933877501
933863464
933856595
933853869
933829163
933813385
933807100
933750165
933747317
933746822
933735599
933709459
933678475
933658909
933655741
933655528
933621313
933615825
933601584
933598775
933573804
933566651
933535777
933512298
933500726
933477196
933471802
933464651
933461340
933455019
933454950
933420535
933349203
933311658
933302257
933261309
933229833
933202095
933188264
933182267
933160264
933159967
933153749
933092435
933071997
933048802
933021809
933004408
932999585
932974476
932962839
932959630
932958488
932936490
932924027
932901929
932872886
932850880
932841866
932824927
932785723
932768571
932742393
932736070
932712168
932706507
932702815
932662195
932583297
932564165
932557356
932545875
932462118
932457608
932456646
932406231
932394597
932383278
932325315
932291114
932286293
932284698
932274448
932259306
932246703
932244017
932241308
932235324
932193795
932177836
932174798
932146450
932136042
932101713
932039461
932039135
931987627
931966861
931948064
931915644
931893076
931863920
931858299
931830404
931820956
931815414
931783947
931742859
931660739
931649526
931644698
931641159
931640262
931534219
931515814
931492837
931436145
931409413
931403404
931384370
931375178
931364288
931353276
931340117
931327317
931326404
931325797
931291054
931286806
931274845
931267460
931230836
931224674
931204181
931177563
931136212
931132907
931114601
931110989
931080613
931041368
930965879
930950597
930923217
930910099
930892937
930878634
930852374
930844588
930841926
930829410
930820332
930761897
930755827
930740248
930687426
930685815
930675051
930661727
930651442
930633439
930604050
930602510
930599572
930581636
930570442
930513627
930488054
930479527
930469861
930468150
930459748
930455418
930440982
930426828
930400537
930390275
930355972
930329196
930325935
930307616
930303526
930281088
930234228
930156917
930145299
930120410
930099798
930098661
930093076
930092971
930075878
930070385
930051978
930026867
930021458
930015896
930002007
929999732
929968038
929913054
929893306
929880707
929871029
929864681
929856974
929825955
929814940
929810487
929753016
929738842
929723430
929696364
929691874
929676681
929660769
929624970
929587980
929574168
929529481
929527119
929492241
929424895
929399289
929387167
929373680
929338062
929315349
929302678
929298914
929282635
929231836
929140571
929131838
929087628
929001458
928973360
928955438
928905834
928891885
928863238
928834214
928788605
928760074
928741593
928727342
928723938
928696847
928693439
928688243
928663503
928639467
928630032
928566380
928551220
928545182
928537947
928534736
928525946
928518016
928491773
928474724
928451597
928439359
928435316
928420074
928406852
928400058
928337938
928334877
928334136
928321916
928306132
928280420
928269673
928263809
928217003
928209453
928209128
928202345
928186179
928168821
928160508
928155292
928150804
928135477
928127699
928092788
928070664
928065702
928063888
928039929
928034396
928009584
928002871
927993862
927970220
927961658
927920759
927884361
927827157
927811479
927768965
927768878
927757331
927745995
927735753
927701600
927687152
927668367
927656147
927604952
927590936
927585879
927554230
927514787
927509689
927480048
927465762
927441721
927435031
927423493
927414918
927408426
927395700
927395158
927370821
927366369
927358159
927342632
927331300
927329804
927311949
927276577
927268583
927253950
927223234
927210831
927206998
927177740
927174053
927172543
927149276
927149048
927053304
927039008
927022212
927010795
927006956
926970936
926970104
926905489
926898797
926863331
926853421
926853165
926841534
926810376
926780170
926723388
926683270
926653985
926628123
926606079
926577783
926568221
926556711
926547669
926527921
926524767
926495668
926483209
926426223
926422387
926421558
926420612
926419820
926391771
926363910
926305240
926289921
926234291
926197025
926169057
926149107
926142976
926141961
926128590
926123270
926095621
926076189
926045486
926027288
926009984
925990071
925988108
925966466
925912520
925900971
925880312
925873799
925870138
925842726
925833750
925831825
925774072
925751800
925736739
925713715
925692784
925653488
925641247
925623750
925573458
925544458
925538886
925463262
925423464
925391447
925339408
925309567
925282917
925268283
925261371
925259113
925251799
925245790
925199759
925181992
925181928
925130988
925112304
925106345
925095829
925079865
925062229
925046794
925041630
924999525
924988338
924976951
924960046
924940095
924897486
924867006
924865211
924856008
924855522
924847317
924838560
924834719
924825955
924750780
924744601
924726801
924719732
924661092
924621455
924616701
924609909
924589758
924550532
924472170
924452450
924433020
924431870
924399460
924380763
924359969
924338137
924313218
924268671
924258902
924246428
924229094
924201817
924184350
924166933
924157751
924137798
924107411
924087241
924029549
924015457
924015314
923996835
923986962
923981530
923961722
923905994
923895515
923869622
923853860
923836505
923834936
923828146
923823391
923823146
923805583
923802990
923769829
923745447
923739963
923736863
923729371
923715187
923709821
923692377
923666250
923644616
923613851
923595230
923566198
923510261
923492767
923478840
923463043
923456632
923446297
923437325
923416886
923403258
923401346
923325379
923315686
923306075
923287483
923246119
923222565
923217511
923205723
923204260
923167826
923166078
923147186
923124898
923092489
923090848
923015677
922986333
922931160
922898001
922858990
922858190
922852661
922846073
922838788
922837351
922825255
922815987
922814510
922759325
922755358
922741214
922729912
922721686
922695827
922694671
922688733
922686584
922669329
922623329
922597517
922586053
922546609
922511477
922510582
922492368
922488232
922462924
922453060
922441552
922391686
922387064
922363192
922327524
922322848
922302615
922252034
922249301
922173496
922129803
922107811
922084153
922081981
922071649
922061769
922059134
922047833
922029438
922019239
921969636
921961895
921933346
921917177
921910309
921886712
921851232
921850404
921818347
921816905
921810327
921789067
921765701
921736512
921734934
921718813
921706619
921685914
921661333
921625219
921602175
921576964
921547889
921546054
921521219
921497491
921469277
921464542
921459305
921458476
921421927
921377763
921359203
921339989
921279790
921255948
921248949
921236726
921184507
921179705
921169063
921166008
921151384
921127289
921125409
921100318
920930610
920889221
920858531
920853788
920840263
920828727
920799879
920790519
920734047
920697030
920687259
920652675
920645953
920611690
920596251
920495643
920495343
920449171
920446775
920431922
920428458
920418547
920389684
920370281
920363690
920363416
920341480
920286334
920258905
920212424
920181677
920140195
920105522
920105440
920052873
920040752
920038594
920016487
919992185
919942741
919939925
919905084
919888987
919853621
919849179
919842003
919836555
919829939
919808633
919805415
919791064
919782960
919742388
919722037
919689451
919669591
919665852
919649514
919644169
919615419
919609391
919595722
919580824
919514287
919510874
919501464
919480171
919451730
919430030
919419861
919417398
919374032
919357687
919312601
919309120
919254351
919237417
919216930
919214833
919213737
919213277
919211440
919197652
919086481
919061097
919051463
919024977
919003348
918988547
918985829
918969861
918967909
918964068
918946864
918915806
918884300
918870992
918807183
918795247
918788060
918786645
918765344
918765133
918759236
918759222
918745467
918711627
918701187
918698015
918689966
918681747
918676806
918661233
918607942
918593323
918590338
918581819
918559682
918522637
918500011
918486776
918486458
918476971
918466431
918448543
918370022
918330624
918321579
918280381
918270775
918197552
918189952
918181494
918178975
918157111
918121065
918113741
918105037
918095026
918074029
918051123
918023321
918018600
917937153
917910913
917878220
917843118
917838474
917812599
917806922
917803485
917788470
917775271
917760310
917759705
917722622
917716285
917702061
917680144
917645635
917631446
917607470
917578663
917546495
917536017
917506054
917506012
917496302
917471357
917462453
917401975
917354639
917322157
917305221
917293166
917250150
917243546
917199874
917172373
917136689
917123916
917117171
917111580
917102052
917083806
917070272
917065238
917024787
917015514
916946484
916946177
916926384
916926201
916916060
916894360
916891286
916878221
916850615
916837852
916811584
916774377
916765492
916762778
916739718
916727887
916710562
916700324
916688195
916675452
916669843
916658318
916642820
916589942
916585525
916532826
916532525
916525457
916497246
916489821
916460533
916442678
916432992
916429616
916409815
916405268
916384898
916383063
916377680
916371120
916302657
916278146
916254143
916247116
916238470
916222568
916191760
916181224
916179316
916175345
916161566
916158466
916157134
916152007
916140225
916129691
916088719
916074637
916047750
916038366
916015403
915953196
915926485
915919169
915886570
915874581
915858375
915855827
915850270
915845849
915818671
915800338
915781498
915769141
915699992
915693726
915693217
915683197
915659398
915625747
915608305
915580110
915572586
915549874
915476436
915461808
915456996
915408628
915402687
915397245
915359298
915348371
915338876
915315285
915314151
915308475
915292558
915277362
915266402
915241180
915235469
915169462
915150696
915140140
915124956
915119168
915101012
915098438
915087741
915069733
915057171
915016424
915000904
914996407
914985933
914975714
914957579
914950906
914924128
914899164
914898274
914895331
914877200
914863553
914851084
914848232
914823541
914814508
914791732
914783070
914748044
914736120
914724636
914706591
914698161
914691388
914679343
914667693
914649954
914644558
914644416
914635564
914613840
914560930
914520652
914495289
914462293
914447416
914443100
914435860
914419066
914396178
914372017
914318992
914287730
914280889
914279464
914209475
914200017
914182214
914168783
914131163
914116119
914047508
914020981
914015576
914009338
914004213
913998723
913987621
913957345
913933103
913896999
913877874
913844789
913841389
913834526
913834125
913782486
913776138
913742720
913683869
913668094
913666443
913648656
913635363
913617510
913563218
913551231
913504644
913499008
913481234
913396692
913390969
913366342
913355691
913295788
913240715
913225881
913199944
913197900
913135158
913134525
913112698
913045774
913026778
913011739
913002649
912985424
912931665
912930770
912921395
912885439
912879642
912866841
912775922
912768982
912756200
912752837
912750817
912695618
912685212
912681139
912672915
912652196
912588038
912571477
912550189
912489686
912488461
912462890
912462584
912458422
912456087
912433290
912379012
912376493
912307417
912294857
912267737
912231324
912228925
912197455
912136368
912121164
912090121
912076096
912071507
912060396
912032574
912025462
911965644
911965139
911947373
911923536
911909673
911889930
911873508
911867038
911832884
911831227
911829464
911810745
911793873
911718815
911707148
911698956
911690428
911684630
911673371
911649411
911637343
911632919
911592772
911563947
911548823
911524090
911513746
911509301
911478819
911460193
911429800
911389577
911376677
911367787
911357538
911347925
911316894
911312563
911299926
911293797
911245136
911226053
911224590
911205337
911201092
911193568
911174653
911147896
911138589
911120176
911105625
911085578
911060517
911059772
911042347
911027713
911019728
911006559
910956746
910886785
910856725
910850696
910815995
910795302
910779555
910765121
910721694
910696210
910672106
910648856
910622939
910581116
910524091
910504578
910483873
910472776
910461441
910454966
910444501
910431108
910406046
910396065
910394253
910348940
910336312
910334644
910321581
910291235
910262850
910234297
910231598
910213584
910183736
910176675
910162842
910161518
910129623
910093489
910081671
910080411
910066672
910063290
910061080
910054985
910038265
909979478
909961731
909927290
909889527
909844806
909832726
909825206
909814525
909813003
909809532
909794584
909792656
909777131
909760793
909751575
909726122
909688710
909686690
909686586
909680963
909659351
909654768
909629339
909628066
909609370
909594702
909568441
909550449
909516768
909486054
909483595
909481003
909468217
909424708
909420268
909386746
909373549
909312224
909293253
909277170
909254326
909240601
909225842
909188318
909167817
909112952
909087280
909029505
909026637
908968767
908966818
908964809
908955527
908928491
908891509
908883420
908852633
908852570
908848848
908843985
908822468
908772001
908755313
908698056
908676504
908664687
908661173
908659626
908570126
908563133
908539823
908507655
908459531
908397137
908380517
908365702
908350512
908350303
908327327
908289708
908282989
908266348
908249063
908231629
908225432
908218695
908173028
908150680
908144780
908128698
908113487
908113343
908095460
908046068
908013945
908002376
907993254
907966035
907938578
907888611
907883908
907875464
907832416
907816525
907799403
907783578
907777234
907765838
907759092
907743484
907721858
907709567
907665833
907612218
907572630
907513825
907451212
907432218
907381710
907364501
907336534
907318056
907293990
907268894
907258208
907224144
907175001
907139443
907089323
907086751
907069655
907068840
907022473
907005109
906996643
906991003
906945006
906930931
906912424
906881577
906836650
906825226
906822336
906817866
906810749
906778119
906776994
906767766
906756382
906734704
906723450
906704972
906696449
906677883
906628469
906591547
906564791
906557209
906554694
906550097
906545580
906508949
906508257
906502002
906484582
906417767
906363931
906335056
906334896
906326891
906299317
906294750
906256370
906234619
906220209
906198973
906198499
906182836
906123284
906097302
906091482
906046090
906041535
906038489
906028826
906008421
905974828
905963623
905956483
905951816
905944859
905875994
905832951
905783133
905779925
905769787
905758350
905749757
905746582
905737025
905733848
905731418
905710912
905710490
905700342
905681165
905659869
905637731
905619589
905604452
905567211
905547739
905489951
905422757
905403453
905380308
905371446
905361609
905342363
905337133
905292908
905278485
905271659
905243332
905220231
905199889
905185377
905175882
905162554
905147317
905139978
905128389
905091643
905070928
905055976
905021957
904952370
904925135
904915600
904885664
904866824
904864487
904862619
904849160
904797927
904768323
904754058
904752529
904663512
904624321
904593298
904517657
904502638
904463402
904430583
904406398
904394496
904388002
904378341
904373723
904325847
904263198
904253002
904238132
904226546
904220350
904213559
904149856
904141076
904114614
904071255
904034833
904024671
904017386
904016550
904012872
904001682
903985295
903980625
903974269
903961921
903946490
903912868
903879993
903836949
903836391
903797881
903748121
903730313
903729513
903701021
903677050
903667555
903651304
903628173
903624935
903617542
903614905
903599110
903578268
903542151
903525359
903465250
903433330
903428099
903419480
903415620
903402293
903377412
903356287
903326556
903322175
903316556
903291998
903272101
903244176
903218274
903211532
903191094
903181493
903154373
903150190
903146298
903120219
903119988
903099974
903058236
903028638
903007202
902991987
902986622
902984464
902972630
902966312
902920632
902893730
902867687
902835106
902825443
902800669
902757643
902739573
902724764
902713014
902712714
902701903
902676308
902654822
902622693
902618262
902615917
902614696
902600752
902583934
902540408
902489356
902486763
902412622
902406495
902394300
902378257
902358707
902318025
902269632
902241556
902236922
902229538
902203077
902196419
902181706
902175280
902170654
902165438
902161502
902148192
902096011
902067198
902065692
902032485
902012814
901998957
901984280
901962754
901945259
901942364
901930461
901918862
901914403
901893330
901891618
901870442
901865281
901824550
901798410
901794935
901793182
901789800
901766897
901762897
901747730
901740426
901722277
901691616
901603076
901600454
901596869
901511168
901505094
901495489
901481048
901399001
901360599
901335871
901310194
901301340
901301196
901219619
901206795
901128636
901122340
901118964
901043691
901040644
901023546
901003096
900990962
900969535
900937534
900934471
900924183
900887768
900866255
900819630
900793315
900788956
900775962
900755700
900747938
900715202
900658369
900642300
900623307
900605127
900602778
900593745
900563408
900555156
900547971
900502231
900472885
900432607
900404153
900397059
900370073
900367878
900346063
900287812
900262451
900242538
900226926
900225823
900222439
900210278
900170163
900147480
900138676
900125610
900064109
900046086
900031670
900010941
900006261
899994064
899967546
899948534
899939569
899936645
899904140
899903677
899883538
899882895
899834365
899830970
899822390
899820967
899793184
899790277
899742034
899720943
899710487
899701622
899686586
899662672
899658716
899649095
899630289
899615450
899604819
899591620
899567660
899567370
899564579
899541423
899521550
899521465
899484697
899456409
899438525
899407033
899396762
899359422
899313895
899282619
899268613
899249842
899239836
899195649
899187734
899173017
899171919
899162897
899117655
899106153
899099151
899074794
899030149
898980437
898966728
898957275
898950748
898909119
898881655
898880781
898866269
898833111
898823435
898810235
898800047
898789479
898743922
898728594
898708836
898706520
898690975
898680473
898663011
898638010
898613994
898569262
898541265
898521194
898446408
898439272
898414615
898410772
898362941
898360684
898323046
898320922
898308222
898291451
898281887
898203071
898200458
898194473
898152504
898118932
898113055
898080700
898029393
898026278
898007864
897924182
897900886
897894675
897890331
897881716
897847232
897833943
897811595
897808809
897798068
897793734
897729220
897725147
897705189
897672264
897623332
897619155
897601964
897591597
897590538
897584086
897538402
897521320
897504678
897493335
897485003
897460468
897417711
897395087
897360329
897349149
897341317
897310814
897305852
897292477
897286516
897258298
897246382
897216001
897199198
897166785
897161634
897151648
897139007
897103392
897087712
897086104
897044526
897025332
897024851
896994244
896983189
896965357
896941476
896934720
896918905
896904523
896887617
896858266
896856755
896790190
896745513
896714378
896694129
896689170
896679556
896668643
896636361
896620113
896605934
896605591
896598500
896591053
896575458
896516841
896485757
896478664
896462022
896457463
896419769
896392415
896386937
896346773
896340465
896273386
896257212
896233431
896230774
896164737
896143066
896133981
896126458
896104409
896085693
896084147
896000649
895987757
895932438
895903717
895886492
895865275
895864000
895851060
895847200
895831871
895816448
895796011
895789502
895760709
895751455
895742512
895717484
895672469
895656303
895652168
895619125
895599978
895583091
895583058
895581173
895464102
895428935
895420067
895370964
895354795
895352837
895330414
895298483
895249703
895237491
895232020
895204009
895176461
895173269
895130069
895094356
895068136
895008931
894977107
894974840
894935261
894909576
894902704
894862486
894856713
894844120
894815891
894813603
894802898
894737050
894728217
894672565
894668786
894640241
894638927
894601335
894575166
894567115
894561453
894560272
894546678
894436848
894392761
894390931
894365077
894335981
894323188
894312200
894250916
894210338
894179308
894167245
894159293
894152971
894095178
894072492
894059254
894054932
894010330
893994922
893974711
893965101
893952421
893945296
893912195
893891060
893840520
893824810
893805230
893780790
893763120
893735160
893727279
893718281
893698410
893678398
893668321
893633611
893606917
893591319
893549732
893547387
893542991
893529046
893488462
893448573
893443245
893425698
893381568
893327354
893315840
893311860
893306479
893290797
893284227
893281213
893273964
893226218
893221135
893204644
893173652
893115312
893099637
893048780
893022357
893020363
892979066
892967367
892966064
892965370
892954202
892913906
892898561
892878742
892871139
892844082
892807430
892801050
892768944
892739774
892698247
892692675
892683206
892677906
892635865
892628075
892597496
892557920
892543577
892532543
892493454
892468154
892427907
892391854
892383338
892363328
892351069
892339412
892333747
892315187
892297125
892284202
892267174
892256350
892250154
892244027
892212147
892198503
892181318
892164135
892139217
892108691
892094585
892091324
892068829
892050662
892026695
891979054
891935947
891903738
891827583
891826186
891823824
891807935
891777885
891757371
891748639
891743290
891730353
891728450
891691162
891675433
891670642
891661080
891644158
891608885
891607627
891569475
891559916
891556056
891530237
891509348
891500633
891481483
891459253
891458474
891439077
891426389
891330878
891318595
891314087
891312822
891297641
891295644
891269782
891249856
891216138
891197999
891164235
891162614
891157413
891156141
891140707
891130213
891104220
891084389
891070984
891056602
891033666
891003304
890969673
890954860
890920602
890910722
890905211
890901125
890878214
890850350
890837494
890821375
890811304
890798128
890794125
890731970
890684545
890659607
890637177
890595175
890575655
890560718
890546327
890488259
890482135
890478172
890461885
890412775
890405020
890383042
890369910
890361370
890328918
890298928
890282386
890247070
890214546
890191033
890176324
890134555
890127847
890119745
890112423
890074794
890071028
890053545
890021866
889977593
889969652
889917784
889890322
889817322
889809425
889780566
889767227
889745395
889688432
889658969
889650972
889649693
889576011
889548624
889542493
889518845
889493848
889455063
889423867
889327663
889311780
889267827
889248012
889206483
889167361
889129741
889128556
889124741
889101368
889098487
889076785
889070350
889059811
889058147
889034339
889025114
889004543
888937685
888905178
888902919
888900524
888887614
888885499
888847506
888780698
888760175
888731010
888708976
888676590
888657928
888530967
888480793
888440599
888437037
888422612
888419729
888408224
888357342
888336690
888328923
888304397
888275184
888272995
888270657
888266668
888230188
888209814
888202916
888200322
888185536
888143345
888096280
888074577
888073192
888030648
887986902
887957581
887957230
887925345
887916071
887883725
887798871
887789952
887782766
887776661
887775420
887774704
887766889
887713934
887692791
887669334
887628804
887620825
887611382
887599572
887577136
887563722
887557132
887541231
887525341
887509375
887481465
887459071
887433670
887426636
887419185
887385341
887330736
887323951
887309010
887308055
887301842
887290566
887269813
887255666
887244831
887223836
887213237
887198997
887189887
887136561
887114268
887107264
887097286
887069915
887063516
887020392
887007878
886992760
886968814
886958950
886943721
886900939
886868684
886820875
886770883
886760076
886736637
886702434
886677683
886658483
886651052
886635093
886560621
886536989
886516156
886488135
886480066
886471055
886461671
886457849
886443029
886417871
886410626
886396889
886392943
886391447
886372848
886330607
886280269
886250605
886245930
886235893
886208112
886203449
886147553
886105520
886087473
886085351
886082081
886068520
886057532
886050367
886031882
885965932
885940957
885926618
885896893
885841401
885835689
885813761
885769542
885750231
885727393
885712729
885669552
885592243
885590990
885562588
885561731
885528587
885506873
885489130
885474313
885414539
885405961
885355854
885345738
885341609
885254859
885206507
885191795
885178531
885173551
885151494
885125126
885070727
885067574
885017110
884986413
884902409
884890374
884861591
884838349
884747803
884728307
884717796
884697601
884683904
884656327
884642593
884600504
884576543
884562157
884539151
884524397
884500884
884482741
884435013
884410858
884366882
884355562
884279886
884252767
884224079
884159171
884142243
884103496
884089247
884077034
884060913
884055309
884024885
883992789
883965088
883963469
883944597
883878142
883852494
883847047
883817121
883742860
883738487
883696801
883664070
883624717
883624683
883584472
883569412
883560114
883550131
883521025
883464212
883461570
883453236
883436039
883411298
883388687
883319731
883303953
883302351
883278420
883272483
883251223
883242760
883189426
883181320
883176128
883148787
883133430
883121700
883118421
883092638
883086689
883085074
883030508
883024951
883002516
882983739
882965469
882951001
882941081
882930611
882895114
882887073
882882805
882861130
882841048
882835110
882814237
882774051
882768297
882762837
882757334
882742372
882728839
882711164
882686399
882686302
882676164
882637115
882620941
882605304
882583123
882574320
882548145
882519376
882507749
882472426
882422687
882395767
882369760
882331646
882253286
882231508
882225173
882208011
882158774
882090543
882050380
882033303
881978582
881966332
881924895
881871105
881820898
881794984
881769736
881761278
881744336
881720435
881718973
881705611
881669120
881667180
881620265
881568775
881560649
881516623
881499155
881491248
881465236
881451795
881444368
881406247
881379976
881374245
881363809
881353634
881331369
881303118
881273333
881270453
881266426
881230186
881214105
881211017
881138282
881135720
881055927
881014956
881001098
880947153
880925491
880898114
880883124
880825500
880818870
880799855
880787919
880773768
880740270
880738796
880718309
880706148
880696184
880650219
880593407
880588740
880570796
880541497
880530218
880505896
880489335
880488090
880467588
880435935
880421432
880416462
880416034
880398203
880382609
880346617
880335534
880294090
880263339
880223984
880196995
880196876
880188377
880156972
880150162
880136906
880095352
880094463
880088653
880072198
880068028
880029548
879988155
879968768
879944129
879934970
879933303
879933287
879918098
879899551
879887911
879835604
879833895
879819563
879806154
879783235
879768238
879722667
879720096
879716792
879711227
879699521
879692244
879651752
879628688
879624765
879619931
879573698
879568929
879535240
879498592
879492823
879489630
879463496
879450343
879383340
879329782
879270883
879270147
879230897
879191416
879179813
879165639
879151268
879145613
879114913
879070851
879070723
879064870
879036596
879031196
878995081
878929846
878907344
878886629
878864235
878862088
878842391
878823929
878799214
878792007
878789582
878756131
878753595
878720343
878700215
878654467
878640986
878626771
878598506
878592079
878574346
878522322
878513439
878511101
878509648
878505821
878501455
878500417
878467818
878466043
878433559
878432116
878421723
878403957
878372960
878341379
878326013
878273182
878268408
878240231
878224823
878199607
878176246
878171227
878141574
878114647
878098507
878080728
878069970
878067186
878041923
878017160
878013987
877990456
877984642
877942877
877918130
877898730
877855621
877792217
877765624
877748979
877736046
877731980
877730179
877702537
877701881
877680007
877652759
877610523
877593461
877564443
877516473
877476121
877440068
877439315
877436620
877420894
877412603
877387062
877363639
877288126
877258716
877252015
877242826
877234062
877202618
877186382
877182041
877167617
877164708
877138925
877136423
877114264
877087005
877042065
876980033
876951027
876913652
876803554
876803472
876776036
876765123
876745876
876741149
876668475
876638820
876633030
876536230
876507228
876472578
876354715
876320221
876302633
876289474
876285562
876276858
876274921
876252837
876250700
876211747
876170066
876149896
876129391
876076796
876065663
876064108
876052621
876031442
876021502
875980854
875964894
875919631
875893801
875878982
875867198
875858468
875847437
875846631
875818025
875806556
875792295
875771321
875720909
875719219
875712489
875672706
875651354
875637748
875628259
875564275
875549996
875446825
875431726
875419634
875368554
875321117
875287336
875262340
875239928
875207736
875200583
875179467
875172015
875151401
875118855
875104750
875075466
875032401
875024888
875024738
875016291
875008796
874988953
874986796
874974382
874972627
874968368
874929789
874878881
874872219
874847966
874803255
874763497
874709908
874665991
874652467
874627136
874591613
874586822
874569640
874553023
874528561
874527767
874497859
874472563
874455492
874432316
874377147
874368075
874350511
874305142
874280633
874205241
874202054
874187020
874166854
874139467
874110510
874050282
873995227
873993570
873972122
873943008
873901510
873890353
873881508
873862854
873858116
873825489
873768935
873763538
873739400
873727355
873725864
873704842
873619789
873592273
873560219
873521746
873514849
873507647
873499212
873486397
873484250
873467000
873415140
873410213
873389977
873383522
873350617
873342167
873340648
873332749
873324385
873292832
873266999
873241888
873232159
873230034
873212997
873191903
873146566
873141914
873124201
873102057
873080267
873078978
873065774
873055646
873047285
873039653
872962070
872932774
872906949
872904640
872900103
872875327
872872995
872851282
872827387
872822426
872800144
872768115
872700764
872688684
872670967
872652591
872613321
872574147
872567142
872533365
872471211
872460477
872421759
872420942
872399416
872370424
872357375
872351966
872331249
872313586
872276498
872241261
872235673
872218044
872194690
872169378
872161291
872108462
872097174
872072123
872067242
872052495
872003811
871973178
871887052
871865625
871846103
871840561
871818293
871781498
871761177
871760886
871739076
871714503
871680536
871616043
871613578
871608712
871606673
871603262
871584482
871579458
871557291
871535443
871507617
871454398
871453661
871398817
871398491
871368952
871334533
871311754
871276568
871264645
871222396
871208977
871192876
871173348
871124322
871109596
871092664
871046935
871032850
871015890
870989247
870973437
870957350
870953249
870921063
870866440
870810346
870728722
870680837
870680104
870677779
870672349
870657152
870642133
870641640
870600030
870579587
870578265
870541423
870515401
870497151
870486853
870466132
870448162
870391551
870385137
870379991
870346828
870346425
870319871
870292268
870245942
870244342
870228096
870207207
870198911
870186329
870174630
870172448
870148739
870148112
870146074
870132763
870124993
870104067
870096976
870056791
870010011
869988563
869957383
869907558
869902258
869896342
869887430
869875915
869875865
869874217
869838082
869762089
869742468
869702552
869676918
869654495
869652103
869628422
869595956
869553081
869536542
869454901
869426054
869402249
869341125
869293352
869289695
869281917
869267900
869264625
869245857
869232658
869232419
869225789
869220351
869164407
869153292
869133880
869112749
869087532
869059843
869041428
868997344
868966298
868962152
868952033
868921861
868915707
868889142
868866995
868852694
868835180
868808704
868785594
868769745
868748318
868712642
868700554
868672444
868638950
868599164
868514608
868509925
868493978
868492612
868485902
868481680
868461677
868459303
868455113
868416212
868399271
868397095
868341741
868337909
868313799
868299395
868285937
868265764
868265403
868255060
868248391
868243923
868223011
868207486
868183235
868124732
868103551
868064924
867989366
867945346
867926568
867913329
867909790
867899662
867879371
867855178
867832990
867813487
867796218
867778860
867766834
867745812
867733569
867690320
867674104
867636051
867630936
867627459
867597486
867568617
867517959
867478093
867467662
867428201
867402266
867399843
867346273
867340525
867328780
867321436
867287366
867282995
867255567
867198185
867157943
867131731
867125726
867106579
867090550
867068990
867063954
867046281
867043378
866971476
866968931
866953749
866932251
866921011
866901143
866895757
866831680
866771158
866750768
866750295
866747814
866746058
866734209
866620364
866617478
866615509
866602315
866595033
866582956
866558999
866554380
866480380
866476298
866453314
866427993
866357416
866315332
866261044
866248588
866233412
866227549
866227357
866218815
866217067
866185307
866107252
866084059
866081385
866060579
866054057
865990640
865924113
865895616
865824170
865816221
865774623
865772223
865750440
865744640
865744636
865726171
865724121
865713296
865697292
865629235
865619434
865617285
865601111
865597786
865590682
865584305
865578755
865536999
865521486
865500189
865489147
865481355
865479802
865471237
865453310
865440588
865436063
865424017
865335661
865325248
865322073
865275416
865250247
865224693
865213197
865196626
865165322
865095083
865014585
864991345
864990264
864975320
864959428
864910488
864897816
864848639
864823533
864822195
864793429
864767082
864744942
864735709
864713635
864689172
864649061
864641533
864617538
864574641
864531417
864509953
864489807
864475598
864462966
864407563
864371515
864346124
864310492
864282123
864276315
864259383
864250368
864132545
864090606
864053989
864016662
864005144
864001354
863983017
863972460
863932415
863929931
863891442
863828976
863809138
863800739
863791404
863789056
863678784
863677450
863674711
863663188
863651950
863639606
863635286
863617213
863612599
863579678
863552618
863540875
863507491
863465876
863454093
863452614
863436726
863411823
863404134
863375872
863363706
863331212
863318689
863280788
863246259
863231650
863228379
863216096
863193354
863192431
863186564
863175144
863162126
863121931
863118600
863073083
863040880
863021722
863001393
862989739
862979192
862971953
862944191
862928286
862921366
862906934
862894839
862884145
862858818
862856281
862833102
862814531
862790082
862742577
862718967
862665076
862648217
862610756
862596827
862596054
862588809
862584656
862564741
862547905
862540849
862514587
862485785
862477738
862473073
862419481
862408404
862383591
862382183
862374347
862314526
862301129
862275709
862245935
862226112
862211593
862194891
862192985
862160770
862139295
862116509
862084512
862036639
861995459
861982965
861959340
861938503
861912708
861908516
861878905
861863768
861842477
861795010
861758251
861724813
861717808
861711265
861696862
861674179
861649152
861635970
861625460
861620171
861607218
861561179
861543417
861507672
861491080
861478847
861475431
861469535
861464210
861439849
861433357
861369824
861356498
861356457
861345125
861341994
861330800
861327246
861292886
861257073
861255220
861230122
861222264
861220982
861144653
861142636
861125196
861088254
861057038
861044729
861039680
860972761
860925592
860864418
860835747
860795670
860791748
860776336
860761983
860754640
860742601
860734052
860670492
860660213
860654614
860646984
860591688
860564670
860543707
860540587
860530144
860511896
860436811
860436151
860412884
860400302
860383569
860351367
860340543
860330082
860296474
860255341
860247754
860206695
860176671
860145669
860137622
860123072
860085941
860080374
859996045
859983546
859965631
859962602
859956686
859924982
859905660
859891161
859871079
859810751
859804494
859784014
859762122
859734099
859676197
859659836
859655704
859628187
859619199
859599842
859588443
859575435
859550976
859530996
859488429
859488386
859452530
859441553
859421984
859417663
859401423
859382891
859382634
859356356
859345903
859315908
859297945
859193679
859180239
859163467
859096668
859087818
859050652
859014877
858995774
858976389
858948579
858910592
858902358
858883775
858858409
858846341
858826025
858804935
858796923
858767570
858762506
858762187
858707323
858689896
858630215
858596651
858554607
858550042
858531846
858526292
858503725
858447887
858418122
858370153
858353017
858321006
858315395
858279692
858271735
858242774
858232191
858208560
858183812
858176557
858149597
858111248
858087356
858074385
858056712
858038512
858024511
857994677
857972969
857944631
857940660
857925601
857907982
857888315
857887548
857821826
857817024
857815259
857800879
857796701
857767584
857766866
857722176
857718348
857685228
857671821
857661788
857626154
857612513
857608330
857607498
857602433
857573566
857561900
857558708
857558293
857534429
857509655
857443878
857434767
857428426
857399024
857356303
857337074
857320973
857291466
857291179
857256431
857147467
857123470
857121423
857065534
857055436
857049921
857022635
856992708
856941928
856933314
856893972
856864264
856836482
856825287
856821704
856768534
856768410
856737915
856724713
856686373
856652105
856625406
856619060
856600589
856576750
856570059
856549395
856541907
856534499
856486963
856461802
856435596
856430597
856404736
856383591
856357268
856345054
856302565
856300666
856250982
856244258
856217330
856144594
856088433
856079509
856073655
856049982
856039650
856024908
855982869
855958520
855952295
855884255
855880710
855874271
855838351
855799883
855761085
855725501
855721873
855718831
855692426
855690247
855684385
855661198
855618926
855599058
855562284
855500160
855456426
855441736
855418233
855393430
855372510
855333923
855317528
855291187
855285693
855233127
855155980
855136389
855133412
855117664
855094666
855074814
855002874
855001709
854948173
854916622
854883571
854876534
854864660
854838150
854825848
854809121
854758667
854756988
854755806
854715439
854682205
854677642
854653687
854637956
854622349
854617493
854552964
854535746
854511158
854509805
854465480
854465139
854417794
854380793
854372675
854316941
854310696
854308304
854297606
854293193
854289032
854260886
854213843
854209769
854163307
854155199
854128638
854102387
854082386
854075810
854043536
853963785
853927411
853890048
853888025
853885076
853847848
853843081
853826479
853817772
853783541
853781146
853770733
853763652
853734682
853695732
853688684
853667569
853625779
853618017
853591347
853590623
853572336
853557601
853548360
853541201
853535840
853524344
853497304
853468725
853438804
853431448
853414321
853395218
853375249
853349399
853325045
853288052
853287876
853284704
853275088
853256166
853218007
853201011
853195769
853184154
853161222
853146575
853079364
853044757
853034483
853031938
853005508
852998942
852980307
852954501
852938673
852869370
852833808
852822958
852806591
852771635
852761531
852704815
852697250
852689032
852688270
852683708
852663575
852644725
852611286
852595827
852458459
852440921
852434225
852408781
852388955
852387750
852358129
852324796
852285179
852217631
852196756
852195864
852166308
852149355
852135479
852119052
852043680
852040201
852018589
851955049
851951987
851931453
851873587
851839112
851818140
851810805
851758151
851728695
851688796
851687736
851683171
851626525
851617148
851611487
851565989
851561964
851531475
851526970
851498533
851483959
851482793
851464396
851455244
851375094
851360084
851308202
851285963
851270390
851237702
851212347
851203827
851189015
851170871
851156496
851138091
851089243
851076765
851054021
850996726
850984858
850935528
850909241
850826282
850819165
850800236
850798259
850794299
850766980
850742805
850737821
850713134
850707836
850701051
850671446
850633812
850629232
850628672
850610610
850596751
850561888
850519783
850487528
850457606
850370447
850365269
850357922
850334623
850297373
850255077
850245509
850244963
850243068
850207684
850172826
850145037
850110767
850064062
850045505
849994433
849978880
849951734
849947763
849923644
849905149
849821072
849815889
849780730
849778076
849713820
849622280
849620577
849539904
849534315
849530556
849520563
849515459
849498151
849466832
849459283
849431328
849420519
849403969
849399709
849399601
849367257
849278644
849266874
849264753
849238772
849214768
849212715
849195424
849168646
849143319
849125406
849097609
849066949
849058469
849010830
848981905
848966665
848949546
848933993
848895827
848844603
848821001
848817942
848802643
848796788
848790495
848785722
848754233
848741633
848719173
848717085
848716026
848663384
848599843
848565575
848547237
848513420
848481754
848457588
848445078
848385406
848381961
848377897
848369911
848340834
848269358
848238490
848231120
848185453
848152370
848140458
848077110
848074503
848072571
848064554
848020699
848019083
847950202
847940770
847934628
847926573
847869586
847829513
847825576
847825510
847771166
847748517
847746770
847734530
847719906
847714271
847695284
847678932
847637375
847592784
847578145
847522197
847510149
847499485
847453249
847444611
847421658
847395888
847395674
847332505
847298583
847256525
847236997
847217414
847201278
847199198
847169502
847080949
847038578
847024205
847014683
847007285
846993933
846947252
846945418
846877743
846861278
846834410
846816186
846802953
846801245
846755066
846734985
846703395
846680904
846674211
846602060
846582944
846575371
846544006
846542564
846509614
846508048
846482324
846433445
846404368
846393373
846370530
846272964
846225661
846209434
846179757
846115924
846038154
846027060
846016531
846015051
845963193
845933060
845899796
845894342
845837366
845823450
845776908
845764805
845746145
845657504
845656740
845610081
845600524
845526222
845469984
845462279
845441134
845425767
845398917
845394905
845341381
845302153
845295430
845290673
845210302
845153611
845142352
845135769
845125199
845106875
845086134
845081301
845059671
845016986
844927229
844881650
844863545
844837235
844805849
844792424
844771594
844733952
844706853
844662847
844613173
844549060
844547662
844518411
844494704
844452868
844385134
844271645
844263668
844204968
844202974
844187471
844182769
844181418
844165314
844104338
844097002
844065665
843972821
843940951
843927391
843897746
843875079
843868822
843840322
843815335
843814609
843797865
843778992
843748099
843700192
843697054
843639480
843633221
843579342
843522922
843506368
843478665
843452107
843419719
843415099
843386481
843361748
843351535
843342565
843336983
843333677
843304799
843255224
843233205
843212654
843194167
843170410
843159083
843127223
843106009
843067885
843067583
843065767
843043535
843036934
843027037
843003039
842953572
842889527
842885102
842882482
842803611
842754660
842733597
842714819
842697481
842695567
842686675
842596770
842560909
842540165
842513086
842510969
842481005
842471225
842418099
842395403
842392995
842376913
842346981
842340333
842301822
842286198
842264942
842253557
842249666
842241197
842199549
842181806
842155631
842128704
842128223
842113138
842096314
842079778
842071262
842011246
841929523
841921197
841875286
841872216
841854855
841849948
841845894
841833821
841800776
841761241
841757913
841689742
841683682
841681813
841673964
841655849
841650223
841629176
841603093
841585303
841579159
841533751
841519961
841512828
841504798
841498941
841487138
841472165
841465571
841432391
841396401
841377913
841349320
841329702
841320433
841318273
841308254
841284983
841247022
841232939
841194183
841187029
841118818
841089602
841055502
841030759
840992945
840971286
840953571
840935387
840897956
840887674
840863007
840833809
840802197
840765883
840752135
840743029
840727752
840723472
840694507
840669338
840607054
840590512
840539045
840482809
840463633
840419432
840379848
840357834
840335814
840326821
840310809
840303550
840285689
840266622
840262656
840257007
840232777
840204835
840103437
840096562
840072038
840040296
840014570
839984690
839958390
839917025
839814800
839755496
839747529
839722074
839710565
839700077
839685370
839663108
839616536
839606799
839577079
839552544
839535349
839505593
839491688
839485658
839474999
839468611
839443203
839302552
839263172
839259793
839230486
839155791
839134043
839129173
839123322
839092182
839037125
839015963
838962868
838888369
838885580
838876659
838876598
838843089
838813951
838768622
838757024
838727675
838714488
838699089
838693399
838684487
838682087
838660969
838654474
838645202
838609518
838588662
838547504
838484197
838465850
838439618
838398342
838393720
838354677
838342491
838340012
838307895
838277657
838262471
838245689
838166027
838154537
838126459
838115028
838112390
838076739
838046326
838006816
837978986
837964704
837921614
837877167
837851746
837827361
837821931
837746078
837691161
837678574
837662079
837646834
837638009
837586175
837566071
837552264
837540937
837531260
837507952
837480218
837471336
837429255
837391046
837389278
837345699
837280683
837277545
837234946
837201142
837171261
837069256
837026460
837020833
837008928
836994575
836954448
836872567
836839617
836822836
836817096
836782212
836766225
836753065
836718265
836691578
836682560
836666625
836643797
836634146
836609422
836605558
836575917
836572601
836565171
836537109
836486698
836465066
836452412
836429401
836368827
836303833
836278182
836250122
836222572
836203468
836186839
836162416
836157244
836124807
836114535
836088591
836066414
836004317
835973673
835885543
835876189
835832726
835826860
835823989
835805143
835803753
835800863
835795794
835788798
835778739
835772382
835736731
835722116
835650659
835630351
835611874
835600323
835595028
835590838
835567237
835542547
835531731
835483828
835478659
835416089
835413412
835365950
835360049
835338184
835313429
835287430
835265387
835258348
835214028
835169275
835163738
835142831
835134218
835097923
835076526
834987414
834964944
834961505
834917380
834838156
834799619
834706706
834674328
834627539
834620054
834606762
834572014
834557316
834553448
834530414
834526808
834505845
834492565
834480106
834452587
834440892
834400156
834309611
834278161
834268801
834255261
834224240
834221667
834188747
834166365
834154952
834093429
834047182
834040077
834019720
833993277
833973089
833951796
833948999
833923470
833866289
833866245
833842573
833830436
833803951
833799125
833798877
833798095
833787214
833780600
833767448
833745654
833716243
833672523
833645690
833613504
833590827
833556492
833538670
833536675
833531123
833509532
833486155
833442640
833441590
833424902
833413117
833370812
833332936
833301738
833289104
833276565
833243997
833142622
833124868
833088814
833021948
832973121
832971258
832917996
832912568
832887693
832838778
832803025
832796975
832777987
832739512
832720122
832715363
832708328
832687749
832684401
832670782
832670119
832604250
832572501
832571421
832537150
832531697
832511574
832497499
832490963
832449172
832433696
832363753
832355309
832333353
832320289
832311874
832268521
832219457
832199570
832152504
832144367
832106690
832098735
832085045
831994112
831988792
831911836
831895745
831894825
831874905
831853134
831801346
831783944
831763820
831756975
831741148
831709864
831700833
831648027
831578118
831565433
831547543
831503135
831483955
831456977
831442386
831435934
831415856
831360932
831356685
831340281
831318457
831310243
831284229
831275643
831273094
831263154
831164990
831155044
831114288
831107840
831089024
831053614
830973099
830964823
830922971
830920147
830909334
830895750
830885747
830865790
830846503
830827598
830813952
830758908
830753141
830717874
830707342
830699773
830682278
830664100
830646063
830607017
830594611
830572232
830526483
830510442
830464178
830441977
830432511
830429304
830427215
830408849
830400332
830398237
830395904
830303186
830263636
830246774
830223615
830209272
830171571
830166399
830159565
830127695
830094478
830084511
830062946
830046299
830022993
829994594
829987981
829925284
829887827
829869633
829852904
829829925
829799685
829786288
829775357
829760612
829758937
829741445
829674245
829660548
829650687
829610669
829585540
829537074
829471399
829370155
829327231
829252209
829201454
829177951
829143437
829087562
829068419
829056632
829023236
828977001
828961036
828960118
828913636
828908611
828885147
828856176
828813258
828806982
828774807
828742473
828741600
828725816
828722935
828697422
828652549
828594176
828567921
828542287
828529131
828486563
828474793
828460616
828420629
828398982
828388187
828326096
828304105
828278830
828278077
828261747
828260079
828226733
828212083
828200907
828192158
828108197
828100219
828084250
828072326
828052222
828014605
827987765
827951363
827929909
827909601
827907069
827855792
827845310
827826381
827812935
827753583
827736116
827726964
827707936
827705163
827694163
827649038
827616422
827606448
827575784
827553306
827533496
827458403
827423383
827406478
827396945
827395442
827388057
827365368
827326277
827256912
827178429
827172109
827153058
827144275
827104125
827006682
826990404
826970369
826918750
826881655
826880158
826821611
826788283
826738485
826726314
826687461
826677324
826673247
826656105
826646567
826599318
826551715
826512135
826455268
826432181
826397510
826394773
826355670
826339996
826325273
826321899
826319140
826305462
826294816
826284366
826261113
826243815
826233047
826194326
826163154
826148650
826133589
826120323
826105054
826091908
826089635
826089129
826060006
826028207
826017081
825963943
825943565
825935611
825907329
825895441
825887248
825873689
825848061
825832772
825819082
825794455
825790872
825781493
825738887
825680667
825649810
825642734
825624283
825588140
825539626
825533365
825447372
825445111
825390151
825366425
825330841
825300979
825297402
825275407
825251954
825229138
825212033
825189647
825168161
825133284
825123798
825109774
825082697
825073216
825064807
825041195
825029583
825028463
825006426
824951528
824938382
824929135
824916904
824904278
824890171
824792885
824719872
824711751
824665338
824658373
824616113
824607759
824586045
824536463
824517013
824504424
824500091
824460754
824421996
824405881
824392584
824370743
824369854
824312034
824298732
824275569
824269544
824251388
824228205
824202905
824179922
824165012
824143500
824142540
824129600
824116386
824098336
824049274
823965811
823950888
823905462
823903566
823849692
823846229
823833156
823820291
823818866
823780977
823748565
823702064
823700413
823650294
823640112
823639725
823567441
823560452
823557949
823539008
823526868
823515989
823458474
823443129
823439597
823411288
823379238
823360151
823340453
823326446
823302983
823298274
823195174
823177537
823155978
823140830
823135469
823126616
823044443
823041788
822995232
822980458
822968073
822957352
822940576
822920641
822903592
822897270
822888169
822879398
822824607
822819441
822782203
822782007
822711773
822685574
822661535
822657666
822644561
822620614
822618728
822571805
822561031
822493551
822479633
822397639
822342408
822319449
822304530
822281317
822252386
822241279
822197182
822192350
822153380
822095735
822039730
822037057
822020258
821960334
821919959
821900420
821877697
821858020
821838695
821742407
821654631
821620155
821566315
821510154
821448573
821409352
821364090
821358845
821358791
821281369
821279848
821237786
821176849
821167268
821151564
821130125
821111618
821101356
821056292
820991743
820985854
820958031
820909936
820860176
820786067
820776478
820752186
820722936
820721073
820712615
820706754
820668723
820617739
820565901
820546591
820529218
820510218
820462098
820455251
820412490
820403178
820396812
820351261
820289916
820289136
820279879
820234760
820233847
820225362
820196017
820174665
820170175
820127650
820072116
820067832
819998276
819945962
819924974
819914910
819887869
819838327
819783312
819774726
819767664
819715941
819704319
819699244
819665677
819627956
819619721
819582685
819561266
819546945
819524929
819524900
819490133
819394482
819384046
819380327
819377832
819352182
819341850
819323140
819303415
819287482
819270888
819262852
819216855
819178449
819161739
819159453
819095335
819076189
819054443
819038744
819030495
819012420
819010561
818977121
818887656
818855747
818852127
818836992
818798157
818797289
818778876
818763562
818752575
818730770
818668030
818644145
818573778
818521515
818498969
818487215
818484519
818442403
818437929
818430800
818418389
818402629
818385362
818368985
818321631
818291978
818287607
818254625
818253899
818243671
818206050
818181197
818174816
818168036
818155361
818125315
818098738
818085764
818076439
818046975
818046040
818035944
818030817
817999954
817976905
817974306
817938665
817925276
817914260
817896304
817782367
817759325
817732854
817719673
817689010
817676218
817641559
817613748
817587082
817559702
817545894
817472290
817395497
817379434
817373691
817348491
817345051
817312277
817292738
817271158
817262533
817233436
817218567
817184718
817179424
817143869
817134013
817124536
817113879
817086104
817029698
816982080
816944185
816915195
816884405
816863179
816857376
816814148
816812615
816810430
816727950
816694042
816677732
816652012
816627003
816603262
816558902
816533752
816529289
816525992
816523484
816523215
816514509
816479705
816472500
816454120
816433051
816420999
816400638
816378968
816373794
816334800
816295511
816271972
816216062
816155799
816151270
816099785
816078594
816045103
816026342
816016080
816007194
816000266
815964921
815956100
815923443
815898574
815852657
815822748
815791679
815771634
815718224
815648503
815577366
815552730
815550645
815503704
815487903
815486239
815431418
815384220
815376217
815341989
815283616
815242410
815167607
815138515
815063690
815054840
815041317
815007697
814990656
814987210
814929943
814919072
814903757
814881042
814870707
814860414
814749565
814727904
814720144
814699226
814657769
814650245
814643787
814643026
814560493
814549288
814537615
814513210
814510685
814500894
814484099
814474526
814455266
814438743
814386683
814382077
814366941
814363540
814284880
814282733
814272356
814245760
814222286
814215661
814172274
814122385
814072695
814047018
814036513
814019800
813984874
813977041
813975459
813952785
813909236
813880063
813810850
813801129
813766497
813738987
813657663
813633802
813613766
813600080
813577976
813572706
813558141
813517348
813511571
813510608
813502445
813481162
813443954
813389563
813374219
813361693
813345063
813336235
813285369
813262792
813238834
813228834
813221939
813163944
813097666
813083333
813073388
813053104
812998262
812986699
812915512
812909885
812904496
812894946
812815242
812801758
812743936
812726832
812690480
812674490
812652148
812632776
812578044
812531930
812499307
812491113
812437630
812392726
812338966
812328370
812277256
812273069
812262093
812193881
812170716
812072680
812029591
812005032
812000310
811963226
811891299
811888936
811881032
811880481
811867740
811853456
811806330
811799316
811730724
811712679
811701984
811694296
811678085
811643195
811628447
811526726
811485612
811457751
811430372
811422835
811405532
811335735
811296538
811294243
811274034
811200589
811191946
811190623
811173187
811140490
811138178
811081250
811013390
810967206
810948437
810886465
810882328
810834681
810817171
810810859
810756631
810724766
810628281
810608881
810570866
810548166
810534258
810471977
810446356
810427164
810402705
810382040
810365888
810346821
810312171
810266411
810257348
810175751
810094737
810072881
810049697
810036267
810013902
810012734
809986355
809946814
809926902
809918974
809902112
809895341
809875674
809866904
809838061
809834819
809826626
809761160
809752610
809705307
809683709
809678306
809673732
809663400
809656111
809633165
809628582
809624054
809623189
809599048
809594901
809589928
809559417
809553716
809546140
809537543
809471857
809467226
809456186
809442084
809416187
809371984
809356424
809338947
809329517
809323589
809300580
809287374
809245382
809217384
809214452
809183159
809160570
809152852
809128009
809114577
809099795
809077603
809047508
809013016
808996301
808953072
808949008
808935386
808930755
808909619
808882002
808860028
808810727
808793569
808707285
808670573
808655997
808623021
808581734
808543067
808539518
808493801
808493455
808492109
808471988
808442417
808422139
808410117
808406416
808386574
808369066
808321264
808295796
808281661
808267622
808265569
808223483
808210681
808175990
808146781
808145200
808130971
808082459
808073997
808047642
808043443
808015902
807993147
807982532
807977011
807960758
807933402
807920854
807918783
807833016
807825953
807825652
807781908
807725988
807658903
807618287
807613633
807601241
807574694
807543870
807524940
807414926
807356469
807340257
807257090
807249757
807248056
807228146
807216026
807195656
807146955
807115633
807106280
807099648
807078361
807067726
807029432
806983588
806977506
806968884
806934020
806904367
806885315
806859460
806852158
806836412
806821405
806789575
806755526
806747224
806716972
806696697
806639785
806613174
806593124
806568122
806558501
806545237
806535628
806481376
806475086
806470025
806444820
806404997
806387699
806306561
806277701
806265955
806249511
806190991
806180515
806127157
806068950
806051338
806047851
806017661
806017478
805939120
805918819
805884492
805836975
805816566
805781127
805777005
805722522
805690723
805671759
805645646
805604801
805599211
805594302
805572620
805549187
805542910
805530133
805472385
805467824
805438982
805399922
805367798
805351375
805334326
805304776
805287545
805280851
805276208
805246621
805241331
805223331
805212711
805119085
805117408
805092973
805085315
805070417
804968589
804832393
804831849
804807043
804752457
804743312
804734165
804702541
804684198
804681480
804657616
804602478
804584272
804578800
804521529
804470583
804429258
804314718
804286526
804262805
804210418
804188560
804135282
804109711
804067130
804061860
804059493
804020281
803944179
803939992
803929796
803917170
803913750
803904667
803876166
803835937
803790588
803789063
803787550
803785226
803737195
803734766
803722416
803721311
803698613
803684980
803616609
803583481
803578414
803567901
803538806
803537428
803411343
803397282
803351327
803295690
803250073
803177429
803141277
803132034
803052230
803000595
802954429
802945827
802917846
802914831
802874952
802865435
802807611
802788334
802733724
802727037
802718532
802692967
802689926
802662102
802595937
802593436
802566379
802519377
802513960
802466515
802436924
802379115
802351550
802338138
802328991
802266178
802251822
802197800
802132605
802130573
802102501
802095517
802079045
802037767
802032847
802021124
802019290
801992434
801948668
801915081
801902209
801811923
801753805
801620876
801618664
801600077
801570173
801531547
801485140
801477797
801448724
801410885
801394563
801390659
801382329
801374471
801347487
801306144
801265688
801189607
801164459
801146901
801130314
800934630
800922029
800829246
