999998956
999952033
999931346
999928326
999927712
999903715
999897953
999892546
999883004
999858948
999852130
999852011
999834861
999776758
999764761
999748481
999737660
999709435
999687025
999680945
999644182
999639174
999623321
999618635
999616775
999588006
999587589
999585036
999563616
999561582
999538416
999527306
999515607
999496696
999488021
999463582
999454798
999427110
999420459
999415572
999401762
999377272
999373044
999352908
999350776
999310062
999291285
999290275
999283132
999259035
999242007
999235075
999230160
999211691
999202517
999174420
999164910
999143838
999123956
999115228
999111444
999105615
999075452
999059596
999050912
999037813
999013018
999006296
998997946
998966364
998963331
998959173
998952803
998938197
998931883
998891400
998881379
998874850
998854939
998841011
998825949
998813030
998800070
998762342
998758836
998728117
998720389
998714790
998656594
998656222
998645104
998640311
998635142
998601056
998597548
998582535
998569221
998566559
998548836
998528419
998520484
998518690
998505363
998505060
998495517
998493782
998493064
998456929
998443906
998431243
998431143
998427535
998422762
998411738
998398756
998369751
998348718
998347804
998347521
998344840
998343544
998336589
998325414
998324763
998324397
998301388
998262511
998248521
998223271
998218245
998210218
998208072
998197299
998196785
998196026
998133958
998103349
998098341
998072843
998065154
998048896
998031751
997993899
997987699
997987614
997934502
997885781
997840209
997828625
997821090
997814384
997786938
997778811
997776813
997764246
997760128
997750069
997724873
997692505
997662587
997650250
997647061
997644009
997643139
997623333
997587872
997565804
997562986
997526511
997518446
997505556
997488747
997487883
997467270
997447572
997434558
997430056
997429533
997395887
997376146
997357749
997354247
997346598
997342933
997329939
997297369
997286090
997282197
997273687
997243606
997208744
997197976
997172591
997160134
997154650
997114581
997096667
997071917
997067731
997066270
997055009
997044519
997042055
997028626
997026262
997016147
997014580
997006078
996998929
996983927
996982719
996979765
996972941
996967286
996955717
996950851
996936002
996894326
996885714
996872806
996855452
996830708
996825286
996809759
996782055
996773220
996744510
996738996
996733969
996722474
996718773
996717944
996676720
996669173
996638359
996615448
996600540
996590168
996570883
996525767
996522137
996516959
996493200
996479287
996476190
996467683
996435589
996433564
996429217
996419109
996389658
996349516
996318487
996284391
996283382
996256230
996229405
996225630
996221117
996210569
996208767
996184065
996179369
996145847
996121213
996092143
996058572
996022072
996008145
996000271
995999860
995960602
995941805
995903654
995891738
995885762
995882515
995845304
995835566
995832830
995799055
995792216
995792141
995788276
995782898
995761805
995704501
995698516
995671109
995659119
995655371
995637259
995628845
995620900
995615774
995594751
995593674
995580718
995579687
995562847
995553930
995535306
995532504
995527101
995511349
995504895
995500651
995483809
995470426
995454932
995421805
995399881
995382847
995381901
995380810
995319786
995294381
995276736
995271378
995267985
995266142
995259501
995235350
995222717
995212657
995153443
995151959
995126614
995126042
995114683
995100617
995096033
995093891
995088121
995086877
995056128
995055955
995041149
995025237
995022960
995020134
995006179
994996704
994991910
994967542
994950624
994947459
994918580
994894313
994890349
994876969
994874235
994866204
994802325
994781348
994775922
994770082
994714215
994697455
994691566
994689348
994672778
994661238
994621509
994580564
994577561
994515174
994510648
994487089
994476306
994457047
994452297
994430822
994418268
994407151
994385379
994380729
994380505
994366645
994363902
994329787
994314513
994234422
994208624
994195981
994180949
994164178
994162418
994153323
994143751
994143174
994141014
994139023
994135527
994133562
994129124
994063994
994055464
994041974
994033199
994025988
994022605
994021842
993993993
993991859
993981875
993969099
993910853
993850885
993845385
993821105
993770503
993757595
993745103
993739682
993648394
993633666
993608954
993598922
993569368
993535959
993482062
993436263
993421729
993419567
993404099
993387779
993359850
993327984
993314928
993273114
993257500
993231121
993195706
993161710
993152566
993123896
993115066
993098102
993071053
993038652
993036354
993014549
992994195
992963373
992961963
992947451
992938528
992909857
992892220
992875507
992842758
992837122
992827643
992807101
992789397
992773687
992767864
992747443
992744222
992725292
992718924
992716680
992691846
992682314
992681839
992674548
992640983
992633274
992630012
992591095
992578755
992545891
992534560
992487293
992484932
992477257
992450360
992447723
992426756
992415137
992415095
992408475
992355400
992354816
992337712
992325940
992294983
992234443
992181998
992167546
992166826
992115470
992102086
992099060
992062480
992003706
991999250
991988860
991978401
991971154
991935454
991908252
991892580
991871210
991858172
991846089
991845476
991803615
991794342
991776326
991746412
991730780
991699099
991650838
991646558
991642611
991629630
991626832
991619301
991613034
991609815
991595851
991593099
991580348
991564645
991533002
991529037
991528521
991521176
991507960
991500360
991496977
991486099
991458654
991445491
991416103
991392358
991374423
991373617
991366409
991363010
991304322
991280668
991267910
991262319
991248281
991220175
991213573
991202001
991197806
991193952
991180897
991174247
991171143
991167115
991159513
991146750
991142980
991096022
991089742
991077246
991075819
991057717
991007953
991006972
991000136
990988852
990986687
990983465
990978960
990964797
990963730
990960936
990930427
990917675
990915759
990909137
990893411
990891649
990850889
990841169
990807524
990798175
990795031
990782534
990771453
990767365
990754176
990722634
990709518
990698480
990675704
990661263
990626350
990606432
990586683
990565282
990559461
990520861
990511008
990506894
990489531
990482483
990455318
990440509
990436104
990429523
990401942
990388437
990371839
990260905
990241406
990237571
990232640
990216776
990207510
990204085
990177694
990162786
990159574
990132630
990129897
990116657
990108515
990097705
990097638
990085404
990066274
990028777
990027397
990015963
989993285
989991526
989989300
989989023
989981885
989943449
989931944
989928202
989911904
989860405
989826985
989817428
989802640
989782277
989757078
989707870
989704515
989687578
989684520
989663829
989657981
989646317
989646169
989617906
989610223
989609428
989589072
989574700
989571323
989533853
989519659
989504662
989474433
989461308
989456049
989454262
989426965
989426505
989403672
989403191
989387851
989366840
989324529
989312564
989311187
989303286
989299606
989279073
989259255
989243849
989243318
989213541
989194858
989186372
989153978
989118933
989088203
989081208
989079551
989065504
989065327
989041873
989008982
989001394
988996794
988992468
988983391
988982547
988958071
988945751
988943740
988932501
988910310
988909312
988908806
988887452
988885454
988830179
988821761
988808540
988801103
988725202
988699773
988631571
988617378
988615161
988588122
988573346
988521142
988514292
988492349
988469244
988447794
988432325
988429784
988421916
988410717
988406018
988395298
988386601
988377071
988371718
988370357
988331961
988287983
988267557
988235559
988187780
988159656
988139392
988138647
988130404
988089029
988082229
988060022
988047676
988044372
988037780
988036447
988029721
988015932
988014766
988013999
987983660
987961905
987928772
987913158
987900103
987891972
987887135
987870856
987852427
987833441
987832134
987825330
987811742
987810689
987795492
987782596
987761476
987755030
987723477
987699452
987697014
987691589
987688678
987673333
987643624
987630234
987627753
987619799
987611765
987587252
987583899
987583849
987568904
987555958
987530474
987498293
987497685
987471089
987454649
987454304
987441666
987431825
987426357
987421817
987405368
987401524
987388958
987383217
987376890
987359745
987347677
987347609
987332709
987302026
987297895
987281581
987218867
987217212
987208942
987187780
987156429
987149370
987148300
987120624
987083199
987082206
987031242
986979030
986952952
986890360
986869890
986869101
986865655
986854699
986849320
986840522
986826065
986821057
986815680
986745940
986743202
986737301
986733944
986733619
986722463
986706606
986690798
986641842
986635302
986630872
986620768
986597417
986590677
986568489
986526038
986509240
986487348
986473655
986467098
986440229
986401247
986379452
986379084
986344784
986319718
986284888
986277060
986263715
986260887
986238664
986221367
986220707
986220444
986212785
986209377
986156420
986146266
986143869
986141920
986127188
986109666
986068781
986040768
986035114
986002689
986001585
985992320
985960544
985932256
985925961
985920684
985894991
985891820
985887256
985873107
985866240
985855422
985805006
985796664
985779258
985777508
985774679
985762755
985699803
985661105
985621622
985586331
985577355
985564430
985546011
985528042
985501494
985489941
985461390
985414803
985409095
985388984
985387613
985363213
985341412
985322973
985311028
985292804
985285953
985280068
985243587
985233372
985226007
985185656
985182582
985174484
985157055
985113123
985103993
985092441
985088284
985075326
985072474
985071204
985061931
985056009
985037717
985033624
985011162
985003037
984996983
984992648
984990395
984985193
984981362
984969125
984959761
984941343
984926621
984920529
984918545
984910788
984881398
984879415
984871264
984831346
984816798
984802459
984781262
984766665
984734511
984727605
984684447
984668840
984657601
984636262
984601659
984595511
984589139
984578418
984572394
984549035
984505697
984482623
984469177
984457817
984440561
984419120
984416975
984378490
984372670
984316758
984316474
984272764
984267841
984267780
984258376
984256650
984247115
984239975
984210240
984207250
984128709
984127282
984112106
984075333
984063118
984056920
984032295
984016042
983989709
983979911
983969561
983946137
983937155
983933591
983930702
983914935
983889202
983883978
983873735
983868667
983864206
983846716
983844050
983837100
983788348
983784191
983745171
983717593
983702727
983696590
983658199
983652431
983652142
983642966
983640781
983627267
983610878
983602315
983572451
983566789
983560720
983548876
983535449
983530598
983524286
983513463
983507581
983481702
983447449
983446716
983441126
983394870
983394415
983366501
983336754
983308965
983299601
983298905
983278061
983254236
983234477
983228003
983193080
983146427
983132198
983129251
983107695
983087594
983078836
983078459
983048837
982927905
982904773
982873449
982869485
982861497
982854053
982842789
982838704
982823737
982810805
982793879
982788005
982776870
982772160
982739220
982704045
982701799
982694523
982675342
982665799
982639140
982611948
982610474
982602606
982590762
982570223
982569112
982561270
982539393
982532279
982531566
982526370
982506970
982478881
982461645
982430585
982413420
982405744
982398314
982390297
982388891
982380051
982355229
982329132
982302629
982300356
982279615
982263484
982239883
982238450
982226971
982204527
982193497
982165521
982162779
982158865
982156327
982137928
982119021
982117839
982114487
982097637
982052143
982048945
982035167
982030881
981999973
981998383
981976871
981942383
981922094
981910614
981870495
981843868
981831352
981803035
981781527
981779822
981777084
981745314
981738556
981694796
981675473
981644411
981623489
981606754
981591666
981584421
981564315
981560493
981542706
981540922
981513008
981509260
981507050
981501265
981480031
981425816
981424196
981418153
981414700
981413554
981399555
981393940
981372977
981314432
981287498
981275825
981244107
981226416
981216765
981200168
981178040
981164716
981152853
981138422
981108515
981102125
981072881
981049217
980990221
980985410
980956703
980929901
980861886
980828446
980828030
980819377
980814455
980800608
980796000
980794250
980778816
980768732
980749170
980735110
980730906
980679026
980666345
980646597
980639650
980617849
980605211
980594725
980590717
980555000
980538582
980490954
980434470
980429183
980395479
980391764
980375130
980372092
980314519
980303713
980222854
980222528
980215402
980195283
980187256
980182087
980156040
980154682
980146427
980145773
980109479
980071457
980067107
980050233
980019532
979992313
979979496
979970702
979888777
979837723
979821115
979812228
979772737
979669557
979666638
979623005
979615444
979607232
979589296
979584712
979547014
979544667
979528747
979524967
979515254
979506874
979479823
979465081
979455165
979438020
979418375
979398271
979360744
979359706
979356866
979330591
979317265
979295488
979292859
979286954
979286885
979251099
979248461
979247893
979229472
979216286
979209805
979191674
979190584
979172969
979161550
979136792
979096532
979088023
979059779
978998891
978989188
978938770
978924267
978900351
978898259
978874976
978849206
978827841
978815566
978810490
978795921
978763714
978761382
978759826
978726007
978718277
978701538
978678579
978668841
978660224
978632667
978625291
978614069
978591226
978561124
978555625
978551909
978548918
978536578
978532011
978527167
978503421
978495079
978487735
978482369
978481689
978435466
978432688
978428144
978422806
978386343
978383913
978343865
978342010
978319504
978310885
978288699
978269169
978266826
978254628
978241162
978239928
978205048
978188690
978178105
978142077
978103753
978091905
978087397
978033433
977991067
977984853
977957138
977921108
977895995
977893240
977891232
977834189
977830750
977819921
977813366
977810075
977794412
977779943
977765700
977759191
977725088
977721133
977696300
977669334
977666364
977658161
977646877
977635491
977621635
977586692
977554637
977543895
977540102
977535013
977529279
977524540
977503443
977497954
977454945
977443716
977434020
977425219
977359108
977357297
977354405
977343348
977306853
977279924
977267500
977261745
977255369
977243226
977241809
977228533
977227787
977199227
977176247
977131047
977104256
977099012
977089485
977055036
977024276
977017148
977013688
977012915
977003386
976978244
976958701
976954338
976938625
976923526
976913133
976908769
976874961
976872484
976823286
976817537
976807680
976803718
976757496
976741202
976723054
976715257
976670984
976645201
976637730
976587514
976551281
976528354
976510374
976508308
976491290
976446845
976436532
976418677
976360338
976349904
976337394
976330321
976287654
976233633
976227852
976213724
976160344
976114357
976109527
976108544
976083382
976075156
976074577
976073272
976014121
976012401
976007493
976000337
975986739
975983514
975965271
975939679
975937057
975926029
975906063
975889461
975883301
975876392
975847795
975844401
975808289
975793970
975789922
975784775
975771157
975728097
975723916
975718754
975710713
975693299
975679618
975675923
975667517
975654118
975639797
975608339
975601187
975584169
975572944
975530705
975479619
975440100
975418206
975415689
975392098
975382342
975381384
975375609
975361586
975359954
975335656
975315715
975308313
975268709
975189491
975175420
975166381
975163820
975132333
975094435
975083716
975082116
975065122
975055368
975046367
975025308
975011340
974995905
974984665
974934573
974923978
974916340
974905317
974889330
974884946
974874573
974850033
974843092
974815464
974810355
974788314
974742921
974732070
974729904
974696034
974696002
974690386
974672023
974640128
974637883
974594341
974559182
974519061
974517879
974511888
974499121
974497897
974476310
974438302
974411907
974401666
974387812
974357112
974331916
974330211
974287251
974252610
974222015
974206625
974171775
974171573
974167905
974146706
974134417
974102075
974080180
974078149
974064146
974039572
974031493
974025917
974005230
973975518
973897411
973891269
973802921
973788918
973773109
973761765
973738288
973734614
973731018
973728813
973710751
973637352
973612366
973605754
973594074
973575842
973567293
973558592
973540134
973538276
973533190
973525674
973504509
973500466
973446553
973435624
973421767
973401943
973385387
973359211
973319620
973316852
973316132
973291406
973291028
973283532
973274657
973271657
973257162
973253960
973245578
973242698
973233326
973208511
973178048
973161995
973084854
973084743
973048830
973038045
973032130
973006966
972971313
972968281
972956572
972940229
972906962
972902989
972890775
972886931
972879107
972841212
972757120
972718834
972699896
972689064
972673163
972665287
972566663
972545961
972541694
972534903
972509455
972507704
972490062
972474969
972474755
972461169
972407234
972389699
972385765
972349444
972331427
972327621
972322607
972316474
972313841
972309144
972295640
972290300
972283213
972268747
972264099
972249212
972247141
972239612
972223741
972186022
972177546
972136461
972134013
972113239
972109761
972103258
972090713
972089409
972078269
972011406
972000532
971998839
971997752
971942478
971898875
971862096
971858856
971824574
971819629
971753961
971742393
971736667
971718559
971701798
971662340
971650981
971647941
971604992
971594739
971577334
971553518
971553176
971507225
971503762
971490248
971462454
971443205
971440188
971416144
971407092
971342725
971334847
971315395
971313146
971268424
971253498
971243114
971214915
971175626
971162091
971152824
971151945
971120867
971052567
971049051
971047405
971013506
971004663
970978995
970949422
970948024
970944490
970933272
970875567
970859244
970846612
970842217
970838936
970821706
970803846
970772551
970761952
970734614
970724411
970720871
970709698
970682322
970676289
970668926
970650679
970647906
970641369
970636608
970633642
970632650
970613288
970608806
970600143
970587088
970519507
970444093
970418358
970400015
970384733
970371801
970360792
970342480
970325189
970274085
970263780
970255769
970201661
970177966
970162016
970156010
970153776
970133135
970054178
970045167
970042637
970020518
970019012
969982272
969967184
969949346
969948417
969927300
969918003
969913512
969889263
969887740
969867939
969860367
969859913
969821696
969813359
969805705
969783649
969755788
969748612
969725762
969716918
969709973
969666386
969654530
969643953
969599480
969557821
969515715
969510736
969484594
969474229
969448333
969394804
969339739
969333173
969300036
969272120
969258774
969237361
969228127
969194845
969193516
969183717
969176562
969157154
969134497
969134452
969119080
969093089
969067209
969060766
969045051
969034419
969021237
969011984
969010697
968999922
968987590
968964009
968933844
968893384
968882069
968872794
968864217
968855246
968842639
968841723
968781509
968755523
968746116
968734295
968716605
968668318
968627939
968626272
968620592
968599054
968586456
968575567
968524508
968502482
968498459
968475728
968448788
968420221
968380665
968362846
968361909
968360915
968349684
968346289
968330144
968315923
968290481
968290220
968286003
968269510
968269271
968259017
968242838
968180157
968149042
968147997
968145704
968107937
968023212
968017631
968004541
967999524
967938472
967911699
967899950
967860099
967806979
967783566
967779278
967778744
967740173
967733354
967732024
967693591
967648888
967642889
967604110
967588479
967583197
967562813
967547512
967530476
967525249
967516545
967489625
967480718
967478329
967456961
967437102
967398258
967384027
967364017
967358847
967322458
967312450
967299211
967298224
967287926
967285726
967272635
967270227
967252696
967246832
967196398
967195371
967184910
967182618
967110586
967101559
967072301
967069755
967053002
967033318
966969160
966943866
966927947
966917405
966887166
966871205
966843400
966840204
966803966
966793068
966786991
966745394
966739375
966737083
966724157
966678505
966676691
966673234
966651447
966639542
966628929
966612883
966595914
966586151
966570316
966569306
966552453
966522927
966514910
966450664
966434628
966431712
966410902
966406310
966405791
966400338
966334992
966332235
966325027
966293445
966260456
966254470
966254041
966239915
966225383
966201874
966183383
966175135
966168255
966164412
966109079
966068552
966060058
966052232
966022659
966015077
965998381
965998366
965970877
965944827
965940476
965918639
965902819
965891944
965872939
965837791
965833631
965790921
965790640
965739231
965707012
965698812
965663963
965643598
965631888
965613949
965572256
965561897
965495389
965476891
965430588
965421622
965408473
965396638
965395518
965386736
965267011
965232265
965182950
965164864
965160082
965157191
965140843
965121866
965082021
965046561
965036245
965020806
965020248
965008220
965007582
965001129
964983217
964975926
964969855
964969423
964939314
964920329
964917169
964879413
964862607
964857441
964856974
964828555
964817747
964789485
964755826
964737629
964722724
964713185
964700268
964688211
964669508
964663912
964616983
964589905
964559853
964544087
964540702
964499655
964486322
964469561
964450328
964415425
964396976
964378402
964372121
964350509
964319561
964318796
964277128
964270564
964265941
964177962
964151045
964119668
964108796
964062950
964051112
964044151
964032359
964007703
963994552
963993330
963982014
963949789
963937850
963921456
963913532
963892696
963864535
963857073
963843863
963841447
963838928
963805037
963795907
963783830
963775031
963770546
963767227
963745291
963726744
963704228
963694315
963652708
963650152
963641308
963630618
963581599
963578815
963561932
963543494
963522468
963515072
963513410
963511895
963507322
963497351
963471619
963462604
963461370
963453740
963450704
963433396
963428968
963425766
963420072
963366868
963348952
963326531
963315652
963280903
963255880
963236827
963206246
963206058
963203174
963194843
963193362
963178129
963170709
963126766
963107702
963100259
963088742
963071342
963069062
963046161
963036285
962998605
962967059
962929093
962922759
962910446
962903596
962846305
962813370
962812168
962807858
962807841
962798714
962771170
962770027
962755640
962750080
962744840
962737811
962736470
962726889
962724496
962702389
962671656
962654371
962649975
962631285
962628019
962626993
962603090
962598076
962586265
962576702
962548842
962531131
962514798
962508711
962507975
962498168
962490341
962467890
962442023
962438621
962416919
962416073
962412964
962376518
962359933
962343753
962330790
962318798
962314801
962294833
962279927
962224584
962217662
962214881
962199056
962175054
962162716
962158861
962153251
962129232
962099222
962097689
962094257
962089587
962088375
962086156
962076881
962063331
962030708
962005849
961993782
961970548
961956182
961926986
961859595
961857044
961838930
961779654
961764136
961758157
961725081
961705592
961677248
961624221
961623560
961601078
961586237
961555858
961548752
961543044
961496757
961496161
961490284
961486111
961471089
961466492
961456023
961447052
961418290
961397523
961392805
961361626
961355954
961338896
961319086
961313727
961305267
961299619
961296680
961296578
961278277
961237665
961237053
961230543
961219418
961171565
961168398
961164165
961147761
961142938
961129944
961114375
961091098
961080493
961050921
961008208
961007801
961005547
960958791
960943842
960942323
960940907
960928516
960896557
960886741
960884051
960856393
960844380
960830034
960825423
960812006
960803258
960776043
960764825
960737437
960735248
960727117
960714684
960702861
960688209
960669922
960627972
960615803
960613407
960607954
960606993
960587661
960571238
960546450
960545851
960532028
960527709
960521445
960521274
960516600
960497728
960475171
960443930
960436384
960422474
960412339
960402109
960399327
960397521
960394803
960391154
960324177
960265107
960263401
960262638
960245116
960244610
960178473
960158883
960130497
960078446
960049711
960044271
960033001
960019976
959987229
959962733
959956782
959942472
959926733
959913141
959889949
959859116
959840991
959839101
959836083
959806654
959796414
959772406
959738493
959736851
959732686
959691118
959656378
959643826
959642308
959617527
959600770
959594405
959581988
959549000
959541344
959529993
959501031
959487310
959479986
959465694
959454677
959439341
959438676
959409892
959400668
959398429
959372474
959361616
959346706
959343171
959340337
959316744
959308392
959283129
959277724
959266930
959241232
959236031
959223907
959182822
959175850
959172036
959156139
959144721
959101445
959083178
959053781
959023030
959004450
958976963
958954043
958946879
958929152
958928004
958927360
958904910
958897084
958880134
958855592
958809117
958808039
958802255
958765345
958746733
958722716
958712806
958709153
958706362
958666731
958656465
958618674
958614194
958592758
958584562
958573761
958568879
958519728
958496337
958428587
958417757
958415764
958358260
958357602
958333726
958288223
958278697
958254719
958235448
958212881
958207200
958175784
958134677
958104141
958069598
958067136
958041649
958035725
957992450
957947583
957942164
957922639
957902197
957870221
957848238
957846800
957811710
957783572
957771683
957762915
957753965
957730707
957729635
957717295
957711438
957702137
957692061
957657258
957624142
957606327
957581735
957558345
957538242
957526717
957513192
957485768
957476680
957473497
957454949
957443005
957412944
957388675
957361945
957355581
957343817
957328832
957326817
957319753
957304361
957268150
957251448
957206015
957201896
957198342
957193137
957186411
957177854
957171857
957154453
957143198
957137831
957081657
957054824
957049452
957036011
957028062
957009720
957001717
956934119
956919134
956918179
956908836
956888112
956859615
956858513
956840082
956831587
956825865
956821283
956820286
956814424
956810110
956762802
956743209
956689276
956625313
956610178
956587129
956572308
956559753
956544568
956520549
956519610
956506170
956486064
956459609
956403969
956397618
956384840
956364743
956358943
956329954
956329320
956312716
956301814
956294854
956274210
956270662
956227257
956214776
956191930
956178740
956150046
956135904
956108948
956106361
956104120
956095514
956087080
956061430
956052733
956024118
955994810
955985674
955971036
955947024
955945982
955939089
955923436
955909775
955898058
955871558
955843912
955843864
955834855
955830423
955794076
955766438
955705618
955686815
955661144
955650664
955613309
955574988
955541350
955540483
955530898
955521252
955521246
955504329
955489035
955465470
955414295
955410053
955398328
955391532
955390845
955368852
955345968
955341330
955341080
955323354
955295915
955280388
955277035
955269930
955244964
955226538
955218918
955195741
955170930
955137443
955099260
955084731
955044814
955024752
954980460
954933539
954909234
954882514
954868151
954817892
954809881
954791064
954789324
954778087
954763847
954762471
954748136
954737442
954718918
954712321
954700896
954698278
954681694
954661568
954639801
954627081
954614787
954594763
954579011
954563216
954518347
954497942
954496893
954481447
954464073
954452416
954449244
954446511
954443086
954420889
954406209
954379066
954344504
954323609
954315280
954309768
954301316
954293273
954276777
954252846
954230600
954223800
954223413
954204402
954188128
954145340
954141354
954105835
954079765
954058452
954018982
953997985
953965513
953919721
953898843
953898277
953886525
953877146
953873139
953868651
953828069
953811855
953797315
953783269
953768552
953766407
953730832
953726730
953657519
953642927
953640669
953632575
953609361
953577965
953548734
953537406
953505803
953504112
953501726
953471106
953468883
953467067
953454425
953418044
953388051
953355268
953327238
953323307
953312273
953299338
953278302
953253991
953231711
953204884
953184269
953145823
953138471
953123261
953121162
953116187
953073788
953068167
953063070
953052590
953047410
953025812
953019582
953012069
952992365
952989453
952986858
952976768
952947547
952898411
952889563
952867886
952866336
952842078
952841945
952804809
952791615
952781569
952769549
952750349
952734697
952699080
952661562
952660366
952642211
952632467
952599941
952585275
952580600
952551759
952500324
952476157
952458018
952455168
952437623
952334782
952305319
952297894
952290030
952281947
952258797
952240577
952216549
952205505
952181186
952170541
952120458
952105537
952102510
952085638
952077637
952073463
952030358
952020633
952017997
952008699
951989515
951958288
951951257
951936563
951930481
951896894
951877630
951872672
951861264
951860558
951850518
951834079
951809122
951801014
951787724
951787557
951777875
951754185
951736999
951735365
951728759
951727189
951724036
951705559
951662015
951647327
951638981
951622316
951612063
951583742
951579826
951567277
951554081
951498089
951471049
951450416
951415550
951413774
951398185
951346798
951344403
951332820
951315790
951285890
951258749
951247485
951239089
951228008
951216539
951215666
951204668
951201171
951169107
951152140
951098616
951094698
951069255
951036761
951028726
951014129
950997874
950938276
950934071
950925173
950909103
950873700
950856935
950809320
950805630
950792630
950788383
950765127
950760323
950725148
950700558
950687075
950658534
950614830
950583172
950570268
950552678
950549614
950534036
950497292
950467636
950427702
950423731
950422013
950363830
950360235
950359877
950357027
950355261
950341702
950336137
950321915
950288347
950284983
950265176
950239302
950212847
950209207
950207265
950205939
950166523
950158503
950153225
950113469
950104613
950082063
950069099
950041318
950024199
950004542
950002825
949974556
949939443
949915423
949894138
949888720
949862598
949832011
949802928
949784517
949781990
949763129
949747680
949746590
949719255
949707206
949631317
949621675
949618774
949594920
949590069
949572333
949553643
949517733
949469702
949467505
949426755
949401845
949395618
949372805
949365530
949347669
949327559
949308933
949266609
949216627
949198392
949197201
949186192
949163286
949145103
949143179
949083374
949064201
949045402
949040368
949028510
949026974
949000153
948996877
948969751
948928669
948919223
948909489
948897008
948887161
948861718
948839484
948800107
948787286
948785873
948766487
948756956
948734689
948733247
948732637
948714650
948688574
948662655
948655037
948646576
948621459
948607519
948603944
948590109
948579329
948572516
948543062
948510068
948482604
948463157
948460455
948460274
948439518
948422558
948410756
948379923
948322676
948315314
948289604
948285059
948258078
948237181
948163882
948152113
948137391
948110357
948098596
948087979
948068377
947989160
947963416
947945944
947942801
947935768
947928843
947908768
947900731
947899433
947896126
947878015
947866424
947827077
947817090
947786027
947758232
947731560
947723964
947711890
947665259
947634462
947603413
947527661
947522401
947512795
947493534
947476024
947448828
947445751
947429230
947428324
947427263
947419877
947418324
947402098
947396617
947381855
947375340
947365565
947332439
947300848
947300078
947294663
947273377
947260946
947259286
947249566
947240171
947221181
947209831
947144357
947130481
947118267
947108234
947072735
947071528
947050695
947030304
947027521
946958369
946956001
946939668
946931271
946926419
946909884
946865694
946837436
946823142
946803619
946788419
946777657
946775033
946755487
946755393
946753151
946752917
946738203
946706789
946687254
946672410
946659613
946647946
946626735
946499483
946481233
946477088
946470944
946444130
946399416
946393634
946337744
946313081
946305665
946267744
946248555
946224614
946223002
946215721
946194326
946171484
946139044
946112212
946076098
946043056
946034337
946021580
946015760
946012840
945937403
945933215
945897460
945896910
945888253
945859269
945854967
945843212
945816415
945784889
945771887
945758261
945731448
945715097
945664339
945629792
945627699
945566977
945557122
945536522
945484805
945455873
945435284
945434777
945396015
945373891
945348661
945332823
945316873
945288524
945256206
945226305
945197479
945161651
945144372
945135677
945122529
945120294
945103156
945101233
945092368
945086002
945058360
945026755
945014043
944999869
944977578
944940500
944917527
944857377
944836308
944824061
944804292
944782364
944753223
944730351
944716922
944716304
944686227
944683916
944661068
944629705
944624091
944613588
944594349
944556416
944555854
944542680
944537024
944523925
944516272
944434497
944427946
944405608
944371104
944315514
944283417
944281212
944279639
944235884
944225412
944151175
944140940
944120480
944084827
944077239
944069640
944058235
944054277
944034060
944029047
943983348
943956802
943953652
943948720
943936805
943908072
943889819
943821592
943808919
943794909
943778675
943757428
943751000
943737764
943720489
943650291
943642649
943635821
943607823
943583308
943580784
943566638
943566390
943566192
943555609
943547108
943519534
943505709
943495385
943487583
943420446
943398306
943374861
943373234
943361400
943353486
943338948
943321988
943308153
943301603
943269915
943269124
943232823
943219227
943200246
943152563
943124323
943109206
943015478
942997911
942981196
942936456
942931663
942914345
942888188
942880266
942876409
942872133
942869516
942867114
942865120
942834889
942826787
942798819
942784125
942771831
942748353
942739716
942724022
942712390
942656912
942655559
942641005
942639855
942632818
942568405
942556144
942545482
942529609
942509960
942456304
942454794
942449866
942408515
942395072
942363223
942352213
942343844
942265565
942257124
942248857
942242980
942192223
942166903
942147388
942118554
942111419
942103099
942054633
942031515
941997606
941989343
941964380
941945211
941943697
941926518
941918553
941900679
941830129
941823857
941800703
941784296
941767153
941729282
941724897
941713486
941712237
941706865
941699767
941673846
941662610
941634744
941626348
941602208
941589315
941574514
941566501
941562674
941562008
941542392
941521443
941510002
941505802
941487828
941474501
941471168
941404395
941368551
941336257
941263890
941258290
941247238
941208375
941202507
941177981
941139315
941137785
941130220
941096238
941086378
941021489
941020585
941018464
940977093
940971885
940949186
940929216
940882163
940856124
940824855
940819967
940807046
940783995
940783079
940725824
940717464
940713872
940700967
940684705
940673361
940672837
940663564
940660084
940612495
940590579
940585324
940565611
940550219
940539101
940523084
940510987
940445309
940435600
940434145
940421626
940409087
940399576
940388945
940330844
940317475
940315034
940298903
940273805
940229299
940178031
940165381
940157131
940142282
940136722
940130898
940080073
940078193
940049308
940043769
940034232
940007536
939982581
939969816
939930346
939897920
939876944
939852905
939850554
939846701
939826748
939803496
939782197
939779903
939756264
939716816
939687689
939674036
939621128
939610709
939593554
939548307
939533063
939518929
939514006
939486349
939461128
939446251
939439353
939432766
939420235
939405383
939380974
939379974
939321762
939280864
939251879
939218921
939184147
939170886
939118711
939107266
939056382
939028455
938995282
938992844
938977521
938962017
938942145
938935931
938932806
938908918
938887259
938879306
938840730
938814430
938778919
938767338
938745567
938745146
938730765
938726481
938688451
938672699
938661166
938611222
938610096
938586303
938563630
938508091
938470852
938376854
938361505
938352365
938346768
938324810
938282759
938264342
938259114
938226296
938225921
938211691
938183065
938180610
938175870
938172462
938167025
938163359
938124832
938118666
938085376
938066449
938049023
938047851
938037786
938037282
938022832
938020493
937982976
937968685
937937904
937927213
937877970
937874364
937854914
937809617
937802918
937753568
937745114
937733589
937695919
937690303
937690162
937682474
937585528
937563218
937554867
937539173
937519697
937476464
937461726
937453726
937442729
937430368
937428981
937428879
937428348
937425222
937401603
937373713
937324912
937314089
937312664
937312185
937291359
937288242
937274454
937217866
937205502
937204684
937199743
937191367
937180590
937175854
937166695
937125137
937106590
937101430
937085782
937072494
937057057
936957838
936954498
936936917
936862744
936853811
936803918
936781369
936755613
936731853
936723963
936711724
936692464
936681042
936676681
936676145
936648767
936642713
936632232
936616897
936614564
936598408
936596503
936579236
936578556
936563036
936535210
936495547
936487942
936474145
936424328
936423327
936391736
936355454
936331301
936298184
936280527
936257016
936245191
936244287
936239299
936236757
936204092
936194186
936146566
936138230
936124998
936105791
936098215
936092825
936047093
936024464
936017944
936012586
936000428
935958999
935949000
935900398
935895863
935891984
935873474
935872291
935855353
935831275
935810757
935808948
935776047
935773740
935766040
935735595
935720526
935677498
935651601
935648393
935597960
935548685
935538716
935506513
935489080
935487834
935482804
935474866
935395379
935393767
935353801
935329799
935318433
935266607
935239743
935205899
935177191
935155595
935131517
935122527
935077764
935055085
935040935
935017349
934981715
934970116
934948677
934942095
934909037
934867052
934852628
934837804
934804928
934787673
934776334
934762979
934734752
934724988
934678436
934665738
934640899
934630253
934608113
934604802
934599985
934577274
934558082
934533428
934528670
934523260
934494142
934474934
934457632
934453553
934439451
934385465
934351107
934328378
934321486
934300154
934286294
934241697
934235370
934215105
934196839
934182370
934173481
934154887
934136075
934112861
934061307
934040301
933965953
933932096
933895995
933876530
933775013
933760538
933747705
933688995
933673181
933648880
933603555
933583738
933569090
933552232
933524952
933503236
933482643
933438235
933432912
933424429
933421431
933402012
933401429
933389548
933339393
933329442
933302061
933297011
933218551
933184929
933126180
933115636
933084843
933073840
933039179
933028292
932964744
932937498
932927452
932921698
932867084
932852508
932839787
932837722
932835516
932828235
932825319
932791390
932781332
932779936
932755126
932745814
932743855
932724239
932724092
932709725
932701714
932652708
932643198
932617873
932604958
932580454
932548223
932509756
932452849
932417493
932415051
932385165
932379051
932371748
932354682
932334885
932324525
932321328
932318045
932308656
932290942
932269759
932264238
932250136
932210222
932186315
932181167
932177734
932162306
932102910
932099425
932087325
932074926
932056990
932055654
932031475
932018706
932010159
932000479
931983661
931975662
931973573
931970691
931963769
931955226
931928191
931914379
931892785
931856132
931849130
931805654
931778781
931767722
931684659
931680762
931678629
931655872
931612854
931611258
931601078
931600046
931591537
931582934
931556274
931552780
931535674
931498683
931471553
931466981
931458711
931432006
931409545
931372676
931368504
931363590
931342003
931328444
931320907
931311552
931290177
931282367
931225070
931217114
931146727
931141743
931132645
931118417
931079744
931063046
931049187
931025405
931015929
930978919
930975067
930970865
930936815
930925563
930924451
930921628
930903794
930846581
930821000
930815186
930814451
930791239
930790345
930788010
930780123
930729084
930707750
930705429
930677524
930674438
930643043
930633646
930619000
930610619
930545405
930533199
930527548
930523303
930521717
930521126
930504094
930489609
930489348
930481392
930452579
930443144
930380749
930378674
930355756
930336920
930322356
930300737
930270333
930257520
930242288
930237482
930220936
930216590
930202773
930184239
930138185
930021430
930014581
930009652
929975672
929967975
929916325
929903389
929896156
929888610
929851036
929816580
929792052
929757822
929728353
929723361
929718471
929714608
929680458
929669809
929655175
929638425
929627515
929612554
929599802
929582864
929573016
929566872
929556390
929537387
929528906
929513137
929451676
929439459
929434178
929430210
929403998
929401799
929387364
929365674
929356912
929352036
929327394
929316798
929316709
929315216
929286884
929279014
929263790
929250857
929231918
929224384
929190480
929187057
929180826
929157589
929136111
929127263
929102855
929081346
929051391
929033543
929027016
929016289
929013312
929009927
928996749
928974468
928936026
928931714
928929387
928922501
928901080
928881701
928867382
928854720
928838710
928832343
928821276
928806765
928802252
928767967
928711346
928695198
928653278
928651381
928641766
928633609
928624724
928618312
928611097
928605263
928589719
928584028
928578099
928549792
928510966
928483026
928479935
928466489
928461704
928450616
928443525
928438167
928432593
928423834
928374266
928364220
928355207
928350680
928346644
928340264
928335290
928316824
928287780
928262798
928246679
928225301
928222444
928207815
928205555
928196538
928164755
928164184
928157156
928144054
928135771
928126089
928100418
928055456
928020646
927931612
927913796
927907168
927898860
927895647
927848381
927825418
927809127
927762104
927755681
927742964
927731522
927722388
927721182
927676776
927673820
927640561
927632396
927627804
927581497
927530387
927492863
927489668
927484435
927465641
927453727
927441915
927425335
927409660
927374275
927357603
927341107
927334919
927325577
927319969
927291371
927282798
927279587
927217935
927177944
927136224
927078346
927069094
927057333
927054203
927040348
927028589
927005814
926961772
926958375
926930853
926925683
926911776
926904471
926891556
926878239
926806065
926794208
926784679
926747867
926729214
926718022
926718021
926665610
926643907
926613038
926572098
926547798
926500904
926494755
926478214
926468229
926457142
926447479
926441375
926437331
926392777
926364710
926317069
926312872
926310686
926286883
926275365
926269153
926239725
926202336
926176637
926149470
926147891
926145929
926120624
926105894
926089224
926053059
926049404
926029481
925997307
925996783
925924370
925914028
925860522
925844582
925832744
925797534
925790690
925769925
925745151
925734143
925728705
925661514
925656244
925592929
925587280
925577758
925565920
925536589
925511128
925485226
925482673
925466586
925452748
925439209
925414550
925375014
925354863
925334990
925312660
925300578
925256868
925251233
925218154
925212788
925176602
925170026
925150608
925121077
925090830
925071041
925066939
925062495
925047585
925007284
924997017
924995283
924968424
924954734
924945099
924889181
924868695
924853722
924844621
924836942
924763873
924749771
924700974
924699238
924698069
924667978
924662676
924648990
924609718
924585297
924564668
924561704
924519177
924496129
924435722
924402328
924388458
924385013
924382520
924360953
924342449
924334934
924334260
924328136
924307076
924262045
924261382
924259562
924213279
924205800
924197364
924182479
924166217
924139656
924136195
924120118
924092305
924087745
924067884
924047947
924038597
924037232
924016753
924007277
923998352
923970252
923961770
923954334
923906833
923863484
923837691
923834366
923808029
923794519
923784069
923777227
923777133
923747669
923736835
923726225
923692679
923690126
923630739
923623984
923607776
923579365
923557984
923552889
923547506
923505974
923479387
923465192
923460787
923453616
923426715
923422887
923412931
923411763
923404508
923384287
923364086
923355380
923340199
923330518
923324236
923286395
923282088
923275981
923223370
923193492
923176819
923140794
923117405
923099519
923092966
923075873
923032877
923030554
923029613
923013875
923012513
923010311
923002761
922990711
922976583
922970245
922951155
922930823
922894354
922887865
922796731
922763209
922753354
922752611
922719242
922717553
922703944
922680846
922652300
922651884
922636027
922626803
922626242
922585142
922560866
922528399
922500930
922472013
922443794
922427607
922423681
922416155
922390602
922389704
922345588
922334859
922325560
922320628
922301678
922280518
922265299
922254843
922239350
922238360
922238258
922224916
922195798
922176167
922175891
922174092
922171767
922101157
922098680
922068125
922051510
922046306
921991471
921949478
921948710
921947872
921935751
921892063
921875226
921867446
921844110
921824221
921812623
921802554
921785681
921776419
921768574
921758685
921731555
921716867
921693953
921682880
921645675
921638548
921630247
921607441
921595856
921569410
921497086
921485970
921470179
921413771
921364817
921341587
921341511
921306349
921295675
921268354
921237976
921230315
921208675
921189652
921144540
921107916
921095188
921076450
921046058
921040792
921028181
921021552
921016280
921007314
921000881
920999603
920989835
920987103
920986654
920971958
920964673
920962418
920956999
920939843
920932480
920904741
920891274
920888708
920876826
920861668
920854838
920853530
920845072
920841520
920832353
920778196
920742640
920707554
920679733
920670387
920631439
920592398
920591953
920574191
920553362
920545534
920535938
920511469
920460363
920455669
920441543
920426169
920415907
920412118
920394552
920329630
920326530
920313663
920287923
920284848
920265795
920261971
920257065
920207445
920175180
920120413
920114809
920100987
920071101
920020926
920009147
919997809
919984929
919975383
919963648
919937090
919917897
919899329
919893570
919858633
919856395
919825568
919808628
919805027
919793556
919771435
919759090
919756185
919729800
919728808
919726741
919659845
919629598
919609186
919583315
919575343
919549416
919500536
919449288
919438372
919436634
919416862
919391530
919374727
919372920
919372418
919350081
919341873
919333145
919326524
919322428
919288350
919281428
919271018
919258166
919252009
919165985
919154529
919132699
919130870
919078619
919058169
919011414
919003913
918975212
918959694
918931395
918901257
918813056
918808662
918798261
918796184
918784475
918768318
918766946
918760828
918750761
918718264
918711843
918708076
918684605
918668218
918653210
918627800
918583818
918558809
918553292
918550779
918534313
918526572
918500408
918498907
918482043
918455819
918451684
918442384
918441962
918398213
918393163
918391318
918379048
918373432
918370455
918363678
918349468
918306622
918300106
918264720
918243095
918207841
918176618
918090913
918074273
918031599
917988310
917981526
917968191
917955023
917950955
917931122
917913639
917866197
917852954
917850230
917828478
917781826
917778974
917749465
917736933
917723648
917721778
917717527
917705968
917705752
917677525
917620135
917610260
917577307
917573022
917556177
917542182
917507007
917458579
917438533
917431264
917418199
917413385
917398204
917369970
917369160
917358620
917332669
917297831
917230216
917215638
917204885
917184477
917175933
917163443
917157580
917155980
917138045
917134047
917111295
917108481
917078673
917072299
917049025
917041912
917028851
917011920
917001539
916922092
916921149
916895793
916853502
916840752
916779611
916770004
916732595
916709166
916680740
916677855
916649731
916594169
916571204
916555754
916552384
916496969
916490407
916469836
916446539
916430354
916363039
916354948
916342457
916305466
916303256
916282911
916277092
916243105
916227197
916214322
916133115
916110249
916097767
916066322
916042102
916004889
915969420
915917232
915846383
915839761
915774817
915754646
915719070
915713303
915711625
915634810
915624960
915613702
915595947
915592460
915590952
915546288
915519736
915494308
915445157
915436264
915413996
915386676
915358344
915326592
915325144
915303557
915283930
915280450
915270286
915226938
915224482
915219170
915192347
915183654
915166203
915162573
915155853
915139434
915104272
915102380
915094783
915092944
915092776
915056883
915051665
915006948
914975239
914971534
914948327
914918195
914890255
914877471
914875993
914871931
914855262
914812306
914812057
914798784
914796997
914786928
914762136
914745300
914684551
914654244
914649116
914645381
914628912
914594471
914576442
914571999
914555280
914551699
914539487
914523340
914515701
914495131
914470867
914456992
914454933
914354135
914345211
914333476
914306462
914283305
914271992
914271412
914232160
914220945
914219578
914188308
914182983
914182688
914170486
914163620
914159965
914142097
914140584
914091740
914073096
914048539
914047061
914043929
913998235
913991119
913988333
913949990
913919201
913776303
913768445
913768396
913738976
913707245
913702863
913688671
913650530
913612213
913562345
913554422
913510583
913482427
913446115
913443802
913435340
913431266
913401561
913377591
913340566
913244566
913216863
913215496
913208105
913189021
913171092
913153341
913148762
913087644
913083907
913074854
913031821
912974968
912971431
912970653
912967793
912960991
912959536
912928267
912880383
912840331
912810843
912806014
912795351
912764396
912715952
912712368
912644561
912644373
912626019
912602646
912593288
912589075
912579604
912573046
912545550
912527666
912499653
912476107
912446133
912385846
912295813
912277332
912265070
912261762
912241380
912197973
912141920
912129158
912072508
912037556
912013929
911993331
911934475
911924455
911913673
911879466
911876062
911873272
911840903
911813450
911805437
911784877
911741533
911737646
911657989
911581009
911576423
911564876
911534351
911491390
911485624
911466461
911457079
911438643
911438294
911435124
911421935
911364307
911360850
911331909
911318846
911304626
911295477
911238858
911203914
911202365
911145800
911127634
911117620
911104419
911072350
911048595
911038278
911037150
911008074
910984484
910978738
910958799
910954178
910953221
910929262
910913420
910846729
910813434
910812481
910804175
910775319
910773525
910770444
910714755
910711858
910697289
910681206
910664685
910625200
910622348
910578666
910575837
910514790
910504705
910490838
910483849
910469559
910444583
910377401
910361985
910354534
910319194
910308502
910291923
910273917
910247265
910220586
910207103
910192870
910185709
910121063
910118051
910094922
910087857
910063342
910059508
910042781
910020711
910009010
909990334
909989972
909974605
909915023
909889968
909887091
909874135
909856293
909840222
909836004
909821669
909749422
909737625
909715434
909687242
909647025
909636372
909631279
909568818
909561160
909537306
909511679
909507570
909470123
909454854
909445115
909426312
909412198
909384543
909370607
909345980
909314710
909308169
909293109
909248638
909227447
909221855
909213132
909209751
909192276
909171758
909146567
909121185
909118987
909084026
909078290
909074595
909073059
909041653
909030771
909006781
908963507
908924114
908896599
908882943
908878978
908872999
908867713
908814153
908800032
908790573
908760535
908755314
908708163
908682114
908659943
908647829
908635245
908601207
908579724
908519435
908475242
908471007
908431485
908407458
908401255
908391438
908373429
908320196
908315580
908301661
908292790
908272866
908271046
908260735
908253696
908237120
908193319
908178818
908173416
908167691
908160177
908143589
908133812
908127454
908121715
908022418
908020381
908001083
907981179
907949410
907941287
907901587
907876410
907833751
907814479
907801662
907798689
907777382
907775543
907771384
907756746
907731466
907707014
907701722
907634862
907627671
907600815
907540161
907507654
907499856
907473214
907470087
907445708
907437539
907434410
907425706
907413497
907406936
907373618
907334964
907321771
907306198
907295267
907285175
907280667
907224310
907217297
907212332
907210620
907173198
907173130
907154546
907146751
907109905
907108890
907105407
907098064
907092496
907074702
907035669
906991201
906936907
906884911
906866748
906856893
906785449
906754885
906743915
906720148
906696929
906691812
906667082
906664590
906630806
906610527
906596167
906583442
906573777
906545437
906533425
906520924
906511026
906479907
906478193
906458209
906450856
906439478
906416354
906399506
906359779
906318440
906297217
906283100
906279074
906259279
906242056
906213815
906179987
906153686
906142973
906131266
906116429
906108585
906046313
906029134
906019643
906015695
905973457
905909465
905904469
905843780
905776961
905746754
905711737
905683817
905672810
905660854
905654258
905652084
905622991
905566967
905533738
905531719
905517615
905509446
905508448
905464485
905432935
905393943
905392148
905382622
905366632
905333167
905320835
905315327
905246736
905221439
905213653
905211216
905189246
905164837
905146062
905126314
905120385
905091807
905065717
905046331
905040350
905011392
904984725
904980144
904959666
904946561
904930336
904923221
904921770
904900044
904895407
904881783
904867185
904861349
904839890
904815250
904773669
904762818
904751826
904742720
904702576
904697164
904657027
904633015
904608063
904589085
904570547
904546092
904531244
904524979
904517119
904512997
904508730
904446807
904435772
904412040
904393783
904388068
904307424
904297882
904288875
904268746
904244488
904234326
904226830
904188648
904160151
904137166
904088424
904041068
904007392
903998233
903994281
903987590
903980687
903971978
903918331
903900984
903874804
903857184
903846584
903840358
903822480
903813180
903767777
903757014
903717027
903652617
903641033
903639526
903610190
903603837
903584304
903557669
903553213
903547523
903530859
903517837
903502408
903478933
903455972
903433756
903430149
903423503
903375451
903363079
903355763
903351782
903332035
903316948
903311215
903255892
903248808
903248384
903246887
903238336
903222801
903166985
903156647
903138726
903129320
903095592
903062409
903044261
903024221
903016132
902974362
902946813
902901205
902867942
902867671
902845532
902845427
902836789
902829930
902813763
902811311
902769074
902745308
902704661
902696042
902672359
902612390
902561319
902560659
902549611
902525682
902504304
902485951
902480236
902461776
902432121
902431758
902404638
902392318
902390756
902347518
902279460
902271575
902261257
902258110
902256012
902173282
902097326
902043463
902027923
901998232
901980608
901964503
901945059
901919055
901880158
901869218
901860086
901791156
901763917
901741132
901722049
901715073
901707762
901681431
901668954
901661301
901658712
901655471
901634436
901633624
901632665
901613516
901612219
901571271
901562357
901506663
901460006
901455231
901449088
901445800
901437126
901429216
901413421
901402448
901390165
901384803
901370918
901347895
901306236
901297008
901274437
901270184
901255125
901236186
901233514
901188524
901144867
901126717
901116053
901083043
901073761
901058796
901051119
901040334
901036296
901006537
900993506
900985768
900972504
900961158
900905011
900903317
900902936
900869640
900846333
900799189
900784152
900756081
900693153
900662324
900660141
900613398
900592376
900577801
900549287
900503959
900478245
900403829
900380541
900357916
900354785
900286654
900263117
900255363
900247849
900229590
900223421
900185956
900161865
900158906
900091655
900074683
900051978
900050434
900045378
900044102
900028279
900015654
899987108
899938713
899935595
899913689
899909230
899878733
899816458
899801471
899786603
899748968
899712064
899675120
899641306
899606827
899588463
899566618
899560739
899519969
899492974
899405568
899382666
899358950
899339472
899327021
899305358
899296057
899271367
899228943
899188010
899181022
899178024
899158691
899117827
899114095
899108190
899097903
899079405
899072423
899049818
899044916
898977753
898974968
898973652
898971611
898933497
898918078
898894876
898879444
898854101
898811396
898808572
898781202
898777720
898764656
898730917
898717511
898672465
898656093
898652008
898612990
898552122
898502877
898474143
898444469
898431562
898418294
898415451
898413417
898398046
898391598
898389836
898367724
898323660
898286081
898263881
898237249
898229867
898184870
898164493
898161559
898150878
898140877
898105101
898077697
898075356
898065800
898042652
898016108
897976090
897968729
897928371
897922312
897914741
897894084
897889823
897843290
897835732
897811949
897802944
897793175
897751266
897744352
897739059
897736186
897735187
897710641
897676375
897646552
897639428
897624486
897608626
897552483
897490526
897474584
897395958
897393510
897375039
897360271
897342834
897340880
897326658
897316305
897279795
897245514
897223761
897211010
897199801
897163867
897148081
897138510
897112427
897107056
897081307
897032726
897023737
896997812
896964436
896941596
896911422
896848566
896780900
896746776
896708551
896708316
896677915
896672024
896667898
896654914
896642694
896616383
896595818
896579620
896535617
896531269
896512803
896503818
896502227
896464508
896451994
896433022
896422230
896415999
896405043
896391437
896323883
896316970
896311754
896308956
896301951
896283543
896261685
896225675
896169746
896145317
896138376
896098190
896096276
896063920
896032176
895979352
895943643
895940094
895916063
895907456
895893201
895872827
895848814
895823644
895821752
895778929
895776199
895762979
895745905
895736409
895678906
895656051
895642710
895630384
895625088
895622884
895618932
895608129
895555399
895540810
895393928
895365907
895344825
895339587
895333382
895326235
895298408
895271021
895246683
895213585
895196190
895108279
895079726
895076023
895042153
895015376
895004329
894976770
894955105
894953878
894919508
894916036
894915870
894886311
894875257
894874825
894855313
894839825
894814827
894803317
894798617
894793445
894765978
894763741
894722891
894716349
894710868
894701373
894691045
894671291
894626178
894615547
894614639
894593569
894592839
894585453
894548248
894514978
894497863
894476225
894455238
894434837
894421240
894421177
894393764
894391903
894369066
894364740
894324163
894299053
894281702
894207585
894197488
894157408
894148991
894128178
894109039
894060778
894041515
894039880
894037897
894030821
894017160
893998084
893980646
893946565
893918194
893842914
893764154
893750332
893726316
893663740
893660532
893637067
893570410
893569724
893529478
893495140
893474719
893433415
893401179
893389753
893371171
893370327
893363334
893356009
893343177
893329890
893327090
893325062
893286131
893228619
893191968
893170715
893123989
893078011
893056730
893042285
893029047
893020035
893015985
892969306
892952120
892935958
892934277
892925543
892924830
892909742
892892355
892855060
892834843
892765713
892743102
892733302
892716506
892704261
892703905
892701138
892688981
892678448
892667257
892665030
892655062
892598501
892545088
892520336
892472997
892472321
892456396
892442914
892435457
892427421
892392603
892390598
892389922
892384151
892374243
892369370
892345045
892341719
892329030
892324510
892259842
892259550
892228528
892227476
892197751
892134745
892117578
892115182
892111050
892098180
892086583
892070335
892063167
892057394
892016015
892012519
891996753
891992122
891982735
891955354
891917945
891890846
891887480
891883726
891800968
891776254
891750412
891661962
891656259
891645946
891625699
891572521
891565387
891561502
891561401
891531220
891530261
891529771
891527589
891509111
891435464
891409295
891393716
891393299
891371965
891365929
891346943
891334729
891332268
891315963
891266569
891253132
891197896
891188261
891165972
891151656
891149156
891141646
891132681
891058952
891050896
891040272
890979290
890968880
890945081
890940257
890936908
890924456
890913584
890912511
890892093
890850074
890844744
890801710
890772703
890766746
890740061
890738891
890728884
890715316
890700784
890692963
890681333
890665400
890635781
890615437
890569137
890564627
890548426
890525662
890521392
890504541
890479392
890404009
890383901
890377387
890351020
890336491
890276288
890251069
890234422
890233366
890179549
890176314
890175710
890170422
890151745
890132691
890122002
890117938
890106744
890087188
890086447
890081452
890073347
890052022
890037711
890034990
889955658
889935001
889916596
889878814
889873862
889870662
889864026
889860976
889843191
889823064
889795011
889786119
889769121
889715079
889704861
889700664
889693436
889622342
889617049
889603036
889602346
889557038
889498107
889488703
889485276
889460318
889450155
889431175
889427916
889417386
889408226
889397544
889390783
889380780
889373104
889365245
889341449
889325227
889314353
889313326
889298840
889216926
889196601
889181087
889172258
889151561
889137859
889130559
889111428
889096721
889096211
889069116
889045149
889016361
888953424
888914738
888826535
888794354
888773366
888769810
888752747
888697960
888666744
888666055
888661704
888656674
888639484
888621755
888596680
888588397
888574517
888550596
888510228
888501860
888501446
888457439
888448771
888426728
888414659
888409636
888396061
888384625
888365945
888362552
888347458
888312794
888312659
888296397
888255117
888227318
888224545
888175614
888148543
888147837
888130740
888122908
888086441
888084374
888074483
888053073
888037081
888023917
888019694
888008235
887959826
887917637
887904162
887858660
887808535
887797475
887764515
887746098
887733070
887724080
887715719
887685894
887647815
887628223
887604189
887575700
887569394
887561733
887537224
887488572
887480511
887472834
887321410
887287933
887273907
887254925
887246856
887220823
887183136
887144704
887074851
887020120
887000704
886997328
886974377
886958012
886956061
886907522
886870774
886814377
886804202
886766186
886746367
886716301
886709261
886702453
886688319
886677524
886615639
886595998
886545420
886518181
886502273
886483701
886460176
886427242
886343962
886316255
886310889
886294916
886266738
886231695
886176374
886137833
886127725
886123133
886087552
886085796
886062942
886056379
886020543
885955737
885946622
885929236
885922320
885911229
885822545
885815739
885779187
885756123
885703339
885691962
885675823
885658894
885645422
885607058
885601488
885576586
885573240
885548257
885538826
885465136
885392666
885374949
885368134
885362747
885346733
885322041
885319249
885302438
885301602
885283198
885256366
885247168
885230442
885206290
885202862
885160842
885113757
885082820
885079728
885068796
885062108
885026718
885015544
885014242
884954608
884902563
884893978
884880618
884861118
884851247
884842472
884834867
884819103
884803844
884803514
884796181
884788779
884762519
884723275
884677347
884655820
884641824
884636514
884617280
884597183
884591415
884555927
884530213
884523282
884486832
884468032
884436692
884392576
884382634
884328422
884310694
884280567
884277821
884230724
884174130
884169298
884151468
884137293
884125607
884121653
884111747
884052798
884050828
884034574
884028792
883991047
883969964
883969803
883964396
883952550
883927972
883927920
883885195
883842654
883800334
883761580
883735539
883734249
883720766
883715342
883683358
883614211
883584711
883564132
883557615
883529731
883514310
883510406
883477383
883477072
883455762
883429990
883421925
883409723
883393545
883373770
883361054
883356843
883345564
883325727
883318191
883304845
883291746
883267500
883253291
883204787
883119186
883115316
883052556
883025706
883004425
882987283
882964107
882953476
882945891
882901697
882893052
882872905
882855538
882826767
882816332
882795971
882774681
882757540
882753794
882722719
882707372
882698019
882673495
882650146
882643420
882619710
882619422
882583724
882568171
882543219
882515898
882474747
882468145
882466861
882462439
882437128
882428345
882411801
882404492
882363528
882363248
882358526
882301790
882297561
882275165
882227864
882226783
882217955
882213895
882179121
882172775
882153877
882138422
882118248
882048007
882030298
882013244
881988557
881969521
881945734
881899836
881885441
881862367
881843903
881789110
881770126
881752341
881653130
881646819
881633830
881625975
881615348
881576843
881567471
881527769
881512952
881500053
881444363
881440938
881429174
881407292
881396467
881394878
881392878
881345391
881319532
881300284
881291263
881285027
881236221
881233889
881226733
881226075
881182395
881154570
881139800
881138242
881132535
881095906
881086146
881079092
881051713
881009142
880948829
880886149
880885844
880872092
880865825
880827004
880817446
880767845
880733635
880705867
880676725
880669036
880658716
880636016
880589891
880586192
880569941
880551660
880532384
880456176
880446086
880438434
880415959
880406306
880391242
880378577
880370871
880348128
880289310
880270710
880270538
880260542
880196652
880195194
880162737
880141440
880097434
880059282
880025277
880025027
879991174
879982362
879944140
879894767
879888227
879873170
879844513
879819060
879810551
879794002
879689238
879666981
879637631
879622119
879591802
879581451
879579665
879579008
879574301
879555069
879533373
879522115
879496553
879485188
879464883
879462086
879410172
879388030
879373126
879332538
879321280
879315095
879308205
879301526
879282457
879235981
879222029
879198937
879185547
879151066
879139992
879115025
879090188
879065576
878987421
878981413
878969384
878935529
878916661
878886019
878873780
878849135
878843325
878829750
878821716
878798523
878743405
878741739
878694289
878684639
878673440
878654549
878648728
878630917
878626260
878606643
878606626
878595453
878592271
878588152
878523869
878519886
878506265
878503276
878478439
878447062
878402818
878386001
878285062
878279190
878249162
878248736
878244457
878210008
878201997
878164782
878162789
878142264
878112588
878066816
878052010
877970074
877961037
877917438
877913269
877911958
877875036
877873550
877866448
877826598
877803300
877794069
877778008
877737075
877733133
877726000
877715762
877664145
877657678
877587119
877571686
877498777
877475994
877432793
877353599
877287576
877282320
877238608
877234874
877211506
877204713
877182832
877169053
877141633
877132393
877110670
877106974
877073451
877069232
877051788
877007233
876954830
876939888
876933942
876894257
876883827
876875990
876847867
876809695
876770307
876757151
876742431
876691393
876672970
876654513
876624418
876593473
876576470
876552326
876539215
876511421
876421257
876417960
876416429
876374529
876359652
876349678
876347430
876328409
876302902
876289463
876279331
876269972
876232158
876199793
876185746
876132068
876130108
876127639
876120613
876100092
876099764
876098979
876071282
876063863
876041547
876017839
875990013
875978279
875947560
875922364
875890105
875885310
875845413
875842803
875822512
875812293
875792677
875787181
875783201
875699121
875685002
875678704
875668251
875636981
875549601
875511711
875499515
875464189
875446474
875441361
875396686
875369898
875326604
875315920
875297896
875281106
875247735
875240133
875219518
875163392
875120028
875103776
875081851
875069456
875034483
875018872
875013875
875013386
874996684
874992685
874981128
874955959
874915495
874844247
874834978
874797666
874785526
874773500
874733230
874731129
874725436
874713623
874697595
874642928
874621742
874592792
874574972
874570866
874570623
874559003
874525410
874515836
874506994
874454787
874429825
874418796
874366820
874363114
874329567
874302732
874290142
874274680
874254569
874253176
874240175
874222257
874203781
874174695
874168175
874153769
874125269
874110755
874107719
874068480
874051699
874043978
874031256
874025101
874014513
873969552
873963000
873954404
873927679
873924563
873918144
873890845
873864459
873829340
873805665
873792270
873788398
873785681
873774387
873762790
873756408
873752838
873646971
873617081
873600347
873557197
873524619
873508945
873498206
873491357
873473004
873461068
873454836
873445492
873421715
873399965
873356337
873346832
873332736
873326604
873324216
873303152
873264883
873218270
873198731
873189251
873183898
873162250
873147955
873147117
873092250
873074212
873055765
873031386
873024846
873021742
872995296
872978067
872977276
872947262
872930331
872877615
872856109
872841918
872815485
872803075
872799903
872798319
872776405
872756706
872752961
872725223
872674060
872659662
872636661
872586547
872582045
872559867
872503032
872463564
872452468
872446754
872384021
872360262
872337411
872299229
872280357
872266302
872260639
872227774
872146123
872115555
872107364
872106959
872089864
872058697
872035088
872015029
871993877
871986634
871963669
871959445
871934056
871918456
871902362
871887913
871864684
871843179
871831451
871806934
871804274
871776426
871756044
871726802
871692350
871664168
871649837
871628192
871619684
871610716
871603064
871590361
871574471
871560903
871550631
871503292
871475248
871422959
871393559
871385596
871380063
871346074
871326513
871320372
871290192
871212131
871184193
871164402
871101204
871064838
871019461
871013420
870992362
870960118
870926445
870860555
870843296
870812077
870788432
870759992
870739804
870725707
870724450
870716943
870713422
870687290
870636791
870615102
870593526
870570895
870546622
870435279
870393714
870381487
870380082
870376432
870370754
870337833
870318437
870256381
870231637
870218112
870199645
870168218
870052347
870050297
870007168
869984029
869966856
869931065
869893046
869882327
869879678
869866920
869846311
869829417
869810144
869778300
869738901
869730534
869681448
869671706
869606504
869581948
869474573
869468919
869436874
869414027
869407862
869352244
869298478
869293104
869244158
869237720
869236895
869219511
869189419
869156845
869132687
869125502
869099873
869082165
869058039
869048830
869043188
869012936
868994345
868991436
868978280
868973705
868970916
868902117
868891452
868879775
868873849
868843427
868815414
868790505
868789233
868769668
868700856
868677573
868659617
868653115
868638788
868626230
868619042
868599326
868590184
868589262
868579687
868565805
868547252
868510156
868493398
868476437
868464862
868439978
868430009
868421284
868381994
868375569
868356911
868323137
868322228
868297565
868274308
868232057
868196333
868179874
868178225
868154182
868119736
868093938
868083053
868079343
868071450
867993478
867988321
867979158
867950605
867950096
867914033
867913611
867886622
867865474
867856105
867846089
867844185
867837866
867809275
867794794
867763146
867744874
867718786
867715494
867690296
867661433
867636324
867635216
867623428
867616612
867600387
867578366
867561260
867522810
867510711
867488945
867449737
867446578
867419454
867402528
867382463
867347762
867330545
867296737
867288900
867270245
867254309
867228970
867227476
867197923
867196897
867172907
867167658
867154818
867145185
867101308
867081898
867064551
867050296
867029410
867008583
866990569
866981400
866941773
866941104
866927115
866925918
866867961
866850954
866809536
866768626
866742271
866695971
866675437
866662714
866636946
866573833
866566671
866554802
866529514
866514117
866510688
866506711
866452293
866418746
866414975
866392588
866374791
866349062
866333115
866274765
866245845
866208728
866189191
866183754
866132782
866130866
866103311
866097296
866067841
866045296
866032701
865987679
865877442
865839343
865823541
865795766
865788404
865746009
865745137
865740027
865707703
865666223
865659494
865656548
865631127
865618622
865605085
865595217
865581291
865545537
865523028
865481570
865465032
865415468
865406575
865389565
865373931
865329123
865326438
865308000
865306045
865263916
865244383
865237428
865200432
865139103
865027993
865023674
865007119
864976322
864957510
864937069
864899521
864890290
864889117
864887021
864886008
864844787
864840586
864762802
864722159
864707534
864700449
864639076
864607030
864566306
864532838
864494351
864481961
864447381
864441372
864431840
864425474
864388761
864369992
864361859
864350068
864293853
864251722
864244264
864238919
864237513
864206348
864139507
864114466
864110471
864098559
864076713
864027947
863988881
863980705
863956813
863914477
863913167
863903279
863897267
863883440
863852955
863835913
863829220
863821642
863794314
863786948
863780753
863746404
863741010
863733677
863732780
863730499
863711139
863643731
863575029
863544949
863519203
863516355
863504747
863441987
863440052
863408773
863401366
863364692
863320715
863287177
863236257
863230935
863215609
863153821
863150730
863146694
863137304
863105640
863097814
863078261
863074647
863065576
863036274
863032736
863022510
863017779
863009879
862999263
862954218
862938286
862929307
862915119
862914440
862820210
862805430
862773581
862764443
862737590
862732536
862702554
862702239
862679034
862663005
862633517
862593062
862588761
862579083
862555674
862504654
862470287
862440559
862430393
862418034
862407021
862406853
862400921
862385000
862372494
862364391
862356780
862345594
862320683
862307829
862301906
862299993
862291241
862254587
862245675
862243224
862239861
862219767
862206917
862173060
862137517
862112573
862066993
862045624
861976803
861973769
861927641
861900193
861867189
861844885
861833063
861808435
861775691
861743542
861738376
861727206
861699801
861618979
861605140
861595799
861568444
861546804
861539292
861534306
861498928
861482378
861474214
861445865
861437853
861426223
861382882
861371987
861316123
861311063
861297347
861287149
861274986
861256251
861243366
861210390
861200469
861183965
861166681
861155959
861146623
861143328
861142218
861127563
861119670
861092370
861092051
861054253
861030729
861020841
860981588
860980502
860949166
860914276
860879884
860876726
860862223
860840652
860828510
860784927
860759616
860758607
860719499
860711738
860710636
860695085
860644509
860628303
860622626
860615858
860593194
860557902
860537306
860524213
860502877
860479604
860446023
860440974
860427254
860391993
860387982
860363427
860335340
860323953
860298730
860278370
860233234
860229836
860216025
860198696
860162582
860138465
860125553
860093065
860089180
860070016
860023291
860017648
860006681
859999878
859994988
859972141
859949548
859942568
859941750
859893198
859873353
859852262
859813255
859810912
859798424
859774683
859761750
859747105
859692145
859690963
859557642
859552342
859546798
859522033
859493631
859436476
859419043
859396565
859394094
859373845
859361389
859355959
859348485
859288672
859275140
859273771
859251157
859239571
859231457
859228790
859216775
859200424
859191842
859181595
859174485
859158298
859144392
859100162
859076563
859041376
859026450
858996135
858955370
858930919
858902516
858892772
858883645
858881378
858870576
858802099
858801261
858779999
858770282
858762901
858759605
858734544
858728235
858724565
858716551
858685556
858673847
858647989
858633317
858549899
858495720
858484310
858468157
858414404
858388018
858386687
858362170
858357714
858349793
858334866
858320018
858310520
858305571
858286584
858273551
858193062
858164763
858163441
858153755
858146467
858119239
858099794
858095304
858075209
858043960
858032380
857987086
857935754
857934841
857912544
857899009
857860905
857827515
857802340
857802320
857778192
857747835
857734693
857708430
857660079
857650215
857621079
857613132
857588184
857572181
857562559
857550774
857504968
857465958
857395942
857367897
857334177
857322613
857308454
857265507
857208766
857200608
857186709
857163550
857137267
857136560
857111306
857095086
857071233
857040336
857030759
857027017
856980113
856922362
856848589
856825306
856822738
856809236
856775375
856773847
856731414
856717972
856695941
856644486
856638892
856627467
856611837
856569177
856558692
856553070
856542838
856507591
856489267
856450277
856420362
856393288
856322031
856290411
856283831
856213791
856185330
856177831
856089388
855925926
855901976
855898539
855891082
855867879
855812330
855792361
855783214
855737084
855679139
855600167
855598498
855585701
855578179
855503306
855470318
855430890
855426190
855410472
855407993
855401461
855378649
855319724
855306622
855292283
855271951
855257857
855247938
855240454
855221609
855161115
855143849
855091787
855083860
855062031
855053834
855023955
855018870
855007631
854971331
854964447
854866876
854841584
854815263
854805885
854784145
854764686
854732193
854706603
854691327
854671149
854657772
854640976
854614932
854603196
854562199
854544230
854521247
854451326
854429650
854400222
854385540
854349380
854322427
854314344
854260867
854250134
854236709
854201051
854182006
854162905
854157430
854153977
854130702
854127973
854096434
854093370
854083921
854063768
854055166
854034553
854024794
854013044
853994997
853992427
853985298
853965557
853951136
853933435
853921155
853903903
853877906
853857358
853847017
853817668
853806390
853754393
853748820
853702155
853702076
853700447
853655948
853655440
853593857
853584785
853571586
853539391
853522278
853500328
853449042
853400532
853393895
853358415
853315011
853311074
853288637
853275992
853248297
853211698
853202021
853144874
853113068
853108397
853105219
853104057
853055852
853040742
853018665
853017720
853007899
852959658
852948866
852914257
852898859
852884223
852753441
852752709
852735224
852671786
852661915
852655749
852654063
852648115
852646790
852620664
852619703
852567805
852512431
852506294
852495362
852489568
852488451
852455580
852415681
852360939
852359323
852351484
852325677
852269395
852254385
852246809
852242533
852239368
852234334
852230960
852208789
852204415
852200582
852134151
852081219
852075117
852025711
851990312
851946348
851938894
851926340
851915801
851912901
851910018
851908653
851885575
851850242
851843414
851842467
851806738
851784674
851779646
851705462
851696480
851676391
851672842
851662380
851478469
851465680
851461488
851428273
851418501
851393756
851375896
851336720
851307782
851272637
851225048
851218587
851207177
851173785
851156742
851141875
851093521
851082875
851001464
850987337
850964843
850935854
850918661
850896700
850840439
850812743
850788264
850768195
850750401
850664203
850657420
850641586
850631479
850621980
850608763
850559814
850533431
850503772
850490239
850472520
850351622
850341699
850304373
850273958
850261995
850253660
850220896
850220316
850181854
850155866
850144680
850134117
850111775
850102435
850074149
850029314
849980414
849930722
849870905
849821138
849774530
849755509
849725018
849709015
849691759
849681798
849667617
849629807
849616264
849607602
849598726
849544361
849476702
849470518
849450615
849394813
849393145
849308951
849275979
849269569
849252277
849248414
849233881
849233547
849196714
849192666
849167934
849159280
849145648
849087770
849075024
849040817
849039647
849037678
849022584
849021266
848993855
848968703
848946282
848941289
848916370
848886888
848858814
848835393
848791234
848775626
848772865
848768219
848751154
848722781
848701562
848675307
848673949
848652141
848642196
848615939
848605804
848576761
848568780
848556156
848539906
848526881
848499686
848489319
848483669
848436922
848396413
848370764
848336762
848325262
848248659
848221680
848203493
848163726
848138890
848110650
848096664
848034070
848028763
848008021
848007343
847993229
847978026
847976405
847917876
847892489
847862817
847819840
847819149
847797491
847774357
847766199
847703731
847695390
847661375
847628320
847617353
847551090
847545674
847537535
847512551
847470746
847467606
847432483
847410955
847366179
847340992
847337240
847299227
847290730
847285586
847277490
847256035
847254835
847244270
847222737
847220527
847206554
847205695
847182996
847173457
847132944
847103642
847072560
847042089
847026891
846979114
846959304
846943808
846909991
846897036
846895713
846871006
846845884
846815249
846802490
846772511
846715219
846687609
846671638
846658999
846630430
846582061
846563026
846549868
846532162
846513379
846491304
846380583
846376409
846363843
846362480
846346903
846335061
846332281
846297559
846272311
846272069
846255046
846254457
846246676
846207012
846171721
846147158
846134249
846077710
846062835
846055728
845984657
845940809
845922704
845740989
845702974
845684578
845679968
845620334
845601794
845598507
845598089
845589251
845549389
845545728
845543612
845470292
845431578
845427974
845417587
845412805
845408874
845402191
845365220
845342548
845329931
845328133
845325239
845302919
845301624
845290259
845287939
845228418
845191607
845175048
845152940
845097859
845092420
845066354
845041763
845023667
845020335
845018284
844980644
844978394
844963757
844950733
844896742
844878478
844877734
844841883
844802268
844795032
844758365
844748395
844725356
844693203
844692210
844680951
844672883
844658769
844644964
844639863
844617965
844615876
844610218
844577486
844541049
844510093
844508228
844491496
844464411
844442311
844436230
844395695
844373230
844355597
844251871
844220755
844200071
844161876
844070295
844051321
844043053
844039279
843946662
843830053
843826257
843775305
843759568
843717726
843701231
843685543
843665620
843631916
843594188
843568909
843568236
843568030
843560802
843510898
843503804
843450809
843369537
843347428
843346385
843319710
843311924
843271238
843255173
843215116
843199541
843134346
843110663
843108513
843105772
843092420
843079172
843077487
843065380
843051065
843007329
843004641
842987622
842978634
842956505
842950651
842941828
842787615
842779895
842727352
842706853
842687456
842655955
842644381
842625920
842622123
842619031
842616116
842597432
842534592
842522652
842491208
842438334
842413957
842412388
842403532
842368695
842295870
842235852
842192634
842174606
842115762
842112559
842110385
842078622
842073300
842063914
842060521
842057731
842023186
842006495
841996248
841961324
841904201
841868433
841859367
841857618
841856653
841840522
841766836
841750211
841666918
841658432
841600772
841589684
841584229
841574703
841572015
841543579
841520202
841517389
841469121
841448601
841426281
841372311
841352416
841348823
841295907
841279046
841265764
841198551
841154924
841143488
841133252
841111234
841089532
841002995
840977257
840909306
840892249
840855847
840835470
840775797
840769001
840748670
840738157
840719193
840707385
840673874
840622405
840537584
840534623
840504888
840473560
840424212
840415297
840368567
840365256
840360755
840359033
840331240
840309388
840299097
840247202
840235999
840225507
840225105
840215530
840172325
840148688
840142904
840131710
840124916
840106473
840102025
840079192
840062690
840039225
840020723
840012424
839989428
839937402
839919610
839912123
839886990
839840418
839818804
839790956
839782875
839768669
839740713
839725167
839717288
839688035
839687880
839648438
839633835
839628485
839608299
839597136
839554238
839489353
839479106
839378600
839331216
839328030
839315819
839262352
839260827
839221692
839197027
839163443
839154298
839111073
839074906
839020464
838961627
838956507
838937043
838928270
838919968
838896766
838849517
838849479
838834395
838810789
838781031
838753060
838746896
838737752
838700771
838695507
838686969
838686848
838683303
838662640
838629475
838616042
838563714
838525233
838514161
838475808
838463981
838438832
838411541
838382114
838361303
838324178
838305653
838289166
838287547
838189665
838182091
838167302
838143122
838112957
838089874
838043154
838035089
837985331
837978869
837959774
837890914
837852784
837826801
837825597
837797076
837750090
837699825
837694654
837620024
837553217
837547360
837537872
837533188
837525957
837516462
837501290
837476070
837431773
837429991
837413455
837402758
837394740
837364438
837361059
837299102
837254238
837242466
837236828
837178195
837160359
837140856
837051295
837041632
837013170
837002189
836976084
836942460
836929101
836910149
836827136
836820173
836808245
836790697
836759697
836715155
836702157
836672846
836654698
836641946
836638220
836626641
836578991
836577828
836563167
836530162
836498235
836430927
836409440
836396401
836378062
836320945
836310642
836281377
836220709
836208996
836194238
836182559
836170583
836161923
836161711
836130256
836127584
836115538
836109117
836072803
836032467
835988404
835868417
835849037
835828288
835783783
835768140
835747667
835737694
835723404
835708976
835679070
835669140
835660077
835645514
835622196
835620236
835614170
835584825
835560181
835545092
835544667
835526932
835517233
835514583
835506474
835486816
835477388
835387175
835295822
835247583
835238248
835212109
835186547
835182157
835169390
835153605
835139248
835085929
835054921
835022786
834961359
834954928
834868233
834830457
834811206
834799036
834759625
834714777
834712930
834682507
834678683
834662966
834652997
834644957
834635252
834610773
834602317
834592278
834556798
834509211
834442663
834421085
834377632
834353919
834352778
834334492
834321488
834311977
834307145
834295456
834268002
834213983
834206890
834184861
834127326
834119412
834077486
834052945
834009940
833988287
833882467
833841727
833836141
833815782
833811627
833803023
833788089
833760091
833754170
833743861
833741061
833731246
833707774
833694328
833674841
833619444
833586750
833560518
833553062
833547453
833523790
833483478
833447041
833431222
833408211
833374695
833311239
833274009
833268376
833236096
833224692
833189802
833180693
833176206
833125638
833122455
833120091
833094788
833074582
833028924
833026041
833017936
833010351
832974535
832931497
832912826
832880642
832849972
832838403
832832900
832814909
832801458
832797733
832795475
832788783
832780747
832780702
832752811
832741506
832707712
832703631
832673019
832663544
832626435
832515075
832456380
832446929
832398573
832377412
832363169
832358140
832271655
832168260
832166291
832139898
832128567
832059501
832050207
832031996
832031747
832024858
831859858
831824497
831801920
831766541
831730326
831681880
831664169
831660904
831632526
831576836
831533469
831522642
831501499
831472836
831449743
831420722
831410268
831374743
831288393
831287239
831272243
831254561
831238357
831225680
831221481
831184278
831151305
831128720
831066042
830986571
830980406
830958086
830942299
830883217
830836212
830812137
830803090
830789333
830778207
830763602
830761829
830759805
830725774
830682388
830645519
830545391
830505384
830454293
830440829
830421817
830408737
830384842
830359600
830326884
830273398
830266464
830265612
830246048
830217730
830182602
830166203
830154103
830138568
830132878
830082401
830009252
829984374
829937463
829931535
829916759
829898490
829872871
829827928
829791515
829698135
829651503
829642010
829621121
829602626
829585349
829559673
829544089
829530826
829499950
829496317
829468250
829467636
829447538
829419521
829324184
829304484
829296557
829207094
829180956
829149067
829111834
829098279
829076369
829068528
829061610
829024517
829013080
828997998
828992843
828948857
828882690
828876556
828829100
828824748
828818480
828817771
828788901
828732756
828690768
828671310
828648744
828647625
828606358
828594397
828568731
828546463
828528766
828491991
828468864
828455509
828452930
828437186
828433889
828416833
828414364
828358614
828341405
828296068
828285309
828236497
828205660
828153599
828096874
828072744
828028605
828011722
827991894
827986399
827956326
827931162
827908729
827888513
827865962
827816561
827806572
827799783
827774478
827733599
827722140
827696091
827669124
827633781
827592155
827585891
827578325
827476218
827462573
827432735
827425335
827400357
827389044
827383742
827377955
827361935
827360701
827352726
827318780
827310344
827279459
827261337
827245629
827243634
827215603
827209480
827198847
827175103
827173665
827141554
827036423
827019626
827007736
827002437
826975090
826973283
826973190
826967412
826935847
826928979
826872429
826842520
826837946
826820200
826800090
826798512
826791581
826760854
826755952
826732659
826723820
826723545
826722331
826720310
826710796
826627304
826589874
826577947
826522099
826462337
826439002
826417877
826411711
826405103
826380322
826360447
826349385
826344298
826335996
826331605
826279889
826268505
826261807
826209516
826190774
826167318
826160454
826156363
826115263
826106754
826096992
826085770
826084168
826066261
826052934
826049330
825972531
825949220
825933660
825926067
825914233
825908597
825878987
825868567
825855511
825838898
825766218
825752721
825733403
825700404
825678671
825639687
825597578
825579488
825557974
825557776
825538782
825534749
825524360
825491011
825471646
825468773
825400220
825368311
825331207
825281360
825262473
825184404
825162082
825148951
825144097
825141570
825122740
825103690
825002191
825002127
824964528
824947883
824945176
824914594
824906669
824884174
824845109
824837504
824837292
824834901
824812578
824787165
824762512
824691482
824682002
824674218
824645105
824638741
824569616
824566375
824542731
824510748
824450582
824437682
824416906
824390768
824378119
824369724
824304583
824269313
824244188
824241606
824197194
824184802
824173997
824149349
824145063
824121383
824118426
824081829
824070577
824059447
824048002
823973283
823943065
823933605
823928986
823861086
823860119
823798358
823779103
823742396
823731988
823710711
823662869
823654788
823639984
823595461
823573583
823488739
823460284
823446237
823443573
823436300
823422217
823406657
823390208
823382673
823343349
823330280
823260231
823216170
823209460
823195528
823159963
823132887
823084436
823083148
823073788
823073008
823064480
823056762
823035610
823027789
823025693
823012695
822969144
822953724
822920215
822908171
822891645
822885052
822875355
822869125
822863911
822853878
822839194
822827400
822808095
822807913
822761945
822741423
822739084
822734900
822707405
822705035
822691171
822643403
822633164
822607953
822599015
822547872
822530368
822518568
822470875
822470787
822435255
822415210
822207757
822197203
822148760
822124708
822091948
822074854
822065828
822011432
821984087
821958252
821927195
821891842
821860668
821856495
821745380
821716247
821684238
821630512
821630121
821628156
821601975
821593157
821589569
821589144
821585168
821562788
821530296
821512424
821463213
821451735
821434985
821419660
821415749
821393335
821374341
821360613
821349258
821308763
821300284
821244517
821217500
821176686
821141180
821135735
821113006
821092112
821065813
821059558
821030291
821018478
820993341
820970583
820929108
820902665
820895081
820863317
820835869
820827767
820767946
820751868
820730500
820722952
820714494
820712331
820700614
820645146
820610286
820540661
820514470
820478302
820448721
820427406
820427270
820426619
820407782
820374390
820358753
820353366
820322580
820319258
820313027
820308813
820263757
820248732
820246284
820205375
820172254
820158254
820126924
820097616
820077514
820054134
820029952
819988617
819937779
819895372
819886191
819834738
819808708
819752886
819692757
819689283
819649507
819648762
819614276
819604874
819561900
819514849
819445264
819408713
819407426
819289865
819226150
819215459
819199590
819189926
819137443
819102844
819072212
819046626
818989762
818957277
818920615
818876962
818846346
818773530
818765648
818721967
818699493
818692674
818676584
818587209
818538023
818514647
818478494
818475151
818463720
818442914
818414938
818365183
818351584
818331466
818329302
818308327
818306525
818284369
818258951
818231971
818204927
818198831
818160770
818159128
818147518
818075174
818051452
818050695
818006980
817987130
817981604
817956510
817936413
817930288
817926811
817911756
817901974
817890594
817874518
817869327
817864287
817863338
817806798
817783852
817747447
817743333
817737357
817729126
817723216
817692951
817644922
817635986
817619384
817601514
817591287
817587588
817572335
817559976
817549760
817509565
817472256
817460930
817431730
817431114
817425089
817421975
817421765
817421528
817402954
817366217
817283603
817226826
817176710
817160915
817106974
817102252
817076948
817068739
817026694
816980673
816949502
816927916
816917837
816909496
816898310
816871755
816869885
816869738
816809826
816768926
816755987
816704303
816640177
816637732
816605377
816580131
816553346
816551180
816506550
816504182
816487232
816391965
816353677
816291138
816280019
816273108
816262125
816233186
816172404
816148604
816131813
816124387
816109579
816079269
816068443
816059535
816048304
816028387
815981712
815970691
815965726
815952281
815916551
815839913
815812815
815798407
815786782
815747238
815729485
815661848
815630036
815611396
815569497
815557023
815535043
815520750
815495606
815479205
815465304
815451310
815363420
815353122
815328306
815312037
815298117
815188856
815172536
815141516
815127306
815101781
815094218
815042061
814997911
814995654
814959706
814953816
814922249
814915577
814905261
814878057
814810691
814800125
814773624
814756157
814657932
814641452
814598977
814593345
814562692
814528075
814517482
814487720
814420574
814399355
814389443
814346488
814314108
814304346
814293524
814286574
814247841
814236942
814224260
814198583
814179313
814160288
814120521
814094275
814090239
814087415
814076231
814042895
814028959
813958663
813923663
813905115
813895325
813860438
813854809
813802498
813796925
813762505
813754896
813747553
813706115
813677934
813652117
813631668
813560973
813555854
813548698
813528642
813523769
813517014
813501225
813486025
813472310
813463197
813386711
813323590
813315382
813298827
813274955
813273162
813217461
813164035
813127995
813114207
813105313
813033353
813031951
813023393
812984463
812953385
812951195
812923552
812922192
812873460
812815113
812795970
812792057
812764437
812762390
812724573
812683629
812658247
812640058
812631118
812618849
812606694
812600434
812536920
812508470
812499794
812446522
812428808
812403344
812395500
812380447
812355644
812330031
812325010
812310828
812239406
812219481
812199813
812176907
812118921
812114581
812087122
812085872
812067903
812048889
812046680
812041446
812029211
811995350
811966429
811915452
811885580
811768936
811731852
811712592
811680046
811664968
811657519
811651178
811650359
811638781
811625123
811587240
811570520
811524062
811519838
811513627
811506597
811456122
811406164
811393120
811258390
811240915
811168860
811133098
811132804
811104595
811071101
811060543
811039033
810969657
810939931
810899028
810890519
810848115
810818787
810791688
810791544
810697184
810696133
810682259
810650497
810647126
810623380
810585221
810562469
810517990
810515084
810490399
810479563
810474632
810458373
810450185
810446318
810385843
810317821
810316658
810290357
810182305
810129645
810097800
810081146
809994523
809982266
809965152
809959586
809955793
809905211
809891509
809867799
809862592
809838422
809835032
809834035
809799640
809796198
809771396
809759280
809713991
809685272
809674911
809666266
809659244
809648277
809640331
809610594
809575843
809566122
809563604
809518461
809510313
809496763
809454725
809447942
809416055
809352931
809344386
809343151
809334420
809296247
809232060
809190153
809131765
809129838
809125304
809116186
809049291
808989580
808977975
808957585
808943620
808934864
808911936
808837913
808825302
808754829
808739751
808724473
808699262
808671129
808641342
808636348
808589876
808511973
808489527
808421872
808393763
808354985
808323462
808310860
808285403
808277123
808258001
808249461
808217865
808107814
808069773
808001200
807998533
807990585
807973839
807957262
807953537
807919680
807863118
807848795
807841295
807803702
807790095
807765675
807738801
807732221
807731979
807672183
807638330
807619108
807551698
807518110
807467706
807389372
807327064
807296442
807260862
807196233
807181240
807143391
807138761
807068361
807010925
806980723
806969889
806934981
806933680
806921824
806889873
806851576
806786678
806769487
806761530
806742952
806733305
806718017
806692242
806688245
806655554
806630011
806576041
806547658
806546593
806511027
806494034
806486324
806474703
806473797
806458722
806421155
806408749
806361878
806338309
806317410
806286565
806272096
806259695
806252839
806245890
806175983
806155769
806149638
806113937
806025114
806003224
806000690
805964322
805913326
805893322
805818188
805785285
805742536
805736104
805723660
805716584
805707155
805702144
805693985
805684332
805629726
805616713
805548986
805522257
805483875
805465775
805453194
805389616
805371788
805328408
805296074
805293411
805238436
805188961
805188195
805143310
805103413
805087891
805087334
805063590
805052537
805042644
805029370
804992951
804952810
804938462
804933053
804884165
804873332
804867540
804850891
804842535
804816737
804791540
804768691
804720681
804701686
804640907
804570121
804546525
804535785
804495757
804489655
804484189
804482912
804474844
804455495
804436257
804424839
804421574
804368688
804359764
804351340
804347447
804324696
804314339
804277881
804226916
804220309
804219899
804193790
804142195
804135732
804073365
804062644
804058287
804028023
803993058
803981486
803967004
803905236
803856567
803817320
803804575
803798459
803771905
803766482
803746229
803721772
803649503
803639094
803634339
803614001
803604632
803568529
803544117
803504535
803472543
803472244
803432884
803417592
803409138
803351122
803345200
803338199
