1
0
4
0
3
6
12
0
6
0
14
1
14
1
3
6
0
8
2
1
7
0
0
28
0
21
5
16
19
11
27
21
18
18
0
9
44
22
22
19
10
19
24
41
10
11
20
0
27
17
43
24
22
17
52
13
0
19
20
47
10
20
0
22
33
15
13
16
35
9
22
20
13
6
36
17
36
37
29
9
21
42
35
2
19
21
0
38
22
15
60
22
24
25
4
34
1
23
27
30
15
16
16
5
10
18
5
24
18
13
0
20
11
70
16
33
18
11
15
40
0
0
22
11
20
9
7
31
22
48
19
13
16
28
28
23
1
15
30
20
14
18
32
25
4
11
30
8
20
18
13
51
20
18
27
20
25
11
30
17
15
42
28
10
21
27
20
32
21
45
18
18
23
17
46
25
27
30
0
27
31
62
22
35
40
28
15
36
28
24
48
26
14
18
14
20
26
23
17
80
15
0
18
11
24
0
19
20
62
19
0
8
12
39
16
29
25
21
43
24
23
33
44
28
28
9
5
22
14
0
1
9
37
0
16
17
11
18
33
24
39
11
18
11
16
19
4
17
0
18
7
35
0
28
15
18
29
25
8
11
12
10
18
15
25
33
21
19
11
13
32
26
17
14
17
38
20
28
34
27
0
21
32
15
17
49
37
1
39
18
15
29
55
30
11
68
15
0
18
11
30
69
16
20
23
15
23
30
19
27
16
17
14
21
22
11
0
46
16
18
26
28
22
22
30
22
17
33
9
0
11
20
12
44
46
29
26
29
17
14
11
40
18
48
22
23
17
45
23
12
14
54
14
36
20
13
22
24
28
26
31
4
23
22
28
15
5
21
18
36
25
32
25
18
27
14
21
18
34
15
51
16
13
28
12
22
19
12
19
22
16
11
23
21
15
26
9
34
33
15
43
46
9
16
31
31
10
40
44
27
31
31
14
20
33
24
39
6
20
7
0
19
33
19
14
36
17
39
41
49
19
32
16
22
32
0
54
23
25
13
24
32
31
19
26
24
19
38
34
6
16
30
13
29
0
35
15
26
43
17
10
25
68
21
0
21
41
12
8
37
46
21
23
12
15
24
28
17
14
21
13
24
44
18
11
34
37
0
27
23
0
25
20
11
10
37
13
0
65
28
69
19
22
16
31
22
15
24
13
31
30
0
14
22
4
14
16
15
16
44
16
9
19
13
26
18
18
27
44
32
29
35
31
30
11
25
21
17
19
33
29
40
39
31
20
18
27
19
28
17
34
31
20
11
18
24
32
48
44
14
16
40
0
14
24
0
41
19
17
12
21
1
20
20
17
37
35
1
15
13
35
9
81
11
39
38
14
14
23
48
9
26
10
12
23
13
16
20
8
7
16
22
29
15
0
45
0
0
24
35
23
23
1
18
39
25
17
30
24
22
22
19
30
0
21
42
50
29
31
22
13
13
22
21
12
36
45
64
18
17
25
32
23
15
45
20
18
26
45
7
13
34
22
21
1
19
13
45
41
42
0
15
26
33
9
13
13
53
23
22
14
11
22
2
42
23
27
28
28
8
33
17
14
32
18
0
16
20
50
18
18
12
9
17
8
23
40
23
15
28
31
61
17
23
2
18
24
22
16
13
33
22
10
15
14
30
20
18
35
25
22
31
17
33
11
18
27
73
30
11
33
16
3
23
26
28
82
51
21
0
13
21
22
22
0
13
11
32
23
10
7
16
22
12
17
27
18
28
6
34
20
26
27
22
18
17
0
20
21
8
24
22
26
33
11
0
38
49
7
33
37
46
33
25
16
15
34
26
9
31
32
31
26
41
36
12
14
40
14
16
14
10
0
1
27
23
27
47
51
17
44
5
21
27
0
25
9
30
29
17
14
0
14
41
32
17
12
37
18
15
15
18
47
14
11
0
76
41
28
8
10
22
12
16
12
24
14
10
38
33
33
33
11
13
18
2
10
37
17
39
14
32
0
16
0
16
21
48
15
22
20
11
0
28
98
30
28
26
16
11
27
26
18
23
15
27
13
12
20
15
14
22
14
48
47
31
33
56
0
9
9
6
18
11
6
28
30
14
24
13
14
20
45
0
17
47
15
13
22
11
10
26
22
60
33
25
10
14
41
30
0
18
32
0
26
48
26
34
9
12
43
32
44
27
17
8
13
40
37
10
0
13
13
96
20
15
12
0
0
26
32
0
27
11
51
33
31
37
8
19
14
30
23
29
16
22
11
0
22
18
24
23
32
10
0
3
16
23
13
8
49
21
31
12
20
25
0
13028063
12981166
12523328
