\BOOKMARK [1][-]{section.1}{试题泛做1}{}% 1
\BOOKMARK [2][-]{subsection.1.1}{Cdoefroces\040263E\040Rhombus}{section.1}% 2
\BOOKMARK [3][-]{subsubsection.1.1.1}{题意}{subsection.1.1}% 3
\BOOKMARK [3][-]{subsubsection.1.1.2}{数据范围}{subsection.1.1}% 4
\BOOKMARK [3][-]{subsubsection.1.1.3}{题解}{subsection.1.1}% 5
\BOOKMARK [3][-]{subsubsection.1.1.4}{时空复杂度}{subsection.1.1}% 6
\BOOKMARK [2][-]{subsection.1.2}{Codeforces\040301E\040Yaroslav\040and\040Arrangements*}{section.1}% 7
\BOOKMARK [3][-]{subsubsection.1.2.1}{题意}{subsection.1.2}% 8
\BOOKMARK [3][-]{subsubsection.1.2.2}{数据范围}{subsection.1.2}% 9
\BOOKMARK [3][-]{subsubsection.1.2.3}{题解}{subsection.1.2}% 10
\BOOKMARK [3][-]{subsubsection.1.2.4}{时空复杂度}{subsection.1.2}% 11
\BOOKMARK [2][-]{subsection.1.3}{Codeforces\040325D\040Reclamation}{section.1}% 12
\BOOKMARK [3][-]{subsubsection.1.3.1}{题意}{subsection.1.3}% 13
\BOOKMARK [3][-]{subsubsection.1.3.2}{数据范围}{subsection.1.3}% 14
\BOOKMARK [3][-]{subsubsection.1.3.3}{题解}{subsection.1.3}% 15
\BOOKMARK [3][-]{subsubsection.1.3.4}{时空复杂度}{subsection.1.3}% 16
\BOOKMARK [2][-]{subsection.1.4}{Codeforces\040274C\040The\040Last\040Hole!}{section.1}% 17
\BOOKMARK [3][-]{subsubsection.1.4.1}{题意}{subsection.1.4}% 18
\BOOKMARK [3][-]{subsubsection.1.4.2}{数据范围}{subsection.1.4}% 19
\BOOKMARK [3][-]{subsubsection.1.4.3}{题解}{subsection.1.4}% 20
\BOOKMARK [3][-]{subsubsection.1.4.4}{时空复杂度}{subsection.1.4}% 21
\BOOKMARK [2][-]{subsection.1.5}{USACO\040Open\040Contest\0402008,\040Cow\040Neighborhoods}{section.1}% 22
\BOOKMARK [3][-]{subsubsection.1.5.1}{题意}{subsection.1.5}% 23
\BOOKMARK [3][-]{subsubsection.1.5.2}{数据范围}{subsection.1.5}% 24
\BOOKMARK [3][-]{subsubsection.1.5.3}{题解}{subsection.1.5}% 25
\BOOKMARK [3][-]{subsubsection.1.5.4}{时空复杂度}{subsection.1.5}% 26
\BOOKMARK [2][-]{subsection.1.6}{Codeforces\040260E\040Dividing\040Kingdom}{section.1}% 27
\BOOKMARK [3][-]{subsubsection.1.6.1}{题意}{subsection.1.6}% 28
\BOOKMARK [3][-]{subsubsection.1.6.2}{数据范围}{subsection.1.6}% 29
\BOOKMARK [3][-]{subsubsection.1.6.3}{题解}{subsection.1.6}% 30
\BOOKMARK [3][-]{subsubsection.1.6.4}{时空复杂度}{subsection.1.6}% 31
\BOOKMARK [2][-]{subsection.1.7}{Codeforces\040248E\040Piglet's\040Birthday}{section.1}% 32
\BOOKMARK [3][-]{subsubsection.1.7.1}{题意}{subsection.1.7}% 33
\BOOKMARK [3][-]{subsubsection.1.7.2}{数据范围}{subsection.1.7}% 34
\BOOKMARK [3][-]{subsubsection.1.7.3}{题解}{subsection.1.7}% 35
\BOOKMARK [3][-]{subsubsection.1.7.4}{时空复杂度}{subsection.1.7}% 36
\BOOKMARK [2][-]{subsection.1.8}{Codeforces\040243C\040Colorado\040Potato\040Beetle}{section.1}% 37
\BOOKMARK [3][-]{subsubsection.1.8.1}{题意}{subsection.1.8}% 38
\BOOKMARK [3][-]{subsubsection.1.8.2}{数据范围}{subsection.1.8}% 39
\BOOKMARK [3][-]{subsubsection.1.8.3}{题解}{subsection.1.8}% 40
\BOOKMARK [3][-]{subsubsection.1.8.4}{时空复杂度}{subsection.1.8}% 41
\BOOKMARK [2][-]{subsection.1.9}{Codeforces\040266D\040BerDonalds}{section.1}% 42
\BOOKMARK [3][-]{subsubsection.1.9.1}{题意}{subsection.1.9}% 43
\BOOKMARK [3][-]{subsubsection.1.9.2}{数据范围}{subsection.1.9}% 44
\BOOKMARK [3][-]{subsubsection.1.9.3}{题解}{subsection.1.9}% 45
\BOOKMARK [3][-]{subsubsection.1.9.4}{时空复杂度}{subsection.1.9}% 46
\BOOKMARK [2][-]{subsection.1.10}{Google\040Code\040Jam\040World\040Final\0402011\040B\040Rains\040Over\040Atlantis}{section.1}% 47
\BOOKMARK [3][-]{subsubsection.1.10.1}{题意}{subsection.1.10}% 48
\BOOKMARK [3][-]{subsubsection.1.10.2}{数据范围}{subsection.1.10}% 49
\BOOKMARK [3][-]{subsubsection.1.10.3}{题解}{subsection.1.10}% 50
\BOOKMARK [3][-]{subsubsection.1.10.4}{时空复杂度}{subsection.1.10}% 51
\BOOKMARK [2][-]{subsection.1.11}{Codeforces\040243E\040Matrix*}{section.1}% 52
\BOOKMARK [3][-]{subsubsection.1.11.1}{题意}{subsection.1.11}% 53
\BOOKMARK [3][-]{subsubsection.1.11.2}{数据范围}{subsection.1.11}% 54
\BOOKMARK [3][-]{subsubsection.1.11.3}{题解}{subsection.1.11}% 55
\BOOKMARK [3][-]{subsubsection.1.11.4}{时空复杂度}{subsection.1.11}% 56
\BOOKMARK [2][-]{subsection.1.12}{Usaco November Contest 2008，toys*}{section.1}% 57
\BOOKMARK [3][-]{subsubsection.1.12.1}{题意}{subsection.1.12}% 58
\BOOKMARK [3][-]{subsubsection.1.12.2}{数据范围}{subsection.1.12}% 59
\BOOKMARK [3][-]{subsubsection.1.12.3}{题解}{subsection.1.12}% 60
\BOOKMARK [3][-]{subsubsection.1.12.4}{时空复杂度}{subsection.1.12}% 61
\BOOKMARK [2][-]{subsection.1.13}{Codefroces\040266\040E,More\040Queries\040to\040Array}{section.1}% 62
\BOOKMARK [3][-]{subsubsection.1.13.1}{题意}{subsection.1.13}% 63
\BOOKMARK [3][-]{subsubsection.1.13.2}{数据范围}{subsection.1.13}% 64
\BOOKMARK [3][-]{subsubsection.1.13.3}{题解}{subsection.1.13}% 65
\BOOKMARK [3][-]{subsubsection.1.13.4}{时空复杂度}{subsection.1.13}% 66
\BOOKMARK [2][-]{subsection.1.14}{Codeforces\040338D\040GCD\040Table}{section.1}% 67
\BOOKMARK [3][-]{subsubsection.1.14.1}{题意}{subsection.1.14}% 68
\BOOKMARK [3][-]{subsubsection.1.14.2}{数据范围}{subsection.1.14}% 69
\BOOKMARK [3][-]{subsubsection.1.14.3}{题解}{subsection.1.14}% 70
\BOOKMARK [3][-]{subsubsection.1.14.4}{时空复杂度}{subsection.1.14}% 71
\BOOKMARK [2][-]{subsection.1.15}{Codeforces\040280D\040k-Maximum\040Subsequence\040Sum*}{section.1}% 72
\BOOKMARK [3][-]{subsubsection.1.15.1}{题意}{subsection.1.15}% 73
\BOOKMARK [3][-]{subsubsection.1.15.2}{数据范围}{subsection.1.15}% 74
\BOOKMARK [3][-]{subsubsection.1.15.3}{题解}{subsection.1.15}% 75
\BOOKMARK [3][-]{subsubsection.1.15.4}{时空复杂度}{subsection.1.15}% 76
\BOOKMARK [1][-]{section.2}{试题泛做2}{}% 77
\BOOKMARK [2][-]{subsection.2.1}{Google\040Code\040Jam\040World\040Final\0402014\040D\040Paradox\040Sort*}{section.2}% 78
\BOOKMARK [3][-]{subsubsection.2.1.1}{题意}{subsection.2.1}% 79
\BOOKMARK [3][-]{subsubsection.2.1.2}{数据范围}{subsection.2.1}% 80
\BOOKMARK [3][-]{subsubsection.2.1.3}{题解}{subsection.2.1}% 81
\BOOKMARK [3][-]{subsubsection.2.1.4}{时空复杂度}{subsection.2.1}% 82
\BOOKMARK [2][-]{subsection.2.2}{USACO\040December\040Contest\0402012,\040Gangs\040of\040Istanbull/Cowstantinople}{section.2}% 83
\BOOKMARK [3][-]{subsubsection.2.2.1}{题意}{subsection.2.2}% 84
\BOOKMARK [3][-]{subsubsection.2.2.2}{数据范围}{subsection.2.2}% 85
\BOOKMARK [3][-]{subsubsection.2.2.3}{题解}{subsection.2.2}% 86
\BOOKMARK [3][-]{subsubsection.2.2.4}{时空复杂度}{subsection.2.2}% 87
\BOOKMARK [2][-]{subsection.2.3}{Codeforces\040311C\040The\040Great\040Julya\040Calendar*}{section.2}% 88
\BOOKMARK [3][-]{subsubsection.2.3.1}{题意}{subsection.2.3}% 89
\BOOKMARK [3][-]{subsubsection.2.3.2}{数据范围}{subsection.2.3}% 90
\BOOKMARK [3][-]{subsubsection.2.3.3}{题解}{subsection.2.3}% 91
\BOOKMARK [3][-]{subsubsection.2.3.4}{时空复杂度}{subsection.2.3}% 92
\BOOKMARK [2][-]{subsection.2.4}{Codeforces\040268D\040Wall\040Bars}{section.2}% 93
\BOOKMARK [3][-]{subsubsection.2.4.1}{题意}{subsection.2.4}% 94
\BOOKMARK [3][-]{subsubsection.2.4.2}{数据范围}{subsection.2.4}% 95
\BOOKMARK [3][-]{subsubsection.2.4.3}{题解}{subsection.2.4}% 96
\BOOKMARK [3][-]{subsubsection.2.4.4}{时空复杂度}{subsection.2.4}% 97
\BOOKMARK [2][-]{subsection.2.5}{Codeforces\040286D\040tourist}{section.2}% 98
\BOOKMARK [3][-]{subsubsection.2.5.1}{题意}{subsection.2.5}% 99
\BOOKMARK [3][-]{subsubsection.2.5.2}{数据范围}{subsection.2.5}% 100
\BOOKMARK [3][-]{subsubsection.2.5.3}{题解}{subsection.2.5}% 101
\BOOKMARK [3][-]{subsubsection.2.5.4}{时空复杂度}{subsection.2.5}% 102
\BOOKMARK [2][-]{subsection.2.6}{Codeforces\040360D\040Levko\040and\040Sets}{section.2}% 103
\BOOKMARK [3][-]{subsubsection.2.6.1}{数据范围}{subsection.2.6}% 104
\BOOKMARK [3][-]{subsubsection.2.6.2}{题解}{subsection.2.6}% 105
\BOOKMARK [3][-]{subsubsection.2.6.3}{时空复杂度}{subsection.2.6}% 106
\BOOKMARK [2][-]{subsection.2.7}{Codeforces\040316G3\040Good\040Substrings}{section.2}% 107
\BOOKMARK [3][-]{subsubsection.2.7.1}{题意}{subsection.2.7}% 108
\BOOKMARK [3][-]{subsubsection.2.7.2}{数据范围}{subsection.2.7}% 109
\BOOKMARK [3][-]{subsubsection.2.7.3}{题解}{subsection.2.7}% 110
\BOOKMARK [3][-]{subsubsection.2.7.4}{时空复杂度}{subsection.2.7}% 111
\BOOKMARK [2][-]{subsection.2.8}{Google\040Code\040Jam\040World\040Final\0402014\040E\040Allergy\040Testing*}{section.2}% 112
\BOOKMARK [3][-]{subsubsection.2.8.1}{题意}{subsection.2.8}% 113
\BOOKMARK [3][-]{subsubsection.2.8.2}{数据范围}{subsection.2.8}% 114
\BOOKMARK [3][-]{subsubsection.2.8.3}{题解}{subsection.2.8}% 115
\BOOKMARK [3][-]{subsubsection.2.8.4}{时空复杂度}{subsection.2.8}% 116
\BOOKMARK [2][-]{subsection.2.9}{Codeforces\040325C\040Monsters\040and\040Diamonds}{section.2}% 117
\BOOKMARK [3][-]{subsubsection.2.9.1}{题意}{subsection.2.9}% 118
\BOOKMARK [3][-]{subsubsection.2.9.2}{数据范围}{subsection.2.9}% 119
\BOOKMARK [3][-]{subsubsection.2.9.3}{题解}{subsection.2.9}% 120
\BOOKMARK [3][-]{subsubsection.2.9.4}{时空复杂度}{subsection.2.9}% 121
\BOOKMARK [2][-]{subsection.2.10}{USACO\040December\040Contest\0402012,\040First!}{section.2}% 122
\BOOKMARK [3][-]{subsubsection.2.10.1}{题意}{subsection.2.10}% 123
\BOOKMARK [3][-]{subsubsection.2.10.2}{数据范围}{subsection.2.10}% 124
\BOOKMARK [3][-]{subsubsection.2.10.3}{题解}{subsection.2.10}% 125
\BOOKMARK [3][-]{subsubsection.2.10.4}{时空复杂度}{subsection.2.10}% 126
\BOOKMARK [2][-]{subsection.2.11}{Codeforces\040269\040E\040String\040Theory*}{section.2}% 127
\BOOKMARK [3][-]{subsubsection.2.11.1}{题意}{subsection.2.11}% 128
\BOOKMARK [3][-]{subsubsection.2.11.2}{数据范围}{subsection.2.11}% 129
\BOOKMARK [3][-]{subsubsection.2.11.3}{题解}{subsection.2.11}% 130
\BOOKMARK [3][-]{subsubsection.2.11.4}{时空复杂度}{subsection.2.11}% 131
\BOOKMARK [2][-]{subsection.2.12}{Codeforces\040323C\040Two\040permutations}{section.2}% 132
\BOOKMARK [3][-]{subsubsection.2.12.1}{题意}{subsection.2.12}% 133
\BOOKMARK [3][-]{subsubsection.2.12.2}{数据范围}{subsection.2.12}% 134
\BOOKMARK [3][-]{subsubsection.2.12.3}{题解}{subsection.2.12}% 135
\BOOKMARK [3][-]{subsubsection.2.12.4}{时空复杂度}{subsection.2.12}% 136
\BOOKMARK [2][-]{subsection.2.13}{Codeforces\040254D\040Rats}{section.2}% 137
\BOOKMARK [3][-]{subsubsection.2.13.1}{题意}{subsection.2.13}% 138
\BOOKMARK [3][-]{subsubsection.2.13.2}{数据范围}{subsection.2.13}% 139
\BOOKMARK [3][-]{subsubsection.2.13.3}{题解}{subsection.2.13}% 140
\BOOKMARK [3][-]{subsubsection.2.13.4}{时空复杂度}{subsection.2.13}% 141
\BOOKMARK [2][-]{subsection.2.14}{Codeforces\040243D\040Cubes}{section.2}% 142
\BOOKMARK [3][-]{subsubsection.2.14.1}{题意}{subsection.2.14}% 143
\BOOKMARK [3][-]{subsubsection.2.14.2}{数据范围}{subsection.2.14}% 144
\BOOKMARK [3][-]{subsubsection.2.14.3}{题解}{subsection.2.14}% 145
\BOOKMARK [3][-]{subsubsection.2.14.4}{时空复杂度}{subsection.2.14}% 146
\BOOKMARK [2][-]{subsection.2.15}{Codeforces\040283E\040Cow\040Tennis\040Tournament}{section.2}% 147
\BOOKMARK [3][-]{subsubsection.2.15.1}{题意}{subsection.2.15}% 148
\BOOKMARK [3][-]{subsubsection.2.15.2}{数据范围}{subsection.2.15}% 149
\BOOKMARK [3][-]{subsubsection.2.15.3}{题解}{subsection.2.15}% 150
\BOOKMARK [3][-]{subsubsection.2.15.4}{时空复杂度}{subsection.2.15}% 151
\BOOKMARK [1][-]{section.3}{试题泛做3}{}% 152
\BOOKMARK [2][-]{subsection.3.1}{Codeforces\040339E\040Three\040Swaps}{section.3}% 153
\BOOKMARK [3][-]{subsubsection.3.1.1}{题意}{subsection.3.1}% 154
\BOOKMARK [3][-]{subsubsection.3.1.2}{数据范围}{subsection.3.1}% 155
\BOOKMARK [3][-]{subsubsection.3.1.3}{题解}{subsection.3.1}% 156
\BOOKMARK [3][-]{subsubsection.3.1.4}{时空复杂度}{subsection.3.1}% 157
\BOOKMARK [2][-]{subsection.3.2}{Codeforces\040309D\040Tennis\040Rackets}{section.3}% 158
\BOOKMARK [3][-]{subsubsection.3.2.1}{题意}{subsection.3.2}% 159
\BOOKMARK [3][-]{subsubsection.3.2.2}{数据范围}{subsection.3.2}% 160
\BOOKMARK [3][-]{subsubsection.3.2.3}{题解}{subsection.3.2}% 161
\BOOKMARK [3][-]{subsubsection.3.2.4}{时空复杂度}{subsection.3.2}% 162
\BOOKMARK [2][-]{subsection.3.3}{Codeforces\040249D\040Donkey\040and\040Stars}{section.3}% 163
\BOOKMARK [3][-]{subsubsection.3.3.1}{题意}{subsection.3.3}% 164
\BOOKMARK [3][-]{subsubsection.3.3.2}{数据范围}{subsection.3.3}% 165
\BOOKMARK [3][-]{subsubsection.3.3.3}{题解}{subsection.3.3}% 166
\BOOKMARK [3][-]{subsubsection.3.3.4}{时空复杂度}{subsection.3.3}% 167
\BOOKMARK [2][-]{subsection.3.4}{Google\040Code\040Jam\040World\040Final\0402009\040F\040Lights}{section.3}% 168
\BOOKMARK [3][-]{subsubsection.3.4.1}{题意}{subsection.3.4}% 169
\BOOKMARK [3][-]{subsubsection.3.4.2}{数据范围}{subsection.3.4}% 170
\BOOKMARK [3][-]{subsubsection.3.4.3}{题解}{subsection.3.4}% 171
\BOOKMARK [3][-]{subsubsection.3.4.4}{时空复杂度}{subsection.3.4}% 172
\BOOKMARK [2][-]{subsection.3.5}{Codeforces\040238E\040Meeting\040Her}{section.3}% 173
\BOOKMARK [3][-]{subsubsection.3.5.1}{题意}{subsection.3.5}% 174
\BOOKMARK [3][-]{subsubsection.3.5.2}{数据范围}{subsection.3.5}% 175
\BOOKMARK [3][-]{subsubsection.3.5.3}{题解}{subsection.3.5}% 176
\BOOKMARK [3][-]{subsubsection.3.5.4}{时空复杂度}{subsection.3.5}% 177
\BOOKMARK [2][-]{subsection.3.6}{USACO\040Open\040Contest\0402014,\040Code\040Breaking}{section.3}% 178
\BOOKMARK [3][-]{subsubsection.3.6.1}{题意}{subsection.3.6}% 179
\BOOKMARK [3][-]{subsubsection.3.6.2}{数据范围}{subsection.3.6}% 180
\BOOKMARK [3][-]{subsubsection.3.6.3}{题解}{subsection.3.6}% 181
\BOOKMARK [3][-]{subsubsection.3.6.4}{时空复杂度}{subsection.3.6}% 182
\BOOKMARK [2][-]{subsection.3.7}{Codeforces\040280E\040Sequence\040Transformation*}{section.3}% 183
\BOOKMARK [3][-]{subsubsection.3.7.1}{题意}{subsection.3.7}% 184
\BOOKMARK [3][-]{subsubsection.3.7.2}{数据范围}{subsection.3.7}% 185
\BOOKMARK [3][-]{subsubsection.3.7.3}{题解}{subsection.3.7}% 186
\BOOKMARK [3][-]{subsubsection.3.7.4}{时空复杂度}{subsection.3.7}% 187
\BOOKMARK [2][-]{subsection.3.8}{Codeforces\040329D\040The\040Evil\040Temple\040and\040the\040Moving\040Rocks}{section.3}% 188
\BOOKMARK [3][-]{subsubsection.3.8.1}{题意}{subsection.3.8}% 189
\BOOKMARK [3][-]{subsubsection.3.8.2}{数据范围}{subsection.3.8}% 190
\BOOKMARK [3][-]{subsubsection.3.8.3}{题解}{subsection.3.8}% 191
\BOOKMARK [3][-]{subsubsection.3.8.4}{时空复杂度}{subsection.3.8}% 192
\BOOKMARK [2][-]{subsection.3.9}{Codeforces\040317E\040Princess\040and\040Her\040Shadow}{section.3}% 193
\BOOKMARK [3][-]{subsubsection.3.9.1}{题意}{subsection.3.9}% 194
\BOOKMARK [3][-]{subsubsection.3.9.2}{数据范围}{subsection.3.9}% 195
\BOOKMARK [3][-]{subsubsection.3.9.3}{题解}{subsection.3.9}% 196
\BOOKMARK [3][-]{subsubsection.3.9.4}{时空复杂度}{subsection.3.9}% 197
\BOOKMARK [2][-]{subsection.3.10}{Codeforces\040269D\040Maximum\040Waterfall}{section.3}% 198
\BOOKMARK [3][-]{subsubsection.3.10.1}{题意}{subsection.3.10}% 199
\BOOKMARK [3][-]{subsubsection.3.10.2}{数据范围}{subsection.3.10}% 200
\BOOKMARK [3][-]{subsubsection.3.10.3}{题解}{subsection.3.10}% 201
\BOOKMARK [3][-]{subsubsection.3.10.4}{时空复杂度}{subsection.3.10}% 202
\BOOKMARK [2][-]{subsection.3.11}{USACO\040Open\040Contest\0402009,Tower\040of\040Hay*}{section.3}% 203
\BOOKMARK [3][-]{subsubsection.3.11.1}{题意}{subsection.3.11}% 204
\BOOKMARK [3][-]{subsubsection.3.11.2}{数据范围}{subsection.3.11}% 205
\BOOKMARK [3][-]{subsubsection.3.11.3}{题解}{subsection.3.11}% 206
\BOOKMARK [3][-]{subsubsection.3.11.4}{时空复杂度}{subsection.3.11}% 207
\BOOKMARK [2][-]{subsection.3.12}{Google\040Code\040Jam\0402011\040World\040Finals\040C\040Program\040within\040a\040Program*}{section.3}% 208
\BOOKMARK [3][-]{subsubsection.3.12.1}{题意}{subsection.3.12}% 209
\BOOKMARK [3][-]{subsubsection.3.12.2}{数据范围}{subsection.3.12}% 210
\BOOKMARK [3][-]{subsubsection.3.12.3}{题解}{subsection.3.12}% 211
\BOOKMARK [3][-]{subsubsection.3.12.4}{时空复杂度}{subsection.3.12}% 212
\BOOKMARK [2][-]{subsection.3.13}{Google\040Code\040Jam\040World\040Final\0402013\040E\040Let\040Me\040Tell\040You\040a\040Story}{section.3}% 213
\BOOKMARK [3][-]{subsubsection.3.13.1}{题意}{subsection.3.13}% 214
\BOOKMARK [3][-]{subsubsection.3.13.2}{数据范围}{subsection.3.13}% 215
\BOOKMARK [3][-]{subsubsection.3.13.3}{题解}{subsection.3.13}% 216
\BOOKMARK [3][-]{subsubsection.3.13.4}{时空复杂度}{subsection.3.13}% 217
\BOOKMARK [2][-]{subsection.3.14}{Codeforces\040264E\040Roadside\040Trees}{section.3}% 218
\BOOKMARK [3][-]{subsubsection.3.14.1}{题意}{subsection.3.14}% 219
\BOOKMARK [3][-]{subsubsection.3.14.2}{数据范围}{subsection.3.14}% 220
\BOOKMARK [3][-]{subsubsection.3.14.3}{题解}{subsection.3.14}% 221
\BOOKMARK [3][-]{subsubsection.3.14.4}{时空复杂度}{subsection.3.14}% 222
\BOOKMARK [1][-]{section.4}{试题泛做4}{}% 223
\BOOKMARK [2][-]{subsection.4.1}{Codeforces\040293E\040Close\040Vertices}{section.4}% 224
\BOOKMARK [3][-]{subsubsection.4.1.1}{题意}{subsection.4.1}% 225
\BOOKMARK [3][-]{subsubsection.4.1.2}{数据范围}{subsection.4.1}% 226
\BOOKMARK [3][-]{subsubsection.4.1.3}{题解}{subsection.4.1}% 227
\BOOKMARK [3][-]{subsubsection.4.1.4}{时空复杂度}{subsection.4.1}% 228
\BOOKMARK [2][-]{subsection.4.2}{Codeforces\040306C\040White,\040Black\040and\040White\040Again}{section.4}% 229
\BOOKMARK [3][-]{subsubsection.4.2.1}{题意}{subsection.4.2}% 230
\BOOKMARK [3][-]{subsubsection.4.2.2}{数据范围}{subsection.4.2}% 231
\BOOKMARK [3][-]{subsubsection.4.2.3}{题解}{subsection.4.2}% 232
\BOOKMARK [3][-]{subsubsection.4.2.4}{时空复杂度}{subsection.4.2}% 233
\BOOKMARK [2][-]{subsection.4.3}{Codeforces\040331E2\040Deja\040Vu*}{section.4}% 234
\BOOKMARK [3][-]{subsubsection.4.3.1}{题意}{subsection.4.3}% 235
\BOOKMARK [3][-]{subsubsection.4.3.2}{数据范围}{subsection.4.3}% 236
\BOOKMARK [3][-]{subsubsection.4.3.3}{题解}{subsection.4.3}% 237
\BOOKMARK [3][-]{subsubsection.4.3.4}{时空复杂度}{subsection.4.3}% 238
\BOOKMARK [2][-]{subsection.4.4}{Google\040Code\040Jam\0402009\040Final\040A\040Year\040of\040More\040Code\040Jam}{section.4}% 239
\BOOKMARK [3][-]{subsubsection.4.4.1}{题意}{subsection.4.4}% 240
\BOOKMARK [3][-]{subsubsection.4.4.2}{数据范围}{subsection.4.4}% 241
\BOOKMARK [3][-]{subsubsection.4.4.3}{题解}{subsection.4.4}% 242
\BOOKMARK [3][-]{subsubsection.4.4.4}{时空复杂度}{subsection.4.4}% 243
\BOOKMARK [2][-]{subsection.4.5}{Codeforces\040321D\040Ciel\040and\040Flipboard*}{section.4}% 244
\BOOKMARK [3][-]{subsubsection.4.5.1}{题意}{subsection.4.5}% 245
\BOOKMARK [3][-]{subsubsection.4.5.2}{数据范围}{subsection.4.5}% 246
\BOOKMARK [3][-]{subsubsection.4.5.3}{题解}{subsection.4.5}% 247
\BOOKMARK [3][-]{subsubsection.4.5.4}{时空复杂度}{subsection.4.5}% 248
\BOOKMARK [2][-]{subsection.4.6}{USACO\040December\040Contest\0402010,Threatening\040Letter}{section.4}% 249
\BOOKMARK [3][-]{subsubsection.4.6.1}{题意}{subsection.4.6}% 250
\BOOKMARK [3][-]{subsubsection.4.6.2}{数据范围}{subsection.4.6}% 251
\BOOKMARK [3][-]{subsubsection.4.6.3}{题解}{subsection.4.6}% 252
\BOOKMARK [3][-]{subsubsection.4.6.4}{时空复杂度}{subsection.4.6}% 253
\BOOKMARK [2][-]{subsection.4.7}{Google\040Code\040Jam\0402009\040Final\040C\040Doubly-sorted\040Grid}{section.4}% 254
\BOOKMARK [3][-]{subsubsection.4.7.1}{题意}{subsection.4.7}% 255
\BOOKMARK [3][-]{subsubsection.4.7.2}{数据范围}{subsection.4.7}% 256
\BOOKMARK [3][-]{subsubsection.4.7.3}{题解}{subsection.4.7}% 257
\BOOKMARK [3][-]{subsubsection.4.7.4}{时空复杂度}{subsection.4.7}% 258
\BOOKMARK [2][-]{subsection.4.8}{USACO\040Open\040Contest\0402007,\040Connect}{section.4}% 259
\BOOKMARK [3][-]{subsubsection.4.8.1}{题意}{subsection.4.8}% 260
\BOOKMARK [3][-]{subsubsection.4.8.2}{数据范围}{subsection.4.8}% 261
\BOOKMARK [3][-]{subsubsection.4.8.3}{题解}{subsection.4.8}% 262
\BOOKMARK [3][-]{subsubsection.4.8.4}{时空复杂度}{subsection.4.8}% 263
\BOOKMARK [2][-]{subsection.4.9}{Codeforces\040261E\040Maxim\040and\040Calculator}{section.4}% 264
\BOOKMARK [3][-]{subsubsection.4.9.1}{题意}{subsection.4.9}% 265
\BOOKMARK [3][-]{subsubsection.4.9.2}{数据范围}{subsection.4.9}% 266
\BOOKMARK [3][-]{subsubsection.4.9.3}{题解}{subsection.4.9}% 267
\BOOKMARK [3][-]{subsubsection.4.9.4}{时空复杂度}{subsection.4.9}% 268
\BOOKMARK [2][-]{subsection.4.10}{Google\040Code\040Jam\040World\040Final\0402009\040E\040Marbles*}{section.4}% 269
\BOOKMARK [3][-]{subsubsection.4.10.1}{题意}{subsection.4.10}% 270
\BOOKMARK [3][-]{subsubsection.4.10.2}{数据范围}{subsection.4.10}% 271
\BOOKMARK [3][-]{subsubsection.4.10.3}{题解}{subsection.4.10}% 272
\BOOKMARK [3][-]{subsubsection.4.10.4}{时空复杂度}{subsection.4.10}% 273
\BOOKMARK [2][-]{subsection.4.11}{Codeforces\040264D\040Colorful\040Stones}{section.4}% 274
\BOOKMARK [3][-]{subsubsection.4.11.1}{题意}{subsection.4.11}% 275
\BOOKMARK [3][-]{subsubsection.4.11.2}{数据范围}{subsection.4.11}% 276
\BOOKMARK [3][-]{subsubsection.4.11.3}{题解}{subsection.4.11}% 277
\BOOKMARK [3][-]{subsubsection.4.11.4}{时空复杂度}{subsection.4.11}% 278
\BOOKMARK [2][-]{subsection.4.12}{Google\040Code\040Jam\040World\040Final\0402010\040C\040Candy\040Store*}{section.4}% 279
\BOOKMARK [3][-]{subsubsection.4.12.1}{题意}{subsection.4.12}% 280
\BOOKMARK [3][-]{subsubsection.4.12.2}{数据范围}{subsection.4.12}% 281
\BOOKMARK [3][-]{subsubsection.4.12.3}{题解}{subsection.4.12}% 282
\BOOKMARK [3][-]{subsubsection.4.12.4}{时空复杂度}{subsection.4.12}% 283
\BOOKMARK [2][-]{subsection.4.13}{Codeforces\040342D\040Xenia\040and\040Dominoes}{section.4}% 284
\BOOKMARK [3][-]{subsubsection.4.13.1}{题意}{subsection.4.13}% 285
\BOOKMARK [3][-]{subsubsection.4.13.2}{数据范围}{subsection.4.13}% 286
\BOOKMARK [3][-]{subsubsection.4.13.3}{题解}{subsection.4.13}% 287
\BOOKMARK [3][-]{subsubsection.4.13.4}{时空复杂度}{subsection.4.13}% 288
\BOOKMARK [2][-]{subsection.4.14}{Codeforces\040273E\040Dima\040and\040Game}{section.4}% 289
\BOOKMARK [3][-]{subsubsection.4.14.1}{题意}{subsection.4.14}% 290
\BOOKMARK [3][-]{subsubsection.4.14.2}{数据范围}{subsection.4.14}% 291
\BOOKMARK [3][-]{subsubsection.4.14.3}{题解}{subsection.4.14}% 292
\BOOKMARK [3][-]{subsubsection.4.14.4}{时空复杂度}{subsection.4.14}% 293
\BOOKMARK [2][-]{subsection.4.15}{Codeforces\040335E\040Counting\040Skyscrapers*}{section.4}% 294
\BOOKMARK [3][-]{subsubsection.4.15.1}{题意}{subsection.4.15}% 295
\BOOKMARK [3][-]{subsubsection.4.15.2}{数据范围}{subsection.4.15}% 296
\BOOKMARK [3][-]{subsubsection.4.15.3}{题解}{subsection.4.15}% 297
\BOOKMARK [3][-]{subsubsection.4.15.4}{时空复杂度}{subsection.4.15}% 298
\BOOKMARK [1][-]{section.5}{试题泛做5}{}% 299
\BOOKMARK [2][-]{subsection.5.1}{Codeforces\040351D\040Jeff\040and\040Removing\040Periods}{section.5}% 300
\BOOKMARK [3][-]{subsubsection.5.1.1}{题意}{subsection.5.1}% 301
\BOOKMARK [3][-]{subsubsection.5.1.2}{数据范围}{subsection.5.1}% 302
\BOOKMARK [3][-]{subsubsection.5.1.3}{题解}{subsection.5.1}% 303
\BOOKMARK [3][-]{subsubsection.5.1.4}{时空复杂度}{subsection.5.1}% 304
\BOOKMARK [2][-]{subsection.5.2}{Codeforces\040241B\040Friends}{section.5}% 305
\BOOKMARK [3][-]{subsubsection.5.2.1}{题意}{subsection.5.2}% 306
\BOOKMARK [3][-]{subsubsection.5.2.2}{数据范围}{subsection.5.2}% 307
\BOOKMARK [3][-]{subsubsection.5.2.3}{题解}{subsection.5.2}% 308
\BOOKMARK [3][-]{subsubsection.5.2.4}{时空复杂度}{subsection.5.2}% 309
\BOOKMARK [2][-]{subsection.5.3}{Codeforces\040323B\040Tournament-graph}{section.5}% 310
\BOOKMARK [3][-]{subsubsection.5.3.1}{题意}{subsection.5.3}% 311
\BOOKMARK [3][-]{subsubsection.5.3.2}{数据范围}{subsection.5.3}% 312
\BOOKMARK [3][-]{subsubsection.5.3.3}{题解}{subsection.5.3}% 313
\BOOKMARK [3][-]{subsubsection.5.3.4}{时空复杂度}{subsection.5.3}% 314
\BOOKMARK [2][-]{subsection.5.4}{USACO\040March\040Contest\0402008,\040Land\040Acquisition}{section.5}% 315
\BOOKMARK [3][-]{subsubsection.5.4.1}{题意}{subsection.5.4}% 316
\BOOKMARK [3][-]{subsubsection.5.4.2}{数据范围}{subsection.5.4}% 317
\BOOKMARK [3][-]{subsubsection.5.4.3}{题解}{subsection.5.4}% 318
\BOOKMARK [3][-]{subsubsection.5.4.4}{时空复杂度}{subsection.5.4}% 319
\BOOKMARK [2][-]{subsection.5.5}{Codeforces\040305E\040Playing\040with\040String}{section.5}% 320
\BOOKMARK [3][-]{subsubsection.5.5.1}{题意}{subsection.5.5}% 321
\BOOKMARK [3][-]{subsubsection.5.5.2}{数据范围}{subsection.5.5}% 322
\BOOKMARK [3][-]{subsubsection.5.5.3}{题解}{subsection.5.5}% 323
\BOOKMARK [3][-]{subsubsection.5.5.4}{时空复杂度}{subsection.5.5}% 324
\BOOKMARK [2][-]{subsection.5.6}{Codeforces\040319D\040Have\040You\040Ever\040Heard\040About\040the\040Word?}{section.5}% 325
\BOOKMARK [3][-]{subsubsection.5.6.1}{题意}{subsection.5.6}% 326
\BOOKMARK [3][-]{subsubsection.5.6.2}{数据范围}{subsection.5.6}% 327
\BOOKMARK [3][-]{subsubsection.5.6.3}{题解}{subsection.5.6}% 328
\BOOKMARK [3][-]{subsubsection.5.6.4}{时空复杂度}{subsection.5.6}% 329
\BOOKMARK [2][-]{subsection.5.7}{Codeforcces\040277D\040Google\040Code\040Jam}{section.5}% 330
\BOOKMARK [3][-]{subsubsection.5.7.1}{题意}{subsection.5.7}% 331
\BOOKMARK [3][-]{subsubsection.5.7.2}{数据范围}{subsection.5.7}% 332
\BOOKMARK [3][-]{subsubsection.5.7.3}{题解}{subsection.5.7}% 333
\BOOKMARK [3][-]{subsubsection.5.7.4}{时空复杂度}{subsection.5.7}% 334
\BOOKMARK [2][-]{subsection.5.8}{Codeforces\040314E\040Sereja\040and\040Squares}{section.5}% 335
\BOOKMARK [3][-]{subsubsection.5.8.1}{题意}{subsection.5.8}% 336
\BOOKMARK [3][-]{subsubsection.5.8.2}{数据范围}{subsection.5.8}% 337
\BOOKMARK [3][-]{subsubsection.5.8.3}{题解}{subsection.5.8}% 338
\BOOKMARK [3][-]{subsubsection.5.8.4}{时空复杂度}{subsection.5.8}% 339
\BOOKMARK [2][-]{subsection.5.9}{Codeforces\040317C\040Balance}{section.5}% 340
\BOOKMARK [3][-]{subsubsection.5.9.1}{题意}{subsection.5.9}% 341
\BOOKMARK [3][-]{subsubsection.5.9.2}{数据范围}{subsection.5.9}% 342
\BOOKMARK [3][-]{subsubsection.5.9.3}{题解}{subsection.5.9}% 343
\BOOKMARK [3][-]{subsubsection.5.9.4}{时空复杂度}{subsection.5.9}% 344
\BOOKMARK [2][-]{subsection.5.10}{Codeforces\040238D\040Tape\040Programming*}{section.5}% 345
\BOOKMARK [3][-]{subsubsection.5.10.1}{题意}{subsection.5.10}% 346
\BOOKMARK [3][-]{subsubsection.5.10.2}{数据范围}{subsection.5.10}% 347
\BOOKMARK [3][-]{subsubsection.5.10.3}{题解}{subsection.5.10}% 348
\BOOKMARK [3][-]{subsubsection.5.10.4}{时空复杂度}{subsection.5.10}% 349
\BOOKMARK [2][-]{subsection.5.11}{Codeforces\040303D\040Rotatable\040Number}{section.5}% 350
\BOOKMARK [3][-]{subsubsection.5.11.1}{题意}{subsection.5.11}% 351
\BOOKMARK [3][-]{subsubsection.5.11.2}{数据范围}{subsection.5.11}% 352
\BOOKMARK [3][-]{subsubsection.5.11.3}{题解}{subsection.5.11}% 353
\BOOKMARK [3][-]{subsubsection.5.11.4}{时空复杂度}{subsection.5.11}% 354
\BOOKMARK [2][-]{subsection.5.12}{Codeforcces\040235E\040Number\040Challenge*}{section.5}% 355
\BOOKMARK [3][-]{subsubsection.5.12.1}{题意}{subsection.5.12}% 356
\BOOKMARK [3][-]{subsubsection.5.12.2}{数据范围}{subsection.5.12}% 357
\BOOKMARK [3][-]{subsubsection.5.12.3}{题解}{subsection.5.12}% 358
\BOOKMARK [3][-]{subsubsection.5.12.4}{时空复杂度}{subsection.5.12}% 359
\BOOKMARK [2][-]{subsection.5.13}{Codeforces\040301C\040Yaroslav\040and\040Algorithm*}{section.5}% 360
\BOOKMARK [3][-]{subsubsection.5.13.1}{题意}{subsection.5.13}% 361
\BOOKMARK [3][-]{subsubsection.5.13.2}{数据范围}{subsection.5.13}% 362
\BOOKMARK [3][-]{subsubsection.5.13.3}{题解}{subsection.5.13}% 363
\BOOKMARK [3][-]{subsubsection.5.13.4}{时空复杂度}{subsection.5.13}% 364
\BOOKMARK [1][-]{section.6}{试题泛做6}{}% 365
\BOOKMARK [2][-]{subsection.6.1}{Codeforces\040294D\040Shaass\040and\040Painter\040Robot}{section.6}% 366
\BOOKMARK [3][-]{subsubsection.6.1.1}{题意}{subsection.6.1}% 367
\BOOKMARK [3][-]{subsubsection.6.1.2}{数据范围}{subsection.6.1}% 368
\BOOKMARK [3][-]{subsubsection.6.1.3}{题解}{subsection.6.1}% 369
\BOOKMARK [3][-]{subsubsection.6.1.4}{时空复杂度}{subsection.6.1}% 370
\BOOKMARK [2][-]{subsection.6.2}{Codeforces\040240F\040Torcoder}{section.6}% 371
\BOOKMARK [3][-]{subsubsection.6.2.1}{题意}{subsection.6.2}% 372
\BOOKMARK [3][-]{subsubsection.6.2.2}{数据范围}{subsection.6.2}% 373
\BOOKMARK [3][-]{subsubsection.6.2.3}{题解}{subsection.6.2}% 374
\BOOKMARK [3][-]{subsubsection.6.2.4}{时空复杂度}{subsection.6.2}% 375
\BOOKMARK [2][-]{subsection.6.3}{USACO\040Open\040Contest\0402011,\040Soldering}{section.6}% 376
\BOOKMARK [3][-]{subsubsection.6.3.1}{题意}{subsection.6.3}% 377
\BOOKMARK [3][-]{subsubsection.6.3.2}{数据范围}{subsection.6.3}% 378
\BOOKMARK [3][-]{subsubsection.6.3.3}{题解}{subsection.6.3}% 379
\BOOKMARK [3][-]{subsubsection.6.3.4}{时空复杂度}{subsection.6.3}% 380
\BOOKMARK [2][-]{subsection.6.4}{Codeforces\040332E\040Binary\040Key}{section.6}% 381
\BOOKMARK [3][-]{subsubsection.6.4.1}{题意}{subsection.6.4}% 382
\BOOKMARK [3][-]{subsubsection.6.4.2}{数据范围}{subsection.6.4}% 383
\BOOKMARK [3][-]{subsubsection.6.4.3}{题解}{subsection.6.4}% 384
\BOOKMARK [3][-]{subsubsection.6.4.4}{时空复杂度}{subsection.6.4}% 385
\BOOKMARK [2][-]{subsection.6.5}{Codeforces\040293D\040Ksusha\040and\040Square}{section.6}% 386
\BOOKMARK [3][-]{subsubsection.6.5.1}{题意}{subsection.6.5}% 387
\BOOKMARK [3][-]{subsubsection.6.5.2}{数据范围}{subsection.6.5}% 388
\BOOKMARK [3][-]{subsubsection.6.5.3}{题解}{subsection.6.5}% 389
\BOOKMARK [3][-]{subsubsection.6.5.4}{时空复杂度}{subsection.6.5}% 390
\BOOKMARK [2][-]{subsection.6.6}{Codeforces\040235C\040Cyclical\040Quest}{section.6}% 391
\BOOKMARK [3][-]{subsubsection.6.6.1}{题意}{subsection.6.6}% 392
\BOOKMARK [3][-]{subsubsection.6.6.2}{数据范围}{subsection.6.6}% 393
\BOOKMARK [3][-]{subsubsection.6.6.3}{题解}{subsection.6.6}% 394
\BOOKMARK [3][-]{subsubsection.6.6.4}{时空复杂度}{subsection.6.6}% 395
\BOOKMARK [2][-]{subsection.6.7}{USACO\040Open\040Contest\0402013,\040Photo}{section.6}% 396
\BOOKMARK [3][-]{subsubsection.6.7.1}{题意}{subsection.6.7}% 397
\BOOKMARK [3][-]{subsubsection.6.7.2}{数据范围}{subsection.6.7}% 398
\BOOKMARK [3][-]{subsubsection.6.7.3}{题解}{subsection.6.7}% 399
\BOOKMARK [3][-]{subsubsection.6.7.4}{时空复杂度}{subsection.6.7}% 400
\BOOKMARK [2][-]{subsection.6.8}{Codeforces\040338E\040Optimize!}{section.6}% 401
\BOOKMARK [3][-]{subsubsection.6.8.1}{题意}{subsection.6.8}% 402
\BOOKMARK [3][-]{subsubsection.6.8.2}{数据范围}{subsection.6.8}% 403
\BOOKMARK [3][-]{subsubsection.6.8.3}{题解}{subsection.6.8}% 404
\BOOKMARK [3][-]{subsubsection.6.8.4}{时空复杂度}{subsection.6.8}% 405
\BOOKMARK [2][-]{subsection.6.9}{USACO\040December\040Contest\0402007,\040Best\040Cow\040Line}{section.6}% 406
\BOOKMARK [3][-]{subsubsection.6.9.1}{题意}{subsection.6.9}% 407
\BOOKMARK [3][-]{subsubsection.6.9.2}{数据范围}{subsection.6.9}% 408
\BOOKMARK [3][-]{subsubsection.6.9.3}{题解}{subsection.6.9}% 409
\BOOKMARK [3][-]{subsubsection.6.9.4}{时空复杂度}{subsection.6.9}% 410
\BOOKMARK [2][-]{subsection.6.10}{Google\040Code\040Jam\040World\040Final\0402014\040C\040Symmetric\040Trees}{section.6}% 411
\BOOKMARK [3][-]{subsubsection.6.10.1}{题意}{subsection.6.10}% 412
\BOOKMARK [3][-]{subsubsection.6.10.2}{数据范围}{subsection.6.10}% 413
\BOOKMARK [3][-]{subsubsection.6.10.3}{题解}{subsection.6.10}% 414
\BOOKMARK [3][-]{subsubsection.6.10.4}{时空复杂度}{subsection.6.10}% 415
\BOOKMARK [2][-]{subsection.6.11}{Codeforces\040251E\040Tree\040and\040table}{section.6}% 416
\BOOKMARK [3][-]{subsubsection.6.11.1}{题意}{subsection.6.11}% 417
\BOOKMARK [3][-]{subsubsection.6.11.2}{数据范围}{subsection.6.11}% 418
\BOOKMARK [3][-]{subsubsection.6.11.3}{题解}{subsection.6.11}% 419
\BOOKMARK [3][-]{subsubsection.6.11.4}{时空复杂度}{subsection.6.11}% 420
\BOOKMARK [2][-]{subsection.6.12}{Codeforces\040249E\040Endless\040Matrix}{section.6}% 421
\BOOKMARK [3][-]{subsubsection.6.12.1}{题意}{subsection.6.12}% 422
\BOOKMARK [3][-]{subsubsection.6.12.2}{数据范围}{subsection.6.12}% 423
\BOOKMARK [3][-]{subsubsection.6.12.3}{题解}{subsection.6.12}% 424
\BOOKMARK [3][-]{subsubsection.6.12.4}{时空复杂度}{subsection.6.12}% 425
\BOOKMARK [1][-]{section.7}{试题泛做7}{}% 426
\BOOKMARK [2][-]{subsection.7.1}{USACO\040November\040Contest\0402012,\040Balanced\040Trees}{section.7}% 427
\BOOKMARK [3][-]{subsubsection.7.1.1}{题意}{subsection.7.1}% 428
\BOOKMARK [3][-]{subsubsection.7.1.2}{数据范围}{subsection.7.1}% 429
\BOOKMARK [3][-]{subsubsection.7.1.3}{题解}{subsection.7.1}% 430
\BOOKMARK [3][-]{subsubsection.7.1.4}{时空复杂度}{subsection.7.1}% 431
\BOOKMARK [2][-]{subsection.7.2}{Codeforces\040285E\040Positions\040in\040Permutations}{section.7}% 432
\BOOKMARK [3][-]{subsubsection.7.2.1}{题意}{subsection.7.2}% 433
\BOOKMARK [3][-]{subsubsection.7.2.2}{数据范围}{subsection.7.2}% 434
\BOOKMARK [3][-]{subsubsection.7.2.3}{题解}{subsection.7.2}% 435
\BOOKMARK [3][-]{subsubsection.7.2.4}{时空复杂度}{subsection.7.2}% 436
\BOOKMARK [2][-]{subsection.7.3}{Codeforces\040295D\040Greg\040and\040Caves}{section.7}% 437
\BOOKMARK [3][-]{subsubsection.7.3.1}{题意}{subsection.7.3}% 438
\BOOKMARK [3][-]{subsubsection.7.3.2}{数据范围}{subsection.7.3}% 439
\BOOKMARK [3][-]{subsubsection.7.3.3}{题解}{subsection.7.3}% 440
\BOOKMARK [3][-]{subsubsection.7.3.4}{时空复杂度}{subsection.7.3}% 441
\BOOKMARK [2][-]{subsection.7.4}{Google\040Code\040Jam\040World\040Final\0402010\040A\040Letter\040Stamper*}{section.7}% 442
\BOOKMARK [3][-]{subsubsection.7.4.1}{题意}{subsection.7.4}% 443
\BOOKMARK [3][-]{subsubsection.7.4.2}{数据范围}{subsection.7.4}% 444
\BOOKMARK [3][-]{subsubsection.7.4.3}{题解}{subsection.7.4}% 445
\BOOKMARK [3][-]{subsubsection.7.4.4}{时空复杂度}{subsection.7.4}% 446
\BOOKMARK [2][-]{subsection.7.5}{USACO\040January\040Contest\0402009,\040Safe\040Travel}{section.7}% 447
\BOOKMARK [3][-]{subsubsection.7.5.1}{题意}{subsection.7.5}% 448
\BOOKMARK [3][-]{subsubsection.7.5.2}{数据范围}{subsection.7.5}% 449
\BOOKMARK [3][-]{subsubsection.7.5.3}{题解}{subsection.7.5}% 450
\BOOKMARK [3][-]{subsubsection.7.5.4}{时空复杂度}{subsection.7.5}% 451
\BOOKMARK [2][-]{subsection.7.6}{Codeforces\040257E\040Greedy\040Elevator}{section.7}% 452
\BOOKMARK [3][-]{subsubsection.7.6.1}{题意}{subsection.7.6}% 453
\BOOKMARK [3][-]{subsubsection.7.6.2}{数据范围}{subsection.7.6}% 454
\BOOKMARK [3][-]{subsubsection.7.6.3}{题解}{subsection.7.6}% 455
\BOOKMARK [3][-]{subsubsection.7.6.4}{时空复杂度}{subsection.7.6}% 456
\BOOKMARK [2][-]{subsection.7.7}{Codeforces\040316E3\040Summer\040Homework}{section.7}% 457
\BOOKMARK [3][-]{subsubsection.7.7.1}{题意}{subsection.7.7}% 458
\BOOKMARK [3][-]{subsubsection.7.7.2}{数据范围}{subsection.7.7}% 459
\BOOKMARK [3][-]{subsubsection.7.7.3}{题解}{subsection.7.7}% 460
\BOOKMARK [3][-]{subsubsection.7.7.4}{时空复杂度}{subsection.7.7}% 461
\BOOKMARK [2][-]{subsection.7.8}{Codeforces\040356E\040Xenia\040and\040String\040Problem}{section.7}% 462
\BOOKMARK [3][-]{subsubsection.7.8.1}{题意}{subsection.7.8}% 463
\BOOKMARK [3][-]{subsubsection.7.8.2}{数据范围}{subsection.7.8}% 464
\BOOKMARK [3][-]{subsubsection.7.8.3}{题解}{subsection.7.8}% 465
\BOOKMARK [3][-]{subsubsection.7.8.4}{时空复杂度}{subsection.7.8}% 466
\BOOKMARK [2][-]{subsection.7.9}{Codeforces\040297E\040Mystic\040Carvings*}{section.7}% 467
\BOOKMARK [3][-]{subsubsection.7.9.1}{题意}{subsection.7.9}% 468
\BOOKMARK [3][-]{subsubsection.7.9.2}{数据范围}{subsection.7.9}% 469
\BOOKMARK [3][-]{subsubsection.7.9.3}{题解}{subsection.7.9}% 470
\BOOKMARK [3][-]{subsubsection.7.9.4}{时空复杂度}{subsection.7.9}% 471
\BOOKMARK [2][-]{subsection.7.10}{Codeforces\040360E\040Levko\040and\040Game}{section.7}% 472
\BOOKMARK [3][-]{subsubsection.7.10.1}{题意}{subsection.7.10}% 473
\BOOKMARK [3][-]{subsubsection.7.10.2}{数据范围}{subsection.7.10}% 474
\BOOKMARK [3][-]{subsubsection.7.10.3}{题解}{subsection.7.10}% 475
\BOOKMARK [3][-]{subsubsection.7.10.4}{时空复杂度}{subsection.7.10}% 476
\BOOKMARK [2][-]{subsection.7.11}{USACO\040March\040Contest\0402012,\040Cows\040in\040a\040Skyscrape}{section.7}% 477
\BOOKMARK [3][-]{subsubsection.7.11.1}{题意}{subsection.7.11}% 478
\BOOKMARK [3][-]{subsubsection.7.11.2}{数据范围}{subsection.7.11}% 479
\BOOKMARK [3][-]{subsubsection.7.11.3}{题解}{subsection.7.11}% 480
\BOOKMARK [3][-]{subsubsection.7.11.4}{时空复杂度}{subsection.7.11}% 481
\BOOKMARK [2][-]{subsection.7.12}{Codeforces\040303E\040Random\040Ranking}{section.7}% 482
\BOOKMARK [3][-]{subsubsection.7.12.1}{题意}{subsection.7.12}% 483
\BOOKMARK [3][-]{subsubsection.7.12.2}{数据范围}{subsection.7.12}% 484
\BOOKMARK [3][-]{subsubsection.7.12.3}{题解}{subsection.7.12}% 485
\BOOKMARK [3][-]{subsubsection.7.12.4}{时空复杂度}{subsection.7.12}% 486
\BOOKMARK [1][-]{section.8}{试题泛做8}{}% 487
\BOOKMARK [2][-]{subsection.8.1}{USACO\040December\040Contest\0402005,\040Cow\040Patterns}{section.8}% 488
\BOOKMARK [3][-]{subsubsection.8.1.1}{题意}{subsection.8.1}% 489
\BOOKMARK [3][-]{subsubsection.8.1.2}{数据范围}{subsection.8.1}% 490
\BOOKMARK [3][-]{subsubsection.8.1.3}{题解}{subsection.8.1}% 491
\BOOKMARK [3][-]{subsubsection.8.1.4}{时空复杂度}{subsection.8.1}% 492
\BOOKMARK [2][-]{subsection.8.2}{Codeforces\040331D3\040Escaping\040on\040Beaveractor}{section.8}% 493
\BOOKMARK [3][-]{subsubsection.8.2.1}{题意}{subsection.8.2}% 494
\BOOKMARK [3][-]{subsubsection.8.2.2}{数据范围}{subsection.8.2}% 495
\BOOKMARK [3][-]{subsubsection.8.2.3}{题解}{subsection.8.2}% 496
\BOOKMARK [3][-]{subsubsection.8.2.4}{时空复杂度}{subsection.8.2}% 497
\BOOKMARK [2][-]{subsection.8.3}{Codeforces\040293B\040Distinct\040Paths}{section.8}% 498
\BOOKMARK [3][-]{subsubsection.8.3.1}{题意}{subsection.8.3}% 499
\BOOKMARK [3][-]{subsubsection.8.3.2}{数据范围}{subsection.8.3}% 500
\BOOKMARK [3][-]{subsubsection.8.3.3}{题解}{subsection.8.3}% 501
\BOOKMARK [3][-]{subsubsection.8.3.4}{时空复杂度}{subsection.8.3}% 502
\BOOKMARK [2][-]{subsection.8.4}{USACO\040January\040Contest\0402007,\040Cow\040Schul}{section.8}% 503
\BOOKMARK [3][-]{subsubsection.8.4.1}{数据范围}{subsection.8.4}% 504
\BOOKMARK [3][-]{subsubsection.8.4.2}{题解}{subsection.8.4}% 505
\BOOKMARK [3][-]{subsubsection.8.4.3}{时空复杂度}{subsection.8.4}% 506
\BOOKMARK [2][-]{subsection.8.5}{Codeforces\040316F3\040Suns\040and\040Rays}{section.8}% 507
\BOOKMARK [3][-]{subsubsection.8.5.1}{题意}{subsection.8.5}% 508
\BOOKMARK [3][-]{subsubsection.8.5.2}{数据范围}{subsection.8.5}% 509
\BOOKMARK [3][-]{subsubsection.8.5.3}{题解}{subsection.8.5}% 510
\BOOKMARK [3][-]{subsubsection.8.5.4}{时空复杂度}{subsection.8.5}% 511
\BOOKMARK [2][-]{subsection.8.6}{Codeforces\040354D\040Transferring\040Pyramid}{section.8}% 512
\BOOKMARK [3][-]{subsubsection.8.6.1}{题意}{subsection.8.6}% 513
\BOOKMARK [3][-]{subsubsection.8.6.2}{数据范围}{subsection.8.6}% 514
\BOOKMARK [3][-]{subsubsection.8.6.3}{题解}{subsection.8.6}% 515
\BOOKMARK [3][-]{subsubsection.8.6.4}{时空复杂度}{subsection.8.6}% 516
\BOOKMARK [2][-]{subsection.8.7}{USACO\040March\040Contest\0402013,\040Hill\040Walk}{section.8}% 517
\BOOKMARK [3][-]{subsubsection.8.7.1}{题意}{subsection.8.7}% 518
\BOOKMARK [3][-]{subsubsection.8.7.2}{数据范围}{subsection.8.7}% 519
\BOOKMARK [3][-]{subsubsection.8.7.3}{题解}{subsection.8.7}% 520
\BOOKMARK [3][-]{subsubsection.8.7.4}{时空复杂度}{subsection.8.7}% 521
\BOOKMARK [2][-]{subsection.8.8}{Codeforces\040288E\040Polo\040the\040Penguin\040and\040Lucky\040Numbers}{section.8}% 522
\BOOKMARK [3][-]{subsubsection.8.8.1}{题意}{subsection.8.8}% 523
\BOOKMARK [3][-]{subsubsection.8.8.2}{数据范围}{subsection.8.8}% 524
\BOOKMARK [3][-]{subsubsection.8.8.3}{题解}{subsection.8.8}% 525
\BOOKMARK [3][-]{subsubsection.8.8.4}{时空复杂度}{subsection.8.8}% 526
\BOOKMARK [2][-]{subsection.8.9}{Codeforces\040258D\040Little\040Elephant\040and\040Broken\040Sorting}{section.8}% 527
\BOOKMARK [3][-]{subsubsection.8.9.1}{题意}{subsection.8.9}% 528
\BOOKMARK [3][-]{subsubsection.8.9.2}{数据范围}{subsection.8.9}% 529
\BOOKMARK [3][-]{subsubsection.8.9.3}{题解}{subsection.8.9}% 530
\BOOKMARK [3][-]{subsubsection.8.9.4}{时空复杂度}{subsection.8.9}% 531
\BOOKMARK [2][-]{subsection.8.10}{USACO\040January\040Contest\0402012,Cow\040Run}{section.8}% 532
\BOOKMARK [3][-]{subsubsection.8.10.1}{题意}{subsection.8.10}% 533
\BOOKMARK [3][-]{subsubsection.8.10.2}{数据范围}{subsection.8.10}% 534
\BOOKMARK [3][-]{subsubsection.8.10.3}{题解}{subsection.8.10}% 535
\BOOKMARK [3][-]{subsubsection.8.10.4}{时空复杂度}{subsection.8.10}% 536
\BOOKMARK [2][-]{subsection.8.11}{Codeforces\040240E\040Road\040Repairs}{section.8}% 537
\BOOKMARK [3][-]{subsubsection.8.11.1}{题意}{subsection.8.11}% 538
\BOOKMARK [3][-]{subsubsection.8.11.2}{数据范围}{subsection.8.11}% 539
\BOOKMARK [3][-]{subsubsection.8.11.3}{题解}{subsection.8.11}% 540
\BOOKMARK [3][-]{subsubsection.8.11.4}{时空复杂度}{subsection.8.11}% 541
\BOOKMARK [2][-]{subsection.8.12}{Codeforces\040335D\040Rectangle\040And\040Square}{section.8}% 542
\BOOKMARK [3][-]{subsubsection.8.12.1}{题意}{subsection.8.12}% 543
\BOOKMARK [3][-]{subsubsection.8.12.2}{数据范围}{subsection.8.12}% 544
\BOOKMARK [3][-]{subsubsection.8.12.3}{题解}{subsection.8.12}% 545
\BOOKMARK [3][-]{subsubsection.8.12.4}{时空复杂度}{subsection.8.12}% 546
\BOOKMARK [2][-]{subsection.8.13}{Codeforces\040333C\040Lucky\040Tickets}{section.8}% 547
\BOOKMARK [3][-]{subsubsection.8.13.1}{题意}{subsection.8.13}% 548
\BOOKMARK [3][-]{subsubsection.8.13.2}{数据范围}{subsection.8.13}% 549
\BOOKMARK [3][-]{subsubsection.8.13.3}{题解}{subsection.8.13}% 550
\BOOKMARK [3][-]{subsubsection.8.13.4}{时空复杂度}{subsection.8.13}% 551
\BOOKMARK [2][-]{subsection.8.14}{Codeforces\040311C\040Fetch\040the\040Treasure}{section.8}% 552
\BOOKMARK [3][-]{subsubsection.8.14.1}{题意}{subsection.8.14}% 553
\BOOKMARK [3][-]{subsubsection.8.14.2}{数据范围}{subsection.8.14}% 554
\BOOKMARK [3][-]{subsubsection.8.14.3}{题解}{subsection.8.14}% 555
\BOOKMARK [3][-]{subsubsection.8.14.4}{时空复杂度}{subsection.8.14}% 556
\BOOKMARK [2][-]{subsection.8.15}{Codeforces\040309B\040Context\040Advertising}{section.8}% 557
\BOOKMARK [3][-]{subsubsection.8.15.1}{题意}{subsection.8.15}% 558
\BOOKMARK [3][-]{subsubsection.8.15.2}{数据范围}{subsection.8.15}% 559
\BOOKMARK [3][-]{subsubsection.8.15.3}{题解}{subsection.8.15}% 560
\BOOKMARK [3][-]{subsubsection.8.15.4}{时空复杂度}{subsection.8.15}% 561
\BOOKMARK [1][-]{section.9}{试题泛做9}{}% 562
\BOOKMARK [2][-]{subsection.9.1}{USACO\040Open\040Contest\0402013,\040Figure\040Eight}{section.9}% 563
\BOOKMARK [3][-]{subsubsection.9.1.1}{题意}{subsection.9.1}% 564
\BOOKMARK [3][-]{subsubsection.9.1.2}{数据范围}{subsection.9.1}% 565
\BOOKMARK [3][-]{subsubsection.9.1.3}{题解}{subsection.9.1}% 566
\BOOKMARK [3][-]{subsubsection.9.1.4}{时空复杂度}{subsection.9.1}% 567
\BOOKMARK [2][-]{subsection.9.2}{Codeforces\040273D\040Dima\040and\040Figure}{section.9}% 568
\BOOKMARK [3][-]{subsubsection.9.2.1}{题意}{subsection.9.2}% 569
\BOOKMARK [3][-]{subsubsection.9.2.2}{数据范围}{subsection.9.2}% 570
\BOOKMARK [3][-]{subsubsection.9.2.3}{题解}{subsection.9.2}% 571
\BOOKMARK [3][-]{subsubsection.9.2.4}{时空复杂度}{subsection.9.2}% 572
\BOOKMARK [2][-]{subsection.9.3}{Codeforces\040241F\040Race}{section.9}% 573
\BOOKMARK [3][-]{subsubsection.9.3.1}{数据范围}{subsection.9.3}% 574
\BOOKMARK [3][-]{subsubsection.9.3.2}{题解}{subsection.9.3}% 575
\BOOKMARK [3][-]{subsubsection.9.3.3}{时空复杂度}{subsection.9.3}% 576
\BOOKMARK [2][-]{subsection.9.4}{Codeforces\040311E\040Biologist}{section.9}% 577
\BOOKMARK [3][-]{subsubsection.9.4.1}{题意}{subsection.9.4}% 578
\BOOKMARK [3][-]{subsubsection.9.4.2}{数据范围}{subsection.9.4}% 579
\BOOKMARK [3][-]{subsubsection.9.4.3}{题解}{subsection.9.4}% 580
\BOOKMARK [3][-]{subsubsection.9.4.4}{时空复杂度}{subsection.9.4}% 581
\BOOKMARK [2][-]{subsection.9.5}{Google\040Code\040Jam\040World\040Final\0402013\040D\040Can't\040stop}{section.9}% 582
\BOOKMARK [3][-]{subsubsection.9.5.1}{题意}{subsection.9.5}% 583
\BOOKMARK [3][-]{subsubsection.9.5.2}{数据范围}{subsection.9.5}% 584
\BOOKMARK [3][-]{subsubsection.9.5.3}{题解}{subsection.9.5}% 585
\BOOKMARK [3][-]{subsubsection.9.5.4}{时空复杂度}{subsection.9.5}% 586
\BOOKMARK [2][-]{subsection.9.6}{Google\040Code\040Jam\040World\040Final\0402008\040E\040The\040Year\040of\040Code\040Jam}{section.9}% 587
\BOOKMARK [3][-]{subsubsection.9.6.1}{题意}{subsection.9.6}% 588
\BOOKMARK [3][-]{subsubsection.9.6.2}{数据范围}{subsection.9.6}% 589
\BOOKMARK [3][-]{subsubsection.9.6.3}{题解}{subsection.9.6}% 590
\BOOKMARK [3][-]{subsubsection.9.6.4}{时空复杂度}{subsection.9.6}% 591
\BOOKMARK [2][-]{subsection.9.7}{Codeforces\040251D\040Two\040Sets}{section.9}% 592
\BOOKMARK [3][-]{subsubsection.9.7.1}{题意}{subsection.9.7}% 593
\BOOKMARK [3][-]{subsubsection.9.7.2}{数据范围}{subsection.9.7}% 594
\BOOKMARK [3][-]{subsubsection.9.7.3}{题解}{subsection.9.7}% 595
\BOOKMARK [3][-]{subsubsection.9.7.4}{时空复杂度}{subsection.9.7}% 596
\BOOKMARK [2][-]{subsection.9.8}{Codeforces\040274E\040Mirror\040Room}{section.9}% 597
\BOOKMARK [3][-]{subsubsection.9.8.1}{题意}{subsection.9.8}% 598
\BOOKMARK [3][-]{subsubsection.9.8.2}{数据范围}{subsection.9.8}% 599
\BOOKMARK [3][-]{subsubsection.9.8.3}{题解}{subsection.9.8}% 600
\BOOKMARK [3][-]{subsubsection.9.8.4}{时空复杂度}{subsection.9.8}% 601
\BOOKMARK [2][-]{subsection.9.9}{USACO\040February\040Contest\0402014,\040Airplane\040Boarding}{section.9}% 602
\BOOKMARK [3][-]{subsubsection.9.9.1}{题意}{subsection.9.9}% 603
\BOOKMARK [3][-]{subsubsection.9.9.2}{数据范围}{subsection.9.9}% 604
\BOOKMARK [3][-]{subsubsection.9.9.3}{题解}{subsection.9.9}% 605
\BOOKMARK [3][-]{subsubsection.9.9.4}{时空复杂度}{subsection.9.9}% 606
\BOOKMARK [2][-]{subsection.9.10}{USACO\040Open\040Contest\0402010,\040Triangle\040Counting}{section.9}% 607
\BOOKMARK [3][-]{subsubsection.9.10.1}{题意}{subsection.9.10}% 608
\BOOKMARK [3][-]{subsubsection.9.10.2}{数据范围}{subsection.9.10}% 609
\BOOKMARK [3][-]{subsubsection.9.10.3}{题解}{subsection.9.10}% 610
\BOOKMARK [3][-]{subsubsection.9.10.4}{时空复杂度}{subsection.9.10}% 611
\BOOKMARK [2][-]{subsection.9.11}{Codeforces\040332D\040Theft\040of\040Blueprints}{section.9}% 612
\BOOKMARK [3][-]{subsubsection.9.11.1}{题意}{subsection.9.11}% 613
\BOOKMARK [3][-]{subsubsection.9.11.2}{数据范围}{subsection.9.11}% 614
\BOOKMARK [3][-]{subsubsection.9.11.3}{题解}{subsection.9.11}% 615
\BOOKMARK [3][-]{subsubsection.9.11.4}{时空复杂度}{subsection.9.11}% 616
\BOOKMARK [2][-]{subsection.9.12}{Google\040Code\040Jam\040World\040Final\0402014\040F\040ARAM*}{section.9}% 617
\BOOKMARK [3][-]{subsubsection.9.12.1}{题意}{subsection.9.12}% 618
\BOOKMARK [3][-]{subsubsection.9.12.2}{数据范围}{subsection.9.12}% 619
\BOOKMARK [3][-]{subsubsection.9.12.3}{题解}{subsection.9.12}% 620
\BOOKMARK [3][-]{subsubsection.9.12.4}{时间复杂度}{subsection.9.12}% 621
\BOOKMARK [2][-]{subsection.9.13}{Codeforces\040305D\040Olya\040and\040Graph}{section.9}% 622
\BOOKMARK [3][-]{subsubsection.9.13.1}{题意}{subsection.9.13}% 623
\BOOKMARK [3][-]{subsubsection.9.13.2}{数据范围}{subsection.9.13}% 624
\BOOKMARK [3][-]{subsubsection.9.13.3}{题解}{subsection.9.13}% 625
\BOOKMARK [3][-]{subsubsection.9.13.4}{时空复杂度}{subsection.9.13}% 626
\BOOKMARK [2][-]{subsection.9.14}{Codeforces\040348E\040Pilgrims}{section.9}% 627
\BOOKMARK [3][-]{subsubsection.9.14.1}{题意}{subsection.9.14}% 628
\BOOKMARK [3][-]{subsubsection.9.14.2}{数据范围}{subsection.9.14}% 629
\BOOKMARK [3][-]{subsubsection.9.14.3}{题解}{subsection.9.14}% 630
\BOOKMARK [3][-]{subsubsection.9.14.4}{时空复杂度}{subsection.9.14}% 631
\BOOKMARK [2][-]{subsection.9.15}{Google\040Code\040Jam\040World\040Final\0402013\040C\040X\040Marks\040the\040Spot*}{section.9}% 632
\BOOKMARK [3][-]{subsubsection.9.15.1}{题意}{subsection.9.15}% 633
\BOOKMARK [3][-]{subsubsection.9.15.2}{数据范围}{subsection.9.15}% 634
\BOOKMARK [3][-]{subsubsection.9.15.3}{题解}{subsection.9.15}% 635
\BOOKMARK [3][-]{subsubsection.9.15.4}{时空复杂度}{subsection.9.15}% 636
\BOOKMARK [1][-]{section.10}{试题泛做10}{}% 637
\BOOKMARK [2][-]{subsection.10.1}{Google\040Code\040Jam\040World\040Final\0402012\040D\040Twirling\040Towards\040Freedom*}{section.10}% 638
\BOOKMARK [3][-]{subsubsection.10.1.1}{题意}{subsection.10.1}% 639
\BOOKMARK [3][-]{subsubsection.10.1.2}{数据范围}{subsection.10.1}% 640
\BOOKMARK [3][-]{subsubsection.10.1.3}{题解}{subsection.10.1}% 641
\BOOKMARK [3][-]{subsubsection.10.1.4}{时空复杂度}{subsection.10.1}% 642
\BOOKMARK [2][-]{subsection.10.2}{USACO\040March\040Contest\0402010,\040StarCowraft}{section.10}% 643
\BOOKMARK [3][-]{subsubsection.10.2.1}{题意}{subsection.10.2}% 644
\BOOKMARK [3][-]{subsubsection.10.2.2}{数据范围}{subsection.10.2}% 645
\BOOKMARK [3][-]{subsubsection.10.2.3}{题解}{subsection.10.2}% 646
\BOOKMARK [3][-]{subsubsection.10.2.4}{时空复杂度}{subsection.10.2}% 647
\BOOKMARK [2][-]{subsection.10.3}{Codeforces\040343E\040Pumping\040Stations}{section.10}% 648
\BOOKMARK [3][-]{subsubsection.10.3.1}{题意}{subsection.10.3}% 649
\BOOKMARK [3][-]{subsubsection.10.3.2}{数据范围}{subsection.10.3}% 650
\BOOKMARK [3][-]{subsubsection.10.3.3}{题解}{subsection.10.3}% 651
\BOOKMARK [3][-]{subsubsection.10.3.4}{时空复杂度}{subsection.10.3}% 652
\BOOKMARK [2][-]{subsection.10.4}{Codeforces\040286E\040Ladies'\040Shop}{section.10}% 653
\BOOKMARK [3][-]{subsubsection.10.4.1}{题意}{subsection.10.4}% 654
\BOOKMARK [3][-]{subsubsection.10.4.2}{数据范围}{subsection.10.4}% 655
\BOOKMARK [3][-]{subsubsection.10.4.3}{题解}{subsection.10.4}% 656
\BOOKMARK [3][-]{subsubsection.10.4.4}{时空复杂度}{subsection.10.4}% 657
\BOOKMARK [2][-]{subsection.10.5}{Codeforces\040341E\040Candies\040Game*}{section.10}% 658
\BOOKMARK [3][-]{subsubsection.10.5.1}{题意}{subsection.10.5}% 659
\BOOKMARK [3][-]{subsubsection.10.5.2}{数据范围}{subsection.10.5}% 660
\BOOKMARK [3][-]{subsubsection.10.5.3}{题解}{subsection.10.5}% 661
\BOOKMARK [3][-]{subsubsection.10.5.4}{时空复杂度}{subsection.10.5}% 662
\BOOKMARK [2][-]{subsection.10.6}{Codeforces\040346E\040Doodle\040Jump*}{section.10}% 663
\BOOKMARK [3][-]{subsubsection.10.6.1}{题意}{subsection.10.6}% 664
\BOOKMARK [3][-]{subsubsection.10.6.2}{数据范围}{subsection.10.6}% 665
\BOOKMARK [3][-]{subsubsection.10.6.3}{题解}{subsection.10.6}% 666
\BOOKMARK [3][-]{subsubsection.10.6.4}{时空复杂度}{subsection.10.6}% 667
\BOOKMARK [2][-]{subsection.10.7}{Codeforces\040256D\040Liars\040and\040Serge}{section.10}% 668
\BOOKMARK [3][-]{subsubsection.10.7.1}{题意}{subsection.10.7}% 669
\BOOKMARK [3][-]{subsubsection.10.7.2}{数据范围}{subsection.10.7}% 670
\BOOKMARK [3][-]{subsubsection.10.7.3}{题解}{subsection.10.7}% 671
\BOOKMARK [3][-]{subsubsection.10.7.4}{时空复杂度}{subsection.10.7}% 672
\BOOKMARK [2][-]{subsection.10.8}{Codeforces\040325E\040The\040Red\040Button}{section.10}% 673
\BOOKMARK [3][-]{subsubsection.10.8.1}{题意}{subsection.10.8}% 674
\BOOKMARK [3][-]{subsubsection.10.8.2}{数据范围}{subsection.10.8}% 675
\BOOKMARK [3][-]{subsubsection.10.8.3}{题解}{subsection.10.8}% 676
\BOOKMARK [3][-]{subsubsection.10.8.4}{时空复杂度}{subsection.10.8}% 677
\BOOKMARK [2][-]{subsection.10.9}{Codeforces\040309E\040Fence}{section.10}% 678
\BOOKMARK [3][-]{subsubsection.10.9.1}{题意}{subsection.10.9}% 679
\BOOKMARK [3][-]{subsubsection.10.9.2}{数据范围}{subsection.10.9}% 680
\BOOKMARK [3][-]{subsubsection.10.9.3}{题解}{subsection.10.9}% 681
\BOOKMARK [3][-]{subsubsection.10.9.4}{时空复杂度}{subsection.10.9}% 682
\BOOKMARK [2][-]{subsection.10.10}{USACO\040December\040Contest\0402008,Fence}{section.10}% 683
\BOOKMARK [3][-]{subsubsection.10.10.1}{题意}{subsection.10.10}% 684
\BOOKMARK [3][-]{subsubsection.10.10.2}{数据范围}{subsection.10.10}% 685
\BOOKMARK [3][-]{subsubsection.10.10.3}{题解}{subsection.10.10}% 686
\BOOKMARK [3][-]{subsubsection.10.10.4}{时空复杂度}{subsection.10.10}% 687
\BOOKMARK [2][-]{subsection.10.11}{Codeforces\040241E\040Flights}{section.10}% 688
\BOOKMARK [3][-]{subsubsection.10.11.1}{题意}{subsection.10.11}% 689
\BOOKMARK [3][-]{subsubsection.10.11.2}{数据范围}{subsection.10.11}% 690
\BOOKMARK [3][-]{subsubsection.10.11.3}{题解}{subsection.10.11}% 691
\BOOKMARK [3][-]{subsubsection.10.11.4}{时空复杂度}{subsection.10.11}% 692
\BOOKMARK [2][-]{subsection.10.12}{Google\040Code\040Jam\040World\040Final\0402013\040A\040Graduation\040Requirements}{section.10}% 693
\BOOKMARK [3][-]{subsubsection.10.12.1}{题意}{subsection.10.12}% 694
\BOOKMARK [3][-]{subsubsection.10.12.2}{数据范围}{subsection.10.12}% 695
\BOOKMARK [3][-]{subsubsection.10.12.3}{题解}{subsection.10.12}% 696
\BOOKMARK [3][-]{subsubsection.10.12.4}{时空复杂度}{subsection.10.12}% 697
\BOOKMARK [2][-]{subsection.10.13}{Google\040Code\040Jam\040World\040Final\0402011\040A\040Runs}{section.10}% 698
\BOOKMARK [3][-]{subsubsection.10.13.1}{题意}{subsection.10.13}% 699
\BOOKMARK [3][-]{subsubsection.10.13.2}{数据范围}{subsection.10.13}% 700
\BOOKMARK [3][-]{subsubsection.10.13.3}{题解}{subsection.10.13}% 701
\BOOKMARK [3][-]{subsubsection.10.13.4}{时空复杂度}{subsection.10.13}% 702
\BOOKMARK [2][-]{subsection.10.14}{USACO\040March\040Contest\0402009,\040Cleaning\040Up}{section.10}% 703
\BOOKMARK [3][-]{subsubsection.10.14.1}{题意}{subsection.10.14}% 704
\BOOKMARK [3][-]{subsubsection.10.14.2}{数据范围}{subsection.10.14}% 705
\BOOKMARK [3][-]{subsubsection.10.14.3}{题解}{subsection.10.14}% 706
\BOOKMARK [3][-]{subsubsection.10.14.4}{时空复杂度}{subsection.10.14}% 707
\BOOKMARK [2][-]{subsection.10.15}{Codeforces\040316D\040PE\040lesson}{section.10}% 708
\BOOKMARK [3][-]{subsubsection.10.15.1}{题意}{subsection.10.15}% 709
\BOOKMARK [3][-]{subsubsection.10.15.2}{数据范围}{subsection.10.15}% 710
\BOOKMARK [3][-]{subsubsection.10.15.3}{题解}{subsection.10.15}% 711
\BOOKMARK [3][-]{subsubsection.10.15.4}{时空复杂度}{subsection.10.15}% 712
\BOOKMARK [1][-]{section.11}{试题泛做11  14}{}% 713
\BOOKMARK [2][-]{subsection.11.1}{Codeforces\040235D\040Graph\040Game}{section.11}% 714
\BOOKMARK [3][-]{subsubsection.11.1.1}{题意}{subsection.11.1}% 715
\BOOKMARK [3][-]{subsubsection.11.1.2}{数据范围}{subsection.11.1}% 716
\BOOKMARK [3][-]{subsubsection.11.1.3}{题解}{subsection.11.1}% 717
\BOOKMARK [3][-]{subsubsection.11.1.4}{时空复杂度}{subsection.11.1}% 718
\BOOKMARK [2][-]{subsection.11.2}{Google\040Code\040Jam\040World\040Final\0402009\040B\040Min\040Perimeter}{section.11}% 719
\BOOKMARK [3][-]{subsubsection.11.2.1}{题意}{subsection.11.2}% 720
\BOOKMARK [3][-]{subsubsection.11.2.2}{数据范围}{subsection.11.2}% 721
\BOOKMARK [3][-]{subsubsection.11.2.3}{题解}{subsection.11.2}% 722
\BOOKMARK [3][-]{subsubsection.11.2.4}{时空复杂度}{subsection.11.2}% 723
\BOOKMARK [2][-]{subsection.11.3}{Codeforces\040267C\040Berland\040Traffic}{section.11}% 724
\BOOKMARK [3][-]{subsubsection.11.3.1}{题意}{subsection.11.3}% 725
\BOOKMARK [3][-]{subsubsection.11.3.2}{数据范围}{subsection.11.3}% 726
\BOOKMARK [3][-]{subsubsection.11.3.3}{题解}{subsection.11.3}% 727
\BOOKMARK [3][-]{subsubsection.11.3.4}{时空复杂度}{subsection.11.3}% 728
\BOOKMARK [2][-]{subsection.11.4}{Codeforces\040261D\040Maxim\040and\040Increasing\040Subsequence}{section.11}% 729
\BOOKMARK [3][-]{subsubsection.11.4.1}{题意}{subsection.11.4}% 730
\BOOKMARK [3][-]{subsubsection.11.4.2}{数据范围}{subsection.11.4}% 731
\BOOKMARK [3][-]{subsubsection.11.4.3}{题解}{subsection.11.4}% 732
\BOOKMARK [3][-]{subsubsection.11.4.4}{时空复杂度}{subsection.11.4}% 733
\BOOKMARK [2][-]{subsection.11.5}{Codeforces\040329E\040Evil}{section.11}% 734
\BOOKMARK [3][-]{subsubsection.11.5.1}{题意}{subsection.11.5}% 735
\BOOKMARK [3][-]{subsubsection.11.5.2}{数据范围}{subsection.11.5}% 736
\BOOKMARK [3][-]{subsubsection.11.5.3}{题解}{subsection.11.5}% 737
\BOOKMARK [3][-]{subsubsection.11.5.4}{时空复杂度}{subsection.11.5}% 738
\BOOKMARK [2][-]{subsection.11.6}{USACO\040January\040Contest\0402011,Bottleneck}{section.11}% 739
\BOOKMARK [3][-]{subsubsection.11.6.1}{题意}{subsection.11.6}% 740
\BOOKMARK [3][-]{subsubsection.11.6.2}{数据范围}{subsection.11.6}% 741
\BOOKMARK [3][-]{subsubsection.11.6.3}{题解}{subsection.11.6}% 742
\BOOKMARK [3][-]{subsubsection.11.6.4}{时空复杂度}{subsection.11.6}% 743
\BOOKMARK [2][-]{subsection.11.7}{Codeforces\040253E\040Printer}{section.11}% 744
\BOOKMARK [3][-]{subsubsection.11.7.1}{题意}{subsection.11.7}% 745
\BOOKMARK [3][-]{subsubsection.11.7.2}{数据范围}{subsection.11.7}% 746
\BOOKMARK [3][-]{subsubsection.11.7.3}{题解}{subsection.11.7}% 747
\BOOKMARK [3][-]{subsubsection.11.7.4}{时空复杂度}{subsection.11.7}% 748
\BOOKMARK [2][-]{subsection.11.8}{Google\040Code\040Jam\040World\040Final\0402009\040D\040Wi-fi\040Towers}{section.11}% 749
\BOOKMARK [3][-]{subsubsection.11.8.1}{题意}{subsection.11.8}% 750
\BOOKMARK [3][-]{subsubsection.11.8.2}{数据范围}{subsection.11.8}% 751
\BOOKMARK [3][-]{subsubsection.11.8.3}{题解}{subsection.11.8}% 752
\BOOKMARK [3][-]{subsubsection.11.8.4}{时空复杂度}{subsection.11.8}% 753
\BOOKMARK [2][-]{subsection.11.9}{Codeforces\040241D\040Numbers}{section.11}% 754
\BOOKMARK [3][-]{subsubsection.11.9.1}{题意}{subsection.11.9}% 755
\BOOKMARK [3][-]{subsubsection.11.9.2}{数据范围}{subsection.11.9}% 756
\BOOKMARK [3][-]{subsubsection.11.9.3}{题解}{subsection.11.9}% 757
\BOOKMARK [3][-]{subsubsection.11.9.4}{时空复杂度}{subsection.11.9}% 758
\BOOKMARK [2][-]{subsection.11.10}{Codeforces\040319E\040Ping-Pong}{section.11}% 759
\BOOKMARK [3][-]{subsubsection.11.10.1}{题意}{subsection.11.10}% 760
\BOOKMARK [3][-]{subsubsection.11.10.2}{数据范围}{subsection.11.10}% 761
\BOOKMARK [3][-]{subsubsection.11.10.3}{题解}{subsection.11.10}% 762
\BOOKMARK [3][-]{subsubsection.11.10.4}{时空复杂度}{subsection.11.10}% 763
\BOOKMARK [2][-]{subsection.11.11}{Codeforces\040306D\040Polygon}{section.11}% 764
\BOOKMARK [3][-]{subsubsection.11.11.1}{题意}{subsection.11.11}% 765
\BOOKMARK [3][-]{subsubsection.11.11.2}{数据范围}{subsection.11.11}% 766
\BOOKMARK [3][-]{subsubsection.11.11.3}{题解}{subsection.11.11}% 767
\BOOKMARK [3][-]{subsubsection.11.11.4}{时空复杂度}{subsection.11.11}% 768
