105563.7286772392
3568358.5500302794
1511153.6341524802
163570.5089940693
22646306.3630007654
253953.0208724453
77843.1490919194
11571520.4625312537
26136714.3857244514
158643.6090000080
1601998.5083722693
10550145.6759099513
36395.5035923759
20598638.8186665028
12326341.2346472498
250161.5515484879
719737.7313328601
4761288.9656396434
76301.8164784666
18730818.8781865202
13620422.2688771933
102274.1682267297
18791466.9871018194
3054520.1794777033
74107.7610714113
6282989.9069175832
1139490.5500411671
29749.9676350660
7864.0000000000
94901299114.3279724121
