1840.5678289192
1153.5210933792
833.2471764487
662.5182016621
558.1224805927
388.9333562832
397.0168485095
379.8580235454
376.3908213139
326.1790437916
284.5146429414
316.4820667944
246.1287798214
153.3230413910
66.9296153549
11.2447214724
0.3276932396
0.0000000000
0.0000000000
0.0000000000
0.0000000000
0.0000000000
0.0000000000
0.0000000000
0.0000000000
0.0000000000
0.0000000000
0.0000000000
0.0000000000
0.0000000000
0.0000000000
0.0000000000
0.0000000000
0.0000000000
0.0000000000
0.0000000000
0.0000000000
0.0000000000
0.0000000000
0.0000000000
0.0000000000
0.0000000000
0.0000000000
0.0000000000
0.0000000000
0.0000000000
0.0000000000
0.0000000000
0.0000000000
0.0000000000
1501.5540441687
1250.8691580277
1011.6260197303
733.9178474325
595.1690242093
509.3926639724
390.9840006261
378.4756733048
341.3212244044
277.4328657236
164.4094671546
158.6703990382
93.3036235937
40.8439786597
11.2039739765
1.8646381728
0.0493213384
0.0000000000
0.0000000000
0.0000000000
0.0000000000
0.0000000000
0.0000000000
0.0000000000
0.0000000000
0.0000000000
0.0000000000
0.0000000000
0.0000000000
0.0000000000
0.0000000000
0.0000000000
0.0000000000
0.0000000000
0.0000000000
0.0000000000
0.0000000000
0.0000000000
0.0000000000
0.0000000000
0.0000000000
0.0000000000
0.0000000000
0.0000000000
0.0000000000
0.0000000000
0.0000000000
0.0000000000
0.0000000000
0.0000000000
1757.2846405216
1011.3390724709
755.5911874161
766.4734568784
540.6778025419
512.1060153516
283.3487050666
306.7208573042
222.8438683214
225.5612377841
202.8872514013
191.8845718640
173.5911127921
103.1018522574
63.4392077084
23.6937307620
4.4927056105
0.1878280246
0.0000000000
0.0000000000
0.0000000000
0.0000000000
0.0000000000
0.0000000000
0.0000000000
0.0000000000
0.0000000000
0.0000000000
0.0000000000
0.0000000000
0.0000000000
0.0000000000
0.0000000000
0.0000000000
0.0000000000
0.0000000000
0.0000000000
0.0000000000
0.0000000000
0.0000000000
0.0000000000
0.0000000000
0.0000000000
0.0000000000
0.0000000000
0.0000000000
0.0000000000
0.0000000000
0.0000000000
0.0000000000
1129.7723586812
934.5870329373
873.6569175235
637.4501907391
551.2822738199
585.3514871365
530.0735982045
513.1330344036
528.6910053867
376.6650433188
267.2243009616
190.4128769190
128.5145950393
90.3014819577
37.8849026671
5.2004354461
0.0000000000
0.0000000000
0.0000000000
0.0000000000
0.0000000000
0.0000000000
0.0000000000
0.0000000000
0.0000000000
0.0000000000
0.0000000000
0.0000000000
0.0000000000
0.0000000000
0.0000000000
0.0000000000
0.0000000000
0.0000000000
0.0000000000
0.0000000000
0.0000000000
0.0000000000
0.0000000000
0.0000000000
0.0000000000
0.0000000000
0.0000000000
0.0000000000
0.0000000000
0.0000000000
0.0000000000
0.0000000000
0.0000000000
0.0000000000
1617.6582025982
989.6619802248
762.2126016628
612.7105476176
627.4933447756
451.7924487792
363.2732618194
362.4838015865
364.5275347846
456.9063790569
342.2997059356
250.6936773178
142.9913424022
37.9149914863
9.0271874271
0.4997212083
0.0000000000
0.0000000000
0.0000000000
0.0000000000
0.0000000000
0.0000000000
0.0000000000
0.0000000000
0.0000000000
0.0000000000
0.0000000000
0.0000000000
0.0000000000
0.0000000000
0.0000000000
0.0000000000
0.0000000000
0.0000000000
0.0000000000
0.0000000000
0.0000000000
0.0000000000
0.0000000000
0.0000000000
0.0000000000
0.0000000000
0.0000000000
0.0000000000
0.0000000000
0.0000000000
0.0000000000
0.0000000000
0.0000000000
0.0000000000
